[2024-11-06T10:00:45.306+0000] {local_task_job_runner.py:123} INFO - ::group::Pre task execution logs
[2024-11-06T10:00:45.369+0000] {taskinstance.py:2612} INFO - Dependencies all met for dep_context=non-requeueable deps ti=<TaskInstance: dbt_project_dag.dbt_seed scheduled__2024-11-05T00:00:00+00:00 [queued]>
[2024-11-06T10:00:45.388+0000] {taskinstance.py:2612} INFO - Dependencies all met for dep_context=requeueable deps ti=<TaskInstance: dbt_project_dag.dbt_seed scheduled__2024-11-05T00:00:00+00:00 [queued]>
[2024-11-06T10:00:45.388+0000] {taskinstance.py:2865} INFO - Starting attempt 1 of 3
[2024-11-06T10:00:45.413+0000] {taskinstance.py:2888} INFO - Executing <Task(BashOperator): dbt_seed> on 2024-11-05 00:00:00+00:00
[2024-11-06T10:00:45.423+0000] {warnings.py:112} WARNING - /home/***/.local/lib/python3.12/site-packages/***/task/task_runner/standard_task_runner.py:70: DeprecationWarning: This process (pid=81) is multi-threaded, use of fork() may lead to deadlocks in the child.
  pid = os.fork()

[2024-11-06T10:00:45.424+0000] {standard_task_runner.py:72} INFO - Started process 88 to run task
[2024-11-06T10:00:45.431+0000] {standard_task_runner.py:104} INFO - Running: ['***', 'tasks', 'run', 'dbt_project_dag', 'dbt_seed', 'scheduled__2024-11-05T00:00:00+00:00', '--job-id', '151', '--raw', '--subdir', 'DAGS_FOLDER/dbt_project_dag.py', '--cfg-path', '/tmp/tmp7xbivmiv']
[2024-11-06T10:00:45.435+0000] {standard_task_runner.py:105} INFO - Job 151: Subtask dbt_seed
[2024-11-06T10:00:45.541+0000] {task_command.py:467} INFO - Running <TaskInstance: dbt_project_dag.dbt_seed scheduled__2024-11-05T00:00:00+00:00 [running]> on host 9ecf534049e3
[2024-11-06T10:00:45.982+0000] {taskinstance.py:3131} INFO - Exporting env vars: AIRFLOW_CTX_DAG_OWNER='***' AIRFLOW_CTX_DAG_ID='dbt_project_dag' AIRFLOW_CTX_TASK_ID='dbt_seed' AIRFLOW_CTX_EXECUTION_DATE='2024-11-05T00:00:00+00:00' AIRFLOW_CTX_TRY_NUMBER='1' AIRFLOW_CTX_DAG_RUN_ID='scheduled__2024-11-05T00:00:00+00:00'
[2024-11-06T10:00:45.987+0000] {taskinstance.py:731} INFO - ::endgroup::
[2024-11-06T10:00:46.026+0000] {subprocess.py:63} INFO - Tmp dir root location: /tmp
[2024-11-06T10:00:46.027+0000] {subprocess.py:75} INFO - Running command: ['/usr/bin/bash', '-c', 'cd /opt/dbt && dbt seed']
[2024-11-06T10:00:46.048+0000] {subprocess.py:86} INFO - Output:
[2024-11-06T10:00:51.973+0000] {subprocess.py:93} INFO - [0m10:00:51  Running with dbt=1.8.2
[2024-11-06T10:00:53.209+0000] {subprocess.py:93} INFO - [0m10:00:53  Registered adapter: postgres=1.8.2
[2024-11-06T10:00:54.844+0000] {subprocess.py:93} INFO - [0m10:00:54  Found 8 models, 15 seeds, 42 data tests, 541 macros
[2024-11-06T10:00:54.856+0000] {subprocess.py:93} INFO - [0m10:00:54
[2024-11-06T10:00:55.401+0000] {subprocess.py:93} INFO - [0m10:00:55  Concurrency: 12 threads (target='postgres')
[2024-11-06T10:00:55.403+0000] {subprocess.py:93} INFO - [0m10:00:55
[2024-11-06T10:00:55.429+0000] {subprocess.py:93} INFO - [0m10:00:55  1 of 15 START seed file person.address ......................................... [RUN]
[2024-11-06T10:00:55.435+0000] {subprocess.py:93} INFO - [0m10:00:55  2 of 15 START seed file person.countryregion ................................... [RUN]
[2024-11-06T10:00:55.452+0000] {subprocess.py:93} INFO - [0m10:00:55  3 of 15 START seed file sales.creditcard ....................................... [RUN]
[2024-11-06T10:00:55.456+0000] {subprocess.py:93} INFO - [0m10:00:55  4 of 15 START seed file sales.customer ......................................... [RUN]
[2024-11-06T10:00:55.486+0000] {subprocess.py:93} INFO - [0m10:00:55  7 of 15 START seed file production.product ..................................... [RUN]
[2024-11-06T10:00:55.508+0000] {subprocess.py:93} INFO - [0m10:00:55  8 of 15 START seed file production.productcategory ............................. [RUN]
[2024-11-06T10:00:55.533+0000] {subprocess.py:93} INFO - [0m10:00:55  5 of 15 START seed file date.date .............................................. [RUN]
[2024-11-06T10:00:55.554+0000] {subprocess.py:93} INFO - [0m10:00:55  9 of 15 START seed file production.productsubcategory .......................... [RUN]
[2024-11-06T10:00:55.587+0000] {subprocess.py:93} INFO - [0m10:00:55  10 of 15 START seed file sales.salesorderdetail ................................ [RUN]
[2024-11-06T10:00:55.596+0000] {subprocess.py:93} INFO - [0m10:00:55  11 of 15 START seed file sales.salesorderheader ................................ [RUN]
[2024-11-06T10:00:55.636+0000] {subprocess.py:93} INFO - [0m10:00:55  12 of 15 START seed file sales.salesorderheadersalesreason ..................... [RUN]
[2024-11-06T10:00:55.678+0000] {subprocess.py:93} INFO - [0m10:00:55  6 of 15 START seed file person.person .......................................... [RUN]
[2024-11-06T10:01:01.973+0000] {subprocess.py:93} INFO - [0m10:01:01  2 of 15 OK loaded seed file person.countryregion ............................... [[32mINSERT 238[0m in 6.44s]
[2024-11-06T10:01:02.977+0000] {subprocess.py:93} INFO - [0m10:01:02  9 of 15 OK loaded seed file production.productsubcategory ...................... [[32mINSERT 37[0m in 5.96s]
[2024-11-06T10:01:03.314+0000] {subprocess.py:93} INFO - [0m10:01:03  8 of 15 OK loaded seed file production.productcategory ......................... [[32mINSERT 4[0m in 6.55s]
[2024-11-06T10:01:04.236+0000] {subprocess.py:93} INFO - [0m10:01:04  13 of 15 START seed file sales.salesreason ..................................... [RUN]
[2024-11-06T10:01:05.291+0000] {subprocess.py:93} INFO - [0m10:01:05  14 of 15 START seed file person.stateprovince .................................. [RUN]
[2024-11-06T10:01:05.675+0000] {subprocess.py:93} INFO - [0m10:01:05  15 of 15 START seed file sales.store ........................................... [RUN]
[2024-11-06T10:01:12.317+0000] {subprocess.py:93} INFO - [0m10:01:12  5 of 15 OK loaded seed file date.date .......................................... [[32mINSERT 731[0m in 15.63s]
[2024-11-06T10:01:12.420+0000] {subprocess.py:93} INFO - [0m10:01:12  12 of 15 OK loaded seed file sales.salesorderheadersalesreason ................. [[32mINSERT 1710[0m in 15.66s]
[2024-11-06T10:01:14.463+0000] {subprocess.py:93} INFO - [0m10:01:14  7 of 15 OK loaded seed file production.product ................................. [[32mINSERT 504[0m in 18.53s]
[2024-11-06T10:01:15.544+0000] {subprocess.py:93} INFO - [0m10:01:15  1 of 15 OK loaded seed file person.address ..................................... [[32mINSERT 1675[0m in 19.72s]
[2024-11-06T10:01:16.988+0000] {subprocess.py:93} INFO - [0m10:01:16  6 of 15 OK loaded seed file person.person ...................................... [[32mINSERT 2057[0m in 20.75s]
[2024-11-06T10:01:17.641+0000] {subprocess.py:93} INFO - [0m10:01:17  13 of 15 OK loaded seed file sales.salesreason ................................. [[32mINSERT 10[0m in 12.18s]
[2024-11-06T10:01:17.944+0000] {subprocess.py:93} INFO - [0m10:01:17  14 of 15 OK loaded seed file person.stateprovince .............................. [[32mINSERT 181[0m in 11.72s]
[2024-11-06T10:01:18.133+0000] {subprocess.py:93} INFO - [0m10:01:18  15 of 15 OK loaded seed file sales.store ....................................... [[32mINSERT 701[0m in 11.41s]
[2024-11-06T10:01:21.531+0000] {subprocess.py:93} INFO - [0m10:01:21  11 of 15 OK loaded seed file sales.salesorderheader ............................ [[32mINSERT 1566[0m in 25.83s]
[2024-11-06T10:01:30.315+0000] {subprocess.py:93} INFO - [0m10:01:30  10 of 15 OK loaded seed file sales.salesorderdetail ............................ [[32mINSERT 5716[0m in 34.72s]
[2024-11-06T10:01:36.799+0000] {subprocess.py:93} INFO - [0m10:01:36  4 of 15 OK loaded seed file sales.customer ..................................... [[32mINSERT 19820[0m in 41.27s]
[2024-11-06T10:01:40.231+0000] {subprocess.py:93} INFO - [0m10:01:40  3 of 15 OK loaded seed file sales.creditcard ................................... [[32mINSERT 19118[0m in 44.79s]
[2024-11-06T10:01:40.251+0000] {subprocess.py:93} INFO - [0m10:01:40
[2024-11-06T10:01:40.252+0000] {subprocess.py:93} INFO - [0m10:01:40  Finished running 15 seeds in 0 hours 0 minutes and 45.40 seconds (45.40s).
[2024-11-06T10:01:40.325+0000] {subprocess.py:93} INFO - [0m10:01:40
[2024-11-06T10:01:40.325+0000] {subprocess.py:93} INFO - [0m10:01:40  [32mCompleted successfully[0m
[2024-11-06T10:01:40.326+0000] {subprocess.py:93} INFO - [0m10:01:40
[2024-11-06T10:01:40.327+0000] {subprocess.py:93} INFO - [0m10:01:40  Done. PASS=15 WARN=0 ERROR=0 SKIP=0 TOTAL=15
[2024-11-06T10:01:43.725+0000] {subprocess.py:97} INFO - Command exited with return code 0
[2024-11-06T10:01:43.753+0000] {taskinstance.py:340} INFO - ::group::Post task execution logs
[2024-11-06T10:01:43.754+0000] {taskinstance.py:352} INFO - Marking task as SUCCESS. dag_id=dbt_project_dag, task_id=dbt_seed, run_id=scheduled__2024-11-05T00:00:00+00:00, execution_date=20241105T000000, start_date=20241106T100045, end_date=20241106T100143
[2024-11-06T10:01:43.779+0000] {local_task_job_runner.py:266} INFO - Task exited with return code 0
[2024-11-06T10:01:43.813+0000] {taskinstance.py:3900} INFO - 1 downstream tasks scheduled from follow-on schedule check
[2024-11-06T10:01:43.815+0000] {local_task_job_runner.py:245} INFO - ::endgroup::
[2024-11-06T13:11:53.447+0000] {local_task_job_runner.py:123} INFO - ::group::Pre task execution logs
[2024-11-06T13:11:53.472+0000] {taskinstance.py:2612} INFO - Dependencies all met for dep_context=non-requeueable deps ti=<TaskInstance: dbt_project_dag.dbt_seed scheduled__2024-11-05T00:00:00+00:00 [queued]>
[2024-11-06T13:11:53.485+0000] {taskinstance.py:2612} INFO - Dependencies all met for dep_context=requeueable deps ti=<TaskInstance: dbt_project_dag.dbt_seed scheduled__2024-11-05T00:00:00+00:00 [queued]>
[2024-11-06T13:11:53.485+0000] {taskinstance.py:2865} INFO - Starting attempt 1 of 3
[2024-11-06T13:11:53.501+0000] {taskinstance.py:2888} INFO - Executing <Task(BashOperator): dbt_seed> on 2024-11-05 00:00:00+00:00
[2024-11-06T13:11:53.507+0000] {warnings.py:112} WARNING - /home/***/.local/lib/python3.12/site-packages/***/task/task_runner/standard_task_runner.py:70: DeprecationWarning: This process (pid=3327) is multi-threaded, use of fork() may lead to deadlocks in the child.
  pid = os.fork()

[2024-11-06T13:11:53.508+0000] {standard_task_runner.py:72} INFO - Started process 3328 to run task
[2024-11-06T13:11:53.509+0000] {standard_task_runner.py:104} INFO - Running: ['***', 'tasks', 'run', 'dbt_project_dag', 'dbt_seed', 'scheduled__2024-11-05T00:00:00+00:00', '--job-id', '203', '--raw', '--subdir', 'DAGS_FOLDER/dbt_project_dag.py', '--cfg-path', '/tmp/tmphhsl29m4']
[2024-11-06T13:11:53.510+0000] {standard_task_runner.py:105} INFO - Job 203: Subtask dbt_seed
[2024-11-06T13:11:53.562+0000] {task_command.py:467} INFO - Running <TaskInstance: dbt_project_dag.dbt_seed scheduled__2024-11-05T00:00:00+00:00 [running]> on host 9ecf534049e3
[2024-11-06T13:11:53.655+0000] {taskinstance.py:3131} INFO - Exporting env vars: AIRFLOW_CTX_DAG_OWNER='***' AIRFLOW_CTX_DAG_ID='dbt_project_dag' AIRFLOW_CTX_TASK_ID='dbt_seed' AIRFLOW_CTX_EXECUTION_DATE='2024-11-05T00:00:00+00:00' AIRFLOW_CTX_TRY_NUMBER='1' AIRFLOW_CTX_DAG_RUN_ID='scheduled__2024-11-05T00:00:00+00:00'
[2024-11-06T13:11:53.656+0000] {taskinstance.py:731} INFO - ::endgroup::
[2024-11-06T13:11:53.676+0000] {subprocess.py:63} INFO - Tmp dir root location: /tmp
[2024-11-06T13:11:53.676+0000] {subprocess.py:75} INFO - Running command: ['/usr/bin/bash', '-c', 'cd /opt/dbt && dbt seed']
[2024-11-06T13:11:53.687+0000] {subprocess.py:86} INFO - Output:
[2024-11-06T13:11:56.815+0000] {subprocess.py:93} INFO - [0m13:11:56  Running with dbt=1.8.2
[2024-11-06T13:11:57.199+0000] {subprocess.py:93} INFO - [0m13:11:57  Registered adapter: postgres=1.8.2
[2024-11-06T13:11:57.826+0000] {subprocess.py:93} INFO - [0m13:11:57  Found 8 models, 15 seeds, 42 data tests, 541 macros
[2024-11-06T13:11:57.832+0000] {subprocess.py:93} INFO - [0m13:11:57
[2024-11-06T13:11:58.171+0000] {subprocess.py:93} INFO - [0m13:11:58  Concurrency: 12 threads (target='postgres')
[2024-11-06T13:11:58.172+0000] {subprocess.py:93} INFO - [0m13:11:58
[2024-11-06T13:11:58.191+0000] {subprocess.py:93} INFO - [0m13:11:58  1 of 15 START seed file person.address ......................................... [RUN]
[2024-11-06T13:11:58.193+0000] {subprocess.py:93} INFO - [0m13:11:58  2 of 15 START seed file person.countryregion ................................... [RUN]
[2024-11-06T13:11:58.199+0000] {subprocess.py:93} INFO - [0m13:11:58  3 of 15 START seed file sales.creditcard ....................................... [RUN]
[2024-11-06T13:11:58.207+0000] {subprocess.py:93} INFO - [0m13:11:58  4 of 15 START seed file sales.customer ......................................... [RUN]
[2024-11-06T13:11:58.209+0000] {subprocess.py:93} INFO - [0m13:11:58  5 of 15 START seed file date.date .............................................. [RUN]
[2024-11-06T13:11:58.213+0000] {subprocess.py:93} INFO - [0m13:11:58  6 of 15 START seed file person.person .......................................... [RUN]
[2024-11-06T13:11:58.214+0000] {subprocess.py:93} INFO - [0m13:11:58  7 of 15 START seed file production.product ..................................... [RUN]
[2024-11-06T13:11:58.216+0000] {subprocess.py:93} INFO - [0m13:11:58  8 of 15 START seed file production.productcategory ............................. [RUN]
[2024-11-06T13:11:58.218+0000] {subprocess.py:93} INFO - [0m13:11:58  9 of 15 START seed file production.productsubcategory .......................... [RUN]
[2024-11-06T13:11:58.219+0000] {subprocess.py:93} INFO - [0m13:11:58  10 of 15 START seed file sales.salesorderdetail ................................ [RUN]
[2024-11-06T13:11:58.221+0000] {subprocess.py:93} INFO - [0m13:11:58  11 of 15 START seed file sales.salesorderheader ................................ [RUN]
[2024-11-06T13:11:58.222+0000] {subprocess.py:93} INFO - [0m13:11:58  12 of 15 START seed file sales.salesorderheadersalesreason ..................... [RUN]
[2024-11-06T13:12:02.980+0000] {subprocess.py:93} INFO - [0m13:12:02  2 of 15 OK loaded seed file person.countryregion ............................... [[32mINSERT 238[0m in 4.69s]
[2024-11-06T13:12:03.152+0000] {subprocess.py:93} INFO - [0m13:12:03  8 of 15 OK loaded seed file production.productcategory ......................... [[32mINSERT 4[0m in 4.50s]
[2024-11-06T13:12:04.183+0000] {subprocess.py:93} INFO - [0m13:12:04  13 of 15 START seed file sales.salesreason ..................................... [RUN]
[2024-11-06T13:12:04.938+0000] {subprocess.py:93} INFO - [0m13:12:04  14 of 15 START seed file person.stateprovince .................................. [RUN]
[2024-11-06T13:12:05.426+0000] {subprocess.py:93} INFO - [0m13:12:05  9 of 15 OK loaded seed file production.productsubcategory ...................... [[32mINSERT 37[0m in 6.84s]
[2024-11-06T13:12:07.073+0000] {subprocess.py:93} INFO - [0m13:12:07  15 of 15 START seed file sales.store ........................................... [RUN]
[2024-11-06T13:12:12.167+0000] {subprocess.py:93} INFO - [0m13:12:12  12 of 15 OK loaded seed file sales.salesorderheadersalesreason ................. [[32mINSERT 1710[0m in 13.33s]
[2024-11-06T13:12:13.207+0000] {subprocess.py:93} INFO - [0m13:12:13  5 of 15 OK loaded seed file date.date .......................................... [[32mINSERT 731[0m in 14.08s]
[2024-11-06T13:12:15.955+0000] {subprocess.py:93} INFO - [0m13:12:15  13 of 15 OK loaded seed file sales.salesreason ................................. [[32mINSERT 10[0m in 10.65s]
[2024-11-06T13:12:16.668+0000] {subprocess.py:93} INFO - [0m13:12:16  14 of 15 OK loaded seed file person.stateprovince .............................. [[32mINSERT 181[0m in 11.02s]
[2024-11-06T13:12:17.146+0000] {subprocess.py:93} INFO - [0m13:12:17  7 of 15 OK loaded seed file production.product ................................. [[32mINSERT 504[0m in 18.59s]
[2024-11-06T13:12:18.031+0000] {subprocess.py:93} INFO - [0m13:12:18  1 of 15 OK loaded seed file person.address ..................................... [[32mINSERT 1675[0m in 19.83s]
[2024-11-06T13:12:18.523+0000] {subprocess.py:93} INFO - [0m13:12:18  15 of 15 OK loaded seed file sales.store ....................................... [[32mINSERT 701[0m in 10.76s]
[2024-11-06T13:12:19.174+0000] {subprocess.py:93} INFO - [0m13:12:19  6 of 15 OK loaded seed file person.person ...................................... [[32mINSERT 2057[0m in 20.89s]
[2024-11-06T13:12:27.837+0000] {subprocess.py:93} INFO - [0m13:12:27  11 of 15 OK loaded seed file sales.salesorderheader ............................ [[32mINSERT 1566[0m in 29.58s]
[2024-11-06T13:12:31.279+0000] {subprocess.py:93} INFO - [0m13:12:31  10 of 15 OK loaded seed file sales.salesorderdetail ............................ [[32mINSERT 5716[0m in 33.04s]
[2024-11-06T13:12:40.239+0000] {subprocess.py:93} INFO - [0m13:12:40  4 of 15 OK loaded seed file sales.customer ..................................... [[32mINSERT 19820[0m in 42.01s]
[2024-11-06T13:12:44.121+0000] {subprocess.py:93} INFO - [0m13:12:44  3 of 15 OK loaded seed file sales.creditcard ................................... [[32mINSERT 19118[0m in 45.91s]
[2024-11-06T13:12:44.141+0000] {subprocess.py:93} INFO - [0m13:12:44
[2024-11-06T13:12:44.142+0000] {subprocess.py:93} INFO - [0m13:12:44  Finished running 15 seeds in 0 hours 0 minutes and 46.31 seconds (46.31s).
[2024-11-06T13:12:44.309+0000] {subprocess.py:93} INFO - [0m13:12:44
[2024-11-06T13:12:44.310+0000] {subprocess.py:93} INFO - [0m13:12:44  [32mCompleted successfully[0m
[2024-11-06T13:12:44.312+0000] {subprocess.py:93} INFO - [0m13:12:44
[2024-11-06T13:12:44.313+0000] {subprocess.py:93} INFO - [0m13:12:44  Done. PASS=15 WARN=0 ERROR=0 SKIP=0 TOTAL=15
[2024-11-06T13:12:46.662+0000] {subprocess.py:97} INFO - Command exited with return code 0
[2024-11-06T13:12:46.690+0000] {taskinstance.py:340} INFO - ::group::Post task execution logs
[2024-11-06T13:12:46.690+0000] {taskinstance.py:352} INFO - Marking task as SUCCESS. dag_id=dbt_project_dag, task_id=dbt_seed, run_id=scheduled__2024-11-05T00:00:00+00:00, execution_date=20241105T000000, start_date=20241106T131153, end_date=20241106T131246
[2024-11-06T13:12:46.733+0000] {local_task_job_runner.py:266} INFO - Task exited with return code 0
[2024-11-06T13:12:46.767+0000] {taskinstance.py:3900} INFO - 1 downstream tasks scheduled from follow-on schedule check
[2024-11-06T13:12:46.769+0000] {local_task_job_runner.py:245} INFO - ::endgroup::
