[2024-11-05T13:39:07.528+0000] {local_task_job_runner.py:123} INFO - ::group::Pre task execution logs
[2024-11-05T13:39:07.559+0000] {taskinstance.py:2612} INFO - Dependencies all met for dep_context=non-requeueable deps ti=<TaskInstance: dbt_project_dag.dbt_deps manual__2024-11-05T13:39:05.506696+00:00 [queued]>
[2024-11-05T13:39:07.571+0000] {taskinstance.py:2612} INFO - Dependencies all met for dep_context=requeueable deps ti=<TaskInstance: dbt_project_dag.dbt_deps manual__2024-11-05T13:39:05.506696+00:00 [queued]>
[2024-11-05T13:39:07.571+0000] {taskinstance.py:2865} INFO - Starting attempt 1 of 3
[2024-11-05T13:39:07.590+0000] {taskinstance.py:2888} INFO - Executing <Task(BashOperator): dbt_deps> on 2024-11-05 13:39:05.506696+00:00
[2024-11-05T13:39:07.599+0000] {warnings.py:112} WARNING - /home/***/.local/lib/python3.12/site-packages/***/task/task_runner/standard_task_runner.py:70: DeprecationWarning: This process (pid=93) is multi-threaded, use of fork() may lead to deadlocks in the child.
  pid = os.fork()

[2024-11-05T13:39:07.601+0000] {standard_task_runner.py:72} INFO - Started process 94 to run task
[2024-11-05T13:39:07.602+0000] {standard_task_runner.py:104} INFO - Running: ['***', 'tasks', 'run', 'dbt_project_dag', 'dbt_deps', 'manual__2024-11-05T13:39:05.506696+00:00', '--job-id', '91', '--raw', '--subdir', 'DAGS_FOLDER/dbt_project_dag.py', '--cfg-path', '/tmp/tmpho50v97g']
[2024-11-05T13:39:07.603+0000] {standard_task_runner.py:105} INFO - Job 91: Subtask dbt_deps
[2024-11-05T13:39:07.659+0000] {task_command.py:467} INFO - Running <TaskInstance: dbt_project_dag.dbt_deps manual__2024-11-05T13:39:05.506696+00:00 [running]> on host bbd20199defe
[2024-11-05T13:39:07.762+0000] {taskinstance.py:3131} INFO - Exporting env vars: AIRFLOW_CTX_DAG_OWNER='***' AIRFLOW_CTX_DAG_ID='dbt_project_dag' AIRFLOW_CTX_TASK_ID='dbt_deps' AIRFLOW_CTX_EXECUTION_DATE='2024-11-05T13:39:05.506696+00:00' AIRFLOW_CTX_TRY_NUMBER='1' AIRFLOW_CTX_DAG_RUN_ID='manual__2024-11-05T13:39:05.506696+00:00'
[2024-11-05T13:39:07.763+0000] {taskinstance.py:731} INFO - ::endgroup::
[2024-11-05T13:39:07.810+0000] {subprocess.py:63} INFO - Tmp dir root location: /tmp
[2024-11-05T13:39:07.812+0000] {subprocess.py:75} INFO - Running command: ['/usr/bin/bash', '-c', 'cd /opt/dbt && dbt deps']
[2024-11-05T13:39:07.826+0000] {subprocess.py:86} INFO - Output:
[2024-11-05T13:39:12.289+0000] {subprocess.py:93} INFO - [0m13:39:12  Running with dbt=1.8.2
[2024-11-05T13:39:14.013+0000] {subprocess.py:93} INFO - [0m13:39:14  Installing dbt-labs/dbt_utils
[2024-11-05T13:39:15.102+0000] {subprocess.py:93} INFO - [0m13:39:15  Installed from version 1.0.0
[2024-11-05T13:39:15.103+0000] {subprocess.py:93} INFO - [0m13:39:15  Updated version available: 1.3.0
[2024-11-05T13:39:15.105+0000] {subprocess.py:93} INFO - [0m13:39:15
[2024-11-05T13:39:15.107+0000] {subprocess.py:93} INFO - [0m13:39:15  Updates available for packages: ['dbt-labs/dbt_utils']
[2024-11-05T13:39:15.108+0000] {subprocess.py:93} INFO - Update your versions in packages.yml, then run dbt deps
[2024-11-05T13:39:17.066+0000] {subprocess.py:97} INFO - Command exited with return code 0
[2024-11-05T13:39:17.092+0000] {taskinstance.py:340} INFO - ::group::Post task execution logs
[2024-11-05T13:39:17.092+0000] {taskinstance.py:352} INFO - Marking task as SUCCESS. dag_id=dbt_project_dag, task_id=dbt_deps, run_id=manual__2024-11-05T13:39:05.506696+00:00, execution_date=20241105T133905, start_date=20241105T133907, end_date=20241105T133917
[2024-11-05T13:39:17.140+0000] {local_task_job_runner.py:266} INFO - Task exited with return code 0
[2024-11-05T13:39:17.178+0000] {taskinstance.py:3900} INFO - 1 downstream tasks scheduled from follow-on schedule check
[2024-11-05T13:39:17.180+0000] {local_task_job_runner.py:245} INFO - ::endgroup::
