[2024-11-06T12:05:55.289+0000] {local_task_job_runner.py:123} INFO - ::group::Pre task execution logs
[2024-11-06T12:05:55.325+0000] {taskinstance.py:2612} INFO - Dependencies all met for dep_context=non-requeueable deps ti=<TaskInstance: dbt_project_with_ge_dag.dbt_deps manual__2024-11-06T12:05:53.813585+00:00 [queued]>
[2024-11-06T12:05:55.342+0000] {taskinstance.py:2612} INFO - Dependencies all met for dep_context=requeueable deps ti=<TaskInstance: dbt_project_with_ge_dag.dbt_deps manual__2024-11-06T12:05:53.813585+00:00 [queued]>
[2024-11-06T12:05:55.343+0000] {taskinstance.py:2865} INFO - Starting attempt 1 of 3
[2024-11-06T12:05:55.374+0000] {taskinstance.py:2888} INFO - Executing <Task(BashOperator): dbt_deps> on 2024-11-06 12:05:53.813585+00:00
[2024-11-06T12:05:55.385+0000] {warnings.py:112} WARNING - /home/***/.local/lib/python3.12/site-packages/***/task/task_runner/standard_task_runner.py:70: DeprecationWarning: This process (pid=1915) is multi-threaded, use of fork() may lead to deadlocks in the child.
  pid = os.fork()

[2024-11-06T12:05:55.387+0000] {standard_task_runner.py:72} INFO - Started process 1916 to run task
[2024-11-06T12:05:55.387+0000] {standard_task_runner.py:104} INFO - Running: ['***', 'tasks', 'run', 'dbt_project_with_ge_dag', 'dbt_deps', 'manual__2024-11-06T12:05:53.813585+00:00', '--job-id', '168', '--raw', '--subdir', 'DAGS_FOLDER/dbt_project_dag.py', '--cfg-path', '/tmp/tmptycubmj6']
[2024-11-06T12:05:55.388+0000] {standard_task_runner.py:105} INFO - Job 168: Subtask dbt_deps
[2024-11-06T12:05:55.462+0000] {task_command.py:467} INFO - Running <TaskInstance: dbt_project_with_ge_dag.dbt_deps manual__2024-11-06T12:05:53.813585+00:00 [running]> on host 9ecf534049e3
[2024-11-06T12:05:55.586+0000] {taskinstance.py:3131} INFO - Exporting env vars: AIRFLOW_CTX_DAG_OWNER='***' AIRFLOW_CTX_DAG_ID='dbt_project_with_ge_dag' AIRFLOW_CTX_TASK_ID='dbt_deps' AIRFLOW_CTX_EXECUTION_DATE='2024-11-06T12:05:53.813585+00:00' AIRFLOW_CTX_TRY_NUMBER='1' AIRFLOW_CTX_DAG_RUN_ID='manual__2024-11-06T12:05:53.813585+00:00'
[2024-11-06T12:05:55.587+0000] {taskinstance.py:731} INFO - ::endgroup::
[2024-11-06T12:05:55.610+0000] {subprocess.py:63} INFO - Tmp dir root location: /tmp
[2024-11-06T12:05:55.611+0000] {subprocess.py:75} INFO - Running command: ['/usr/bin/bash', '-c', 'cd /opt/dbt && dbt deps']
[2024-11-06T12:05:55.621+0000] {subprocess.py:86} INFO - Output:
[2024-11-06T12:05:58.840+0000] {subprocess.py:93} INFO - [0m12:05:58  Running with dbt=1.8.2
[2024-11-06T12:05:59.495+0000] {subprocess.py:93} INFO - [0m12:05:59  Installing dbt-labs/dbt_utils
[2024-11-06T12:06:00.031+0000] {subprocess.py:93} INFO - [0m12:06:00  Installed from version 1.0.0
[2024-11-06T12:06:00.031+0000] {subprocess.py:93} INFO - [0m12:06:00  Updated version available: 1.3.0
[2024-11-06T12:06:00.033+0000] {subprocess.py:93} INFO - [0m12:06:00
[2024-11-06T12:06:00.033+0000] {subprocess.py:93} INFO - [0m12:06:00  Updates available for packages: ['dbt-labs/dbt_utils']
[2024-11-06T12:06:00.034+0000] {subprocess.py:93} INFO - Update your versions in packages.yml, then run dbt deps
[2024-11-06T12:06:01.267+0000] {subprocess.py:97} INFO - Command exited with return code 0
[2024-11-06T12:06:01.299+0000] {taskinstance.py:340} INFO - ::group::Post task execution logs
[2024-11-06T12:06:01.300+0000] {taskinstance.py:352} INFO - Marking task as SUCCESS. dag_id=dbt_project_with_ge_dag, task_id=dbt_deps, run_id=manual__2024-11-06T12:05:53.813585+00:00, execution_date=20241106T120553, start_date=20241106T120555, end_date=20241106T120601
[2024-11-06T12:06:01.349+0000] {local_task_job_runner.py:266} INFO - Task exited with return code 0
[2024-11-06T12:06:01.382+0000] {taskinstance.py:3900} INFO - 1 downstream tasks scheduled from follow-on schedule check
[2024-11-06T12:06:01.383+0000] {local_task_job_runner.py:245} INFO - ::endgroup::
