[2024-11-06T12:42:04.437+0000] {local_task_job_runner.py:123} INFO - ::group::Pre task execution logs
[2024-11-06T12:42:04.467+0000] {taskinstance.py:2612} INFO - Dependencies all met for dep_context=non-requeueable deps ti=<TaskInstance: dbt_project_with_ge_dag.dbt_seed manual__2024-11-06T12:41:54.041214+00:00 [queued]>
[2024-11-06T12:42:04.479+0000] {taskinstance.py:2612} INFO - Dependencies all met for dep_context=requeueable deps ti=<TaskInstance: dbt_project_with_ge_dag.dbt_seed manual__2024-11-06T12:41:54.041214+00:00 [queued]>
[2024-11-06T12:42:04.480+0000] {taskinstance.py:2865} INFO - Starting attempt 1 of 3
[2024-11-06T12:42:04.496+0000] {taskinstance.py:2888} INFO - Executing <Task(BashOperator): dbt_seed> on 2024-11-06 12:41:54.041214+00:00
[2024-11-06T12:42:04.502+0000] {warnings.py:112} WARNING - /home/***/.local/lib/python3.12/site-packages/***/task/task_runner/standard_task_runner.py:70: DeprecationWarning: This process (pid=2773) is multi-threaded, use of fork() may lead to deadlocks in the child.
  pid = os.fork()

[2024-11-06T12:42:04.503+0000] {standard_task_runner.py:72} INFO - Started process 2774 to run task
[2024-11-06T12:42:04.504+0000] {standard_task_runner.py:104} INFO - Running: ['***', 'tasks', 'run', 'dbt_project_with_ge_dag', 'dbt_seed', 'manual__2024-11-06T12:41:54.041214+00:00', '--job-id', '193', '--raw', '--subdir', 'DAGS_FOLDER/dbt_project_dag.py', '--cfg-path', '/tmp/tmp2ymlcf6d']
[2024-11-06T12:42:04.505+0000] {standard_task_runner.py:105} INFO - Job 193: Subtask dbt_seed
[2024-11-06T12:42:04.553+0000] {task_command.py:467} INFO - Running <TaskInstance: dbt_project_with_ge_dag.dbt_seed manual__2024-11-06T12:41:54.041214+00:00 [running]> on host 9ecf534049e3
[2024-11-06T12:42:04.638+0000] {taskinstance.py:3131} INFO - Exporting env vars: AIRFLOW_CTX_DAG_OWNER='***' AIRFLOW_CTX_DAG_ID='dbt_project_with_ge_dag' AIRFLOW_CTX_TASK_ID='dbt_seed' AIRFLOW_CTX_EXECUTION_DATE='2024-11-06T12:41:54.041214+00:00' AIRFLOW_CTX_TRY_NUMBER='1' AIRFLOW_CTX_DAG_RUN_ID='manual__2024-11-06T12:41:54.041214+00:00'
[2024-11-06T12:42:04.639+0000] {taskinstance.py:731} INFO - ::endgroup::
[2024-11-06T12:42:04.656+0000] {subprocess.py:63} INFO - Tmp dir root location: /tmp
[2024-11-06T12:42:04.657+0000] {subprocess.py:75} INFO - Running command: ['/usr/bin/bash', '-c', 'cd /opt/dbt && dbt seed']
[2024-11-06T12:42:04.668+0000] {subprocess.py:86} INFO - Output:
[2024-11-06T12:42:07.577+0000] {subprocess.py:93} INFO - [0m12:42:07  Running with dbt=1.8.2
[2024-11-06T12:42:07.979+0000] {subprocess.py:93} INFO - [0m12:42:07  Registered adapter: postgres=1.8.2
[2024-11-06T12:42:08.564+0000] {subprocess.py:93} INFO - [0m12:42:08  Found 8 models, 15 seeds, 42 data tests, 541 macros
[2024-11-06T12:42:08.571+0000] {subprocess.py:93} INFO - [0m12:42:08
[2024-11-06T12:42:08.941+0000] {subprocess.py:93} INFO - [0m12:42:08  Concurrency: 12 threads (target='postgres')
[2024-11-06T12:42:08.942+0000] {subprocess.py:93} INFO - [0m12:42:08
[2024-11-06T12:42:08.959+0000] {subprocess.py:93} INFO - [0m12:42:08  1 of 15 START seed file person.address ......................................... [RUN]
[2024-11-06T12:42:08.961+0000] {subprocess.py:93} INFO - [0m12:42:08  2 of 15 START seed file person.countryregion ................................... [RUN]
[2024-11-06T12:42:08.962+0000] {subprocess.py:93} INFO - [0m12:42:08  3 of 15 START seed file sales.creditcard ....................................... [RUN]
[2024-11-06T12:42:08.967+0000] {subprocess.py:93} INFO - [0m12:42:08  4 of 15 START seed file sales.customer ......................................... [RUN]
[2024-11-06T12:42:08.973+0000] {subprocess.py:93} INFO - [0m12:42:08  6 of 15 START seed file person.person .......................................... [RUN]
[2024-11-06T12:42:08.974+0000] {subprocess.py:93} INFO - [0m12:42:08  7 of 15 START seed file production.product ..................................... [RUN]
[2024-11-06T12:42:08.976+0000] {subprocess.py:93} INFO - [0m12:42:08  8 of 15 START seed file production.productcategory ............................. [RUN]
[2024-11-06T12:42:08.977+0000] {subprocess.py:93} INFO - [0m12:42:08  9 of 15 START seed file production.productsubcategory .......................... [RUN]
[2024-11-06T12:42:08.978+0000] {subprocess.py:93} INFO - [0m12:42:08  10 of 15 START seed file sales.salesorderdetail ................................ [RUN]
[2024-11-06T12:42:08.980+0000] {subprocess.py:93} INFO - [0m12:42:08  11 of 15 START seed file sales.salesorderheader ................................ [RUN]
[2024-11-06T12:42:08.981+0000] {subprocess.py:93} INFO - [0m12:42:08  5 of 15 START seed file date.date .............................................. [RUN]
[2024-11-06T12:42:08.983+0000] {subprocess.py:93} INFO - [0m12:42:08  12 of 15 START seed file sales.salesorderheadersalesreason ..................... [RUN]
[2024-11-06T12:42:14.208+0000] {subprocess.py:93} INFO - [0m12:42:14  2 of 15 OK loaded seed file person.countryregion ............................... [[32mINSERT 238[0m in 4.81s]
[2024-11-06T12:42:14.495+0000] {subprocess.py:93} INFO - [0m12:42:14  9 of 15 OK loaded seed file production.productsubcategory ...................... [[32mINSERT 37[0m in 5.03s]
[2024-11-06T12:42:15.843+0000] {subprocess.py:93} INFO - [0m12:42:15  13 of 15 START seed file sales.salesreason ..................................... [RUN]
[2024-11-06T12:42:16.236+0000] {subprocess.py:93} INFO - [0m12:42:16  8 of 15 OK loaded seed file production.productcategory ......................... [[32mINSERT 4[0m in 6.16s]
[2024-11-06T12:42:16.413+0000] {subprocess.py:93} INFO - [0m12:42:16  14 of 15 START seed file person.stateprovince .................................. [RUN]
[2024-11-06T12:42:18.131+0000] {subprocess.py:93} INFO - [0m12:42:18  15 of 15 START seed file sales.store ........................................... [RUN]
[2024-11-06T12:42:24.010+0000] {subprocess.py:93} INFO - [0m12:42:24  12 of 15 OK loaded seed file sales.salesorderheadersalesreason ................. [[32mINSERT 1710[0m in 14.64s]
[2024-11-06T12:42:24.832+0000] {subprocess.py:93} INFO - [0m12:42:24  5 of 15 OK loaded seed file date.date .......................................... [[32mINSERT 731[0m in 15.16s]
[2024-11-06T12:42:26.831+0000] {subprocess.py:93} INFO - [0m12:42:26  7 of 15 OK loaded seed file production.product ................................. [[32mINSERT 504[0m in 17.14s]
[2024-11-06T12:42:28.135+0000] {subprocess.py:93} INFO - [0m12:42:28  1 of 15 OK loaded seed file person.address ..................................... [[32mINSERT 1675[0m in 18.82s]
[2024-11-06T12:42:28.346+0000] {subprocess.py:93} INFO - [0m12:42:28  13 of 15 OK loaded seed file sales.salesreason ................................. [[32mINSERT 10[0m in 11.26s]
[2024-11-06T12:42:29.299+0000] {subprocess.py:93} INFO - [0m12:42:29  6 of 15 OK loaded seed file person.person ...................................... [[32mINSERT 2057[0m in 20.29s]
[2024-11-06T12:42:29.359+0000] {subprocess.py:93} INFO - [0m12:42:29  14 of 15 OK loaded seed file person.stateprovince .............................. [[32mINSERT 181[0m in 12.23s]
[2024-11-06T12:42:29.743+0000] {subprocess.py:93} INFO - [0m12:42:29  15 of 15 OK loaded seed file sales.store ....................................... [[32mINSERT 701[0m in 11.17s]
[2024-11-06T12:42:37.705+0000] {subprocess.py:93} INFO - [0m12:42:37  11 of 15 OK loaded seed file sales.salesorderheader ............................ [[32mINSERT 1566[0m in 28.71s]
[2024-11-06T12:42:44.491+0000] {subprocess.py:93} INFO - [0m12:42:44  10 of 15 OK loaded seed file sales.salesorderdetail ............................ [[32mINSERT 5716[0m in 35.50s]
[2024-11-06T12:42:50.414+0000] {subprocess.py:93} INFO - [0m12:42:50  4 of 15 OK loaded seed file sales.customer ..................................... [[32mINSERT 19820[0m in 41.43s]
[2024-11-06T12:42:54.270+0000] {subprocess.py:93} INFO - [0m12:42:54  3 of 15 OK loaded seed file sales.creditcard ................................... [[32mINSERT 19118[0m in 45.30s]
[2024-11-06T12:42:54.293+0000] {subprocess.py:93} INFO - [0m12:42:54
[2024-11-06T12:42:54.294+0000] {subprocess.py:93} INFO - [0m12:42:54  Finished running 15 seeds in 0 hours 0 minutes and 45.72 seconds (45.72s).
[2024-11-06T12:42:54.371+0000] {subprocess.py:93} INFO - [0m12:42:54
[2024-11-06T12:42:54.372+0000] {subprocess.py:93} INFO - [0m12:42:54  [32mCompleted successfully[0m
[2024-11-06T12:42:54.374+0000] {subprocess.py:93} INFO - [0m12:42:54
[2024-11-06T12:42:54.375+0000] {subprocess.py:93} INFO - [0m12:42:54  Done. PASS=15 WARN=0 ERROR=0 SKIP=0 TOTAL=15
[2024-11-06T12:42:55.766+0000] {subprocess.py:97} INFO - Command exited with return code 0
[2024-11-06T12:42:55.795+0000] {taskinstance.py:340} INFO - ::group::Post task execution logs
[2024-11-06T12:42:55.796+0000] {taskinstance.py:352} INFO - Marking task as SUCCESS. dag_id=dbt_project_with_ge_dag, task_id=dbt_seed, run_id=manual__2024-11-06T12:41:54.041214+00:00, execution_date=20241106T124154, start_date=20241106T124204, end_date=20241106T124255
[2024-11-06T12:42:55.828+0000] {local_task_job_runner.py:266} INFO - Task exited with return code 0
[2024-11-06T12:42:55.840+0000] {local_task_job_runner.py:245} INFO - ::endgroup::
