[2024-11-06T10:02:16.639+0000] {local_task_job_runner.py:123} INFO - ::group::Pre task execution logs
[2024-11-06T10:02:16.663+0000] {taskinstance.py:2612} INFO - Dependencies all met for dep_context=non-requeueable deps ti=<TaskInstance: dbt_project_dag.dbt_docs_generate scheduled__2024-11-05T00:00:00+00:00 [queued]>
[2024-11-06T10:02:16.677+0000] {taskinstance.py:2612} INFO - Dependencies all met for dep_context=requeueable deps ti=<TaskInstance: dbt_project_dag.dbt_docs_generate scheduled__2024-11-05T00:00:00+00:00 [queued]>
[2024-11-06T10:02:16.678+0000] {taskinstance.py:2865} INFO - Starting attempt 1 of 3
[2024-11-06T10:02:16.694+0000] {taskinstance.py:2888} INFO - Executing <Task(BashOperator): dbt_docs_generate> on 2024-11-05 00:00:00+00:00
[2024-11-06T10:02:16.702+0000] {warnings.py:112} WARNING - /home/***/.local/lib/python3.12/site-packages/***/task/task_runner/standard_task_runner.py:70: DeprecationWarning: This process (pid=188) is multi-threaded, use of fork() may lead to deadlocks in the child.
  pid = os.fork()

[2024-11-06T10:02:16.703+0000] {standard_task_runner.py:72} INFO - Started process 189 to run task
[2024-11-06T10:02:16.705+0000] {standard_task_runner.py:104} INFO - Running: ['***', 'tasks', 'run', 'dbt_project_dag', 'dbt_docs_generate', 'scheduled__2024-11-05T00:00:00+00:00', '--job-id', '154', '--raw', '--subdir', 'DAGS_FOLDER/dbt_project_dag.py', '--cfg-path', '/tmp/tmp6axgy48j']
[2024-11-06T10:02:16.707+0000] {standard_task_runner.py:105} INFO - Job 154: Subtask dbt_docs_generate
[2024-11-06T10:02:16.768+0000] {task_command.py:467} INFO - Running <TaskInstance: dbt_project_dag.dbt_docs_generate scheduled__2024-11-05T00:00:00+00:00 [running]> on host 9ecf534049e3
[2024-11-06T10:02:17.006+0000] {taskinstance.py:3131} INFO - Exporting env vars: AIRFLOW_CTX_DAG_OWNER='***' AIRFLOW_CTX_DAG_ID='dbt_project_dag' AIRFLOW_CTX_TASK_ID='dbt_docs_generate' AIRFLOW_CTX_EXECUTION_DATE='2024-11-05T00:00:00+00:00' AIRFLOW_CTX_TRY_NUMBER='1' AIRFLOW_CTX_DAG_RUN_ID='scheduled__2024-11-05T00:00:00+00:00'
[2024-11-06T10:02:17.007+0000] {taskinstance.py:731} INFO - ::endgroup::
[2024-11-06T10:02:17.036+0000] {subprocess.py:63} INFO - Tmp dir root location: /tmp
[2024-11-06T10:02:17.037+0000] {subprocess.py:75} INFO - Running command: ['/usr/bin/bash', '-c', 'cd /opt/dbt && dbt docs generate ']
[2024-11-06T10:02:17.052+0000] {subprocess.py:86} INFO - Output:
[2024-11-06T10:02:21.121+0000] {subprocess.py:93} INFO - [0m10:02:21  Running with dbt=1.8.2
[2024-11-06T10:02:21.604+0000] {subprocess.py:93} INFO - [0m10:02:21  Registered adapter: postgres=1.8.2
[2024-11-06T10:02:22.081+0000] {subprocess.py:93} INFO - [0m10:02:22  Found 8 models, 15 seeds, 42 data tests, 541 macros
[2024-11-06T10:02:22.089+0000] {subprocess.py:93} INFO - [0m10:02:22
[2024-11-06T10:02:22.324+0000] {subprocess.py:93} INFO - [0m10:02:22  Concurrency: 12 threads (target='postgres')
[2024-11-06T10:02:22.325+0000] {subprocess.py:93} INFO - [0m10:02:22
[2024-11-06T10:02:23.601+0000] {subprocess.py:93} INFO - [0m10:02:23  Building catalog
[2024-11-06T10:02:23.770+0000] {subprocess.py:93} INFO - [0m10:02:23  Catalog written to /opt/dbt/target/catalog.json
[2024-11-06T10:02:24.779+0000] {subprocess.py:97} INFO - Command exited with return code 0
[2024-11-06T10:02:24.807+0000] {taskinstance.py:340} INFO - ::group::Post task execution logs
[2024-11-06T10:02:24.808+0000] {taskinstance.py:352} INFO - Marking task as SUCCESS. dag_id=dbt_project_dag, task_id=dbt_docs_generate, run_id=scheduled__2024-11-05T00:00:00+00:00, execution_date=20241105T000000, start_date=20241106T100216, end_date=20241106T100224
[2024-11-06T10:02:24.846+0000] {local_task_job_runner.py:266} INFO - Task exited with return code 0
[2024-11-06T10:02:24.869+0000] {taskinstance.py:3900} INFO - 0 downstream tasks scheduled from follow-on schedule check
[2024-11-06T10:02:24.871+0000] {local_task_job_runner.py:245} INFO - ::endgroup::
[2024-11-06T13:13:21.956+0000] {local_task_job_runner.py:123} INFO - ::group::Pre task execution logs
[2024-11-06T13:13:21.978+0000] {taskinstance.py:2612} INFO - Dependencies all met for dep_context=non-requeueable deps ti=<TaskInstance: dbt_project_dag.dbt_docs_generate scheduled__2024-11-05T00:00:00+00:00 [queued]>
[2024-11-06T13:13:21.992+0000] {taskinstance.py:2612} INFO - Dependencies all met for dep_context=requeueable deps ti=<TaskInstance: dbt_project_dag.dbt_docs_generate scheduled__2024-11-05T00:00:00+00:00 [queued]>
[2024-11-06T13:13:21.992+0000] {taskinstance.py:2865} INFO - Starting attempt 1 of 3
[2024-11-06T13:13:22.007+0000] {taskinstance.py:2888} INFO - Executing <Task(BashOperator): dbt_docs_generate> on 2024-11-05 00:00:00+00:00
[2024-11-06T13:13:22.014+0000] {warnings.py:112} WARNING - /home/***/.local/lib/python3.12/site-packages/***/task/task_runner/standard_task_runner.py:70: DeprecationWarning: This process (pid=3444) is multi-threaded, use of fork() may lead to deadlocks in the child.
  pid = os.fork()

[2024-11-06T13:13:22.016+0000] {standard_task_runner.py:72} INFO - Started process 3445 to run task
[2024-11-06T13:13:22.016+0000] {standard_task_runner.py:104} INFO - Running: ['***', 'tasks', 'run', 'dbt_project_dag', 'dbt_docs_generate', 'scheduled__2024-11-05T00:00:00+00:00', '--job-id', '207', '--raw', '--subdir', 'DAGS_FOLDER/dbt_project_dag.py', '--cfg-path', '/tmp/tmpp1g1ham3']
[2024-11-06T13:13:22.018+0000] {standard_task_runner.py:105} INFO - Job 207: Subtask dbt_docs_generate
[2024-11-06T13:13:22.073+0000] {task_command.py:467} INFO - Running <TaskInstance: dbt_project_dag.dbt_docs_generate scheduled__2024-11-05T00:00:00+00:00 [running]> on host 9ecf534049e3
[2024-11-06T13:13:22.169+0000] {taskinstance.py:3131} INFO - Exporting env vars: AIRFLOW_CTX_DAG_OWNER='***' AIRFLOW_CTX_DAG_ID='dbt_project_dag' AIRFLOW_CTX_TASK_ID='dbt_docs_generate' AIRFLOW_CTX_EXECUTION_DATE='2024-11-05T00:00:00+00:00' AIRFLOW_CTX_TRY_NUMBER='1' AIRFLOW_CTX_DAG_RUN_ID='scheduled__2024-11-05T00:00:00+00:00'
[2024-11-06T13:13:22.170+0000] {taskinstance.py:731} INFO - ::endgroup::
[2024-11-06T13:13:22.194+0000] {subprocess.py:63} INFO - Tmp dir root location: /tmp
[2024-11-06T13:13:22.195+0000] {subprocess.py:75} INFO - Running command: ['/usr/bin/bash', '-c', 'cd /opt/dbt && dbt docs generate']
[2024-11-06T13:13:22.206+0000] {subprocess.py:86} INFO - Output:
[2024-11-06T13:13:25.500+0000] {subprocess.py:93} INFO - [0m13:13:25  Running with dbt=1.8.2
[2024-11-06T13:13:25.886+0000] {subprocess.py:93} INFO - [0m13:13:25  Registered adapter: postgres=1.8.2
[2024-11-06T13:13:26.414+0000] {subprocess.py:93} INFO - [0m13:13:26  Found 8 models, 15 seeds, 42 data tests, 541 macros
[2024-11-06T13:13:26.423+0000] {subprocess.py:93} INFO - [0m13:13:26
[2024-11-06T13:13:26.639+0000] {subprocess.py:93} INFO - [0m13:13:26  Concurrency: 12 threads (target='postgres')
[2024-11-06T13:13:26.641+0000] {subprocess.py:93} INFO - [0m13:13:26
[2024-11-06T13:13:27.819+0000] {subprocess.py:93} INFO - [0m13:13:27  Building catalog
[2024-11-06T13:13:27.973+0000] {subprocess.py:93} INFO - [0m13:13:27  Catalog written to /opt/dbt/target/catalog.json
[2024-11-06T13:13:29.158+0000] {subprocess.py:97} INFO - Command exited with return code 0
[2024-11-06T13:13:29.192+0000] {taskinstance.py:340} INFO - ::group::Post task execution logs
[2024-11-06T13:13:29.193+0000] {taskinstance.py:352} INFO - Marking task as SUCCESS. dag_id=dbt_project_dag, task_id=dbt_docs_generate, run_id=scheduled__2024-11-05T00:00:00+00:00, execution_date=20241105T000000, start_date=20241106T131321, end_date=20241106T131329
[2024-11-06T13:13:29.228+0000] {local_task_job_runner.py:266} INFO - Task exited with return code 0
[2024-11-06T13:13:29.259+0000] {taskinstance.py:3900} INFO - 0 downstream tasks scheduled from follow-on schedule check
[2024-11-06T13:13:29.262+0000] {local_task_job_runner.py:245} INFO - ::endgroup::
