[2024-11-06T12:00:52.700+0000] {local_task_job_runner.py:123} INFO - ::group::Pre task execution logs
[2024-11-06T12:00:52.742+0000] {taskinstance.py:2612} INFO - Dependencies all met for dep_context=non-requeueable deps ti=<TaskInstance: dbt_project_with_ge_dag.dbt_run manual__2024-11-06T11:59:44.067378+00:00 [queued]>
[2024-11-06T12:00:52.761+0000] {taskinstance.py:2612} INFO - Dependencies all met for dep_context=requeueable deps ti=<TaskInstance: dbt_project_with_ge_dag.dbt_run manual__2024-11-06T11:59:44.067378+00:00 [queued]>
[2024-11-06T12:00:52.762+0000] {taskinstance.py:2865} INFO - Starting attempt 1 of 3
[2024-11-06T12:00:52.794+0000] {taskinstance.py:2888} INFO - Executing <Task(BashOperator): dbt_run> on 2024-11-06 11:59:44.067378+00:00
[2024-11-06T12:00:52.806+0000] {warnings.py:112} WARNING - /home/***/.local/lib/python3.12/site-packages/***/task/task_runner/standard_task_runner.py:70: DeprecationWarning: This process (pid=1681) is multi-threaded, use of fork() may lead to deadlocks in the child.
  pid = os.fork()

[2024-11-06T12:00:52.809+0000] {standard_task_runner.py:72} INFO - Started process 1682 to run task
[2024-11-06T12:00:52.812+0000] {standard_task_runner.py:104} INFO - Running: ['***', 'tasks', 'run', 'dbt_project_with_ge_dag', 'dbt_run', 'manual__2024-11-06T11:59:44.067378+00:00', '--job-id', '158', '--raw', '--subdir', 'DAGS_FOLDER/dbt_project_dag.py', '--cfg-path', '/tmp/tmp5rx6kod9']
[2024-11-06T12:00:52.814+0000] {standard_task_runner.py:105} INFO - Job 158: Subtask dbt_run
[2024-11-06T12:00:52.907+0000] {task_command.py:467} INFO - Running <TaskInstance: dbt_project_with_ge_dag.dbt_run manual__2024-11-06T11:59:44.067378+00:00 [running]> on host 9ecf534049e3
[2024-11-06T12:00:53.034+0000] {taskinstance.py:3131} INFO - Exporting env vars: AIRFLOW_CTX_DAG_OWNER='***' AIRFLOW_CTX_DAG_ID='dbt_project_with_ge_dag' AIRFLOW_CTX_TASK_ID='dbt_run' AIRFLOW_CTX_EXECUTION_DATE='2024-11-06T11:59:44.067378+00:00' AIRFLOW_CTX_TRY_NUMBER='1' AIRFLOW_CTX_DAG_RUN_ID='manual__2024-11-06T11:59:44.067378+00:00'
[2024-11-06T12:00:53.036+0000] {taskinstance.py:731} INFO - ::endgroup::
[2024-11-06T12:00:53.062+0000] {subprocess.py:63} INFO - Tmp dir root location: /tmp
[2024-11-06T12:00:53.063+0000] {subprocess.py:75} INFO - Running command: ['/usr/bin/bash', '-c', 'cd /opt/dbt && dbt run']
[2024-11-06T12:00:53.075+0000] {subprocess.py:86} INFO - Output:
[2024-11-06T12:00:57.217+0000] {subprocess.py:93} INFO - [0m12:00:57  Running with dbt=1.8.2
[2024-11-06T12:00:57.636+0000] {subprocess.py:93} INFO - [0m12:00:57  Registered adapter: postgres=1.8.2
[2024-11-06T12:00:58.235+0000] {subprocess.py:93} INFO - [0m12:00:58  Found 8 models, 15 seeds, 42 data tests, 541 macros
[2024-11-06T12:00:58.240+0000] {subprocess.py:93} INFO - [0m12:00:58
[2024-11-06T12:00:58.489+0000] {subprocess.py:93} INFO - [0m12:00:58  Concurrency: 12 threads (target='postgres')
[2024-11-06T12:00:58.490+0000] {subprocess.py:93} INFO - [0m12:00:58
[2024-11-06T12:00:58.507+0000] {subprocess.py:93} INFO - [0m12:00:58  1 of 8 START sql table model marts.dim_address ................................. [RUN]
[2024-11-06T12:00:58.509+0000] {subprocess.py:93} INFO - [0m12:00:58  2 of 8 START sql table model marts.dim_credit_card ............................. [RUN]
[2024-11-06T12:00:58.512+0000] {subprocess.py:93} INFO - [0m12:00:58  3 of 8 START sql table model marts.dim_customer ................................ [RUN]
[2024-11-06T12:00:58.515+0000] {subprocess.py:93} INFO - [0m12:00:58  4 of 8 START sql table model marts.dim_date .................................... [RUN]
[2024-11-06T12:00:58.516+0000] {subprocess.py:93} INFO - [0m12:00:58  5 of 8 START sql table model marts.dim_order_status ............................ [RUN]
[2024-11-06T12:00:58.518+0000] {subprocess.py:93} INFO - [0m12:00:58  6 of 8 START sql table model marts.dim_product ................................. [RUN]
[2024-11-06T12:00:58.520+0000] {subprocess.py:93} INFO - [0m12:00:58  7 of 8 START sql table model marts.fct_sales ................................... [RUN]
[2024-11-06T12:00:59.354+0000] {subprocess.py:93} INFO - [0m12:00:59  4 of 8 OK created sql table model marts.dim_date ............................... [[32mSELECT 731[0m in 0.82s]
[2024-11-06T12:00:59.356+0000] {subprocess.py:93} INFO - [0m12:00:59  5 of 8 OK created sql table model marts.dim_order_status ....................... [[32mSELECT 1[0m in 0.82s]
[2024-11-06T12:00:59.357+0000] {subprocess.py:93} INFO - [0m12:00:59  1 of 8 OK created sql table model marts.dim_address ............................ [[32mSELECT 1675[0m in 0.83s]
[2024-11-06T12:00:59.377+0000] {subprocess.py:93} INFO - [0m12:00:59  3 of 8 OK created sql table model marts.dim_customer ........................... [[32mSELECT 19820[0m in 0.85s]
[2024-11-06T12:00:59.385+0000] {subprocess.py:93} INFO - [0m12:00:59  6 of 8 OK created sql table model marts.dim_product ............................ [[32mSELECT 504[0m in 0.86s]
[2024-11-06T12:00:59.386+0000] {subprocess.py:93} INFO - [0m12:00:59  2 of 8 OK created sql table model marts.dim_credit_card ........................ [[32mSELECT 1316[0m in 0.86s]
[2024-11-06T12:00:59.393+0000] {subprocess.py:93} INFO - [0m12:00:59  7 of 8 OK created sql table model marts.fct_sales .............................. [[32mSELECT 5675[0m in 0.85s]
[2024-11-06T12:00:59.398+0000] {subprocess.py:93} INFO - [0m12:00:59  8 of 8 START sql table model marts.obt_sales ................................... [RUN]
[2024-11-06T12:01:01.274+0000] {subprocess.py:93} INFO - [0m12:01:01  8 of 8 OK created sql table model marts.obt_sales .............................. [[32mSELECT 5675[0m in 1.87s]
[2024-11-06T12:01:01.297+0000] {subprocess.py:93} INFO - [0m12:01:01
[2024-11-06T12:01:01.298+0000] {subprocess.py:93} INFO - [0m12:01:01  Finished running 8 table models in 0 hours 0 minutes and 3.06 seconds (3.06s).
[2024-11-06T12:01:01.372+0000] {subprocess.py:93} INFO - [0m12:01:01
[2024-11-06T12:01:01.374+0000] {subprocess.py:93} INFO - [0m12:01:01  [32mCompleted successfully[0m
[2024-11-06T12:01:01.375+0000] {subprocess.py:93} INFO - [0m12:01:01
[2024-11-06T12:01:01.376+0000] {subprocess.py:93} INFO - [0m12:01:01  Done. PASS=8 WARN=0 ERROR=0 SKIP=0 TOTAL=8
[2024-11-06T12:01:03.195+0000] {subprocess.py:97} INFO - Command exited with return code 0
[2024-11-06T12:01:03.241+0000] {taskinstance.py:340} INFO - ::group::Post task execution logs
[2024-11-06T12:01:03.242+0000] {taskinstance.py:352} INFO - Marking task as SUCCESS. dag_id=dbt_project_with_ge_dag, task_id=dbt_run, run_id=manual__2024-11-06T11:59:44.067378+00:00, execution_date=20241106T115944, start_date=20241106T120052, end_date=20241106T120103
[2024-11-06T12:01:03.309+0000] {local_task_job_runner.py:266} INFO - Task exited with return code 0
[2024-11-06T12:01:03.351+0000] {taskinstance.py:3900} INFO - 1 downstream tasks scheduled from follow-on schedule check
[2024-11-06T12:01:03.355+0000] {local_task_job_runner.py:245} INFO - ::endgroup::
