[2024-11-05T10:37:07.047+0000] {processor.py:186} INFO - Started process (PID=77) to work on /home/airflow/.local/lib/python3.12/site-packages/airflow/example_dags/example_trigger_target_dag.py
[2024-11-05T10:37:07.048+0000] {processor.py:914} INFO - Processing file /home/airflow/.local/lib/python3.12/site-packages/airflow/example_dags/example_trigger_target_dag.py for tasks to queue
[2024-11-05T10:37:07.052+0000] {logging_mixin.py:190} INFO - [2024-11-05T10:37:07.052+0000] {dagbag.py:588} INFO - Filling up the DagBag from /home/airflow/.local/lib/python3.12/site-packages/airflow/example_dags/example_trigger_target_dag.py
[2024-11-05T10:37:07.062+0000] {processor.py:925} INFO - DAG(s) 'example_trigger_target_dag' retrieved from /home/airflow/.local/lib/python3.12/site-packages/airflow/example_dags/example_trigger_target_dag.py
[2024-11-05T10:37:07.235+0000] {logging_mixin.py:190} INFO - [2024-11-05T10:37:07.234+0000] {override.py:1900} INFO - Created Permission View: can delete on DAG:example_trigger_target_dag
[2024-11-05T10:37:07.251+0000] {logging_mixin.py:190} INFO - [2024-11-05T10:37:07.251+0000] {override.py:1900} INFO - Created Permission View: can read on DAG:example_trigger_target_dag
[2024-11-05T10:37:07.259+0000] {logging_mixin.py:190} INFO - [2024-11-05T10:37:07.259+0000] {override.py:1900} INFO - Created Permission View: can edit on DAG:example_trigger_target_dag
[2024-11-05T10:37:07.268+0000] {logging_mixin.py:190} INFO - [2024-11-05T10:37:07.268+0000] {override.py:1900} INFO - Created Permission View: can delete on DAG Run:example_trigger_target_dag
[2024-11-05T10:37:07.276+0000] {logging_mixin.py:190} INFO - [2024-11-05T10:37:07.276+0000] {override.py:1900} INFO - Created Permission View: can create on DAG Run:example_trigger_target_dag
[2024-11-05T10:37:07.284+0000] {logging_mixin.py:190} INFO - [2024-11-05T10:37:07.284+0000] {override.py:1900} INFO - Created Permission View: can read on DAG Run:example_trigger_target_dag
[2024-11-05T10:37:07.293+0000] {logging_mixin.py:190} INFO - [2024-11-05T10:37:07.292+0000] {override.py:1900} INFO - Created Permission View: menu access on DAG Run:example_trigger_target_dag
[2024-11-05T10:37:07.293+0000] {logging_mixin.py:190} INFO - [2024-11-05T10:37:07.293+0000] {dag.py:3239} INFO - Sync 1 DAGs
[2024-11-05T10:37:07.310+0000] {logging_mixin.py:190} INFO - [2024-11-05T10:37:07.310+0000] {dag.py:3262} INFO - Creating ORM DAG for example_trigger_target_dag
[2024-11-05T10:37:07.311+0000] {logging_mixin.py:190} INFO - [2024-11-05T10:37:07.311+0000] {dag.py:4180} INFO - Setting next_dagrun for example_trigger_target_dag to None, run_after=None
[2024-11-05T10:37:07.331+0000] {processor.py:208} INFO - Processing /home/airflow/.local/lib/python3.12/site-packages/airflow/example_dags/example_trigger_target_dag.py took 0.293 seconds
[2024-11-05T10:37:37.593+0000] {processor.py:186} INFO - Started process (PID=139) to work on /home/airflow/.local/lib/python3.12/site-packages/airflow/example_dags/example_trigger_target_dag.py
[2024-11-05T10:37:37.595+0000] {processor.py:914} INFO - Processing file /home/airflow/.local/lib/python3.12/site-packages/airflow/example_dags/example_trigger_target_dag.py for tasks to queue
[2024-11-05T10:37:37.597+0000] {logging_mixin.py:190} INFO - [2024-11-05T10:37:37.596+0000] {dagbag.py:588} INFO - Filling up the DagBag from /home/airflow/.local/lib/python3.12/site-packages/airflow/example_dags/example_trigger_target_dag.py
[2024-11-05T10:37:37.607+0000] {processor.py:925} INFO - DAG(s) 'example_trigger_target_dag' retrieved from /home/airflow/.local/lib/python3.12/site-packages/airflow/example_dags/example_trigger_target_dag.py
[2024-11-05T10:37:37.628+0000] {logging_mixin.py:190} INFO - [2024-11-05T10:37:37.627+0000] {dag.py:3239} INFO - Sync 1 DAGs
[2024-11-05T10:37:37.645+0000] {logging_mixin.py:190} INFO - [2024-11-05T10:37:37.645+0000] {dag.py:4180} INFO - Setting next_dagrun for example_trigger_target_dag to None, run_after=None
[2024-11-05T10:37:37.669+0000] {processor.py:208} INFO - Processing /home/airflow/.local/lib/python3.12/site-packages/airflow/example_dags/example_trigger_target_dag.py took 0.083 seconds
[2024-11-05T10:38:07.918+0000] {processor.py:186} INFO - Started process (PID=202) to work on /home/airflow/.local/lib/python3.12/site-packages/airflow/example_dags/example_trigger_target_dag.py
[2024-11-05T10:38:07.919+0000] {processor.py:914} INFO - Processing file /home/airflow/.local/lib/python3.12/site-packages/airflow/example_dags/example_trigger_target_dag.py for tasks to queue
[2024-11-05T10:38:07.922+0000] {logging_mixin.py:190} INFO - [2024-11-05T10:38:07.921+0000] {dagbag.py:588} INFO - Filling up the DagBag from /home/airflow/.local/lib/python3.12/site-packages/airflow/example_dags/example_trigger_target_dag.py
[2024-11-05T10:38:07.932+0000] {processor.py:925} INFO - DAG(s) 'example_trigger_target_dag' retrieved from /home/airflow/.local/lib/python3.12/site-packages/airflow/example_dags/example_trigger_target_dag.py
[2024-11-05T10:38:07.957+0000] {logging_mixin.py:190} INFO - [2024-11-05T10:38:07.956+0000] {dag.py:3239} INFO - Sync 1 DAGs
[2024-11-05T10:38:07.979+0000] {logging_mixin.py:190} INFO - [2024-11-05T10:38:07.979+0000] {dag.py:4180} INFO - Setting next_dagrun for example_trigger_target_dag to None, run_after=None
[2024-11-05T10:38:08.005+0000] {processor.py:208} INFO - Processing /home/airflow/.local/lib/python3.12/site-packages/airflow/example_dags/example_trigger_target_dag.py took 0.094 seconds
[2024-11-05T10:38:38.238+0000] {processor.py:186} INFO - Started process (PID=265) to work on /home/airflow/.local/lib/python3.12/site-packages/airflow/example_dags/example_trigger_target_dag.py
[2024-11-05T10:38:38.239+0000] {processor.py:914} INFO - Processing file /home/airflow/.local/lib/python3.12/site-packages/airflow/example_dags/example_trigger_target_dag.py for tasks to queue
[2024-11-05T10:38:38.242+0000] {logging_mixin.py:190} INFO - [2024-11-05T10:38:38.242+0000] {dagbag.py:588} INFO - Filling up the DagBag from /home/airflow/.local/lib/python3.12/site-packages/airflow/example_dags/example_trigger_target_dag.py
[2024-11-05T10:38:38.255+0000] {processor.py:925} INFO - DAG(s) 'example_trigger_target_dag' retrieved from /home/airflow/.local/lib/python3.12/site-packages/airflow/example_dags/example_trigger_target_dag.py
[2024-11-05T10:38:38.286+0000] {logging_mixin.py:190} INFO - [2024-11-05T10:38:38.285+0000] {dag.py:3239} INFO - Sync 1 DAGs
[2024-11-05T10:38:38.315+0000] {logging_mixin.py:190} INFO - [2024-11-05T10:38:38.314+0000] {dag.py:4180} INFO - Setting next_dagrun for example_trigger_target_dag to None, run_after=None
[2024-11-05T10:38:38.344+0000] {processor.py:208} INFO - Processing /home/airflow/.local/lib/python3.12/site-packages/airflow/example_dags/example_trigger_target_dag.py took 0.115 seconds
[2024-11-05T10:39:08.400+0000] {processor.py:186} INFO - Started process (PID=326) to work on /home/airflow/.local/lib/python3.12/site-packages/airflow/example_dags/example_trigger_target_dag.py
[2024-11-05T10:39:08.401+0000] {processor.py:914} INFO - Processing file /home/airflow/.local/lib/python3.12/site-packages/airflow/example_dags/example_trigger_target_dag.py for tasks to queue
[2024-11-05T10:39:08.403+0000] {logging_mixin.py:190} INFO - [2024-11-05T10:39:08.403+0000] {dagbag.py:588} INFO - Filling up the DagBag from /home/airflow/.local/lib/python3.12/site-packages/airflow/example_dags/example_trigger_target_dag.py
[2024-11-05T10:39:08.412+0000] {processor.py:925} INFO - DAG(s) 'example_trigger_target_dag' retrieved from /home/airflow/.local/lib/python3.12/site-packages/airflow/example_dags/example_trigger_target_dag.py
[2024-11-05T10:39:08.431+0000] {logging_mixin.py:190} INFO - [2024-11-05T10:39:08.430+0000] {dag.py:3239} INFO - Sync 1 DAGs
[2024-11-05T10:39:08.445+0000] {logging_mixin.py:190} INFO - [2024-11-05T10:39:08.444+0000] {dag.py:4180} INFO - Setting next_dagrun for example_trigger_target_dag to None, run_after=None
[2024-11-05T10:39:08.464+0000] {processor.py:208} INFO - Processing /home/airflow/.local/lib/python3.12/site-packages/airflow/example_dags/example_trigger_target_dag.py took 0.070 seconds
[2024-11-05T10:39:39.364+0000] {processor.py:186} INFO - Started process (PID=389) to work on /home/airflow/.local/lib/python3.12/site-packages/airflow/example_dags/example_trigger_target_dag.py
[2024-11-05T10:39:39.364+0000] {processor.py:914} INFO - Processing file /home/airflow/.local/lib/python3.12/site-packages/airflow/example_dags/example_trigger_target_dag.py for tasks to queue
[2024-11-05T10:39:39.367+0000] {logging_mixin.py:190} INFO - [2024-11-05T10:39:39.366+0000] {dagbag.py:588} INFO - Filling up the DagBag from /home/airflow/.local/lib/python3.12/site-packages/airflow/example_dags/example_trigger_target_dag.py
[2024-11-05T10:39:39.374+0000] {processor.py:925} INFO - DAG(s) 'example_trigger_target_dag' retrieved from /home/airflow/.local/lib/python3.12/site-packages/airflow/example_dags/example_trigger_target_dag.py
[2024-11-05T10:39:39.392+0000] {logging_mixin.py:190} INFO - [2024-11-05T10:39:39.392+0000] {dag.py:3239} INFO - Sync 1 DAGs
[2024-11-05T10:39:39.406+0000] {logging_mixin.py:190} INFO - [2024-11-05T10:39:39.406+0000] {dag.py:4180} INFO - Setting next_dagrun for example_trigger_target_dag to None, run_after=None
[2024-11-05T10:39:39.426+0000] {processor.py:208} INFO - Processing /home/airflow/.local/lib/python3.12/site-packages/airflow/example_dags/example_trigger_target_dag.py took 0.068 seconds
[2024-11-05T10:40:09.603+0000] {processor.py:186} INFO - Started process (PID=452) to work on /home/airflow/.local/lib/python3.12/site-packages/airflow/example_dags/example_trigger_target_dag.py
[2024-11-05T10:40:09.604+0000] {processor.py:914} INFO - Processing file /home/airflow/.local/lib/python3.12/site-packages/airflow/example_dags/example_trigger_target_dag.py for tasks to queue
[2024-11-05T10:40:09.606+0000] {logging_mixin.py:190} INFO - [2024-11-05T10:40:09.606+0000] {dagbag.py:588} INFO - Filling up the DagBag from /home/airflow/.local/lib/python3.12/site-packages/airflow/example_dags/example_trigger_target_dag.py
[2024-11-05T10:40:09.614+0000] {processor.py:925} INFO - DAG(s) 'example_trigger_target_dag' retrieved from /home/airflow/.local/lib/python3.12/site-packages/airflow/example_dags/example_trigger_target_dag.py
[2024-11-05T10:40:09.635+0000] {logging_mixin.py:190} INFO - [2024-11-05T10:40:09.635+0000] {dag.py:3239} INFO - Sync 1 DAGs
[2024-11-05T10:40:09.652+0000] {logging_mixin.py:190} INFO - [2024-11-05T10:40:09.652+0000] {dag.py:4180} INFO - Setting next_dagrun for example_trigger_target_dag to None, run_after=None
[2024-11-05T10:40:09.675+0000] {processor.py:208} INFO - Processing /home/airflow/.local/lib/python3.12/site-packages/airflow/example_dags/example_trigger_target_dag.py took 0.080 seconds
[2024-11-05T10:40:40.083+0000] {processor.py:186} INFO - Started process (PID=515) to work on /home/airflow/.local/lib/python3.12/site-packages/airflow/example_dags/example_trigger_target_dag.py
[2024-11-05T10:40:40.083+0000] {processor.py:914} INFO - Processing file /home/airflow/.local/lib/python3.12/site-packages/airflow/example_dags/example_trigger_target_dag.py for tasks to queue
[2024-11-05T10:40:40.085+0000] {logging_mixin.py:190} INFO - [2024-11-05T10:40:40.085+0000] {dagbag.py:588} INFO - Filling up the DagBag from /home/airflow/.local/lib/python3.12/site-packages/airflow/example_dags/example_trigger_target_dag.py
[2024-11-05T10:40:40.093+0000] {processor.py:925} INFO - DAG(s) 'example_trigger_target_dag' retrieved from /home/airflow/.local/lib/python3.12/site-packages/airflow/example_dags/example_trigger_target_dag.py
[2024-11-05T10:40:40.115+0000] {logging_mixin.py:190} INFO - [2024-11-05T10:40:40.115+0000] {dag.py:3239} INFO - Sync 1 DAGs
[2024-11-05T10:40:40.132+0000] {logging_mixin.py:190} INFO - [2024-11-05T10:40:40.132+0000] {dag.py:4180} INFO - Setting next_dagrun for example_trigger_target_dag to None, run_after=None
[2024-11-05T10:40:40.155+0000] {processor.py:208} INFO - Processing /home/airflow/.local/lib/python3.12/site-packages/airflow/example_dags/example_trigger_target_dag.py took 0.078 seconds
[2024-11-05T10:41:10.207+0000] {processor.py:186} INFO - Started process (PID=578) to work on /home/airflow/.local/lib/python3.12/site-packages/airflow/example_dags/example_trigger_target_dag.py
[2024-11-05T10:41:10.208+0000] {processor.py:914} INFO - Processing file /home/airflow/.local/lib/python3.12/site-packages/airflow/example_dags/example_trigger_target_dag.py for tasks to queue
[2024-11-05T10:41:10.211+0000] {logging_mixin.py:190} INFO - [2024-11-05T10:41:10.211+0000] {dagbag.py:588} INFO - Filling up the DagBag from /home/airflow/.local/lib/python3.12/site-packages/airflow/example_dags/example_trigger_target_dag.py
[2024-11-05T10:41:10.218+0000] {processor.py:925} INFO - DAG(s) 'example_trigger_target_dag' retrieved from /home/airflow/.local/lib/python3.12/site-packages/airflow/example_dags/example_trigger_target_dag.py
[2024-11-05T10:41:10.243+0000] {logging_mixin.py:190} INFO - [2024-11-05T10:41:10.243+0000] {dag.py:3239} INFO - Sync 1 DAGs
[2024-11-05T10:41:10.265+0000] {logging_mixin.py:190} INFO - [2024-11-05T10:41:10.264+0000] {dag.py:4180} INFO - Setting next_dagrun for example_trigger_target_dag to None, run_after=None
[2024-11-05T10:41:10.286+0000] {processor.py:208} INFO - Processing /home/airflow/.local/lib/python3.12/site-packages/airflow/example_dags/example_trigger_target_dag.py took 0.085 seconds
[2024-11-05T10:41:40.545+0000] {processor.py:186} INFO - Started process (PID=640) to work on /home/airflow/.local/lib/python3.12/site-packages/airflow/example_dags/example_trigger_target_dag.py
[2024-11-05T10:41:40.546+0000] {processor.py:914} INFO - Processing file /home/airflow/.local/lib/python3.12/site-packages/airflow/example_dags/example_trigger_target_dag.py for tasks to queue
[2024-11-05T10:41:40.548+0000] {logging_mixin.py:190} INFO - [2024-11-05T10:41:40.548+0000] {dagbag.py:588} INFO - Filling up the DagBag from /home/airflow/.local/lib/python3.12/site-packages/airflow/example_dags/example_trigger_target_dag.py
[2024-11-05T10:41:40.557+0000] {processor.py:925} INFO - DAG(s) 'example_trigger_target_dag' retrieved from /home/airflow/.local/lib/python3.12/site-packages/airflow/example_dags/example_trigger_target_dag.py
[2024-11-05T10:41:40.578+0000] {logging_mixin.py:190} INFO - [2024-11-05T10:41:40.578+0000] {dag.py:3239} INFO - Sync 1 DAGs
[2024-11-05T10:41:40.597+0000] {logging_mixin.py:190} INFO - [2024-11-05T10:41:40.597+0000] {dag.py:4180} INFO - Setting next_dagrun for example_trigger_target_dag to None, run_after=None
[2024-11-05T10:41:40.617+0000] {processor.py:208} INFO - Processing /home/airflow/.local/lib/python3.12/site-packages/airflow/example_dags/example_trigger_target_dag.py took 0.081 seconds
[2024-11-05T10:42:11.227+0000] {processor.py:186} INFO - Started process (PID=703) to work on /home/airflow/.local/lib/python3.12/site-packages/airflow/example_dags/example_trigger_target_dag.py
[2024-11-05T10:42:11.228+0000] {processor.py:914} INFO - Processing file /home/airflow/.local/lib/python3.12/site-packages/airflow/example_dags/example_trigger_target_dag.py for tasks to queue
[2024-11-05T10:42:11.230+0000] {logging_mixin.py:190} INFO - [2024-11-05T10:42:11.230+0000] {dagbag.py:588} INFO - Filling up the DagBag from /home/airflow/.local/lib/python3.12/site-packages/airflow/example_dags/example_trigger_target_dag.py
[2024-11-05T10:42:11.238+0000] {processor.py:925} INFO - DAG(s) 'example_trigger_target_dag' retrieved from /home/airflow/.local/lib/python3.12/site-packages/airflow/example_dags/example_trigger_target_dag.py
[2024-11-05T10:42:11.260+0000] {logging_mixin.py:190} INFO - [2024-11-05T10:42:11.260+0000] {dag.py:3239} INFO - Sync 1 DAGs
[2024-11-05T10:42:11.276+0000] {logging_mixin.py:190} INFO - [2024-11-05T10:42:11.276+0000] {dag.py:4180} INFO - Setting next_dagrun for example_trigger_target_dag to None, run_after=None
[2024-11-05T10:42:11.295+0000] {processor.py:208} INFO - Processing /home/airflow/.local/lib/python3.12/site-packages/airflow/example_dags/example_trigger_target_dag.py took 0.075 seconds
[2024-11-05T10:42:41.464+0000] {processor.py:186} INFO - Started process (PID=765) to work on /home/airflow/.local/lib/python3.12/site-packages/airflow/example_dags/example_trigger_target_dag.py
[2024-11-05T10:42:41.465+0000] {processor.py:914} INFO - Processing file /home/airflow/.local/lib/python3.12/site-packages/airflow/example_dags/example_trigger_target_dag.py for tasks to queue
[2024-11-05T10:42:41.467+0000] {logging_mixin.py:190} INFO - [2024-11-05T10:42:41.467+0000] {dagbag.py:588} INFO - Filling up the DagBag from /home/airflow/.local/lib/python3.12/site-packages/airflow/example_dags/example_trigger_target_dag.py
[2024-11-05T10:42:41.478+0000] {processor.py:925} INFO - DAG(s) 'example_trigger_target_dag' retrieved from /home/airflow/.local/lib/python3.12/site-packages/airflow/example_dags/example_trigger_target_dag.py
[2024-11-05T10:42:41.502+0000] {logging_mixin.py:190} INFO - [2024-11-05T10:42:41.502+0000] {dag.py:3239} INFO - Sync 1 DAGs
[2024-11-05T10:42:41.523+0000] {logging_mixin.py:190} INFO - [2024-11-05T10:42:41.523+0000] {dag.py:4180} INFO - Setting next_dagrun for example_trigger_target_dag to None, run_after=None
[2024-11-05T10:42:41.543+0000] {processor.py:208} INFO - Processing /home/airflow/.local/lib/python3.12/site-packages/airflow/example_dags/example_trigger_target_dag.py took 0.087 seconds
[2024-11-05T10:43:12.078+0000] {processor.py:186} INFO - Started process (PID=828) to work on /home/airflow/.local/lib/python3.12/site-packages/airflow/example_dags/example_trigger_target_dag.py
[2024-11-05T10:43:12.079+0000] {processor.py:914} INFO - Processing file /home/airflow/.local/lib/python3.12/site-packages/airflow/example_dags/example_trigger_target_dag.py for tasks to queue
[2024-11-05T10:43:12.082+0000] {logging_mixin.py:190} INFO - [2024-11-05T10:43:12.082+0000] {dagbag.py:588} INFO - Filling up the DagBag from /home/airflow/.local/lib/python3.12/site-packages/airflow/example_dags/example_trigger_target_dag.py
[2024-11-05T10:43:12.096+0000] {processor.py:925} INFO - DAG(s) 'example_trigger_target_dag' retrieved from /home/airflow/.local/lib/python3.12/site-packages/airflow/example_dags/example_trigger_target_dag.py
[2024-11-05T10:43:12.138+0000] {logging_mixin.py:190} INFO - [2024-11-05T10:43:12.137+0000] {dag.py:3239} INFO - Sync 1 DAGs
[2024-11-05T10:43:12.166+0000] {logging_mixin.py:190} INFO - [2024-11-05T10:43:12.166+0000] {dag.py:4180} INFO - Setting next_dagrun for example_trigger_target_dag to None, run_after=None
[2024-11-05T10:43:12.205+0000] {processor.py:208} INFO - Processing /home/airflow/.local/lib/python3.12/site-packages/airflow/example_dags/example_trigger_target_dag.py took 0.139 seconds
[2024-11-05T10:43:43.110+0000] {processor.py:186} INFO - Started process (PID=892) to work on /home/airflow/.local/lib/python3.12/site-packages/airflow/example_dags/example_trigger_target_dag.py
[2024-11-05T10:43:43.111+0000] {processor.py:914} INFO - Processing file /home/airflow/.local/lib/python3.12/site-packages/airflow/example_dags/example_trigger_target_dag.py for tasks to queue
[2024-11-05T10:43:43.114+0000] {logging_mixin.py:190} INFO - [2024-11-05T10:43:43.113+0000] {dagbag.py:588} INFO - Filling up the DagBag from /home/airflow/.local/lib/python3.12/site-packages/airflow/example_dags/example_trigger_target_dag.py
[2024-11-05T10:43:43.122+0000] {processor.py:925} INFO - DAG(s) 'example_trigger_target_dag' retrieved from /home/airflow/.local/lib/python3.12/site-packages/airflow/example_dags/example_trigger_target_dag.py
[2024-11-05T10:43:43.140+0000] {logging_mixin.py:190} INFO - [2024-11-05T10:43:43.140+0000] {dag.py:3239} INFO - Sync 1 DAGs
[2024-11-05T10:43:43.155+0000] {logging_mixin.py:190} INFO - [2024-11-05T10:43:43.155+0000] {dag.py:4180} INFO - Setting next_dagrun for example_trigger_target_dag to None, run_after=None
[2024-11-05T10:43:43.177+0000] {processor.py:208} INFO - Processing /home/airflow/.local/lib/python3.12/site-packages/airflow/example_dags/example_trigger_target_dag.py took 0.074 seconds
[2024-11-05T10:44:14.169+0000] {processor.py:186} INFO - Started process (PID=956) to work on /home/airflow/.local/lib/python3.12/site-packages/airflow/example_dags/example_trigger_target_dag.py
[2024-11-05T10:44:14.170+0000] {processor.py:914} INFO - Processing file /home/airflow/.local/lib/python3.12/site-packages/airflow/example_dags/example_trigger_target_dag.py for tasks to queue
[2024-11-05T10:44:14.173+0000] {logging_mixin.py:190} INFO - [2024-11-05T10:44:14.173+0000] {dagbag.py:588} INFO - Filling up the DagBag from /home/airflow/.local/lib/python3.12/site-packages/airflow/example_dags/example_trigger_target_dag.py
[2024-11-05T10:44:14.181+0000] {processor.py:925} INFO - DAG(s) 'example_trigger_target_dag' retrieved from /home/airflow/.local/lib/python3.12/site-packages/airflow/example_dags/example_trigger_target_dag.py
[2024-11-05T10:44:14.202+0000] {logging_mixin.py:190} INFO - [2024-11-05T10:44:14.201+0000] {dag.py:3239} INFO - Sync 1 DAGs
[2024-11-05T10:44:14.218+0000] {logging_mixin.py:190} INFO - [2024-11-05T10:44:14.217+0000] {dag.py:4180} INFO - Setting next_dagrun for example_trigger_target_dag to None, run_after=None
[2024-11-05T10:44:14.243+0000] {processor.py:208} INFO - Processing /home/airflow/.local/lib/python3.12/site-packages/airflow/example_dags/example_trigger_target_dag.py took 0.081 seconds
[2024-11-05T10:44:44.629+0000] {processor.py:186} INFO - Started process (PID=1019) to work on /home/airflow/.local/lib/python3.12/site-packages/airflow/example_dags/example_trigger_target_dag.py
[2024-11-05T10:44:44.631+0000] {processor.py:914} INFO - Processing file /home/airflow/.local/lib/python3.12/site-packages/airflow/example_dags/example_trigger_target_dag.py for tasks to queue
[2024-11-05T10:44:44.634+0000] {logging_mixin.py:190} INFO - [2024-11-05T10:44:44.633+0000] {dagbag.py:588} INFO - Filling up the DagBag from /home/airflow/.local/lib/python3.12/site-packages/airflow/example_dags/example_trigger_target_dag.py
[2024-11-05T10:44:44.643+0000] {processor.py:925} INFO - DAG(s) 'example_trigger_target_dag' retrieved from /home/airflow/.local/lib/python3.12/site-packages/airflow/example_dags/example_trigger_target_dag.py
[2024-11-05T10:44:44.664+0000] {logging_mixin.py:190} INFO - [2024-11-05T10:44:44.664+0000] {dag.py:3239} INFO - Sync 1 DAGs
[2024-11-05T10:44:44.683+0000] {logging_mixin.py:190} INFO - [2024-11-05T10:44:44.683+0000] {dag.py:4180} INFO - Setting next_dagrun for example_trigger_target_dag to None, run_after=None
[2024-11-05T10:44:44.704+0000] {processor.py:208} INFO - Processing /home/airflow/.local/lib/python3.12/site-packages/airflow/example_dags/example_trigger_target_dag.py took 0.083 seconds
[2024-11-05T10:45:14.863+0000] {processor.py:186} INFO - Started process (PID=1082) to work on /home/airflow/.local/lib/python3.12/site-packages/airflow/example_dags/example_trigger_target_dag.py
[2024-11-05T10:45:14.864+0000] {processor.py:914} INFO - Processing file /home/airflow/.local/lib/python3.12/site-packages/airflow/example_dags/example_trigger_target_dag.py for tasks to queue
[2024-11-05T10:45:14.866+0000] {logging_mixin.py:190} INFO - [2024-11-05T10:45:14.866+0000] {dagbag.py:588} INFO - Filling up the DagBag from /home/airflow/.local/lib/python3.12/site-packages/airflow/example_dags/example_trigger_target_dag.py
[2024-11-05T10:45:14.875+0000] {processor.py:925} INFO - DAG(s) 'example_trigger_target_dag' retrieved from /home/airflow/.local/lib/python3.12/site-packages/airflow/example_dags/example_trigger_target_dag.py
[2024-11-05T10:45:14.895+0000] {logging_mixin.py:190} INFO - [2024-11-05T10:45:14.895+0000] {dag.py:3239} INFO - Sync 1 DAGs
[2024-11-05T10:45:14.912+0000] {logging_mixin.py:190} INFO - [2024-11-05T10:45:14.912+0000] {dag.py:4180} INFO - Setting next_dagrun for example_trigger_target_dag to None, run_after=None
[2024-11-05T10:45:14.931+0000] {processor.py:208} INFO - Processing /home/airflow/.local/lib/python3.12/site-packages/airflow/example_dags/example_trigger_target_dag.py took 0.075 seconds
[2024-11-05T10:45:45.127+0000] {processor.py:186} INFO - Started process (PID=1145) to work on /home/airflow/.local/lib/python3.12/site-packages/airflow/example_dags/example_trigger_target_dag.py
[2024-11-05T10:45:45.129+0000] {processor.py:914} INFO - Processing file /home/airflow/.local/lib/python3.12/site-packages/airflow/example_dags/example_trigger_target_dag.py for tasks to queue
[2024-11-05T10:45:45.132+0000] {logging_mixin.py:190} INFO - [2024-11-05T10:45:45.131+0000] {dagbag.py:588} INFO - Filling up the DagBag from /home/airflow/.local/lib/python3.12/site-packages/airflow/example_dags/example_trigger_target_dag.py
[2024-11-05T10:45:45.140+0000] {processor.py:925} INFO - DAG(s) 'example_trigger_target_dag' retrieved from /home/airflow/.local/lib/python3.12/site-packages/airflow/example_dags/example_trigger_target_dag.py
[2024-11-05T10:45:45.159+0000] {logging_mixin.py:190} INFO - [2024-11-05T10:45:45.158+0000] {dag.py:3239} INFO - Sync 1 DAGs
[2024-11-05T10:45:45.174+0000] {logging_mixin.py:190} INFO - [2024-11-05T10:45:45.173+0000] {dag.py:4180} INFO - Setting next_dagrun for example_trigger_target_dag to None, run_after=None
[2024-11-05T10:45:45.194+0000] {processor.py:208} INFO - Processing /home/airflow/.local/lib/python3.12/site-packages/airflow/example_dags/example_trigger_target_dag.py took 0.073 seconds
[2024-11-05T10:46:15.951+0000] {processor.py:186} INFO - Started process (PID=1208) to work on /home/airflow/.local/lib/python3.12/site-packages/airflow/example_dags/example_trigger_target_dag.py
[2024-11-05T10:46:15.953+0000] {processor.py:914} INFO - Processing file /home/airflow/.local/lib/python3.12/site-packages/airflow/example_dags/example_trigger_target_dag.py for tasks to queue
[2024-11-05T10:46:15.955+0000] {logging_mixin.py:190} INFO - [2024-11-05T10:46:15.955+0000] {dagbag.py:588} INFO - Filling up the DagBag from /home/airflow/.local/lib/python3.12/site-packages/airflow/example_dags/example_trigger_target_dag.py
[2024-11-05T10:46:15.964+0000] {processor.py:925} INFO - DAG(s) 'example_trigger_target_dag' retrieved from /home/airflow/.local/lib/python3.12/site-packages/airflow/example_dags/example_trigger_target_dag.py
[2024-11-05T10:46:15.987+0000] {logging_mixin.py:190} INFO - [2024-11-05T10:46:15.986+0000] {dag.py:3239} INFO - Sync 1 DAGs
[2024-11-05T10:46:16.009+0000] {logging_mixin.py:190} INFO - [2024-11-05T10:46:16.008+0000] {dag.py:4180} INFO - Setting next_dagrun for example_trigger_target_dag to None, run_after=None
[2024-11-05T10:46:16.033+0000] {processor.py:208} INFO - Processing /home/airflow/.local/lib/python3.12/site-packages/airflow/example_dags/example_trigger_target_dag.py took 0.088 seconds
[2024-11-05T10:46:46.873+0000] {processor.py:186} INFO - Started process (PID=1270) to work on /home/airflow/.local/lib/python3.12/site-packages/airflow/example_dags/example_trigger_target_dag.py
[2024-11-05T10:46:46.874+0000] {processor.py:914} INFO - Processing file /home/airflow/.local/lib/python3.12/site-packages/airflow/example_dags/example_trigger_target_dag.py for tasks to queue
[2024-11-05T10:46:46.877+0000] {logging_mixin.py:190} INFO - [2024-11-05T10:46:46.876+0000] {dagbag.py:588} INFO - Filling up the DagBag from /home/airflow/.local/lib/python3.12/site-packages/airflow/example_dags/example_trigger_target_dag.py
[2024-11-05T10:46:46.888+0000] {processor.py:925} INFO - DAG(s) 'example_trigger_target_dag' retrieved from /home/airflow/.local/lib/python3.12/site-packages/airflow/example_dags/example_trigger_target_dag.py
[2024-11-05T10:46:46.910+0000] {logging_mixin.py:190} INFO - [2024-11-05T10:46:46.910+0000] {dag.py:3239} INFO - Sync 1 DAGs
[2024-11-05T10:46:46.935+0000] {logging_mixin.py:190} INFO - [2024-11-05T10:46:46.935+0000] {dag.py:4180} INFO - Setting next_dagrun for example_trigger_target_dag to None, run_after=None
[2024-11-05T10:46:46.967+0000] {processor.py:208} INFO - Processing /home/airflow/.local/lib/python3.12/site-packages/airflow/example_dags/example_trigger_target_dag.py took 0.101 seconds
[2024-11-05T10:47:17.351+0000] {processor.py:186} INFO - Started process (PID=1333) to work on /home/airflow/.local/lib/python3.12/site-packages/airflow/example_dags/example_trigger_target_dag.py
[2024-11-05T10:47:17.352+0000] {processor.py:914} INFO - Processing file /home/airflow/.local/lib/python3.12/site-packages/airflow/example_dags/example_trigger_target_dag.py for tasks to queue
[2024-11-05T10:47:17.355+0000] {logging_mixin.py:190} INFO - [2024-11-05T10:47:17.354+0000] {dagbag.py:588} INFO - Filling up the DagBag from /home/airflow/.local/lib/python3.12/site-packages/airflow/example_dags/example_trigger_target_dag.py
[2024-11-05T10:47:17.363+0000] {processor.py:925} INFO - DAG(s) 'example_trigger_target_dag' retrieved from /home/airflow/.local/lib/python3.12/site-packages/airflow/example_dags/example_trigger_target_dag.py
[2024-11-05T10:47:17.387+0000] {logging_mixin.py:190} INFO - [2024-11-05T10:47:17.387+0000] {dag.py:3239} INFO - Sync 1 DAGs
[2024-11-05T10:47:17.408+0000] {logging_mixin.py:190} INFO - [2024-11-05T10:47:17.408+0000] {dag.py:4180} INFO - Setting next_dagrun for example_trigger_target_dag to None, run_after=None
[2024-11-05T10:47:17.435+0000] {processor.py:208} INFO - Processing /home/airflow/.local/lib/python3.12/site-packages/airflow/example_dags/example_trigger_target_dag.py took 0.090 seconds
[2024-11-05T10:47:47.549+0000] {processor.py:186} INFO - Started process (PID=1396) to work on /home/airflow/.local/lib/python3.12/site-packages/airflow/example_dags/example_trigger_target_dag.py
[2024-11-05T10:47:47.550+0000] {processor.py:914} INFO - Processing file /home/airflow/.local/lib/python3.12/site-packages/airflow/example_dags/example_trigger_target_dag.py for tasks to queue
[2024-11-05T10:47:47.553+0000] {logging_mixin.py:190} INFO - [2024-11-05T10:47:47.552+0000] {dagbag.py:588} INFO - Filling up the DagBag from /home/airflow/.local/lib/python3.12/site-packages/airflow/example_dags/example_trigger_target_dag.py
[2024-11-05T10:47:47.563+0000] {processor.py:925} INFO - DAG(s) 'example_trigger_target_dag' retrieved from /home/airflow/.local/lib/python3.12/site-packages/airflow/example_dags/example_trigger_target_dag.py
[2024-11-05T10:47:47.587+0000] {logging_mixin.py:190} INFO - [2024-11-05T10:47:47.586+0000] {dag.py:3239} INFO - Sync 1 DAGs
[2024-11-05T10:47:47.603+0000] {logging_mixin.py:190} INFO - [2024-11-05T10:47:47.603+0000] {dag.py:4180} INFO - Setting next_dagrun for example_trigger_target_dag to None, run_after=None
[2024-11-05T10:47:47.626+0000] {processor.py:208} INFO - Processing /home/airflow/.local/lib/python3.12/site-packages/airflow/example_dags/example_trigger_target_dag.py took 0.085 seconds
[2024-11-05T10:48:17.807+0000] {processor.py:186} INFO - Started process (PID=1458) to work on /home/airflow/.local/lib/python3.12/site-packages/airflow/example_dags/example_trigger_target_dag.py
[2024-11-05T10:48:17.808+0000] {processor.py:914} INFO - Processing file /home/airflow/.local/lib/python3.12/site-packages/airflow/example_dags/example_trigger_target_dag.py for tasks to queue
[2024-11-05T10:48:17.811+0000] {logging_mixin.py:190} INFO - [2024-11-05T10:48:17.811+0000] {dagbag.py:588} INFO - Filling up the DagBag from /home/airflow/.local/lib/python3.12/site-packages/airflow/example_dags/example_trigger_target_dag.py
[2024-11-05T10:48:17.818+0000] {processor.py:925} INFO - DAG(s) 'example_trigger_target_dag' retrieved from /home/airflow/.local/lib/python3.12/site-packages/airflow/example_dags/example_trigger_target_dag.py
[2024-11-05T10:48:17.837+0000] {logging_mixin.py:190} INFO - [2024-11-05T10:48:17.836+0000] {dag.py:3239} INFO - Sync 1 DAGs
[2024-11-05T10:48:17.853+0000] {logging_mixin.py:190} INFO - [2024-11-05T10:48:17.852+0000] {dag.py:4180} INFO - Setting next_dagrun for example_trigger_target_dag to None, run_after=None
[2024-11-05T10:48:17.872+0000] {processor.py:208} INFO - Processing /home/airflow/.local/lib/python3.12/site-packages/airflow/example_dags/example_trigger_target_dag.py took 0.070 seconds
[2024-11-05T10:48:48.832+0000] {processor.py:186} INFO - Started process (PID=1521) to work on /home/airflow/.local/lib/python3.12/site-packages/airflow/example_dags/example_trigger_target_dag.py
[2024-11-05T10:48:48.834+0000] {processor.py:914} INFO - Processing file /home/airflow/.local/lib/python3.12/site-packages/airflow/example_dags/example_trigger_target_dag.py for tasks to queue
[2024-11-05T10:48:48.840+0000] {logging_mixin.py:190} INFO - [2024-11-05T10:48:48.838+0000] {dagbag.py:588} INFO - Filling up the DagBag from /home/airflow/.local/lib/python3.12/site-packages/airflow/example_dags/example_trigger_target_dag.py
[2024-11-05T10:48:48.852+0000] {processor.py:925} INFO - DAG(s) 'example_trigger_target_dag' retrieved from /home/airflow/.local/lib/python3.12/site-packages/airflow/example_dags/example_trigger_target_dag.py
[2024-11-05T10:48:48.884+0000] {logging_mixin.py:190} INFO - [2024-11-05T10:48:48.884+0000] {dag.py:3239} INFO - Sync 1 DAGs
[2024-11-05T10:48:48.913+0000] {logging_mixin.py:190} INFO - [2024-11-05T10:48:48.912+0000] {dag.py:4180} INFO - Setting next_dagrun for example_trigger_target_dag to None, run_after=None
[2024-11-05T10:48:48.955+0000] {processor.py:208} INFO - Processing /home/airflow/.local/lib/python3.12/site-packages/airflow/example_dags/example_trigger_target_dag.py took 0.132 seconds
[2024-11-05T10:49:19.505+0000] {processor.py:186} INFO - Started process (PID=1583) to work on /home/airflow/.local/lib/python3.12/site-packages/airflow/example_dags/example_trigger_target_dag.py
[2024-11-05T10:49:19.507+0000] {processor.py:914} INFO - Processing file /home/airflow/.local/lib/python3.12/site-packages/airflow/example_dags/example_trigger_target_dag.py for tasks to queue
[2024-11-05T10:49:19.510+0000] {logging_mixin.py:190} INFO - [2024-11-05T10:49:19.509+0000] {dagbag.py:588} INFO - Filling up the DagBag from /home/airflow/.local/lib/python3.12/site-packages/airflow/example_dags/example_trigger_target_dag.py
[2024-11-05T10:49:19.521+0000] {processor.py:925} INFO - DAG(s) 'example_trigger_target_dag' retrieved from /home/airflow/.local/lib/python3.12/site-packages/airflow/example_dags/example_trigger_target_dag.py
[2024-11-05T10:49:19.552+0000] {logging_mixin.py:190} INFO - [2024-11-05T10:49:19.552+0000] {dag.py:3239} INFO - Sync 1 DAGs
[2024-11-05T10:49:19.578+0000] {logging_mixin.py:190} INFO - [2024-11-05T10:49:19.577+0000] {dag.py:4180} INFO - Setting next_dagrun for example_trigger_target_dag to None, run_after=None
[2024-11-05T10:49:19.613+0000] {processor.py:208} INFO - Processing /home/airflow/.local/lib/python3.12/site-packages/airflow/example_dags/example_trigger_target_dag.py took 0.117 seconds
[2024-11-05T10:49:50.152+0000] {processor.py:186} INFO - Started process (PID=1646) to work on /home/airflow/.local/lib/python3.12/site-packages/airflow/example_dags/example_trigger_target_dag.py
[2024-11-05T10:49:50.153+0000] {processor.py:914} INFO - Processing file /home/airflow/.local/lib/python3.12/site-packages/airflow/example_dags/example_trigger_target_dag.py for tasks to queue
[2024-11-05T10:49:50.158+0000] {logging_mixin.py:190} INFO - [2024-11-05T10:49:50.157+0000] {dagbag.py:588} INFO - Filling up the DagBag from /home/airflow/.local/lib/python3.12/site-packages/airflow/example_dags/example_trigger_target_dag.py
[2024-11-05T10:49:50.173+0000] {processor.py:925} INFO - DAG(s) 'example_trigger_target_dag' retrieved from /home/airflow/.local/lib/python3.12/site-packages/airflow/example_dags/example_trigger_target_dag.py
[2024-11-05T10:49:50.209+0000] {logging_mixin.py:190} INFO - [2024-11-05T10:49:50.208+0000] {dag.py:3239} INFO - Sync 1 DAGs
[2024-11-05T10:49:50.236+0000] {logging_mixin.py:190} INFO - [2024-11-05T10:49:50.235+0000] {dag.py:4180} INFO - Setting next_dagrun for example_trigger_target_dag to None, run_after=None
[2024-11-05T10:49:50.271+0000] {processor.py:208} INFO - Processing /home/airflow/.local/lib/python3.12/site-packages/airflow/example_dags/example_trigger_target_dag.py took 0.132 seconds
[2024-11-05T10:50:20.507+0000] {processor.py:186} INFO - Started process (PID=1709) to work on /home/airflow/.local/lib/python3.12/site-packages/airflow/example_dags/example_trigger_target_dag.py
[2024-11-05T10:50:20.508+0000] {processor.py:914} INFO - Processing file /home/airflow/.local/lib/python3.12/site-packages/airflow/example_dags/example_trigger_target_dag.py for tasks to queue
[2024-11-05T10:50:20.512+0000] {logging_mixin.py:190} INFO - [2024-11-05T10:50:20.512+0000] {dagbag.py:588} INFO - Filling up the DagBag from /home/airflow/.local/lib/python3.12/site-packages/airflow/example_dags/example_trigger_target_dag.py
[2024-11-05T10:50:20.530+0000] {processor.py:925} INFO - DAG(s) 'example_trigger_target_dag' retrieved from /home/airflow/.local/lib/python3.12/site-packages/airflow/example_dags/example_trigger_target_dag.py
[2024-11-05T10:50:20.556+0000] {logging_mixin.py:190} INFO - [2024-11-05T10:50:20.556+0000] {dag.py:3239} INFO - Sync 1 DAGs
[2024-11-05T10:50:20.581+0000] {logging_mixin.py:190} INFO - [2024-11-05T10:50:20.581+0000] {dag.py:4180} INFO - Setting next_dagrun for example_trigger_target_dag to None, run_after=None
[2024-11-05T10:50:20.609+0000] {processor.py:208} INFO - Processing /home/airflow/.local/lib/python3.12/site-packages/airflow/example_dags/example_trigger_target_dag.py took 0.112 seconds
[2024-11-05T10:50:51.135+0000] {processor.py:186} INFO - Started process (PID=1771) to work on /home/airflow/.local/lib/python3.12/site-packages/airflow/example_dags/example_trigger_target_dag.py
[2024-11-05T10:50:51.136+0000] {processor.py:914} INFO - Processing file /home/airflow/.local/lib/python3.12/site-packages/airflow/example_dags/example_trigger_target_dag.py for tasks to queue
[2024-11-05T10:50:51.140+0000] {logging_mixin.py:190} INFO - [2024-11-05T10:50:51.140+0000] {dagbag.py:588} INFO - Filling up the DagBag from /home/airflow/.local/lib/python3.12/site-packages/airflow/example_dags/example_trigger_target_dag.py
[2024-11-05T10:50:51.155+0000] {processor.py:925} INFO - DAG(s) 'example_trigger_target_dag' retrieved from /home/airflow/.local/lib/python3.12/site-packages/airflow/example_dags/example_trigger_target_dag.py
[2024-11-05T10:50:51.200+0000] {logging_mixin.py:190} INFO - [2024-11-05T10:50:51.199+0000] {dag.py:3239} INFO - Sync 1 DAGs
[2024-11-05T10:50:51.231+0000] {logging_mixin.py:190} INFO - [2024-11-05T10:50:51.231+0000] {dag.py:4180} INFO - Setting next_dagrun for example_trigger_target_dag to None, run_after=None
[2024-11-05T10:50:51.265+0000] {processor.py:208} INFO - Processing /home/airflow/.local/lib/python3.12/site-packages/airflow/example_dags/example_trigger_target_dag.py took 0.140 seconds
[2024-11-05T10:51:21.789+0000] {processor.py:186} INFO - Started process (PID=1834) to work on /home/airflow/.local/lib/python3.12/site-packages/airflow/example_dags/example_trigger_target_dag.py
[2024-11-05T10:51:21.793+0000] {processor.py:914} INFO - Processing file /home/airflow/.local/lib/python3.12/site-packages/airflow/example_dags/example_trigger_target_dag.py for tasks to queue
[2024-11-05T10:51:21.800+0000] {logging_mixin.py:190} INFO - [2024-11-05T10:51:21.798+0000] {dagbag.py:588} INFO - Filling up the DagBag from /home/airflow/.local/lib/python3.12/site-packages/airflow/example_dags/example_trigger_target_dag.py
[2024-11-05T10:51:21.813+0000] {processor.py:925} INFO - DAG(s) 'example_trigger_target_dag' retrieved from /home/airflow/.local/lib/python3.12/site-packages/airflow/example_dags/example_trigger_target_dag.py
[2024-11-05T10:51:21.853+0000] {logging_mixin.py:190} INFO - [2024-11-05T10:51:21.853+0000] {dag.py:3239} INFO - Sync 1 DAGs
[2024-11-05T10:51:21.880+0000] {logging_mixin.py:190} INFO - [2024-11-05T10:51:21.880+0000] {dag.py:4180} INFO - Setting next_dagrun for example_trigger_target_dag to None, run_after=None
[2024-11-05T10:51:21.910+0000] {processor.py:208} INFO - Processing /home/airflow/.local/lib/python3.12/site-packages/airflow/example_dags/example_trigger_target_dag.py took 0.135 seconds
[2024-11-05T10:51:52.671+0000] {processor.py:186} INFO - Started process (PID=1897) to work on /home/airflow/.local/lib/python3.12/site-packages/airflow/example_dags/example_trigger_target_dag.py
[2024-11-05T10:51:52.672+0000] {processor.py:914} INFO - Processing file /home/airflow/.local/lib/python3.12/site-packages/airflow/example_dags/example_trigger_target_dag.py for tasks to queue
[2024-11-05T10:51:52.675+0000] {logging_mixin.py:190} INFO - [2024-11-05T10:51:52.675+0000] {dagbag.py:588} INFO - Filling up the DagBag from /home/airflow/.local/lib/python3.12/site-packages/airflow/example_dags/example_trigger_target_dag.py
[2024-11-05T10:51:52.686+0000] {processor.py:925} INFO - DAG(s) 'example_trigger_target_dag' retrieved from /home/airflow/.local/lib/python3.12/site-packages/airflow/example_dags/example_trigger_target_dag.py
[2024-11-05T10:51:52.707+0000] {logging_mixin.py:190} INFO - [2024-11-05T10:51:52.707+0000] {dag.py:3239} INFO - Sync 1 DAGs
[2024-11-05T10:51:52.731+0000] {logging_mixin.py:190} INFO - [2024-11-05T10:51:52.731+0000] {dag.py:4180} INFO - Setting next_dagrun for example_trigger_target_dag to None, run_after=None
[2024-11-05T10:51:52.762+0000] {processor.py:208} INFO - Processing /home/airflow/.local/lib/python3.12/site-packages/airflow/example_dags/example_trigger_target_dag.py took 0.097 seconds
[2024-11-05T10:52:22.968+0000] {processor.py:186} INFO - Started process (PID=1961) to work on /home/airflow/.local/lib/python3.12/site-packages/airflow/example_dags/example_trigger_target_dag.py
[2024-11-05T10:52:22.970+0000] {processor.py:914} INFO - Processing file /home/airflow/.local/lib/python3.12/site-packages/airflow/example_dags/example_trigger_target_dag.py for tasks to queue
[2024-11-05T10:52:22.974+0000] {logging_mixin.py:190} INFO - [2024-11-05T10:52:22.973+0000] {dagbag.py:588} INFO - Filling up the DagBag from /home/airflow/.local/lib/python3.12/site-packages/airflow/example_dags/example_trigger_target_dag.py
[2024-11-05T10:52:22.987+0000] {processor.py:925} INFO - DAG(s) 'example_trigger_target_dag' retrieved from /home/airflow/.local/lib/python3.12/site-packages/airflow/example_dags/example_trigger_target_dag.py
[2024-11-05T10:52:23.027+0000] {logging_mixin.py:190} INFO - [2024-11-05T10:52:23.026+0000] {dag.py:3239} INFO - Sync 1 DAGs
[2024-11-05T10:52:23.060+0000] {logging_mixin.py:190} INFO - [2024-11-05T10:52:23.059+0000] {dag.py:4180} INFO - Setting next_dagrun for example_trigger_target_dag to None, run_after=None
[2024-11-05T10:52:23.102+0000] {processor.py:208} INFO - Processing /home/airflow/.local/lib/python3.12/site-packages/airflow/example_dags/example_trigger_target_dag.py took 0.145 seconds
[2024-11-05T10:52:53.587+0000] {processor.py:186} INFO - Started process (PID=2024) to work on /home/airflow/.local/lib/python3.12/site-packages/airflow/example_dags/example_trigger_target_dag.py
[2024-11-05T10:52:53.589+0000] {processor.py:914} INFO - Processing file /home/airflow/.local/lib/python3.12/site-packages/airflow/example_dags/example_trigger_target_dag.py for tasks to queue
[2024-11-05T10:52:53.594+0000] {logging_mixin.py:190} INFO - [2024-11-05T10:52:53.594+0000] {dagbag.py:588} INFO - Filling up the DagBag from /home/airflow/.local/lib/python3.12/site-packages/airflow/example_dags/example_trigger_target_dag.py
[2024-11-05T10:52:53.608+0000] {processor.py:925} INFO - DAG(s) 'example_trigger_target_dag' retrieved from /home/airflow/.local/lib/python3.12/site-packages/airflow/example_dags/example_trigger_target_dag.py
[2024-11-05T10:52:53.643+0000] {logging_mixin.py:190} INFO - [2024-11-05T10:52:53.643+0000] {dag.py:3239} INFO - Sync 1 DAGs
[2024-11-05T10:52:53.678+0000] {logging_mixin.py:190} INFO - [2024-11-05T10:52:53.677+0000] {dag.py:4180} INFO - Setting next_dagrun for example_trigger_target_dag to None, run_after=None
[2024-11-05T10:52:53.708+0000] {processor.py:208} INFO - Processing /home/airflow/.local/lib/python3.12/site-packages/airflow/example_dags/example_trigger_target_dag.py took 0.133 seconds
[2024-11-05T10:53:23.969+0000] {processor.py:186} INFO - Started process (PID=2087) to work on /home/airflow/.local/lib/python3.12/site-packages/airflow/example_dags/example_trigger_target_dag.py
[2024-11-05T10:53:23.970+0000] {processor.py:914} INFO - Processing file /home/airflow/.local/lib/python3.12/site-packages/airflow/example_dags/example_trigger_target_dag.py for tasks to queue
[2024-11-05T10:53:23.974+0000] {logging_mixin.py:190} INFO - [2024-11-05T10:53:23.973+0000] {dagbag.py:588} INFO - Filling up the DagBag from /home/airflow/.local/lib/python3.12/site-packages/airflow/example_dags/example_trigger_target_dag.py
[2024-11-05T10:53:23.988+0000] {processor.py:925} INFO - DAG(s) 'example_trigger_target_dag' retrieved from /home/airflow/.local/lib/python3.12/site-packages/airflow/example_dags/example_trigger_target_dag.py
[2024-11-05T10:53:24.023+0000] {logging_mixin.py:190} INFO - [2024-11-05T10:53:24.023+0000] {dag.py:3239} INFO - Sync 1 DAGs
[2024-11-05T10:53:24.046+0000] {logging_mixin.py:190} INFO - [2024-11-05T10:53:24.045+0000] {dag.py:4180} INFO - Setting next_dagrun for example_trigger_target_dag to None, run_after=None
[2024-11-05T10:53:24.078+0000] {processor.py:208} INFO - Processing /home/airflow/.local/lib/python3.12/site-packages/airflow/example_dags/example_trigger_target_dag.py took 0.119 seconds
[2024-11-05T10:53:54.299+0000] {processor.py:186} INFO - Started process (PID=2150) to work on /home/airflow/.local/lib/python3.12/site-packages/airflow/example_dags/example_trigger_target_dag.py
[2024-11-05T10:53:54.305+0000] {processor.py:914} INFO - Processing file /home/airflow/.local/lib/python3.12/site-packages/airflow/example_dags/example_trigger_target_dag.py for tasks to queue
[2024-11-05T10:53:54.307+0000] {logging_mixin.py:190} INFO - [2024-11-05T10:53:54.307+0000] {dagbag.py:588} INFO - Filling up the DagBag from /home/airflow/.local/lib/python3.12/site-packages/airflow/example_dags/example_trigger_target_dag.py
[2024-11-05T10:53:54.318+0000] {processor.py:925} INFO - DAG(s) 'example_trigger_target_dag' retrieved from /home/airflow/.local/lib/python3.12/site-packages/airflow/example_dags/example_trigger_target_dag.py
[2024-11-05T10:53:54.349+0000] {logging_mixin.py:190} INFO - [2024-11-05T10:53:54.349+0000] {dag.py:3239} INFO - Sync 1 DAGs
[2024-11-05T10:53:54.375+0000] {logging_mixin.py:190} INFO - [2024-11-05T10:53:54.374+0000] {dag.py:4180} INFO - Setting next_dagrun for example_trigger_target_dag to None, run_after=None
[2024-11-05T10:53:54.408+0000] {processor.py:208} INFO - Processing /home/airflow/.local/lib/python3.12/site-packages/airflow/example_dags/example_trigger_target_dag.py took 0.127 seconds
[2024-11-05T10:54:24.533+0000] {processor.py:186} INFO - Started process (PID=2213) to work on /home/airflow/.local/lib/python3.12/site-packages/airflow/example_dags/example_trigger_target_dag.py
[2024-11-05T10:54:24.534+0000] {processor.py:914} INFO - Processing file /home/airflow/.local/lib/python3.12/site-packages/airflow/example_dags/example_trigger_target_dag.py for tasks to queue
[2024-11-05T10:54:24.537+0000] {logging_mixin.py:190} INFO - [2024-11-05T10:54:24.536+0000] {dagbag.py:588} INFO - Filling up the DagBag from /home/airflow/.local/lib/python3.12/site-packages/airflow/example_dags/example_trigger_target_dag.py
[2024-11-05T10:54:24.544+0000] {processor.py:925} INFO - DAG(s) 'example_trigger_target_dag' retrieved from /home/airflow/.local/lib/python3.12/site-packages/airflow/example_dags/example_trigger_target_dag.py
[2024-11-05T10:54:24.562+0000] {logging_mixin.py:190} INFO - [2024-11-05T10:54:24.562+0000] {dag.py:3239} INFO - Sync 1 DAGs
[2024-11-05T10:54:24.577+0000] {logging_mixin.py:190} INFO - [2024-11-05T10:54:24.577+0000] {dag.py:4180} INFO - Setting next_dagrun for example_trigger_target_dag to None, run_after=None
[2024-11-05T10:54:24.595+0000] {processor.py:208} INFO - Processing /home/airflow/.local/lib/python3.12/site-packages/airflow/example_dags/example_trigger_target_dag.py took 0.068 seconds
