[2024-11-05T10:37:08.263+0000] {processor.py:186} INFO - Started process (PID=84) to work on /home/airflow/.local/lib/python3.12/site-packages/airflow/example_dags/example_xcomargs.py
[2024-11-05T10:37:08.264+0000] {processor.py:914} INFO - Processing file /home/airflow/.local/lib/python3.12/site-packages/airflow/example_dags/example_xcomargs.py for tasks to queue
[2024-11-05T10:37:08.267+0000] {logging_mixin.py:190} INFO - [2024-11-05T10:37:08.266+0000] {dagbag.py:588} INFO - Filling up the DagBag from /home/airflow/.local/lib/python3.12/site-packages/airflow/example_dags/example_xcomargs.py
[2024-11-05T10:37:08.278+0000] {processor.py:925} INFO - DAG(s) 'example_xcom_args_with_operators', 'example_xcom_args' retrieved from /home/airflow/.local/lib/python3.12/site-packages/airflow/example_dags/example_xcomargs.py
[2024-11-05T10:37:08.486+0000] {logging_mixin.py:190} INFO - [2024-11-05T10:37:08.485+0000] {override.py:1900} INFO - Created Permission View: can delete on DAG:example_xcom_args_with_operators
[2024-11-05T10:37:08.501+0000] {logging_mixin.py:190} INFO - [2024-11-05T10:37:08.501+0000] {override.py:1900} INFO - Created Permission View: can read on DAG:example_xcom_args_with_operators
[2024-11-05T10:37:08.515+0000] {logging_mixin.py:190} INFO - [2024-11-05T10:37:08.514+0000] {override.py:1900} INFO - Created Permission View: can edit on DAG:example_xcom_args_with_operators
[2024-11-05T10:37:08.526+0000] {logging_mixin.py:190} INFO - [2024-11-05T10:37:08.525+0000] {override.py:1900} INFO - Created Permission View: can delete on DAG Run:example_xcom_args_with_operators
[2024-11-05T10:37:08.536+0000] {logging_mixin.py:190} INFO - [2024-11-05T10:37:08.536+0000] {override.py:1900} INFO - Created Permission View: can create on DAG Run:example_xcom_args_with_operators
[2024-11-05T10:37:08.550+0000] {logging_mixin.py:190} INFO - [2024-11-05T10:37:08.549+0000] {override.py:1900} INFO - Created Permission View: can read on DAG Run:example_xcom_args_with_operators
[2024-11-05T10:37:08.561+0000] {logging_mixin.py:190} INFO - [2024-11-05T10:37:08.560+0000] {override.py:1900} INFO - Created Permission View: menu access on DAG Run:example_xcom_args_with_operators
[2024-11-05T10:37:08.580+0000] {logging_mixin.py:190} INFO - [2024-11-05T10:37:08.579+0000] {override.py:1900} INFO - Created Permission View: can delete on DAG:example_xcom_args
[2024-11-05T10:37:08.590+0000] {logging_mixin.py:190} INFO - [2024-11-05T10:37:08.590+0000] {override.py:1900} INFO - Created Permission View: can read on DAG:example_xcom_args
[2024-11-05T10:37:08.600+0000] {logging_mixin.py:190} INFO - [2024-11-05T10:37:08.600+0000] {override.py:1900} INFO - Created Permission View: can edit on DAG:example_xcom_args
[2024-11-05T10:37:08.611+0000] {logging_mixin.py:190} INFO - [2024-11-05T10:37:08.611+0000] {override.py:1900} INFO - Created Permission View: can delete on DAG Run:example_xcom_args
[2024-11-05T10:37:08.622+0000] {logging_mixin.py:190} INFO - [2024-11-05T10:37:08.622+0000] {override.py:1900} INFO - Created Permission View: can create on DAG Run:example_xcom_args
[2024-11-05T10:37:08.632+0000] {logging_mixin.py:190} INFO - [2024-11-05T10:37:08.631+0000] {override.py:1900} INFO - Created Permission View: can read on DAG Run:example_xcom_args
[2024-11-05T10:37:08.641+0000] {logging_mixin.py:190} INFO - [2024-11-05T10:37:08.641+0000] {override.py:1900} INFO - Created Permission View: menu access on DAG Run:example_xcom_args
[2024-11-05T10:37:08.642+0000] {logging_mixin.py:190} INFO - [2024-11-05T10:37:08.642+0000] {dag.py:3239} INFO - Sync 2 DAGs
[2024-11-05T10:37:08.662+0000] {logging_mixin.py:190} INFO - [2024-11-05T10:37:08.661+0000] {dag.py:3262} INFO - Creating ORM DAG for example_xcom_args
[2024-11-05T10:37:08.663+0000] {logging_mixin.py:190} INFO - [2024-11-05T10:37:08.662+0000] {dag.py:3262} INFO - Creating ORM DAG for example_xcom_args_with_operators
[2024-11-05T10:37:08.664+0000] {logging_mixin.py:190} INFO - [2024-11-05T10:37:08.664+0000] {dag.py:4180} INFO - Setting next_dagrun for example_xcom_args to None, run_after=None
[2024-11-05T10:37:08.665+0000] {logging_mixin.py:190} INFO - [2024-11-05T10:37:08.665+0000] {dag.py:4180} INFO - Setting next_dagrun for example_xcom_args_with_operators to None, run_after=None
[2024-11-05T10:37:08.697+0000] {processor.py:208} INFO - Processing /home/airflow/.local/lib/python3.12/site-packages/airflow/example_dags/example_xcomargs.py took 0.439 seconds
[2024-11-05T10:37:39.156+0000] {processor.py:186} INFO - Started process (PID=146) to work on /home/airflow/.local/lib/python3.12/site-packages/airflow/example_dags/example_xcomargs.py
[2024-11-05T10:37:39.158+0000] {processor.py:914} INFO - Processing file /home/airflow/.local/lib/python3.12/site-packages/airflow/example_dags/example_xcomargs.py for tasks to queue
[2024-11-05T10:37:39.160+0000] {logging_mixin.py:190} INFO - [2024-11-05T10:37:39.159+0000] {dagbag.py:588} INFO - Filling up the DagBag from /home/airflow/.local/lib/python3.12/site-packages/airflow/example_dags/example_xcomargs.py
[2024-11-05T10:37:39.173+0000] {processor.py:925} INFO - DAG(s) 'example_xcom_args_with_operators', 'example_xcom_args' retrieved from /home/airflow/.local/lib/python3.12/site-packages/airflow/example_dags/example_xcomargs.py
[2024-11-05T10:37:39.198+0000] {logging_mixin.py:190} INFO - [2024-11-05T10:37:39.198+0000] {dag.py:3239} INFO - Sync 2 DAGs
[2024-11-05T10:37:39.222+0000] {logging_mixin.py:190} INFO - [2024-11-05T10:37:39.222+0000] {dag.py:4180} INFO - Setting next_dagrun for example_xcom_args to None, run_after=None
[2024-11-05T10:37:39.227+0000] {logging_mixin.py:190} INFO - [2024-11-05T10:37:39.226+0000] {dag.py:4180} INFO - Setting next_dagrun for example_xcom_args_with_operators to None, run_after=None
[2024-11-05T10:37:39.246+0000] {processor.py:208} INFO - Processing /home/airflow/.local/lib/python3.12/site-packages/airflow/example_dags/example_xcomargs.py took 0.095 seconds
[2024-11-05T10:38:09.308+0000] {processor.py:186} INFO - Started process (PID=209) to work on /home/airflow/.local/lib/python3.12/site-packages/airflow/example_dags/example_xcomargs.py
[2024-11-05T10:38:09.309+0000] {processor.py:914} INFO - Processing file /home/airflow/.local/lib/python3.12/site-packages/airflow/example_dags/example_xcomargs.py for tasks to queue
[2024-11-05T10:38:09.311+0000] {logging_mixin.py:190} INFO - [2024-11-05T10:38:09.311+0000] {dagbag.py:588} INFO - Filling up the DagBag from /home/airflow/.local/lib/python3.12/site-packages/airflow/example_dags/example_xcomargs.py
[2024-11-05T10:38:09.322+0000] {processor.py:925} INFO - DAG(s) 'example_xcom_args', 'example_xcom_args_with_operators' retrieved from /home/airflow/.local/lib/python3.12/site-packages/airflow/example_dags/example_xcomargs.py
[2024-11-05T10:38:09.351+0000] {logging_mixin.py:190} INFO - [2024-11-05T10:38:09.350+0000] {dag.py:3239} INFO - Sync 2 DAGs
[2024-11-05T10:38:09.375+0000] {logging_mixin.py:190} INFO - [2024-11-05T10:38:09.374+0000] {dag.py:4180} INFO - Setting next_dagrun for example_xcom_args to None, run_after=None
[2024-11-05T10:38:09.381+0000] {logging_mixin.py:190} INFO - [2024-11-05T10:38:09.381+0000] {dag.py:4180} INFO - Setting next_dagrun for example_xcom_args_with_operators to None, run_after=None
[2024-11-05T10:38:09.404+0000] {processor.py:208} INFO - Processing /home/airflow/.local/lib/python3.12/site-packages/airflow/example_dags/example_xcomargs.py took 0.103 seconds
[2024-11-05T10:38:39.969+0000] {processor.py:186} INFO - Started process (PID=272) to work on /home/airflow/.local/lib/python3.12/site-packages/airflow/example_dags/example_xcomargs.py
[2024-11-05T10:38:39.971+0000] {processor.py:914} INFO - Processing file /home/airflow/.local/lib/python3.12/site-packages/airflow/example_dags/example_xcomargs.py for tasks to queue
[2024-11-05T10:38:39.974+0000] {logging_mixin.py:190} INFO - [2024-11-05T10:38:39.974+0000] {dagbag.py:588} INFO - Filling up the DagBag from /home/airflow/.local/lib/python3.12/site-packages/airflow/example_dags/example_xcomargs.py
[2024-11-05T10:38:39.991+0000] {processor.py:925} INFO - DAG(s) 'example_xcom_args', 'example_xcom_args_with_operators' retrieved from /home/airflow/.local/lib/python3.12/site-packages/airflow/example_dags/example_xcomargs.py
[2024-11-05T10:38:40.022+0000] {logging_mixin.py:190} INFO - [2024-11-05T10:38:40.021+0000] {dag.py:3239} INFO - Sync 2 DAGs
[2024-11-05T10:38:40.038+0000] {logging_mixin.py:190} INFO - [2024-11-05T10:38:40.038+0000] {dag.py:4180} INFO - Setting next_dagrun for example_xcom_args to None, run_after=None
[2024-11-05T10:38:40.042+0000] {logging_mixin.py:190} INFO - [2024-11-05T10:38:40.042+0000] {dag.py:4180} INFO - Setting next_dagrun for example_xcom_args_with_operators to None, run_after=None
[2024-11-05T10:38:40.063+0000] {processor.py:208} INFO - Processing /home/airflow/.local/lib/python3.12/site-packages/airflow/example_dags/example_xcomargs.py took 0.102 seconds
[2024-11-05T10:39:11.029+0000] {processor.py:186} INFO - Started process (PID=334) to work on /home/airflow/.local/lib/python3.12/site-packages/airflow/example_dags/example_xcomargs.py
[2024-11-05T10:39:11.030+0000] {processor.py:914} INFO - Processing file /home/airflow/.local/lib/python3.12/site-packages/airflow/example_dags/example_xcomargs.py for tasks to queue
[2024-11-05T10:39:11.036+0000] {logging_mixin.py:190} INFO - [2024-11-05T10:39:11.035+0000] {dagbag.py:588} INFO - Filling up the DagBag from /home/airflow/.local/lib/python3.12/site-packages/airflow/example_dags/example_xcomargs.py
[2024-11-05T10:39:11.053+0000] {processor.py:925} INFO - DAG(s) 'example_xcom_args_with_operators', 'example_xcom_args' retrieved from /home/airflow/.local/lib/python3.12/site-packages/airflow/example_dags/example_xcomargs.py
[2024-11-05T10:39:11.102+0000] {logging_mixin.py:190} INFO - [2024-11-05T10:39:11.101+0000] {dag.py:3239} INFO - Sync 2 DAGs
[2024-11-05T10:39:11.127+0000] {logging_mixin.py:190} INFO - [2024-11-05T10:39:11.127+0000] {dag.py:4180} INFO - Setting next_dagrun for example_xcom_args to None, run_after=None
[2024-11-05T10:39:11.133+0000] {logging_mixin.py:190} INFO - [2024-11-05T10:39:11.133+0000] {dag.py:4180} INFO - Setting next_dagrun for example_xcom_args_with_operators to None, run_after=None
[2024-11-05T10:39:11.158+0000] {processor.py:208} INFO - Processing /home/airflow/.local/lib/python3.12/site-packages/airflow/example_dags/example_xcomargs.py took 0.139 seconds
[2024-11-05T10:39:41.732+0000] {processor.py:186} INFO - Started process (PID=396) to work on /home/airflow/.local/lib/python3.12/site-packages/airflow/example_dags/example_xcomargs.py
[2024-11-05T10:39:41.733+0000] {processor.py:914} INFO - Processing file /home/airflow/.local/lib/python3.12/site-packages/airflow/example_dags/example_xcomargs.py for tasks to queue
[2024-11-05T10:39:41.736+0000] {logging_mixin.py:190} INFO - [2024-11-05T10:39:41.736+0000] {dagbag.py:588} INFO - Filling up the DagBag from /home/airflow/.local/lib/python3.12/site-packages/airflow/example_dags/example_xcomargs.py
[2024-11-05T10:39:41.751+0000] {processor.py:925} INFO - DAG(s) 'example_xcom_args', 'example_xcom_args_with_operators' retrieved from /home/airflow/.local/lib/python3.12/site-packages/airflow/example_dags/example_xcomargs.py
[2024-11-05T10:39:41.779+0000] {logging_mixin.py:190} INFO - [2024-11-05T10:39:41.779+0000] {dag.py:3239} INFO - Sync 2 DAGs
[2024-11-05T10:39:41.804+0000] {logging_mixin.py:190} INFO - [2024-11-05T10:39:41.804+0000] {dag.py:4180} INFO - Setting next_dagrun for example_xcom_args to None, run_after=None
[2024-11-05T10:39:41.810+0000] {logging_mixin.py:190} INFO - [2024-11-05T10:39:41.810+0000] {dag.py:4180} INFO - Setting next_dagrun for example_xcom_args_with_operators to None, run_after=None
[2024-11-05T10:39:41.830+0000] {processor.py:208} INFO - Processing /home/airflow/.local/lib/python3.12/site-packages/airflow/example_dags/example_xcomargs.py took 0.104 seconds
[2024-11-05T10:40:12.072+0000] {processor.py:186} INFO - Started process (PID=459) to work on /home/airflow/.local/lib/python3.12/site-packages/airflow/example_dags/example_xcomargs.py
[2024-11-05T10:40:12.073+0000] {processor.py:914} INFO - Processing file /home/airflow/.local/lib/python3.12/site-packages/airflow/example_dags/example_xcomargs.py for tasks to queue
[2024-11-05T10:40:12.076+0000] {logging_mixin.py:190} INFO - [2024-11-05T10:40:12.076+0000] {dagbag.py:588} INFO - Filling up the DagBag from /home/airflow/.local/lib/python3.12/site-packages/airflow/example_dags/example_xcomargs.py
[2024-11-05T10:40:12.089+0000] {processor.py:925} INFO - DAG(s) 'example_xcom_args', 'example_xcom_args_with_operators' retrieved from /home/airflow/.local/lib/python3.12/site-packages/airflow/example_dags/example_xcomargs.py
[2024-11-05T10:40:12.114+0000] {logging_mixin.py:190} INFO - [2024-11-05T10:40:12.113+0000] {dag.py:3239} INFO - Sync 2 DAGs
[2024-11-05T10:40:12.134+0000] {logging_mixin.py:190} INFO - [2024-11-05T10:40:12.134+0000] {dag.py:4180} INFO - Setting next_dagrun for example_xcom_args to None, run_after=None
[2024-11-05T10:40:12.138+0000] {logging_mixin.py:190} INFO - [2024-11-05T10:40:12.138+0000] {dag.py:4180} INFO - Setting next_dagrun for example_xcom_args_with_operators to None, run_after=None
[2024-11-05T10:40:12.157+0000] {processor.py:208} INFO - Processing /home/airflow/.local/lib/python3.12/site-packages/airflow/example_dags/example_xcomargs.py took 0.091 seconds
[2024-11-05T10:40:42.487+0000] {processor.py:186} INFO - Started process (PID=522) to work on /home/airflow/.local/lib/python3.12/site-packages/airflow/example_dags/example_xcomargs.py
[2024-11-05T10:40:42.489+0000] {processor.py:914} INFO - Processing file /home/airflow/.local/lib/python3.12/site-packages/airflow/example_dags/example_xcomargs.py for tasks to queue
[2024-11-05T10:40:42.491+0000] {logging_mixin.py:190} INFO - [2024-11-05T10:40:42.491+0000] {dagbag.py:588} INFO - Filling up the DagBag from /home/airflow/.local/lib/python3.12/site-packages/airflow/example_dags/example_xcomargs.py
[2024-11-05T10:40:42.504+0000] {processor.py:925} INFO - DAG(s) 'example_xcom_args_with_operators', 'example_xcom_args' retrieved from /home/airflow/.local/lib/python3.12/site-packages/airflow/example_dags/example_xcomargs.py
[2024-11-05T10:40:42.533+0000] {logging_mixin.py:190} INFO - [2024-11-05T10:40:42.533+0000] {dag.py:3239} INFO - Sync 2 DAGs
[2024-11-05T10:40:42.555+0000] {logging_mixin.py:190} INFO - [2024-11-05T10:40:42.554+0000] {dag.py:4180} INFO - Setting next_dagrun for example_xcom_args to None, run_after=None
[2024-11-05T10:40:42.560+0000] {logging_mixin.py:190} INFO - [2024-11-05T10:40:42.560+0000] {dag.py:4180} INFO - Setting next_dagrun for example_xcom_args_with_operators to None, run_after=None
[2024-11-05T10:40:42.582+0000] {processor.py:208} INFO - Processing /home/airflow/.local/lib/python3.12/site-packages/airflow/example_dags/example_xcomargs.py took 0.103 seconds
[2024-11-05T10:41:12.730+0000] {processor.py:186} INFO - Started process (PID=585) to work on /home/airflow/.local/lib/python3.12/site-packages/airflow/example_dags/example_xcomargs.py
[2024-11-05T10:41:12.732+0000] {processor.py:914} INFO - Processing file /home/airflow/.local/lib/python3.12/site-packages/airflow/example_dags/example_xcomargs.py for tasks to queue
[2024-11-05T10:41:12.735+0000] {logging_mixin.py:190} INFO - [2024-11-05T10:41:12.734+0000] {dagbag.py:588} INFO - Filling up the DagBag from /home/airflow/.local/lib/python3.12/site-packages/airflow/example_dags/example_xcomargs.py
[2024-11-05T10:41:12.748+0000] {processor.py:925} INFO - DAG(s) 'example_xcom_args', 'example_xcom_args_with_operators' retrieved from /home/airflow/.local/lib/python3.12/site-packages/airflow/example_dags/example_xcomargs.py
[2024-11-05T10:41:12.779+0000] {logging_mixin.py:190} INFO - [2024-11-05T10:41:12.779+0000] {dag.py:3239} INFO - Sync 2 DAGs
[2024-11-05T10:41:12.797+0000] {logging_mixin.py:190} INFO - [2024-11-05T10:41:12.797+0000] {dag.py:4180} INFO - Setting next_dagrun for example_xcom_args to None, run_after=None
[2024-11-05T10:41:12.801+0000] {logging_mixin.py:190} INFO - [2024-11-05T10:41:12.801+0000] {dag.py:4180} INFO - Setting next_dagrun for example_xcom_args_with_operators to None, run_after=None
[2024-11-05T10:41:12.822+0000] {processor.py:208} INFO - Processing /home/airflow/.local/lib/python3.12/site-packages/airflow/example_dags/example_xcomargs.py took 0.099 seconds
[2024-11-05T10:41:42.957+0000] {processor.py:186} INFO - Started process (PID=648) to work on /home/airflow/.local/lib/python3.12/site-packages/airflow/example_dags/example_xcomargs.py
[2024-11-05T10:41:42.958+0000] {processor.py:914} INFO - Processing file /home/airflow/.local/lib/python3.12/site-packages/airflow/example_dags/example_xcomargs.py for tasks to queue
[2024-11-05T10:41:42.960+0000] {logging_mixin.py:190} INFO - [2024-11-05T10:41:42.960+0000] {dagbag.py:588} INFO - Filling up the DagBag from /home/airflow/.local/lib/python3.12/site-packages/airflow/example_dags/example_xcomargs.py
[2024-11-05T10:41:42.975+0000] {processor.py:925} INFO - DAG(s) 'example_xcom_args_with_operators', 'example_xcom_args' retrieved from /home/airflow/.local/lib/python3.12/site-packages/airflow/example_dags/example_xcomargs.py
[2024-11-05T10:41:43.003+0000] {logging_mixin.py:190} INFO - [2024-11-05T10:41:43.002+0000] {dag.py:3239} INFO - Sync 2 DAGs
[2024-11-05T10:41:43.020+0000] {logging_mixin.py:190} INFO - [2024-11-05T10:41:43.020+0000] {dag.py:4180} INFO - Setting next_dagrun for example_xcom_args to None, run_after=None
[2024-11-05T10:41:43.026+0000] {logging_mixin.py:190} INFO - [2024-11-05T10:41:43.026+0000] {dag.py:4180} INFO - Setting next_dagrun for example_xcom_args_with_operators to None, run_after=None
[2024-11-05T10:41:43.047+0000] {processor.py:208} INFO - Processing /home/airflow/.local/lib/python3.12/site-packages/airflow/example_dags/example_xcomargs.py took 0.097 seconds
[2024-11-05T10:42:13.595+0000] {processor.py:186} INFO - Started process (PID=711) to work on /home/airflow/.local/lib/python3.12/site-packages/airflow/example_dags/example_xcomargs.py
[2024-11-05T10:42:13.596+0000] {processor.py:914} INFO - Processing file /home/airflow/.local/lib/python3.12/site-packages/airflow/example_dags/example_xcomargs.py for tasks to queue
[2024-11-05T10:42:13.598+0000] {logging_mixin.py:190} INFO - [2024-11-05T10:42:13.598+0000] {dagbag.py:588} INFO - Filling up the DagBag from /home/airflow/.local/lib/python3.12/site-packages/airflow/example_dags/example_xcomargs.py
[2024-11-05T10:42:13.611+0000] {processor.py:925} INFO - DAG(s) 'example_xcom_args_with_operators', 'example_xcom_args' retrieved from /home/airflow/.local/lib/python3.12/site-packages/airflow/example_dags/example_xcomargs.py
[2024-11-05T10:42:13.638+0000] {logging_mixin.py:190} INFO - [2024-11-05T10:42:13.637+0000] {dag.py:3239} INFO - Sync 2 DAGs
[2024-11-05T10:42:13.654+0000] {logging_mixin.py:190} INFO - [2024-11-05T10:42:13.654+0000] {dag.py:4180} INFO - Setting next_dagrun for example_xcom_args to None, run_after=None
[2024-11-05T10:42:13.658+0000] {logging_mixin.py:190} INFO - [2024-11-05T10:42:13.658+0000] {dag.py:4180} INFO - Setting next_dagrun for example_xcom_args_with_operators to None, run_after=None
[2024-11-05T10:42:13.676+0000] {processor.py:208} INFO - Processing /home/airflow/.local/lib/python3.12/site-packages/airflow/example_dags/example_xcomargs.py took 0.088 seconds
[2024-11-05T10:42:43.991+0000] {processor.py:186} INFO - Started process (PID=773) to work on /home/airflow/.local/lib/python3.12/site-packages/airflow/example_dags/example_xcomargs.py
[2024-11-05T10:42:43.991+0000] {processor.py:914} INFO - Processing file /home/airflow/.local/lib/python3.12/site-packages/airflow/example_dags/example_xcomargs.py for tasks to queue
[2024-11-05T10:42:43.994+0000] {logging_mixin.py:190} INFO - [2024-11-05T10:42:43.994+0000] {dagbag.py:588} INFO - Filling up the DagBag from /home/airflow/.local/lib/python3.12/site-packages/airflow/example_dags/example_xcomargs.py
[2024-11-05T10:42:44.008+0000] {processor.py:925} INFO - DAG(s) 'example_xcom_args_with_operators', 'example_xcom_args' retrieved from /home/airflow/.local/lib/python3.12/site-packages/airflow/example_dags/example_xcomargs.py
[2024-11-05T10:42:44.035+0000] {logging_mixin.py:190} INFO - [2024-11-05T10:42:44.035+0000] {dag.py:3239} INFO - Sync 2 DAGs
[2024-11-05T10:42:44.053+0000] {logging_mixin.py:190} INFO - [2024-11-05T10:42:44.052+0000] {dag.py:4180} INFO - Setting next_dagrun for example_xcom_args to None, run_after=None
[2024-11-05T10:42:44.057+0000] {logging_mixin.py:190} INFO - [2024-11-05T10:42:44.057+0000] {dag.py:4180} INFO - Setting next_dagrun for example_xcom_args_with_operators to None, run_after=None
[2024-11-05T10:42:44.079+0000] {processor.py:208} INFO - Processing /home/airflow/.local/lib/python3.12/site-packages/airflow/example_dags/example_xcomargs.py took 0.095 seconds
[2024-11-05T10:43:14.947+0000] {processor.py:186} INFO - Started process (PID=836) to work on /home/airflow/.local/lib/python3.12/site-packages/airflow/example_dags/example_xcomargs.py
[2024-11-05T10:43:14.948+0000] {processor.py:914} INFO - Processing file /home/airflow/.local/lib/python3.12/site-packages/airflow/example_dags/example_xcomargs.py for tasks to queue
[2024-11-05T10:43:14.951+0000] {logging_mixin.py:190} INFO - [2024-11-05T10:43:14.951+0000] {dagbag.py:588} INFO - Filling up the DagBag from /home/airflow/.local/lib/python3.12/site-packages/airflow/example_dags/example_xcomargs.py
[2024-11-05T10:43:14.965+0000] {processor.py:925} INFO - DAG(s) 'example_xcom_args', 'example_xcom_args_with_operators' retrieved from /home/airflow/.local/lib/python3.12/site-packages/airflow/example_dags/example_xcomargs.py
[2024-11-05T10:43:15.009+0000] {logging_mixin.py:190} INFO - [2024-11-05T10:43:15.009+0000] {dag.py:3239} INFO - Sync 2 DAGs
[2024-11-05T10:43:15.035+0000] {logging_mixin.py:190} INFO - [2024-11-05T10:43:15.034+0000] {dag.py:4180} INFO - Setting next_dagrun for example_xcom_args to None, run_after=None
[2024-11-05T10:43:15.042+0000] {logging_mixin.py:190} INFO - [2024-11-05T10:43:15.041+0000] {dag.py:4180} INFO - Setting next_dagrun for example_xcom_args_with_operators to None, run_after=None
[2024-11-05T10:43:15.065+0000] {processor.py:208} INFO - Processing /home/airflow/.local/lib/python3.12/site-packages/airflow/example_dags/example_xcomargs.py took 0.125 seconds
[2024-11-05T10:43:45.154+0000] {processor.py:186} INFO - Started process (PID=900) to work on /home/airflow/.local/lib/python3.12/site-packages/airflow/example_dags/example_xcomargs.py
[2024-11-05T10:43:45.158+0000] {processor.py:914} INFO - Processing file /home/airflow/.local/lib/python3.12/site-packages/airflow/example_dags/example_xcomargs.py for tasks to queue
[2024-11-05T10:43:45.165+0000] {logging_mixin.py:190} INFO - [2024-11-05T10:43:45.164+0000] {dagbag.py:588} INFO - Filling up the DagBag from /home/airflow/.local/lib/python3.12/site-packages/airflow/example_dags/example_xcomargs.py
[2024-11-05T10:43:45.216+0000] {processor.py:925} INFO - DAG(s) 'example_xcom_args_with_operators', 'example_xcom_args' retrieved from /home/airflow/.local/lib/python3.12/site-packages/airflow/example_dags/example_xcomargs.py
[2024-11-05T10:43:45.271+0000] {logging_mixin.py:190} INFO - [2024-11-05T10:43:45.270+0000] {dag.py:3239} INFO - Sync 2 DAGs
[2024-11-05T10:43:45.301+0000] {logging_mixin.py:190} INFO - [2024-11-05T10:43:45.300+0000] {dag.py:4180} INFO - Setting next_dagrun for example_xcom_args to None, run_after=None
[2024-11-05T10:43:45.308+0000] {logging_mixin.py:190} INFO - [2024-11-05T10:43:45.308+0000] {dag.py:4180} INFO - Setting next_dagrun for example_xcom_args_with_operators to None, run_after=None
[2024-11-05T10:43:45.339+0000] {processor.py:208} INFO - Processing /home/airflow/.local/lib/python3.12/site-packages/airflow/example_dags/example_xcomargs.py took 0.204 seconds
[2024-11-05T10:44:15.883+0000] {processor.py:186} INFO - Started process (PID=964) to work on /home/airflow/.local/lib/python3.12/site-packages/airflow/example_dags/example_xcomargs.py
[2024-11-05T10:44:15.884+0000] {processor.py:914} INFO - Processing file /home/airflow/.local/lib/python3.12/site-packages/airflow/example_dags/example_xcomargs.py for tasks to queue
[2024-11-05T10:44:15.887+0000] {logging_mixin.py:190} INFO - [2024-11-05T10:44:15.887+0000] {dagbag.py:588} INFO - Filling up the DagBag from /home/airflow/.local/lib/python3.12/site-packages/airflow/example_dags/example_xcomargs.py
[2024-11-05T10:44:15.903+0000] {processor.py:925} INFO - DAG(s) 'example_xcom_args_with_operators', 'example_xcom_args' retrieved from /home/airflow/.local/lib/python3.12/site-packages/airflow/example_dags/example_xcomargs.py
[2024-11-05T10:44:15.937+0000] {logging_mixin.py:190} INFO - [2024-11-05T10:44:15.937+0000] {dag.py:3239} INFO - Sync 2 DAGs
[2024-11-05T10:44:15.962+0000] {logging_mixin.py:190} INFO - [2024-11-05T10:44:15.962+0000] {dag.py:4180} INFO - Setting next_dagrun for example_xcom_args to None, run_after=None
[2024-11-05T10:44:15.967+0000] {logging_mixin.py:190} INFO - [2024-11-05T10:44:15.967+0000] {dag.py:4180} INFO - Setting next_dagrun for example_xcom_args_with_operators to None, run_after=None
[2024-11-05T10:44:15.989+0000] {processor.py:208} INFO - Processing /home/airflow/.local/lib/python3.12/site-packages/airflow/example_dags/example_xcomargs.py took 0.115 seconds
[2024-11-05T10:44:46.306+0000] {processor.py:186} INFO - Started process (PID=1027) to work on /home/airflow/.local/lib/python3.12/site-packages/airflow/example_dags/example_xcomargs.py
[2024-11-05T10:44:46.307+0000] {processor.py:914} INFO - Processing file /home/airflow/.local/lib/python3.12/site-packages/airflow/example_dags/example_xcomargs.py for tasks to queue
[2024-11-05T10:44:46.311+0000] {logging_mixin.py:190} INFO - [2024-11-05T10:44:46.310+0000] {dagbag.py:588} INFO - Filling up the DagBag from /home/airflow/.local/lib/python3.12/site-packages/airflow/example_dags/example_xcomargs.py
[2024-11-05T10:44:46.330+0000] {processor.py:925} INFO - DAG(s) 'example_xcom_args', 'example_xcom_args_with_operators' retrieved from /home/airflow/.local/lib/python3.12/site-packages/airflow/example_dags/example_xcomargs.py
[2024-11-05T10:44:46.363+0000] {logging_mixin.py:190} INFO - [2024-11-05T10:44:46.362+0000] {dag.py:3239} INFO - Sync 2 DAGs
[2024-11-05T10:44:46.385+0000] {logging_mixin.py:190} INFO - [2024-11-05T10:44:46.385+0000] {dag.py:4180} INFO - Setting next_dagrun for example_xcom_args to None, run_after=None
[2024-11-05T10:44:46.392+0000] {logging_mixin.py:190} INFO - [2024-11-05T10:44:46.391+0000] {dag.py:4180} INFO - Setting next_dagrun for example_xcom_args_with_operators to None, run_after=None
[2024-11-05T10:44:46.412+0000] {processor.py:208} INFO - Processing /home/airflow/.local/lib/python3.12/site-packages/airflow/example_dags/example_xcomargs.py took 0.115 seconds
[2024-11-05T10:45:17.480+0000] {processor.py:186} INFO - Started process (PID=1090) to work on /home/airflow/.local/lib/python3.12/site-packages/airflow/example_dags/example_xcomargs.py
[2024-11-05T10:45:17.482+0000] {processor.py:914} INFO - Processing file /home/airflow/.local/lib/python3.12/site-packages/airflow/example_dags/example_xcomargs.py for tasks to queue
[2024-11-05T10:45:17.485+0000] {logging_mixin.py:190} INFO - [2024-11-05T10:45:17.485+0000] {dagbag.py:588} INFO - Filling up the DagBag from /home/airflow/.local/lib/python3.12/site-packages/airflow/example_dags/example_xcomargs.py
[2024-11-05T10:45:17.497+0000] {processor.py:925} INFO - DAG(s) 'example_xcom_args_with_operators', 'example_xcom_args' retrieved from /home/airflow/.local/lib/python3.12/site-packages/airflow/example_dags/example_xcomargs.py
[2024-11-05T10:45:17.528+0000] {logging_mixin.py:190} INFO - [2024-11-05T10:45:17.528+0000] {dag.py:3239} INFO - Sync 2 DAGs
[2024-11-05T10:45:17.551+0000] {logging_mixin.py:190} INFO - [2024-11-05T10:45:17.551+0000] {dag.py:4180} INFO - Setting next_dagrun for example_xcom_args to None, run_after=None
[2024-11-05T10:45:17.560+0000] {logging_mixin.py:190} INFO - [2024-11-05T10:45:17.560+0000] {dag.py:4180} INFO - Setting next_dagrun for example_xcom_args_with_operators to None, run_after=None
[2024-11-05T10:45:17.587+0000] {processor.py:208} INFO - Processing /home/airflow/.local/lib/python3.12/site-packages/airflow/example_dags/example_xcomargs.py took 0.116 seconds
[2024-11-05T10:45:47.631+0000] {processor.py:186} INFO - Started process (PID=1152) to work on /home/airflow/.local/lib/python3.12/site-packages/airflow/example_dags/example_xcomargs.py
[2024-11-05T10:45:47.632+0000] {processor.py:914} INFO - Processing file /home/airflow/.local/lib/python3.12/site-packages/airflow/example_dags/example_xcomargs.py for tasks to queue
[2024-11-05T10:45:47.635+0000] {logging_mixin.py:190} INFO - [2024-11-05T10:45:47.634+0000] {dagbag.py:588} INFO - Filling up the DagBag from /home/airflow/.local/lib/python3.12/site-packages/airflow/example_dags/example_xcomargs.py
[2024-11-05T10:45:47.646+0000] {processor.py:925} INFO - DAG(s) 'example_xcom_args', 'example_xcom_args_with_operators' retrieved from /home/airflow/.local/lib/python3.12/site-packages/airflow/example_dags/example_xcomargs.py
[2024-11-05T10:45:47.674+0000] {logging_mixin.py:190} INFO - [2024-11-05T10:45:47.673+0000] {dag.py:3239} INFO - Sync 2 DAGs
[2024-11-05T10:45:47.689+0000] {logging_mixin.py:190} INFO - [2024-11-05T10:45:47.689+0000] {dag.py:4180} INFO - Setting next_dagrun for example_xcom_args to None, run_after=None
[2024-11-05T10:45:47.693+0000] {logging_mixin.py:190} INFO - [2024-11-05T10:45:47.693+0000] {dag.py:4180} INFO - Setting next_dagrun for example_xcom_args_with_operators to None, run_after=None
[2024-11-05T10:45:47.713+0000] {processor.py:208} INFO - Processing /home/airflow/.local/lib/python3.12/site-packages/airflow/example_dags/example_xcomargs.py took 0.089 seconds
[2024-11-05T10:46:18.545+0000] {processor.py:186} INFO - Started process (PID=1216) to work on /home/airflow/.local/lib/python3.12/site-packages/airflow/example_dags/example_xcomargs.py
[2024-11-05T10:46:18.546+0000] {processor.py:914} INFO - Processing file /home/airflow/.local/lib/python3.12/site-packages/airflow/example_dags/example_xcomargs.py for tasks to queue
[2024-11-05T10:46:18.550+0000] {logging_mixin.py:190} INFO - [2024-11-05T10:46:18.549+0000] {dagbag.py:588} INFO - Filling up the DagBag from /home/airflow/.local/lib/python3.12/site-packages/airflow/example_dags/example_xcomargs.py
[2024-11-05T10:46:18.561+0000] {processor.py:925} INFO - DAG(s) 'example_xcom_args', 'example_xcom_args_with_operators' retrieved from /home/airflow/.local/lib/python3.12/site-packages/airflow/example_dags/example_xcomargs.py
[2024-11-05T10:46:18.599+0000] {logging_mixin.py:190} INFO - [2024-11-05T10:46:18.599+0000] {dag.py:3239} INFO - Sync 2 DAGs
[2024-11-05T10:46:18.617+0000] {logging_mixin.py:190} INFO - [2024-11-05T10:46:18.617+0000] {dag.py:4180} INFO - Setting next_dagrun for example_xcom_args to None, run_after=None
[2024-11-05T10:46:18.622+0000] {logging_mixin.py:190} INFO - [2024-11-05T10:46:18.621+0000] {dag.py:4180} INFO - Setting next_dagrun for example_xcom_args_with_operators to None, run_after=None
[2024-11-05T10:46:18.641+0000] {processor.py:208} INFO - Processing /home/airflow/.local/lib/python3.12/site-packages/airflow/example_dags/example_xcomargs.py took 0.103 seconds
[2024-11-05T10:46:49.553+0000] {processor.py:186} INFO - Started process (PID=1278) to work on /home/airflow/.local/lib/python3.12/site-packages/airflow/example_dags/example_xcomargs.py
[2024-11-05T10:46:49.554+0000] {processor.py:914} INFO - Processing file /home/airflow/.local/lib/python3.12/site-packages/airflow/example_dags/example_xcomargs.py for tasks to queue
[2024-11-05T10:46:49.557+0000] {logging_mixin.py:190} INFO - [2024-11-05T10:46:49.556+0000] {dagbag.py:588} INFO - Filling up the DagBag from /home/airflow/.local/lib/python3.12/site-packages/airflow/example_dags/example_xcomargs.py
[2024-11-05T10:46:49.573+0000] {processor.py:925} INFO - DAG(s) 'example_xcom_args_with_operators', 'example_xcom_args' retrieved from /home/airflow/.local/lib/python3.12/site-packages/airflow/example_dags/example_xcomargs.py
[2024-11-05T10:46:49.610+0000] {logging_mixin.py:190} INFO - [2024-11-05T10:46:49.609+0000] {dag.py:3239} INFO - Sync 2 DAGs
[2024-11-05T10:46:49.637+0000] {logging_mixin.py:190} INFO - [2024-11-05T10:46:49.637+0000] {dag.py:4180} INFO - Setting next_dagrun for example_xcom_args to None, run_after=None
[2024-11-05T10:46:49.644+0000] {logging_mixin.py:190} INFO - [2024-11-05T10:46:49.643+0000] {dag.py:4180} INFO - Setting next_dagrun for example_xcom_args_with_operators to None, run_after=None
[2024-11-05T10:46:49.673+0000] {processor.py:208} INFO - Processing /home/airflow/.local/lib/python3.12/site-packages/airflow/example_dags/example_xcomargs.py took 0.128 seconds
[2024-11-05T10:47:19.806+0000] {processor.py:186} INFO - Started process (PID=1340) to work on /home/airflow/.local/lib/python3.12/site-packages/airflow/example_dags/example_xcomargs.py
[2024-11-05T10:47:19.807+0000] {processor.py:914} INFO - Processing file /home/airflow/.local/lib/python3.12/site-packages/airflow/example_dags/example_xcomargs.py for tasks to queue
[2024-11-05T10:47:19.809+0000] {logging_mixin.py:190} INFO - [2024-11-05T10:47:19.809+0000] {dagbag.py:588} INFO - Filling up the DagBag from /home/airflow/.local/lib/python3.12/site-packages/airflow/example_dags/example_xcomargs.py
[2024-11-05T10:47:19.824+0000] {processor.py:925} INFO - DAG(s) 'example_xcom_args_with_operators', 'example_xcom_args' retrieved from /home/airflow/.local/lib/python3.12/site-packages/airflow/example_dags/example_xcomargs.py
[2024-11-05T10:47:19.861+0000] {logging_mixin.py:190} INFO - [2024-11-05T10:47:19.860+0000] {dag.py:3239} INFO - Sync 2 DAGs
[2024-11-05T10:47:19.889+0000] {logging_mixin.py:190} INFO - [2024-11-05T10:47:19.889+0000] {dag.py:4180} INFO - Setting next_dagrun for example_xcom_args to None, run_after=None
[2024-11-05T10:47:19.895+0000] {logging_mixin.py:190} INFO - [2024-11-05T10:47:19.894+0000] {dag.py:4180} INFO - Setting next_dagrun for example_xcom_args_with_operators to None, run_after=None
[2024-11-05T10:47:19.921+0000] {processor.py:208} INFO - Processing /home/airflow/.local/lib/python3.12/site-packages/airflow/example_dags/example_xcomargs.py took 0.122 seconds
[2024-11-05T10:47:50.230+0000] {processor.py:186} INFO - Started process (PID=1403) to work on /home/airflow/.local/lib/python3.12/site-packages/airflow/example_dags/example_xcomargs.py
[2024-11-05T10:47:50.231+0000] {processor.py:914} INFO - Processing file /home/airflow/.local/lib/python3.12/site-packages/airflow/example_dags/example_xcomargs.py for tasks to queue
[2024-11-05T10:47:50.235+0000] {logging_mixin.py:190} INFO - [2024-11-05T10:47:50.234+0000] {dagbag.py:588} INFO - Filling up the DagBag from /home/airflow/.local/lib/python3.12/site-packages/airflow/example_dags/example_xcomargs.py
[2024-11-05T10:47:50.253+0000] {processor.py:925} INFO - DAG(s) 'example_xcom_args_with_operators', 'example_xcom_args' retrieved from /home/airflow/.local/lib/python3.12/site-packages/airflow/example_dags/example_xcomargs.py
[2024-11-05T10:47:50.341+0000] {logging_mixin.py:190} INFO - [2024-11-05T10:47:50.341+0000] {dag.py:3239} INFO - Sync 2 DAGs
[2024-11-05T10:47:50.368+0000] {logging_mixin.py:190} INFO - [2024-11-05T10:47:50.368+0000] {dag.py:4180} INFO - Setting next_dagrun for example_xcom_args to None, run_after=None
[2024-11-05T10:47:50.381+0000] {logging_mixin.py:190} INFO - [2024-11-05T10:47:50.381+0000] {dag.py:4180} INFO - Setting next_dagrun for example_xcom_args_with_operators to None, run_after=None
[2024-11-05T10:47:50.425+0000] {processor.py:208} INFO - Processing /home/airflow/.local/lib/python3.12/site-packages/airflow/example_dags/example_xcomargs.py took 0.204 seconds
[2024-11-05T10:48:21.195+0000] {processor.py:186} INFO - Started process (PID=1465) to work on /home/airflow/.local/lib/python3.12/site-packages/airflow/example_dags/example_xcomargs.py
[2024-11-05T10:48:21.197+0000] {processor.py:914} INFO - Processing file /home/airflow/.local/lib/python3.12/site-packages/airflow/example_dags/example_xcomargs.py for tasks to queue
[2024-11-05T10:48:21.201+0000] {logging_mixin.py:190} INFO - [2024-11-05T10:48:21.200+0000] {dagbag.py:588} INFO - Filling up the DagBag from /home/airflow/.local/lib/python3.12/site-packages/airflow/example_dags/example_xcomargs.py
[2024-11-05T10:48:21.218+0000] {processor.py:925} INFO - DAG(s) 'example_xcom_args_with_operators', 'example_xcom_args' retrieved from /home/airflow/.local/lib/python3.12/site-packages/airflow/example_dags/example_xcomargs.py
[2024-11-05T10:48:21.278+0000] {logging_mixin.py:190} INFO - [2024-11-05T10:48:21.277+0000] {dag.py:3239} INFO - Sync 2 DAGs
[2024-11-05T10:48:21.334+0000] {logging_mixin.py:190} INFO - [2024-11-05T10:48:21.333+0000] {dag.py:4180} INFO - Setting next_dagrun for example_xcom_args to None, run_after=None
[2024-11-05T10:48:21.339+0000] {logging_mixin.py:190} INFO - [2024-11-05T10:48:21.339+0000] {dag.py:4180} INFO - Setting next_dagrun for example_xcom_args_with_operators to None, run_after=None
[2024-11-05T10:48:21.372+0000] {processor.py:208} INFO - Processing /home/airflow/.local/lib/python3.12/site-packages/airflow/example_dags/example_xcomargs.py took 0.188 seconds
[2024-11-05T10:48:51.619+0000] {processor.py:186} INFO - Started process (PID=1528) to work on /home/airflow/.local/lib/python3.12/site-packages/airflow/example_dags/example_xcomargs.py
[2024-11-05T10:48:51.623+0000] {processor.py:914} INFO - Processing file /home/airflow/.local/lib/python3.12/site-packages/airflow/example_dags/example_xcomargs.py for tasks to queue
[2024-11-05T10:48:51.629+0000] {logging_mixin.py:190} INFO - [2024-11-05T10:48:51.628+0000] {dagbag.py:588} INFO - Filling up the DagBag from /home/airflow/.local/lib/python3.12/site-packages/airflow/example_dags/example_xcomargs.py
[2024-11-05T10:48:51.664+0000] {processor.py:925} INFO - DAG(s) 'example_xcom_args_with_operators', 'example_xcom_args' retrieved from /home/airflow/.local/lib/python3.12/site-packages/airflow/example_dags/example_xcomargs.py
[2024-11-05T10:48:51.717+0000] {logging_mixin.py:190} INFO - [2024-11-05T10:48:51.717+0000] {dag.py:3239} INFO - Sync 2 DAGs
[2024-11-05T10:48:51.757+0000] {logging_mixin.py:190} INFO - [2024-11-05T10:48:51.756+0000] {dag.py:4180} INFO - Setting next_dagrun for example_xcom_args to None, run_after=None
[2024-11-05T10:48:51.768+0000] {logging_mixin.py:190} INFO - [2024-11-05T10:48:51.767+0000] {dag.py:4180} INFO - Setting next_dagrun for example_xcom_args_with_operators to None, run_after=None
[2024-11-05T10:48:51.805+0000] {processor.py:208} INFO - Processing /home/airflow/.local/lib/python3.12/site-packages/airflow/example_dags/example_xcomargs.py took 0.205 seconds
[2024-11-05T10:49:22.208+0000] {processor.py:186} INFO - Started process (PID=1590) to work on /home/airflow/.local/lib/python3.12/site-packages/airflow/example_dags/example_xcomargs.py
[2024-11-05T10:49:22.210+0000] {processor.py:914} INFO - Processing file /home/airflow/.local/lib/python3.12/site-packages/airflow/example_dags/example_xcomargs.py for tasks to queue
[2024-11-05T10:49:22.214+0000] {logging_mixin.py:190} INFO - [2024-11-05T10:49:22.213+0000] {dagbag.py:588} INFO - Filling up the DagBag from /home/airflow/.local/lib/python3.12/site-packages/airflow/example_dags/example_xcomargs.py
[2024-11-05T10:49:22.254+0000] {processor.py:925} INFO - DAG(s) 'example_xcom_args_with_operators', 'example_xcom_args' retrieved from /home/airflow/.local/lib/python3.12/site-packages/airflow/example_dags/example_xcomargs.py
[2024-11-05T10:49:22.301+0000] {logging_mixin.py:190} INFO - [2024-11-05T10:49:22.301+0000] {dag.py:3239} INFO - Sync 2 DAGs
[2024-11-05T10:49:22.330+0000] {logging_mixin.py:190} INFO - [2024-11-05T10:49:22.330+0000] {dag.py:4180} INFO - Setting next_dagrun for example_xcom_args to None, run_after=None
[2024-11-05T10:49:22.340+0000] {logging_mixin.py:190} INFO - [2024-11-05T10:49:22.340+0000] {dag.py:4180} INFO - Setting next_dagrun for example_xcom_args_with_operators to None, run_after=None
[2024-11-05T10:49:22.371+0000] {processor.py:208} INFO - Processing /home/airflow/.local/lib/python3.12/site-packages/airflow/example_dags/example_xcomargs.py took 0.176 seconds
[2024-11-05T10:49:52.739+0000] {processor.py:186} INFO - Started process (PID=1653) to work on /home/airflow/.local/lib/python3.12/site-packages/airflow/example_dags/example_xcomargs.py
[2024-11-05T10:49:52.740+0000] {processor.py:914} INFO - Processing file /home/airflow/.local/lib/python3.12/site-packages/airflow/example_dags/example_xcomargs.py for tasks to queue
[2024-11-05T10:49:52.742+0000] {logging_mixin.py:190} INFO - [2024-11-05T10:49:52.742+0000] {dagbag.py:588} INFO - Filling up the DagBag from /home/airflow/.local/lib/python3.12/site-packages/airflow/example_dags/example_xcomargs.py
[2024-11-05T10:49:52.755+0000] {processor.py:925} INFO - DAG(s) 'example_xcom_args_with_operators', 'example_xcom_args' retrieved from /home/airflow/.local/lib/python3.12/site-packages/airflow/example_dags/example_xcomargs.py
[2024-11-05T10:49:52.788+0000] {logging_mixin.py:190} INFO - [2024-11-05T10:49:52.788+0000] {dag.py:3239} INFO - Sync 2 DAGs
[2024-11-05T10:49:52.809+0000] {logging_mixin.py:190} INFO - [2024-11-05T10:49:52.809+0000] {dag.py:4180} INFO - Setting next_dagrun for example_xcom_args to None, run_after=None
[2024-11-05T10:49:52.814+0000] {logging_mixin.py:190} INFO - [2024-11-05T10:49:52.814+0000] {dag.py:4180} INFO - Setting next_dagrun for example_xcom_args_with_operators to None, run_after=None
[2024-11-05T10:49:52.835+0000] {processor.py:208} INFO - Processing /home/airflow/.local/lib/python3.12/site-packages/airflow/example_dags/example_xcomargs.py took 0.102 seconds
[2024-11-05T10:50:23.041+0000] {processor.py:186} INFO - Started process (PID=1716) to work on /home/airflow/.local/lib/python3.12/site-packages/airflow/example_dags/example_xcomargs.py
[2024-11-05T10:50:23.043+0000] {processor.py:914} INFO - Processing file /home/airflow/.local/lib/python3.12/site-packages/airflow/example_dags/example_xcomargs.py for tasks to queue
[2024-11-05T10:50:23.046+0000] {logging_mixin.py:190} INFO - [2024-11-05T10:50:23.045+0000] {dagbag.py:588} INFO - Filling up the DagBag from /home/airflow/.local/lib/python3.12/site-packages/airflow/example_dags/example_xcomargs.py
[2024-11-05T10:50:23.059+0000] {processor.py:925} INFO - DAG(s) 'example_xcom_args', 'example_xcom_args_with_operators' retrieved from /home/airflow/.local/lib/python3.12/site-packages/airflow/example_dags/example_xcomargs.py
[2024-11-05T10:50:23.092+0000] {logging_mixin.py:190} INFO - [2024-11-05T10:50:23.092+0000] {dag.py:3239} INFO - Sync 2 DAGs
[2024-11-05T10:50:23.114+0000] {logging_mixin.py:190} INFO - [2024-11-05T10:50:23.114+0000] {dag.py:4180} INFO - Setting next_dagrun for example_xcom_args to None, run_after=None
[2024-11-05T10:50:23.123+0000] {logging_mixin.py:190} INFO - [2024-11-05T10:50:23.122+0000] {dag.py:4180} INFO - Setting next_dagrun for example_xcom_args_with_operators to None, run_after=None
[2024-11-05T10:50:23.143+0000] {processor.py:208} INFO - Processing /home/airflow/.local/lib/python3.12/site-packages/airflow/example_dags/example_xcomargs.py took 0.110 seconds
[2024-11-05T10:50:53.729+0000] {processor.py:186} INFO - Started process (PID=1778) to work on /home/airflow/.local/lib/python3.12/site-packages/airflow/example_dags/example_xcomargs.py
[2024-11-05T10:50:53.731+0000] {processor.py:914} INFO - Processing file /home/airflow/.local/lib/python3.12/site-packages/airflow/example_dags/example_xcomargs.py for tasks to queue
[2024-11-05T10:50:53.734+0000] {logging_mixin.py:190} INFO - [2024-11-05T10:50:53.734+0000] {dagbag.py:588} INFO - Filling up the DagBag from /home/airflow/.local/lib/python3.12/site-packages/airflow/example_dags/example_xcomargs.py
[2024-11-05T10:50:53.744+0000] {processor.py:925} INFO - DAG(s) 'example_xcom_args', 'example_xcom_args_with_operators' retrieved from /home/airflow/.local/lib/python3.12/site-packages/airflow/example_dags/example_xcomargs.py
[2024-11-05T10:50:53.773+0000] {logging_mixin.py:190} INFO - [2024-11-05T10:50:53.773+0000] {dag.py:3239} INFO - Sync 2 DAGs
[2024-11-05T10:50:53.798+0000] {logging_mixin.py:190} INFO - [2024-11-05T10:50:53.798+0000] {dag.py:4180} INFO - Setting next_dagrun for example_xcom_args to None, run_after=None
[2024-11-05T10:50:53.803+0000] {logging_mixin.py:190} INFO - [2024-11-05T10:50:53.802+0000] {dag.py:4180} INFO - Setting next_dagrun for example_xcom_args_with_operators to None, run_after=None
[2024-11-05T10:50:53.821+0000] {processor.py:208} INFO - Processing /home/airflow/.local/lib/python3.12/site-packages/airflow/example_dags/example_xcomargs.py took 0.100 seconds
[2024-11-05T10:51:24.530+0000] {processor.py:186} INFO - Started process (PID=1841) to work on /home/airflow/.local/lib/python3.12/site-packages/airflow/example_dags/example_xcomargs.py
[2024-11-05T10:51:24.531+0000] {processor.py:914} INFO - Processing file /home/airflow/.local/lib/python3.12/site-packages/airflow/example_dags/example_xcomargs.py for tasks to queue
[2024-11-05T10:51:24.534+0000] {logging_mixin.py:190} INFO - [2024-11-05T10:51:24.534+0000] {dagbag.py:588} INFO - Filling up the DagBag from /home/airflow/.local/lib/python3.12/site-packages/airflow/example_dags/example_xcomargs.py
[2024-11-05T10:51:24.548+0000] {processor.py:925} INFO - DAG(s) 'example_xcom_args_with_operators', 'example_xcom_args' retrieved from /home/airflow/.local/lib/python3.12/site-packages/airflow/example_dags/example_xcomargs.py
[2024-11-05T10:51:24.581+0000] {logging_mixin.py:190} INFO - [2024-11-05T10:51:24.581+0000] {dag.py:3239} INFO - Sync 2 DAGs
[2024-11-05T10:51:24.608+0000] {logging_mixin.py:190} INFO - [2024-11-05T10:51:24.607+0000] {dag.py:4180} INFO - Setting next_dagrun for example_xcom_args to None, run_after=None
[2024-11-05T10:51:24.612+0000] {logging_mixin.py:190} INFO - [2024-11-05T10:51:24.612+0000] {dag.py:4180} INFO - Setting next_dagrun for example_xcom_args_with_operators to None, run_after=None
[2024-11-05T10:51:24.641+0000] {processor.py:208} INFO - Processing /home/airflow/.local/lib/python3.12/site-packages/airflow/example_dags/example_xcomargs.py took 0.118 seconds
[2024-11-05T10:51:55.249+0000] {processor.py:186} INFO - Started process (PID=1904) to work on /home/airflow/.local/lib/python3.12/site-packages/airflow/example_dags/example_xcomargs.py
[2024-11-05T10:51:55.250+0000] {processor.py:914} INFO - Processing file /home/airflow/.local/lib/python3.12/site-packages/airflow/example_dags/example_xcomargs.py for tasks to queue
[2024-11-05T10:51:55.254+0000] {logging_mixin.py:190} INFO - [2024-11-05T10:51:55.254+0000] {dagbag.py:588} INFO - Filling up the DagBag from /home/airflow/.local/lib/python3.12/site-packages/airflow/example_dags/example_xcomargs.py
[2024-11-05T10:51:55.268+0000] {processor.py:925} INFO - DAG(s) 'example_xcom_args', 'example_xcom_args_with_operators' retrieved from /home/airflow/.local/lib/python3.12/site-packages/airflow/example_dags/example_xcomargs.py
[2024-11-05T10:51:55.299+0000] {logging_mixin.py:190} INFO - [2024-11-05T10:51:55.299+0000] {dag.py:3239} INFO - Sync 2 DAGs
[2024-11-05T10:51:55.321+0000] {logging_mixin.py:190} INFO - [2024-11-05T10:51:55.321+0000] {dag.py:4180} INFO - Setting next_dagrun for example_xcom_args to None, run_after=None
[2024-11-05T10:51:55.326+0000] {logging_mixin.py:190} INFO - [2024-11-05T10:51:55.326+0000] {dag.py:4180} INFO - Setting next_dagrun for example_xcom_args_with_operators to None, run_after=None
[2024-11-05T10:51:55.372+0000] {processor.py:208} INFO - Processing /home/airflow/.local/lib/python3.12/site-packages/airflow/example_dags/example_xcomargs.py took 0.132 seconds
[2024-11-05T10:52:25.513+0000] {processor.py:186} INFO - Started process (PID=1968) to work on /home/airflow/.local/lib/python3.12/site-packages/airflow/example_dags/example_xcomargs.py
[2024-11-05T10:52:25.515+0000] {processor.py:914} INFO - Processing file /home/airflow/.local/lib/python3.12/site-packages/airflow/example_dags/example_xcomargs.py for tasks to queue
[2024-11-05T10:52:25.518+0000] {logging_mixin.py:190} INFO - [2024-11-05T10:52:25.518+0000] {dagbag.py:588} INFO - Filling up the DagBag from /home/airflow/.local/lib/python3.12/site-packages/airflow/example_dags/example_xcomargs.py
[2024-11-05T10:52:25.535+0000] {processor.py:925} INFO - DAG(s) 'example_xcom_args_with_operators', 'example_xcom_args' retrieved from /home/airflow/.local/lib/python3.12/site-packages/airflow/example_dags/example_xcomargs.py
[2024-11-05T10:52:25.566+0000] {logging_mixin.py:190} INFO - [2024-11-05T10:52:25.566+0000] {dag.py:3239} INFO - Sync 2 DAGs
[2024-11-05T10:52:25.589+0000] {logging_mixin.py:190} INFO - [2024-11-05T10:52:25.588+0000] {dag.py:4180} INFO - Setting next_dagrun for example_xcom_args to None, run_after=None
[2024-11-05T10:52:25.595+0000] {logging_mixin.py:190} INFO - [2024-11-05T10:52:25.595+0000] {dag.py:4180} INFO - Setting next_dagrun for example_xcom_args_with_operators to None, run_after=None
[2024-11-05T10:52:25.616+0000] {processor.py:208} INFO - Processing /home/airflow/.local/lib/python3.12/site-packages/airflow/example_dags/example_xcomargs.py took 0.113 seconds
[2024-11-05T10:52:56.124+0000] {processor.py:186} INFO - Started process (PID=2031) to work on /home/airflow/.local/lib/python3.12/site-packages/airflow/example_dags/example_xcomargs.py
[2024-11-05T10:52:56.126+0000] {processor.py:914} INFO - Processing file /home/airflow/.local/lib/python3.12/site-packages/airflow/example_dags/example_xcomargs.py for tasks to queue
[2024-11-05T10:52:56.129+0000] {logging_mixin.py:190} INFO - [2024-11-05T10:52:56.128+0000] {dagbag.py:588} INFO - Filling up the DagBag from /home/airflow/.local/lib/python3.12/site-packages/airflow/example_dags/example_xcomargs.py
[2024-11-05T10:52:56.139+0000] {processor.py:925} INFO - DAG(s) 'example_xcom_args_with_operators', 'example_xcom_args' retrieved from /home/airflow/.local/lib/python3.12/site-packages/airflow/example_dags/example_xcomargs.py
[2024-11-05T10:52:56.161+0000] {logging_mixin.py:190} INFO - [2024-11-05T10:52:56.161+0000] {dag.py:3239} INFO - Sync 2 DAGs
[2024-11-05T10:52:56.176+0000] {logging_mixin.py:190} INFO - [2024-11-05T10:52:56.175+0000] {dag.py:4180} INFO - Setting next_dagrun for example_xcom_args to None, run_after=None
[2024-11-05T10:52:56.180+0000] {logging_mixin.py:190} INFO - [2024-11-05T10:52:56.179+0000] {dag.py:4180} INFO - Setting next_dagrun for example_xcom_args_with_operators to None, run_after=None
[2024-11-05T10:52:56.196+0000] {processor.py:208} INFO - Processing /home/airflow/.local/lib/python3.12/site-packages/airflow/example_dags/example_xcomargs.py took 0.078 seconds
[2024-11-05T10:53:26.555+0000] {processor.py:186} INFO - Started process (PID=2094) to work on /home/airflow/.local/lib/python3.12/site-packages/airflow/example_dags/example_xcomargs.py
[2024-11-05T10:53:26.556+0000] {processor.py:914} INFO - Processing file /home/airflow/.local/lib/python3.12/site-packages/airflow/example_dags/example_xcomargs.py for tasks to queue
[2024-11-05T10:53:26.560+0000] {logging_mixin.py:190} INFO - [2024-11-05T10:53:26.560+0000] {dagbag.py:588} INFO - Filling up the DagBag from /home/airflow/.local/lib/python3.12/site-packages/airflow/example_dags/example_xcomargs.py
[2024-11-05T10:53:26.583+0000] {processor.py:925} INFO - DAG(s) 'example_xcom_args', 'example_xcom_args_with_operators' retrieved from /home/airflow/.local/lib/python3.12/site-packages/airflow/example_dags/example_xcomargs.py
[2024-11-05T10:53:26.649+0000] {logging_mixin.py:190} INFO - [2024-11-05T10:53:26.649+0000] {dag.py:3239} INFO - Sync 2 DAGs
[2024-11-05T10:53:26.690+0000] {logging_mixin.py:190} INFO - [2024-11-05T10:53:26.688+0000] {dag.py:4180} INFO - Setting next_dagrun for example_xcom_args to None, run_after=None
[2024-11-05T10:53:26.699+0000] {logging_mixin.py:190} INFO - [2024-11-05T10:53:26.698+0000] {dag.py:4180} INFO - Setting next_dagrun for example_xcom_args_with_operators to None, run_after=None
[2024-11-05T10:53:26.729+0000] {processor.py:208} INFO - Processing /home/airflow/.local/lib/python3.12/site-packages/airflow/example_dags/example_xcomargs.py took 0.189 seconds
[2024-11-05T10:53:56.842+0000] {processor.py:186} INFO - Started process (PID=2157) to work on /home/airflow/.local/lib/python3.12/site-packages/airflow/example_dags/example_xcomargs.py
[2024-11-05T10:53:56.843+0000] {processor.py:914} INFO - Processing file /home/airflow/.local/lib/python3.12/site-packages/airflow/example_dags/example_xcomargs.py for tasks to queue
[2024-11-05T10:53:56.845+0000] {logging_mixin.py:190} INFO - [2024-11-05T10:53:56.845+0000] {dagbag.py:588} INFO - Filling up the DagBag from /home/airflow/.local/lib/python3.12/site-packages/airflow/example_dags/example_xcomargs.py
[2024-11-05T10:53:56.855+0000] {processor.py:925} INFO - DAG(s) 'example_xcom_args', 'example_xcom_args_with_operators' retrieved from /home/airflow/.local/lib/python3.12/site-packages/airflow/example_dags/example_xcomargs.py
[2024-11-05T10:53:56.879+0000] {logging_mixin.py:190} INFO - [2024-11-05T10:53:56.878+0000] {dag.py:3239} INFO - Sync 2 DAGs
[2024-11-05T10:53:56.894+0000] {logging_mixin.py:190} INFO - [2024-11-05T10:53:56.894+0000] {dag.py:4180} INFO - Setting next_dagrun for example_xcom_args to None, run_after=None
[2024-11-05T10:53:56.899+0000] {logging_mixin.py:190} INFO - [2024-11-05T10:53:56.899+0000] {dag.py:4180} INFO - Setting next_dagrun for example_xcom_args_with_operators to None, run_after=None
[2024-11-05T10:53:56.919+0000] {processor.py:208} INFO - Processing /home/airflow/.local/lib/python3.12/site-packages/airflow/example_dags/example_xcomargs.py took 0.083 seconds
[2024-11-05T10:54:27.033+0000] {processor.py:186} INFO - Started process (PID=2220) to work on /home/airflow/.local/lib/python3.12/site-packages/airflow/example_dags/example_xcomargs.py
[2024-11-05T10:54:27.034+0000] {processor.py:914} INFO - Processing file /home/airflow/.local/lib/python3.12/site-packages/airflow/example_dags/example_xcomargs.py for tasks to queue
[2024-11-05T10:54:27.036+0000] {logging_mixin.py:190} INFO - [2024-11-05T10:54:27.036+0000] {dagbag.py:588} INFO - Filling up the DagBag from /home/airflow/.local/lib/python3.12/site-packages/airflow/example_dags/example_xcomargs.py
[2024-11-05T10:54:27.046+0000] {processor.py:925} INFO - DAG(s) 'example_xcom_args', 'example_xcom_args_with_operators' retrieved from /home/airflow/.local/lib/python3.12/site-packages/airflow/example_dags/example_xcomargs.py
[2024-11-05T10:54:27.069+0000] {logging_mixin.py:190} INFO - [2024-11-05T10:54:27.069+0000] {dag.py:3239} INFO - Sync 2 DAGs
[2024-11-05T10:54:27.088+0000] {logging_mixin.py:190} INFO - [2024-11-05T10:54:27.088+0000] {dag.py:4180} INFO - Setting next_dagrun for example_xcom_args to None, run_after=None
[2024-11-05T10:54:27.095+0000] {logging_mixin.py:190} INFO - [2024-11-05T10:54:27.094+0000] {dag.py:4180} INFO - Setting next_dagrun for example_xcom_args_with_operators to None, run_after=None
[2024-11-05T10:54:27.114+0000] {processor.py:208} INFO - Processing /home/airflow/.local/lib/python3.12/site-packages/airflow/example_dags/example_xcomargs.py took 0.086 seconds
