[2024-11-05T10:37:13.062+0000] {processor.py:186} INFO - Started process (PID=102) to work on /home/airflow/.local/lib/python3.12/site-packages/airflow/example_dags/example_dataset_alias.py
[2024-11-05T10:37:13.063+0000] {processor.py:914} INFO - Processing file /home/airflow/.local/lib/python3.12/site-packages/airflow/example_dags/example_dataset_alias.py for tasks to queue
[2024-11-05T10:37:13.065+0000] {logging_mixin.py:190} INFO - [2024-11-05T10:37:13.064+0000] {dagbag.py:588} INFO - Filling up the DagBag from /home/airflow/.local/lib/python3.12/site-packages/airflow/example_dags/example_dataset_alias.py
[2024-11-05T10:37:13.282+0000] {processor.py:925} INFO - DAG(s) 'dataset_s3_bucket_consumer', 'dataset_alias_example_alias_consumer', 'dataset_s3_bucket_producer', 'dataset_alias_example_alias_producer' retrieved from /home/airflow/.local/lib/python3.12/site-packages/airflow/example_dags/example_dataset_alias.py
[2024-11-05T10:37:13.458+0000] {logging_mixin.py:190} INFO - [2024-11-05T10:37:13.456+0000] {override.py:1900} INFO - Created Permission View: can delete on DAG:dataset_s3_bucket_consumer
[2024-11-05T10:37:13.475+0000] {logging_mixin.py:190} INFO - [2024-11-05T10:37:13.475+0000] {override.py:1900} INFO - Created Permission View: can read on DAG:dataset_s3_bucket_consumer
[2024-11-05T10:37:13.486+0000] {logging_mixin.py:190} INFO - [2024-11-05T10:37:13.485+0000] {override.py:1900} INFO - Created Permission View: can edit on DAG:dataset_s3_bucket_consumer
[2024-11-05T10:37:13.498+0000] {logging_mixin.py:190} INFO - [2024-11-05T10:37:13.498+0000] {override.py:1900} INFO - Created Permission View: can delete on DAG Run:dataset_s3_bucket_consumer
[2024-11-05T10:37:13.510+0000] {logging_mixin.py:190} INFO - [2024-11-05T10:37:13.510+0000] {override.py:1900} INFO - Created Permission View: can create on DAG Run:dataset_s3_bucket_consumer
[2024-11-05T10:37:13.521+0000] {logging_mixin.py:190} INFO - [2024-11-05T10:37:13.520+0000] {override.py:1900} INFO - Created Permission View: can read on DAG Run:dataset_s3_bucket_consumer
[2024-11-05T10:37:13.532+0000] {logging_mixin.py:190} INFO - [2024-11-05T10:37:13.531+0000] {override.py:1900} INFO - Created Permission View: menu access on DAG Run:dataset_s3_bucket_consumer
[2024-11-05T10:37:13.551+0000] {logging_mixin.py:190} INFO - [2024-11-05T10:37:13.551+0000] {override.py:1900} INFO - Created Permission View: can delete on DAG:dataset_alias_example_alias_consumer
[2024-11-05T10:37:13.562+0000] {logging_mixin.py:190} INFO - [2024-11-05T10:37:13.562+0000] {override.py:1900} INFO - Created Permission View: can read on DAG:dataset_alias_example_alias_consumer
[2024-11-05T10:37:13.572+0000] {logging_mixin.py:190} INFO - [2024-11-05T10:37:13.572+0000] {override.py:1900} INFO - Created Permission View: can edit on DAG:dataset_alias_example_alias_consumer
[2024-11-05T10:37:13.582+0000] {logging_mixin.py:190} INFO - [2024-11-05T10:37:13.582+0000] {override.py:1900} INFO - Created Permission View: can delete on DAG Run:dataset_alias_example_alias_consumer
[2024-11-05T10:37:13.592+0000] {logging_mixin.py:190} INFO - [2024-11-05T10:37:13.592+0000] {override.py:1900} INFO - Created Permission View: can create on DAG Run:dataset_alias_example_alias_consumer
[2024-11-05T10:37:13.602+0000] {logging_mixin.py:190} INFO - [2024-11-05T10:37:13.602+0000] {override.py:1900} INFO - Created Permission View: can read on DAG Run:dataset_alias_example_alias_consumer
[2024-11-05T10:37:13.612+0000] {logging_mixin.py:190} INFO - [2024-11-05T10:37:13.612+0000] {override.py:1900} INFO - Created Permission View: menu access on DAG Run:dataset_alias_example_alias_consumer
[2024-11-05T10:37:13.632+0000] {logging_mixin.py:190} INFO - [2024-11-05T10:37:13.632+0000] {override.py:1900} INFO - Created Permission View: can delete on DAG:dataset_s3_bucket_producer
[2024-11-05T10:37:13.644+0000] {logging_mixin.py:190} INFO - [2024-11-05T10:37:13.643+0000] {override.py:1900} INFO - Created Permission View: can read on DAG:dataset_s3_bucket_producer
[2024-11-05T10:37:13.656+0000] {logging_mixin.py:190} INFO - [2024-11-05T10:37:13.655+0000] {override.py:1900} INFO - Created Permission View: can edit on DAG:dataset_s3_bucket_producer
[2024-11-05T10:37:13.668+0000] {logging_mixin.py:190} INFO - [2024-11-05T10:37:13.668+0000] {override.py:1900} INFO - Created Permission View: can delete on DAG Run:dataset_s3_bucket_producer
[2024-11-05T10:37:13.679+0000] {logging_mixin.py:190} INFO - [2024-11-05T10:37:13.679+0000] {override.py:1900} INFO - Created Permission View: can create on DAG Run:dataset_s3_bucket_producer
[2024-11-05T10:37:13.688+0000] {logging_mixin.py:190} INFO - [2024-11-05T10:37:13.688+0000] {override.py:1900} INFO - Created Permission View: can read on DAG Run:dataset_s3_bucket_producer
[2024-11-05T10:37:13.698+0000] {logging_mixin.py:190} INFO - [2024-11-05T10:37:13.698+0000] {override.py:1900} INFO - Created Permission View: menu access on DAG Run:dataset_s3_bucket_producer
[2024-11-05T10:37:13.719+0000] {logging_mixin.py:190} INFO - [2024-11-05T10:37:13.718+0000] {override.py:1900} INFO - Created Permission View: can delete on DAG:dataset_alias_example_alias_producer
[2024-11-05T10:37:13.728+0000] {logging_mixin.py:190} INFO - [2024-11-05T10:37:13.728+0000] {override.py:1900} INFO - Created Permission View: can read on DAG:dataset_alias_example_alias_producer
[2024-11-05T10:37:13.739+0000] {logging_mixin.py:190} INFO - [2024-11-05T10:37:13.739+0000] {override.py:1900} INFO - Created Permission View: can edit on DAG:dataset_alias_example_alias_producer
[2024-11-05T10:37:13.752+0000] {logging_mixin.py:190} INFO - [2024-11-05T10:37:13.752+0000] {override.py:1900} INFO - Created Permission View: can delete on DAG Run:dataset_alias_example_alias_producer
[2024-11-05T10:37:13.763+0000] {logging_mixin.py:190} INFO - [2024-11-05T10:37:13.763+0000] {override.py:1900} INFO - Created Permission View: can create on DAG Run:dataset_alias_example_alias_producer
[2024-11-05T10:37:13.773+0000] {logging_mixin.py:190} INFO - [2024-11-05T10:37:13.772+0000] {override.py:1900} INFO - Created Permission View: can read on DAG Run:dataset_alias_example_alias_producer
[2024-11-05T10:37:13.787+0000] {logging_mixin.py:190} INFO - [2024-11-05T10:37:13.786+0000] {override.py:1900} INFO - Created Permission View: menu access on DAG Run:dataset_alias_example_alias_producer
[2024-11-05T10:37:13.787+0000] {logging_mixin.py:190} INFO - [2024-11-05T10:37:13.787+0000] {dag.py:3239} INFO - Sync 4 DAGs
[2024-11-05T10:37:13.810+0000] {logging_mixin.py:190} INFO - [2024-11-05T10:37:13.810+0000] {dag.py:3262} INFO - Creating ORM DAG for dataset_s3_bucket_consumer
[2024-11-05T10:37:13.812+0000] {logging_mixin.py:190} INFO - [2024-11-05T10:37:13.811+0000] {dag.py:3262} INFO - Creating ORM DAG for dataset_alias_example_alias_consumer
[2024-11-05T10:37:13.813+0000] {logging_mixin.py:190} INFO - [2024-11-05T10:37:13.813+0000] {dag.py:3262} INFO - Creating ORM DAG for dataset_s3_bucket_producer
[2024-11-05T10:37:13.814+0000] {logging_mixin.py:190} INFO - [2024-11-05T10:37:13.814+0000] {dag.py:3262} INFO - Creating ORM DAG for dataset_alias_example_alias_producer
[2024-11-05T10:37:13.830+0000] {logging_mixin.py:190} INFO - [2024-11-05T10:37:13.829+0000] {dag.py:4180} INFO - Setting next_dagrun for dataset_alias_example_alias_consumer to None, run_after=None
[2024-11-05T10:37:13.831+0000] {logging_mixin.py:190} INFO - [2024-11-05T10:37:13.831+0000] {dag.py:4180} INFO - Setting next_dagrun for dataset_alias_example_alias_producer to None, run_after=None
[2024-11-05T10:37:13.832+0000] {logging_mixin.py:190} INFO - [2024-11-05T10:37:13.832+0000] {dag.py:4180} INFO - Setting next_dagrun for dataset_s3_bucket_consumer to None, run_after=None
[2024-11-05T10:37:13.833+0000] {logging_mixin.py:190} INFO - [2024-11-05T10:37:13.833+0000] {dag.py:4180} INFO - Setting next_dagrun for dataset_s3_bucket_producer to None, run_after=None
[2024-11-05T10:37:13.888+0000] {processor.py:208} INFO - Processing /home/airflow/.local/lib/python3.12/site-packages/airflow/example_dags/example_dataset_alias.py took 0.832 seconds
[2024-11-05T10:37:44.520+0000] {processor.py:186} INFO - Started process (PID=164) to work on /home/airflow/.local/lib/python3.12/site-packages/airflow/example_dags/example_dataset_alias.py
[2024-11-05T10:37:44.525+0000] {processor.py:914} INFO - Processing file /home/airflow/.local/lib/python3.12/site-packages/airflow/example_dags/example_dataset_alias.py for tasks to queue
[2024-11-05T10:37:44.527+0000] {logging_mixin.py:190} INFO - [2024-11-05T10:37:44.527+0000] {dagbag.py:588} INFO - Filling up the DagBag from /home/airflow/.local/lib/python3.12/site-packages/airflow/example_dags/example_dataset_alias.py
[2024-11-05T10:37:44.715+0000] {processor.py:925} INFO - DAG(s) 'dataset_s3_bucket_producer', 'dataset_alias_example_alias_consumer', 'dataset_s3_bucket_consumer', 'dataset_alias_example_alias_producer' retrieved from /home/airflow/.local/lib/python3.12/site-packages/airflow/example_dags/example_dataset_alias.py
[2024-11-05T10:37:44.741+0000] {logging_mixin.py:190} INFO - [2024-11-05T10:37:44.741+0000] {dag.py:3239} INFO - Sync 4 DAGs
[2024-11-05T10:37:44.768+0000] {logging_mixin.py:190} INFO - [2024-11-05T10:37:44.768+0000] {dag.py:4180} INFO - Setting next_dagrun for dataset_alias_example_alias_consumer to None, run_after=None
[2024-11-05T10:37:44.771+0000] {logging_mixin.py:190} INFO - [2024-11-05T10:37:44.771+0000] {dag.py:4180} INFO - Setting next_dagrun for dataset_alias_example_alias_producer to None, run_after=None
[2024-11-05T10:37:44.773+0000] {logging_mixin.py:190} INFO - [2024-11-05T10:37:44.773+0000] {dag.py:4180} INFO - Setting next_dagrun for dataset_s3_bucket_consumer to None, run_after=None
[2024-11-05T10:37:44.775+0000] {logging_mixin.py:190} INFO - [2024-11-05T10:37:44.775+0000] {dag.py:4180} INFO - Setting next_dagrun for dataset_s3_bucket_producer to None, run_after=None
[2024-11-05T10:37:44.800+0000] {processor.py:208} INFO - Processing /home/airflow/.local/lib/python3.12/site-packages/airflow/example_dags/example_dataset_alias.py took 0.287 seconds
[2024-11-05T10:38:14.864+0000] {processor.py:186} INFO - Started process (PID=227) to work on /home/airflow/.local/lib/python3.12/site-packages/airflow/example_dags/example_dataset_alias.py
[2024-11-05T10:38:14.866+0000] {processor.py:914} INFO - Processing file /home/airflow/.local/lib/python3.12/site-packages/airflow/example_dags/example_dataset_alias.py for tasks to queue
[2024-11-05T10:38:14.869+0000] {logging_mixin.py:190} INFO - [2024-11-05T10:38:14.868+0000] {dagbag.py:588} INFO - Filling up the DagBag from /home/airflow/.local/lib/python3.12/site-packages/airflow/example_dags/example_dataset_alias.py
[2024-11-05T10:38:15.091+0000] {processor.py:925} INFO - DAG(s) 'dataset_s3_bucket_consumer', 'dataset_alias_example_alias_consumer', 'dataset_s3_bucket_producer', 'dataset_alias_example_alias_producer' retrieved from /home/airflow/.local/lib/python3.12/site-packages/airflow/example_dags/example_dataset_alias.py
[2024-11-05T10:38:15.118+0000] {logging_mixin.py:190} INFO - [2024-11-05T10:38:15.118+0000] {dag.py:3239} INFO - Sync 4 DAGs
[2024-11-05T10:38:15.154+0000] {logging_mixin.py:190} INFO - [2024-11-05T10:38:15.154+0000] {dag.py:4180} INFO - Setting next_dagrun for dataset_alias_example_alias_consumer to None, run_after=None
[2024-11-05T10:38:15.158+0000] {logging_mixin.py:190} INFO - [2024-11-05T10:38:15.158+0000] {dag.py:4180} INFO - Setting next_dagrun for dataset_alias_example_alias_producer to None, run_after=None
[2024-11-05T10:38:15.161+0000] {logging_mixin.py:190} INFO - [2024-11-05T10:38:15.160+0000] {dag.py:4180} INFO - Setting next_dagrun for dataset_s3_bucket_consumer to None, run_after=None
[2024-11-05T10:38:15.163+0000] {logging_mixin.py:190} INFO - [2024-11-05T10:38:15.162+0000] {dag.py:4180} INFO - Setting next_dagrun for dataset_s3_bucket_producer to None, run_after=None
[2024-11-05T10:38:15.192+0000] {processor.py:208} INFO - Processing /home/airflow/.local/lib/python3.12/site-packages/airflow/example_dags/example_dataset_alias.py took 0.337 seconds
[2024-11-05T10:38:45.618+0000] {processor.py:186} INFO - Started process (PID=291) to work on /home/airflow/.local/lib/python3.12/site-packages/airflow/example_dags/example_dataset_alias.py
[2024-11-05T10:38:45.620+0000] {processor.py:914} INFO - Processing file /home/airflow/.local/lib/python3.12/site-packages/airflow/example_dags/example_dataset_alias.py for tasks to queue
[2024-11-05T10:38:45.622+0000] {logging_mixin.py:190} INFO - [2024-11-05T10:38:45.622+0000] {dagbag.py:588} INFO - Filling up the DagBag from /home/airflow/.local/lib/python3.12/site-packages/airflow/example_dags/example_dataset_alias.py
[2024-11-05T10:38:45.912+0000] {processor.py:925} INFO - DAG(s) 'dataset_alias_example_alias_consumer', 'dataset_s3_bucket_consumer', 'dataset_alias_example_alias_producer', 'dataset_s3_bucket_producer' retrieved from /home/airflow/.local/lib/python3.12/site-packages/airflow/example_dags/example_dataset_alias.py
[2024-11-05T10:38:45.948+0000] {logging_mixin.py:190} INFO - [2024-11-05T10:38:45.947+0000] {dag.py:3239} INFO - Sync 4 DAGs
[2024-11-05T10:38:45.986+0000] {logging_mixin.py:190} INFO - [2024-11-05T10:38:45.986+0000] {dag.py:4180} INFO - Setting next_dagrun for dataset_alias_example_alias_consumer to None, run_after=None
[2024-11-05T10:38:45.991+0000] {logging_mixin.py:190} INFO - [2024-11-05T10:38:45.991+0000] {dag.py:4180} INFO - Setting next_dagrun for dataset_alias_example_alias_producer to None, run_after=None
[2024-11-05T10:38:45.994+0000] {logging_mixin.py:190} INFO - [2024-11-05T10:38:45.993+0000] {dag.py:4180} INFO - Setting next_dagrun for dataset_s3_bucket_consumer to None, run_after=None
[2024-11-05T10:38:45.996+0000] {logging_mixin.py:190} INFO - [2024-11-05T10:38:45.996+0000] {dag.py:4180} INFO - Setting next_dagrun for dataset_s3_bucket_producer to None, run_after=None
[2024-11-05T10:38:46.027+0000] {processor.py:208} INFO - Processing /home/airflow/.local/lib/python3.12/site-packages/airflow/example_dags/example_dataset_alias.py took 0.415 seconds
[2024-11-05T10:39:16.199+0000] {processor.py:186} INFO - Started process (PID=354) to work on /home/airflow/.local/lib/python3.12/site-packages/airflow/example_dags/example_dataset_alias.py
[2024-11-05T10:39:16.201+0000] {processor.py:914} INFO - Processing file /home/airflow/.local/lib/python3.12/site-packages/airflow/example_dags/example_dataset_alias.py for tasks to queue
[2024-11-05T10:39:16.203+0000] {logging_mixin.py:190} INFO - [2024-11-05T10:39:16.203+0000] {dagbag.py:588} INFO - Filling up the DagBag from /home/airflow/.local/lib/python3.12/site-packages/airflow/example_dags/example_dataset_alias.py
[2024-11-05T10:39:16.373+0000] {processor.py:925} INFO - DAG(s) 'dataset_alias_example_alias_consumer', 'dataset_s3_bucket_consumer', 'dataset_alias_example_alias_producer', 'dataset_s3_bucket_producer' retrieved from /home/airflow/.local/lib/python3.12/site-packages/airflow/example_dags/example_dataset_alias.py
[2024-11-05T10:39:16.394+0000] {logging_mixin.py:190} INFO - [2024-11-05T10:39:16.394+0000] {dag.py:3239} INFO - Sync 4 DAGs
[2024-11-05T10:39:16.419+0000] {logging_mixin.py:190} INFO - [2024-11-05T10:39:16.419+0000] {dag.py:4180} INFO - Setting next_dagrun for dataset_alias_example_alias_consumer to None, run_after=None
[2024-11-05T10:39:16.425+0000] {logging_mixin.py:190} INFO - [2024-11-05T10:39:16.425+0000] {dag.py:4180} INFO - Setting next_dagrun for dataset_alias_example_alias_producer to None, run_after=None
[2024-11-05T10:39:16.429+0000] {logging_mixin.py:190} INFO - [2024-11-05T10:39:16.429+0000] {dag.py:4180} INFO - Setting next_dagrun for dataset_s3_bucket_consumer to None, run_after=None
[2024-11-05T10:39:16.434+0000] {logging_mixin.py:190} INFO - [2024-11-05T10:39:16.434+0000] {dag.py:4180} INFO - Setting next_dagrun for dataset_s3_bucket_producer to None, run_after=None
[2024-11-05T10:39:16.468+0000] {processor.py:208} INFO - Processing /home/airflow/.local/lib/python3.12/site-packages/airflow/example_dags/example_dataset_alias.py took 0.275 seconds
[2024-11-05T10:39:46.638+0000] {processor.py:186} INFO - Started process (PID=414) to work on /home/airflow/.local/lib/python3.12/site-packages/airflow/example_dags/example_dataset_alias.py
[2024-11-05T10:39:46.639+0000] {processor.py:914} INFO - Processing file /home/airflow/.local/lib/python3.12/site-packages/airflow/example_dags/example_dataset_alias.py for tasks to queue
[2024-11-05T10:39:46.643+0000] {logging_mixin.py:190} INFO - [2024-11-05T10:39:46.642+0000] {dagbag.py:588} INFO - Filling up the DagBag from /home/airflow/.local/lib/python3.12/site-packages/airflow/example_dags/example_dataset_alias.py
[2024-11-05T10:39:47.041+0000] {processor.py:925} INFO - DAG(s) 'dataset_s3_bucket_consumer', 'dataset_alias_example_alias_consumer', 'dataset_s3_bucket_producer', 'dataset_alias_example_alias_producer' retrieved from /home/airflow/.local/lib/python3.12/site-packages/airflow/example_dags/example_dataset_alias.py
[2024-11-05T10:39:47.085+0000] {logging_mixin.py:190} INFO - [2024-11-05T10:39:47.085+0000] {dag.py:3239} INFO - Sync 4 DAGs
[2024-11-05T10:39:47.128+0000] {logging_mixin.py:190} INFO - [2024-11-05T10:39:47.128+0000] {dag.py:4180} INFO - Setting next_dagrun for dataset_alias_example_alias_consumer to None, run_after=None
[2024-11-05T10:39:47.133+0000] {logging_mixin.py:190} INFO - [2024-11-05T10:39:47.133+0000] {dag.py:4180} INFO - Setting next_dagrun for dataset_alias_example_alias_producer to None, run_after=None
[2024-11-05T10:39:47.136+0000] {logging_mixin.py:190} INFO - [2024-11-05T10:39:47.136+0000] {dag.py:4180} INFO - Setting next_dagrun for dataset_s3_bucket_consumer to None, run_after=None
[2024-11-05T10:39:47.138+0000] {logging_mixin.py:190} INFO - [2024-11-05T10:39:47.138+0000] {dag.py:4180} INFO - Setting next_dagrun for dataset_s3_bucket_producer to None, run_after=None
[2024-11-05T10:39:47.176+0000] {processor.py:208} INFO - Processing /home/airflow/.local/lib/python3.12/site-packages/airflow/example_dags/example_dataset_alias.py took 0.546 seconds
[2024-11-05T10:40:17.692+0000] {processor.py:186} INFO - Started process (PID=478) to work on /home/airflow/.local/lib/python3.12/site-packages/airflow/example_dags/example_dataset_alias.py
[2024-11-05T10:40:17.694+0000] {processor.py:914} INFO - Processing file /home/airflow/.local/lib/python3.12/site-packages/airflow/example_dags/example_dataset_alias.py for tasks to queue
[2024-11-05T10:40:17.696+0000] {logging_mixin.py:190} INFO - [2024-11-05T10:40:17.696+0000] {dagbag.py:588} INFO - Filling up the DagBag from /home/airflow/.local/lib/python3.12/site-packages/airflow/example_dags/example_dataset_alias.py
[2024-11-05T10:40:17.914+0000] {processor.py:925} INFO - DAG(s) 'dataset_alias_example_alias_producer', 'dataset_s3_bucket_consumer', 'dataset_s3_bucket_producer', 'dataset_alias_example_alias_consumer' retrieved from /home/airflow/.local/lib/python3.12/site-packages/airflow/example_dags/example_dataset_alias.py
[2024-11-05T10:40:17.938+0000] {logging_mixin.py:190} INFO - [2024-11-05T10:40:17.938+0000] {dag.py:3239} INFO - Sync 4 DAGs
[2024-11-05T10:40:17.966+0000] {logging_mixin.py:190} INFO - [2024-11-05T10:40:17.966+0000] {dag.py:4180} INFO - Setting next_dagrun for dataset_alias_example_alias_consumer to None, run_after=None
[2024-11-05T10:40:17.969+0000] {logging_mixin.py:190} INFO - [2024-11-05T10:40:17.969+0000] {dag.py:4180} INFO - Setting next_dagrun for dataset_alias_example_alias_producer to None, run_after=None
[2024-11-05T10:40:17.971+0000] {logging_mixin.py:190} INFO - [2024-11-05T10:40:17.971+0000] {dag.py:4180} INFO - Setting next_dagrun for dataset_s3_bucket_consumer to None, run_after=None
[2024-11-05T10:40:17.973+0000] {logging_mixin.py:190} INFO - [2024-11-05T10:40:17.972+0000] {dag.py:4180} INFO - Setting next_dagrun for dataset_s3_bucket_producer to None, run_after=None
[2024-11-05T10:40:17.999+0000] {processor.py:208} INFO - Processing /home/airflow/.local/lib/python3.12/site-packages/airflow/example_dags/example_dataset_alias.py took 0.313 seconds
[2024-11-05T10:40:48.142+0000] {processor.py:186} INFO - Started process (PID=540) to work on /home/airflow/.local/lib/python3.12/site-packages/airflow/example_dags/example_dataset_alias.py
[2024-11-05T10:40:48.143+0000] {processor.py:914} INFO - Processing file /home/airflow/.local/lib/python3.12/site-packages/airflow/example_dags/example_dataset_alias.py for tasks to queue
[2024-11-05T10:40:48.145+0000] {logging_mixin.py:190} INFO - [2024-11-05T10:40:48.145+0000] {dagbag.py:588} INFO - Filling up the DagBag from /home/airflow/.local/lib/python3.12/site-packages/airflow/example_dags/example_dataset_alias.py
[2024-11-05T10:40:48.342+0000] {processor.py:925} INFO - DAG(s) 'dataset_s3_bucket_consumer', 'dataset_alias_example_alias_producer', 'dataset_alias_example_alias_consumer', 'dataset_s3_bucket_producer' retrieved from /home/airflow/.local/lib/python3.12/site-packages/airflow/example_dags/example_dataset_alias.py
[2024-11-05T10:40:48.367+0000] {logging_mixin.py:190} INFO - [2024-11-05T10:40:48.367+0000] {dag.py:3239} INFO - Sync 4 DAGs
[2024-11-05T10:40:48.397+0000] {logging_mixin.py:190} INFO - [2024-11-05T10:40:48.397+0000] {dag.py:4180} INFO - Setting next_dagrun for dataset_alias_example_alias_consumer to None, run_after=None
[2024-11-05T10:40:48.401+0000] {logging_mixin.py:190} INFO - [2024-11-05T10:40:48.401+0000] {dag.py:4180} INFO - Setting next_dagrun for dataset_alias_example_alias_producer to None, run_after=None
[2024-11-05T10:40:48.403+0000] {logging_mixin.py:190} INFO - [2024-11-05T10:40:48.403+0000] {dag.py:4180} INFO - Setting next_dagrun for dataset_s3_bucket_consumer to None, run_after=None
[2024-11-05T10:40:48.405+0000] {logging_mixin.py:190} INFO - [2024-11-05T10:40:48.404+0000] {dag.py:4180} INFO - Setting next_dagrun for dataset_s3_bucket_producer to None, run_after=None
[2024-11-05T10:40:48.435+0000] {processor.py:208} INFO - Processing /home/airflow/.local/lib/python3.12/site-packages/airflow/example_dags/example_dataset_alias.py took 0.301 seconds
[2024-11-05T10:41:18.656+0000] {processor.py:186} INFO - Started process (PID=604) to work on /home/airflow/.local/lib/python3.12/site-packages/airflow/example_dags/example_dataset_alias.py
[2024-11-05T10:41:18.657+0000] {processor.py:914} INFO - Processing file /home/airflow/.local/lib/python3.12/site-packages/airflow/example_dags/example_dataset_alias.py for tasks to queue
[2024-11-05T10:41:18.659+0000] {logging_mixin.py:190} INFO - [2024-11-05T10:41:18.659+0000] {dagbag.py:588} INFO - Filling up the DagBag from /home/airflow/.local/lib/python3.12/site-packages/airflow/example_dags/example_dataset_alias.py
[2024-11-05T10:41:18.862+0000] {processor.py:925} INFO - DAG(s) 'dataset_s3_bucket_producer', 'dataset_s3_bucket_consumer', 'dataset_alias_example_alias_consumer', 'dataset_alias_example_alias_producer' retrieved from /home/airflow/.local/lib/python3.12/site-packages/airflow/example_dags/example_dataset_alias.py
[2024-11-05T10:41:18.886+0000] {logging_mixin.py:190} INFO - [2024-11-05T10:41:18.886+0000] {dag.py:3239} INFO - Sync 4 DAGs
[2024-11-05T10:41:18.924+0000] {logging_mixin.py:190} INFO - [2024-11-05T10:41:18.923+0000] {dag.py:4180} INFO - Setting next_dagrun for dataset_alias_example_alias_consumer to None, run_after=None
[2024-11-05T10:41:18.928+0000] {logging_mixin.py:190} INFO - [2024-11-05T10:41:18.927+0000] {dag.py:4180} INFO - Setting next_dagrun for dataset_alias_example_alias_producer to None, run_after=None
[2024-11-05T10:41:18.930+0000] {logging_mixin.py:190} INFO - [2024-11-05T10:41:18.929+0000] {dag.py:4180} INFO - Setting next_dagrun for dataset_s3_bucket_consumer to None, run_after=None
[2024-11-05T10:41:18.931+0000] {logging_mixin.py:190} INFO - [2024-11-05T10:41:18.931+0000] {dag.py:4180} INFO - Setting next_dagrun for dataset_s3_bucket_producer to None, run_after=None
[2024-11-05T10:41:18.954+0000] {processor.py:208} INFO - Processing /home/airflow/.local/lib/python3.12/site-packages/airflow/example_dags/example_dataset_alias.py took 0.304 seconds
[2024-11-05T10:41:49.389+0000] {processor.py:186} INFO - Started process (PID=666) to work on /home/airflow/.local/lib/python3.12/site-packages/airflow/example_dags/example_dataset_alias.py
[2024-11-05T10:41:49.390+0000] {processor.py:914} INFO - Processing file /home/airflow/.local/lib/python3.12/site-packages/airflow/example_dags/example_dataset_alias.py for tasks to queue
[2024-11-05T10:41:49.393+0000] {logging_mixin.py:190} INFO - [2024-11-05T10:41:49.392+0000] {dagbag.py:588} INFO - Filling up the DagBag from /home/airflow/.local/lib/python3.12/site-packages/airflow/example_dags/example_dataset_alias.py
[2024-11-05T10:41:49.610+0000] {processor.py:925} INFO - DAG(s) 'dataset_alias_example_alias_producer', 'dataset_s3_bucket_consumer', 'dataset_s3_bucket_producer', 'dataset_alias_example_alias_consumer' retrieved from /home/airflow/.local/lib/python3.12/site-packages/airflow/example_dags/example_dataset_alias.py
[2024-11-05T10:41:49.633+0000] {logging_mixin.py:190} INFO - [2024-11-05T10:41:49.633+0000] {dag.py:3239} INFO - Sync 4 DAGs
[2024-11-05T10:41:49.666+0000] {logging_mixin.py:190} INFO - [2024-11-05T10:41:49.666+0000] {dag.py:4180} INFO - Setting next_dagrun for dataset_alias_example_alias_consumer to None, run_after=None
[2024-11-05T10:41:49.671+0000] {logging_mixin.py:190} INFO - [2024-11-05T10:41:49.671+0000] {dag.py:4180} INFO - Setting next_dagrun for dataset_alias_example_alias_producer to None, run_after=None
[2024-11-05T10:41:49.673+0000] {logging_mixin.py:190} INFO - [2024-11-05T10:41:49.673+0000] {dag.py:4180} INFO - Setting next_dagrun for dataset_s3_bucket_consumer to None, run_after=None
[2024-11-05T10:41:49.675+0000] {logging_mixin.py:190} INFO - [2024-11-05T10:41:49.675+0000] {dag.py:4180} INFO - Setting next_dagrun for dataset_s3_bucket_producer to None, run_after=None
[2024-11-05T10:41:49.698+0000] {processor.py:208} INFO - Processing /home/airflow/.local/lib/python3.12/site-packages/airflow/example_dags/example_dataset_alias.py took 0.315 seconds
[2024-11-05T10:42:20.192+0000] {processor.py:186} INFO - Started process (PID=729) to work on /home/airflow/.local/lib/python3.12/site-packages/airflow/example_dags/example_dataset_alias.py
[2024-11-05T10:42:20.194+0000] {processor.py:914} INFO - Processing file /home/airflow/.local/lib/python3.12/site-packages/airflow/example_dags/example_dataset_alias.py for tasks to queue
[2024-11-05T10:42:20.196+0000] {logging_mixin.py:190} INFO - [2024-11-05T10:42:20.196+0000] {dagbag.py:588} INFO - Filling up the DagBag from /home/airflow/.local/lib/python3.12/site-packages/airflow/example_dags/example_dataset_alias.py
[2024-11-05T10:42:20.410+0000] {processor.py:925} INFO - DAG(s) 'dataset_s3_bucket_producer', 'dataset_alias_example_alias_consumer', 'dataset_s3_bucket_consumer', 'dataset_alias_example_alias_producer' retrieved from /home/airflow/.local/lib/python3.12/site-packages/airflow/example_dags/example_dataset_alias.py
[2024-11-05T10:42:20.435+0000] {logging_mixin.py:190} INFO - [2024-11-05T10:42:20.435+0000] {dag.py:3239} INFO - Sync 4 DAGs
[2024-11-05T10:42:20.466+0000] {logging_mixin.py:190} INFO - [2024-11-05T10:42:20.465+0000] {dag.py:4180} INFO - Setting next_dagrun for dataset_alias_example_alias_consumer to None, run_after=None
[2024-11-05T10:42:20.469+0000] {logging_mixin.py:190} INFO - [2024-11-05T10:42:20.469+0000] {dag.py:4180} INFO - Setting next_dagrun for dataset_alias_example_alias_producer to None, run_after=None
[2024-11-05T10:42:20.471+0000] {logging_mixin.py:190} INFO - [2024-11-05T10:42:20.470+0000] {dag.py:4180} INFO - Setting next_dagrun for dataset_s3_bucket_consumer to None, run_after=None
[2024-11-05T10:42:20.473+0000] {logging_mixin.py:190} INFO - [2024-11-05T10:42:20.472+0000] {dag.py:4180} INFO - Setting next_dagrun for dataset_s3_bucket_producer to None, run_after=None
[2024-11-05T10:42:20.497+0000] {processor.py:208} INFO - Processing /home/airflow/.local/lib/python3.12/site-packages/airflow/example_dags/example_dataset_alias.py took 0.312 seconds
[2024-11-05T10:42:50.698+0000] {processor.py:186} INFO - Started process (PID=791) to work on /home/airflow/.local/lib/python3.12/site-packages/airflow/example_dags/example_dataset_alias.py
[2024-11-05T10:42:50.699+0000] {processor.py:914} INFO - Processing file /home/airflow/.local/lib/python3.12/site-packages/airflow/example_dags/example_dataset_alias.py for tasks to queue
[2024-11-05T10:42:50.702+0000] {logging_mixin.py:190} INFO - [2024-11-05T10:42:50.701+0000] {dagbag.py:588} INFO - Filling up the DagBag from /home/airflow/.local/lib/python3.12/site-packages/airflow/example_dags/example_dataset_alias.py
[2024-11-05T10:42:50.918+0000] {processor.py:925} INFO - DAG(s) 'dataset_s3_bucket_producer', 'dataset_alias_example_alias_consumer', 'dataset_alias_example_alias_producer', 'dataset_s3_bucket_consumer' retrieved from /home/airflow/.local/lib/python3.12/site-packages/airflow/example_dags/example_dataset_alias.py
[2024-11-05T10:42:50.944+0000] {logging_mixin.py:190} INFO - [2024-11-05T10:42:50.943+0000] {dag.py:3239} INFO - Sync 4 DAGs
[2024-11-05T10:42:50.972+0000] {logging_mixin.py:190} INFO - [2024-11-05T10:42:50.972+0000] {dag.py:4180} INFO - Setting next_dagrun for dataset_alias_example_alias_consumer to None, run_after=None
[2024-11-05T10:42:50.976+0000] {logging_mixin.py:190} INFO - [2024-11-05T10:42:50.976+0000] {dag.py:4180} INFO - Setting next_dagrun for dataset_alias_example_alias_producer to None, run_after=None
[2024-11-05T10:42:50.978+0000] {logging_mixin.py:190} INFO - [2024-11-05T10:42:50.977+0000] {dag.py:4180} INFO - Setting next_dagrun for dataset_s3_bucket_consumer to None, run_after=None
[2024-11-05T10:42:50.979+0000] {logging_mixin.py:190} INFO - [2024-11-05T10:42:50.979+0000] {dag.py:4180} INFO - Setting next_dagrun for dataset_s3_bucket_producer to None, run_after=None
[2024-11-05T10:42:51.004+0000] {processor.py:208} INFO - Processing /home/airflow/.local/lib/python3.12/site-packages/airflow/example_dags/example_dataset_alias.py took 0.314 seconds
[2024-11-05T10:43:21.575+0000] {processor.py:186} INFO - Started process (PID=854) to work on /home/airflow/.local/lib/python3.12/site-packages/airflow/example_dags/example_dataset_alias.py
[2024-11-05T10:43:21.577+0000] {processor.py:914} INFO - Processing file /home/airflow/.local/lib/python3.12/site-packages/airflow/example_dags/example_dataset_alias.py for tasks to queue
[2024-11-05T10:43:21.580+0000] {logging_mixin.py:190} INFO - [2024-11-05T10:43:21.580+0000] {dagbag.py:588} INFO - Filling up the DagBag from /home/airflow/.local/lib/python3.12/site-packages/airflow/example_dags/example_dataset_alias.py
[2024-11-05T10:43:21.789+0000] {processor.py:925} INFO - DAG(s) 'dataset_s3_bucket_consumer', 'dataset_alias_example_alias_producer', 'dataset_alias_example_alias_consumer', 'dataset_s3_bucket_producer' retrieved from /home/airflow/.local/lib/python3.12/site-packages/airflow/example_dags/example_dataset_alias.py
[2024-11-05T10:43:21.821+0000] {logging_mixin.py:190} INFO - [2024-11-05T10:43:21.821+0000] {dag.py:3239} INFO - Sync 4 DAGs
[2024-11-05T10:43:21.851+0000] {logging_mixin.py:190} INFO - [2024-11-05T10:43:21.851+0000] {dag.py:4180} INFO - Setting next_dagrun for dataset_alias_example_alias_consumer to None, run_after=None
[2024-11-05T10:43:21.855+0000] {logging_mixin.py:190} INFO - [2024-11-05T10:43:21.854+0000] {dag.py:4180} INFO - Setting next_dagrun for dataset_alias_example_alias_producer to None, run_after=None
[2024-11-05T10:43:21.857+0000] {logging_mixin.py:190} INFO - [2024-11-05T10:43:21.856+0000] {dag.py:4180} INFO - Setting next_dagrun for dataset_s3_bucket_consumer to None, run_after=None
[2024-11-05T10:43:21.859+0000] {logging_mixin.py:190} INFO - [2024-11-05T10:43:21.859+0000] {dag.py:4180} INFO - Setting next_dagrun for dataset_s3_bucket_producer to None, run_after=None
[2024-11-05T10:43:21.888+0000] {processor.py:208} INFO - Processing /home/airflow/.local/lib/python3.12/site-packages/airflow/example_dags/example_dataset_alias.py took 0.320 seconds
[2024-11-05T10:43:52.127+0000] {processor.py:186} INFO - Started process (PID=918) to work on /home/airflow/.local/lib/python3.12/site-packages/airflow/example_dags/example_dataset_alias.py
[2024-11-05T10:43:52.128+0000] {processor.py:914} INFO - Processing file /home/airflow/.local/lib/python3.12/site-packages/airflow/example_dags/example_dataset_alias.py for tasks to queue
[2024-11-05T10:43:52.132+0000] {logging_mixin.py:190} INFO - [2024-11-05T10:43:52.131+0000] {dagbag.py:588} INFO - Filling up the DagBag from /home/airflow/.local/lib/python3.12/site-packages/airflow/example_dags/example_dataset_alias.py
[2024-11-05T10:43:52.354+0000] {processor.py:925} INFO - DAG(s) 'dataset_alias_example_alias_producer', 'dataset_s3_bucket_producer', 'dataset_s3_bucket_consumer', 'dataset_alias_example_alias_consumer' retrieved from /home/airflow/.local/lib/python3.12/site-packages/airflow/example_dags/example_dataset_alias.py
[2024-11-05T10:43:52.383+0000] {logging_mixin.py:190} INFO - [2024-11-05T10:43:52.382+0000] {dag.py:3239} INFO - Sync 4 DAGs
[2024-11-05T10:43:52.408+0000] {logging_mixin.py:190} INFO - [2024-11-05T10:43:52.408+0000] {dag.py:4180} INFO - Setting next_dagrun for dataset_alias_example_alias_consumer to None, run_after=None
[2024-11-05T10:43:52.412+0000] {logging_mixin.py:190} INFO - [2024-11-05T10:43:52.411+0000] {dag.py:4180} INFO - Setting next_dagrun for dataset_alias_example_alias_producer to None, run_after=None
[2024-11-05T10:43:52.413+0000] {logging_mixin.py:190} INFO - [2024-11-05T10:43:52.413+0000] {dag.py:4180} INFO - Setting next_dagrun for dataset_s3_bucket_consumer to None, run_after=None
[2024-11-05T10:43:52.415+0000] {logging_mixin.py:190} INFO - [2024-11-05T10:43:52.414+0000] {dag.py:4180} INFO - Setting next_dagrun for dataset_s3_bucket_producer to None, run_after=None
[2024-11-05T10:43:52.438+0000] {processor.py:208} INFO - Processing /home/airflow/.local/lib/python3.12/site-packages/airflow/example_dags/example_dataset_alias.py took 0.318 seconds
[2024-11-05T10:44:23.153+0000] {processor.py:186} INFO - Started process (PID=983) to work on /home/airflow/.local/lib/python3.12/site-packages/airflow/example_dags/example_dataset_alias.py
[2024-11-05T10:44:23.155+0000] {processor.py:914} INFO - Processing file /home/airflow/.local/lib/python3.12/site-packages/airflow/example_dags/example_dataset_alias.py for tasks to queue
[2024-11-05T10:44:23.159+0000] {logging_mixin.py:190} INFO - [2024-11-05T10:44:23.158+0000] {dagbag.py:588} INFO - Filling up the DagBag from /home/airflow/.local/lib/python3.12/site-packages/airflow/example_dags/example_dataset_alias.py
[2024-11-05T10:44:23.445+0000] {processor.py:925} INFO - DAG(s) 'dataset_s3_bucket_producer', 'dataset_alias_example_alias_producer', 'dataset_alias_example_alias_consumer', 'dataset_s3_bucket_consumer' retrieved from /home/airflow/.local/lib/python3.12/site-packages/airflow/example_dags/example_dataset_alias.py
[2024-11-05T10:44:23.488+0000] {logging_mixin.py:190} INFO - [2024-11-05T10:44:23.488+0000] {dag.py:3239} INFO - Sync 4 DAGs
[2024-11-05T10:44:23.538+0000] {logging_mixin.py:190} INFO - [2024-11-05T10:44:23.537+0000] {dag.py:4180} INFO - Setting next_dagrun for dataset_alias_example_alias_consumer to None, run_after=None
[2024-11-05T10:44:23.544+0000] {logging_mixin.py:190} INFO - [2024-11-05T10:44:23.544+0000] {dag.py:4180} INFO - Setting next_dagrun for dataset_alias_example_alias_producer to None, run_after=None
[2024-11-05T10:44:23.550+0000] {logging_mixin.py:190} INFO - [2024-11-05T10:44:23.550+0000] {dag.py:4180} INFO - Setting next_dagrun for dataset_s3_bucket_consumer to None, run_after=None
[2024-11-05T10:44:23.555+0000] {logging_mixin.py:190} INFO - [2024-11-05T10:44:23.554+0000] {dag.py:4180} INFO - Setting next_dagrun for dataset_s3_bucket_producer to None, run_after=None
[2024-11-05T10:44:23.653+0000] {processor.py:208} INFO - Processing /home/airflow/.local/lib/python3.12/site-packages/airflow/example_dags/example_dataset_alias.py took 0.508 seconds
[2024-11-05T10:44:54.053+0000] {processor.py:186} INFO - Started process (PID=1046) to work on /home/airflow/.local/lib/python3.12/site-packages/airflow/example_dags/example_dataset_alias.py
[2024-11-05T10:44:54.055+0000] {processor.py:914} INFO - Processing file /home/airflow/.local/lib/python3.12/site-packages/airflow/example_dags/example_dataset_alias.py for tasks to queue
[2024-11-05T10:44:54.059+0000] {logging_mixin.py:190} INFO - [2024-11-05T10:44:54.058+0000] {dagbag.py:588} INFO - Filling up the DagBag from /home/airflow/.local/lib/python3.12/site-packages/airflow/example_dags/example_dataset_alias.py
[2024-11-05T10:44:54.361+0000] {processor.py:925} INFO - DAG(s) 'dataset_alias_example_alias_producer', 'dataset_alias_example_alias_consumer', 'dataset_s3_bucket_producer', 'dataset_s3_bucket_consumer' retrieved from /home/airflow/.local/lib/python3.12/site-packages/airflow/example_dags/example_dataset_alias.py
[2024-11-05T10:44:54.403+0000] {logging_mixin.py:190} INFO - [2024-11-05T10:44:54.403+0000] {dag.py:3239} INFO - Sync 4 DAGs
[2024-11-05T10:44:54.445+0000] {logging_mixin.py:190} INFO - [2024-11-05T10:44:54.445+0000] {dag.py:4180} INFO - Setting next_dagrun for dataset_alias_example_alias_consumer to None, run_after=None
[2024-11-05T10:44:54.452+0000] {logging_mixin.py:190} INFO - [2024-11-05T10:44:54.452+0000] {dag.py:4180} INFO - Setting next_dagrun for dataset_alias_example_alias_producer to None, run_after=None
[2024-11-05T10:44:54.455+0000] {logging_mixin.py:190} INFO - [2024-11-05T10:44:54.454+0000] {dag.py:4180} INFO - Setting next_dagrun for dataset_s3_bucket_consumer to None, run_after=None
[2024-11-05T10:44:54.457+0000] {logging_mixin.py:190} INFO - [2024-11-05T10:44:54.457+0000] {dag.py:4180} INFO - Setting next_dagrun for dataset_s3_bucket_producer to None, run_after=None
[2024-11-05T10:44:54.491+0000] {processor.py:208} INFO - Processing /home/airflow/.local/lib/python3.12/site-packages/airflow/example_dags/example_dataset_alias.py took 0.449 seconds
[2024-11-05T10:45:24.603+0000] {processor.py:186} INFO - Started process (PID=1110) to work on /home/airflow/.local/lib/python3.12/site-packages/airflow/example_dags/example_dataset_alias.py
[2024-11-05T10:45:24.605+0000] {processor.py:914} INFO - Processing file /home/airflow/.local/lib/python3.12/site-packages/airflow/example_dags/example_dataset_alias.py for tasks to queue
[2024-11-05T10:45:24.609+0000] {logging_mixin.py:190} INFO - [2024-11-05T10:45:24.608+0000] {dagbag.py:588} INFO - Filling up the DagBag from /home/airflow/.local/lib/python3.12/site-packages/airflow/example_dags/example_dataset_alias.py
[2024-11-05T10:45:24.836+0000] {processor.py:925} INFO - DAG(s) 'dataset_alias_example_alias_producer', 'dataset_s3_bucket_producer', 'dataset_s3_bucket_consumer', 'dataset_alias_example_alias_consumer' retrieved from /home/airflow/.local/lib/python3.12/site-packages/airflow/example_dags/example_dataset_alias.py
[2024-11-05T10:45:24.871+0000] {logging_mixin.py:190} INFO - [2024-11-05T10:45:24.871+0000] {dag.py:3239} INFO - Sync 4 DAGs
[2024-11-05T10:45:24.909+0000] {logging_mixin.py:190} INFO - [2024-11-05T10:45:24.909+0000] {dag.py:4180} INFO - Setting next_dagrun for dataset_alias_example_alias_consumer to None, run_after=None
[2024-11-05T10:45:24.915+0000] {logging_mixin.py:190} INFO - [2024-11-05T10:45:24.914+0000] {dag.py:4180} INFO - Setting next_dagrun for dataset_alias_example_alias_producer to None, run_after=None
[2024-11-05T10:45:24.917+0000] {logging_mixin.py:190} INFO - [2024-11-05T10:45:24.917+0000] {dag.py:4180} INFO - Setting next_dagrun for dataset_s3_bucket_consumer to None, run_after=None
[2024-11-05T10:45:24.919+0000] {logging_mixin.py:190} INFO - [2024-11-05T10:45:24.919+0000] {dag.py:4180} INFO - Setting next_dagrun for dataset_s3_bucket_producer to None, run_after=None
[2024-11-05T10:45:24.954+0000] {processor.py:208} INFO - Processing /home/airflow/.local/lib/python3.12/site-packages/airflow/example_dags/example_dataset_alias.py took 0.359 seconds
[2024-11-05T10:45:55.008+0000] {processor.py:186} INFO - Started process (PID=1174) to work on /home/airflow/.local/lib/python3.12/site-packages/airflow/example_dags/example_dataset_alias.py
[2024-11-05T10:45:55.010+0000] {processor.py:914} INFO - Processing file /home/airflow/.local/lib/python3.12/site-packages/airflow/example_dags/example_dataset_alias.py for tasks to queue
[2024-11-05T10:45:55.012+0000] {logging_mixin.py:190} INFO - [2024-11-05T10:45:55.012+0000] {dagbag.py:588} INFO - Filling up the DagBag from /home/airflow/.local/lib/python3.12/site-packages/airflow/example_dags/example_dataset_alias.py
[2024-11-05T10:45:55.270+0000] {processor.py:925} INFO - DAG(s) 'dataset_alias_example_alias_producer', 'dataset_s3_bucket_producer', 'dataset_alias_example_alias_consumer', 'dataset_s3_bucket_consumer' retrieved from /home/airflow/.local/lib/python3.12/site-packages/airflow/example_dags/example_dataset_alias.py
[2024-11-05T10:45:55.306+0000] {logging_mixin.py:190} INFO - [2024-11-05T10:45:55.306+0000] {dag.py:3239} INFO - Sync 4 DAGs
[2024-11-05T10:45:55.341+0000] {logging_mixin.py:190} INFO - [2024-11-05T10:45:55.341+0000] {dag.py:4180} INFO - Setting next_dagrun for dataset_alias_example_alias_consumer to None, run_after=None
[2024-11-05T10:45:55.345+0000] {logging_mixin.py:190} INFO - [2024-11-05T10:45:55.345+0000] {dag.py:4180} INFO - Setting next_dagrun for dataset_alias_example_alias_producer to None, run_after=None
[2024-11-05T10:45:55.347+0000] {logging_mixin.py:190} INFO - [2024-11-05T10:45:55.346+0000] {dag.py:4180} INFO - Setting next_dagrun for dataset_s3_bucket_consumer to None, run_after=None
[2024-11-05T10:45:55.349+0000] {logging_mixin.py:190} INFO - [2024-11-05T10:45:55.348+0000] {dag.py:4180} INFO - Setting next_dagrun for dataset_s3_bucket_producer to None, run_after=None
[2024-11-05T10:45:55.382+0000] {processor.py:208} INFO - Processing /home/airflow/.local/lib/python3.12/site-packages/airflow/example_dags/example_dataset_alias.py took 0.380 seconds
[2024-11-05T10:46:25.539+0000] {processor.py:186} INFO - Started process (PID=1238) to work on /home/airflow/.local/lib/python3.12/site-packages/airflow/example_dags/example_dataset_alias.py
[2024-11-05T10:46:25.541+0000] {processor.py:914} INFO - Processing file /home/airflow/.local/lib/python3.12/site-packages/airflow/example_dags/example_dataset_alias.py for tasks to queue
[2024-11-05T10:46:25.544+0000] {logging_mixin.py:190} INFO - [2024-11-05T10:46:25.543+0000] {dagbag.py:588} INFO - Filling up the DagBag from /home/airflow/.local/lib/python3.12/site-packages/airflow/example_dags/example_dataset_alias.py
[2024-11-05T10:46:25.804+0000] {processor.py:925} INFO - DAG(s) 'dataset_alias_example_alias_producer', 'dataset_alias_example_alias_consumer', 'dataset_s3_bucket_producer', 'dataset_s3_bucket_consumer' retrieved from /home/airflow/.local/lib/python3.12/site-packages/airflow/example_dags/example_dataset_alias.py
[2024-11-05T10:46:25.836+0000] {logging_mixin.py:190} INFO - [2024-11-05T10:46:25.836+0000] {dag.py:3239} INFO - Sync 4 DAGs
[2024-11-05T10:46:25.871+0000] {logging_mixin.py:190} INFO - [2024-11-05T10:46:25.870+0000] {dag.py:4180} INFO - Setting next_dagrun for dataset_alias_example_alias_consumer to None, run_after=None
[2024-11-05T10:46:25.874+0000] {logging_mixin.py:190} INFO - [2024-11-05T10:46:25.874+0000] {dag.py:4180} INFO - Setting next_dagrun for dataset_alias_example_alias_producer to None, run_after=None
[2024-11-05T10:46:25.876+0000] {logging_mixin.py:190} INFO - [2024-11-05T10:46:25.876+0000] {dag.py:4180} INFO - Setting next_dagrun for dataset_s3_bucket_consumer to None, run_after=None
[2024-11-05T10:46:25.879+0000] {logging_mixin.py:190} INFO - [2024-11-05T10:46:25.878+0000] {dag.py:4180} INFO - Setting next_dagrun for dataset_s3_bucket_producer to None, run_after=None
[2024-11-05T10:46:25.908+0000] {processor.py:208} INFO - Processing /home/airflow/.local/lib/python3.12/site-packages/airflow/example_dags/example_dataset_alias.py took 0.376 seconds
[2024-11-05T10:46:56.969+0000] {processor.py:186} INFO - Started process (PID=1300) to work on /home/airflow/.local/lib/python3.12/site-packages/airflow/example_dags/example_dataset_alias.py
[2024-11-05T10:46:56.970+0000] {processor.py:914} INFO - Processing file /home/airflow/.local/lib/python3.12/site-packages/airflow/example_dags/example_dataset_alias.py for tasks to queue
[2024-11-05T10:46:56.972+0000] {logging_mixin.py:190} INFO - [2024-11-05T10:46:56.972+0000] {dagbag.py:588} INFO - Filling up the DagBag from /home/airflow/.local/lib/python3.12/site-packages/airflow/example_dags/example_dataset_alias.py
[2024-11-05T10:46:57.210+0000] {processor.py:925} INFO - DAG(s) 'dataset_alias_example_alias_consumer', 'dataset_alias_example_alias_producer', 'dataset_s3_bucket_consumer', 'dataset_s3_bucket_producer' retrieved from /home/airflow/.local/lib/python3.12/site-packages/airflow/example_dags/example_dataset_alias.py
[2024-11-05T10:46:57.236+0000] {logging_mixin.py:190} INFO - [2024-11-05T10:46:57.235+0000] {dag.py:3239} INFO - Sync 4 DAGs
[2024-11-05T10:46:57.271+0000] {logging_mixin.py:190} INFO - [2024-11-05T10:46:57.271+0000] {dag.py:4180} INFO - Setting next_dagrun for dataset_alias_example_alias_consumer to None, run_after=None
[2024-11-05T10:46:57.276+0000] {logging_mixin.py:190} INFO - [2024-11-05T10:46:57.276+0000] {dag.py:4180} INFO - Setting next_dagrun for dataset_alias_example_alias_producer to None, run_after=None
[2024-11-05T10:46:57.278+0000] {logging_mixin.py:190} INFO - [2024-11-05T10:46:57.278+0000] {dag.py:4180} INFO - Setting next_dagrun for dataset_s3_bucket_consumer to None, run_after=None
[2024-11-05T10:46:57.281+0000] {logging_mixin.py:190} INFO - [2024-11-05T10:46:57.281+0000] {dag.py:4180} INFO - Setting next_dagrun for dataset_s3_bucket_producer to None, run_after=None
[2024-11-05T10:46:57.312+0000] {processor.py:208} INFO - Processing /home/airflow/.local/lib/python3.12/site-packages/airflow/example_dags/example_dataset_alias.py took 0.350 seconds
[2024-11-05T10:47:27.492+0000] {processor.py:186} INFO - Started process (PID=1360) to work on /home/airflow/.local/lib/python3.12/site-packages/airflow/example_dags/example_dataset_alias.py
[2024-11-05T10:47:27.493+0000] {processor.py:914} INFO - Processing file /home/airflow/.local/lib/python3.12/site-packages/airflow/example_dags/example_dataset_alias.py for tasks to queue
[2024-11-05T10:47:27.496+0000] {logging_mixin.py:190} INFO - [2024-11-05T10:47:27.495+0000] {dagbag.py:588} INFO - Filling up the DagBag from /home/airflow/.local/lib/python3.12/site-packages/airflow/example_dags/example_dataset_alias.py
[2024-11-05T10:47:27.746+0000] {processor.py:925} INFO - DAG(s) 'dataset_alias_example_alias_producer', 'dataset_s3_bucket_producer', 'dataset_s3_bucket_consumer', 'dataset_alias_example_alias_consumer' retrieved from /home/airflow/.local/lib/python3.12/site-packages/airflow/example_dags/example_dataset_alias.py
[2024-11-05T10:47:27.785+0000] {logging_mixin.py:190} INFO - [2024-11-05T10:47:27.785+0000] {dag.py:3239} INFO - Sync 4 DAGs
[2024-11-05T10:47:27.829+0000] {logging_mixin.py:190} INFO - [2024-11-05T10:47:27.828+0000] {dag.py:4180} INFO - Setting next_dagrun for dataset_alias_example_alias_consumer to None, run_after=None
[2024-11-05T10:47:27.834+0000] {logging_mixin.py:190} INFO - [2024-11-05T10:47:27.834+0000] {dag.py:4180} INFO - Setting next_dagrun for dataset_alias_example_alias_producer to None, run_after=None
[2024-11-05T10:47:27.836+0000] {logging_mixin.py:190} INFO - [2024-11-05T10:47:27.836+0000] {dag.py:4180} INFO - Setting next_dagrun for dataset_s3_bucket_consumer to None, run_after=None
[2024-11-05T10:47:27.839+0000] {logging_mixin.py:190} INFO - [2024-11-05T10:47:27.839+0000] {dag.py:4180} INFO - Setting next_dagrun for dataset_s3_bucket_producer to None, run_after=None
[2024-11-05T10:47:27.882+0000] {processor.py:208} INFO - Processing /home/airflow/.local/lib/python3.12/site-packages/airflow/example_dags/example_dataset_alias.py took 0.396 seconds
[2024-11-05T10:47:58.476+0000] {processor.py:186} INFO - Started process (PID=1422) to work on /home/airflow/.local/lib/python3.12/site-packages/airflow/example_dags/example_dataset_alias.py
[2024-11-05T10:47:58.478+0000] {processor.py:914} INFO - Processing file /home/airflow/.local/lib/python3.12/site-packages/airflow/example_dags/example_dataset_alias.py for tasks to queue
[2024-11-05T10:47:58.481+0000] {logging_mixin.py:190} INFO - [2024-11-05T10:47:58.480+0000] {dagbag.py:588} INFO - Filling up the DagBag from /home/airflow/.local/lib/python3.12/site-packages/airflow/example_dags/example_dataset_alias.py
[2024-11-05T10:47:58.736+0000] {processor.py:925} INFO - DAG(s) 'dataset_s3_bucket_consumer', 'dataset_s3_bucket_producer', 'dataset_alias_example_alias_consumer', 'dataset_alias_example_alias_producer' retrieved from /home/airflow/.local/lib/python3.12/site-packages/airflow/example_dags/example_dataset_alias.py
[2024-11-05T10:47:58.773+0000] {logging_mixin.py:190} INFO - [2024-11-05T10:47:58.772+0000] {dag.py:3239} INFO - Sync 4 DAGs
[2024-11-05T10:47:58.827+0000] {logging_mixin.py:190} INFO - [2024-11-05T10:47:58.827+0000] {dag.py:4180} INFO - Setting next_dagrun for dataset_alias_example_alias_consumer to None, run_after=None
[2024-11-05T10:47:58.833+0000] {logging_mixin.py:190} INFO - [2024-11-05T10:47:58.832+0000] {dag.py:4180} INFO - Setting next_dagrun for dataset_alias_example_alias_producer to None, run_after=None
[2024-11-05T10:47:58.836+0000] {logging_mixin.py:190} INFO - [2024-11-05T10:47:58.835+0000] {dag.py:4180} INFO - Setting next_dagrun for dataset_s3_bucket_consumer to None, run_after=None
[2024-11-05T10:47:58.839+0000] {logging_mixin.py:190} INFO - [2024-11-05T10:47:58.838+0000] {dag.py:4180} INFO - Setting next_dagrun for dataset_s3_bucket_producer to None, run_after=None
[2024-11-05T10:47:58.873+0000] {processor.py:208} INFO - Processing /home/airflow/.local/lib/python3.12/site-packages/airflow/example_dags/example_dataset_alias.py took 0.403 seconds
[2024-11-05T10:48:29.430+0000] {processor.py:186} INFO - Started process (PID=1490) to work on /home/airflow/.local/lib/python3.12/site-packages/airflow/example_dags/example_dataset_alias.py
[2024-11-05T10:48:29.431+0000] {processor.py:914} INFO - Processing file /home/airflow/.local/lib/python3.12/site-packages/airflow/example_dags/example_dataset_alias.py for tasks to queue
[2024-11-05T10:48:29.433+0000] {logging_mixin.py:190} INFO - [2024-11-05T10:48:29.433+0000] {dagbag.py:588} INFO - Filling up the DagBag from /home/airflow/.local/lib/python3.12/site-packages/airflow/example_dags/example_dataset_alias.py
[2024-11-05T10:48:29.694+0000] {processor.py:925} INFO - DAG(s) 'dataset_s3_bucket_consumer', 'dataset_alias_example_alias_consumer', 'dataset_alias_example_alias_producer', 'dataset_s3_bucket_producer' retrieved from /home/airflow/.local/lib/python3.12/site-packages/airflow/example_dags/example_dataset_alias.py
[2024-11-05T10:48:29.734+0000] {logging_mixin.py:190} INFO - [2024-11-05T10:48:29.733+0000] {dag.py:3239} INFO - Sync 4 DAGs
[2024-11-05T10:48:29.770+0000] {logging_mixin.py:190} INFO - [2024-11-05T10:48:29.770+0000] {dag.py:4180} INFO - Setting next_dagrun for dataset_alias_example_alias_consumer to None, run_after=None
[2024-11-05T10:48:29.774+0000] {logging_mixin.py:190} INFO - [2024-11-05T10:48:29.773+0000] {dag.py:4180} INFO - Setting next_dagrun for dataset_alias_example_alias_producer to None, run_after=None
[2024-11-05T10:48:29.775+0000] {logging_mixin.py:190} INFO - [2024-11-05T10:48:29.775+0000] {dag.py:4180} INFO - Setting next_dagrun for dataset_s3_bucket_consumer to None, run_after=None
[2024-11-05T10:48:29.777+0000] {logging_mixin.py:190} INFO - [2024-11-05T10:48:29.777+0000] {dag.py:4180} INFO - Setting next_dagrun for dataset_s3_bucket_producer to None, run_after=None
[2024-11-05T10:48:29.804+0000] {processor.py:208} INFO - Processing /home/airflow/.local/lib/python3.12/site-packages/airflow/example_dags/example_dataset_alias.py took 0.382 seconds
[2024-11-05T10:49:02.756+0000] {processor.py:186} INFO - Started process (PID=1552) to work on /home/airflow/.local/lib/python3.12/site-packages/airflow/example_dags/example_dataset_alias.py
[2024-11-05T10:49:02.759+0000] {processor.py:914} INFO - Processing file /home/airflow/.local/lib/python3.12/site-packages/airflow/example_dags/example_dataset_alias.py for tasks to queue
[2024-11-05T10:49:02.766+0000] {logging_mixin.py:190} INFO - [2024-11-05T10:49:02.766+0000] {dagbag.py:588} INFO - Filling up the DagBag from /home/airflow/.local/lib/python3.12/site-packages/airflow/example_dags/example_dataset_alias.py
[2024-11-05T10:49:03.374+0000] {processor.py:925} INFO - DAG(s) 'dataset_alias_example_alias_producer', 'dataset_s3_bucket_consumer', 'dataset_alias_example_alias_consumer', 'dataset_s3_bucket_producer' retrieved from /home/airflow/.local/lib/python3.12/site-packages/airflow/example_dags/example_dataset_alias.py
[2024-11-05T10:49:03.465+0000] {logging_mixin.py:190} INFO - [2024-11-05T10:49:03.465+0000] {dag.py:3239} INFO - Sync 4 DAGs
[2024-11-05T10:49:03.710+0000] {logging_mixin.py:190} INFO - [2024-11-05T10:49:03.710+0000] {dag.py:4180} INFO - Setting next_dagrun for dataset_alias_example_alias_consumer to None, run_after=None
[2024-11-05T10:49:04.206+0000] {logging_mixin.py:190} INFO - [2024-11-05T10:49:04.206+0000] {dag.py:4180} INFO - Setting next_dagrun for dataset_alias_example_alias_producer to None, run_after=None
[2024-11-05T10:49:04.218+0000] {logging_mixin.py:190} INFO - [2024-11-05T10:49:04.218+0000] {dag.py:4180} INFO - Setting next_dagrun for dataset_s3_bucket_consumer to None, run_after=None
[2024-11-05T10:49:04.226+0000] {logging_mixin.py:190} INFO - [2024-11-05T10:49:04.226+0000] {dag.py:4180} INFO - Setting next_dagrun for dataset_s3_bucket_producer to None, run_after=None
[2024-11-05T10:49:04.354+0000] {processor.py:208} INFO - Processing /home/airflow/.local/lib/python3.12/site-packages/airflow/example_dags/example_dataset_alias.py took 1.610 seconds
[2024-11-05T10:49:34.653+0000] {processor.py:186} INFO - Started process (PID=1615) to work on /home/airflow/.local/lib/python3.12/site-packages/airflow/example_dags/example_dataset_alias.py
[2024-11-05T10:49:34.654+0000] {processor.py:914} INFO - Processing file /home/airflow/.local/lib/python3.12/site-packages/airflow/example_dags/example_dataset_alias.py for tasks to queue
[2024-11-05T10:49:34.658+0000] {logging_mixin.py:190} INFO - [2024-11-05T10:49:34.658+0000] {dagbag.py:588} INFO - Filling up the DagBag from /home/airflow/.local/lib/python3.12/site-packages/airflow/example_dags/example_dataset_alias.py
[2024-11-05T10:49:35.052+0000] {processor.py:925} INFO - DAG(s) 'dataset_alias_example_alias_producer', 'dataset_s3_bucket_consumer', 'dataset_alias_example_alias_consumer', 'dataset_s3_bucket_producer' retrieved from /home/airflow/.local/lib/python3.12/site-packages/airflow/example_dags/example_dataset_alias.py
[2024-11-05T10:49:35.097+0000] {logging_mixin.py:190} INFO - [2024-11-05T10:49:35.097+0000] {dag.py:3239} INFO - Sync 4 DAGs
[2024-11-05T10:49:35.145+0000] {logging_mixin.py:190} INFO - [2024-11-05T10:49:35.145+0000] {dag.py:4180} INFO - Setting next_dagrun for dataset_alias_example_alias_consumer to None, run_after=None
[2024-11-05T10:49:35.152+0000] {logging_mixin.py:190} INFO - [2024-11-05T10:49:35.152+0000] {dag.py:4180} INFO - Setting next_dagrun for dataset_alias_example_alias_producer to None, run_after=None
[2024-11-05T10:49:35.155+0000] {logging_mixin.py:190} INFO - [2024-11-05T10:49:35.154+0000] {dag.py:4180} INFO - Setting next_dagrun for dataset_s3_bucket_consumer to None, run_after=None
[2024-11-05T10:49:35.158+0000] {logging_mixin.py:190} INFO - [2024-11-05T10:49:35.157+0000] {dag.py:4180} INFO - Setting next_dagrun for dataset_s3_bucket_producer to None, run_after=None
[2024-11-05T10:49:35.197+0000] {processor.py:208} INFO - Processing /home/airflow/.local/lib/python3.12/site-packages/airflow/example_dags/example_dataset_alias.py took 0.560 seconds
[2024-11-05T10:50:05.545+0000] {processor.py:186} INFO - Started process (PID=1678) to work on /home/airflow/.local/lib/python3.12/site-packages/airflow/example_dags/example_dataset_alias.py
[2024-11-05T10:50:05.547+0000] {processor.py:914} INFO - Processing file /home/airflow/.local/lib/python3.12/site-packages/airflow/example_dags/example_dataset_alias.py for tasks to queue
[2024-11-05T10:50:05.552+0000] {logging_mixin.py:190} INFO - [2024-11-05T10:50:05.552+0000] {dagbag.py:588} INFO - Filling up the DagBag from /home/airflow/.local/lib/python3.12/site-packages/airflow/example_dags/example_dataset_alias.py
[2024-11-05T10:50:05.829+0000] {processor.py:925} INFO - DAG(s) 'dataset_s3_bucket_producer', 'dataset_s3_bucket_consumer', 'dataset_alias_example_alias_consumer', 'dataset_alias_example_alias_producer' retrieved from /home/airflow/.local/lib/python3.12/site-packages/airflow/example_dags/example_dataset_alias.py
[2024-11-05T10:50:05.868+0000] {logging_mixin.py:190} INFO - [2024-11-05T10:50:05.868+0000] {dag.py:3239} INFO - Sync 4 DAGs
[2024-11-05T10:50:05.905+0000] {logging_mixin.py:190} INFO - [2024-11-05T10:50:05.905+0000] {dag.py:4180} INFO - Setting next_dagrun for dataset_alias_example_alias_consumer to None, run_after=None
[2024-11-05T10:50:05.911+0000] {logging_mixin.py:190} INFO - [2024-11-05T10:50:05.911+0000] {dag.py:4180} INFO - Setting next_dagrun for dataset_alias_example_alias_producer to None, run_after=None
[2024-11-05T10:50:05.914+0000] {logging_mixin.py:190} INFO - [2024-11-05T10:50:05.914+0000] {dag.py:4180} INFO - Setting next_dagrun for dataset_s3_bucket_consumer to None, run_after=None
[2024-11-05T10:50:05.916+0000] {logging_mixin.py:190} INFO - [2024-11-05T10:50:05.915+0000] {dag.py:4180} INFO - Setting next_dagrun for dataset_s3_bucket_producer to None, run_after=None
[2024-11-05T10:50:05.944+0000] {processor.py:208} INFO - Processing /home/airflow/.local/lib/python3.12/site-packages/airflow/example_dags/example_dataset_alias.py took 0.409 seconds
[2024-11-05T10:50:35.996+0000] {processor.py:186} INFO - Started process (PID=1740) to work on /home/airflow/.local/lib/python3.12/site-packages/airflow/example_dags/example_dataset_alias.py
[2024-11-05T10:50:35.999+0000] {processor.py:914} INFO - Processing file /home/airflow/.local/lib/python3.12/site-packages/airflow/example_dags/example_dataset_alias.py for tasks to queue
[2024-11-05T10:50:36.003+0000] {logging_mixin.py:190} INFO - [2024-11-05T10:50:36.002+0000] {dagbag.py:588} INFO - Filling up the DagBag from /home/airflow/.local/lib/python3.12/site-packages/airflow/example_dags/example_dataset_alias.py
[2024-11-05T10:50:36.332+0000] {processor.py:925} INFO - DAG(s) 'dataset_s3_bucket_producer', 'dataset_alias_example_alias_consumer', 'dataset_s3_bucket_consumer', 'dataset_alias_example_alias_producer' retrieved from /home/airflow/.local/lib/python3.12/site-packages/airflow/example_dags/example_dataset_alias.py
[2024-11-05T10:50:36.383+0000] {logging_mixin.py:190} INFO - [2024-11-05T10:50:36.382+0000] {dag.py:3239} INFO - Sync 4 DAGs
[2024-11-05T10:50:36.426+0000] {logging_mixin.py:190} INFO - [2024-11-05T10:50:36.426+0000] {dag.py:4180} INFO - Setting next_dagrun for dataset_alias_example_alias_consumer to None, run_after=None
[2024-11-05T10:50:36.436+0000] {logging_mixin.py:190} INFO - [2024-11-05T10:50:36.435+0000] {dag.py:4180} INFO - Setting next_dagrun for dataset_alias_example_alias_producer to None, run_after=None
[2024-11-05T10:50:36.438+0000] {logging_mixin.py:190} INFO - [2024-11-05T10:50:36.438+0000] {dag.py:4180} INFO - Setting next_dagrun for dataset_s3_bucket_consumer to None, run_after=None
[2024-11-05T10:50:36.441+0000] {logging_mixin.py:190} INFO - [2024-11-05T10:50:36.441+0000] {dag.py:4180} INFO - Setting next_dagrun for dataset_s3_bucket_producer to None, run_after=None
[2024-11-05T10:50:36.489+0000] {processor.py:208} INFO - Processing /home/airflow/.local/lib/python3.12/site-packages/airflow/example_dags/example_dataset_alias.py took 0.507 seconds
[2024-11-05T10:51:06.729+0000] {processor.py:186} INFO - Started process (PID=1803) to work on /home/airflow/.local/lib/python3.12/site-packages/airflow/example_dags/example_dataset_alias.py
[2024-11-05T10:51:06.730+0000] {processor.py:914} INFO - Processing file /home/airflow/.local/lib/python3.12/site-packages/airflow/example_dags/example_dataset_alias.py for tasks to queue
[2024-11-05T10:51:06.733+0000] {logging_mixin.py:190} INFO - [2024-11-05T10:51:06.733+0000] {dagbag.py:588} INFO - Filling up the DagBag from /home/airflow/.local/lib/python3.12/site-packages/airflow/example_dags/example_dataset_alias.py
[2024-11-05T10:51:07.059+0000] {processor.py:925} INFO - DAG(s) 'dataset_alias_example_alias_producer', 'dataset_alias_example_alias_consumer', 'dataset_s3_bucket_consumer', 'dataset_s3_bucket_producer' retrieved from /home/airflow/.local/lib/python3.12/site-packages/airflow/example_dags/example_dataset_alias.py
[2024-11-05T10:51:07.363+0000] {logging_mixin.py:190} INFO - [2024-11-05T10:51:07.362+0000] {dag.py:3239} INFO - Sync 4 DAGs
[2024-11-05T10:51:07.400+0000] {logging_mixin.py:190} INFO - [2024-11-05T10:51:07.400+0000] {dag.py:4180} INFO - Setting next_dagrun for dataset_alias_example_alias_consumer to None, run_after=None
[2024-11-05T10:51:07.405+0000] {logging_mixin.py:190} INFO - [2024-11-05T10:51:07.405+0000] {dag.py:4180} INFO - Setting next_dagrun for dataset_alias_example_alias_producer to None, run_after=None
[2024-11-05T10:51:07.408+0000] {logging_mixin.py:190} INFO - [2024-11-05T10:51:07.408+0000] {dag.py:4180} INFO - Setting next_dagrun for dataset_s3_bucket_consumer to None, run_after=None
[2024-11-05T10:51:07.411+0000] {logging_mixin.py:190} INFO - [2024-11-05T10:51:07.411+0000] {dag.py:4180} INFO - Setting next_dagrun for dataset_s3_bucket_producer to None, run_after=None
[2024-11-05T10:51:07.449+0000] {processor.py:208} INFO - Processing /home/airflow/.local/lib/python3.12/site-packages/airflow/example_dags/example_dataset_alias.py took 0.731 seconds
[2024-11-05T10:51:37.540+0000] {processor.py:186} INFO - Started process (PID=1866) to work on /home/airflow/.local/lib/python3.12/site-packages/airflow/example_dags/example_dataset_alias.py
[2024-11-05T10:51:37.541+0000] {processor.py:914} INFO - Processing file /home/airflow/.local/lib/python3.12/site-packages/airflow/example_dags/example_dataset_alias.py for tasks to queue
[2024-11-05T10:51:37.544+0000] {logging_mixin.py:190} INFO - [2024-11-05T10:51:37.544+0000] {dagbag.py:588} INFO - Filling up the DagBag from /home/airflow/.local/lib/python3.12/site-packages/airflow/example_dags/example_dataset_alias.py
[2024-11-05T10:51:37.870+0000] {processor.py:925} INFO - DAG(s) 'dataset_s3_bucket_producer', 'dataset_alias_example_alias_producer', 'dataset_alias_example_alias_consumer', 'dataset_s3_bucket_consumer' retrieved from /home/airflow/.local/lib/python3.12/site-packages/airflow/example_dags/example_dataset_alias.py
[2024-11-05T10:51:37.915+0000] {logging_mixin.py:190} INFO - [2024-11-05T10:51:37.915+0000] {dag.py:3239} INFO - Sync 4 DAGs
[2024-11-05T10:51:38.185+0000] {logging_mixin.py:190} INFO - [2024-11-05T10:51:38.185+0000] {dag.py:4180} INFO - Setting next_dagrun for dataset_alias_example_alias_consumer to None, run_after=None
[2024-11-05T10:51:38.191+0000] {logging_mixin.py:190} INFO - [2024-11-05T10:51:38.190+0000] {dag.py:4180} INFO - Setting next_dagrun for dataset_alias_example_alias_producer to None, run_after=None
[2024-11-05T10:51:38.193+0000] {logging_mixin.py:190} INFO - [2024-11-05T10:51:38.193+0000] {dag.py:4180} INFO - Setting next_dagrun for dataset_s3_bucket_consumer to None, run_after=None
[2024-11-05T10:51:38.196+0000] {logging_mixin.py:190} INFO - [2024-11-05T10:51:38.195+0000] {dag.py:4180} INFO - Setting next_dagrun for dataset_s3_bucket_producer to None, run_after=None
[2024-11-05T10:51:38.227+0000] {processor.py:208} INFO - Processing /home/airflow/.local/lib/python3.12/site-packages/airflow/example_dags/example_dataset_alias.py took 0.697 seconds
[2024-11-05T10:52:08.743+0000] {processor.py:186} INFO - Started process (PID=1930) to work on /home/airflow/.local/lib/python3.12/site-packages/airflow/example_dags/example_dataset_alias.py
[2024-11-05T10:52:08.745+0000] {processor.py:914} INFO - Processing file /home/airflow/.local/lib/python3.12/site-packages/airflow/example_dags/example_dataset_alias.py for tasks to queue
[2024-11-05T10:52:08.748+0000] {logging_mixin.py:190} INFO - [2024-11-05T10:52:08.747+0000] {dagbag.py:588} INFO - Filling up the DagBag from /home/airflow/.local/lib/python3.12/site-packages/airflow/example_dags/example_dataset_alias.py
[2024-11-05T10:52:09.032+0000] {processor.py:925} INFO - DAG(s) 'dataset_alias_example_alias_producer', 'dataset_alias_example_alias_consumer', 'dataset_s3_bucket_consumer', 'dataset_s3_bucket_producer' retrieved from /home/airflow/.local/lib/python3.12/site-packages/airflow/example_dags/example_dataset_alias.py
[2024-11-05T10:52:09.667+0000] {logging_mixin.py:190} INFO - [2024-11-05T10:52:09.666+0000] {dag.py:3239} INFO - Sync 4 DAGs
[2024-11-05T10:52:09.691+0000] {logging_mixin.py:190} INFO - [2024-11-05T10:52:09.691+0000] {dag.py:3262} INFO - Creating ORM DAG for dataset_alias_example_alias_consumer
[2024-11-05T10:52:09.695+0000] {logging_mixin.py:190} INFO - [2024-11-05T10:52:09.692+0000] {dag.py:3262} INFO - Creating ORM DAG for dataset_alias_example_alias_producer
[2024-11-05T10:52:09.716+0000] {logging_mixin.py:190} INFO - [2024-11-05T10:52:09.715+0000] {dag.py:4180} INFO - Setting next_dagrun for dataset_alias_example_alias_consumer to None, run_after=None
[2024-11-05T10:52:09.717+0000] {logging_mixin.py:190} INFO - [2024-11-05T10:52:09.717+0000] {dag.py:4180} INFO - Setting next_dagrun for dataset_alias_example_alias_producer to None, run_after=None
[2024-11-05T10:52:09.719+0000] {logging_mixin.py:190} INFO - [2024-11-05T10:52:09.718+0000] {dag.py:4180} INFO - Setting next_dagrun for dataset_s3_bucket_consumer to None, run_after=None
[2024-11-05T10:52:09.724+0000] {logging_mixin.py:190} INFO - [2024-11-05T10:52:09.724+0000] {dag.py:4180} INFO - Setting next_dagrun for dataset_s3_bucket_producer to None, run_after=None
[2024-11-05T10:52:09.786+0000] {processor.py:208} INFO - Processing /home/airflow/.local/lib/python3.12/site-packages/airflow/example_dags/example_dataset_alias.py took 1.050 seconds
[2024-11-05T10:52:40.356+0000] {processor.py:186} INFO - Started process (PID=1993) to work on /home/airflow/.local/lib/python3.12/site-packages/airflow/example_dags/example_dataset_alias.py
[2024-11-05T10:52:40.357+0000] {processor.py:914} INFO - Processing file /home/airflow/.local/lib/python3.12/site-packages/airflow/example_dags/example_dataset_alias.py for tasks to queue
[2024-11-05T10:52:40.359+0000] {logging_mixin.py:190} INFO - [2024-11-05T10:52:40.359+0000] {dagbag.py:588} INFO - Filling up the DagBag from /home/airflow/.local/lib/python3.12/site-packages/airflow/example_dags/example_dataset_alias.py
[2024-11-05T10:52:40.621+0000] {processor.py:925} INFO - DAG(s) 'dataset_s3_bucket_producer', 'dataset_alias_example_alias_producer', 'dataset_alias_example_alias_consumer', 'dataset_s3_bucket_consumer' retrieved from /home/airflow/.local/lib/python3.12/site-packages/airflow/example_dags/example_dataset_alias.py
[2024-11-05T10:52:40.650+0000] {logging_mixin.py:190} INFO - [2024-11-05T10:52:40.649+0000] {dag.py:3239} INFO - Sync 4 DAGs
[2024-11-05T10:52:40.906+0000] {logging_mixin.py:190} INFO - [2024-11-05T10:52:40.905+0000] {dag.py:4180} INFO - Setting next_dagrun for dataset_alias_example_alias_consumer to None, run_after=None
[2024-11-05T10:52:40.913+0000] {logging_mixin.py:190} INFO - [2024-11-05T10:52:40.912+0000] {dag.py:4180} INFO - Setting next_dagrun for dataset_alias_example_alias_producer to None, run_after=None
[2024-11-05T10:52:40.916+0000] {logging_mixin.py:190} INFO - [2024-11-05T10:52:40.915+0000] {dag.py:4180} INFO - Setting next_dagrun for dataset_s3_bucket_consumer to None, run_after=None
[2024-11-05T10:52:40.919+0000] {logging_mixin.py:190} INFO - [2024-11-05T10:52:40.918+0000] {dag.py:4180} INFO - Setting next_dagrun for dataset_s3_bucket_producer to None, run_after=None
[2024-11-05T10:52:40.964+0000] {processor.py:208} INFO - Processing /home/airflow/.local/lib/python3.12/site-packages/airflow/example_dags/example_dataset_alias.py took 0.615 seconds
[2024-11-05T10:53:12.060+0000] {processor.py:186} INFO - Started process (PID=2056) to work on /home/airflow/.local/lib/python3.12/site-packages/airflow/example_dags/example_dataset_alias.py
[2024-11-05T10:53:12.062+0000] {processor.py:914} INFO - Processing file /home/airflow/.local/lib/python3.12/site-packages/airflow/example_dags/example_dataset_alias.py for tasks to queue
[2024-11-05T10:53:12.066+0000] {logging_mixin.py:190} INFO - [2024-11-05T10:53:12.065+0000] {dagbag.py:588} INFO - Filling up the DagBag from /home/airflow/.local/lib/python3.12/site-packages/airflow/example_dags/example_dataset_alias.py
[2024-11-05T10:53:12.725+0000] {processor.py:925} INFO - DAG(s) 'dataset_s3_bucket_producer', 'dataset_alias_example_alias_consumer', 'dataset_s3_bucket_consumer', 'dataset_alias_example_alias_producer' retrieved from /home/airflow/.local/lib/python3.12/site-packages/airflow/example_dags/example_dataset_alias.py
[2024-11-05T10:53:12.761+0000] {logging_mixin.py:190} INFO - [2024-11-05T10:53:12.760+0000] {dag.py:3239} INFO - Sync 4 DAGs
[2024-11-05T10:53:12.811+0000] {logging_mixin.py:190} INFO - [2024-11-05T10:53:12.811+0000] {dag.py:4180} INFO - Setting next_dagrun for dataset_alias_example_alias_consumer to None, run_after=None
[2024-11-05T10:53:12.817+0000] {logging_mixin.py:190} INFO - [2024-11-05T10:53:12.817+0000] {dag.py:4180} INFO - Setting next_dagrun for dataset_alias_example_alias_producer to None, run_after=None
[2024-11-05T10:53:12.821+0000] {logging_mixin.py:190} INFO - [2024-11-05T10:53:12.820+0000] {dag.py:4180} INFO - Setting next_dagrun for dataset_s3_bucket_consumer to None, run_after=None
[2024-11-05T10:53:12.824+0000] {logging_mixin.py:190} INFO - [2024-11-05T10:53:12.824+0000] {dag.py:4180} INFO - Setting next_dagrun for dataset_s3_bucket_producer to None, run_after=None
[2024-11-05T10:53:12.868+0000] {processor.py:208} INFO - Processing /home/airflow/.local/lib/python3.12/site-packages/airflow/example_dags/example_dataset_alias.py took 0.817 seconds
[2024-11-05T10:53:43.228+0000] {processor.py:186} INFO - Started process (PID=2120) to work on /home/airflow/.local/lib/python3.12/site-packages/airflow/example_dags/example_dataset_alias.py
[2024-11-05T10:53:43.230+0000] {processor.py:914} INFO - Processing file /home/airflow/.local/lib/python3.12/site-packages/airflow/example_dags/example_dataset_alias.py for tasks to queue
[2024-11-05T10:53:43.235+0000] {logging_mixin.py:190} INFO - [2024-11-05T10:53:43.234+0000] {dagbag.py:588} INFO - Filling up the DagBag from /home/airflow/.local/lib/python3.12/site-packages/airflow/example_dags/example_dataset_alias.py
[2024-11-05T10:53:43.665+0000] {processor.py:925} INFO - DAG(s) 'dataset_s3_bucket_consumer', 'dataset_alias_example_alias_consumer', 'dataset_s3_bucket_producer', 'dataset_alias_example_alias_producer' retrieved from /home/airflow/.local/lib/python3.12/site-packages/airflow/example_dags/example_dataset_alias.py
[2024-11-05T10:53:43.694+0000] {logging_mixin.py:190} INFO - [2024-11-05T10:53:43.694+0000] {dag.py:3239} INFO - Sync 4 DAGs
[2024-11-05T10:53:43.732+0000] {logging_mixin.py:190} INFO - [2024-11-05T10:53:43.732+0000] {dag.py:4180} INFO - Setting next_dagrun for dataset_alias_example_alias_consumer to None, run_after=None
[2024-11-05T10:53:43.736+0000] {logging_mixin.py:190} INFO - [2024-11-05T10:53:43.736+0000] {dag.py:4180} INFO - Setting next_dagrun for dataset_alias_example_alias_producer to None, run_after=None
[2024-11-05T10:53:43.738+0000] {logging_mixin.py:190} INFO - [2024-11-05T10:53:43.738+0000] {dag.py:4180} INFO - Setting next_dagrun for dataset_s3_bucket_consumer to None, run_after=None
[2024-11-05T10:53:43.740+0000] {logging_mixin.py:190} INFO - [2024-11-05T10:53:43.740+0000] {dag.py:4180} INFO - Setting next_dagrun for dataset_s3_bucket_producer to None, run_after=None
[2024-11-05T10:53:43.771+0000] {processor.py:208} INFO - Processing /home/airflow/.local/lib/python3.12/site-packages/airflow/example_dags/example_dataset_alias.py took 0.551 seconds
[2024-11-05T10:54:13.858+0000] {processor.py:186} INFO - Started process (PID=2185) to work on /home/airflow/.local/lib/python3.12/site-packages/airflow/example_dags/example_dataset_alias.py
[2024-11-05T10:54:13.862+0000] {processor.py:914} INFO - Processing file /home/airflow/.local/lib/python3.12/site-packages/airflow/example_dags/example_dataset_alias.py for tasks to queue
[2024-11-05T10:54:13.866+0000] {logging_mixin.py:190} INFO - [2024-11-05T10:54:13.865+0000] {dagbag.py:588} INFO - Filling up the DagBag from /home/airflow/.local/lib/python3.12/site-packages/airflow/example_dags/example_dataset_alias.py
[2024-11-05T10:54:14.365+0000] {processor.py:925} INFO - DAG(s) 'dataset_alias_example_alias_consumer', 'dataset_s3_bucket_producer', 'dataset_alias_example_alias_producer', 'dataset_s3_bucket_consumer' retrieved from /home/airflow/.local/lib/python3.12/site-packages/airflow/example_dags/example_dataset_alias.py
[2024-11-05T10:54:14.396+0000] {logging_mixin.py:190} INFO - [2024-11-05T10:54:14.396+0000] {dag.py:3239} INFO - Sync 4 DAGs
[2024-11-05T10:54:14.443+0000] {logging_mixin.py:190} INFO - [2024-11-05T10:54:14.443+0000] {dag.py:4180} INFO - Setting next_dagrun for dataset_alias_example_alias_consumer to None, run_after=None
[2024-11-05T10:54:14.448+0000] {logging_mixin.py:190} INFO - [2024-11-05T10:54:14.448+0000] {dag.py:4180} INFO - Setting next_dagrun for dataset_alias_example_alias_producer to None, run_after=None
[2024-11-05T10:54:14.453+0000] {logging_mixin.py:190} INFO - [2024-11-05T10:54:14.452+0000] {dag.py:4180} INFO - Setting next_dagrun for dataset_s3_bucket_consumer to None, run_after=None
[2024-11-05T10:54:14.456+0000] {logging_mixin.py:190} INFO - [2024-11-05T10:54:14.456+0000] {dag.py:4180} INFO - Setting next_dagrun for dataset_s3_bucket_producer to None, run_after=None
[2024-11-05T10:54:14.497+0000] {processor.py:208} INFO - Processing /home/airflow/.local/lib/python3.12/site-packages/airflow/example_dags/example_dataset_alias.py took 0.648 seconds
