[2024-11-05T10:37:05.942+0000] {processor.py:186} INFO - Started process (PID=72) to work on /home/airflow/.local/lib/python3.12/site-packages/airflow/example_dags/example_sensor_decorator.py
[2024-11-05T10:37:05.943+0000] {processor.py:914} INFO - Processing file /home/airflow/.local/lib/python3.12/site-packages/airflow/example_dags/example_sensor_decorator.py for tasks to queue
[2024-11-05T10:37:05.946+0000] {logging_mixin.py:190} INFO - [2024-11-05T10:37:05.946+0000] {dagbag.py:588} INFO - Filling up the DagBag from /home/airflow/.local/lib/python3.12/site-packages/airflow/example_dags/example_sensor_decorator.py
[2024-11-05T10:37:05.958+0000] {processor.py:925} INFO - DAG(s) 'example_sensor_decorator' retrieved from /home/airflow/.local/lib/python3.12/site-packages/airflow/example_dags/example_sensor_decorator.py
[2024-11-05T10:37:06.169+0000] {logging_mixin.py:190} INFO - [2024-11-05T10:37:06.168+0000] {override.py:1900} INFO - Created Permission View: can delete on DAG:example_sensor_decorator
[2024-11-05T10:37:06.185+0000] {logging_mixin.py:190} INFO - [2024-11-05T10:37:06.184+0000] {override.py:1900} INFO - Created Permission View: can read on DAG:example_sensor_decorator
[2024-11-05T10:37:06.194+0000] {logging_mixin.py:190} INFO - [2024-11-05T10:37:06.194+0000] {override.py:1900} INFO - Created Permission View: can edit on DAG:example_sensor_decorator
[2024-11-05T10:37:06.206+0000] {logging_mixin.py:190} INFO - [2024-11-05T10:37:06.206+0000] {override.py:1900} INFO - Created Permission View: can delete on DAG Run:example_sensor_decorator
[2024-11-05T10:37:06.215+0000] {logging_mixin.py:190} INFO - [2024-11-05T10:37:06.215+0000] {override.py:1900} INFO - Created Permission View: can create on DAG Run:example_sensor_decorator
[2024-11-05T10:37:06.223+0000] {logging_mixin.py:190} INFO - [2024-11-05T10:37:06.223+0000] {override.py:1900} INFO - Created Permission View: can read on DAG Run:example_sensor_decorator
[2024-11-05T10:37:06.231+0000] {logging_mixin.py:190} INFO - [2024-11-05T10:37:06.230+0000] {override.py:1900} INFO - Created Permission View: menu access on DAG Run:example_sensor_decorator
[2024-11-05T10:37:06.231+0000] {logging_mixin.py:190} INFO - [2024-11-05T10:37:06.231+0000] {dag.py:3239} INFO - Sync 1 DAGs
[2024-11-05T10:37:06.247+0000] {logging_mixin.py:190} INFO - [2024-11-05T10:37:06.247+0000] {dag.py:3262} INFO - Creating ORM DAG for example_sensor_decorator
[2024-11-05T10:37:06.248+0000] {logging_mixin.py:190} INFO - [2024-11-05T10:37:06.248+0000] {dag.py:4180} INFO - Setting next_dagrun for example_sensor_decorator to None, run_after=None
[2024-11-05T10:37:06.265+0000] {processor.py:208} INFO - Processing /home/airflow/.local/lib/python3.12/site-packages/airflow/example_dags/example_sensor_decorator.py took 0.331 seconds
[2024-11-05T10:37:36.358+0000] {processor.py:186} INFO - Started process (PID=134) to work on /home/airflow/.local/lib/python3.12/site-packages/airflow/example_dags/example_sensor_decorator.py
[2024-11-05T10:37:36.358+0000] {processor.py:914} INFO - Processing file /home/airflow/.local/lib/python3.12/site-packages/airflow/example_dags/example_sensor_decorator.py for tasks to queue
[2024-11-05T10:37:36.362+0000] {logging_mixin.py:190} INFO - [2024-11-05T10:37:36.361+0000] {dagbag.py:588} INFO - Filling up the DagBag from /home/airflow/.local/lib/python3.12/site-packages/airflow/example_dags/example_sensor_decorator.py
[2024-11-05T10:37:36.369+0000] {processor.py:925} INFO - DAG(s) 'example_sensor_decorator' retrieved from /home/airflow/.local/lib/python3.12/site-packages/airflow/example_dags/example_sensor_decorator.py
[2024-11-05T10:37:36.388+0000] {logging_mixin.py:190} INFO - [2024-11-05T10:37:36.388+0000] {dag.py:3239} INFO - Sync 1 DAGs
[2024-11-05T10:37:36.402+0000] {logging_mixin.py:190} INFO - [2024-11-05T10:37:36.402+0000] {dag.py:4180} INFO - Setting next_dagrun for example_sensor_decorator to None, run_after=None
[2024-11-05T10:37:36.424+0000] {processor.py:208} INFO - Processing /home/airflow/.local/lib/python3.12/site-packages/airflow/example_dags/example_sensor_decorator.py took 0.071 seconds
[2024-11-05T10:38:06.498+0000] {processor.py:186} INFO - Started process (PID=197) to work on /home/airflow/.local/lib/python3.12/site-packages/airflow/example_dags/example_sensor_decorator.py
[2024-11-05T10:38:06.500+0000] {processor.py:914} INFO - Processing file /home/airflow/.local/lib/python3.12/site-packages/airflow/example_dags/example_sensor_decorator.py for tasks to queue
[2024-11-05T10:38:06.503+0000] {logging_mixin.py:190} INFO - [2024-11-05T10:38:06.502+0000] {dagbag.py:588} INFO - Filling up the DagBag from /home/airflow/.local/lib/python3.12/site-packages/airflow/example_dags/example_sensor_decorator.py
[2024-11-05T10:38:06.513+0000] {processor.py:925} INFO - DAG(s) 'example_sensor_decorator' retrieved from /home/airflow/.local/lib/python3.12/site-packages/airflow/example_dags/example_sensor_decorator.py
[2024-11-05T10:38:06.541+0000] {logging_mixin.py:190} INFO - [2024-11-05T10:38:06.540+0000] {dag.py:3239} INFO - Sync 1 DAGs
[2024-11-05T10:38:06.570+0000] {logging_mixin.py:190} INFO - [2024-11-05T10:38:06.569+0000] {dag.py:4180} INFO - Setting next_dagrun for example_sensor_decorator to None, run_after=None
[2024-11-05T10:38:06.602+0000] {processor.py:208} INFO - Processing /home/airflow/.local/lib/python3.12/site-packages/airflow/example_dags/example_sensor_decorator.py took 0.110 seconds
[2024-11-05T10:38:36.759+0000] {processor.py:186} INFO - Started process (PID=259) to work on /home/airflow/.local/lib/python3.12/site-packages/airflow/example_dags/example_sensor_decorator.py
[2024-11-05T10:38:36.760+0000] {processor.py:914} INFO - Processing file /home/airflow/.local/lib/python3.12/site-packages/airflow/example_dags/example_sensor_decorator.py for tasks to queue
[2024-11-05T10:38:36.764+0000] {logging_mixin.py:190} INFO - [2024-11-05T10:38:36.763+0000] {dagbag.py:588} INFO - Filling up the DagBag from /home/airflow/.local/lib/python3.12/site-packages/airflow/example_dags/example_sensor_decorator.py
[2024-11-05T10:38:36.775+0000] {processor.py:925} INFO - DAG(s) 'example_sensor_decorator' retrieved from /home/airflow/.local/lib/python3.12/site-packages/airflow/example_dags/example_sensor_decorator.py
[2024-11-05T10:38:36.811+0000] {logging_mixin.py:190} INFO - [2024-11-05T10:38:36.810+0000] {dag.py:3239} INFO - Sync 1 DAGs
[2024-11-05T10:38:36.838+0000] {logging_mixin.py:190} INFO - [2024-11-05T10:38:36.837+0000] {dag.py:4180} INFO - Setting next_dagrun for example_sensor_decorator to None, run_after=None
[2024-11-05T10:38:36.870+0000] {processor.py:208} INFO - Processing /home/airflow/.local/lib/python3.12/site-packages/airflow/example_dags/example_sensor_decorator.py took 0.120 seconds
[2024-11-05T10:39:07.903+0000] {processor.py:186} INFO - Started process (PID=322) to work on /home/airflow/.local/lib/python3.12/site-packages/airflow/example_dags/example_sensor_decorator.py
[2024-11-05T10:39:07.905+0000] {processor.py:914} INFO - Processing file /home/airflow/.local/lib/python3.12/site-packages/airflow/example_dags/example_sensor_decorator.py for tasks to queue
[2024-11-05T10:39:07.907+0000] {logging_mixin.py:190} INFO - [2024-11-05T10:39:07.906+0000] {dagbag.py:588} INFO - Filling up the DagBag from /home/airflow/.local/lib/python3.12/site-packages/airflow/example_dags/example_sensor_decorator.py
[2024-11-05T10:39:07.914+0000] {processor.py:925} INFO - DAG(s) 'example_sensor_decorator' retrieved from /home/airflow/.local/lib/python3.12/site-packages/airflow/example_dags/example_sensor_decorator.py
[2024-11-05T10:39:07.934+0000] {logging_mixin.py:190} INFO - [2024-11-05T10:39:07.934+0000] {dag.py:3239} INFO - Sync 1 DAGs
[2024-11-05T10:39:07.950+0000] {logging_mixin.py:190} INFO - [2024-11-05T10:39:07.950+0000] {dag.py:4180} INFO - Setting next_dagrun for example_sensor_decorator to None, run_after=None
[2024-11-05T10:39:07.970+0000] {processor.py:208} INFO - Processing /home/airflow/.local/lib/python3.12/site-packages/airflow/example_dags/example_sensor_decorator.py took 0.074 seconds
[2024-11-05T10:39:38.945+0000] {processor.py:186} INFO - Started process (PID=384) to work on /home/airflow/.local/lib/python3.12/site-packages/airflow/example_dags/example_sensor_decorator.py
[2024-11-05T10:39:38.946+0000] {processor.py:914} INFO - Processing file /home/airflow/.local/lib/python3.12/site-packages/airflow/example_dags/example_sensor_decorator.py for tasks to queue
[2024-11-05T10:39:38.948+0000] {logging_mixin.py:190} INFO - [2024-11-05T10:39:38.948+0000] {dagbag.py:588} INFO - Filling up the DagBag from /home/airflow/.local/lib/python3.12/site-packages/airflow/example_dags/example_sensor_decorator.py
[2024-11-05T10:39:38.956+0000] {processor.py:925} INFO - DAG(s) 'example_sensor_decorator' retrieved from /home/airflow/.local/lib/python3.12/site-packages/airflow/example_dags/example_sensor_decorator.py
[2024-11-05T10:39:38.976+0000] {logging_mixin.py:190} INFO - [2024-11-05T10:39:38.976+0000] {dag.py:3239} INFO - Sync 1 DAGs
[2024-11-05T10:39:38.992+0000] {logging_mixin.py:190} INFO - [2024-11-05T10:39:38.992+0000] {dag.py:4180} INFO - Setting next_dagrun for example_sensor_decorator to None, run_after=None
[2024-11-05T10:39:39.012+0000] {processor.py:208} INFO - Processing /home/airflow/.local/lib/python3.12/site-packages/airflow/example_dags/example_sensor_decorator.py took 0.073 seconds
[2024-11-05T10:40:09.115+0000] {processor.py:186} INFO - Started process (PID=446) to work on /home/airflow/.local/lib/python3.12/site-packages/airflow/example_dags/example_sensor_decorator.py
[2024-11-05T10:40:09.116+0000] {processor.py:914} INFO - Processing file /home/airflow/.local/lib/python3.12/site-packages/airflow/example_dags/example_sensor_decorator.py for tasks to queue
[2024-11-05T10:40:09.118+0000] {logging_mixin.py:190} INFO - [2024-11-05T10:40:09.118+0000] {dagbag.py:588} INFO - Filling up the DagBag from /home/airflow/.local/lib/python3.12/site-packages/airflow/example_dags/example_sensor_decorator.py
[2024-11-05T10:40:09.125+0000] {processor.py:925} INFO - DAG(s) 'example_sensor_decorator' retrieved from /home/airflow/.local/lib/python3.12/site-packages/airflow/example_dags/example_sensor_decorator.py
[2024-11-05T10:40:09.144+0000] {logging_mixin.py:190} INFO - [2024-11-05T10:40:09.144+0000] {dag.py:3239} INFO - Sync 1 DAGs
[2024-11-05T10:40:09.159+0000] {logging_mixin.py:190} INFO - [2024-11-05T10:40:09.159+0000] {dag.py:4180} INFO - Setting next_dagrun for example_sensor_decorator to None, run_after=None
[2024-11-05T10:40:09.178+0000] {processor.py:208} INFO - Processing /home/airflow/.local/lib/python3.12/site-packages/airflow/example_dags/example_sensor_decorator.py took 0.070 seconds
[2024-11-05T10:40:39.535+0000] {processor.py:186} INFO - Started process (PID=509) to work on /home/airflow/.local/lib/python3.12/site-packages/airflow/example_dags/example_sensor_decorator.py
[2024-11-05T10:40:39.536+0000] {processor.py:914} INFO - Processing file /home/airflow/.local/lib/python3.12/site-packages/airflow/example_dags/example_sensor_decorator.py for tasks to queue
[2024-11-05T10:40:39.539+0000] {logging_mixin.py:190} INFO - [2024-11-05T10:40:39.539+0000] {dagbag.py:588} INFO - Filling up the DagBag from /home/airflow/.local/lib/python3.12/site-packages/airflow/example_dags/example_sensor_decorator.py
[2024-11-05T10:40:39.549+0000] {processor.py:925} INFO - DAG(s) 'example_sensor_decorator' retrieved from /home/airflow/.local/lib/python3.12/site-packages/airflow/example_dags/example_sensor_decorator.py
[2024-11-05T10:40:39.573+0000] {logging_mixin.py:190} INFO - [2024-11-05T10:40:39.573+0000] {dag.py:3239} INFO - Sync 1 DAGs
[2024-11-05T10:40:39.594+0000] {logging_mixin.py:190} INFO - [2024-11-05T10:40:39.594+0000] {dag.py:4180} INFO - Setting next_dagrun for example_sensor_decorator to None, run_after=None
[2024-11-05T10:40:39.617+0000] {processor.py:208} INFO - Processing /home/airflow/.local/lib/python3.12/site-packages/airflow/example_dags/example_sensor_decorator.py took 0.090 seconds
[2024-11-05T10:41:09.783+0000] {processor.py:186} INFO - Started process (PID=572) to work on /home/airflow/.local/lib/python3.12/site-packages/airflow/example_dags/example_sensor_decorator.py
[2024-11-05T10:41:09.785+0000] {processor.py:914} INFO - Processing file /home/airflow/.local/lib/python3.12/site-packages/airflow/example_dags/example_sensor_decorator.py for tasks to queue
[2024-11-05T10:41:09.789+0000] {logging_mixin.py:190} INFO - [2024-11-05T10:41:09.788+0000] {dagbag.py:588} INFO - Filling up the DagBag from /home/airflow/.local/lib/python3.12/site-packages/airflow/example_dags/example_sensor_decorator.py
[2024-11-05T10:41:09.799+0000] {processor.py:925} INFO - DAG(s) 'example_sensor_decorator' retrieved from /home/airflow/.local/lib/python3.12/site-packages/airflow/example_dags/example_sensor_decorator.py
[2024-11-05T10:41:09.821+0000] {logging_mixin.py:190} INFO - [2024-11-05T10:41:09.821+0000] {dag.py:3239} INFO - Sync 1 DAGs
[2024-11-05T10:41:09.838+0000] {logging_mixin.py:190} INFO - [2024-11-05T10:41:09.838+0000] {dag.py:4180} INFO - Setting next_dagrun for example_sensor_decorator to None, run_after=None
[2024-11-05T10:41:09.860+0000] {processor.py:208} INFO - Processing /home/airflow/.local/lib/python3.12/site-packages/airflow/example_dags/example_sensor_decorator.py took 0.086 seconds
[2024-11-05T10:41:40.205+0000] {processor.py:186} INFO - Started process (PID=635) to work on /home/airflow/.local/lib/python3.12/site-packages/airflow/example_dags/example_sensor_decorator.py
[2024-11-05T10:41:40.206+0000] {processor.py:914} INFO - Processing file /home/airflow/.local/lib/python3.12/site-packages/airflow/example_dags/example_sensor_decorator.py for tasks to queue
[2024-11-05T10:41:40.209+0000] {logging_mixin.py:190} INFO - [2024-11-05T10:41:40.208+0000] {dagbag.py:588} INFO - Filling up the DagBag from /home/airflow/.local/lib/python3.12/site-packages/airflow/example_dags/example_sensor_decorator.py
[2024-11-05T10:41:40.216+0000] {processor.py:925} INFO - DAG(s) 'example_sensor_decorator' retrieved from /home/airflow/.local/lib/python3.12/site-packages/airflow/example_dags/example_sensor_decorator.py
[2024-11-05T10:41:40.236+0000] {logging_mixin.py:190} INFO - [2024-11-05T10:41:40.235+0000] {dag.py:3239} INFO - Sync 1 DAGs
[2024-11-05T10:41:40.251+0000] {logging_mixin.py:190} INFO - [2024-11-05T10:41:40.250+0000] {dag.py:4180} INFO - Setting next_dagrun for example_sensor_decorator to None, run_after=None
[2024-11-05T10:41:40.275+0000] {processor.py:208} INFO - Processing /home/airflow/.local/lib/python3.12/site-packages/airflow/example_dags/example_sensor_decorator.py took 0.076 seconds
[2024-11-05T10:42:10.829+0000] {processor.py:186} INFO - Started process (PID=698) to work on /home/airflow/.local/lib/python3.12/site-packages/airflow/example_dags/example_sensor_decorator.py
[2024-11-05T10:42:10.830+0000] {processor.py:914} INFO - Processing file /home/airflow/.local/lib/python3.12/site-packages/airflow/example_dags/example_sensor_decorator.py for tasks to queue
[2024-11-05T10:42:10.833+0000] {logging_mixin.py:190} INFO - [2024-11-05T10:42:10.833+0000] {dagbag.py:588} INFO - Filling up the DagBag from /home/airflow/.local/lib/python3.12/site-packages/airflow/example_dags/example_sensor_decorator.py
[2024-11-05T10:42:10.841+0000] {processor.py:925} INFO - DAG(s) 'example_sensor_decorator' retrieved from /home/airflow/.local/lib/python3.12/site-packages/airflow/example_dags/example_sensor_decorator.py
[2024-11-05T10:42:10.863+0000] {logging_mixin.py:190} INFO - [2024-11-05T10:42:10.862+0000] {dag.py:3239} INFO - Sync 1 DAGs
[2024-11-05T10:42:10.879+0000] {logging_mixin.py:190} INFO - [2024-11-05T10:42:10.879+0000] {dag.py:4180} INFO - Setting next_dagrun for example_sensor_decorator to None, run_after=None
[2024-11-05T10:42:10.901+0000] {processor.py:208} INFO - Processing /home/airflow/.local/lib/python3.12/site-packages/airflow/example_dags/example_sensor_decorator.py took 0.078 seconds
[2024-11-05T10:42:41.056+0000] {processor.py:186} INFO - Started process (PID=760) to work on /home/airflow/.local/lib/python3.12/site-packages/airflow/example_dags/example_sensor_decorator.py
[2024-11-05T10:42:41.057+0000] {processor.py:914} INFO - Processing file /home/airflow/.local/lib/python3.12/site-packages/airflow/example_dags/example_sensor_decorator.py for tasks to queue
[2024-11-05T10:42:41.060+0000] {logging_mixin.py:190} INFO - [2024-11-05T10:42:41.060+0000] {dagbag.py:588} INFO - Filling up the DagBag from /home/airflow/.local/lib/python3.12/site-packages/airflow/example_dags/example_sensor_decorator.py
[2024-11-05T10:42:41.067+0000] {processor.py:925} INFO - DAG(s) 'example_sensor_decorator' retrieved from /home/airflow/.local/lib/python3.12/site-packages/airflow/example_dags/example_sensor_decorator.py
[2024-11-05T10:42:41.088+0000] {logging_mixin.py:190} INFO - [2024-11-05T10:42:41.088+0000] {dag.py:3239} INFO - Sync 1 DAGs
[2024-11-05T10:42:41.103+0000] {logging_mixin.py:190} INFO - [2024-11-05T10:42:41.103+0000] {dag.py:4180} INFO - Setting next_dagrun for example_sensor_decorator to None, run_after=None
[2024-11-05T10:42:41.127+0000] {processor.py:208} INFO - Processing /home/airflow/.local/lib/python3.12/site-packages/airflow/example_dags/example_sensor_decorator.py took 0.077 seconds
[2024-11-05T10:43:11.410+0000] {processor.py:186} INFO - Started process (PID=823) to work on /home/airflow/.local/lib/python3.12/site-packages/airflow/example_dags/example_sensor_decorator.py
[2024-11-05T10:43:11.414+0000] {processor.py:914} INFO - Processing file /home/airflow/.local/lib/python3.12/site-packages/airflow/example_dags/example_sensor_decorator.py for tasks to queue
[2024-11-05T10:43:11.417+0000] {logging_mixin.py:190} INFO - [2024-11-05T10:43:11.417+0000] {dagbag.py:588} INFO - Filling up the DagBag from /home/airflow/.local/lib/python3.12/site-packages/airflow/example_dags/example_sensor_decorator.py
[2024-11-05T10:43:11.434+0000] {processor.py:925} INFO - DAG(s) 'example_sensor_decorator' retrieved from /home/airflow/.local/lib/python3.12/site-packages/airflow/example_dags/example_sensor_decorator.py
[2024-11-05T10:43:11.468+0000] {logging_mixin.py:190} INFO - [2024-11-05T10:43:11.467+0000] {dag.py:3239} INFO - Sync 1 DAGs
[2024-11-05T10:43:11.499+0000] {logging_mixin.py:190} INFO - [2024-11-05T10:43:11.498+0000] {dag.py:4180} INFO - Setting next_dagrun for example_sensor_decorator to None, run_after=None
[2024-11-05T10:43:11.530+0000] {processor.py:208} INFO - Processing /home/airflow/.local/lib/python3.12/site-packages/airflow/example_dags/example_sensor_decorator.py took 0.132 seconds
[2024-11-05T10:43:41.754+0000] {processor.py:186} INFO - Started process (PID=887) to work on /home/airflow/.local/lib/python3.12/site-packages/airflow/example_dags/example_sensor_decorator.py
[2024-11-05T10:43:41.755+0000] {processor.py:914} INFO - Processing file /home/airflow/.local/lib/python3.12/site-packages/airflow/example_dags/example_sensor_decorator.py for tasks to queue
[2024-11-05T10:43:41.758+0000] {logging_mixin.py:190} INFO - [2024-11-05T10:43:41.757+0000] {dagbag.py:588} INFO - Filling up the DagBag from /home/airflow/.local/lib/python3.12/site-packages/airflow/example_dags/example_sensor_decorator.py
[2024-11-05T10:43:41.765+0000] {processor.py:925} INFO - DAG(s) 'example_sensor_decorator' retrieved from /home/airflow/.local/lib/python3.12/site-packages/airflow/example_dags/example_sensor_decorator.py
[2024-11-05T10:43:41.786+0000] {logging_mixin.py:190} INFO - [2024-11-05T10:43:41.786+0000] {dag.py:3239} INFO - Sync 1 DAGs
[2024-11-05T10:43:41.801+0000] {logging_mixin.py:190} INFO - [2024-11-05T10:43:41.801+0000] {dag.py:4180} INFO - Setting next_dagrun for example_sensor_decorator to None, run_after=None
[2024-11-05T10:43:41.825+0000] {processor.py:208} INFO - Processing /home/airflow/.local/lib/python3.12/site-packages/airflow/example_dags/example_sensor_decorator.py took 0.078 seconds
[2024-11-05T10:44:12.722+0000] {processor.py:186} INFO - Started process (PID=951) to work on /home/airflow/.local/lib/python3.12/site-packages/airflow/example_dags/example_sensor_decorator.py
[2024-11-05T10:44:12.724+0000] {processor.py:914} INFO - Processing file /home/airflow/.local/lib/python3.12/site-packages/airflow/example_dags/example_sensor_decorator.py for tasks to queue
[2024-11-05T10:44:12.727+0000] {logging_mixin.py:190} INFO - [2024-11-05T10:44:12.727+0000] {dagbag.py:588} INFO - Filling up the DagBag from /home/airflow/.local/lib/python3.12/site-packages/airflow/example_dags/example_sensor_decorator.py
[2024-11-05T10:44:12.739+0000] {processor.py:925} INFO - DAG(s) 'example_sensor_decorator' retrieved from /home/airflow/.local/lib/python3.12/site-packages/airflow/example_dags/example_sensor_decorator.py
[2024-11-05T10:44:12.776+0000] {logging_mixin.py:190} INFO - [2024-11-05T10:44:12.776+0000] {dag.py:3239} INFO - Sync 1 DAGs
[2024-11-05T10:44:12.806+0000] {logging_mixin.py:190} INFO - [2024-11-05T10:44:12.805+0000] {dag.py:4180} INFO - Setting next_dagrun for example_sensor_decorator to None, run_after=None
[2024-11-05T10:44:12.838+0000] {processor.py:208} INFO - Processing /home/airflow/.local/lib/python3.12/site-packages/airflow/example_dags/example_sensor_decorator.py took 0.124 seconds
[2024-11-05T10:44:43.265+0000] {processor.py:186} INFO - Started process (PID=1014) to work on /home/airflow/.local/lib/python3.12/site-packages/airflow/example_dags/example_sensor_decorator.py
[2024-11-05T10:44:43.266+0000] {processor.py:914} INFO - Processing file /home/airflow/.local/lib/python3.12/site-packages/airflow/example_dags/example_sensor_decorator.py for tasks to queue
[2024-11-05T10:44:43.270+0000] {logging_mixin.py:190} INFO - [2024-11-05T10:44:43.270+0000] {dagbag.py:588} INFO - Filling up the DagBag from /home/airflow/.local/lib/python3.12/site-packages/airflow/example_dags/example_sensor_decorator.py
[2024-11-05T10:44:43.280+0000] {processor.py:925} INFO - DAG(s) 'example_sensor_decorator' retrieved from /home/airflow/.local/lib/python3.12/site-packages/airflow/example_dags/example_sensor_decorator.py
[2024-11-05T10:44:43.304+0000] {logging_mixin.py:190} INFO - [2024-11-05T10:44:43.304+0000] {dag.py:3239} INFO - Sync 1 DAGs
[2024-11-05T10:44:43.321+0000] {logging_mixin.py:190} INFO - [2024-11-05T10:44:43.320+0000] {dag.py:4180} INFO - Setting next_dagrun for example_sensor_decorator to None, run_after=None
[2024-11-05T10:44:43.344+0000] {processor.py:208} INFO - Processing /home/airflow/.local/lib/python3.12/site-packages/airflow/example_dags/example_sensor_decorator.py took 0.087 seconds
[2024-11-05T10:45:13.488+0000] {processor.py:186} INFO - Started process (PID=1077) to work on /home/airflow/.local/lib/python3.12/site-packages/airflow/example_dags/example_sensor_decorator.py
[2024-11-05T10:45:13.489+0000] {processor.py:914} INFO - Processing file /home/airflow/.local/lib/python3.12/site-packages/airflow/example_dags/example_sensor_decorator.py for tasks to queue
[2024-11-05T10:45:13.492+0000] {logging_mixin.py:190} INFO - [2024-11-05T10:45:13.492+0000] {dagbag.py:588} INFO - Filling up the DagBag from /home/airflow/.local/lib/python3.12/site-packages/airflow/example_dags/example_sensor_decorator.py
[2024-11-05T10:45:13.500+0000] {processor.py:925} INFO - DAG(s) 'example_sensor_decorator' retrieved from /home/airflow/.local/lib/python3.12/site-packages/airflow/example_dags/example_sensor_decorator.py
[2024-11-05T10:45:13.522+0000] {logging_mixin.py:190} INFO - [2024-11-05T10:45:13.522+0000] {dag.py:3239} INFO - Sync 1 DAGs
[2024-11-05T10:45:13.541+0000] {logging_mixin.py:190} INFO - [2024-11-05T10:45:13.541+0000] {dag.py:4180} INFO - Setting next_dagrun for example_sensor_decorator to None, run_after=None
[2024-11-05T10:45:13.566+0000] {processor.py:208} INFO - Processing /home/airflow/.local/lib/python3.12/site-packages/airflow/example_dags/example_sensor_decorator.py took 0.084 seconds
[2024-11-05T10:45:43.770+0000] {processor.py:186} INFO - Started process (PID=1140) to work on /home/airflow/.local/lib/python3.12/site-packages/airflow/example_dags/example_sensor_decorator.py
[2024-11-05T10:45:43.771+0000] {processor.py:914} INFO - Processing file /home/airflow/.local/lib/python3.12/site-packages/airflow/example_dags/example_sensor_decorator.py for tasks to queue
[2024-11-05T10:45:43.774+0000] {logging_mixin.py:190} INFO - [2024-11-05T10:45:43.773+0000] {dagbag.py:588} INFO - Filling up the DagBag from /home/airflow/.local/lib/python3.12/site-packages/airflow/example_dags/example_sensor_decorator.py
[2024-11-05T10:45:43.782+0000] {processor.py:925} INFO - DAG(s) 'example_sensor_decorator' retrieved from /home/airflow/.local/lib/python3.12/site-packages/airflow/example_dags/example_sensor_decorator.py
[2024-11-05T10:45:43.805+0000] {logging_mixin.py:190} INFO - [2024-11-05T10:45:43.804+0000] {dag.py:3239} INFO - Sync 1 DAGs
[2024-11-05T10:45:43.822+0000] {logging_mixin.py:190} INFO - [2024-11-05T10:45:43.822+0000] {dag.py:4180} INFO - Setting next_dagrun for example_sensor_decorator to None, run_after=None
[2024-11-05T10:45:43.843+0000] {processor.py:208} INFO - Processing /home/airflow/.local/lib/python3.12/site-packages/airflow/example_dags/example_sensor_decorator.py took 0.081 seconds
[2024-11-05T10:46:14.538+0000] {processor.py:186} INFO - Started process (PID=1203) to work on /home/airflow/.local/lib/python3.12/site-packages/airflow/example_dags/example_sensor_decorator.py
[2024-11-05T10:46:14.540+0000] {processor.py:914} INFO - Processing file /home/airflow/.local/lib/python3.12/site-packages/airflow/example_dags/example_sensor_decorator.py for tasks to queue
[2024-11-05T10:46:14.544+0000] {logging_mixin.py:190} INFO - [2024-11-05T10:46:14.543+0000] {dagbag.py:588} INFO - Filling up the DagBag from /home/airflow/.local/lib/python3.12/site-packages/airflow/example_dags/example_sensor_decorator.py
[2024-11-05T10:46:14.554+0000] {processor.py:925} INFO - DAG(s) 'example_sensor_decorator' retrieved from /home/airflow/.local/lib/python3.12/site-packages/airflow/example_dags/example_sensor_decorator.py
[2024-11-05T10:46:14.580+0000] {logging_mixin.py:190} INFO - [2024-11-05T10:46:14.579+0000] {dag.py:3239} INFO - Sync 1 DAGs
[2024-11-05T10:46:14.605+0000] {logging_mixin.py:190} INFO - [2024-11-05T10:46:14.605+0000] {dag.py:4180} INFO - Setting next_dagrun for example_sensor_decorator to None, run_after=None
[2024-11-05T10:46:14.636+0000] {processor.py:208} INFO - Processing /home/airflow/.local/lib/python3.12/site-packages/airflow/example_dags/example_sensor_decorator.py took 0.106 seconds
[2024-11-05T10:46:45.487+0000] {processor.py:186} INFO - Started process (PID=1265) to work on /home/airflow/.local/lib/python3.12/site-packages/airflow/example_dags/example_sensor_decorator.py
[2024-11-05T10:46:45.489+0000] {processor.py:914} INFO - Processing file /home/airflow/.local/lib/python3.12/site-packages/airflow/example_dags/example_sensor_decorator.py for tasks to queue
[2024-11-05T10:46:45.493+0000] {logging_mixin.py:190} INFO - [2024-11-05T10:46:45.492+0000] {dagbag.py:588} INFO - Filling up the DagBag from /home/airflow/.local/lib/python3.12/site-packages/airflow/example_dags/example_sensor_decorator.py
[2024-11-05T10:46:45.504+0000] {processor.py:925} INFO - DAG(s) 'example_sensor_decorator' retrieved from /home/airflow/.local/lib/python3.12/site-packages/airflow/example_dags/example_sensor_decorator.py
[2024-11-05T10:46:45.532+0000] {logging_mixin.py:190} INFO - [2024-11-05T10:46:45.532+0000] {dag.py:3239} INFO - Sync 1 DAGs
[2024-11-05T10:46:45.556+0000] {logging_mixin.py:190} INFO - [2024-11-05T10:46:45.555+0000] {dag.py:4180} INFO - Setting next_dagrun for example_sensor_decorator to None, run_after=None
[2024-11-05T10:46:45.589+0000] {processor.py:208} INFO - Processing /home/airflow/.local/lib/python3.12/site-packages/airflow/example_dags/example_sensor_decorator.py took 0.110 seconds
[2024-11-05T10:47:15.823+0000] {processor.py:186} INFO - Started process (PID=1328) to work on /home/airflow/.local/lib/python3.12/site-packages/airflow/example_dags/example_sensor_decorator.py
[2024-11-05T10:47:15.824+0000] {processor.py:914} INFO - Processing file /home/airflow/.local/lib/python3.12/site-packages/airflow/example_dags/example_sensor_decorator.py for tasks to queue
[2024-11-05T10:47:15.829+0000] {logging_mixin.py:190} INFO - [2024-11-05T10:47:15.828+0000] {dagbag.py:588} INFO - Filling up the DagBag from /home/airflow/.local/lib/python3.12/site-packages/airflow/example_dags/example_sensor_decorator.py
[2024-11-05T10:47:15.842+0000] {processor.py:925} INFO - DAG(s) 'example_sensor_decorator' retrieved from /home/airflow/.local/lib/python3.12/site-packages/airflow/example_dags/example_sensor_decorator.py
[2024-11-05T10:47:15.876+0000] {logging_mixin.py:190} INFO - [2024-11-05T10:47:15.875+0000] {dag.py:3239} INFO - Sync 1 DAGs
[2024-11-05T10:47:15.903+0000] {logging_mixin.py:190} INFO - [2024-11-05T10:47:15.903+0000] {dag.py:4180} INFO - Setting next_dagrun for example_sensor_decorator to None, run_after=None
[2024-11-05T10:47:15.969+0000] {processor.py:208} INFO - Processing /home/airflow/.local/lib/python3.12/site-packages/airflow/example_dags/example_sensor_decorator.py took 0.155 seconds
[2024-11-05T10:47:46.039+0000] {processor.py:186} INFO - Started process (PID=1390) to work on /home/airflow/.local/lib/python3.12/site-packages/airflow/example_dags/example_sensor_decorator.py
[2024-11-05T10:47:46.040+0000] {processor.py:914} INFO - Processing file /home/airflow/.local/lib/python3.12/site-packages/airflow/example_dags/example_sensor_decorator.py for tasks to queue
[2024-11-05T10:47:46.044+0000] {logging_mixin.py:190} INFO - [2024-11-05T10:47:46.043+0000] {dagbag.py:588} INFO - Filling up the DagBag from /home/airflow/.local/lib/python3.12/site-packages/airflow/example_dags/example_sensor_decorator.py
[2024-11-05T10:47:46.053+0000] {processor.py:925} INFO - DAG(s) 'example_sensor_decorator' retrieved from /home/airflow/.local/lib/python3.12/site-packages/airflow/example_dags/example_sensor_decorator.py
[2024-11-05T10:47:46.074+0000] {logging_mixin.py:190} INFO - [2024-11-05T10:47:46.074+0000] {dag.py:3239} INFO - Sync 1 DAGs
[2024-11-05T10:47:46.091+0000] {logging_mixin.py:190} INFO - [2024-11-05T10:47:46.091+0000] {dag.py:4180} INFO - Setting next_dagrun for example_sensor_decorator to None, run_after=None
[2024-11-05T10:47:46.114+0000] {processor.py:208} INFO - Processing /home/airflow/.local/lib/python3.12/site-packages/airflow/example_dags/example_sensor_decorator.py took 0.081 seconds
[2024-11-05T10:48:16.405+0000] {processor.py:186} INFO - Started process (PID=1453) to work on /home/airflow/.local/lib/python3.12/site-packages/airflow/example_dags/example_sensor_decorator.py
[2024-11-05T10:48:16.407+0000] {processor.py:914} INFO - Processing file /home/airflow/.local/lib/python3.12/site-packages/airflow/example_dags/example_sensor_decorator.py for tasks to queue
[2024-11-05T10:48:16.412+0000] {logging_mixin.py:190} INFO - [2024-11-05T10:48:16.411+0000] {dagbag.py:588} INFO - Filling up the DagBag from /home/airflow/.local/lib/python3.12/site-packages/airflow/example_dags/example_sensor_decorator.py
[2024-11-05T10:48:16.423+0000] {processor.py:925} INFO - DAG(s) 'example_sensor_decorator' retrieved from /home/airflow/.local/lib/python3.12/site-packages/airflow/example_dags/example_sensor_decorator.py
[2024-11-05T10:48:16.456+0000] {logging_mixin.py:190} INFO - [2024-11-05T10:48:16.456+0000] {dag.py:3239} INFO - Sync 1 DAGs
[2024-11-05T10:48:16.482+0000] {logging_mixin.py:190} INFO - [2024-11-05T10:48:16.481+0000] {dag.py:4180} INFO - Setting next_dagrun for example_sensor_decorator to None, run_after=None
[2024-11-05T10:48:16.513+0000] {processor.py:208} INFO - Processing /home/airflow/.local/lib/python3.12/site-packages/airflow/example_dags/example_sensor_decorator.py took 0.117 seconds
[2024-11-05T10:48:47.309+0000] {processor.py:186} INFO - Started process (PID=1516) to work on /home/airflow/.local/lib/python3.12/site-packages/airflow/example_dags/example_sensor_decorator.py
[2024-11-05T10:48:47.310+0000] {processor.py:914} INFO - Processing file /home/airflow/.local/lib/python3.12/site-packages/airflow/example_dags/example_sensor_decorator.py for tasks to queue
[2024-11-05T10:48:47.313+0000] {logging_mixin.py:190} INFO - [2024-11-05T10:48:47.313+0000] {dagbag.py:588} INFO - Filling up the DagBag from /home/airflow/.local/lib/python3.12/site-packages/airflow/example_dags/example_sensor_decorator.py
[2024-11-05T10:48:47.323+0000] {processor.py:925} INFO - DAG(s) 'example_sensor_decorator' retrieved from /home/airflow/.local/lib/python3.12/site-packages/airflow/example_dags/example_sensor_decorator.py
[2024-11-05T10:48:47.352+0000] {logging_mixin.py:190} INFO - [2024-11-05T10:48:47.352+0000] {dag.py:3239} INFO - Sync 1 DAGs
[2024-11-05T10:48:47.375+0000] {logging_mixin.py:190} INFO - [2024-11-05T10:48:47.375+0000] {dag.py:4180} INFO - Setting next_dagrun for example_sensor_decorator to None, run_after=None
[2024-11-05T10:48:47.407+0000] {processor.py:208} INFO - Processing /home/airflow/.local/lib/python3.12/site-packages/airflow/example_dags/example_sensor_decorator.py took 0.105 seconds
[2024-11-05T10:49:18.150+0000] {processor.py:186} INFO - Started process (PID=1578) to work on /home/airflow/.local/lib/python3.12/site-packages/airflow/example_dags/example_sensor_decorator.py
[2024-11-05T10:49:18.152+0000] {processor.py:914} INFO - Processing file /home/airflow/.local/lib/python3.12/site-packages/airflow/example_dags/example_sensor_decorator.py for tasks to queue
[2024-11-05T10:49:18.156+0000] {logging_mixin.py:190} INFO - [2024-11-05T10:49:18.156+0000] {dagbag.py:588} INFO - Filling up the DagBag from /home/airflow/.local/lib/python3.12/site-packages/airflow/example_dags/example_sensor_decorator.py
[2024-11-05T10:49:18.168+0000] {processor.py:925} INFO - DAG(s) 'example_sensor_decorator' retrieved from /home/airflow/.local/lib/python3.12/site-packages/airflow/example_dags/example_sensor_decorator.py
[2024-11-05T10:49:18.196+0000] {logging_mixin.py:190} INFO - [2024-11-05T10:49:18.195+0000] {dag.py:3239} INFO - Sync 1 DAGs
[2024-11-05T10:49:18.224+0000] {logging_mixin.py:190} INFO - [2024-11-05T10:49:18.224+0000] {dag.py:4180} INFO - Setting next_dagrun for example_sensor_decorator to None, run_after=None
[2024-11-05T10:49:18.259+0000] {processor.py:208} INFO - Processing /home/airflow/.local/lib/python3.12/site-packages/airflow/example_dags/example_sensor_decorator.py took 0.115 seconds
[2024-11-05T10:49:48.430+0000] {processor.py:186} INFO - Started process (PID=1641) to work on /home/airflow/.local/lib/python3.12/site-packages/airflow/example_dags/example_sensor_decorator.py
[2024-11-05T10:49:48.432+0000] {processor.py:914} INFO - Processing file /home/airflow/.local/lib/python3.12/site-packages/airflow/example_dags/example_sensor_decorator.py for tasks to queue
[2024-11-05T10:49:48.437+0000] {logging_mixin.py:190} INFO - [2024-11-05T10:49:48.436+0000] {dagbag.py:588} INFO - Filling up the DagBag from /home/airflow/.local/lib/python3.12/site-packages/airflow/example_dags/example_sensor_decorator.py
[2024-11-05T10:49:48.450+0000] {processor.py:925} INFO - DAG(s) 'example_sensor_decorator' retrieved from /home/airflow/.local/lib/python3.12/site-packages/airflow/example_dags/example_sensor_decorator.py
[2024-11-05T10:49:48.495+0000] {logging_mixin.py:190} INFO - [2024-11-05T10:49:48.494+0000] {dag.py:3239} INFO - Sync 1 DAGs
[2024-11-05T10:49:48.573+0000] {logging_mixin.py:190} INFO - [2024-11-05T10:49:48.573+0000] {dag.py:4180} INFO - Setting next_dagrun for example_sensor_decorator to None, run_after=None
[2024-11-05T10:49:48.664+0000] {processor.py:208} INFO - Processing /home/airflow/.local/lib/python3.12/site-packages/airflow/example_dags/example_sensor_decorator.py took 0.245 seconds
[2024-11-05T10:50:18.876+0000] {processor.py:186} INFO - Started process (PID=1704) to work on /home/airflow/.local/lib/python3.12/site-packages/airflow/example_dags/example_sensor_decorator.py
[2024-11-05T10:50:18.877+0000] {processor.py:914} INFO - Processing file /home/airflow/.local/lib/python3.12/site-packages/airflow/example_dags/example_sensor_decorator.py for tasks to queue
[2024-11-05T10:50:18.883+0000] {logging_mixin.py:190} INFO - [2024-11-05T10:50:18.882+0000] {dagbag.py:588} INFO - Filling up the DagBag from /home/airflow/.local/lib/python3.12/site-packages/airflow/example_dags/example_sensor_decorator.py
[2024-11-05T10:50:18.901+0000] {processor.py:925} INFO - DAG(s) 'example_sensor_decorator' retrieved from /home/airflow/.local/lib/python3.12/site-packages/airflow/example_dags/example_sensor_decorator.py
[2024-11-05T10:50:18.968+0000] {logging_mixin.py:190} INFO - [2024-11-05T10:50:18.968+0000] {dag.py:3239} INFO - Sync 1 DAGs
[2024-11-05T10:50:19.017+0000] {logging_mixin.py:190} INFO - [2024-11-05T10:50:19.017+0000] {dag.py:4180} INFO - Setting next_dagrun for example_sensor_decorator to None, run_after=None
[2024-11-05T10:50:19.060+0000] {processor.py:208} INFO - Processing /home/airflow/.local/lib/python3.12/site-packages/airflow/example_dags/example_sensor_decorator.py took 0.193 seconds
[2024-11-05T10:50:49.465+0000] {processor.py:186} INFO - Started process (PID=1766) to work on /home/airflow/.local/lib/python3.12/site-packages/airflow/example_dags/example_sensor_decorator.py
[2024-11-05T10:50:49.468+0000] {processor.py:914} INFO - Processing file /home/airflow/.local/lib/python3.12/site-packages/airflow/example_dags/example_sensor_decorator.py for tasks to queue
[2024-11-05T10:50:49.480+0000] {logging_mixin.py:190} INFO - [2024-11-05T10:50:49.479+0000] {dagbag.py:588} INFO - Filling up the DagBag from /home/airflow/.local/lib/python3.12/site-packages/airflow/example_dags/example_sensor_decorator.py
[2024-11-05T10:50:49.523+0000] {processor.py:925} INFO - DAG(s) 'example_sensor_decorator' retrieved from /home/airflow/.local/lib/python3.12/site-packages/airflow/example_dags/example_sensor_decorator.py
[2024-11-05T10:50:49.583+0000] {logging_mixin.py:190} INFO - [2024-11-05T10:50:49.582+0000] {dag.py:3239} INFO - Sync 1 DAGs
[2024-11-05T10:50:49.621+0000] {logging_mixin.py:190} INFO - [2024-11-05T10:50:49.621+0000] {dag.py:4180} INFO - Setting next_dagrun for example_sensor_decorator to None, run_after=None
[2024-11-05T10:50:49.709+0000] {processor.py:208} INFO - Processing /home/airflow/.local/lib/python3.12/site-packages/airflow/example_dags/example_sensor_decorator.py took 0.269 seconds
[2024-11-05T10:51:19.818+0000] {processor.py:186} INFO - Started process (PID=1828) to work on /home/airflow/.local/lib/python3.12/site-packages/airflow/example_dags/example_sensor_decorator.py
[2024-11-05T10:51:19.820+0000] {processor.py:914} INFO - Processing file /home/airflow/.local/lib/python3.12/site-packages/airflow/example_dags/example_sensor_decorator.py for tasks to queue
[2024-11-05T10:51:19.826+0000] {logging_mixin.py:190} INFO - [2024-11-05T10:51:19.825+0000] {dagbag.py:588} INFO - Filling up the DagBag from /home/airflow/.local/lib/python3.12/site-packages/airflow/example_dags/example_sensor_decorator.py
[2024-11-05T10:51:19.841+0000] {processor.py:925} INFO - DAG(s) 'example_sensor_decorator' retrieved from /home/airflow/.local/lib/python3.12/site-packages/airflow/example_dags/example_sensor_decorator.py
[2024-11-05T10:51:19.878+0000] {logging_mixin.py:190} INFO - [2024-11-05T10:51:19.877+0000] {dag.py:3239} INFO - Sync 1 DAGs
[2024-11-05T10:51:19.908+0000] {logging_mixin.py:190} INFO - [2024-11-05T10:51:19.907+0000] {dag.py:4180} INFO - Setting next_dagrun for example_sensor_decorator to None, run_after=None
[2024-11-05T10:51:19.950+0000] {processor.py:208} INFO - Processing /home/airflow/.local/lib/python3.12/site-packages/airflow/example_dags/example_sensor_decorator.py took 0.141 seconds
[2024-11-05T10:51:50.148+0000] {processor.py:186} INFO - Started process (PID=1891) to work on /home/airflow/.local/lib/python3.12/site-packages/airflow/example_dags/example_sensor_decorator.py
[2024-11-05T10:51:50.151+0000] {processor.py:914} INFO - Processing file /home/airflow/.local/lib/python3.12/site-packages/airflow/example_dags/example_sensor_decorator.py for tasks to queue
[2024-11-05T10:51:50.157+0000] {logging_mixin.py:190} INFO - [2024-11-05T10:51:50.156+0000] {dagbag.py:588} INFO - Filling up the DagBag from /home/airflow/.local/lib/python3.12/site-packages/airflow/example_dags/example_sensor_decorator.py
[2024-11-05T10:51:50.170+0000] {processor.py:925} INFO - DAG(s) 'example_sensor_decorator' retrieved from /home/airflow/.local/lib/python3.12/site-packages/airflow/example_dags/example_sensor_decorator.py
[2024-11-05T10:51:50.205+0000] {logging_mixin.py:190} INFO - [2024-11-05T10:51:50.204+0000] {dag.py:3239} INFO - Sync 1 DAGs
[2024-11-05T10:51:50.233+0000] {logging_mixin.py:190} INFO - [2024-11-05T10:51:50.233+0000] {dag.py:4180} INFO - Setting next_dagrun for example_sensor_decorator to None, run_after=None
[2024-11-05T10:51:50.280+0000] {processor.py:208} INFO - Processing /home/airflow/.local/lib/python3.12/site-packages/airflow/example_dags/example_sensor_decorator.py took 0.143 seconds
[2024-11-05T10:52:20.530+0000] {processor.py:186} INFO - Started process (PID=1956) to work on /home/airflow/.local/lib/python3.12/site-packages/airflow/example_dags/example_sensor_decorator.py
[2024-11-05T10:52:20.531+0000] {processor.py:914} INFO - Processing file /home/airflow/.local/lib/python3.12/site-packages/airflow/example_dags/example_sensor_decorator.py for tasks to queue
[2024-11-05T10:52:20.534+0000] {logging_mixin.py:190} INFO - [2024-11-05T10:52:20.533+0000] {dagbag.py:588} INFO - Filling up the DagBag from /home/airflow/.local/lib/python3.12/site-packages/airflow/example_dags/example_sensor_decorator.py
[2024-11-05T10:52:20.542+0000] {processor.py:925} INFO - DAG(s) 'example_sensor_decorator' retrieved from /home/airflow/.local/lib/python3.12/site-packages/airflow/example_dags/example_sensor_decorator.py
[2024-11-05T10:52:20.563+0000] {logging_mixin.py:190} INFO - [2024-11-05T10:52:20.563+0000] {dag.py:3239} INFO - Sync 1 DAGs
[2024-11-05T10:52:20.580+0000] {logging_mixin.py:190} INFO - [2024-11-05T10:52:20.579+0000] {dag.py:4180} INFO - Setting next_dagrun for example_sensor_decorator to None, run_after=None
[2024-11-05T10:52:20.606+0000] {processor.py:208} INFO - Processing /home/airflow/.local/lib/python3.12/site-packages/airflow/example_dags/example_sensor_decorator.py took 0.082 seconds
[2024-11-05T10:52:51.136+0000] {processor.py:186} INFO - Started process (PID=2019) to work on /home/airflow/.local/lib/python3.12/site-packages/airflow/example_dags/example_sensor_decorator.py
[2024-11-05T10:52:51.137+0000] {processor.py:914} INFO - Processing file /home/airflow/.local/lib/python3.12/site-packages/airflow/example_dags/example_sensor_decorator.py for tasks to queue
[2024-11-05T10:52:51.141+0000] {logging_mixin.py:190} INFO - [2024-11-05T10:52:51.140+0000] {dagbag.py:588} INFO - Filling up the DagBag from /home/airflow/.local/lib/python3.12/site-packages/airflow/example_dags/example_sensor_decorator.py
[2024-11-05T10:52:51.152+0000] {processor.py:925} INFO - DAG(s) 'example_sensor_decorator' retrieved from /home/airflow/.local/lib/python3.12/site-packages/airflow/example_dags/example_sensor_decorator.py
[2024-11-05T10:52:51.184+0000] {logging_mixin.py:190} INFO - [2024-11-05T10:52:51.183+0000] {dag.py:3239} INFO - Sync 1 DAGs
[2024-11-05T10:52:51.213+0000] {logging_mixin.py:190} INFO - [2024-11-05T10:52:51.212+0000] {dag.py:4180} INFO - Setting next_dagrun for example_sensor_decorator to None, run_after=None
[2024-11-05T10:52:51.252+0000] {processor.py:208} INFO - Processing /home/airflow/.local/lib/python3.12/site-packages/airflow/example_dags/example_sensor_decorator.py took 0.126 seconds
[2024-11-05T10:53:21.456+0000] {processor.py:186} INFO - Started process (PID=2082) to work on /home/airflow/.local/lib/python3.12/site-packages/airflow/example_dags/example_sensor_decorator.py
[2024-11-05T10:53:21.457+0000] {processor.py:914} INFO - Processing file /home/airflow/.local/lib/python3.12/site-packages/airflow/example_dags/example_sensor_decorator.py for tasks to queue
[2024-11-05T10:53:21.464+0000] {logging_mixin.py:190} INFO - [2024-11-05T10:53:21.463+0000] {dagbag.py:588} INFO - Filling up the DagBag from /home/airflow/.local/lib/python3.12/site-packages/airflow/example_dags/example_sensor_decorator.py
[2024-11-05T10:53:21.478+0000] {processor.py:925} INFO - DAG(s) 'example_sensor_decorator' retrieved from /home/airflow/.local/lib/python3.12/site-packages/airflow/example_dags/example_sensor_decorator.py
[2024-11-05T10:53:21.520+0000] {logging_mixin.py:190} INFO - [2024-11-05T10:53:21.520+0000] {dag.py:3239} INFO - Sync 1 DAGs
[2024-11-05T10:53:21.552+0000] {logging_mixin.py:190} INFO - [2024-11-05T10:53:21.551+0000] {dag.py:4180} INFO - Setting next_dagrun for example_sensor_decorator to None, run_after=None
[2024-11-05T10:53:21.592+0000] {processor.py:208} INFO - Processing /home/airflow/.local/lib/python3.12/site-packages/airflow/example_dags/example_sensor_decorator.py took 0.146 seconds
[2024-11-05T10:53:51.904+0000] {processor.py:186} INFO - Started process (PID=2145) to work on /home/airflow/.local/lib/python3.12/site-packages/airflow/example_dags/example_sensor_decorator.py
[2024-11-05T10:53:51.905+0000] {processor.py:914} INFO - Processing file /home/airflow/.local/lib/python3.12/site-packages/airflow/example_dags/example_sensor_decorator.py for tasks to queue
[2024-11-05T10:53:51.909+0000] {logging_mixin.py:190} INFO - [2024-11-05T10:53:51.909+0000] {dagbag.py:588} INFO - Filling up the DagBag from /home/airflow/.local/lib/python3.12/site-packages/airflow/example_dags/example_sensor_decorator.py
[2024-11-05T10:53:51.918+0000] {processor.py:925} INFO - DAG(s) 'example_sensor_decorator' retrieved from /home/airflow/.local/lib/python3.12/site-packages/airflow/example_dags/example_sensor_decorator.py
[2024-11-05T10:53:51.955+0000] {logging_mixin.py:190} INFO - [2024-11-05T10:53:51.955+0000] {dag.py:3239} INFO - Sync 1 DAGs
[2024-11-05T10:53:51.985+0000] {logging_mixin.py:190} INFO - [2024-11-05T10:53:51.984+0000] {dag.py:4180} INFO - Setting next_dagrun for example_sensor_decorator to None, run_after=None
[2024-11-05T10:53:52.012+0000] {processor.py:208} INFO - Processing /home/airflow/.local/lib/python3.12/site-packages/airflow/example_dags/example_sensor_decorator.py took 0.122 seconds
[2024-11-05T10:54:22.183+0000] {processor.py:186} INFO - Started process (PID=2208) to work on /home/airflow/.local/lib/python3.12/site-packages/airflow/example_dags/example_sensor_decorator.py
[2024-11-05T10:54:22.185+0000] {processor.py:914} INFO - Processing file /home/airflow/.local/lib/python3.12/site-packages/airflow/example_dags/example_sensor_decorator.py for tasks to queue
[2024-11-05T10:54:22.190+0000] {logging_mixin.py:190} INFO - [2024-11-05T10:54:22.189+0000] {dagbag.py:588} INFO - Filling up the DagBag from /home/airflow/.local/lib/python3.12/site-packages/airflow/example_dags/example_sensor_decorator.py
[2024-11-05T10:54:22.201+0000] {processor.py:925} INFO - DAG(s) 'example_sensor_decorator' retrieved from /home/airflow/.local/lib/python3.12/site-packages/airflow/example_dags/example_sensor_decorator.py
[2024-11-05T10:54:22.234+0000] {logging_mixin.py:190} INFO - [2024-11-05T10:54:22.234+0000] {dag.py:3239} INFO - Sync 1 DAGs
[2024-11-05T10:54:22.270+0000] {logging_mixin.py:190} INFO - [2024-11-05T10:54:22.270+0000] {dag.py:4180} INFO - Setting next_dagrun for example_sensor_decorator to None, run_after=None
[2024-11-05T10:54:22.300+0000] {processor.py:208} INFO - Processing /home/airflow/.local/lib/python3.12/site-packages/airflow/example_dags/example_sensor_decorator.py took 0.127 seconds
