[2024-11-05T10:37:08.109+0000] {processor.py:186} INFO - Started process (PID=83) to work on /home/airflow/.local/lib/python3.12/site-packages/airflow/example_dags/example_skip_dag.py
[2024-11-05T10:37:08.110+0000] {processor.py:914} INFO - Processing file /home/airflow/.local/lib/python3.12/site-packages/airflow/example_dags/example_skip_dag.py for tasks to queue
[2024-11-05T10:37:08.112+0000] {logging_mixin.py:190} INFO - [2024-11-05T10:37:08.112+0000] {dagbag.py:588} INFO - Filling up the DagBag from /home/airflow/.local/lib/python3.12/site-packages/airflow/example_dags/example_skip_dag.py
[2024-11-05T10:37:08.122+0000] {processor.py:925} INFO - DAG(s) 'example_skip_dag' retrieved from /home/airflow/.local/lib/python3.12/site-packages/airflow/example_dags/example_skip_dag.py
[2024-11-05T10:37:08.305+0000] {logging_mixin.py:190} INFO - [2024-11-05T10:37:08.304+0000] {override.py:1900} INFO - Created Permission View: can delete on DAG:example_skip_dag
[2024-11-05T10:37:08.320+0000] {logging_mixin.py:190} INFO - [2024-11-05T10:37:08.320+0000] {override.py:1900} INFO - Created Permission View: can read on DAG:example_skip_dag
[2024-11-05T10:37:08.330+0000] {logging_mixin.py:190} INFO - [2024-11-05T10:37:08.330+0000] {override.py:1900} INFO - Created Permission View: can edit on DAG:example_skip_dag
[2024-11-05T10:37:08.339+0000] {logging_mixin.py:190} INFO - [2024-11-05T10:37:08.339+0000] {override.py:1900} INFO - Created Permission View: can delete on DAG Run:example_skip_dag
[2024-11-05T10:37:08.348+0000] {logging_mixin.py:190} INFO - [2024-11-05T10:37:08.347+0000] {override.py:1900} INFO - Created Permission View: can create on DAG Run:example_skip_dag
[2024-11-05T10:37:08.355+0000] {logging_mixin.py:190} INFO - [2024-11-05T10:37:08.355+0000] {override.py:1900} INFO - Created Permission View: can read on DAG Run:example_skip_dag
[2024-11-05T10:37:08.363+0000] {logging_mixin.py:190} INFO - [2024-11-05T10:37:08.363+0000] {override.py:1900} INFO - Created Permission View: menu access on DAG Run:example_skip_dag
[2024-11-05T10:37:08.364+0000] {logging_mixin.py:190} INFO - [2024-11-05T10:37:08.363+0000] {dag.py:3239} INFO - Sync 1 DAGs
[2024-11-05T10:37:08.378+0000] {logging_mixin.py:190} INFO - [2024-11-05T10:37:08.377+0000] {dag.py:3262} INFO - Creating ORM DAG for example_skip_dag
[2024-11-05T10:37:08.388+0000] {logging_mixin.py:190} INFO - [2024-11-05T10:37:08.388+0000] {dag.py:4180} INFO - Setting next_dagrun for example_skip_dag to 2024-11-04 00:00:00+00:00, run_after=2024-11-05 00:00:00+00:00
[2024-11-05T10:37:08.405+0000] {processor.py:208} INFO - Processing /home/airflow/.local/lib/python3.12/site-packages/airflow/example_dags/example_skip_dag.py took 0.303 seconds
[2024-11-05T10:37:39.057+0000] {processor.py:186} INFO - Started process (PID=145) to work on /home/airflow/.local/lib/python3.12/site-packages/airflow/example_dags/example_skip_dag.py
[2024-11-05T10:37:39.059+0000] {processor.py:914} INFO - Processing file /home/airflow/.local/lib/python3.12/site-packages/airflow/example_dags/example_skip_dag.py for tasks to queue
[2024-11-05T10:37:39.061+0000] {logging_mixin.py:190} INFO - [2024-11-05T10:37:39.061+0000] {dagbag.py:588} INFO - Filling up the DagBag from /home/airflow/.local/lib/python3.12/site-packages/airflow/example_dags/example_skip_dag.py
[2024-11-05T10:37:39.068+0000] {processor.py:925} INFO - DAG(s) 'example_skip_dag' retrieved from /home/airflow/.local/lib/python3.12/site-packages/airflow/example_dags/example_skip_dag.py
[2024-11-05T10:37:39.089+0000] {logging_mixin.py:190} INFO - [2024-11-05T10:37:39.088+0000] {dag.py:3239} INFO - Sync 1 DAGs
[2024-11-05T10:37:39.112+0000] {logging_mixin.py:190} INFO - [2024-11-05T10:37:39.112+0000] {dag.py:4180} INFO - Setting next_dagrun for example_skip_dag to 2024-11-04 00:00:00+00:00, run_after=2024-11-05 00:00:00+00:00
[2024-11-05T10:37:39.130+0000] {processor.py:208} INFO - Processing /home/airflow/.local/lib/python3.12/site-packages/airflow/example_dags/example_skip_dag.py took 0.079 seconds
[2024-11-05T10:38:09.284+0000] {processor.py:186} INFO - Started process (PID=208) to work on /home/airflow/.local/lib/python3.12/site-packages/airflow/example_dags/example_skip_dag.py
[2024-11-05T10:38:09.285+0000] {processor.py:914} INFO - Processing file /home/airflow/.local/lib/python3.12/site-packages/airflow/example_dags/example_skip_dag.py for tasks to queue
[2024-11-05T10:38:09.287+0000] {logging_mixin.py:190} INFO - [2024-11-05T10:38:09.287+0000] {dagbag.py:588} INFO - Filling up the DagBag from /home/airflow/.local/lib/python3.12/site-packages/airflow/example_dags/example_skip_dag.py
[2024-11-05T10:38:09.295+0000] {processor.py:925} INFO - DAG(s) 'example_skip_dag' retrieved from /home/airflow/.local/lib/python3.12/site-packages/airflow/example_dags/example_skip_dag.py
[2024-11-05T10:38:09.321+0000] {logging_mixin.py:190} INFO - [2024-11-05T10:38:09.320+0000] {dag.py:3239} INFO - Sync 1 DAGs
[2024-11-05T10:38:09.352+0000] {logging_mixin.py:190} INFO - [2024-11-05T10:38:09.352+0000] {dag.py:4180} INFO - Setting next_dagrun for example_skip_dag to 2024-11-04 00:00:00+00:00, run_after=2024-11-05 00:00:00+00:00
[2024-11-05T10:38:09.377+0000] {processor.py:208} INFO - Processing /home/airflow/.local/lib/python3.12/site-packages/airflow/example_dags/example_skip_dag.py took 0.100 seconds
[2024-11-05T10:38:39.866+0000] {processor.py:186} INFO - Started process (PID=271) to work on /home/airflow/.local/lib/python3.12/site-packages/airflow/example_dags/example_skip_dag.py
[2024-11-05T10:38:39.867+0000] {processor.py:914} INFO - Processing file /home/airflow/.local/lib/python3.12/site-packages/airflow/example_dags/example_skip_dag.py for tasks to queue
[2024-11-05T10:38:39.869+0000] {logging_mixin.py:190} INFO - [2024-11-05T10:38:39.869+0000] {dagbag.py:588} INFO - Filling up the DagBag from /home/airflow/.local/lib/python3.12/site-packages/airflow/example_dags/example_skip_dag.py
[2024-11-05T10:38:39.878+0000] {processor.py:925} INFO - DAG(s) 'example_skip_dag' retrieved from /home/airflow/.local/lib/python3.12/site-packages/airflow/example_dags/example_skip_dag.py
[2024-11-05T10:38:39.899+0000] {logging_mixin.py:190} INFO - [2024-11-05T10:38:39.898+0000] {dag.py:3239} INFO - Sync 1 DAGs
[2024-11-05T10:38:39.922+0000] {logging_mixin.py:190} INFO - [2024-11-05T10:38:39.922+0000] {dag.py:4180} INFO - Setting next_dagrun for example_skip_dag to 2024-11-04 00:00:00+00:00, run_after=2024-11-05 00:00:00+00:00
[2024-11-05T10:38:39.941+0000] {processor.py:208} INFO - Processing /home/airflow/.local/lib/python3.12/site-packages/airflow/example_dags/example_skip_dag.py took 0.082 seconds
[2024-11-05T10:39:11.000+0000] {processor.py:186} INFO - Started process (PID=333) to work on /home/airflow/.local/lib/python3.12/site-packages/airflow/example_dags/example_skip_dag.py
[2024-11-05T10:39:11.004+0000] {processor.py:914} INFO - Processing file /home/airflow/.local/lib/python3.12/site-packages/airflow/example_dags/example_skip_dag.py for tasks to queue
[2024-11-05T10:39:11.008+0000] {logging_mixin.py:190} INFO - [2024-11-05T10:39:11.007+0000] {dagbag.py:588} INFO - Filling up the DagBag from /home/airflow/.local/lib/python3.12/site-packages/airflow/example_dags/example_skip_dag.py
[2024-11-05T10:39:11.020+0000] {processor.py:925} INFO - DAG(s) 'example_skip_dag' retrieved from /home/airflow/.local/lib/python3.12/site-packages/airflow/example_dags/example_skip_dag.py
[2024-11-05T10:39:11.061+0000] {logging_mixin.py:190} INFO - [2024-11-05T10:39:11.061+0000] {dag.py:3239} INFO - Sync 1 DAGs
[2024-11-05T10:39:11.102+0000] {logging_mixin.py:190} INFO - [2024-11-05T10:39:11.102+0000] {dag.py:4180} INFO - Setting next_dagrun for example_skip_dag to 2024-11-04 00:00:00+00:00, run_after=2024-11-05 00:00:00+00:00
[2024-11-05T10:39:11.131+0000] {processor.py:208} INFO - Processing /home/airflow/.local/lib/python3.12/site-packages/airflow/example_dags/example_skip_dag.py took 0.144 seconds
[2024-11-05T10:39:41.713+0000] {processor.py:186} INFO - Started process (PID=395) to work on /home/airflow/.local/lib/python3.12/site-packages/airflow/example_dags/example_skip_dag.py
[2024-11-05T10:39:41.714+0000] {processor.py:914} INFO - Processing file /home/airflow/.local/lib/python3.12/site-packages/airflow/example_dags/example_skip_dag.py for tasks to queue
[2024-11-05T10:39:41.716+0000] {logging_mixin.py:190} INFO - [2024-11-05T10:39:41.716+0000] {dagbag.py:588} INFO - Filling up the DagBag from /home/airflow/.local/lib/python3.12/site-packages/airflow/example_dags/example_skip_dag.py
[2024-11-05T10:39:41.726+0000] {processor.py:925} INFO - DAG(s) 'example_skip_dag' retrieved from /home/airflow/.local/lib/python3.12/site-packages/airflow/example_dags/example_skip_dag.py
[2024-11-05T10:39:41.754+0000] {logging_mixin.py:190} INFO - [2024-11-05T10:39:41.754+0000] {dag.py:3239} INFO - Sync 1 DAGs
[2024-11-05T10:39:41.790+0000] {logging_mixin.py:190} INFO - [2024-11-05T10:39:41.790+0000] {dag.py:4180} INFO - Setting next_dagrun for example_skip_dag to 2024-11-04 00:00:00+00:00, run_after=2024-11-05 00:00:00+00:00
[2024-11-05T10:39:41.816+0000] {processor.py:208} INFO - Processing /home/airflow/.local/lib/python3.12/site-packages/airflow/example_dags/example_skip_dag.py took 0.111 seconds
[2024-11-05T10:40:11.969+0000] {processor.py:186} INFO - Started process (PID=458) to work on /home/airflow/.local/lib/python3.12/site-packages/airflow/example_dags/example_skip_dag.py
[2024-11-05T10:40:11.971+0000] {processor.py:914} INFO - Processing file /home/airflow/.local/lib/python3.12/site-packages/airflow/example_dags/example_skip_dag.py for tasks to queue
[2024-11-05T10:40:11.973+0000] {logging_mixin.py:190} INFO - [2024-11-05T10:40:11.972+0000] {dagbag.py:588} INFO - Filling up the DagBag from /home/airflow/.local/lib/python3.12/site-packages/airflow/example_dags/example_skip_dag.py
[2024-11-05T10:40:11.980+0000] {processor.py:925} INFO - DAG(s) 'example_skip_dag' retrieved from /home/airflow/.local/lib/python3.12/site-packages/airflow/example_dags/example_skip_dag.py
[2024-11-05T10:40:12.001+0000] {logging_mixin.py:190} INFO - [2024-11-05T10:40:12.000+0000] {dag.py:3239} INFO - Sync 1 DAGs
[2024-11-05T10:40:12.025+0000] {logging_mixin.py:190} INFO - [2024-11-05T10:40:12.024+0000] {dag.py:4180} INFO - Setting next_dagrun for example_skip_dag to 2024-11-04 00:00:00+00:00, run_after=2024-11-05 00:00:00+00:00
[2024-11-05T10:40:12.044+0000] {processor.py:208} INFO - Processing /home/airflow/.local/lib/python3.12/site-packages/airflow/example_dags/example_skip_dag.py took 0.080 seconds
[2024-11-05T10:40:42.469+0000] {processor.py:186} INFO - Started process (PID=521) to work on /home/airflow/.local/lib/python3.12/site-packages/airflow/example_dags/example_skip_dag.py
[2024-11-05T10:40:42.470+0000] {processor.py:914} INFO - Processing file /home/airflow/.local/lib/python3.12/site-packages/airflow/example_dags/example_skip_dag.py for tasks to queue
[2024-11-05T10:40:42.473+0000] {logging_mixin.py:190} INFO - [2024-11-05T10:40:42.472+0000] {dagbag.py:588} INFO - Filling up the DagBag from /home/airflow/.local/lib/python3.12/site-packages/airflow/example_dags/example_skip_dag.py
[2024-11-05T10:40:42.485+0000] {processor.py:925} INFO - DAG(s) 'example_skip_dag' retrieved from /home/airflow/.local/lib/python3.12/site-packages/airflow/example_dags/example_skip_dag.py
[2024-11-05T10:40:42.512+0000] {logging_mixin.py:190} INFO - [2024-11-05T10:40:42.511+0000] {dag.py:3239} INFO - Sync 1 DAGs
[2024-11-05T10:40:42.540+0000] {logging_mixin.py:190} INFO - [2024-11-05T10:40:42.540+0000] {dag.py:4180} INFO - Setting next_dagrun for example_skip_dag to 2024-11-04 00:00:00+00:00, run_after=2024-11-05 00:00:00+00:00
[2024-11-05T10:40:42.563+0000] {processor.py:208} INFO - Processing /home/airflow/.local/lib/python3.12/site-packages/airflow/example_dags/example_skip_dag.py took 0.102 seconds
[2024-11-05T10:41:12.709+0000] {processor.py:186} INFO - Started process (PID=584) to work on /home/airflow/.local/lib/python3.12/site-packages/airflow/example_dags/example_skip_dag.py
[2024-11-05T10:41:12.711+0000] {processor.py:914} INFO - Processing file /home/airflow/.local/lib/python3.12/site-packages/airflow/example_dags/example_skip_dag.py for tasks to queue
[2024-11-05T10:41:12.714+0000] {logging_mixin.py:190} INFO - [2024-11-05T10:41:12.714+0000] {dagbag.py:588} INFO - Filling up the DagBag from /home/airflow/.local/lib/python3.12/site-packages/airflow/example_dags/example_skip_dag.py
[2024-11-05T10:41:12.723+0000] {processor.py:925} INFO - DAG(s) 'example_skip_dag' retrieved from /home/airflow/.local/lib/python3.12/site-packages/airflow/example_dags/example_skip_dag.py
[2024-11-05T10:41:12.749+0000] {logging_mixin.py:190} INFO - [2024-11-05T10:41:12.748+0000] {dag.py:3239} INFO - Sync 1 DAGs
[2024-11-05T10:41:12.783+0000] {logging_mixin.py:190} INFO - [2024-11-05T10:41:12.782+0000] {dag.py:4180} INFO - Setting next_dagrun for example_skip_dag to 2024-11-04 00:00:00+00:00, run_after=2024-11-05 00:00:00+00:00
[2024-11-05T10:41:12.803+0000] {processor.py:208} INFO - Processing /home/airflow/.local/lib/python3.12/site-packages/airflow/example_dags/example_skip_dag.py took 0.101 seconds
[2024-11-05T10:41:42.939+0000] {processor.py:186} INFO - Started process (PID=647) to work on /home/airflow/.local/lib/python3.12/site-packages/airflow/example_dags/example_skip_dag.py
[2024-11-05T10:41:42.940+0000] {processor.py:914} INFO - Processing file /home/airflow/.local/lib/python3.12/site-packages/airflow/example_dags/example_skip_dag.py for tasks to queue
[2024-11-05T10:41:42.942+0000] {logging_mixin.py:190} INFO - [2024-11-05T10:41:42.941+0000] {dagbag.py:588} INFO - Filling up the DagBag from /home/airflow/.local/lib/python3.12/site-packages/airflow/example_dags/example_skip_dag.py
[2024-11-05T10:41:42.951+0000] {processor.py:925} INFO - DAG(s) 'example_skip_dag' retrieved from /home/airflow/.local/lib/python3.12/site-packages/airflow/example_dags/example_skip_dag.py
[2024-11-05T10:41:42.982+0000] {logging_mixin.py:190} INFO - [2024-11-05T10:41:42.981+0000] {dag.py:3239} INFO - Sync 1 DAGs
[2024-11-05T10:41:43.014+0000] {logging_mixin.py:190} INFO - [2024-11-05T10:41:43.014+0000] {dag.py:4180} INFO - Setting next_dagrun for example_skip_dag to 2024-11-04 00:00:00+00:00, run_after=2024-11-05 00:00:00+00:00
[2024-11-05T10:41:43.039+0000] {processor.py:208} INFO - Processing /home/airflow/.local/lib/python3.12/site-packages/airflow/example_dags/example_skip_dag.py took 0.106 seconds
[2024-11-05T10:42:13.497+0000] {processor.py:186} INFO - Started process (PID=710) to work on /home/airflow/.local/lib/python3.12/site-packages/airflow/example_dags/example_skip_dag.py
[2024-11-05T10:42:13.498+0000] {processor.py:914} INFO - Processing file /home/airflow/.local/lib/python3.12/site-packages/airflow/example_dags/example_skip_dag.py for tasks to queue
[2024-11-05T10:42:13.501+0000] {logging_mixin.py:190} INFO - [2024-11-05T10:42:13.500+0000] {dagbag.py:588} INFO - Filling up the DagBag from /home/airflow/.local/lib/python3.12/site-packages/airflow/example_dags/example_skip_dag.py
[2024-11-05T10:42:13.508+0000] {processor.py:925} INFO - DAG(s) 'example_skip_dag' retrieved from /home/airflow/.local/lib/python3.12/site-packages/airflow/example_dags/example_skip_dag.py
[2024-11-05T10:42:13.528+0000] {logging_mixin.py:190} INFO - [2024-11-05T10:42:13.528+0000] {dag.py:3239} INFO - Sync 1 DAGs
[2024-11-05T10:42:13.551+0000] {logging_mixin.py:190} INFO - [2024-11-05T10:42:13.551+0000] {dag.py:4180} INFO - Setting next_dagrun for example_skip_dag to 2024-11-04 00:00:00+00:00, run_after=2024-11-05 00:00:00+00:00
[2024-11-05T10:42:13.569+0000] {processor.py:208} INFO - Processing /home/airflow/.local/lib/python3.12/site-packages/airflow/example_dags/example_skip_dag.py took 0.078 seconds
[2024-11-05T10:42:43.973+0000] {processor.py:186} INFO - Started process (PID=772) to work on /home/airflow/.local/lib/python3.12/site-packages/airflow/example_dags/example_skip_dag.py
[2024-11-05T10:42:43.974+0000] {processor.py:914} INFO - Processing file /home/airflow/.local/lib/python3.12/site-packages/airflow/example_dags/example_skip_dag.py for tasks to queue
[2024-11-05T10:42:43.976+0000] {logging_mixin.py:190} INFO - [2024-11-05T10:42:43.976+0000] {dagbag.py:588} INFO - Filling up the DagBag from /home/airflow/.local/lib/python3.12/site-packages/airflow/example_dags/example_skip_dag.py
[2024-11-05T10:42:43.986+0000] {processor.py:925} INFO - DAG(s) 'example_skip_dag' retrieved from /home/airflow/.local/lib/python3.12/site-packages/airflow/example_dags/example_skip_dag.py
[2024-11-05T10:42:44.014+0000] {logging_mixin.py:190} INFO - [2024-11-05T10:42:44.014+0000] {dag.py:3239} INFO - Sync 1 DAGs
[2024-11-05T10:42:44.044+0000] {logging_mixin.py:190} INFO - [2024-11-05T10:42:44.043+0000] {dag.py:4180} INFO - Setting next_dagrun for example_skip_dag to 2024-11-04 00:00:00+00:00, run_after=2024-11-05 00:00:00+00:00
[2024-11-05T10:42:44.066+0000] {processor.py:208} INFO - Processing /home/airflow/.local/lib/python3.12/site-packages/airflow/example_dags/example_skip_dag.py took 0.101 seconds
[2024-11-05T10:43:14.798+0000] {processor.py:186} INFO - Started process (PID=835) to work on /home/airflow/.local/lib/python3.12/site-packages/airflow/example_dags/example_skip_dag.py
[2024-11-05T10:43:14.799+0000] {processor.py:914} INFO - Processing file /home/airflow/.local/lib/python3.12/site-packages/airflow/example_dags/example_skip_dag.py for tasks to queue
[2024-11-05T10:43:14.802+0000] {logging_mixin.py:190} INFO - [2024-11-05T10:43:14.801+0000] {dagbag.py:588} INFO - Filling up the DagBag from /home/airflow/.local/lib/python3.12/site-packages/airflow/example_dags/example_skip_dag.py
[2024-11-05T10:43:14.814+0000] {processor.py:925} INFO - DAG(s) 'example_skip_dag' retrieved from /home/airflow/.local/lib/python3.12/site-packages/airflow/example_dags/example_skip_dag.py
[2024-11-05T10:43:14.849+0000] {logging_mixin.py:190} INFO - [2024-11-05T10:43:14.849+0000] {dag.py:3239} INFO - Sync 1 DAGs
[2024-11-05T10:43:14.884+0000] {logging_mixin.py:190} INFO - [2024-11-05T10:43:14.884+0000] {dag.py:4180} INFO - Setting next_dagrun for example_skip_dag to 2024-11-04 00:00:00+00:00, run_after=2024-11-05 00:00:00+00:00
[2024-11-05T10:43:14.908+0000] {processor.py:208} INFO - Processing /home/airflow/.local/lib/python3.12/site-packages/airflow/example_dags/example_skip_dag.py took 0.120 seconds
[2024-11-05T10:43:44.949+0000] {processor.py:186} INFO - Started process (PID=899) to work on /home/airflow/.local/lib/python3.12/site-packages/airflow/example_dags/example_skip_dag.py
[2024-11-05T10:43:44.951+0000] {processor.py:914} INFO - Processing file /home/airflow/.local/lib/python3.12/site-packages/airflow/example_dags/example_skip_dag.py for tasks to queue
[2024-11-05T10:43:44.954+0000] {logging_mixin.py:190} INFO - [2024-11-05T10:43:44.953+0000] {dagbag.py:588} INFO - Filling up the DagBag from /home/airflow/.local/lib/python3.12/site-packages/airflow/example_dags/example_skip_dag.py
[2024-11-05T10:43:44.965+0000] {processor.py:925} INFO - DAG(s) 'example_skip_dag' retrieved from /home/airflow/.local/lib/python3.12/site-packages/airflow/example_dags/example_skip_dag.py
[2024-11-05T10:43:45.000+0000] {logging_mixin.py:190} INFO - [2024-11-05T10:43:45.000+0000] {dag.py:3239} INFO - Sync 1 DAGs
[2024-11-05T10:43:45.040+0000] {logging_mixin.py:190} INFO - [2024-11-05T10:43:45.040+0000] {dag.py:4180} INFO - Setting next_dagrun for example_skip_dag to 2024-11-04 00:00:00+00:00, run_after=2024-11-05 00:00:00+00:00
[2024-11-05T10:43:45.091+0000] {processor.py:208} INFO - Processing /home/airflow/.local/lib/python3.12/site-packages/airflow/example_dags/example_skip_dag.py took 0.148 seconds
[2024-11-05T10:44:15.850+0000] {processor.py:186} INFO - Started process (PID=963) to work on /home/airflow/.local/lib/python3.12/site-packages/airflow/example_dags/example_skip_dag.py
[2024-11-05T10:44:15.851+0000] {processor.py:914} INFO - Processing file /home/airflow/.local/lib/python3.12/site-packages/airflow/example_dags/example_skip_dag.py for tasks to queue
[2024-11-05T10:44:15.854+0000] {logging_mixin.py:190} INFO - [2024-11-05T10:44:15.853+0000] {dagbag.py:588} INFO - Filling up the DagBag from /home/airflow/.local/lib/python3.12/site-packages/airflow/example_dags/example_skip_dag.py
[2024-11-05T10:44:15.864+0000] {processor.py:925} INFO - DAG(s) 'example_skip_dag' retrieved from /home/airflow/.local/lib/python3.12/site-packages/airflow/example_dags/example_skip_dag.py
[2024-11-05T10:44:15.895+0000] {logging_mixin.py:190} INFO - [2024-11-05T10:44:15.894+0000] {dag.py:3239} INFO - Sync 1 DAGs
[2024-11-05T10:44:15.930+0000] {logging_mixin.py:190} INFO - [2024-11-05T10:44:15.930+0000] {dag.py:4180} INFO - Setting next_dagrun for example_skip_dag to 2024-11-04 00:00:00+00:00, run_after=2024-11-05 00:00:00+00:00
[2024-11-05T10:44:15.957+0000] {processor.py:208} INFO - Processing /home/airflow/.local/lib/python3.12/site-packages/airflow/example_dags/example_skip_dag.py took 0.114 seconds
[2024-11-05T10:44:46.157+0000] {processor.py:186} INFO - Started process (PID=1026) to work on /home/airflow/.local/lib/python3.12/site-packages/airflow/example_dags/example_skip_dag.py
[2024-11-05T10:44:46.158+0000] {processor.py:914} INFO - Processing file /home/airflow/.local/lib/python3.12/site-packages/airflow/example_dags/example_skip_dag.py for tasks to queue
[2024-11-05T10:44:46.163+0000] {logging_mixin.py:190} INFO - [2024-11-05T10:44:46.162+0000] {dagbag.py:588} INFO - Filling up the DagBag from /home/airflow/.local/lib/python3.12/site-packages/airflow/example_dags/example_skip_dag.py
[2024-11-05T10:44:46.174+0000] {processor.py:925} INFO - DAG(s) 'example_skip_dag' retrieved from /home/airflow/.local/lib/python3.12/site-packages/airflow/example_dags/example_skip_dag.py
[2024-11-05T10:44:46.206+0000] {logging_mixin.py:190} INFO - [2024-11-05T10:44:46.206+0000] {dag.py:3239} INFO - Sync 1 DAGs
[2024-11-05T10:44:46.243+0000] {logging_mixin.py:190} INFO - [2024-11-05T10:44:46.243+0000] {dag.py:4180} INFO - Setting next_dagrun for example_skip_dag to 2024-11-04 00:00:00+00:00, run_after=2024-11-05 00:00:00+00:00
[2024-11-05T10:44:46.268+0000] {processor.py:208} INFO - Processing /home/airflow/.local/lib/python3.12/site-packages/airflow/example_dags/example_skip_dag.py took 0.117 seconds
[2024-11-05T10:45:17.289+0000] {processor.py:186} INFO - Started process (PID=1089) to work on /home/airflow/.local/lib/python3.12/site-packages/airflow/example_dags/example_skip_dag.py
[2024-11-05T10:45:17.291+0000] {processor.py:914} INFO - Processing file /home/airflow/.local/lib/python3.12/site-packages/airflow/example_dags/example_skip_dag.py for tasks to queue
[2024-11-05T10:45:17.293+0000] {logging_mixin.py:190} INFO - [2024-11-05T10:45:17.293+0000] {dagbag.py:588} INFO - Filling up the DagBag from /home/airflow/.local/lib/python3.12/site-packages/airflow/example_dags/example_skip_dag.py
[2024-11-05T10:45:17.301+0000] {processor.py:925} INFO - DAG(s) 'example_skip_dag' retrieved from /home/airflow/.local/lib/python3.12/site-packages/airflow/example_dags/example_skip_dag.py
[2024-11-05T10:45:17.327+0000] {logging_mixin.py:190} INFO - [2024-11-05T10:45:17.327+0000] {dag.py:3239} INFO - Sync 1 DAGs
[2024-11-05T10:45:17.359+0000] {logging_mixin.py:190} INFO - [2024-11-05T10:45:17.358+0000] {dag.py:4180} INFO - Setting next_dagrun for example_skip_dag to 2024-11-04 00:00:00+00:00, run_after=2024-11-05 00:00:00+00:00
[2024-11-05T10:45:17.400+0000] {processor.py:208} INFO - Processing /home/airflow/.local/lib/python3.12/site-packages/airflow/example_dags/example_skip_dag.py took 0.119 seconds
[2024-11-05T10:45:47.497+0000] {processor.py:186} INFO - Started process (PID=1151) to work on /home/airflow/.local/lib/python3.12/site-packages/airflow/example_dags/example_skip_dag.py
[2024-11-05T10:45:47.498+0000] {processor.py:914} INFO - Processing file /home/airflow/.local/lib/python3.12/site-packages/airflow/example_dags/example_skip_dag.py for tasks to queue
[2024-11-05T10:45:47.502+0000] {logging_mixin.py:190} INFO - [2024-11-05T10:45:47.501+0000] {dagbag.py:588} INFO - Filling up the DagBag from /home/airflow/.local/lib/python3.12/site-packages/airflow/example_dags/example_skip_dag.py
[2024-11-05T10:45:47.512+0000] {processor.py:925} INFO - DAG(s) 'example_skip_dag' retrieved from /home/airflow/.local/lib/python3.12/site-packages/airflow/example_dags/example_skip_dag.py
[2024-11-05T10:45:47.541+0000] {logging_mixin.py:190} INFO - [2024-11-05T10:45:47.541+0000] {dag.py:3239} INFO - Sync 1 DAGs
[2024-11-05T10:45:47.569+0000] {logging_mixin.py:190} INFO - [2024-11-05T10:45:47.569+0000] {dag.py:4180} INFO - Setting next_dagrun for example_skip_dag to 2024-11-04 00:00:00+00:00, run_after=2024-11-05 00:00:00+00:00
[2024-11-05T10:45:47.589+0000] {processor.py:208} INFO - Processing /home/airflow/.local/lib/python3.12/site-packages/airflow/example_dags/example_skip_dag.py took 0.098 seconds
[2024-11-05T10:46:18.398+0000] {processor.py:186} INFO - Started process (PID=1215) to work on /home/airflow/.local/lib/python3.12/site-packages/airflow/example_dags/example_skip_dag.py
[2024-11-05T10:46:18.400+0000] {processor.py:914} INFO - Processing file /home/airflow/.local/lib/python3.12/site-packages/airflow/example_dags/example_skip_dag.py for tasks to queue
[2024-11-05T10:46:18.404+0000] {logging_mixin.py:190} INFO - [2024-11-05T10:46:18.403+0000] {dagbag.py:588} INFO - Filling up the DagBag from /home/airflow/.local/lib/python3.12/site-packages/airflow/example_dags/example_skip_dag.py
[2024-11-05T10:46:18.417+0000] {processor.py:925} INFO - DAG(s) 'example_skip_dag' retrieved from /home/airflow/.local/lib/python3.12/site-packages/airflow/example_dags/example_skip_dag.py
[2024-11-05T10:46:18.458+0000] {logging_mixin.py:190} INFO - [2024-11-05T10:46:18.458+0000] {dag.py:3239} INFO - Sync 1 DAGs
[2024-11-05T10:46:18.488+0000] {logging_mixin.py:190} INFO - [2024-11-05T10:46:18.488+0000] {dag.py:4180} INFO - Setting next_dagrun for example_skip_dag to 2024-11-04 00:00:00+00:00, run_after=2024-11-05 00:00:00+00:00
[2024-11-05T10:46:18.511+0000] {processor.py:208} INFO - Processing /home/airflow/.local/lib/python3.12/site-packages/airflow/example_dags/example_skip_dag.py took 0.122 seconds
[2024-11-05T10:46:49.394+0000] {processor.py:186} INFO - Started process (PID=1277) to work on /home/airflow/.local/lib/python3.12/site-packages/airflow/example_dags/example_skip_dag.py
[2024-11-05T10:46:49.396+0000] {processor.py:914} INFO - Processing file /home/airflow/.local/lib/python3.12/site-packages/airflow/example_dags/example_skip_dag.py for tasks to queue
[2024-11-05T10:46:49.399+0000] {logging_mixin.py:190} INFO - [2024-11-05T10:46:49.398+0000] {dagbag.py:588} INFO - Filling up the DagBag from /home/airflow/.local/lib/python3.12/site-packages/airflow/example_dags/example_skip_dag.py
[2024-11-05T10:46:49.412+0000] {processor.py:925} INFO - DAG(s) 'example_skip_dag' retrieved from /home/airflow/.local/lib/python3.12/site-packages/airflow/example_dags/example_skip_dag.py
[2024-11-05T10:46:49.446+0000] {logging_mixin.py:190} INFO - [2024-11-05T10:46:49.446+0000] {dag.py:3239} INFO - Sync 1 DAGs
[2024-11-05T10:46:49.488+0000] {logging_mixin.py:190} INFO - [2024-11-05T10:46:49.487+0000] {dag.py:4180} INFO - Setting next_dagrun for example_skip_dag to 2024-11-04 00:00:00+00:00, run_after=2024-11-05 00:00:00+00:00
[2024-11-05T10:46:49.516+0000] {processor.py:208} INFO - Processing /home/airflow/.local/lib/python3.12/site-packages/airflow/example_dags/example_skip_dag.py took 0.131 seconds
[2024-11-05T10:47:19.795+0000] {processor.py:186} INFO - Started process (PID=1339) to work on /home/airflow/.local/lib/python3.12/site-packages/airflow/example_dags/example_skip_dag.py
[2024-11-05T10:47:19.796+0000] {processor.py:914} INFO - Processing file /home/airflow/.local/lib/python3.12/site-packages/airflow/example_dags/example_skip_dag.py for tasks to queue
[2024-11-05T10:47:19.802+0000] {logging_mixin.py:190} INFO - [2024-11-05T10:47:19.801+0000] {dagbag.py:588} INFO - Filling up the DagBag from /home/airflow/.local/lib/python3.12/site-packages/airflow/example_dags/example_skip_dag.py
[2024-11-05T10:47:19.810+0000] {processor.py:925} INFO - DAG(s) 'example_skip_dag' retrieved from /home/airflow/.local/lib/python3.12/site-packages/airflow/example_dags/example_skip_dag.py
[2024-11-05T10:47:19.844+0000] {logging_mixin.py:190} INFO - [2024-11-05T10:47:19.844+0000] {dag.py:3239} INFO - Sync 1 DAGs
[2024-11-05T10:47:19.892+0000] {logging_mixin.py:190} INFO - [2024-11-05T10:47:19.892+0000] {dag.py:4180} INFO - Setting next_dagrun for example_skip_dag to 2024-11-04 00:00:00+00:00, run_after=2024-11-05 00:00:00+00:00
[2024-11-05T10:47:19.924+0000] {processor.py:208} INFO - Processing /home/airflow/.local/lib/python3.12/site-packages/airflow/example_dags/example_skip_dag.py took 0.135 seconds
[2024-11-05T10:47:50.218+0000] {processor.py:186} INFO - Started process (PID=1402) to work on /home/airflow/.local/lib/python3.12/site-packages/airflow/example_dags/example_skip_dag.py
[2024-11-05T10:47:50.219+0000] {processor.py:914} INFO - Processing file /home/airflow/.local/lib/python3.12/site-packages/airflow/example_dags/example_skip_dag.py for tasks to queue
[2024-11-05T10:47:50.222+0000] {logging_mixin.py:190} INFO - [2024-11-05T10:47:50.222+0000] {dagbag.py:588} INFO - Filling up the DagBag from /home/airflow/.local/lib/python3.12/site-packages/airflow/example_dags/example_skip_dag.py
[2024-11-05T10:47:50.235+0000] {processor.py:925} INFO - DAG(s) 'example_skip_dag' retrieved from /home/airflow/.local/lib/python3.12/site-packages/airflow/example_dags/example_skip_dag.py
[2024-11-05T10:47:50.274+0000] {logging_mixin.py:190} INFO - [2024-11-05T10:47:50.274+0000] {dag.py:3239} INFO - Sync 1 DAGs
[2024-11-05T10:47:50.316+0000] {logging_mixin.py:190} INFO - [2024-11-05T10:47:50.316+0000] {dag.py:4180} INFO - Setting next_dagrun for example_skip_dag to 2024-11-04 00:00:00+00:00, run_after=2024-11-05 00:00:00+00:00
[2024-11-05T10:47:50.390+0000] {processor.py:208} INFO - Processing /home/airflow/.local/lib/python3.12/site-packages/airflow/example_dags/example_skip_dag.py took 0.181 seconds
[2024-11-05T10:48:21.186+0000] {processor.py:186} INFO - Started process (PID=1464) to work on /home/airflow/.local/lib/python3.12/site-packages/airflow/example_dags/example_skip_dag.py
[2024-11-05T10:48:21.188+0000] {processor.py:914} INFO - Processing file /home/airflow/.local/lib/python3.12/site-packages/airflow/example_dags/example_skip_dag.py for tasks to queue
[2024-11-05T10:48:21.192+0000] {logging_mixin.py:190} INFO - [2024-11-05T10:48:21.191+0000] {dagbag.py:588} INFO - Filling up the DagBag from /home/airflow/.local/lib/python3.12/site-packages/airflow/example_dags/example_skip_dag.py
[2024-11-05T10:48:21.208+0000] {processor.py:925} INFO - DAG(s) 'example_skip_dag' retrieved from /home/airflow/.local/lib/python3.12/site-packages/airflow/example_dags/example_skip_dag.py
[2024-11-05T10:48:21.258+0000] {logging_mixin.py:190} INFO - [2024-11-05T10:48:21.257+0000] {dag.py:3239} INFO - Sync 1 DAGs
[2024-11-05T10:48:21.309+0000] {logging_mixin.py:190} INFO - [2024-11-05T10:48:21.308+0000] {dag.py:4180} INFO - Setting next_dagrun for example_skip_dag to 2024-11-04 00:00:00+00:00, run_after=2024-11-05 00:00:00+00:00
[2024-11-05T10:48:21.351+0000] {processor.py:208} INFO - Processing /home/airflow/.local/lib/python3.12/site-packages/airflow/example_dags/example_skip_dag.py took 0.174 seconds
[2024-11-05T10:48:51.598+0000] {processor.py:186} INFO - Started process (PID=1527) to work on /home/airflow/.local/lib/python3.12/site-packages/airflow/example_dags/example_skip_dag.py
[2024-11-05T10:48:51.600+0000] {processor.py:914} INFO - Processing file /home/airflow/.local/lib/python3.12/site-packages/airflow/example_dags/example_skip_dag.py for tasks to queue
[2024-11-05T10:48:51.606+0000] {logging_mixin.py:190} INFO - [2024-11-05T10:48:51.605+0000] {dagbag.py:588} INFO - Filling up the DagBag from /home/airflow/.local/lib/python3.12/site-packages/airflow/example_dags/example_skip_dag.py
[2024-11-05T10:48:51.636+0000] {processor.py:925} INFO - DAG(s) 'example_skip_dag' retrieved from /home/airflow/.local/lib/python3.12/site-packages/airflow/example_dags/example_skip_dag.py
[2024-11-05T10:48:51.693+0000] {logging_mixin.py:190} INFO - [2024-11-05T10:48:51.693+0000] {dag.py:3239} INFO - Sync 1 DAGs
[2024-11-05T10:48:51.772+0000] {logging_mixin.py:190} INFO - [2024-11-05T10:48:51.772+0000] {dag.py:4180} INFO - Setting next_dagrun for example_skip_dag to 2024-11-04 00:00:00+00:00, run_after=2024-11-05 00:00:00+00:00
[2024-11-05T10:48:51.820+0000] {processor.py:208} INFO - Processing /home/airflow/.local/lib/python3.12/site-packages/airflow/example_dags/example_skip_dag.py took 0.239 seconds
[2024-11-05T10:49:22.191+0000] {processor.py:186} INFO - Started process (PID=1589) to work on /home/airflow/.local/lib/python3.12/site-packages/airflow/example_dags/example_skip_dag.py
[2024-11-05T10:49:22.194+0000] {processor.py:914} INFO - Processing file /home/airflow/.local/lib/python3.12/site-packages/airflow/example_dags/example_skip_dag.py for tasks to queue
[2024-11-05T10:49:22.201+0000] {logging_mixin.py:190} INFO - [2024-11-05T10:49:22.200+0000] {dagbag.py:588} INFO - Filling up the DagBag from /home/airflow/.local/lib/python3.12/site-packages/airflow/example_dags/example_skip_dag.py
[2024-11-05T10:49:22.217+0000] {processor.py:925} INFO - DAG(s) 'example_skip_dag' retrieved from /home/airflow/.local/lib/python3.12/site-packages/airflow/example_dags/example_skip_dag.py
[2024-11-05T10:49:22.271+0000] {logging_mixin.py:190} INFO - [2024-11-05T10:49:22.270+0000] {dag.py:3239} INFO - Sync 1 DAGs
[2024-11-05T10:49:22.317+0000] {logging_mixin.py:190} INFO - [2024-11-05T10:49:22.317+0000] {dag.py:4180} INFO - Setting next_dagrun for example_skip_dag to 2024-11-04 00:00:00+00:00, run_after=2024-11-05 00:00:00+00:00
[2024-11-05T10:49:22.359+0000] {processor.py:208} INFO - Processing /home/airflow/.local/lib/python3.12/site-packages/airflow/example_dags/example_skip_dag.py took 0.178 seconds
[2024-11-05T10:49:52.732+0000] {processor.py:186} INFO - Started process (PID=1652) to work on /home/airflow/.local/lib/python3.12/site-packages/airflow/example_dags/example_skip_dag.py
[2024-11-05T10:49:52.733+0000] {processor.py:914} INFO - Processing file /home/airflow/.local/lib/python3.12/site-packages/airflow/example_dags/example_skip_dag.py for tasks to queue
[2024-11-05T10:49:52.735+0000] {logging_mixin.py:190} INFO - [2024-11-05T10:49:52.735+0000] {dagbag.py:588} INFO - Filling up the DagBag from /home/airflow/.local/lib/python3.12/site-packages/airflow/example_dags/example_skip_dag.py
[2024-11-05T10:49:52.744+0000] {processor.py:925} INFO - DAG(s) 'example_skip_dag' retrieved from /home/airflow/.local/lib/python3.12/site-packages/airflow/example_dags/example_skip_dag.py
[2024-11-05T10:49:52.771+0000] {logging_mixin.py:190} INFO - [2024-11-05T10:49:52.771+0000] {dag.py:3239} INFO - Sync 1 DAGs
[2024-11-05T10:49:52.807+0000] {logging_mixin.py:190} INFO - [2024-11-05T10:49:52.806+0000] {dag.py:4180} INFO - Setting next_dagrun for example_skip_dag to 2024-11-04 00:00:00+00:00, run_after=2024-11-05 00:00:00+00:00
[2024-11-05T10:49:52.833+0000] {processor.py:208} INFO - Processing /home/airflow/.local/lib/python3.12/site-packages/airflow/example_dags/example_skip_dag.py took 0.109 seconds
[2024-11-05T10:50:22.921+0000] {processor.py:186} INFO - Started process (PID=1715) to work on /home/airflow/.local/lib/python3.12/site-packages/airflow/example_dags/example_skip_dag.py
[2024-11-05T10:50:22.923+0000] {processor.py:914} INFO - Processing file /home/airflow/.local/lib/python3.12/site-packages/airflow/example_dags/example_skip_dag.py for tasks to queue
[2024-11-05T10:50:22.926+0000] {logging_mixin.py:190} INFO - [2024-11-05T10:50:22.925+0000] {dagbag.py:588} INFO - Filling up the DagBag from /home/airflow/.local/lib/python3.12/site-packages/airflow/example_dags/example_skip_dag.py
[2024-11-05T10:50:22.934+0000] {processor.py:925} INFO - DAG(s) 'example_skip_dag' retrieved from /home/airflow/.local/lib/python3.12/site-packages/airflow/example_dags/example_skip_dag.py
[2024-11-05T10:50:22.958+0000] {logging_mixin.py:190} INFO - [2024-11-05T10:50:22.958+0000] {dag.py:3239} INFO - Sync 1 DAGs
[2024-11-05T10:50:22.986+0000] {logging_mixin.py:190} INFO - [2024-11-05T10:50:22.985+0000] {dag.py:4180} INFO - Setting next_dagrun for example_skip_dag to 2024-11-04 00:00:00+00:00, run_after=2024-11-05 00:00:00+00:00
[2024-11-05T10:50:23.009+0000] {processor.py:208} INFO - Processing /home/airflow/.local/lib/python3.12/site-packages/airflow/example_dags/example_skip_dag.py took 0.095 seconds
[2024-11-05T10:50:53.593+0000] {processor.py:186} INFO - Started process (PID=1777) to work on /home/airflow/.local/lib/python3.12/site-packages/airflow/example_dags/example_skip_dag.py
[2024-11-05T10:50:53.594+0000] {processor.py:914} INFO - Processing file /home/airflow/.local/lib/python3.12/site-packages/airflow/example_dags/example_skip_dag.py for tasks to queue
[2024-11-05T10:50:53.597+0000] {logging_mixin.py:190} INFO - [2024-11-05T10:50:53.597+0000] {dagbag.py:588} INFO - Filling up the DagBag from /home/airflow/.local/lib/python3.12/site-packages/airflow/example_dags/example_skip_dag.py
[2024-11-05T10:50:53.611+0000] {processor.py:925} INFO - DAG(s) 'example_skip_dag' retrieved from /home/airflow/.local/lib/python3.12/site-packages/airflow/example_dags/example_skip_dag.py
[2024-11-05T10:50:53.646+0000] {logging_mixin.py:190} INFO - [2024-11-05T10:50:53.646+0000] {dag.py:3239} INFO - Sync 1 DAGs
[2024-11-05T10:50:53.684+0000] {logging_mixin.py:190} INFO - [2024-11-05T10:50:53.683+0000] {dag.py:4180} INFO - Setting next_dagrun for example_skip_dag to 2024-11-04 00:00:00+00:00, run_after=2024-11-05 00:00:00+00:00
[2024-11-05T10:50:53.714+0000] {processor.py:208} INFO - Processing /home/airflow/.local/lib/python3.12/site-packages/airflow/example_dags/example_skip_dag.py took 0.127 seconds
[2024-11-05T10:51:24.349+0000] {processor.py:186} INFO - Started process (PID=1840) to work on /home/airflow/.local/lib/python3.12/site-packages/airflow/example_dags/example_skip_dag.py
[2024-11-05T10:51:24.351+0000] {processor.py:914} INFO - Processing file /home/airflow/.local/lib/python3.12/site-packages/airflow/example_dags/example_skip_dag.py for tasks to queue
[2024-11-05T10:51:24.354+0000] {logging_mixin.py:190} INFO - [2024-11-05T10:51:24.354+0000] {dagbag.py:588} INFO - Filling up the DagBag from /home/airflow/.local/lib/python3.12/site-packages/airflow/example_dags/example_skip_dag.py
[2024-11-05T10:51:24.368+0000] {processor.py:925} INFO - DAG(s) 'example_skip_dag' retrieved from /home/airflow/.local/lib/python3.12/site-packages/airflow/example_dags/example_skip_dag.py
[2024-11-05T10:51:24.416+0000] {logging_mixin.py:190} INFO - [2024-11-05T10:51:24.416+0000] {dag.py:3239} INFO - Sync 1 DAGs
[2024-11-05T10:51:24.475+0000] {logging_mixin.py:190} INFO - [2024-11-05T10:51:24.474+0000] {dag.py:4180} INFO - Setting next_dagrun for example_skip_dag to 2024-11-04 00:00:00+00:00, run_after=2024-11-05 00:00:00+00:00
[2024-11-05T10:51:24.496+0000] {processor.py:208} INFO - Processing /home/airflow/.local/lib/python3.12/site-packages/airflow/example_dags/example_skip_dag.py took 0.155 seconds
[2024-11-05T10:51:55.185+0000] {processor.py:186} INFO - Started process (PID=1903) to work on /home/airflow/.local/lib/python3.12/site-packages/airflow/example_dags/example_skip_dag.py
[2024-11-05T10:51:55.186+0000] {processor.py:914} INFO - Processing file /home/airflow/.local/lib/python3.12/site-packages/airflow/example_dags/example_skip_dag.py for tasks to queue
[2024-11-05T10:51:55.190+0000] {logging_mixin.py:190} INFO - [2024-11-05T10:51:55.189+0000] {dagbag.py:588} INFO - Filling up the DagBag from /home/airflow/.local/lib/python3.12/site-packages/airflow/example_dags/example_skip_dag.py
[2024-11-05T10:51:55.202+0000] {processor.py:925} INFO - DAG(s) 'example_skip_dag' retrieved from /home/airflow/.local/lib/python3.12/site-packages/airflow/example_dags/example_skip_dag.py
[2024-11-05T10:51:55.233+0000] {logging_mixin.py:190} INFO - [2024-11-05T10:51:55.232+0000] {dag.py:3239} INFO - Sync 1 DAGs
[2024-11-05T10:51:55.265+0000] {logging_mixin.py:190} INFO - [2024-11-05T10:51:55.264+0000] {dag.py:4180} INFO - Setting next_dagrun for example_skip_dag to 2024-11-04 00:00:00+00:00, run_after=2024-11-05 00:00:00+00:00
[2024-11-05T10:51:55.294+0000] {processor.py:208} INFO - Processing /home/airflow/.local/lib/python3.12/site-packages/airflow/example_dags/example_skip_dag.py took 0.115 seconds
[2024-11-05T10:52:25.488+0000] {processor.py:186} INFO - Started process (PID=1967) to work on /home/airflow/.local/lib/python3.12/site-packages/airflow/example_dags/example_skip_dag.py
[2024-11-05T10:52:25.489+0000] {processor.py:914} INFO - Processing file /home/airflow/.local/lib/python3.12/site-packages/airflow/example_dags/example_skip_dag.py for tasks to queue
[2024-11-05T10:52:25.492+0000] {logging_mixin.py:190} INFO - [2024-11-05T10:52:25.492+0000] {dagbag.py:588} INFO - Filling up the DagBag from /home/airflow/.local/lib/python3.12/site-packages/airflow/example_dags/example_skip_dag.py
[2024-11-05T10:52:25.502+0000] {processor.py:925} INFO - DAG(s) 'example_skip_dag' retrieved from /home/airflow/.local/lib/python3.12/site-packages/airflow/example_dags/example_skip_dag.py
[2024-11-05T10:52:25.535+0000] {logging_mixin.py:190} INFO - [2024-11-05T10:52:25.535+0000] {dag.py:3239} INFO - Sync 1 DAGs
[2024-11-05T10:52:25.568+0000] {logging_mixin.py:190} INFO - [2024-11-05T10:52:25.567+0000] {dag.py:4180} INFO - Setting next_dagrun for example_skip_dag to 2024-11-04 00:00:00+00:00, run_after=2024-11-05 00:00:00+00:00
[2024-11-05T10:52:25.592+0000] {processor.py:208} INFO - Processing /home/airflow/.local/lib/python3.12/site-packages/airflow/example_dags/example_skip_dag.py took 0.111 seconds
[2024-11-05T10:52:56.010+0000] {processor.py:186} INFO - Started process (PID=2030) to work on /home/airflow/.local/lib/python3.12/site-packages/airflow/example_dags/example_skip_dag.py
[2024-11-05T10:52:56.011+0000] {processor.py:914} INFO - Processing file /home/airflow/.local/lib/python3.12/site-packages/airflow/example_dags/example_skip_dag.py for tasks to queue
[2024-11-05T10:52:56.014+0000] {logging_mixin.py:190} INFO - [2024-11-05T10:52:56.014+0000] {dagbag.py:588} INFO - Filling up the DagBag from /home/airflow/.local/lib/python3.12/site-packages/airflow/example_dags/example_skip_dag.py
[2024-11-05T10:52:56.025+0000] {processor.py:925} INFO - DAG(s) 'example_skip_dag' retrieved from /home/airflow/.local/lib/python3.12/site-packages/airflow/example_dags/example_skip_dag.py
[2024-11-05T10:52:56.051+0000] {logging_mixin.py:190} INFO - [2024-11-05T10:52:56.050+0000] {dag.py:3239} INFO - Sync 1 DAGs
[2024-11-05T10:52:56.077+0000] {logging_mixin.py:190} INFO - [2024-11-05T10:52:56.076+0000] {dag.py:4180} INFO - Setting next_dagrun for example_skip_dag to 2024-11-04 00:00:00+00:00, run_after=2024-11-05 00:00:00+00:00
[2024-11-05T10:52:56.099+0000] {processor.py:208} INFO - Processing /home/airflow/.local/lib/python3.12/site-packages/airflow/example_dags/example_skip_dag.py took 0.098 seconds
[2024-11-05T10:53:26.493+0000] {processor.py:186} INFO - Started process (PID=2093) to work on /home/airflow/.local/lib/python3.12/site-packages/airflow/example_dags/example_skip_dag.py
[2024-11-05T10:53:26.495+0000] {processor.py:914} INFO - Processing file /home/airflow/.local/lib/python3.12/site-packages/airflow/example_dags/example_skip_dag.py for tasks to queue
[2024-11-05T10:53:26.498+0000] {logging_mixin.py:190} INFO - [2024-11-05T10:53:26.498+0000] {dagbag.py:588} INFO - Filling up the DagBag from /home/airflow/.local/lib/python3.12/site-packages/airflow/example_dags/example_skip_dag.py
[2024-11-05T10:53:26.511+0000] {processor.py:925} INFO - DAG(s) 'example_skip_dag' retrieved from /home/airflow/.local/lib/python3.12/site-packages/airflow/example_dags/example_skip_dag.py
[2024-11-05T10:53:26.559+0000] {logging_mixin.py:190} INFO - [2024-11-05T10:53:26.558+0000] {dag.py:3239} INFO - Sync 1 DAGs
[2024-11-05T10:53:26.612+0000] {logging_mixin.py:190} INFO - [2024-11-05T10:53:26.611+0000] {dag.py:4180} INFO - Setting next_dagrun for example_skip_dag to 2024-11-04 00:00:00+00:00, run_after=2024-11-05 00:00:00+00:00
[2024-11-05T10:53:26.650+0000] {processor.py:208} INFO - Processing /home/airflow/.local/lib/python3.12/site-packages/airflow/example_dags/example_skip_dag.py took 0.166 seconds
[2024-11-05T10:53:56.725+0000] {processor.py:186} INFO - Started process (PID=2156) to work on /home/airflow/.local/lib/python3.12/site-packages/airflow/example_dags/example_skip_dag.py
[2024-11-05T10:53:56.726+0000] {processor.py:914} INFO - Processing file /home/airflow/.local/lib/python3.12/site-packages/airflow/example_dags/example_skip_dag.py for tasks to queue
[2024-11-05T10:53:56.729+0000] {logging_mixin.py:190} INFO - [2024-11-05T10:53:56.729+0000] {dagbag.py:588} INFO - Filling up the DagBag from /home/airflow/.local/lib/python3.12/site-packages/airflow/example_dags/example_skip_dag.py
[2024-11-05T10:53:56.742+0000] {processor.py:925} INFO - DAG(s) 'example_skip_dag' retrieved from /home/airflow/.local/lib/python3.12/site-packages/airflow/example_dags/example_skip_dag.py
[2024-11-05T10:53:56.768+0000] {logging_mixin.py:190} INFO - [2024-11-05T10:53:56.768+0000] {dag.py:3239} INFO - Sync 1 DAGs
[2024-11-05T10:53:56.798+0000] {logging_mixin.py:190} INFO - [2024-11-05T10:53:56.798+0000] {dag.py:4180} INFO - Setting next_dagrun for example_skip_dag to 2024-11-04 00:00:00+00:00, run_after=2024-11-05 00:00:00+00:00
[2024-11-05T10:53:56.821+0000] {processor.py:208} INFO - Processing /home/airflow/.local/lib/python3.12/site-packages/airflow/example_dags/example_skip_dag.py took 0.103 seconds
[2024-11-05T10:54:26.915+0000] {processor.py:186} INFO - Started process (PID=2219) to work on /home/airflow/.local/lib/python3.12/site-packages/airflow/example_dags/example_skip_dag.py
[2024-11-05T10:54:26.916+0000] {processor.py:914} INFO - Processing file /home/airflow/.local/lib/python3.12/site-packages/airflow/example_dags/example_skip_dag.py for tasks to queue
[2024-11-05T10:54:26.918+0000] {logging_mixin.py:190} INFO - [2024-11-05T10:54:26.918+0000] {dagbag.py:588} INFO - Filling up the DagBag from /home/airflow/.local/lib/python3.12/site-packages/airflow/example_dags/example_skip_dag.py
[2024-11-05T10:54:26.928+0000] {processor.py:925} INFO - DAG(s) 'example_skip_dag' retrieved from /home/airflow/.local/lib/python3.12/site-packages/airflow/example_dags/example_skip_dag.py
[2024-11-05T10:54:26.952+0000] {logging_mixin.py:190} INFO - [2024-11-05T10:54:26.952+0000] {dag.py:3239} INFO - Sync 1 DAGs
[2024-11-05T10:54:26.982+0000] {logging_mixin.py:190} INFO - [2024-11-05T10:54:26.982+0000] {dag.py:4180} INFO - Setting next_dagrun for example_skip_dag to 2024-11-04 00:00:00+00:00, run_after=2024-11-05 00:00:00+00:00
[2024-11-05T10:54:27.002+0000] {processor.py:208} INFO - Processing /home/airflow/.local/lib/python3.12/site-packages/airflow/example_dags/example_skip_dag.py took 0.093 seconds
