[2024-11-05T10:37:08.436+0000] {processor.py:186} INFO - Started process (PID=85) to work on /home/airflow/.local/lib/python3.12/site-packages/airflow/example_dags/example_dag_decorator.py
[2024-11-05T10:37:08.437+0000] {processor.py:914} INFO - Processing file /home/airflow/.local/lib/python3.12/site-packages/airflow/example_dags/example_dag_decorator.py for tasks to queue
[2024-11-05T10:37:08.439+0000] {logging_mixin.py:190} INFO - [2024-11-05T10:37:08.439+0000] {dagbag.py:588} INFO - Filling up the DagBag from /home/airflow/.local/lib/python3.12/site-packages/airflow/example_dags/example_dag_decorator.py
[2024-11-05T10:37:08.459+0000] {processor.py:925} INFO - DAG(s) 'example_dag_decorator' retrieved from /home/airflow/.local/lib/python3.12/site-packages/airflow/example_dags/example_dag_decorator.py
[2024-11-05T10:37:08.624+0000] {logging_mixin.py:190} INFO - [2024-11-05T10:37:08.623+0000] {override.py:1900} INFO - Created Permission View: can delete on DAG:example_dag_decorator
[2024-11-05T10:37:08.640+0000] {logging_mixin.py:190} INFO - [2024-11-05T10:37:08.639+0000] {override.py:1900} INFO - Created Permission View: can read on DAG:example_dag_decorator
[2024-11-05T10:37:08.650+0000] {logging_mixin.py:190} INFO - [2024-11-05T10:37:08.649+0000] {override.py:1900} INFO - Created Permission View: can edit on DAG:example_dag_decorator
[2024-11-05T10:37:08.660+0000] {logging_mixin.py:190} INFO - [2024-11-05T10:37:08.659+0000] {override.py:1900} INFO - Created Permission View: can delete on DAG Run:example_dag_decorator
[2024-11-05T10:37:08.671+0000] {logging_mixin.py:190} INFO - [2024-11-05T10:37:08.670+0000] {override.py:1900} INFO - Created Permission View: can create on DAG Run:example_dag_decorator
[2024-11-05T10:37:08.682+0000] {logging_mixin.py:190} INFO - [2024-11-05T10:37:08.681+0000] {override.py:1900} INFO - Created Permission View: can read on DAG Run:example_dag_decorator
[2024-11-05T10:37:08.694+0000] {logging_mixin.py:190} INFO - [2024-11-05T10:37:08.693+0000] {override.py:1900} INFO - Created Permission View: menu access on DAG Run:example_dag_decorator
[2024-11-05T10:37:08.695+0000] {logging_mixin.py:190} INFO - [2024-11-05T10:37:08.694+0000] {dag.py:3239} INFO - Sync 1 DAGs
[2024-11-05T10:37:08.714+0000] {logging_mixin.py:190} INFO - [2024-11-05T10:37:08.714+0000] {dag.py:3262} INFO - Creating ORM DAG for example_dag_decorator
[2024-11-05T10:37:08.715+0000] {logging_mixin.py:190} INFO - [2024-11-05T10:37:08.715+0000] {dag.py:4180} INFO - Setting next_dagrun for example_dag_decorator to None, run_after=None
[2024-11-05T10:37:08.744+0000] {processor.py:208} INFO - Processing /home/airflow/.local/lib/python3.12/site-packages/airflow/example_dags/example_dag_decorator.py took 0.314 seconds
[2024-11-05T10:37:39.166+0000] {processor.py:186} INFO - Started process (PID=147) to work on /home/airflow/.local/lib/python3.12/site-packages/airflow/example_dags/example_dag_decorator.py
[2024-11-05T10:37:39.167+0000] {processor.py:914} INFO - Processing file /home/airflow/.local/lib/python3.12/site-packages/airflow/example_dags/example_dag_decorator.py for tasks to queue
[2024-11-05T10:37:39.170+0000] {logging_mixin.py:190} INFO - [2024-11-05T10:37:39.169+0000] {dagbag.py:588} INFO - Filling up the DagBag from /home/airflow/.local/lib/python3.12/site-packages/airflow/example_dags/example_dag_decorator.py
[2024-11-05T10:37:39.191+0000] {processor.py:925} INFO - DAG(s) 'example_dag_decorator' retrieved from /home/airflow/.local/lib/python3.12/site-packages/airflow/example_dags/example_dag_decorator.py
[2024-11-05T10:37:39.372+0000] {logging_mixin.py:190} INFO - [2024-11-05T10:37:39.372+0000] {dag.py:3239} INFO - Sync 1 DAGs
[2024-11-05T10:37:39.389+0000] {logging_mixin.py:190} INFO - [2024-11-05T10:37:39.389+0000] {dag.py:4180} INFO - Setting next_dagrun for example_dag_decorator to None, run_after=None
[2024-11-05T10:37:39.412+0000] {processor.py:208} INFO - Processing /home/airflow/.local/lib/python3.12/site-packages/airflow/example_dags/example_dag_decorator.py took 0.253 seconds
[2024-11-05T10:38:09.504+0000] {processor.py:186} INFO - Started process (PID=211) to work on /home/airflow/.local/lib/python3.12/site-packages/airflow/example_dags/example_dag_decorator.py
[2024-11-05T10:38:09.505+0000] {processor.py:914} INFO - Processing file /home/airflow/.local/lib/python3.12/site-packages/airflow/example_dags/example_dag_decorator.py for tasks to queue
[2024-11-05T10:38:09.508+0000] {logging_mixin.py:190} INFO - [2024-11-05T10:38:09.507+0000] {dagbag.py:588} INFO - Filling up the DagBag from /home/airflow/.local/lib/python3.12/site-packages/airflow/example_dags/example_dag_decorator.py
[2024-11-05T10:38:09.529+0000] {processor.py:925} INFO - DAG(s) 'example_dag_decorator' retrieved from /home/airflow/.local/lib/python3.12/site-packages/airflow/example_dags/example_dag_decorator.py
[2024-11-05T10:38:09.706+0000] {logging_mixin.py:190} INFO - [2024-11-05T10:38:09.706+0000] {dag.py:3239} INFO - Sync 1 DAGs
[2024-11-05T10:38:09.729+0000] {logging_mixin.py:190} INFO - [2024-11-05T10:38:09.728+0000] {dag.py:4180} INFO - Setting next_dagrun for example_dag_decorator to None, run_after=None
[2024-11-05T10:38:09.750+0000] {processor.py:208} INFO - Processing /home/airflow/.local/lib/python3.12/site-packages/airflow/example_dags/example_dag_decorator.py took 0.252 seconds
[2024-11-05T10:38:40.288+0000] {processor.py:186} INFO - Started process (PID=276) to work on /home/airflow/.local/lib/python3.12/site-packages/airflow/example_dags/example_dag_decorator.py
[2024-11-05T10:38:40.289+0000] {processor.py:914} INFO - Processing file /home/airflow/.local/lib/python3.12/site-packages/airflow/example_dags/example_dag_decorator.py for tasks to queue
[2024-11-05T10:38:40.292+0000] {logging_mixin.py:190} INFO - [2024-11-05T10:38:40.291+0000] {dagbag.py:588} INFO - Filling up the DagBag from /home/airflow/.local/lib/python3.12/site-packages/airflow/example_dags/example_dag_decorator.py
[2024-11-05T10:38:40.312+0000] {processor.py:925} INFO - DAG(s) 'example_dag_decorator' retrieved from /home/airflow/.local/lib/python3.12/site-packages/airflow/example_dags/example_dag_decorator.py
[2024-11-05T10:38:40.487+0000] {logging_mixin.py:190} INFO - [2024-11-05T10:38:40.486+0000] {dag.py:3239} INFO - Sync 1 DAGs
[2024-11-05T10:38:40.512+0000] {logging_mixin.py:190} INFO - [2024-11-05T10:38:40.512+0000] {dag.py:4180} INFO - Setting next_dagrun for example_dag_decorator to None, run_after=None
[2024-11-05T10:38:40.541+0000] {processor.py:208} INFO - Processing /home/airflow/.local/lib/python3.12/site-packages/airflow/example_dags/example_dag_decorator.py took 0.259 seconds
[2024-11-05T10:39:11.184+0000] {processor.py:186} INFO - Started process (PID=335) to work on /home/airflow/.local/lib/python3.12/site-packages/airflow/example_dags/example_dag_decorator.py
[2024-11-05T10:39:11.186+0000] {processor.py:914} INFO - Processing file /home/airflow/.local/lib/python3.12/site-packages/airflow/example_dags/example_dag_decorator.py for tasks to queue
[2024-11-05T10:39:11.189+0000] {logging_mixin.py:190} INFO - [2024-11-05T10:39:11.189+0000] {dagbag.py:588} INFO - Filling up the DagBag from /home/airflow/.local/lib/python3.12/site-packages/airflow/example_dags/example_dag_decorator.py
[2024-11-05T10:39:11.220+0000] {processor.py:925} INFO - DAG(s) 'example_dag_decorator' retrieved from /home/airflow/.local/lib/python3.12/site-packages/airflow/example_dags/example_dag_decorator.py
[2024-11-05T10:39:11.471+0000] {logging_mixin.py:190} INFO - [2024-11-05T10:39:11.471+0000] {dag.py:3239} INFO - Sync 1 DAGs
[2024-11-05T10:39:11.491+0000] {logging_mixin.py:190} INFO - [2024-11-05T10:39:11.491+0000] {dag.py:4180} INFO - Setting next_dagrun for example_dag_decorator to None, run_after=None
[2024-11-05T10:39:11.519+0000] {processor.py:208} INFO - Processing /home/airflow/.local/lib/python3.12/site-packages/airflow/example_dags/example_dag_decorator.py took 0.345 seconds
[2024-11-05T10:39:41.848+0000] {processor.py:186} INFO - Started process (PID=397) to work on /home/airflow/.local/lib/python3.12/site-packages/airflow/example_dags/example_dag_decorator.py
[2024-11-05T10:39:41.849+0000] {processor.py:914} INFO - Processing file /home/airflow/.local/lib/python3.12/site-packages/airflow/example_dags/example_dag_decorator.py for tasks to queue
[2024-11-05T10:39:41.851+0000] {logging_mixin.py:190} INFO - [2024-11-05T10:39:41.851+0000] {dagbag.py:588} INFO - Filling up the DagBag from /home/airflow/.local/lib/python3.12/site-packages/airflow/example_dags/example_dag_decorator.py
[2024-11-05T10:39:41.880+0000] {processor.py:925} INFO - DAG(s) 'example_dag_decorator' retrieved from /home/airflow/.local/lib/python3.12/site-packages/airflow/example_dags/example_dag_decorator.py
[2024-11-05T10:39:42.048+0000] {logging_mixin.py:190} INFO - [2024-11-05T10:39:42.048+0000] {dag.py:3239} INFO - Sync 1 DAGs
[2024-11-05T10:39:42.062+0000] {logging_mixin.py:190} INFO - [2024-11-05T10:39:42.062+0000] {dag.py:4180} INFO - Setting next_dagrun for example_dag_decorator to None, run_after=None
[2024-11-05T10:39:42.083+0000] {processor.py:208} INFO - Processing /home/airflow/.local/lib/python3.12/site-packages/airflow/example_dags/example_dag_decorator.py took 0.241 seconds
[2024-11-05T10:40:12.284+0000] {processor.py:186} INFO - Started process (PID=462) to work on /home/airflow/.local/lib/python3.12/site-packages/airflow/example_dags/example_dag_decorator.py
[2024-11-05T10:40:12.285+0000] {processor.py:914} INFO - Processing file /home/airflow/.local/lib/python3.12/site-packages/airflow/example_dags/example_dag_decorator.py for tasks to queue
[2024-11-05T10:40:12.287+0000] {logging_mixin.py:190} INFO - [2024-11-05T10:40:12.287+0000] {dagbag.py:588} INFO - Filling up the DagBag from /home/airflow/.local/lib/python3.12/site-packages/airflow/example_dags/example_dag_decorator.py
[2024-11-05T10:40:12.315+0000] {processor.py:925} INFO - DAG(s) 'example_dag_decorator' retrieved from /home/airflow/.local/lib/python3.12/site-packages/airflow/example_dags/example_dag_decorator.py
[2024-11-05T10:40:12.503+0000] {logging_mixin.py:190} INFO - [2024-11-05T10:40:12.502+0000] {dag.py:3239} INFO - Sync 1 DAGs
[2024-11-05T10:40:12.522+0000] {logging_mixin.py:190} INFO - [2024-11-05T10:40:12.521+0000] {dag.py:4180} INFO - Setting next_dagrun for example_dag_decorator to None, run_after=None
[2024-11-05T10:40:12.552+0000] {processor.py:208} INFO - Processing /home/airflow/.local/lib/python3.12/site-packages/airflow/example_dags/example_dag_decorator.py took 0.274 seconds
[2024-11-05T10:40:42.706+0000] {processor.py:186} INFO - Started process (PID=525) to work on /home/airflow/.local/lib/python3.12/site-packages/airflow/example_dags/example_dag_decorator.py
[2024-11-05T10:40:42.707+0000] {processor.py:914} INFO - Processing file /home/airflow/.local/lib/python3.12/site-packages/airflow/example_dags/example_dag_decorator.py for tasks to queue
[2024-11-05T10:40:42.709+0000] {logging_mixin.py:190} INFO - [2024-11-05T10:40:42.709+0000] {dagbag.py:588} INFO - Filling up the DagBag from /home/airflow/.local/lib/python3.12/site-packages/airflow/example_dags/example_dag_decorator.py
[2024-11-05T10:40:42.729+0000] {processor.py:925} INFO - DAG(s) 'example_dag_decorator' retrieved from /home/airflow/.local/lib/python3.12/site-packages/airflow/example_dags/example_dag_decorator.py
[2024-11-05T10:40:42.893+0000] {logging_mixin.py:190} INFO - [2024-11-05T10:40:42.892+0000] {dag.py:3239} INFO - Sync 1 DAGs
[2024-11-05T10:40:42.911+0000] {logging_mixin.py:190} INFO - [2024-11-05T10:40:42.910+0000] {dag.py:4180} INFO - Setting next_dagrun for example_dag_decorator to None, run_after=None
[2024-11-05T10:40:42.936+0000] {processor.py:208} INFO - Processing /home/airflow/.local/lib/python3.12/site-packages/airflow/example_dags/example_dag_decorator.py took 0.236 seconds
[2024-11-05T10:41:12.969+0000] {processor.py:186} INFO - Started process (PID=589) to work on /home/airflow/.local/lib/python3.12/site-packages/airflow/example_dags/example_dag_decorator.py
[2024-11-05T10:41:12.970+0000] {processor.py:914} INFO - Processing file /home/airflow/.local/lib/python3.12/site-packages/airflow/example_dags/example_dag_decorator.py for tasks to queue
[2024-11-05T10:41:12.973+0000] {logging_mixin.py:190} INFO - [2024-11-05T10:41:12.972+0000] {dagbag.py:588} INFO - Filling up the DagBag from /home/airflow/.local/lib/python3.12/site-packages/airflow/example_dags/example_dag_decorator.py
[2024-11-05T10:41:12.993+0000] {processor.py:925} INFO - DAG(s) 'example_dag_decorator' retrieved from /home/airflow/.local/lib/python3.12/site-packages/airflow/example_dags/example_dag_decorator.py
[2024-11-05T10:41:13.170+0000] {logging_mixin.py:190} INFO - [2024-11-05T10:41:13.170+0000] {dag.py:3239} INFO - Sync 1 DAGs
[2024-11-05T10:41:13.191+0000] {logging_mixin.py:190} INFO - [2024-11-05T10:41:13.191+0000] {dag.py:4180} INFO - Setting next_dagrun for example_dag_decorator to None, run_after=None
[2024-11-05T10:41:13.218+0000] {processor.py:208} INFO - Processing /home/airflow/.local/lib/python3.12/site-packages/airflow/example_dags/example_dag_decorator.py took 0.255 seconds
[2024-11-05T10:41:43.300+0000] {processor.py:186} INFO - Started process (PID=653) to work on /home/airflow/.local/lib/python3.12/site-packages/airflow/example_dags/example_dag_decorator.py
[2024-11-05T10:41:43.300+0000] {processor.py:914} INFO - Processing file /home/airflow/.local/lib/python3.12/site-packages/airflow/example_dags/example_dag_decorator.py for tasks to queue
[2024-11-05T10:41:43.303+0000] {logging_mixin.py:190} INFO - [2024-11-05T10:41:43.302+0000] {dagbag.py:588} INFO - Filling up the DagBag from /home/airflow/.local/lib/python3.12/site-packages/airflow/example_dags/example_dag_decorator.py
[2024-11-05T10:41:43.322+0000] {processor.py:925} INFO - DAG(s) 'example_dag_decorator' retrieved from /home/airflow/.local/lib/python3.12/site-packages/airflow/example_dags/example_dag_decorator.py
[2024-11-05T10:41:43.487+0000] {logging_mixin.py:190} INFO - [2024-11-05T10:41:43.487+0000] {dag.py:3239} INFO - Sync 1 DAGs
[2024-11-05T10:41:43.502+0000] {logging_mixin.py:190} INFO - [2024-11-05T10:41:43.502+0000] {dag.py:4180} INFO - Setting next_dagrun for example_dag_decorator to None, run_after=None
[2024-11-05T10:41:43.525+0000] {processor.py:208} INFO - Processing /home/airflow/.local/lib/python3.12/site-packages/airflow/example_dags/example_dag_decorator.py took 0.231 seconds
[2024-11-05T10:42:13.901+0000] {processor.py:186} INFO - Started process (PID=716) to work on /home/airflow/.local/lib/python3.12/site-packages/airflow/example_dags/example_dag_decorator.py
[2024-11-05T10:42:13.902+0000] {processor.py:914} INFO - Processing file /home/airflow/.local/lib/python3.12/site-packages/airflow/example_dags/example_dag_decorator.py for tasks to queue
[2024-11-05T10:42:13.905+0000] {logging_mixin.py:190} INFO - [2024-11-05T10:42:13.904+0000] {dagbag.py:588} INFO - Filling up the DagBag from /home/airflow/.local/lib/python3.12/site-packages/airflow/example_dags/example_dag_decorator.py
[2024-11-05T10:42:13.923+0000] {processor.py:925} INFO - DAG(s) 'example_dag_decorator' retrieved from /home/airflow/.local/lib/python3.12/site-packages/airflow/example_dags/example_dag_decorator.py
[2024-11-05T10:42:14.062+0000] {logging_mixin.py:190} INFO - [2024-11-05T10:42:14.062+0000] {dag.py:3239} INFO - Sync 1 DAGs
[2024-11-05T10:42:14.074+0000] {logging_mixin.py:190} INFO - [2024-11-05T10:42:14.074+0000] {dag.py:4180} INFO - Setting next_dagrun for example_dag_decorator to None, run_after=None
[2024-11-05T10:42:14.095+0000] {processor.py:208} INFO - Processing /home/airflow/.local/lib/python3.12/site-packages/airflow/example_dags/example_dag_decorator.py took 0.200 seconds
[2024-11-05T10:42:44.278+0000] {processor.py:186} INFO - Started process (PID=776) to work on /home/airflow/.local/lib/python3.12/site-packages/airflow/example_dags/example_dag_decorator.py
[2024-11-05T10:42:44.278+0000] {processor.py:914} INFO - Processing file /home/airflow/.local/lib/python3.12/site-packages/airflow/example_dags/example_dag_decorator.py for tasks to queue
[2024-11-05T10:42:44.281+0000] {logging_mixin.py:190} INFO - [2024-11-05T10:42:44.281+0000] {dagbag.py:588} INFO - Filling up the DagBag from /home/airflow/.local/lib/python3.12/site-packages/airflow/example_dags/example_dag_decorator.py
[2024-11-05T10:42:44.303+0000] {processor.py:925} INFO - DAG(s) 'example_dag_decorator' retrieved from /home/airflow/.local/lib/python3.12/site-packages/airflow/example_dags/example_dag_decorator.py
[2024-11-05T10:42:44.477+0000] {logging_mixin.py:190} INFO - [2024-11-05T10:42:44.477+0000] {dag.py:3239} INFO - Sync 1 DAGs
[2024-11-05T10:42:44.493+0000] {logging_mixin.py:190} INFO - [2024-11-05T10:42:44.493+0000] {dag.py:4180} INFO - Setting next_dagrun for example_dag_decorator to None, run_after=None
[2024-11-05T10:42:44.517+0000] {processor.py:208} INFO - Processing /home/airflow/.local/lib/python3.12/site-packages/airflow/example_dags/example_dag_decorator.py took 0.246 seconds
[2024-11-05T10:43:14.963+0000] {processor.py:186} INFO - Started process (PID=837) to work on /home/airflow/.local/lib/python3.12/site-packages/airflow/example_dags/example_dag_decorator.py
[2024-11-05T10:43:14.965+0000] {processor.py:914} INFO - Processing file /home/airflow/.local/lib/python3.12/site-packages/airflow/example_dags/example_dag_decorator.py for tasks to queue
[2024-11-05T10:43:14.969+0000] {logging_mixin.py:190} INFO - [2024-11-05T10:43:14.968+0000] {dagbag.py:588} INFO - Filling up the DagBag from /home/airflow/.local/lib/python3.12/site-packages/airflow/example_dags/example_dag_decorator.py
[2024-11-05T10:43:15.010+0000] {processor.py:925} INFO - DAG(s) 'example_dag_decorator' retrieved from /home/airflow/.local/lib/python3.12/site-packages/airflow/example_dags/example_dag_decorator.py
[2024-11-05T10:43:15.048+0000] {logging_mixin.py:190} INFO - [2024-11-05T10:43:15.047+0000] {dag.py:3239} INFO - Sync 1 DAGs
[2024-11-05T10:43:15.066+0000] {logging_mixin.py:190} INFO - [2024-11-05T10:43:15.066+0000] {dag.py:4180} INFO - Setting next_dagrun for example_dag_decorator to None, run_after=None
[2024-11-05T10:43:15.094+0000] {processor.py:208} INFO - Processing /home/airflow/.local/lib/python3.12/site-packages/airflow/example_dags/example_dag_decorator.py took 0.142 seconds
[2024-11-05T10:43:45.183+0000] {processor.py:186} INFO - Started process (PID=901) to work on /home/airflow/.local/lib/python3.12/site-packages/airflow/example_dags/example_dag_decorator.py
[2024-11-05T10:43:45.185+0000] {processor.py:914} INFO - Processing file /home/airflow/.local/lib/python3.12/site-packages/airflow/example_dags/example_dag_decorator.py for tasks to queue
[2024-11-05T10:43:45.189+0000] {logging_mixin.py:190} INFO - [2024-11-05T10:43:45.188+0000] {dagbag.py:588} INFO - Filling up the DagBag from /home/airflow/.local/lib/python3.12/site-packages/airflow/example_dags/example_dag_decorator.py
[2024-11-05T10:43:45.244+0000] {processor.py:925} INFO - DAG(s) 'example_dag_decorator' retrieved from /home/airflow/.local/lib/python3.12/site-packages/airflow/example_dags/example_dag_decorator.py
[2024-11-05T10:43:45.539+0000] {logging_mixin.py:190} INFO - [2024-11-05T10:43:45.539+0000] {dag.py:3239} INFO - Sync 1 DAGs
[2024-11-05T10:43:45.565+0000] {logging_mixin.py:190} INFO - [2024-11-05T10:43:45.565+0000] {dag.py:4180} INFO - Setting next_dagrun for example_dag_decorator to None, run_after=None
[2024-11-05T10:43:45.598+0000] {processor.py:208} INFO - Processing /home/airflow/.local/lib/python3.12/site-packages/airflow/example_dags/example_dag_decorator.py took 0.435 seconds
[2024-11-05T10:44:15.989+0000] {processor.py:186} INFO - Started process (PID=965) to work on /home/airflow/.local/lib/python3.12/site-packages/airflow/example_dags/example_dag_decorator.py
[2024-11-05T10:44:15.990+0000] {processor.py:914} INFO - Processing file /home/airflow/.local/lib/python3.12/site-packages/airflow/example_dags/example_dag_decorator.py for tasks to queue
[2024-11-05T10:44:15.993+0000] {logging_mixin.py:190} INFO - [2024-11-05T10:44:15.992+0000] {dagbag.py:588} INFO - Filling up the DagBag from /home/airflow/.local/lib/python3.12/site-packages/airflow/example_dags/example_dag_decorator.py
[2024-11-05T10:44:16.014+0000] {processor.py:925} INFO - DAG(s) 'example_dag_decorator' retrieved from /home/airflow/.local/lib/python3.12/site-packages/airflow/example_dags/example_dag_decorator.py
[2024-11-05T10:44:16.178+0000] {logging_mixin.py:190} INFO - [2024-11-05T10:44:16.177+0000] {dag.py:3239} INFO - Sync 1 DAGs
[2024-11-05T10:44:16.200+0000] {logging_mixin.py:190} INFO - [2024-11-05T10:44:16.199+0000] {dag.py:4180} INFO - Setting next_dagrun for example_dag_decorator to None, run_after=None
[2024-11-05T10:44:16.226+0000] {processor.py:208} INFO - Processing /home/airflow/.local/lib/python3.12/site-packages/airflow/example_dags/example_dag_decorator.py took 0.245 seconds
[2024-11-05T10:44:46.427+0000] {processor.py:186} INFO - Started process (PID=1028) to work on /home/airflow/.local/lib/python3.12/site-packages/airflow/example_dags/example_dag_decorator.py
[2024-11-05T10:44:46.429+0000] {processor.py:914} INFO - Processing file /home/airflow/.local/lib/python3.12/site-packages/airflow/example_dags/example_dag_decorator.py for tasks to queue
[2024-11-05T10:44:46.432+0000] {logging_mixin.py:190} INFO - [2024-11-05T10:44:46.431+0000] {dagbag.py:588} INFO - Filling up the DagBag from /home/airflow/.local/lib/python3.12/site-packages/airflow/example_dags/example_dag_decorator.py
[2024-11-05T10:44:46.457+0000] {processor.py:925} INFO - DAG(s) 'example_dag_decorator' retrieved from /home/airflow/.local/lib/python3.12/site-packages/airflow/example_dags/example_dag_decorator.py
[2024-11-05T10:44:46.658+0000] {logging_mixin.py:190} INFO - [2024-11-05T10:44:46.658+0000] {dag.py:3239} INFO - Sync 1 DAGs
[2024-11-05T10:44:46.678+0000] {logging_mixin.py:190} INFO - [2024-11-05T10:44:46.678+0000] {dag.py:4180} INFO - Setting next_dagrun for example_dag_decorator to None, run_after=None
[2024-11-05T10:44:46.708+0000] {processor.py:208} INFO - Processing /home/airflow/.local/lib/python3.12/site-packages/airflow/example_dags/example_dag_decorator.py took 0.289 seconds
[2024-11-05T10:45:17.619+0000] {processor.py:186} INFO - Started process (PID=1091) to work on /home/airflow/.local/lib/python3.12/site-packages/airflow/example_dags/example_dag_decorator.py
[2024-11-05T10:45:17.621+0000] {processor.py:914} INFO - Processing file /home/airflow/.local/lib/python3.12/site-packages/airflow/example_dags/example_dag_decorator.py for tasks to queue
[2024-11-05T10:45:17.623+0000] {logging_mixin.py:190} INFO - [2024-11-05T10:45:17.622+0000] {dagbag.py:588} INFO - Filling up the DagBag from /home/airflow/.local/lib/python3.12/site-packages/airflow/example_dags/example_dag_decorator.py
[2024-11-05T10:45:17.643+0000] {processor.py:925} INFO - DAG(s) 'example_dag_decorator' retrieved from /home/airflow/.local/lib/python3.12/site-packages/airflow/example_dags/example_dag_decorator.py
[2024-11-05T10:45:17.830+0000] {logging_mixin.py:190} INFO - [2024-11-05T10:45:17.829+0000] {dag.py:3239} INFO - Sync 1 DAGs
[2024-11-05T10:45:17.847+0000] {logging_mixin.py:190} INFO - [2024-11-05T10:45:17.847+0000] {dag.py:4180} INFO - Setting next_dagrun for example_dag_decorator to None, run_after=None
[2024-11-05T10:45:17.876+0000] {processor.py:208} INFO - Processing /home/airflow/.local/lib/python3.12/site-packages/airflow/example_dags/example_dag_decorator.py took 0.263 seconds
[2024-11-05T10:45:48.089+0000] {processor.py:186} INFO - Started process (PID=1154) to work on /home/airflow/.local/lib/python3.12/site-packages/airflow/example_dags/example_dag_decorator.py
[2024-11-05T10:45:48.090+0000] {processor.py:914} INFO - Processing file /home/airflow/.local/lib/python3.12/site-packages/airflow/example_dags/example_dag_decorator.py for tasks to queue
[2024-11-05T10:45:48.094+0000] {logging_mixin.py:190} INFO - [2024-11-05T10:45:48.093+0000] {dagbag.py:588} INFO - Filling up the DagBag from /home/airflow/.local/lib/python3.12/site-packages/airflow/example_dags/example_dag_decorator.py
[2024-11-05T10:45:48.113+0000] {processor.py:925} INFO - DAG(s) 'example_dag_decorator' retrieved from /home/airflow/.local/lib/python3.12/site-packages/airflow/example_dags/example_dag_decorator.py
[2024-11-05T10:45:48.298+0000] {logging_mixin.py:190} INFO - [2024-11-05T10:45:48.297+0000] {dag.py:3239} INFO - Sync 1 DAGs
[2024-11-05T10:45:48.315+0000] {logging_mixin.py:190} INFO - [2024-11-05T10:45:48.314+0000] {dag.py:4180} INFO - Setting next_dagrun for example_dag_decorator to None, run_after=None
[2024-11-05T10:45:48.338+0000] {processor.py:208} INFO - Processing /home/airflow/.local/lib/python3.12/site-packages/airflow/example_dags/example_dag_decorator.py took 0.256 seconds
[2024-11-05T10:46:18.682+0000] {processor.py:186} INFO - Started process (PID=1217) to work on /home/airflow/.local/lib/python3.12/site-packages/airflow/example_dags/example_dag_decorator.py
[2024-11-05T10:46:18.683+0000] {processor.py:914} INFO - Processing file /home/airflow/.local/lib/python3.12/site-packages/airflow/example_dags/example_dag_decorator.py for tasks to queue
[2024-11-05T10:46:18.686+0000] {logging_mixin.py:190} INFO - [2024-11-05T10:46:18.686+0000] {dagbag.py:588} INFO - Filling up the DagBag from /home/airflow/.local/lib/python3.12/site-packages/airflow/example_dags/example_dag_decorator.py
[2024-11-05T10:46:18.719+0000] {processor.py:925} INFO - DAG(s) 'example_dag_decorator' retrieved from /home/airflow/.local/lib/python3.12/site-packages/airflow/example_dags/example_dag_decorator.py
[2024-11-05T10:46:19.021+0000] {logging_mixin.py:190} INFO - [2024-11-05T10:46:19.020+0000] {dag.py:3239} INFO - Sync 1 DAGs
[2024-11-05T10:46:19.043+0000] {logging_mixin.py:190} INFO - [2024-11-05T10:46:19.043+0000] {dag.py:4180} INFO - Setting next_dagrun for example_dag_decorator to None, run_after=None
[2024-11-05T10:46:19.116+0000] {processor.py:208} INFO - Processing /home/airflow/.local/lib/python3.12/site-packages/airflow/example_dags/example_dag_decorator.py took 0.444 seconds
[2024-11-05T10:46:49.719+0000] {processor.py:186} INFO - Started process (PID=1279) to work on /home/airflow/.local/lib/python3.12/site-packages/airflow/example_dags/example_dag_decorator.py
[2024-11-05T10:46:49.720+0000] {processor.py:914} INFO - Processing file /home/airflow/.local/lib/python3.12/site-packages/airflow/example_dags/example_dag_decorator.py for tasks to queue
[2024-11-05T10:46:49.723+0000] {logging_mixin.py:190} INFO - [2024-11-05T10:46:49.723+0000] {dagbag.py:588} INFO - Filling up the DagBag from /home/airflow/.local/lib/python3.12/site-packages/airflow/example_dags/example_dag_decorator.py
[2024-11-05T10:46:49.752+0000] {processor.py:925} INFO - DAG(s) 'example_dag_decorator' retrieved from /home/airflow/.local/lib/python3.12/site-packages/airflow/example_dags/example_dag_decorator.py
[2024-11-05T10:46:49.963+0000] {logging_mixin.py:190} INFO - [2024-11-05T10:46:49.963+0000] {dag.py:3239} INFO - Sync 1 DAGs
[2024-11-05T10:46:49.978+0000] {logging_mixin.py:190} INFO - [2024-11-05T10:46:49.978+0000] {dag.py:4180} INFO - Setting next_dagrun for example_dag_decorator to None, run_after=None
[2024-11-05T10:46:50.001+0000] {processor.py:208} INFO - Processing /home/airflow/.local/lib/python3.12/site-packages/airflow/example_dags/example_dag_decorator.py took 0.290 seconds
[2024-11-05T10:47:20.946+0000] {processor.py:186} INFO - Started process (PID=1342) to work on /home/airflow/.local/lib/python3.12/site-packages/airflow/example_dags/example_dag_decorator.py
[2024-11-05T10:47:20.948+0000] {processor.py:914} INFO - Processing file /home/airflow/.local/lib/python3.12/site-packages/airflow/example_dags/example_dag_decorator.py for tasks to queue
[2024-11-05T10:47:20.951+0000] {logging_mixin.py:190} INFO - [2024-11-05T10:47:20.950+0000] {dagbag.py:588} INFO - Filling up the DagBag from /home/airflow/.local/lib/python3.12/site-packages/airflow/example_dags/example_dag_decorator.py
[2024-11-05T10:47:20.972+0000] {processor.py:925} INFO - DAG(s) 'example_dag_decorator' retrieved from /home/airflow/.local/lib/python3.12/site-packages/airflow/example_dags/example_dag_decorator.py
[2024-11-05T10:47:21.135+0000] {logging_mixin.py:190} INFO - [2024-11-05T10:47:21.135+0000] {dag.py:3239} INFO - Sync 1 DAGs
[2024-11-05T10:47:21.150+0000] {logging_mixin.py:190} INFO - [2024-11-05T10:47:21.149+0000] {dag.py:4180} INFO - Setting next_dagrun for example_dag_decorator to None, run_after=None
[2024-11-05T10:47:21.175+0000] {processor.py:208} INFO - Processing /home/airflow/.local/lib/python3.12/site-packages/airflow/example_dags/example_dag_decorator.py took 0.237 seconds
[2024-11-05T10:47:51.449+0000] {processor.py:186} INFO - Started process (PID=1404) to work on /home/airflow/.local/lib/python3.12/site-packages/airflow/example_dags/example_dag_decorator.py
[2024-11-05T10:47:51.452+0000] {processor.py:914} INFO - Processing file /home/airflow/.local/lib/python3.12/site-packages/airflow/example_dags/example_dag_decorator.py for tasks to queue
[2024-11-05T10:47:51.457+0000] {logging_mixin.py:190} INFO - [2024-11-05T10:47:51.456+0000] {dagbag.py:588} INFO - Filling up the DagBag from /home/airflow/.local/lib/python3.12/site-packages/airflow/example_dags/example_dag_decorator.py
[2024-11-05T10:47:51.483+0000] {processor.py:925} INFO - DAG(s) 'example_dag_decorator' retrieved from /home/airflow/.local/lib/python3.12/site-packages/airflow/example_dags/example_dag_decorator.py
[2024-11-05T10:47:51.654+0000] {logging_mixin.py:190} INFO - [2024-11-05T10:47:51.653+0000] {dag.py:3239} INFO - Sync 1 DAGs
[2024-11-05T10:47:51.674+0000] {logging_mixin.py:190} INFO - [2024-11-05T10:47:51.674+0000] {dag.py:4180} INFO - Setting next_dagrun for example_dag_decorator to None, run_after=None
[2024-11-05T10:47:51.702+0000] {processor.py:208} INFO - Processing /home/airflow/.local/lib/python3.12/site-packages/airflow/example_dags/example_dag_decorator.py took 0.262 seconds
[2024-11-05T10:48:22.415+0000] {processor.py:186} INFO - Started process (PID=1467) to work on /home/airflow/.local/lib/python3.12/site-packages/airflow/example_dags/example_dag_decorator.py
[2024-11-05T10:48:22.416+0000] {processor.py:914} INFO - Processing file /home/airflow/.local/lib/python3.12/site-packages/airflow/example_dags/example_dag_decorator.py for tasks to queue
[2024-11-05T10:48:22.420+0000] {logging_mixin.py:190} INFO - [2024-11-05T10:48:22.419+0000] {dagbag.py:588} INFO - Filling up the DagBag from /home/airflow/.local/lib/python3.12/site-packages/airflow/example_dags/example_dag_decorator.py
[2024-11-05T10:48:22.456+0000] {processor.py:925} INFO - DAG(s) 'example_dag_decorator' retrieved from /home/airflow/.local/lib/python3.12/site-packages/airflow/example_dags/example_dag_decorator.py
[2024-11-05T10:48:22.953+0000] {logging_mixin.py:190} INFO - [2024-11-05T10:48:22.953+0000] {dag.py:3239} INFO - Sync 1 DAGs
[2024-11-05T10:48:22.977+0000] {logging_mixin.py:190} INFO - [2024-11-05T10:48:22.976+0000] {dag.py:4180} INFO - Setting next_dagrun for example_dag_decorator to None, run_after=None
[2024-11-05T10:48:23.024+0000] {processor.py:208} INFO - Processing /home/airflow/.local/lib/python3.12/site-packages/airflow/example_dags/example_dag_decorator.py took 0.617 seconds
[2024-11-05T10:48:53.633+0000] {processor.py:186} INFO - Started process (PID=1529) to work on /home/airflow/.local/lib/python3.12/site-packages/airflow/example_dags/example_dag_decorator.py
[2024-11-05T10:48:53.636+0000] {processor.py:914} INFO - Processing file /home/airflow/.local/lib/python3.12/site-packages/airflow/example_dags/example_dag_decorator.py for tasks to queue
[2024-11-05T10:48:53.639+0000] {logging_mixin.py:190} INFO - [2024-11-05T10:48:53.639+0000] {dagbag.py:588} INFO - Filling up the DagBag from /home/airflow/.local/lib/python3.12/site-packages/airflow/example_dags/example_dag_decorator.py
[2024-11-05T10:48:53.678+0000] {processor.py:925} INFO - DAG(s) 'example_dag_decorator' retrieved from /home/airflow/.local/lib/python3.12/site-packages/airflow/example_dags/example_dag_decorator.py
[2024-11-05T10:48:53.940+0000] {logging_mixin.py:190} INFO - [2024-11-05T10:48:53.939+0000] {dag.py:3239} INFO - Sync 1 DAGs
[2024-11-05T10:48:53.966+0000] {logging_mixin.py:190} INFO - [2024-11-05T10:48:53.966+0000] {dag.py:4180} INFO - Setting next_dagrun for example_dag_decorator to None, run_after=None
[2024-11-05T10:48:54.000+0000] {processor.py:208} INFO - Processing /home/airflow/.local/lib/python3.12/site-packages/airflow/example_dags/example_dag_decorator.py took 0.377 seconds
[2024-11-05T10:49:24.414+0000] {processor.py:186} INFO - Started process (PID=1591) to work on /home/airflow/.local/lib/python3.12/site-packages/airflow/example_dags/example_dag_decorator.py
[2024-11-05T10:49:24.416+0000] {processor.py:914} INFO - Processing file /home/airflow/.local/lib/python3.12/site-packages/airflow/example_dags/example_dag_decorator.py for tasks to queue
[2024-11-05T10:49:24.419+0000] {logging_mixin.py:190} INFO - [2024-11-05T10:49:24.419+0000] {dagbag.py:588} INFO - Filling up the DagBag from /home/airflow/.local/lib/python3.12/site-packages/airflow/example_dags/example_dag_decorator.py
[2024-11-05T10:49:24.454+0000] {processor.py:925} INFO - DAG(s) 'example_dag_decorator' retrieved from /home/airflow/.local/lib/python3.12/site-packages/airflow/example_dags/example_dag_decorator.py
[2024-11-05T10:49:24.729+0000] {logging_mixin.py:190} INFO - [2024-11-05T10:49:24.729+0000] {dag.py:3239} INFO - Sync 1 DAGs
[2024-11-05T10:49:24.766+0000] {logging_mixin.py:190} INFO - [2024-11-05T10:49:24.766+0000] {dag.py:4180} INFO - Setting next_dagrun for example_dag_decorator to None, run_after=None
[2024-11-05T10:49:24.812+0000] {processor.py:208} INFO - Processing /home/airflow/.local/lib/python3.12/site-packages/airflow/example_dags/example_dag_decorator.py took 0.406 seconds
[2024-11-05T10:49:54.886+0000] {processor.py:186} INFO - Started process (PID=1656) to work on /home/airflow/.local/lib/python3.12/site-packages/airflow/example_dags/example_dag_decorator.py
[2024-11-05T10:49:54.887+0000] {processor.py:914} INFO - Processing file /home/airflow/.local/lib/python3.12/site-packages/airflow/example_dags/example_dag_decorator.py for tasks to queue
[2024-11-05T10:49:54.890+0000] {logging_mixin.py:190} INFO - [2024-11-05T10:49:54.890+0000] {dagbag.py:588} INFO - Filling up the DagBag from /home/airflow/.local/lib/python3.12/site-packages/airflow/example_dags/example_dag_decorator.py
[2024-11-05T10:49:54.916+0000] {processor.py:925} INFO - DAG(s) 'example_dag_decorator' retrieved from /home/airflow/.local/lib/python3.12/site-packages/airflow/example_dags/example_dag_decorator.py
[2024-11-05T10:49:55.120+0000] {logging_mixin.py:190} INFO - [2024-11-05T10:49:55.119+0000] {dag.py:3239} INFO - Sync 1 DAGs
[2024-11-05T10:49:55.140+0000] {logging_mixin.py:190} INFO - [2024-11-05T10:49:55.140+0000] {dag.py:4180} INFO - Setting next_dagrun for example_dag_decorator to None, run_after=None
[2024-11-05T10:49:55.173+0000] {processor.py:208} INFO - Processing /home/airflow/.local/lib/python3.12/site-packages/airflow/example_dags/example_dag_decorator.py took 0.295 seconds
[2024-11-05T10:50:25.207+0000] {processor.py:186} INFO - Started process (PID=1719) to work on /home/airflow/.local/lib/python3.12/site-packages/airflow/example_dags/example_dag_decorator.py
[2024-11-05T10:50:25.208+0000] {processor.py:914} INFO - Processing file /home/airflow/.local/lib/python3.12/site-packages/airflow/example_dags/example_dag_decorator.py for tasks to queue
[2024-11-05T10:50:25.211+0000] {logging_mixin.py:190} INFO - [2024-11-05T10:50:25.210+0000] {dagbag.py:588} INFO - Filling up the DagBag from /home/airflow/.local/lib/python3.12/site-packages/airflow/example_dags/example_dag_decorator.py
[2024-11-05T10:50:25.233+0000] {processor.py:925} INFO - DAG(s) 'example_dag_decorator' retrieved from /home/airflow/.local/lib/python3.12/site-packages/airflow/example_dags/example_dag_decorator.py
[2024-11-05T10:50:25.418+0000] {logging_mixin.py:190} INFO - [2024-11-05T10:50:25.417+0000] {dag.py:3239} INFO - Sync 1 DAGs
[2024-11-05T10:50:25.434+0000] {logging_mixin.py:190} INFO - [2024-11-05T10:50:25.433+0000] {dag.py:4180} INFO - Setting next_dagrun for example_dag_decorator to None, run_after=None
[2024-11-05T10:50:25.457+0000] {processor.py:208} INFO - Processing /home/airflow/.local/lib/python3.12/site-packages/airflow/example_dags/example_dag_decorator.py took 0.256 seconds
[2024-11-05T10:50:55.765+0000] {processor.py:186} INFO - Started process (PID=1779) to work on /home/airflow/.local/lib/python3.12/site-packages/airflow/example_dags/example_dag_decorator.py
[2024-11-05T10:50:55.766+0000] {processor.py:914} INFO - Processing file /home/airflow/.local/lib/python3.12/site-packages/airflow/example_dags/example_dag_decorator.py for tasks to queue
[2024-11-05T10:50:55.769+0000] {logging_mixin.py:190} INFO - [2024-11-05T10:50:55.768+0000] {dagbag.py:588} INFO - Filling up the DagBag from /home/airflow/.local/lib/python3.12/site-packages/airflow/example_dags/example_dag_decorator.py
[2024-11-05T10:50:55.790+0000] {processor.py:925} INFO - DAG(s) 'example_dag_decorator' retrieved from /home/airflow/.local/lib/python3.12/site-packages/airflow/example_dags/example_dag_decorator.py
[2024-11-05T10:50:55.988+0000] {logging_mixin.py:190} INFO - [2024-11-05T10:50:55.987+0000] {dag.py:3239} INFO - Sync 1 DAGs
[2024-11-05T10:50:56.007+0000] {logging_mixin.py:190} INFO - [2024-11-05T10:50:56.007+0000] {dag.py:4180} INFO - Setting next_dagrun for example_dag_decorator to None, run_after=None
[2024-11-05T10:50:56.029+0000] {processor.py:208} INFO - Processing /home/airflow/.local/lib/python3.12/site-packages/airflow/example_dags/example_dag_decorator.py took 0.270 seconds
[2024-11-05T10:51:26.581+0000] {processor.py:186} INFO - Started process (PID=1842) to work on /home/airflow/.local/lib/python3.12/site-packages/airflow/example_dags/example_dag_decorator.py
[2024-11-05T10:51:26.585+0000] {processor.py:914} INFO - Processing file /home/airflow/.local/lib/python3.12/site-packages/airflow/example_dags/example_dag_decorator.py for tasks to queue
[2024-11-05T10:51:26.589+0000] {logging_mixin.py:190} INFO - [2024-11-05T10:51:26.589+0000] {dagbag.py:588} INFO - Filling up the DagBag from /home/airflow/.local/lib/python3.12/site-packages/airflow/example_dags/example_dag_decorator.py
[2024-11-05T10:51:26.657+0000] {processor.py:925} INFO - DAG(s) 'example_dag_decorator' retrieved from /home/airflow/.local/lib/python3.12/site-packages/airflow/example_dags/example_dag_decorator.py
[2024-11-05T10:51:26.998+0000] {logging_mixin.py:190} INFO - [2024-11-05T10:51:26.996+0000] {dag.py:3239} INFO - Sync 1 DAGs
[2024-11-05T10:51:27.036+0000] {logging_mixin.py:190} INFO - [2024-11-05T10:51:27.036+0000] {dag.py:4180} INFO - Setting next_dagrun for example_dag_decorator to None, run_after=None
[2024-11-05T10:51:27.076+0000] {processor.py:208} INFO - Processing /home/airflow/.local/lib/python3.12/site-packages/airflow/example_dags/example_dag_decorator.py took 0.508 seconds
[2024-11-05T10:51:57.353+0000] {processor.py:186} INFO - Started process (PID=1905) to work on /home/airflow/.local/lib/python3.12/site-packages/airflow/example_dags/example_dag_decorator.py
[2024-11-05T10:51:57.361+0000] {processor.py:914} INFO - Processing file /home/airflow/.local/lib/python3.12/site-packages/airflow/example_dags/example_dag_decorator.py for tasks to queue
[2024-11-05T10:51:57.365+0000] {logging_mixin.py:190} INFO - [2024-11-05T10:51:57.364+0000] {dagbag.py:588} INFO - Filling up the DagBag from /home/airflow/.local/lib/python3.12/site-packages/airflow/example_dags/example_dag_decorator.py
[2024-11-05T10:51:57.401+0000] {processor.py:925} INFO - DAG(s) 'example_dag_decorator' retrieved from /home/airflow/.local/lib/python3.12/site-packages/airflow/example_dags/example_dag_decorator.py
[2024-11-05T10:51:57.757+0000] {logging_mixin.py:190} INFO - [2024-11-05T10:51:57.756+0000] {dag.py:3239} INFO - Sync 1 DAGs
[2024-11-05T10:51:57.788+0000] {logging_mixin.py:190} INFO - [2024-11-05T10:51:57.787+0000] {dag.py:4180} INFO - Setting next_dagrun for example_dag_decorator to None, run_after=None
[2024-11-05T10:51:57.823+0000] {processor.py:208} INFO - Processing /home/airflow/.local/lib/python3.12/site-packages/airflow/example_dags/example_dag_decorator.py took 0.480 seconds
[2024-11-05T10:52:28.036+0000] {processor.py:186} INFO - Started process (PID=1971) to work on /home/airflow/.local/lib/python3.12/site-packages/airflow/example_dags/example_dag_decorator.py
[2024-11-05T10:52:28.041+0000] {processor.py:914} INFO - Processing file /home/airflow/.local/lib/python3.12/site-packages/airflow/example_dags/example_dag_decorator.py for tasks to queue
[2024-11-05T10:52:28.057+0000] {logging_mixin.py:190} INFO - [2024-11-05T10:52:28.056+0000] {dagbag.py:588} INFO - Filling up the DagBag from /home/airflow/.local/lib/python3.12/site-packages/airflow/example_dags/example_dag_decorator.py
[2024-11-05T10:52:28.098+0000] {processor.py:925} INFO - DAG(s) 'example_dag_decorator' retrieved from /home/airflow/.local/lib/python3.12/site-packages/airflow/example_dags/example_dag_decorator.py
[2024-11-05T10:52:28.436+0000] {logging_mixin.py:190} INFO - [2024-11-05T10:52:28.436+0000] {dag.py:3239} INFO - Sync 1 DAGs
[2024-11-05T10:52:28.462+0000] {logging_mixin.py:190} INFO - [2024-11-05T10:52:28.462+0000] {dag.py:4180} INFO - Setting next_dagrun for example_dag_decorator to None, run_after=None
[2024-11-05T10:52:28.507+0000] {processor.py:208} INFO - Processing /home/airflow/.local/lib/python3.12/site-packages/airflow/example_dags/example_dag_decorator.py took 0.485 seconds
[2024-11-05T10:52:59.319+0000] {processor.py:186} INFO - Started process (PID=2034) to work on /home/airflow/.local/lib/python3.12/site-packages/airflow/example_dags/example_dag_decorator.py
[2024-11-05T10:52:59.321+0000] {processor.py:914} INFO - Processing file /home/airflow/.local/lib/python3.12/site-packages/airflow/example_dags/example_dag_decorator.py for tasks to queue
[2024-11-05T10:52:59.324+0000] {logging_mixin.py:190} INFO - [2024-11-05T10:52:59.324+0000] {dagbag.py:588} INFO - Filling up the DagBag from /home/airflow/.local/lib/python3.12/site-packages/airflow/example_dags/example_dag_decorator.py
[2024-11-05T10:52:59.345+0000] {processor.py:925} INFO - DAG(s) 'example_dag_decorator' retrieved from /home/airflow/.local/lib/python3.12/site-packages/airflow/example_dags/example_dag_decorator.py
[2024-11-05T10:52:59.524+0000] {logging_mixin.py:190} INFO - [2024-11-05T10:52:59.524+0000] {dag.py:3239} INFO - Sync 1 DAGs
[2024-11-05T10:52:59.541+0000] {logging_mixin.py:190} INFO - [2024-11-05T10:52:59.541+0000] {dag.py:4180} INFO - Setting next_dagrun for example_dag_decorator to None, run_after=None
[2024-11-05T10:52:59.570+0000] {processor.py:208} INFO - Processing /home/airflow/.local/lib/python3.12/site-packages/airflow/example_dags/example_dag_decorator.py took 0.258 seconds
[2024-11-05T10:53:29.888+0000] {processor.py:186} INFO - Started process (PID=2097) to work on /home/airflow/.local/lib/python3.12/site-packages/airflow/example_dags/example_dag_decorator.py
[2024-11-05T10:53:29.890+0000] {processor.py:914} INFO - Processing file /home/airflow/.local/lib/python3.12/site-packages/airflow/example_dags/example_dag_decorator.py for tasks to queue
[2024-11-05T10:53:29.894+0000] {logging_mixin.py:190} INFO - [2024-11-05T10:53:29.893+0000] {dagbag.py:588} INFO - Filling up the DagBag from /home/airflow/.local/lib/python3.12/site-packages/airflow/example_dags/example_dag_decorator.py
[2024-11-05T10:53:29.927+0000] {processor.py:925} INFO - DAG(s) 'example_dag_decorator' retrieved from /home/airflow/.local/lib/python3.12/site-packages/airflow/example_dags/example_dag_decorator.py
[2024-11-05T10:53:29.965+0000] {logging_mixin.py:190} INFO - [2024-11-05T10:53:29.964+0000] {dag.py:3239} INFO - Sync 1 DAGs
[2024-11-05T10:53:29.998+0000] {logging_mixin.py:190} INFO - [2024-11-05T10:53:29.998+0000] {dag.py:4180} INFO - Setting next_dagrun for example_dag_decorator to None, run_after=None
[2024-11-05T10:53:30.028+0000] {processor.py:208} INFO - Processing /home/airflow/.local/lib/python3.12/site-packages/airflow/example_dags/example_dag_decorator.py took 0.148 seconds
[2024-11-05T10:54:00.087+0000] {processor.py:186} INFO - Started process (PID=2160) to work on /home/airflow/.local/lib/python3.12/site-packages/airflow/example_dags/example_dag_decorator.py
[2024-11-05T10:54:00.088+0000] {processor.py:914} INFO - Processing file /home/airflow/.local/lib/python3.12/site-packages/airflow/example_dags/example_dag_decorator.py for tasks to queue
[2024-11-05T10:54:00.092+0000] {logging_mixin.py:190} INFO - [2024-11-05T10:54:00.091+0000] {dagbag.py:588} INFO - Filling up the DagBag from /home/airflow/.local/lib/python3.12/site-packages/airflow/example_dags/example_dag_decorator.py
[2024-11-05T10:54:00.123+0000] {processor.py:925} INFO - DAG(s) 'example_dag_decorator' retrieved from /home/airflow/.local/lib/python3.12/site-packages/airflow/example_dags/example_dag_decorator.py
[2024-11-05T10:54:00.298+0000] {logging_mixin.py:190} INFO - [2024-11-05T10:54:00.298+0000] {dag.py:3239} INFO - Sync 1 DAGs
[2024-11-05T10:54:00.320+0000] {logging_mixin.py:190} INFO - [2024-11-05T10:54:00.320+0000] {dag.py:4180} INFO - Setting next_dagrun for example_dag_decorator to None, run_after=None
[2024-11-05T10:54:00.344+0000] {processor.py:208} INFO - Processing /home/airflow/.local/lib/python3.12/site-packages/airflow/example_dags/example_dag_decorator.py took 0.265 seconds
