[2024-11-05T10:37:07.870+0000] {processor.py:186} INFO - Started process (PID=82) to work on /home/airflow/.local/lib/python3.12/site-packages/airflow/example_dags/example_xcom.py
[2024-11-05T10:37:07.871+0000] {processor.py:914} INFO - Processing file /home/airflow/.local/lib/python3.12/site-packages/airflow/example_dags/example_xcom.py for tasks to queue
[2024-11-05T10:37:07.874+0000] {logging_mixin.py:190} INFO - [2024-11-05T10:37:07.874+0000] {dagbag.py:588} INFO - Filling up the DagBag from /home/airflow/.local/lib/python3.12/site-packages/airflow/example_dags/example_xcom.py
[2024-11-05T10:37:07.892+0000] {processor.py:925} INFO - DAG(s) 'example_xcom' retrieved from /home/airflow/.local/lib/python3.12/site-packages/airflow/example_dags/example_xcom.py
[2024-11-05T10:37:08.094+0000] {logging_mixin.py:190} INFO - [2024-11-05T10:37:08.093+0000] {override.py:1900} INFO - Created Permission View: can delete on DAG:example_xcom
[2024-11-05T10:37:08.109+0000] {logging_mixin.py:190} INFO - [2024-11-05T10:37:08.109+0000] {override.py:1900} INFO - Created Permission View: can read on DAG:example_xcom
[2024-11-05T10:37:08.122+0000] {logging_mixin.py:190} INFO - [2024-11-05T10:37:08.121+0000] {override.py:1900} INFO - Created Permission View: can edit on DAG:example_xcom
[2024-11-05T10:37:08.133+0000] {logging_mixin.py:190} INFO - [2024-11-05T10:37:08.132+0000] {override.py:1900} INFO - Created Permission View: can delete on DAG Run:example_xcom
[2024-11-05T10:37:08.143+0000] {logging_mixin.py:190} INFO - [2024-11-05T10:37:08.142+0000] {override.py:1900} INFO - Created Permission View: can create on DAG Run:example_xcom
[2024-11-05T10:37:08.153+0000] {logging_mixin.py:190} INFO - [2024-11-05T10:37:08.152+0000] {override.py:1900} INFO - Created Permission View: can read on DAG Run:example_xcom
[2024-11-05T10:37:08.163+0000] {logging_mixin.py:190} INFO - [2024-11-05T10:37:08.163+0000] {override.py:1900} INFO - Created Permission View: menu access on DAG Run:example_xcom
[2024-11-05T10:37:08.164+0000] {logging_mixin.py:190} INFO - [2024-11-05T10:37:08.163+0000] {dag.py:3239} INFO - Sync 1 DAGs
[2024-11-05T10:37:08.185+0000] {logging_mixin.py:190} INFO - [2024-11-05T10:37:08.185+0000] {dag.py:3262} INFO - Creating ORM DAG for example_xcom
[2024-11-05T10:37:08.201+0000] {logging_mixin.py:190} INFO - [2024-11-05T10:37:08.201+0000] {dag.py:4180} INFO - Setting next_dagrun for example_xcom to 2021-01-01 00:00:00+00:00, run_after=2021-01-01 00:00:00+00:00
[2024-11-05T10:37:08.226+0000] {processor.py:208} INFO - Processing /home/airflow/.local/lib/python3.12/site-packages/airflow/example_dags/example_xcom.py took 0.365 seconds
[2024-11-05T10:37:38.948+0000] {processor.py:186} INFO - Started process (PID=144) to work on /home/airflow/.local/lib/python3.12/site-packages/airflow/example_dags/example_xcom.py
[2024-11-05T10:37:38.949+0000] {processor.py:914} INFO - Processing file /home/airflow/.local/lib/python3.12/site-packages/airflow/example_dags/example_xcom.py for tasks to queue
[2024-11-05T10:37:38.952+0000] {logging_mixin.py:190} INFO - [2024-11-05T10:37:38.952+0000] {dagbag.py:588} INFO - Filling up the DagBag from /home/airflow/.local/lib/python3.12/site-packages/airflow/example_dags/example_xcom.py
[2024-11-05T10:37:38.965+0000] {processor.py:925} INFO - DAG(s) 'example_xcom' retrieved from /home/airflow/.local/lib/python3.12/site-packages/airflow/example_dags/example_xcom.py
[2024-11-05T10:37:38.987+0000] {logging_mixin.py:190} INFO - [2024-11-05T10:37:38.987+0000] {dag.py:3239} INFO - Sync 1 DAGs
[2024-11-05T10:37:39.014+0000] {logging_mixin.py:190} INFO - [2024-11-05T10:37:39.014+0000] {dag.py:4180} INFO - Setting next_dagrun for example_xcom to 2021-01-01 00:00:00+00:00, run_after=2021-01-01 00:00:00+00:00
[2024-11-05T10:37:39.036+0000] {processor.py:208} INFO - Processing /home/airflow/.local/lib/python3.12/site-packages/airflow/example_dags/example_xcom.py took 0.096 seconds
[2024-11-05T10:38:09.170+0000] {processor.py:186} INFO - Started process (PID=207) to work on /home/airflow/.local/lib/python3.12/site-packages/airflow/example_dags/example_xcom.py
[2024-11-05T10:38:09.171+0000] {processor.py:914} INFO - Processing file /home/airflow/.local/lib/python3.12/site-packages/airflow/example_dags/example_xcom.py for tasks to queue
[2024-11-05T10:38:09.174+0000] {logging_mixin.py:190} INFO - [2024-11-05T10:38:09.174+0000] {dagbag.py:588} INFO - Filling up the DagBag from /home/airflow/.local/lib/python3.12/site-packages/airflow/example_dags/example_xcom.py
[2024-11-05T10:38:09.188+0000] {processor.py:925} INFO - DAG(s) 'example_xcom' retrieved from /home/airflow/.local/lib/python3.12/site-packages/airflow/example_dags/example_xcom.py
[2024-11-05T10:38:09.213+0000] {logging_mixin.py:190} INFO - [2024-11-05T10:38:09.212+0000] {dag.py:3239} INFO - Sync 1 DAGs
[2024-11-05T10:38:09.243+0000] {logging_mixin.py:190} INFO - [2024-11-05T10:38:09.243+0000] {dag.py:4180} INFO - Setting next_dagrun for example_xcom to 2021-01-01 00:00:00+00:00, run_after=2021-01-01 00:00:00+00:00
[2024-11-05T10:38:09.272+0000] {processor.py:208} INFO - Processing /home/airflow/.local/lib/python3.12/site-packages/airflow/example_dags/example_xcom.py took 0.111 seconds
[2024-11-05T10:38:39.755+0000] {processor.py:186} INFO - Started process (PID=270) to work on /home/airflow/.local/lib/python3.12/site-packages/airflow/example_dags/example_xcom.py
[2024-11-05T10:38:39.756+0000] {processor.py:914} INFO - Processing file /home/airflow/.local/lib/python3.12/site-packages/airflow/example_dags/example_xcom.py for tasks to queue
[2024-11-05T10:38:39.759+0000] {logging_mixin.py:190} INFO - [2024-11-05T10:38:39.758+0000] {dagbag.py:588} INFO - Filling up the DagBag from /home/airflow/.local/lib/python3.12/site-packages/airflow/example_dags/example_xcom.py
[2024-11-05T10:38:39.772+0000] {processor.py:925} INFO - DAG(s) 'example_xcom' retrieved from /home/airflow/.local/lib/python3.12/site-packages/airflow/example_dags/example_xcom.py
[2024-11-05T10:38:39.794+0000] {logging_mixin.py:190} INFO - [2024-11-05T10:38:39.793+0000] {dag.py:3239} INFO - Sync 1 DAGs
[2024-11-05T10:38:39.819+0000] {logging_mixin.py:190} INFO - [2024-11-05T10:38:39.818+0000] {dag.py:4180} INFO - Setting next_dagrun for example_xcom to 2021-01-01 00:00:00+00:00, run_after=2021-01-01 00:00:00+00:00
[2024-11-05T10:38:39.844+0000] {processor.py:208} INFO - Processing /home/airflow/.local/lib/python3.12/site-packages/airflow/example_dags/example_xcom.py took 0.095 seconds
[2024-11-05T10:39:10.834+0000] {processor.py:186} INFO - Started process (PID=332) to work on /home/airflow/.local/lib/python3.12/site-packages/airflow/example_dags/example_xcom.py
[2024-11-05T10:39:10.838+0000] {processor.py:914} INFO - Processing file /home/airflow/.local/lib/python3.12/site-packages/airflow/example_dags/example_xcom.py for tasks to queue
[2024-11-05T10:39:10.842+0000] {logging_mixin.py:190} INFO - [2024-11-05T10:39:10.841+0000] {dagbag.py:588} INFO - Filling up the DagBag from /home/airflow/.local/lib/python3.12/site-packages/airflow/example_dags/example_xcom.py
[2024-11-05T10:39:10.861+0000] {processor.py:925} INFO - DAG(s) 'example_xcom' retrieved from /home/airflow/.local/lib/python3.12/site-packages/airflow/example_dags/example_xcom.py
[2024-11-05T10:39:10.895+0000] {logging_mixin.py:190} INFO - [2024-11-05T10:39:10.895+0000] {dag.py:3239} INFO - Sync 1 DAGs
[2024-11-05T10:39:10.933+0000] {logging_mixin.py:190} INFO - [2024-11-05T10:39:10.933+0000] {dag.py:4180} INFO - Setting next_dagrun for example_xcom to 2021-01-01 00:00:00+00:00, run_after=2021-01-01 00:00:00+00:00
[2024-11-05T10:39:10.972+0000] {processor.py:208} INFO - Processing /home/airflow/.local/lib/python3.12/site-packages/airflow/example_dags/example_xcom.py took 0.152 seconds
[2024-11-05T10:39:41.581+0000] {processor.py:186} INFO - Started process (PID=394) to work on /home/airflow/.local/lib/python3.12/site-packages/airflow/example_dags/example_xcom.py
[2024-11-05T10:39:41.582+0000] {processor.py:914} INFO - Processing file /home/airflow/.local/lib/python3.12/site-packages/airflow/example_dags/example_xcom.py for tasks to queue
[2024-11-05T10:39:41.585+0000] {logging_mixin.py:190} INFO - [2024-11-05T10:39:41.584+0000] {dagbag.py:588} INFO - Filling up the DagBag from /home/airflow/.local/lib/python3.12/site-packages/airflow/example_dags/example_xcom.py
[2024-11-05T10:39:41.603+0000] {processor.py:925} INFO - DAG(s) 'example_xcom' retrieved from /home/airflow/.local/lib/python3.12/site-packages/airflow/example_dags/example_xcom.py
[2024-11-05T10:39:41.640+0000] {logging_mixin.py:190} INFO - [2024-11-05T10:39:41.639+0000] {dag.py:3239} INFO - Sync 1 DAGs
[2024-11-05T10:39:41.677+0000] {logging_mixin.py:190} INFO - [2024-11-05T10:39:41.676+0000] {dag.py:4180} INFO - Setting next_dagrun for example_xcom to 2021-01-01 00:00:00+00:00, run_after=2021-01-01 00:00:00+00:00
[2024-11-05T10:39:41.698+0000] {processor.py:208} INFO - Processing /home/airflow/.local/lib/python3.12/site-packages/airflow/example_dags/example_xcom.py took 0.128 seconds
[2024-11-05T10:40:11.864+0000] {processor.py:186} INFO - Started process (PID=457) to work on /home/airflow/.local/lib/python3.12/site-packages/airflow/example_dags/example_xcom.py
[2024-11-05T10:40:11.865+0000] {processor.py:914} INFO - Processing file /home/airflow/.local/lib/python3.12/site-packages/airflow/example_dags/example_xcom.py for tasks to queue
[2024-11-05T10:40:11.867+0000] {logging_mixin.py:190} INFO - [2024-11-05T10:40:11.867+0000] {dagbag.py:588} INFO - Filling up the DagBag from /home/airflow/.local/lib/python3.12/site-packages/airflow/example_dags/example_xcom.py
[2024-11-05T10:40:11.878+0000] {processor.py:925} INFO - DAG(s) 'example_xcom' retrieved from /home/airflow/.local/lib/python3.12/site-packages/airflow/example_dags/example_xcom.py
[2024-11-05T10:40:11.901+0000] {logging_mixin.py:190} INFO - [2024-11-05T10:40:11.901+0000] {dag.py:3239} INFO - Sync 1 DAGs
[2024-11-05T10:40:11.926+0000] {logging_mixin.py:190} INFO - [2024-11-05T10:40:11.926+0000] {dag.py:4180} INFO - Setting next_dagrun for example_xcom to 2021-01-01 00:00:00+00:00, run_after=2021-01-01 00:00:00+00:00
[2024-11-05T10:40:11.948+0000] {processor.py:208} INFO - Processing /home/airflow/.local/lib/python3.12/site-packages/airflow/example_dags/example_xcom.py took 0.091 seconds
[2024-11-05T10:40:42.359+0000] {processor.py:186} INFO - Started process (PID=520) to work on /home/airflow/.local/lib/python3.12/site-packages/airflow/example_dags/example_xcom.py
[2024-11-05T10:40:42.359+0000] {processor.py:914} INFO - Processing file /home/airflow/.local/lib/python3.12/site-packages/airflow/example_dags/example_xcom.py for tasks to queue
[2024-11-05T10:40:42.362+0000] {logging_mixin.py:190} INFO - [2024-11-05T10:40:42.361+0000] {dagbag.py:588} INFO - Filling up the DagBag from /home/airflow/.local/lib/python3.12/site-packages/airflow/example_dags/example_xcom.py
[2024-11-05T10:40:42.372+0000] {processor.py:925} INFO - DAG(s) 'example_xcom' retrieved from /home/airflow/.local/lib/python3.12/site-packages/airflow/example_dags/example_xcom.py
[2024-11-05T10:40:42.394+0000] {logging_mixin.py:190} INFO - [2024-11-05T10:40:42.393+0000] {dag.py:3239} INFO - Sync 1 DAGs
[2024-11-05T10:40:42.421+0000] {logging_mixin.py:190} INFO - [2024-11-05T10:40:42.420+0000] {dag.py:4180} INFO - Setting next_dagrun for example_xcom to 2021-01-01 00:00:00+00:00, run_after=2021-01-01 00:00:00+00:00
[2024-11-05T10:40:42.449+0000] {processor.py:208} INFO - Processing /home/airflow/.local/lib/python3.12/site-packages/airflow/example_dags/example_xcom.py took 0.098 seconds
[2024-11-05T10:41:12.604+0000] {processor.py:186} INFO - Started process (PID=583) to work on /home/airflow/.local/lib/python3.12/site-packages/airflow/example_dags/example_xcom.py
[2024-11-05T10:41:12.605+0000] {processor.py:914} INFO - Processing file /home/airflow/.local/lib/python3.12/site-packages/airflow/example_dags/example_xcom.py for tasks to queue
[2024-11-05T10:41:12.608+0000] {logging_mixin.py:190} INFO - [2024-11-05T10:41:12.608+0000] {dagbag.py:588} INFO - Filling up the DagBag from /home/airflow/.local/lib/python3.12/site-packages/airflow/example_dags/example_xcom.py
[2024-11-05T10:41:12.619+0000] {processor.py:925} INFO - DAG(s) 'example_xcom' retrieved from /home/airflow/.local/lib/python3.12/site-packages/airflow/example_dags/example_xcom.py
[2024-11-05T10:41:12.641+0000] {logging_mixin.py:190} INFO - [2024-11-05T10:41:12.640+0000] {dag.py:3239} INFO - Sync 1 DAGs
[2024-11-05T10:41:12.667+0000] {logging_mixin.py:190} INFO - [2024-11-05T10:41:12.667+0000] {dag.py:4180} INFO - Setting next_dagrun for example_xcom to 2021-01-01 00:00:00+00:00, run_after=2021-01-01 00:00:00+00:00
[2024-11-05T10:41:12.691+0000] {processor.py:208} INFO - Processing /home/airflow/.local/lib/python3.12/site-packages/airflow/example_dags/example_xcom.py took 0.096 seconds
[2024-11-05T10:41:42.823+0000] {processor.py:186} INFO - Started process (PID=646) to work on /home/airflow/.local/lib/python3.12/site-packages/airflow/example_dags/example_xcom.py
[2024-11-05T10:41:42.824+0000] {processor.py:914} INFO - Processing file /home/airflow/.local/lib/python3.12/site-packages/airflow/example_dags/example_xcom.py for tasks to queue
[2024-11-05T10:41:42.827+0000] {logging_mixin.py:190} INFO - [2024-11-05T10:41:42.827+0000] {dagbag.py:588} INFO - Filling up the DagBag from /home/airflow/.local/lib/python3.12/site-packages/airflow/example_dags/example_xcom.py
[2024-11-05T10:41:42.840+0000] {processor.py:925} INFO - DAG(s) 'example_xcom' retrieved from /home/airflow/.local/lib/python3.12/site-packages/airflow/example_dags/example_xcom.py
[2024-11-05T10:41:42.865+0000] {logging_mixin.py:190} INFO - [2024-11-05T10:41:42.865+0000] {dag.py:3239} INFO - Sync 1 DAGs
[2024-11-05T10:41:42.897+0000] {logging_mixin.py:190} INFO - [2024-11-05T10:41:42.896+0000] {dag.py:4180} INFO - Setting next_dagrun for example_xcom to 2021-01-01 00:00:00+00:00, run_after=2021-01-01 00:00:00+00:00
[2024-11-05T10:41:42.921+0000] {processor.py:208} INFO - Processing /home/airflow/.local/lib/python3.12/site-packages/airflow/example_dags/example_xcom.py took 0.108 seconds
[2024-11-05T10:42:13.391+0000] {processor.py:186} INFO - Started process (PID=709) to work on /home/airflow/.local/lib/python3.12/site-packages/airflow/example_dags/example_xcom.py
[2024-11-05T10:42:13.392+0000] {processor.py:914} INFO - Processing file /home/airflow/.local/lib/python3.12/site-packages/airflow/example_dags/example_xcom.py for tasks to queue
[2024-11-05T10:42:13.395+0000] {logging_mixin.py:190} INFO - [2024-11-05T10:42:13.394+0000] {dagbag.py:588} INFO - Filling up the DagBag from /home/airflow/.local/lib/python3.12/site-packages/airflow/example_dags/example_xcom.py
[2024-11-05T10:42:13.407+0000] {processor.py:925} INFO - DAG(s) 'example_xcom' retrieved from /home/airflow/.local/lib/python3.12/site-packages/airflow/example_dags/example_xcom.py
[2024-11-05T10:42:13.430+0000] {logging_mixin.py:190} INFO - [2024-11-05T10:42:13.429+0000] {dag.py:3239} INFO - Sync 1 DAGs
[2024-11-05T10:42:13.453+0000] {logging_mixin.py:190} INFO - [2024-11-05T10:42:13.453+0000] {dag.py:4180} INFO - Setting next_dagrun for example_xcom to 2021-01-01 00:00:00+00:00, run_after=2021-01-01 00:00:00+00:00
[2024-11-05T10:42:13.476+0000] {processor.py:208} INFO - Processing /home/airflow/.local/lib/python3.12/site-packages/airflow/example_dags/example_xcom.py took 0.092 seconds
[2024-11-05T10:42:43.862+0000] {processor.py:186} INFO - Started process (PID=771) to work on /home/airflow/.local/lib/python3.12/site-packages/airflow/example_dags/example_xcom.py
[2024-11-05T10:42:43.863+0000] {processor.py:914} INFO - Processing file /home/airflow/.local/lib/python3.12/site-packages/airflow/example_dags/example_xcom.py for tasks to queue
[2024-11-05T10:42:43.866+0000] {logging_mixin.py:190} INFO - [2024-11-05T10:42:43.865+0000] {dagbag.py:588} INFO - Filling up the DagBag from /home/airflow/.local/lib/python3.12/site-packages/airflow/example_dags/example_xcom.py
[2024-11-05T10:42:43.877+0000] {processor.py:925} INFO - DAG(s) 'example_xcom' retrieved from /home/airflow/.local/lib/python3.12/site-packages/airflow/example_dags/example_xcom.py
[2024-11-05T10:42:43.899+0000] {logging_mixin.py:190} INFO - [2024-11-05T10:42:43.899+0000] {dag.py:3239} INFO - Sync 1 DAGs
[2024-11-05T10:42:43.931+0000] {logging_mixin.py:190} INFO - [2024-11-05T10:42:43.931+0000] {dag.py:4180} INFO - Setting next_dagrun for example_xcom to 2021-01-01 00:00:00+00:00, run_after=2021-01-01 00:00:00+00:00
[2024-11-05T10:42:43.954+0000] {processor.py:208} INFO - Processing /home/airflow/.local/lib/python3.12/site-packages/airflow/example_dags/example_xcom.py took 0.098 seconds
[2024-11-05T10:43:14.638+0000] {processor.py:186} INFO - Started process (PID=834) to work on /home/airflow/.local/lib/python3.12/site-packages/airflow/example_dags/example_xcom.py
[2024-11-05T10:43:14.640+0000] {processor.py:914} INFO - Processing file /home/airflow/.local/lib/python3.12/site-packages/airflow/example_dags/example_xcom.py for tasks to queue
[2024-11-05T10:43:14.643+0000] {logging_mixin.py:190} INFO - [2024-11-05T10:43:14.643+0000] {dagbag.py:588} INFO - Filling up the DagBag from /home/airflow/.local/lib/python3.12/site-packages/airflow/example_dags/example_xcom.py
[2024-11-05T10:43:14.658+0000] {processor.py:925} INFO - DAG(s) 'example_xcom' retrieved from /home/airflow/.local/lib/python3.12/site-packages/airflow/example_dags/example_xcom.py
[2024-11-05T10:43:14.693+0000] {logging_mixin.py:190} INFO - [2024-11-05T10:43:14.692+0000] {dag.py:3239} INFO - Sync 1 DAGs
[2024-11-05T10:43:14.733+0000] {logging_mixin.py:190} INFO - [2024-11-05T10:43:14.732+0000] {dag.py:4180} INFO - Setting next_dagrun for example_xcom to 2021-01-01 00:00:00+00:00, run_after=2021-01-01 00:00:00+00:00
[2024-11-05T10:43:14.763+0000] {processor.py:208} INFO - Processing /home/airflow/.local/lib/python3.12/site-packages/airflow/example_dags/example_xcom.py took 0.134 seconds
[2024-11-05T10:43:44.830+0000] {processor.py:186} INFO - Started process (PID=898) to work on /home/airflow/.local/lib/python3.12/site-packages/airflow/example_dags/example_xcom.py
[2024-11-05T10:43:44.831+0000] {processor.py:914} INFO - Processing file /home/airflow/.local/lib/python3.12/site-packages/airflow/example_dags/example_xcom.py for tasks to queue
[2024-11-05T10:43:44.834+0000] {logging_mixin.py:190} INFO - [2024-11-05T10:43:44.834+0000] {dagbag.py:588} INFO - Filling up the DagBag from /home/airflow/.local/lib/python3.12/site-packages/airflow/example_dags/example_xcom.py
[2024-11-05T10:43:44.848+0000] {processor.py:925} INFO - DAG(s) 'example_xcom' retrieved from /home/airflow/.local/lib/python3.12/site-packages/airflow/example_dags/example_xcom.py
[2024-11-05T10:43:44.882+0000] {logging_mixin.py:190} INFO - [2024-11-05T10:43:44.882+0000] {dag.py:3239} INFO - Sync 1 DAGs
[2024-11-05T10:43:44.926+0000] {logging_mixin.py:190} INFO - [2024-11-05T10:43:44.925+0000] {dag.py:4180} INFO - Setting next_dagrun for example_xcom to 2021-01-01 00:00:00+00:00, run_after=2021-01-01 00:00:00+00:00
[2024-11-05T10:43:44.958+0000] {processor.py:208} INFO - Processing /home/airflow/.local/lib/python3.12/site-packages/airflow/example_dags/example_xcom.py took 0.136 seconds
[2024-11-05T10:44:15.713+0000] {processor.py:186} INFO - Started process (PID=962) to work on /home/airflow/.local/lib/python3.12/site-packages/airflow/example_dags/example_xcom.py
[2024-11-05T10:44:15.714+0000] {processor.py:914} INFO - Processing file /home/airflow/.local/lib/python3.12/site-packages/airflow/example_dags/example_xcom.py for tasks to queue
[2024-11-05T10:44:15.717+0000] {logging_mixin.py:190} INFO - [2024-11-05T10:44:15.717+0000] {dagbag.py:588} INFO - Filling up the DagBag from /home/airflow/.local/lib/python3.12/site-packages/airflow/example_dags/example_xcom.py
[2024-11-05T10:44:15.728+0000] {processor.py:925} INFO - DAG(s) 'example_xcom' retrieved from /home/airflow/.local/lib/python3.12/site-packages/airflow/example_dags/example_xcom.py
[2024-11-05T10:44:15.757+0000] {logging_mixin.py:190} INFO - [2024-11-05T10:44:15.756+0000] {dag.py:3239} INFO - Sync 1 DAGs
[2024-11-05T10:44:15.793+0000] {logging_mixin.py:190} INFO - [2024-11-05T10:44:15.792+0000] {dag.py:4180} INFO - Setting next_dagrun for example_xcom to 2021-01-01 00:00:00+00:00, run_after=2021-01-01 00:00:00+00:00
[2024-11-05T10:44:15.817+0000] {processor.py:208} INFO - Processing /home/airflow/.local/lib/python3.12/site-packages/airflow/example_dags/example_xcom.py took 0.112 seconds
[2024-11-05T10:44:46.012+0000] {processor.py:186} INFO - Started process (PID=1025) to work on /home/airflow/.local/lib/python3.12/site-packages/airflow/example_dags/example_xcom.py
[2024-11-05T10:44:46.014+0000] {processor.py:914} INFO - Processing file /home/airflow/.local/lib/python3.12/site-packages/airflow/example_dags/example_xcom.py for tasks to queue
[2024-11-05T10:44:46.016+0000] {logging_mixin.py:190} INFO - [2024-11-05T10:44:46.016+0000] {dagbag.py:588} INFO - Filling up the DagBag from /home/airflow/.local/lib/python3.12/site-packages/airflow/example_dags/example_xcom.py
[2024-11-05T10:44:46.028+0000] {processor.py:925} INFO - DAG(s) 'example_xcom' retrieved from /home/airflow/.local/lib/python3.12/site-packages/airflow/example_dags/example_xcom.py
[2024-11-05T10:44:46.058+0000] {logging_mixin.py:190} INFO - [2024-11-05T10:44:46.058+0000] {dag.py:3239} INFO - Sync 1 DAGs
[2024-11-05T10:44:46.091+0000] {logging_mixin.py:190} INFO - [2024-11-05T10:44:46.091+0000] {dag.py:4180} INFO - Setting next_dagrun for example_xcom to 2021-01-01 00:00:00+00:00, run_after=2021-01-01 00:00:00+00:00
[2024-11-05T10:44:46.120+0000] {processor.py:208} INFO - Processing /home/airflow/.local/lib/python3.12/site-packages/airflow/example_dags/example_xcom.py took 0.115 seconds
[2024-11-05T10:45:16.171+0000] {processor.py:186} INFO - Started process (PID=1087) to work on /home/airflow/.local/lib/python3.12/site-packages/airflow/example_dags/example_xcom.py
[2024-11-05T10:45:16.173+0000] {processor.py:914} INFO - Processing file /home/airflow/.local/lib/python3.12/site-packages/airflow/example_dags/example_xcom.py for tasks to queue
[2024-11-05T10:45:16.175+0000] {logging_mixin.py:190} INFO - [2024-11-05T10:45:16.175+0000] {dagbag.py:588} INFO - Filling up the DagBag from /home/airflow/.local/lib/python3.12/site-packages/airflow/example_dags/example_xcom.py
[2024-11-05T10:45:16.185+0000] {processor.py:925} INFO - DAG(s) 'example_xcom' retrieved from /home/airflow/.local/lib/python3.12/site-packages/airflow/example_dags/example_xcom.py
[2024-11-05T10:45:16.213+0000] {logging_mixin.py:190} INFO - [2024-11-05T10:45:16.213+0000] {dag.py:3239} INFO - Sync 1 DAGs
[2024-11-05T10:45:16.240+0000] {logging_mixin.py:190} INFO - [2024-11-05T10:45:16.240+0000] {dag.py:4180} INFO - Setting next_dagrun for example_xcom to 2021-01-01 00:00:00+00:00, run_after=2021-01-01 00:00:00+00:00
[2024-11-05T10:45:16.263+0000] {processor.py:208} INFO - Processing /home/airflow/.local/lib/python3.12/site-packages/airflow/example_dags/example_xcom.py took 0.100 seconds
[2024-11-05T10:45:46.479+0000] {processor.py:186} INFO - Started process (PID=1150) to work on /home/airflow/.local/lib/python3.12/site-packages/airflow/example_dags/example_xcom.py
[2024-11-05T10:45:46.480+0000] {processor.py:914} INFO - Processing file /home/airflow/.local/lib/python3.12/site-packages/airflow/example_dags/example_xcom.py for tasks to queue
[2024-11-05T10:45:46.482+0000] {logging_mixin.py:190} INFO - [2024-11-05T10:45:46.482+0000] {dagbag.py:588} INFO - Filling up the DagBag from /home/airflow/.local/lib/python3.12/site-packages/airflow/example_dags/example_xcom.py
[2024-11-05T10:45:46.493+0000] {processor.py:925} INFO - DAG(s) 'example_xcom' retrieved from /home/airflow/.local/lib/python3.12/site-packages/airflow/example_dags/example_xcom.py
[2024-11-05T10:45:46.512+0000] {logging_mixin.py:190} INFO - [2024-11-05T10:45:46.512+0000] {dag.py:3239} INFO - Sync 1 DAGs
[2024-11-05T10:45:46.534+0000] {logging_mixin.py:190} INFO - [2024-11-05T10:45:46.534+0000] {dag.py:4180} INFO - Setting next_dagrun for example_xcom to 2021-01-01 00:00:00+00:00, run_after=2021-01-01 00:00:00+00:00
[2024-11-05T10:45:46.553+0000] {processor.py:208} INFO - Processing /home/airflow/.local/lib/python3.12/site-packages/airflow/example_dags/example_xcom.py took 0.079 seconds
[2024-11-05T10:46:17.285+0000] {processor.py:186} INFO - Started process (PID=1213) to work on /home/airflow/.local/lib/python3.12/site-packages/airflow/example_dags/example_xcom.py
[2024-11-05T10:46:17.287+0000] {processor.py:914} INFO - Processing file /home/airflow/.local/lib/python3.12/site-packages/airflow/example_dags/example_xcom.py for tasks to queue
[2024-11-05T10:46:17.289+0000] {logging_mixin.py:190} INFO - [2024-11-05T10:46:17.289+0000] {dagbag.py:588} INFO - Filling up the DagBag from /home/airflow/.local/lib/python3.12/site-packages/airflow/example_dags/example_xcom.py
[2024-11-05T10:46:17.303+0000] {processor.py:925} INFO - DAG(s) 'example_xcom' retrieved from /home/airflow/.local/lib/python3.12/site-packages/airflow/example_dags/example_xcom.py
[2024-11-05T10:46:17.336+0000] {logging_mixin.py:190} INFO - [2024-11-05T10:46:17.335+0000] {dag.py:3239} INFO - Sync 1 DAGs
[2024-11-05T10:46:17.372+0000] {logging_mixin.py:190} INFO - [2024-11-05T10:46:17.372+0000] {dag.py:4180} INFO - Setting next_dagrun for example_xcom to 2021-01-01 00:00:00+00:00, run_after=2021-01-01 00:00:00+00:00
[2024-11-05T10:46:17.403+0000] {processor.py:208} INFO - Processing /home/airflow/.local/lib/python3.12/site-packages/airflow/example_dags/example_xcom.py took 0.125 seconds
[2024-11-05T10:46:48.251+0000] {processor.py:186} INFO - Started process (PID=1275) to work on /home/airflow/.local/lib/python3.12/site-packages/airflow/example_dags/example_xcom.py
[2024-11-05T10:46:48.252+0000] {processor.py:914} INFO - Processing file /home/airflow/.local/lib/python3.12/site-packages/airflow/example_dags/example_xcom.py for tasks to queue
[2024-11-05T10:46:48.255+0000] {logging_mixin.py:190} INFO - [2024-11-05T10:46:48.255+0000] {dagbag.py:588} INFO - Filling up the DagBag from /home/airflow/.local/lib/python3.12/site-packages/airflow/example_dags/example_xcom.py
[2024-11-05T10:46:48.271+0000] {processor.py:925} INFO - DAG(s) 'example_xcom' retrieved from /home/airflow/.local/lib/python3.12/site-packages/airflow/example_dags/example_xcom.py
[2024-11-05T10:46:48.303+0000] {logging_mixin.py:190} INFO - [2024-11-05T10:46:48.303+0000] {dag.py:3239} INFO - Sync 1 DAGs
[2024-11-05T10:46:48.344+0000] {logging_mixin.py:190} INFO - [2024-11-05T10:46:48.343+0000] {dag.py:4180} INFO - Setting next_dagrun for example_xcom to 2021-01-01 00:00:00+00:00, run_after=2021-01-01 00:00:00+00:00
[2024-11-05T10:46:48.371+0000] {processor.py:208} INFO - Processing /home/airflow/.local/lib/python3.12/site-packages/airflow/example_dags/example_xcom.py took 0.130 seconds
[2024-11-05T10:47:18.782+0000] {processor.py:186} INFO - Started process (PID=1338) to work on /home/airflow/.local/lib/python3.12/site-packages/airflow/example_dags/example_xcom.py
[2024-11-05T10:47:18.783+0000] {processor.py:914} INFO - Processing file /home/airflow/.local/lib/python3.12/site-packages/airflow/example_dags/example_xcom.py for tasks to queue
[2024-11-05T10:47:18.785+0000] {logging_mixin.py:190} INFO - [2024-11-05T10:47:18.785+0000] {dagbag.py:588} INFO - Filling up the DagBag from /home/airflow/.local/lib/python3.12/site-packages/airflow/example_dags/example_xcom.py
[2024-11-05T10:47:18.797+0000] {processor.py:925} INFO - DAG(s) 'example_xcom' retrieved from /home/airflow/.local/lib/python3.12/site-packages/airflow/example_dags/example_xcom.py
[2024-11-05T10:47:18.817+0000] {logging_mixin.py:190} INFO - [2024-11-05T10:47:18.817+0000] {dag.py:3239} INFO - Sync 1 DAGs
[2024-11-05T10:47:18.840+0000] {logging_mixin.py:190} INFO - [2024-11-05T10:47:18.840+0000] {dag.py:4180} INFO - Setting next_dagrun for example_xcom to 2021-01-01 00:00:00+00:00, run_after=2021-01-01 00:00:00+00:00
[2024-11-05T10:47:18.879+0000] {processor.py:208} INFO - Processing /home/airflow/.local/lib/python3.12/site-packages/airflow/example_dags/example_xcom.py took 0.103 seconds
[2024-11-05T10:47:49.118+0000] {processor.py:186} INFO - Started process (PID=1401) to work on /home/airflow/.local/lib/python3.12/site-packages/airflow/example_dags/example_xcom.py
[2024-11-05T10:47:49.119+0000] {processor.py:914} INFO - Processing file /home/airflow/.local/lib/python3.12/site-packages/airflow/example_dags/example_xcom.py for tasks to queue
[2024-11-05T10:47:49.122+0000] {logging_mixin.py:190} INFO - [2024-11-05T10:47:49.122+0000] {dagbag.py:588} INFO - Filling up the DagBag from /home/airflow/.local/lib/python3.12/site-packages/airflow/example_dags/example_xcom.py
[2024-11-05T10:47:49.137+0000] {processor.py:925} INFO - DAG(s) 'example_xcom' retrieved from /home/airflow/.local/lib/python3.12/site-packages/airflow/example_dags/example_xcom.py
[2024-11-05T10:47:49.197+0000] {logging_mixin.py:190} INFO - [2024-11-05T10:47:49.197+0000] {dag.py:3239} INFO - Sync 1 DAGs
[2024-11-05T10:47:49.228+0000] {logging_mixin.py:190} INFO - [2024-11-05T10:47:49.228+0000] {dag.py:4180} INFO - Setting next_dagrun for example_xcom to 2021-01-01 00:00:00+00:00, run_after=2021-01-01 00:00:00+00:00
[2024-11-05T10:47:49.285+0000] {processor.py:208} INFO - Processing /home/airflow/.local/lib/python3.12/site-packages/airflow/example_dags/example_xcom.py took 0.178 seconds
[2024-11-05T10:48:20.165+0000] {processor.py:186} INFO - Started process (PID=1463) to work on /home/airflow/.local/lib/python3.12/site-packages/airflow/example_dags/example_xcom.py
[2024-11-05T10:48:20.166+0000] {processor.py:914} INFO - Processing file /home/airflow/.local/lib/python3.12/site-packages/airflow/example_dags/example_xcom.py for tasks to queue
[2024-11-05T10:48:20.168+0000] {logging_mixin.py:190} INFO - [2024-11-05T10:48:20.168+0000] {dagbag.py:588} INFO - Filling up the DagBag from /home/airflow/.local/lib/python3.12/site-packages/airflow/example_dags/example_xcom.py
[2024-11-05T10:48:20.177+0000] {processor.py:925} INFO - DAG(s) 'example_xcom' retrieved from /home/airflow/.local/lib/python3.12/site-packages/airflow/example_dags/example_xcom.py
[2024-11-05T10:48:20.197+0000] {logging_mixin.py:190} INFO - [2024-11-05T10:48:20.197+0000] {dag.py:3239} INFO - Sync 1 DAGs
[2024-11-05T10:48:20.220+0000] {logging_mixin.py:190} INFO - [2024-11-05T10:48:20.220+0000] {dag.py:4180} INFO - Setting next_dagrun for example_xcom to 2021-01-01 00:00:00+00:00, run_after=2021-01-01 00:00:00+00:00
[2024-11-05T10:48:20.238+0000] {processor.py:208} INFO - Processing /home/airflow/.local/lib/python3.12/site-packages/airflow/example_dags/example_xcom.py took 0.078 seconds
[2024-11-05T10:48:51.411+0000] {processor.py:186} INFO - Started process (PID=1526) to work on /home/airflow/.local/lib/python3.12/site-packages/airflow/example_dags/example_xcom.py
[2024-11-05T10:48:51.413+0000] {processor.py:914} INFO - Processing file /home/airflow/.local/lib/python3.12/site-packages/airflow/example_dags/example_xcom.py for tasks to queue
[2024-11-05T10:48:51.417+0000] {logging_mixin.py:190} INFO - [2024-11-05T10:48:51.416+0000] {dagbag.py:588} INFO - Filling up the DagBag from /home/airflow/.local/lib/python3.12/site-packages/airflow/example_dags/example_xcom.py
[2024-11-05T10:48:51.434+0000] {processor.py:925} INFO - DAG(s) 'example_xcom' retrieved from /home/airflow/.local/lib/python3.12/site-packages/airflow/example_dags/example_xcom.py
[2024-11-05T10:48:51.473+0000] {logging_mixin.py:190} INFO - [2024-11-05T10:48:51.473+0000] {dag.py:3239} INFO - Sync 1 DAGs
[2024-11-05T10:48:51.517+0000] {logging_mixin.py:190} INFO - [2024-11-05T10:48:51.516+0000] {dag.py:4180} INFO - Setting next_dagrun for example_xcom to 2021-01-01 00:00:00+00:00, run_after=2021-01-01 00:00:00+00:00
[2024-11-05T10:48:51.546+0000] {processor.py:208} INFO - Processing /home/airflow/.local/lib/python3.12/site-packages/airflow/example_dags/example_xcom.py took 0.143 seconds
[2024-11-05T10:49:22.018+0000] {processor.py:186} INFO - Started process (PID=1588) to work on /home/airflow/.local/lib/python3.12/site-packages/airflow/example_dags/example_xcom.py
[2024-11-05T10:49:22.019+0000] {processor.py:914} INFO - Processing file /home/airflow/.local/lib/python3.12/site-packages/airflow/example_dags/example_xcom.py for tasks to queue
[2024-11-05T10:49:22.025+0000] {logging_mixin.py:190} INFO - [2024-11-05T10:49:22.024+0000] {dagbag.py:588} INFO - Filling up the DagBag from /home/airflow/.local/lib/python3.12/site-packages/airflow/example_dags/example_xcom.py
[2024-11-05T10:49:22.039+0000] {processor.py:925} INFO - DAG(s) 'example_xcom' retrieved from /home/airflow/.local/lib/python3.12/site-packages/airflow/example_dags/example_xcom.py
[2024-11-05T10:49:22.068+0000] {logging_mixin.py:190} INFO - [2024-11-05T10:49:22.068+0000] {dag.py:3239} INFO - Sync 1 DAGs
[2024-11-05T10:49:22.102+0000] {logging_mixin.py:190} INFO - [2024-11-05T10:49:22.102+0000] {dag.py:4180} INFO - Setting next_dagrun for example_xcom to 2021-01-01 00:00:00+00:00, run_after=2021-01-01 00:00:00+00:00
[2024-11-05T10:49:22.138+0000] {processor.py:208} INFO - Processing /home/airflow/.local/lib/python3.12/site-packages/airflow/example_dags/example_xcom.py took 0.127 seconds
[2024-11-05T10:49:52.609+0000] {processor.py:186} INFO - Started process (PID=1651) to work on /home/airflow/.local/lib/python3.12/site-packages/airflow/example_dags/example_xcom.py
[2024-11-05T10:49:52.610+0000] {processor.py:914} INFO - Processing file /home/airflow/.local/lib/python3.12/site-packages/airflow/example_dags/example_xcom.py for tasks to queue
[2024-11-05T10:49:52.612+0000] {logging_mixin.py:190} INFO - [2024-11-05T10:49:52.612+0000] {dagbag.py:588} INFO - Filling up the DagBag from /home/airflow/.local/lib/python3.12/site-packages/airflow/example_dags/example_xcom.py
[2024-11-05T10:49:52.623+0000] {processor.py:925} INFO - DAG(s) 'example_xcom' retrieved from /home/airflow/.local/lib/python3.12/site-packages/airflow/example_dags/example_xcom.py
[2024-11-05T10:49:52.645+0000] {logging_mixin.py:190} INFO - [2024-11-05T10:49:52.645+0000] {dag.py:3239} INFO - Sync 1 DAGs
[2024-11-05T10:49:52.673+0000] {logging_mixin.py:190} INFO - [2024-11-05T10:49:52.673+0000] {dag.py:4180} INFO - Setting next_dagrun for example_xcom to 2021-01-01 00:00:00+00:00, run_after=2021-01-01 00:00:00+00:00
[2024-11-05T10:49:52.697+0000] {processor.py:208} INFO - Processing /home/airflow/.local/lib/python3.12/site-packages/airflow/example_dags/example_xcom.py took 0.096 seconds
[2024-11-05T10:50:22.912+0000] {processor.py:186} INFO - Started process (PID=1714) to work on /home/airflow/.local/lib/python3.12/site-packages/airflow/example_dags/example_xcom.py
[2024-11-05T10:50:22.914+0000] {processor.py:914} INFO - Processing file /home/airflow/.local/lib/python3.12/site-packages/airflow/example_dags/example_xcom.py for tasks to queue
[2024-11-05T10:50:22.917+0000] {logging_mixin.py:190} INFO - [2024-11-05T10:50:22.917+0000] {dagbag.py:588} INFO - Filling up the DagBag from /home/airflow/.local/lib/python3.12/site-packages/airflow/example_dags/example_xcom.py
[2024-11-05T10:50:22.930+0000] {processor.py:925} INFO - DAG(s) 'example_xcom' retrieved from /home/airflow/.local/lib/python3.12/site-packages/airflow/example_dags/example_xcom.py
[2024-11-05T10:50:22.955+0000] {logging_mixin.py:190} INFO - [2024-11-05T10:50:22.955+0000] {dag.py:3239} INFO - Sync 1 DAGs
[2024-11-05T10:50:22.983+0000] {logging_mixin.py:190} INFO - [2024-11-05T10:50:22.983+0000] {dag.py:4180} INFO - Setting next_dagrun for example_xcom to 2021-01-01 00:00:00+00:00, run_after=2021-01-01 00:00:00+00:00
[2024-11-05T10:50:23.006+0000] {processor.py:208} INFO - Processing /home/airflow/.local/lib/python3.12/site-packages/airflow/example_dags/example_xcom.py took 0.100 seconds
[2024-11-05T10:50:53.584+0000] {processor.py:186} INFO - Started process (PID=1776) to work on /home/airflow/.local/lib/python3.12/site-packages/airflow/example_dags/example_xcom.py
[2024-11-05T10:50:53.586+0000] {processor.py:914} INFO - Processing file /home/airflow/.local/lib/python3.12/site-packages/airflow/example_dags/example_xcom.py for tasks to queue
[2024-11-05T10:50:53.588+0000] {logging_mixin.py:190} INFO - [2024-11-05T10:50:53.587+0000] {dagbag.py:588} INFO - Filling up the DagBag from /home/airflow/.local/lib/python3.12/site-packages/airflow/example_dags/example_xcom.py
[2024-11-05T10:50:53.598+0000] {processor.py:925} INFO - DAG(s) 'example_xcom' retrieved from /home/airflow/.local/lib/python3.12/site-packages/airflow/example_dags/example_xcom.py
[2024-11-05T10:50:53.624+0000] {logging_mixin.py:190} INFO - [2024-11-05T10:50:53.624+0000] {dag.py:3239} INFO - Sync 1 DAGs
[2024-11-05T10:50:53.664+0000] {logging_mixin.py:190} INFO - [2024-11-05T10:50:53.664+0000] {dag.py:4180} INFO - Setting next_dagrun for example_xcom to 2021-01-01 00:00:00+00:00, run_after=2021-01-01 00:00:00+00:00
[2024-11-05T10:50:53.691+0000] {processor.py:208} INFO - Processing /home/airflow/.local/lib/python3.12/site-packages/airflow/example_dags/example_xcom.py took 0.113 seconds
[2024-11-05T10:51:24.341+0000] {processor.py:186} INFO - Started process (PID=1839) to work on /home/airflow/.local/lib/python3.12/site-packages/airflow/example_dags/example_xcom.py
[2024-11-05T10:51:24.343+0000] {processor.py:914} INFO - Processing file /home/airflow/.local/lib/python3.12/site-packages/airflow/example_dags/example_xcom.py for tasks to queue
[2024-11-05T10:51:24.347+0000] {logging_mixin.py:190} INFO - [2024-11-05T10:51:24.346+0000] {dagbag.py:588} INFO - Filling up the DagBag from /home/airflow/.local/lib/python3.12/site-packages/airflow/example_dags/example_xcom.py
[2024-11-05T10:51:24.365+0000] {processor.py:925} INFO - DAG(s) 'example_xcom' retrieved from /home/airflow/.local/lib/python3.12/site-packages/airflow/example_dags/example_xcom.py
[2024-11-05T10:51:24.437+0000] {logging_mixin.py:190} INFO - [2024-11-05T10:51:24.436+0000] {dag.py:3239} INFO - Sync 1 DAGs
[2024-11-05T10:51:24.485+0000] {logging_mixin.py:190} INFO - [2024-11-05T10:51:24.484+0000] {dag.py:4180} INFO - Setting next_dagrun for example_xcom to 2021-01-01 00:00:00+00:00, run_after=2021-01-01 00:00:00+00:00
[2024-11-05T10:51:24.515+0000] {processor.py:208} INFO - Processing /home/airflow/.local/lib/python3.12/site-packages/airflow/example_dags/example_xcom.py took 0.182 seconds
[2024-11-05T10:51:55.081+0000] {processor.py:186} INFO - Started process (PID=1902) to work on /home/airflow/.local/lib/python3.12/site-packages/airflow/example_dags/example_xcom.py
[2024-11-05T10:51:55.082+0000] {processor.py:914} INFO - Processing file /home/airflow/.local/lib/python3.12/site-packages/airflow/example_dags/example_xcom.py for tasks to queue
[2024-11-05T10:51:55.086+0000] {logging_mixin.py:190} INFO - [2024-11-05T10:51:55.085+0000] {dagbag.py:588} INFO - Filling up the DagBag from /home/airflow/.local/lib/python3.12/site-packages/airflow/example_dags/example_xcom.py
[2024-11-05T10:51:55.100+0000] {processor.py:925} INFO - DAG(s) 'example_xcom' retrieved from /home/airflow/.local/lib/python3.12/site-packages/airflow/example_dags/example_xcom.py
[2024-11-05T10:51:55.133+0000] {logging_mixin.py:190} INFO - [2024-11-05T10:51:55.133+0000] {dag.py:3239} INFO - Sync 1 DAGs
[2024-11-05T10:51:55.177+0000] {logging_mixin.py:190} INFO - [2024-11-05T10:51:55.176+0000] {dag.py:4180} INFO - Setting next_dagrun for example_xcom to 2021-01-01 00:00:00+00:00, run_after=2021-01-01 00:00:00+00:00
[2024-11-05T10:51:55.207+0000] {processor.py:208} INFO - Processing /home/airflow/.local/lib/python3.12/site-packages/airflow/example_dags/example_xcom.py took 0.135 seconds
[2024-11-05T10:52:25.357+0000] {processor.py:186} INFO - Started process (PID=1966) to work on /home/airflow/.local/lib/python3.12/site-packages/airflow/example_dags/example_xcom.py
[2024-11-05T10:52:25.358+0000] {processor.py:914} INFO - Processing file /home/airflow/.local/lib/python3.12/site-packages/airflow/example_dags/example_xcom.py for tasks to queue
[2024-11-05T10:52:25.361+0000] {logging_mixin.py:190} INFO - [2024-11-05T10:52:25.360+0000] {dagbag.py:588} INFO - Filling up the DagBag from /home/airflow/.local/lib/python3.12/site-packages/airflow/example_dags/example_xcom.py
[2024-11-05T10:52:25.374+0000] {processor.py:925} INFO - DAG(s) 'example_xcom' retrieved from /home/airflow/.local/lib/python3.12/site-packages/airflow/example_dags/example_xcom.py
[2024-11-05T10:52:25.405+0000] {logging_mixin.py:190} INFO - [2024-11-05T10:52:25.405+0000] {dag.py:3239} INFO - Sync 1 DAGs
[2024-11-05T10:52:25.439+0000] {logging_mixin.py:190} INFO - [2024-11-05T10:52:25.439+0000] {dag.py:4180} INFO - Setting next_dagrun for example_xcom to 2021-01-01 00:00:00+00:00, run_after=2021-01-01 00:00:00+00:00
[2024-11-05T10:52:25.467+0000] {processor.py:208} INFO - Processing /home/airflow/.local/lib/python3.12/site-packages/airflow/example_dags/example_xcom.py took 0.117 seconds
[2024-11-05T10:52:55.999+0000] {processor.py:186} INFO - Started process (PID=2029) to work on /home/airflow/.local/lib/python3.12/site-packages/airflow/example_dags/example_xcom.py
[2024-11-05T10:52:56.001+0000] {processor.py:914} INFO - Processing file /home/airflow/.local/lib/python3.12/site-packages/airflow/example_dags/example_xcom.py for tasks to queue
[2024-11-05T10:52:56.003+0000] {logging_mixin.py:190} INFO - [2024-11-05T10:52:56.003+0000] {dagbag.py:588} INFO - Filling up the DagBag from /home/airflow/.local/lib/python3.12/site-packages/airflow/example_dags/example_xcom.py
[2024-11-05T10:52:56.014+0000] {processor.py:925} INFO - DAG(s) 'example_xcom' retrieved from /home/airflow/.local/lib/python3.12/site-packages/airflow/example_dags/example_xcom.py
[2024-11-05T10:52:56.044+0000] {logging_mixin.py:190} INFO - [2024-11-05T10:52:56.043+0000] {dag.py:3239} INFO - Sync 1 DAGs
[2024-11-05T10:52:56.070+0000] {logging_mixin.py:190} INFO - [2024-11-05T10:52:56.069+0000] {dag.py:4180} INFO - Setting next_dagrun for example_xcom to 2021-01-01 00:00:00+00:00, run_after=2021-01-01 00:00:00+00:00
[2024-11-05T10:52:56.093+0000] {processor.py:208} INFO - Processing /home/airflow/.local/lib/python3.12/site-packages/airflow/example_dags/example_xcom.py took 0.101 seconds
[2024-11-05T10:53:26.313+0000] {processor.py:186} INFO - Started process (PID=2092) to work on /home/airflow/.local/lib/python3.12/site-packages/airflow/example_dags/example_xcom.py
[2024-11-05T10:53:26.314+0000] {processor.py:914} INFO - Processing file /home/airflow/.local/lib/python3.12/site-packages/airflow/example_dags/example_xcom.py for tasks to queue
[2024-11-05T10:53:26.316+0000] {logging_mixin.py:190} INFO - [2024-11-05T10:53:26.316+0000] {dagbag.py:588} INFO - Filling up the DagBag from /home/airflow/.local/lib/python3.12/site-packages/airflow/example_dags/example_xcom.py
[2024-11-05T10:53:26.335+0000] {processor.py:925} INFO - DAG(s) 'example_xcom' retrieved from /home/airflow/.local/lib/python3.12/site-packages/airflow/example_dags/example_xcom.py
[2024-11-05T10:53:26.371+0000] {logging_mixin.py:190} INFO - [2024-11-05T10:53:26.371+0000] {dag.py:3239} INFO - Sync 1 DAGs
[2024-11-05T10:53:26.421+0000] {logging_mixin.py:190} INFO - [2024-11-05T10:53:26.420+0000] {dag.py:4180} INFO - Setting next_dagrun for example_xcom to 2021-01-01 00:00:00+00:00, run_after=2021-01-01 00:00:00+00:00
[2024-11-05T10:53:26.469+0000] {processor.py:208} INFO - Processing /home/airflow/.local/lib/python3.12/site-packages/airflow/example_dags/example_xcom.py took 0.164 seconds
[2024-11-05T10:53:56.715+0000] {processor.py:186} INFO - Started process (PID=2155) to work on /home/airflow/.local/lib/python3.12/site-packages/airflow/example_dags/example_xcom.py
[2024-11-05T10:53:56.716+0000] {processor.py:914} INFO - Processing file /home/airflow/.local/lib/python3.12/site-packages/airflow/example_dags/example_xcom.py for tasks to queue
[2024-11-05T10:53:56.719+0000] {logging_mixin.py:190} INFO - [2024-11-05T10:53:56.719+0000] {dagbag.py:588} INFO - Filling up the DagBag from /home/airflow/.local/lib/python3.12/site-packages/airflow/example_dags/example_xcom.py
[2024-11-05T10:53:56.731+0000] {processor.py:925} INFO - DAG(s) 'example_xcom' retrieved from /home/airflow/.local/lib/python3.12/site-packages/airflow/example_dags/example_xcom.py
[2024-11-05T10:53:56.758+0000] {logging_mixin.py:190} INFO - [2024-11-05T10:53:56.758+0000] {dag.py:3239} INFO - Sync 1 DAGs
[2024-11-05T10:53:56.784+0000] {logging_mixin.py:190} INFO - [2024-11-05T10:53:56.784+0000] {dag.py:4180} INFO - Setting next_dagrun for example_xcom to 2021-01-01 00:00:00+00:00, run_after=2021-01-01 00:00:00+00:00
[2024-11-05T10:53:56.810+0000] {processor.py:208} INFO - Processing /home/airflow/.local/lib/python3.12/site-packages/airflow/example_dags/example_xcom.py took 0.103 seconds
[2024-11-05T10:54:26.907+0000] {processor.py:186} INFO - Started process (PID=2218) to work on /home/airflow/.local/lib/python3.12/site-packages/airflow/example_dags/example_xcom.py
[2024-11-05T10:54:26.908+0000] {processor.py:914} INFO - Processing file /home/airflow/.local/lib/python3.12/site-packages/airflow/example_dags/example_xcom.py for tasks to queue
[2024-11-05T10:54:26.910+0000] {logging_mixin.py:190} INFO - [2024-11-05T10:54:26.910+0000] {dagbag.py:588} INFO - Filling up the DagBag from /home/airflow/.local/lib/python3.12/site-packages/airflow/example_dags/example_xcom.py
[2024-11-05T10:54:26.921+0000] {processor.py:925} INFO - DAG(s) 'example_xcom' retrieved from /home/airflow/.local/lib/python3.12/site-packages/airflow/example_dags/example_xcom.py
[2024-11-05T10:54:26.944+0000] {logging_mixin.py:190} INFO - [2024-11-05T10:54:26.944+0000] {dag.py:3239} INFO - Sync 1 DAGs
[2024-11-05T10:54:26.980+0000] {logging_mixin.py:190} INFO - [2024-11-05T10:54:26.980+0000] {dag.py:4180} INFO - Setting next_dagrun for example_xcom to 2021-01-01 00:00:00+00:00, run_after=2021-01-01 00:00:00+00:00
[2024-11-05T10:54:27.001+0000] {processor.py:208} INFO - Processing /home/airflow/.local/lib/python3.12/site-packages/airflow/example_dags/example_xcom.py took 0.102 seconds
