[2024-11-05T10:37:12.655+0000] {processor.py:186} INFO - Started process (PID=100) to work on /home/airflow/.local/lib/python3.12/site-packages/airflow/example_dags/example_inlet_event_extra.py
[2024-11-05T10:37:12.656+0000] {processor.py:914} INFO - Processing file /home/airflow/.local/lib/python3.12/site-packages/airflow/example_dags/example_inlet_event_extra.py for tasks to queue
[2024-11-05T10:37:12.658+0000] {logging_mixin.py:190} INFO - [2024-11-05T10:37:12.658+0000] {dagbag.py:588} INFO - Filling up the DagBag from /home/airflow/.local/lib/python3.12/site-packages/airflow/example_dags/example_inlet_event_extra.py
[2024-11-05T10:37:12.917+0000] {processor.py:925} INFO - DAG(s) 'read_dataset_event', 'read_dataset_event_from_classic' retrieved from /home/airflow/.local/lib/python3.12/site-packages/airflow/example_dags/example_inlet_event_extra.py
[2024-11-05T10:37:13.123+0000] {logging_mixin.py:190} INFO - [2024-11-05T10:37:13.122+0000] {override.py:1900} INFO - Created Permission View: can delete on DAG:read_dataset_event
[2024-11-05T10:37:13.138+0000] {logging_mixin.py:190} INFO - [2024-11-05T10:37:13.138+0000] {override.py:1900} INFO - Created Permission View: can read on DAG:read_dataset_event
[2024-11-05T10:37:13.152+0000] {logging_mixin.py:190} INFO - [2024-11-05T10:37:13.151+0000] {override.py:1900} INFO - Created Permission View: can edit on DAG:read_dataset_event
[2024-11-05T10:37:13.163+0000] {logging_mixin.py:190} INFO - [2024-11-05T10:37:13.163+0000] {override.py:1900} INFO - Created Permission View: can delete on DAG Run:read_dataset_event
[2024-11-05T10:37:13.174+0000] {logging_mixin.py:190} INFO - [2024-11-05T10:37:13.173+0000] {override.py:1900} INFO - Created Permission View: can create on DAG Run:read_dataset_event
[2024-11-05T10:37:13.187+0000] {logging_mixin.py:190} INFO - [2024-11-05T10:37:13.186+0000] {override.py:1900} INFO - Created Permission View: can read on DAG Run:read_dataset_event
[2024-11-05T10:37:13.198+0000] {logging_mixin.py:190} INFO - [2024-11-05T10:37:13.197+0000] {override.py:1900} INFO - Created Permission View: menu access on DAG Run:read_dataset_event
[2024-11-05T10:37:13.216+0000] {logging_mixin.py:190} INFO - [2024-11-05T10:37:13.215+0000] {override.py:1900} INFO - Created Permission View: can delete on DAG:read_dataset_event_from_classic
[2024-11-05T10:37:13.226+0000] {logging_mixin.py:190} INFO - [2024-11-05T10:37:13.226+0000] {override.py:1900} INFO - Created Permission View: can read on DAG:read_dataset_event_from_classic
[2024-11-05T10:37:13.236+0000] {logging_mixin.py:190} INFO - [2024-11-05T10:37:13.236+0000] {override.py:1900} INFO - Created Permission View: can edit on DAG:read_dataset_event_from_classic
[2024-11-05T10:37:13.247+0000] {logging_mixin.py:190} INFO - [2024-11-05T10:37:13.246+0000] {override.py:1900} INFO - Created Permission View: can delete on DAG Run:read_dataset_event_from_classic
[2024-11-05T10:37:13.258+0000] {logging_mixin.py:190} INFO - [2024-11-05T10:37:13.258+0000] {override.py:1900} INFO - Created Permission View: can create on DAG Run:read_dataset_event_from_classic
[2024-11-05T10:37:13.272+0000] {logging_mixin.py:190} INFO - [2024-11-05T10:37:13.271+0000] {override.py:1900} INFO - Created Permission View: can read on DAG Run:read_dataset_event_from_classic
[2024-11-05T10:37:13.284+0000] {logging_mixin.py:190} INFO - [2024-11-05T10:37:13.283+0000] {override.py:1900} INFO - Created Permission View: menu access on DAG Run:read_dataset_event_from_classic
[2024-11-05T10:37:13.284+0000] {logging_mixin.py:190} INFO - [2024-11-05T10:37:13.284+0000] {dag.py:3239} INFO - Sync 2 DAGs
[2024-11-05T10:37:13.304+0000] {logging_mixin.py:190} INFO - [2024-11-05T10:37:13.304+0000] {dag.py:3262} INFO - Creating ORM DAG for read_dataset_event_from_classic
[2024-11-05T10:37:13.305+0000] {logging_mixin.py:190} INFO - [2024-11-05T10:37:13.305+0000] {dag.py:3262} INFO - Creating ORM DAG for read_dataset_event
[2024-11-05T10:37:13.322+0000] {logging_mixin.py:190} INFO - [2024-11-05T10:37:13.322+0000] {dag.py:4180} INFO - Setting next_dagrun for read_dataset_event to 2024-11-04 00:00:00+00:00, run_after=2024-11-05 00:00:00+00:00
[2024-11-05T10:37:13.326+0000] {logging_mixin.py:190} INFO - [2024-11-05T10:37:13.325+0000] {dag.py:4180} INFO - Setting next_dagrun for read_dataset_event_from_classic to 2024-11-04 00:00:00+00:00, run_after=2024-11-05 00:00:00+00:00
[2024-11-05T10:37:13.360+0000] {processor.py:208} INFO - Processing /home/airflow/.local/lib/python3.12/site-packages/airflow/example_dags/example_inlet_event_extra.py took 0.714 seconds
[2024-11-05T10:37:43.506+0000] {processor.py:186} INFO - Started process (PID=163) to work on /home/airflow/.local/lib/python3.12/site-packages/airflow/example_dags/example_inlet_event_extra.py
[2024-11-05T10:37:43.508+0000] {processor.py:914} INFO - Processing file /home/airflow/.local/lib/python3.12/site-packages/airflow/example_dags/example_inlet_event_extra.py for tasks to queue
[2024-11-05T10:37:43.510+0000] {logging_mixin.py:190} INFO - [2024-11-05T10:37:43.509+0000] {dagbag.py:588} INFO - Filling up the DagBag from /home/airflow/.local/lib/python3.12/site-packages/airflow/example_dags/example_inlet_event_extra.py
[2024-11-05T10:37:43.663+0000] {processor.py:925} INFO - DAG(s) 'read_dataset_event', 'read_dataset_event_from_classic' retrieved from /home/airflow/.local/lib/python3.12/site-packages/airflow/example_dags/example_inlet_event_extra.py
[2024-11-05T10:37:43.684+0000] {logging_mixin.py:190} INFO - [2024-11-05T10:37:43.684+0000] {dag.py:3239} INFO - Sync 2 DAGs
[2024-11-05T10:37:43.711+0000] {logging_mixin.py:190} INFO - [2024-11-05T10:37:43.711+0000] {dag.py:4180} INFO - Setting next_dagrun for read_dataset_event to 2024-11-04 00:00:00+00:00, run_after=2024-11-05 00:00:00+00:00
[2024-11-05T10:37:43.717+0000] {logging_mixin.py:190} INFO - [2024-11-05T10:37:43.716+0000] {dag.py:4180} INFO - Setting next_dagrun for read_dataset_event_from_classic to 2024-11-04 00:00:00+00:00, run_after=2024-11-05 00:00:00+00:00
[2024-11-05T10:37:43.740+0000] {processor.py:208} INFO - Processing /home/airflow/.local/lib/python3.12/site-packages/airflow/example_dags/example_inlet_event_extra.py took 0.239 seconds
[2024-11-05T10:38:14.429+0000] {processor.py:186} INFO - Started process (PID=225) to work on /home/airflow/.local/lib/python3.12/site-packages/airflow/example_dags/example_inlet_event_extra.py
[2024-11-05T10:38:14.431+0000] {processor.py:914} INFO - Processing file /home/airflow/.local/lib/python3.12/site-packages/airflow/example_dags/example_inlet_event_extra.py for tasks to queue
[2024-11-05T10:38:14.434+0000] {logging_mixin.py:190} INFO - [2024-11-05T10:38:14.434+0000] {dagbag.py:588} INFO - Filling up the DagBag from /home/airflow/.local/lib/python3.12/site-packages/airflow/example_dags/example_inlet_event_extra.py
[2024-11-05T10:38:14.648+0000] {processor.py:925} INFO - DAG(s) 'read_dataset_event_from_classic', 'read_dataset_event' retrieved from /home/airflow/.local/lib/python3.12/site-packages/airflow/example_dags/example_inlet_event_extra.py
[2024-11-05T10:38:14.674+0000] {logging_mixin.py:190} INFO - [2024-11-05T10:38:14.673+0000] {dag.py:3239} INFO - Sync 2 DAGs
[2024-11-05T10:38:14.713+0000] {logging_mixin.py:190} INFO - [2024-11-05T10:38:14.713+0000] {dag.py:4180} INFO - Setting next_dagrun for read_dataset_event to 2024-11-04 00:00:00+00:00, run_after=2024-11-05 00:00:00+00:00
[2024-11-05T10:38:14.722+0000] {logging_mixin.py:190} INFO - [2024-11-05T10:38:14.721+0000] {dag.py:4180} INFO - Setting next_dagrun for read_dataset_event_from_classic to 2024-11-04 00:00:00+00:00, run_after=2024-11-05 00:00:00+00:00
[2024-11-05T10:38:14.748+0000] {processor.py:208} INFO - Processing /home/airflow/.local/lib/python3.12/site-packages/airflow/example_dags/example_inlet_event_extra.py took 0.330 seconds
[2024-11-05T10:38:45.098+0000] {processor.py:186} INFO - Started process (PID=288) to work on /home/airflow/.local/lib/python3.12/site-packages/airflow/example_dags/example_inlet_event_extra.py
[2024-11-05T10:38:45.099+0000] {processor.py:914} INFO - Processing file /home/airflow/.local/lib/python3.12/site-packages/airflow/example_dags/example_inlet_event_extra.py for tasks to queue
[2024-11-05T10:38:45.101+0000] {logging_mixin.py:190} INFO - [2024-11-05T10:38:45.101+0000] {dagbag.py:588} INFO - Filling up the DagBag from /home/airflow/.local/lib/python3.12/site-packages/airflow/example_dags/example_inlet_event_extra.py
[2024-11-05T10:38:45.336+0000] {processor.py:925} INFO - DAG(s) 'read_dataset_event', 'read_dataset_event_from_classic' retrieved from /home/airflow/.local/lib/python3.12/site-packages/airflow/example_dags/example_inlet_event_extra.py
[2024-11-05T10:38:45.361+0000] {logging_mixin.py:190} INFO - [2024-11-05T10:38:45.361+0000] {dag.py:3239} INFO - Sync 2 DAGs
[2024-11-05T10:38:45.395+0000] {logging_mixin.py:190} INFO - [2024-11-05T10:38:45.395+0000] {dag.py:4180} INFO - Setting next_dagrun for read_dataset_event to 2024-11-04 00:00:00+00:00, run_after=2024-11-05 00:00:00+00:00
[2024-11-05T10:38:45.402+0000] {logging_mixin.py:190} INFO - [2024-11-05T10:38:45.402+0000] {dag.py:4180} INFO - Setting next_dagrun for read_dataset_event_from_classic to 2024-11-04 00:00:00+00:00, run_after=2024-11-05 00:00:00+00:00
[2024-11-05T10:38:45.431+0000] {processor.py:208} INFO - Processing /home/airflow/.local/lib/python3.12/site-packages/airflow/example_dags/example_inlet_event_extra.py took 0.339 seconds
[2024-11-05T10:39:15.667+0000] {processor.py:186} INFO - Started process (PID=350) to work on /home/airflow/.local/lib/python3.12/site-packages/airflow/example_dags/example_inlet_event_extra.py
[2024-11-05T10:39:15.668+0000] {processor.py:914} INFO - Processing file /home/airflow/.local/lib/python3.12/site-packages/airflow/example_dags/example_inlet_event_extra.py for tasks to queue
[2024-11-05T10:39:15.671+0000] {logging_mixin.py:190} INFO - [2024-11-05T10:39:15.670+0000] {dagbag.py:588} INFO - Filling up the DagBag from /home/airflow/.local/lib/python3.12/site-packages/airflow/example_dags/example_inlet_event_extra.py
[2024-11-05T10:39:15.844+0000] {processor.py:925} INFO - DAG(s) 'read_dataset_event_from_classic', 'read_dataset_event' retrieved from /home/airflow/.local/lib/python3.12/site-packages/airflow/example_dags/example_inlet_event_extra.py
[2024-11-05T10:39:15.869+0000] {logging_mixin.py:190} INFO - [2024-11-05T10:39:15.869+0000] {dag.py:3239} INFO - Sync 2 DAGs
[2024-11-05T10:39:15.901+0000] {logging_mixin.py:190} INFO - [2024-11-05T10:39:15.901+0000] {dag.py:4180} INFO - Setting next_dagrun for read_dataset_event to 2024-11-04 00:00:00+00:00, run_after=2024-11-05 00:00:00+00:00
[2024-11-05T10:39:15.909+0000] {logging_mixin.py:190} INFO - [2024-11-05T10:39:15.908+0000] {dag.py:4180} INFO - Setting next_dagrun for read_dataset_event_from_classic to 2024-11-04 00:00:00+00:00, run_after=2024-11-05 00:00:00+00:00
[2024-11-05T10:39:15.929+0000] {processor.py:208} INFO - Processing /home/airflow/.local/lib/python3.12/site-packages/airflow/example_dags/example_inlet_event_extra.py took 0.268 seconds
[2024-11-05T10:39:46.085+0000] {processor.py:186} INFO - Started process (PID=412) to work on /home/airflow/.local/lib/python3.12/site-packages/airflow/example_dags/example_inlet_event_extra.py
[2024-11-05T10:39:46.087+0000] {processor.py:914} INFO - Processing file /home/airflow/.local/lib/python3.12/site-packages/airflow/example_dags/example_inlet_event_extra.py for tasks to queue
[2024-11-05T10:39:46.090+0000] {logging_mixin.py:190} INFO - [2024-11-05T10:39:46.090+0000] {dagbag.py:588} INFO - Filling up the DagBag from /home/airflow/.local/lib/python3.12/site-packages/airflow/example_dags/example_inlet_event_extra.py
[2024-11-05T10:39:46.385+0000] {processor.py:925} INFO - DAG(s) 'read_dataset_event_from_classic', 'read_dataset_event' retrieved from /home/airflow/.local/lib/python3.12/site-packages/airflow/example_dags/example_inlet_event_extra.py
[2024-11-05T10:39:46.420+0000] {logging_mixin.py:190} INFO - [2024-11-05T10:39:46.419+0000] {dag.py:3239} INFO - Sync 2 DAGs
[2024-11-05T10:39:46.463+0000] {logging_mixin.py:190} INFO - [2024-11-05T10:39:46.463+0000] {dag.py:4180} INFO - Setting next_dagrun for read_dataset_event to 2024-11-04 00:00:00+00:00, run_after=2024-11-05 00:00:00+00:00
[2024-11-05T10:39:46.472+0000] {logging_mixin.py:190} INFO - [2024-11-05T10:39:46.472+0000] {dag.py:4180} INFO - Setting next_dagrun for read_dataset_event_from_classic to 2024-11-04 00:00:00+00:00, run_after=2024-11-05 00:00:00+00:00
[2024-11-05T10:39:46.505+0000] {processor.py:208} INFO - Processing /home/airflow/.local/lib/python3.12/site-packages/airflow/example_dags/example_inlet_event_extra.py took 0.428 seconds
[2024-11-05T10:40:17.181+0000] {processor.py:186} INFO - Started process (PID=475) to work on /home/airflow/.local/lib/python3.12/site-packages/airflow/example_dags/example_inlet_event_extra.py
[2024-11-05T10:40:17.182+0000] {processor.py:914} INFO - Processing file /home/airflow/.local/lib/python3.12/site-packages/airflow/example_dags/example_inlet_event_extra.py for tasks to queue
[2024-11-05T10:40:17.184+0000] {logging_mixin.py:190} INFO - [2024-11-05T10:40:17.183+0000] {dagbag.py:588} INFO - Filling up the DagBag from /home/airflow/.local/lib/python3.12/site-packages/airflow/example_dags/example_inlet_event_extra.py
[2024-11-05T10:40:17.450+0000] {processor.py:925} INFO - DAG(s) 'read_dataset_event_from_classic', 'read_dataset_event' retrieved from /home/airflow/.local/lib/python3.12/site-packages/airflow/example_dags/example_inlet_event_extra.py
[2024-11-05T10:40:17.476+0000] {logging_mixin.py:190} INFO - [2024-11-05T10:40:17.476+0000] {dag.py:3239} INFO - Sync 2 DAGs
[2024-11-05T10:40:17.508+0000] {logging_mixin.py:190} INFO - [2024-11-05T10:40:17.508+0000] {dag.py:4180} INFO - Setting next_dagrun for read_dataset_event to 2024-11-04 00:00:00+00:00, run_after=2024-11-05 00:00:00+00:00
[2024-11-05T10:40:17.514+0000] {logging_mixin.py:190} INFO - [2024-11-05T10:40:17.514+0000] {dag.py:4180} INFO - Setting next_dagrun for read_dataset_event_from_classic to 2024-11-04 00:00:00+00:00, run_after=2024-11-05 00:00:00+00:00
[2024-11-05T10:40:17.532+0000] {processor.py:208} INFO - Processing /home/airflow/.local/lib/python3.12/site-packages/airflow/example_dags/example_inlet_event_extra.py took 0.357 seconds
[2024-11-05T10:40:47.782+0000] {processor.py:186} INFO - Started process (PID=538) to work on /home/airflow/.local/lib/python3.12/site-packages/airflow/example_dags/example_inlet_event_extra.py
[2024-11-05T10:40:47.783+0000] {processor.py:914} INFO - Processing file /home/airflow/.local/lib/python3.12/site-packages/airflow/example_dags/example_inlet_event_extra.py for tasks to queue
[2024-11-05T10:40:47.785+0000] {logging_mixin.py:190} INFO - [2024-11-05T10:40:47.785+0000] {dagbag.py:588} INFO - Filling up the DagBag from /home/airflow/.local/lib/python3.12/site-packages/airflow/example_dags/example_inlet_event_extra.py
[2024-11-05T10:40:47.951+0000] {processor.py:925} INFO - DAG(s) 'read_dataset_event_from_classic', 'read_dataset_event' retrieved from /home/airflow/.local/lib/python3.12/site-packages/airflow/example_dags/example_inlet_event_extra.py
[2024-11-05T10:40:47.981+0000] {logging_mixin.py:190} INFO - [2024-11-05T10:40:47.980+0000] {dag.py:3239} INFO - Sync 2 DAGs
[2024-11-05T10:40:48.010+0000] {logging_mixin.py:190} INFO - [2024-11-05T10:40:48.010+0000] {dag.py:4180} INFO - Setting next_dagrun for read_dataset_event to 2024-11-04 00:00:00+00:00, run_after=2024-11-05 00:00:00+00:00
[2024-11-05T10:40:48.016+0000] {logging_mixin.py:190} INFO - [2024-11-05T10:40:48.016+0000] {dag.py:4180} INFO - Setting next_dagrun for read_dataset_event_from_classic to 2024-11-04 00:00:00+00:00, run_after=2024-11-05 00:00:00+00:00
[2024-11-05T10:40:48.034+0000] {processor.py:208} INFO - Processing /home/airflow/.local/lib/python3.12/site-packages/airflow/example_dags/example_inlet_event_extra.py took 0.259 seconds
[2024-11-05T10:41:18.097+0000] {processor.py:186} INFO - Started process (PID=600) to work on /home/airflow/.local/lib/python3.12/site-packages/airflow/example_dags/example_inlet_event_extra.py
[2024-11-05T10:41:18.099+0000] {processor.py:914} INFO - Processing file /home/airflow/.local/lib/python3.12/site-packages/airflow/example_dags/example_inlet_event_extra.py for tasks to queue
[2024-11-05T10:41:18.101+0000] {logging_mixin.py:190} INFO - [2024-11-05T10:41:18.101+0000] {dagbag.py:588} INFO - Filling up the DagBag from /home/airflow/.local/lib/python3.12/site-packages/airflow/example_dags/example_inlet_event_extra.py
[2024-11-05T10:41:18.257+0000] {processor.py:925} INFO - DAG(s) 'read_dataset_event', 'read_dataset_event_from_classic' retrieved from /home/airflow/.local/lib/python3.12/site-packages/airflow/example_dags/example_inlet_event_extra.py
[2024-11-05T10:41:18.278+0000] {logging_mixin.py:190} INFO - [2024-11-05T10:41:18.278+0000] {dag.py:3239} INFO - Sync 2 DAGs
[2024-11-05T10:41:18.304+0000] {logging_mixin.py:190} INFO - [2024-11-05T10:41:18.304+0000] {dag.py:4180} INFO - Setting next_dagrun for read_dataset_event to 2024-11-04 00:00:00+00:00, run_after=2024-11-05 00:00:00+00:00
[2024-11-05T10:41:18.309+0000] {logging_mixin.py:190} INFO - [2024-11-05T10:41:18.309+0000] {dag.py:4180} INFO - Setting next_dagrun for read_dataset_event_from_classic to 2024-11-04 00:00:00+00:00, run_after=2024-11-05 00:00:00+00:00
[2024-11-05T10:41:18.325+0000] {processor.py:208} INFO - Processing /home/airflow/.local/lib/python3.12/site-packages/airflow/example_dags/example_inlet_event_extra.py took 0.233 seconds
[2024-11-05T10:41:49.018+0000] {processor.py:186} INFO - Started process (PID=664) to work on /home/airflow/.local/lib/python3.12/site-packages/airflow/example_dags/example_inlet_event_extra.py
[2024-11-05T10:41:49.018+0000] {processor.py:914} INFO - Processing file /home/airflow/.local/lib/python3.12/site-packages/airflow/example_dags/example_inlet_event_extra.py for tasks to queue
[2024-11-05T10:41:49.020+0000] {logging_mixin.py:190} INFO - [2024-11-05T10:41:49.020+0000] {dagbag.py:588} INFO - Filling up the DagBag from /home/airflow/.local/lib/python3.12/site-packages/airflow/example_dags/example_inlet_event_extra.py
[2024-11-05T10:41:49.201+0000] {processor.py:925} INFO - DAG(s) 'read_dataset_event', 'read_dataset_event_from_classic' retrieved from /home/airflow/.local/lib/python3.12/site-packages/airflow/example_dags/example_inlet_event_extra.py
[2024-11-05T10:41:49.224+0000] {logging_mixin.py:190} INFO - [2024-11-05T10:41:49.223+0000] {dag.py:3239} INFO - Sync 2 DAGs
[2024-11-05T10:41:49.250+0000] {logging_mixin.py:190} INFO - [2024-11-05T10:41:49.250+0000] {dag.py:4180} INFO - Setting next_dagrun for read_dataset_event to 2024-11-04 00:00:00+00:00, run_after=2024-11-05 00:00:00+00:00
[2024-11-05T10:41:49.256+0000] {logging_mixin.py:190} INFO - [2024-11-05T10:41:49.255+0000] {dag.py:4180} INFO - Setting next_dagrun for read_dataset_event_from_classic to 2024-11-04 00:00:00+00:00, run_after=2024-11-05 00:00:00+00:00
[2024-11-05T10:41:49.277+0000] {processor.py:208} INFO - Processing /home/airflow/.local/lib/python3.12/site-packages/airflow/example_dags/example_inlet_event_extra.py took 0.265 seconds
[2024-11-05T10:42:19.776+0000] {processor.py:186} INFO - Started process (PID=727) to work on /home/airflow/.local/lib/python3.12/site-packages/airflow/example_dags/example_inlet_event_extra.py
[2024-11-05T10:42:19.777+0000] {processor.py:914} INFO - Processing file /home/airflow/.local/lib/python3.12/site-packages/airflow/example_dags/example_inlet_event_extra.py for tasks to queue
[2024-11-05T10:42:19.780+0000] {logging_mixin.py:190} INFO - [2024-11-05T10:42:19.779+0000] {dagbag.py:588} INFO - Filling up the DagBag from /home/airflow/.local/lib/python3.12/site-packages/airflow/example_dags/example_inlet_event_extra.py
[2024-11-05T10:42:19.975+0000] {processor.py:925} INFO - DAG(s) 'read_dataset_event_from_classic', 'read_dataset_event' retrieved from /home/airflow/.local/lib/python3.12/site-packages/airflow/example_dags/example_inlet_event_extra.py
[2024-11-05T10:42:20.000+0000] {logging_mixin.py:190} INFO - [2024-11-05T10:42:20.000+0000] {dag.py:3239} INFO - Sync 2 DAGs
[2024-11-05T10:42:20.029+0000] {logging_mixin.py:190} INFO - [2024-11-05T10:42:20.029+0000] {dag.py:4180} INFO - Setting next_dagrun for read_dataset_event to 2024-11-04 00:00:00+00:00, run_after=2024-11-05 00:00:00+00:00
[2024-11-05T10:42:20.036+0000] {logging_mixin.py:190} INFO - [2024-11-05T10:42:20.035+0000] {dag.py:4180} INFO - Setting next_dagrun for read_dataset_event_from_classic to 2024-11-04 00:00:00+00:00, run_after=2024-11-05 00:00:00+00:00
[2024-11-05T10:42:20.054+0000] {processor.py:208} INFO - Processing /home/airflow/.local/lib/python3.12/site-packages/airflow/example_dags/example_inlet_event_extra.py took 0.284 seconds
[2024-11-05T10:42:50.306+0000] {processor.py:186} INFO - Started process (PID=789) to work on /home/airflow/.local/lib/python3.12/site-packages/airflow/example_dags/example_inlet_event_extra.py
[2024-11-05T10:42:50.307+0000] {processor.py:914} INFO - Processing file /home/airflow/.local/lib/python3.12/site-packages/airflow/example_dags/example_inlet_event_extra.py for tasks to queue
[2024-11-05T10:42:50.310+0000] {logging_mixin.py:190} INFO - [2024-11-05T10:42:50.309+0000] {dagbag.py:588} INFO - Filling up the DagBag from /home/airflow/.local/lib/python3.12/site-packages/airflow/example_dags/example_inlet_event_extra.py
[2024-11-05T10:42:50.489+0000] {processor.py:925} INFO - DAG(s) 'read_dataset_event', 'read_dataset_event_from_classic' retrieved from /home/airflow/.local/lib/python3.12/site-packages/airflow/example_dags/example_inlet_event_extra.py
[2024-11-05T10:42:50.515+0000] {logging_mixin.py:190} INFO - [2024-11-05T10:42:50.515+0000] {dag.py:3239} INFO - Sync 2 DAGs
[2024-11-05T10:42:50.546+0000] {logging_mixin.py:190} INFO - [2024-11-05T10:42:50.546+0000] {dag.py:4180} INFO - Setting next_dagrun for read_dataset_event to 2024-11-04 00:00:00+00:00, run_after=2024-11-05 00:00:00+00:00
[2024-11-05T10:42:50.553+0000] {logging_mixin.py:190} INFO - [2024-11-05T10:42:50.553+0000] {dag.py:4180} INFO - Setting next_dagrun for read_dataset_event_from_classic to 2024-11-04 00:00:00+00:00, run_after=2024-11-05 00:00:00+00:00
[2024-11-05T10:42:50.573+0000] {processor.py:208} INFO - Processing /home/airflow/.local/lib/python3.12/site-packages/airflow/example_dags/example_inlet_event_extra.py took 0.273 seconds
[2024-11-05T10:43:21.084+0000] {processor.py:186} INFO - Started process (PID=852) to work on /home/airflow/.local/lib/python3.12/site-packages/airflow/example_dags/example_inlet_event_extra.py
[2024-11-05T10:43:21.086+0000] {processor.py:914} INFO - Processing file /home/airflow/.local/lib/python3.12/site-packages/airflow/example_dags/example_inlet_event_extra.py for tasks to queue
[2024-11-05T10:43:21.089+0000] {logging_mixin.py:190} INFO - [2024-11-05T10:43:21.088+0000] {dagbag.py:588} INFO - Filling up the DagBag from /home/airflow/.local/lib/python3.12/site-packages/airflow/example_dags/example_inlet_event_extra.py
[2024-11-05T10:43:21.381+0000] {processor.py:925} INFO - DAG(s) 'read_dataset_event', 'read_dataset_event_from_classic' retrieved from /home/airflow/.local/lib/python3.12/site-packages/airflow/example_dags/example_inlet_event_extra.py
[2024-11-05T10:43:21.409+0000] {logging_mixin.py:190} INFO - [2024-11-05T10:43:21.409+0000] {dag.py:3239} INFO - Sync 2 DAGs
[2024-11-05T10:43:21.438+0000] {logging_mixin.py:190} INFO - [2024-11-05T10:43:21.438+0000] {dag.py:4180} INFO - Setting next_dagrun for read_dataset_event to 2024-11-04 00:00:00+00:00, run_after=2024-11-05 00:00:00+00:00
[2024-11-05T10:43:21.444+0000] {logging_mixin.py:190} INFO - [2024-11-05T10:43:21.443+0000] {dag.py:4180} INFO - Setting next_dagrun for read_dataset_event_from_classic to 2024-11-04 00:00:00+00:00, run_after=2024-11-05 00:00:00+00:00
[2024-11-05T10:43:21.463+0000] {processor.py:208} INFO - Processing /home/airflow/.local/lib/python3.12/site-packages/airflow/example_dags/example_inlet_event_extra.py took 0.387 seconds
[2024-11-05T10:43:51.693+0000] {processor.py:186} INFO - Started process (PID=916) to work on /home/airflow/.local/lib/python3.12/site-packages/airflow/example_dags/example_inlet_event_extra.py
[2024-11-05T10:43:51.694+0000] {processor.py:914} INFO - Processing file /home/airflow/.local/lib/python3.12/site-packages/airflow/example_dags/example_inlet_event_extra.py for tasks to queue
[2024-11-05T10:43:51.696+0000] {logging_mixin.py:190} INFO - [2024-11-05T10:43:51.695+0000] {dagbag.py:588} INFO - Filling up the DagBag from /home/airflow/.local/lib/python3.12/site-packages/airflow/example_dags/example_inlet_event_extra.py
[2024-11-05T10:43:51.895+0000] {processor.py:925} INFO - DAG(s) 'read_dataset_event_from_classic', 'read_dataset_event' retrieved from /home/airflow/.local/lib/python3.12/site-packages/airflow/example_dags/example_inlet_event_extra.py
[2024-11-05T10:43:51.933+0000] {logging_mixin.py:190} INFO - [2024-11-05T10:43:51.932+0000] {dag.py:3239} INFO - Sync 2 DAGs
[2024-11-05T10:43:51.980+0000] {logging_mixin.py:190} INFO - [2024-11-05T10:43:51.980+0000] {dag.py:4180} INFO - Setting next_dagrun for read_dataset_event to 2024-11-04 00:00:00+00:00, run_after=2024-11-05 00:00:00+00:00
[2024-11-05T10:43:51.989+0000] {logging_mixin.py:190} INFO - [2024-11-05T10:43:51.989+0000] {dag.py:4180} INFO - Setting next_dagrun for read_dataset_event_from_classic to 2024-11-04 00:00:00+00:00, run_after=2024-11-05 00:00:00+00:00
[2024-11-05T10:43:52.011+0000] {processor.py:208} INFO - Processing /home/airflow/.local/lib/python3.12/site-packages/airflow/example_dags/example_inlet_event_extra.py took 0.324 seconds
[2024-11-05T10:44:22.456+0000] {processor.py:186} INFO - Started process (PID=980) to work on /home/airflow/.local/lib/python3.12/site-packages/airflow/example_dags/example_inlet_event_extra.py
[2024-11-05T10:44:22.457+0000] {processor.py:914} INFO - Processing file /home/airflow/.local/lib/python3.12/site-packages/airflow/example_dags/example_inlet_event_extra.py for tasks to queue
[2024-11-05T10:44:22.460+0000] {logging_mixin.py:190} INFO - [2024-11-05T10:44:22.459+0000] {dagbag.py:588} INFO - Filling up the DagBag from /home/airflow/.local/lib/python3.12/site-packages/airflow/example_dags/example_inlet_event_extra.py
[2024-11-05T10:44:22.741+0000] {processor.py:925} INFO - DAG(s) 'read_dataset_event_from_classic', 'read_dataset_event' retrieved from /home/airflow/.local/lib/python3.12/site-packages/airflow/example_dags/example_inlet_event_extra.py
[2024-11-05T10:44:22.775+0000] {logging_mixin.py:190} INFO - [2024-11-05T10:44:22.775+0000] {dag.py:3239} INFO - Sync 2 DAGs
[2024-11-05T10:44:22.836+0000] {logging_mixin.py:190} INFO - [2024-11-05T10:44:22.835+0000] {dag.py:4180} INFO - Setting next_dagrun for read_dataset_event to 2024-11-04 00:00:00+00:00, run_after=2024-11-05 00:00:00+00:00
[2024-11-05T10:44:22.846+0000] {logging_mixin.py:190} INFO - [2024-11-05T10:44:22.846+0000] {dag.py:4180} INFO - Setting next_dagrun for read_dataset_event_from_classic to 2024-11-04 00:00:00+00:00, run_after=2024-11-05 00:00:00+00:00
[2024-11-05T10:44:22.883+0000] {processor.py:208} INFO - Processing /home/airflow/.local/lib/python3.12/site-packages/airflow/example_dags/example_inlet_event_extra.py took 0.437 seconds
[2024-11-05T10:44:53.463+0000] {processor.py:186} INFO - Started process (PID=1043) to work on /home/airflow/.local/lib/python3.12/site-packages/airflow/example_dags/example_inlet_event_extra.py
[2024-11-05T10:44:53.465+0000] {processor.py:914} INFO - Processing file /home/airflow/.local/lib/python3.12/site-packages/airflow/example_dags/example_inlet_event_extra.py for tasks to queue
[2024-11-05T10:44:53.468+0000] {logging_mixin.py:190} INFO - [2024-11-05T10:44:53.467+0000] {dagbag.py:588} INFO - Filling up the DagBag from /home/airflow/.local/lib/python3.12/site-packages/airflow/example_dags/example_inlet_event_extra.py
[2024-11-05T10:44:53.712+0000] {processor.py:925} INFO - DAG(s) 'read_dataset_event', 'read_dataset_event_from_classic' retrieved from /home/airflow/.local/lib/python3.12/site-packages/airflow/example_dags/example_inlet_event_extra.py
[2024-11-05T10:44:53.748+0000] {logging_mixin.py:190} INFO - [2024-11-05T10:44:53.748+0000] {dag.py:3239} INFO - Sync 2 DAGs
[2024-11-05T10:44:53.791+0000] {logging_mixin.py:190} INFO - [2024-11-05T10:44:53.790+0000] {dag.py:4180} INFO - Setting next_dagrun for read_dataset_event to 2024-11-04 00:00:00+00:00, run_after=2024-11-05 00:00:00+00:00
[2024-11-05T10:44:53.799+0000] {logging_mixin.py:190} INFO - [2024-11-05T10:44:53.799+0000] {dag.py:4180} INFO - Setting next_dagrun for read_dataset_event_from_classic to 2024-11-04 00:00:00+00:00, run_after=2024-11-05 00:00:00+00:00
[2024-11-05T10:44:53.824+0000] {processor.py:208} INFO - Processing /home/airflow/.local/lib/python3.12/site-packages/airflow/example_dags/example_inlet_event_extra.py took 0.369 seconds
[2024-11-05T10:45:23.895+0000] {processor.py:186} INFO - Started process (PID=1105) to work on /home/airflow/.local/lib/python3.12/site-packages/airflow/example_dags/example_inlet_event_extra.py
[2024-11-05T10:45:23.896+0000] {processor.py:914} INFO - Processing file /home/airflow/.local/lib/python3.12/site-packages/airflow/example_dags/example_inlet_event_extra.py for tasks to queue
[2024-11-05T10:45:23.899+0000] {logging_mixin.py:190} INFO - [2024-11-05T10:45:23.899+0000] {dagbag.py:588} INFO - Filling up the DagBag from /home/airflow/.local/lib/python3.12/site-packages/airflow/example_dags/example_inlet_event_extra.py
[2024-11-05T10:45:24.082+0000] {processor.py:925} INFO - DAG(s) 'read_dataset_event', 'read_dataset_event_from_classic' retrieved from /home/airflow/.local/lib/python3.12/site-packages/airflow/example_dags/example_inlet_event_extra.py
[2024-11-05T10:45:24.102+0000] {logging_mixin.py:190} INFO - [2024-11-05T10:45:24.102+0000] {dag.py:3239} INFO - Sync 2 DAGs
[2024-11-05T10:45:24.128+0000] {logging_mixin.py:190} INFO - [2024-11-05T10:45:24.128+0000] {dag.py:4180} INFO - Setting next_dagrun for read_dataset_event to 2024-11-04 00:00:00+00:00, run_after=2024-11-05 00:00:00+00:00
[2024-11-05T10:45:24.133+0000] {logging_mixin.py:190} INFO - [2024-11-05T10:45:24.133+0000] {dag.py:4180} INFO - Setting next_dagrun for read_dataset_event_from_classic to 2024-11-04 00:00:00+00:00, run_after=2024-11-05 00:00:00+00:00
[2024-11-05T10:45:24.150+0000] {processor.py:208} INFO - Processing /home/airflow/.local/lib/python3.12/site-packages/airflow/example_dags/example_inlet_event_extra.py took 0.263 seconds
[2024-11-05T10:45:54.311+0000] {processor.py:186} INFO - Started process (PID=1168) to work on /home/airflow/.local/lib/python3.12/site-packages/airflow/example_dags/example_inlet_event_extra.py
[2024-11-05T10:45:54.312+0000] {processor.py:914} INFO - Processing file /home/airflow/.local/lib/python3.12/site-packages/airflow/example_dags/example_inlet_event_extra.py for tasks to queue
[2024-11-05T10:45:54.315+0000] {logging_mixin.py:190} INFO - [2024-11-05T10:45:54.315+0000] {dagbag.py:588} INFO - Filling up the DagBag from /home/airflow/.local/lib/python3.12/site-packages/airflow/example_dags/example_inlet_event_extra.py
[2024-11-05T10:45:54.497+0000] {processor.py:925} INFO - DAG(s) 'read_dataset_event_from_classic', 'read_dataset_event' retrieved from /home/airflow/.local/lib/python3.12/site-packages/airflow/example_dags/example_inlet_event_extra.py
[2024-11-05T10:45:54.519+0000] {logging_mixin.py:190} INFO - [2024-11-05T10:45:54.519+0000] {dag.py:3239} INFO - Sync 2 DAGs
[2024-11-05T10:45:54.544+0000] {logging_mixin.py:190} INFO - [2024-11-05T10:45:54.544+0000] {dag.py:4180} INFO - Setting next_dagrun for read_dataset_event to 2024-11-04 00:00:00+00:00, run_after=2024-11-05 00:00:00+00:00
[2024-11-05T10:45:54.549+0000] {logging_mixin.py:190} INFO - [2024-11-05T10:45:54.549+0000] {dag.py:4180} INFO - Setting next_dagrun for read_dataset_event_from_classic to 2024-11-04 00:00:00+00:00, run_after=2024-11-05 00:00:00+00:00
[2024-11-05T10:45:54.565+0000] {processor.py:208} INFO - Processing /home/airflow/.local/lib/python3.12/site-packages/airflow/example_dags/example_inlet_event_extra.py took 0.261 seconds
[2024-11-05T10:46:24.712+0000] {processor.py:186} INFO - Started process (PID=1232) to work on /home/airflow/.local/lib/python3.12/site-packages/airflow/example_dags/example_inlet_event_extra.py
[2024-11-05T10:46:24.714+0000] {processor.py:914} INFO - Processing file /home/airflow/.local/lib/python3.12/site-packages/airflow/example_dags/example_inlet_event_extra.py for tasks to queue
[2024-11-05T10:46:24.717+0000] {logging_mixin.py:190} INFO - [2024-11-05T10:46:24.717+0000] {dagbag.py:588} INFO - Filling up the DagBag from /home/airflow/.local/lib/python3.12/site-packages/airflow/example_dags/example_inlet_event_extra.py
[2024-11-05T10:46:24.964+0000] {processor.py:925} INFO - DAG(s) 'read_dataset_event', 'read_dataset_event_from_classic' retrieved from /home/airflow/.local/lib/python3.12/site-packages/airflow/example_dags/example_inlet_event_extra.py
[2024-11-05T10:46:24.997+0000] {logging_mixin.py:190} INFO - [2024-11-05T10:46:24.996+0000] {dag.py:3239} INFO - Sync 2 DAGs
[2024-11-05T10:46:25.037+0000] {logging_mixin.py:190} INFO - [2024-11-05T10:46:25.037+0000] {dag.py:4180} INFO - Setting next_dagrun for read_dataset_event to 2024-11-04 00:00:00+00:00, run_after=2024-11-05 00:00:00+00:00
[2024-11-05T10:46:25.045+0000] {logging_mixin.py:190} INFO - [2024-11-05T10:46:25.045+0000] {dag.py:4180} INFO - Setting next_dagrun for read_dataset_event_from_classic to 2024-11-04 00:00:00+00:00, run_after=2024-11-05 00:00:00+00:00
[2024-11-05T10:46:25.070+0000] {processor.py:208} INFO - Processing /home/airflow/.local/lib/python3.12/site-packages/airflow/example_dags/example_inlet_event_extra.py took 0.367 seconds
[2024-11-05T10:46:56.261+0000] {processor.py:186} INFO - Started process (PID=1295) to work on /home/airflow/.local/lib/python3.12/site-packages/airflow/example_dags/example_inlet_event_extra.py
[2024-11-05T10:46:56.263+0000] {processor.py:914} INFO - Processing file /home/airflow/.local/lib/python3.12/site-packages/airflow/example_dags/example_inlet_event_extra.py for tasks to queue
[2024-11-05T10:46:56.266+0000] {logging_mixin.py:190} INFO - [2024-11-05T10:46:56.266+0000] {dagbag.py:588} INFO - Filling up the DagBag from /home/airflow/.local/lib/python3.12/site-packages/airflow/example_dags/example_inlet_event_extra.py
[2024-11-05T10:46:56.481+0000] {processor.py:925} INFO - DAG(s) 'read_dataset_event', 'read_dataset_event_from_classic' retrieved from /home/airflow/.local/lib/python3.12/site-packages/airflow/example_dags/example_inlet_event_extra.py
[2024-11-05T10:46:56.505+0000] {logging_mixin.py:190} INFO - [2024-11-05T10:46:56.505+0000] {dag.py:3239} INFO - Sync 2 DAGs
[2024-11-05T10:46:56.534+0000] {logging_mixin.py:190} INFO - [2024-11-05T10:46:56.534+0000] {dag.py:4180} INFO - Setting next_dagrun for read_dataset_event to 2024-11-04 00:00:00+00:00, run_after=2024-11-05 00:00:00+00:00
[2024-11-05T10:46:56.543+0000] {logging_mixin.py:190} INFO - [2024-11-05T10:46:56.543+0000] {dag.py:4180} INFO - Setting next_dagrun for read_dataset_event_from_classic to 2024-11-04 00:00:00+00:00, run_after=2024-11-05 00:00:00+00:00
[2024-11-05T10:46:56.787+0000] {processor.py:208} INFO - Processing /home/airflow/.local/lib/python3.12/site-packages/airflow/example_dags/example_inlet_event_extra.py took 0.534 seconds
[2024-11-05T10:47:27.357+0000] {processor.py:186} INFO - Started process (PID=1359) to work on /home/airflow/.local/lib/python3.12/site-packages/airflow/example_dags/example_inlet_event_extra.py
[2024-11-05T10:47:27.359+0000] {processor.py:914} INFO - Processing file /home/airflow/.local/lib/python3.12/site-packages/airflow/example_dags/example_inlet_event_extra.py for tasks to queue
[2024-11-05T10:47:27.363+0000] {logging_mixin.py:190} INFO - [2024-11-05T10:47:27.362+0000] {dagbag.py:588} INFO - Filling up the DagBag from /home/airflow/.local/lib/python3.12/site-packages/airflow/example_dags/example_inlet_event_extra.py
[2024-11-05T10:47:27.563+0000] {processor.py:925} INFO - DAG(s) 'read_dataset_event', 'read_dataset_event_from_classic' retrieved from /home/airflow/.local/lib/python3.12/site-packages/airflow/example_dags/example_inlet_event_extra.py
[2024-11-05T10:47:27.587+0000] {logging_mixin.py:190} INFO - [2024-11-05T10:47:27.586+0000] {dag.py:3239} INFO - Sync 2 DAGs
[2024-11-05T10:47:27.613+0000] {logging_mixin.py:190} INFO - [2024-11-05T10:47:27.613+0000] {dag.py:4180} INFO - Setting next_dagrun for read_dataset_event to 2024-11-04 00:00:00+00:00, run_after=2024-11-05 00:00:00+00:00
[2024-11-05T10:47:27.619+0000] {logging_mixin.py:190} INFO - [2024-11-05T10:47:27.618+0000] {dag.py:4180} INFO - Setting next_dagrun for read_dataset_event_from_classic to 2024-11-04 00:00:00+00:00, run_after=2024-11-05 00:00:00+00:00
[2024-11-05T10:47:27.647+0000] {processor.py:208} INFO - Processing /home/airflow/.local/lib/python3.12/site-packages/airflow/example_dags/example_inlet_event_extra.py took 0.297 seconds
[2024-11-05T10:47:58.399+0000] {processor.py:186} INFO - Started process (PID=1421) to work on /home/airflow/.local/lib/python3.12/site-packages/airflow/example_dags/example_inlet_event_extra.py
[2024-11-05T10:47:58.401+0000] {processor.py:914} INFO - Processing file /home/airflow/.local/lib/python3.12/site-packages/airflow/example_dags/example_inlet_event_extra.py for tasks to queue
[2024-11-05T10:47:58.403+0000] {logging_mixin.py:190} INFO - [2024-11-05T10:47:58.403+0000] {dagbag.py:588} INFO - Filling up the DagBag from /home/airflow/.local/lib/python3.12/site-packages/airflow/example_dags/example_inlet_event_extra.py
[2024-11-05T10:47:58.599+0000] {processor.py:925} INFO - DAG(s) 'read_dataset_event_from_classic', 'read_dataset_event' retrieved from /home/airflow/.local/lib/python3.12/site-packages/airflow/example_dags/example_inlet_event_extra.py
[2024-11-05T10:47:58.623+0000] {logging_mixin.py:190} INFO - [2024-11-05T10:47:58.622+0000] {dag.py:3239} INFO - Sync 2 DAGs
[2024-11-05T10:47:58.683+0000] {logging_mixin.py:190} INFO - [2024-11-05T10:47:58.682+0000] {dag.py:4180} INFO - Setting next_dagrun for read_dataset_event to 2024-11-04 00:00:00+00:00, run_after=2024-11-05 00:00:00+00:00
[2024-11-05T10:47:58.716+0000] {logging_mixin.py:190} INFO - [2024-11-05T10:47:58.716+0000] {dag.py:4180} INFO - Setting next_dagrun for read_dataset_event_from_classic to 2024-11-04 00:00:00+00:00, run_after=2024-11-05 00:00:00+00:00
[2024-11-05T10:47:58.781+0000] {processor.py:208} INFO - Processing /home/airflow/.local/lib/python3.12/site-packages/airflow/example_dags/example_inlet_event_extra.py took 0.390 seconds
[2024-11-05T10:48:29.362+0000] {processor.py:186} INFO - Started process (PID=1489) to work on /home/airflow/.local/lib/python3.12/site-packages/airflow/example_dags/example_inlet_event_extra.py
[2024-11-05T10:48:29.364+0000] {processor.py:914} INFO - Processing file /home/airflow/.local/lib/python3.12/site-packages/airflow/example_dags/example_inlet_event_extra.py for tasks to queue
[2024-11-05T10:48:29.367+0000] {logging_mixin.py:190} INFO - [2024-11-05T10:48:29.366+0000] {dagbag.py:588} INFO - Filling up the DagBag from /home/airflow/.local/lib/python3.12/site-packages/airflow/example_dags/example_inlet_event_extra.py
[2024-11-05T10:48:29.576+0000] {processor.py:925} INFO - DAG(s) 'read_dataset_event_from_classic', 'read_dataset_event' retrieved from /home/airflow/.local/lib/python3.12/site-packages/airflow/example_dags/example_inlet_event_extra.py
[2024-11-05T10:48:29.611+0000] {logging_mixin.py:190} INFO - [2024-11-05T10:48:29.611+0000] {dag.py:3239} INFO - Sync 2 DAGs
[2024-11-05T10:48:29.653+0000] {logging_mixin.py:190} INFO - [2024-11-05T10:48:29.652+0000] {dag.py:4180} INFO - Setting next_dagrun for read_dataset_event to 2024-11-04 00:00:00+00:00, run_after=2024-11-05 00:00:00+00:00
[2024-11-05T10:48:29.659+0000] {logging_mixin.py:190} INFO - [2024-11-05T10:48:29.659+0000] {dag.py:4180} INFO - Setting next_dagrun for read_dataset_event_from_classic to 2024-11-04 00:00:00+00:00, run_after=2024-11-05 00:00:00+00:00
[2024-11-05T10:48:29.681+0000] {processor.py:208} INFO - Processing /home/airflow/.local/lib/python3.12/site-packages/airflow/example_dags/example_inlet_event_extra.py took 0.326 seconds
[2024-11-05T10:49:02.252+0000] {processor.py:186} INFO - Started process (PID=1551) to work on /home/airflow/.local/lib/python3.12/site-packages/airflow/example_dags/example_inlet_event_extra.py
[2024-11-05T10:49:02.270+0000] {processor.py:914} INFO - Processing file /home/airflow/.local/lib/python3.12/site-packages/airflow/example_dags/example_inlet_event_extra.py for tasks to queue
[2024-11-05T10:49:02.295+0000] {logging_mixin.py:190} INFO - [2024-11-05T10:49:02.294+0000] {dagbag.py:588} INFO - Filling up the DagBag from /home/airflow/.local/lib/python3.12/site-packages/airflow/example_dags/example_inlet_event_extra.py
[2024-11-05T10:49:03.316+0000] {processor.py:925} INFO - DAG(s) 'read_dataset_event_from_classic', 'read_dataset_event' retrieved from /home/airflow/.local/lib/python3.12/site-packages/airflow/example_dags/example_inlet_event_extra.py
[2024-11-05T10:49:03.371+0000] {logging_mixin.py:190} INFO - [2024-11-05T10:49:03.371+0000] {dag.py:3239} INFO - Sync 2 DAGs
[2024-11-05T10:49:03.553+0000] {logging_mixin.py:190} INFO - [2024-11-05T10:49:03.552+0000] {dag.py:4180} INFO - Setting next_dagrun for read_dataset_event to 2024-11-04 00:00:00+00:00, run_after=2024-11-05 00:00:00+00:00
[2024-11-05T10:49:03.614+0000] {logging_mixin.py:190} INFO - [2024-11-05T10:49:03.614+0000] {dag.py:4180} INFO - Setting next_dagrun for read_dataset_event_from_classic to 2024-11-04 00:00:00+00:00, run_after=2024-11-05 00:00:00+00:00
[2024-11-05T10:49:04.396+0000] {processor.py:208} INFO - Processing /home/airflow/.local/lib/python3.12/site-packages/airflow/example_dags/example_inlet_event_extra.py took 2.239 seconds
[2024-11-05T10:49:34.624+0000] {processor.py:186} INFO - Started process (PID=1614) to work on /home/airflow/.local/lib/python3.12/site-packages/airflow/example_dags/example_inlet_event_extra.py
[2024-11-05T10:49:34.626+0000] {processor.py:914} INFO - Processing file /home/airflow/.local/lib/python3.12/site-packages/airflow/example_dags/example_inlet_event_extra.py for tasks to queue
[2024-11-05T10:49:34.630+0000] {logging_mixin.py:190} INFO - [2024-11-05T10:49:34.629+0000] {dagbag.py:588} INFO - Filling up the DagBag from /home/airflow/.local/lib/python3.12/site-packages/airflow/example_dags/example_inlet_event_extra.py
[2024-11-05T10:49:35.025+0000] {processor.py:925} INFO - DAG(s) 'read_dataset_event', 'read_dataset_event_from_classic' retrieved from /home/airflow/.local/lib/python3.12/site-packages/airflow/example_dags/example_inlet_event_extra.py
[2024-11-05T10:49:35.064+0000] {logging_mixin.py:190} INFO - [2024-11-05T10:49:35.063+0000] {dag.py:3239} INFO - Sync 2 DAGs
[2024-11-05T10:49:35.113+0000] {logging_mixin.py:190} INFO - [2024-11-05T10:49:35.113+0000] {dag.py:4180} INFO - Setting next_dagrun for read_dataset_event to 2024-11-04 00:00:00+00:00, run_after=2024-11-05 00:00:00+00:00
[2024-11-05T10:49:35.122+0000] {logging_mixin.py:190} INFO - [2024-11-05T10:49:35.122+0000] {dag.py:4180} INFO - Setting next_dagrun for read_dataset_event_from_classic to 2024-11-04 00:00:00+00:00, run_after=2024-11-05 00:00:00+00:00
[2024-11-05T10:49:35.159+0000] {processor.py:208} INFO - Processing /home/airflow/.local/lib/python3.12/site-packages/airflow/example_dags/example_inlet_event_extra.py took 0.544 seconds
[2024-11-05T10:50:05.534+0000] {processor.py:186} INFO - Started process (PID=1677) to work on /home/airflow/.local/lib/python3.12/site-packages/airflow/example_dags/example_inlet_event_extra.py
[2024-11-05T10:50:05.535+0000] {processor.py:914} INFO - Processing file /home/airflow/.local/lib/python3.12/site-packages/airflow/example_dags/example_inlet_event_extra.py for tasks to queue
[2024-11-05T10:50:05.540+0000] {logging_mixin.py:190} INFO - [2024-11-05T10:50:05.540+0000] {dagbag.py:588} INFO - Filling up the DagBag from /home/airflow/.local/lib/python3.12/site-packages/airflow/example_dags/example_inlet_event_extra.py
[2024-11-05T10:50:05.795+0000] {processor.py:925} INFO - DAG(s) 'read_dataset_event', 'read_dataset_event_from_classic' retrieved from /home/airflow/.local/lib/python3.12/site-packages/airflow/example_dags/example_inlet_event_extra.py
[2024-11-05T10:50:05.832+0000] {logging_mixin.py:190} INFO - [2024-11-05T10:50:05.831+0000] {dag.py:3239} INFO - Sync 2 DAGs
[2024-11-05T10:50:05.876+0000] {logging_mixin.py:190} INFO - [2024-11-05T10:50:05.876+0000] {dag.py:4180} INFO - Setting next_dagrun for read_dataset_event to 2024-11-04 00:00:00+00:00, run_after=2024-11-05 00:00:00+00:00
[2024-11-05T10:50:05.884+0000] {logging_mixin.py:190} INFO - [2024-11-05T10:50:05.884+0000] {dag.py:4180} INFO - Setting next_dagrun for read_dataset_event_from_classic to 2024-11-04 00:00:00+00:00, run_after=2024-11-05 00:00:00+00:00
[2024-11-05T10:50:05.906+0000] {processor.py:208} INFO - Processing /home/airflow/.local/lib/python3.12/site-packages/airflow/example_dags/example_inlet_event_extra.py took 0.385 seconds
[2024-11-05T10:50:35.983+0000] {processor.py:186} INFO - Started process (PID=1739) to work on /home/airflow/.local/lib/python3.12/site-packages/airflow/example_dags/example_inlet_event_extra.py
[2024-11-05T10:50:35.985+0000] {processor.py:914} INFO - Processing file /home/airflow/.local/lib/python3.12/site-packages/airflow/example_dags/example_inlet_event_extra.py for tasks to queue
[2024-11-05T10:50:35.990+0000] {logging_mixin.py:190} INFO - [2024-11-05T10:50:35.989+0000] {dagbag.py:588} INFO - Filling up the DagBag from /home/airflow/.local/lib/python3.12/site-packages/airflow/example_dags/example_inlet_event_extra.py
[2024-11-05T10:50:36.245+0000] {processor.py:925} INFO - DAG(s) 'read_dataset_event', 'read_dataset_event_from_classic' retrieved from /home/airflow/.local/lib/python3.12/site-packages/airflow/example_dags/example_inlet_event_extra.py
[2024-11-05T10:50:36.288+0000] {logging_mixin.py:190} INFO - [2024-11-05T10:50:36.287+0000] {dag.py:3239} INFO - Sync 2 DAGs
[2024-11-05T10:50:36.339+0000] {logging_mixin.py:190} INFO - [2024-11-05T10:50:36.339+0000] {dag.py:4180} INFO - Setting next_dagrun for read_dataset_event to 2024-11-04 00:00:00+00:00, run_after=2024-11-05 00:00:00+00:00
[2024-11-05T10:50:36.351+0000] {logging_mixin.py:190} INFO - [2024-11-05T10:50:36.351+0000] {dag.py:4180} INFO - Setting next_dagrun for read_dataset_event_from_classic to 2024-11-04 00:00:00+00:00, run_after=2024-11-05 00:00:00+00:00
[2024-11-05T10:50:36.383+0000] {processor.py:208} INFO - Processing /home/airflow/.local/lib/python3.12/site-packages/airflow/example_dags/example_inlet_event_extra.py took 0.410 seconds
[2024-11-05T10:51:06.713+0000] {processor.py:186} INFO - Started process (PID=1802) to work on /home/airflow/.local/lib/python3.12/site-packages/airflow/example_dags/example_inlet_event_extra.py
[2024-11-05T10:51:06.715+0000] {processor.py:914} INFO - Processing file /home/airflow/.local/lib/python3.12/site-packages/airflow/example_dags/example_inlet_event_extra.py for tasks to queue
[2024-11-05T10:51:06.719+0000] {logging_mixin.py:190} INFO - [2024-11-05T10:51:06.719+0000] {dagbag.py:588} INFO - Filling up the DagBag from /home/airflow/.local/lib/python3.12/site-packages/airflow/example_dags/example_inlet_event_extra.py
[2024-11-05T10:51:07.024+0000] {processor.py:925} INFO - DAG(s) 'read_dataset_event', 'read_dataset_event_from_classic' retrieved from /home/airflow/.local/lib/python3.12/site-packages/airflow/example_dags/example_inlet_event_extra.py
[2024-11-05T10:51:07.342+0000] {logging_mixin.py:190} INFO - [2024-11-05T10:51:07.342+0000] {dag.py:3239} INFO - Sync 2 DAGs
[2024-11-05T10:51:07.384+0000] {logging_mixin.py:190} INFO - [2024-11-05T10:51:07.384+0000] {dag.py:4180} INFO - Setting next_dagrun for read_dataset_event to 2024-11-04 00:00:00+00:00, run_after=2024-11-05 00:00:00+00:00
[2024-11-05T10:51:07.391+0000] {logging_mixin.py:190} INFO - [2024-11-05T10:51:07.390+0000] {dag.py:4180} INFO - Setting next_dagrun for read_dataset_event_from_classic to 2024-11-04 00:00:00+00:00, run_after=2024-11-05 00:00:00+00:00
[2024-11-05T10:51:07.417+0000] {processor.py:208} INFO - Processing /home/airflow/.local/lib/python3.12/site-packages/airflow/example_dags/example_inlet_event_extra.py took 0.713 seconds
[2024-11-05T10:51:37.527+0000] {processor.py:186} INFO - Started process (PID=1865) to work on /home/airflow/.local/lib/python3.12/site-packages/airflow/example_dags/example_inlet_event_extra.py
[2024-11-05T10:51:37.529+0000] {processor.py:914} INFO - Processing file /home/airflow/.local/lib/python3.12/site-packages/airflow/example_dags/example_inlet_event_extra.py for tasks to queue
[2024-11-05T10:51:37.533+0000] {logging_mixin.py:190} INFO - [2024-11-05T10:51:37.532+0000] {dagbag.py:588} INFO - Filling up the DagBag from /home/airflow/.local/lib/python3.12/site-packages/airflow/example_dags/example_inlet_event_extra.py
[2024-11-05T10:51:37.833+0000] {processor.py:925} INFO - DAG(s) 'read_dataset_event_from_classic', 'read_dataset_event' retrieved from /home/airflow/.local/lib/python3.12/site-packages/airflow/example_dags/example_inlet_event_extra.py
[2024-11-05T10:51:37.872+0000] {logging_mixin.py:190} INFO - [2024-11-05T10:51:37.872+0000] {dag.py:3239} INFO - Sync 2 DAGs
[2024-11-05T10:51:38.168+0000] {logging_mixin.py:190} INFO - [2024-11-05T10:51:38.168+0000] {dag.py:4180} INFO - Setting next_dagrun for read_dataset_event to 2024-11-04 00:00:00+00:00, run_after=2024-11-05 00:00:00+00:00
[2024-11-05T10:51:38.176+0000] {logging_mixin.py:190} INFO - [2024-11-05T10:51:38.176+0000] {dag.py:4180} INFO - Setting next_dagrun for read_dataset_event_from_classic to 2024-11-04 00:00:00+00:00, run_after=2024-11-05 00:00:00+00:00
[2024-11-05T10:51:38.200+0000] {processor.py:208} INFO - Processing /home/airflow/.local/lib/python3.12/site-packages/airflow/example_dags/example_inlet_event_extra.py took 0.681 seconds
[2024-11-05T10:52:08.355+0000] {processor.py:186} INFO - Started process (PID=1929) to work on /home/airflow/.local/lib/python3.12/site-packages/airflow/example_dags/example_inlet_event_extra.py
[2024-11-05T10:52:08.357+0000] {processor.py:914} INFO - Processing file /home/airflow/.local/lib/python3.12/site-packages/airflow/example_dags/example_inlet_event_extra.py for tasks to queue
[2024-11-05T10:52:08.364+0000] {logging_mixin.py:190} INFO - [2024-11-05T10:52:08.363+0000] {dagbag.py:588} INFO - Filling up the DagBag from /home/airflow/.local/lib/python3.12/site-packages/airflow/example_dags/example_inlet_event_extra.py
[2024-11-05T10:52:08.707+0000] {processor.py:925} INFO - DAG(s) 'read_dataset_event', 'read_dataset_event_from_classic' retrieved from /home/airflow/.local/lib/python3.12/site-packages/airflow/example_dags/example_inlet_event_extra.py
[2024-11-05T10:52:08.746+0000] {logging_mixin.py:190} INFO - [2024-11-05T10:52:08.745+0000] {dag.py:3239} INFO - Sync 2 DAGs
[2024-11-05T10:52:09.040+0000] {logging_mixin.py:190} INFO - [2024-11-05T10:52:09.040+0000] {dag.py:4180} INFO - Setting next_dagrun for read_dataset_event to 2024-11-04 00:00:00+00:00, run_after=2024-11-05 00:00:00+00:00
[2024-11-05T10:52:09.048+0000] {logging_mixin.py:190} INFO - [2024-11-05T10:52:09.048+0000] {dag.py:4180} INFO - Setting next_dagrun for read_dataset_event_from_classic to 2024-11-04 00:00:00+00:00, run_after=2024-11-05 00:00:00+00:00
[2024-11-05T10:52:09.072+0000] {processor.py:208} INFO - Processing /home/airflow/.local/lib/python3.12/site-packages/airflow/example_dags/example_inlet_event_extra.py took 0.730 seconds
[2024-11-05T10:52:40.031+0000] {processor.py:186} INFO - Started process (PID=1992) to work on /home/airflow/.local/lib/python3.12/site-packages/airflow/example_dags/example_inlet_event_extra.py
[2024-11-05T10:52:40.032+0000] {processor.py:914} INFO - Processing file /home/airflow/.local/lib/python3.12/site-packages/airflow/example_dags/example_inlet_event_extra.py for tasks to queue
[2024-11-05T10:52:40.044+0000] {logging_mixin.py:190} INFO - [2024-11-05T10:52:40.042+0000] {dagbag.py:588} INFO - Filling up the DagBag from /home/airflow/.local/lib/python3.12/site-packages/airflow/example_dags/example_inlet_event_extra.py
[2024-11-05T10:52:40.380+0000] {processor.py:925} INFO - DAG(s) 'read_dataset_event_from_classic', 'read_dataset_event' retrieved from /home/airflow/.local/lib/python3.12/site-packages/airflow/example_dags/example_inlet_event_extra.py
[2024-11-05T10:52:40.415+0000] {logging_mixin.py:190} INFO - [2024-11-05T10:52:40.415+0000] {dag.py:3239} INFO - Sync 2 DAGs
[2024-11-05T10:52:40.463+0000] {logging_mixin.py:190} INFO - [2024-11-05T10:52:40.462+0000] {dag.py:4180} INFO - Setting next_dagrun for read_dataset_event to 2024-11-04 00:00:00+00:00, run_after=2024-11-05 00:00:00+00:00
[2024-11-05T10:52:40.717+0000] {logging_mixin.py:190} INFO - [2024-11-05T10:52:40.716+0000] {dag.py:4180} INFO - Setting next_dagrun for read_dataset_event_from_classic to 2024-11-04 00:00:00+00:00, run_after=2024-11-05 00:00:00+00:00
[2024-11-05T10:52:40.745+0000] {processor.py:208} INFO - Processing /home/airflow/.local/lib/python3.12/site-packages/airflow/example_dags/example_inlet_event_extra.py took 0.740 seconds
[2024-11-05T10:53:11.266+0000] {processor.py:186} INFO - Started process (PID=2055) to work on /home/airflow/.local/lib/python3.12/site-packages/airflow/example_dags/example_inlet_event_extra.py
[2024-11-05T10:53:11.268+0000] {processor.py:914} INFO - Processing file /home/airflow/.local/lib/python3.12/site-packages/airflow/example_dags/example_inlet_event_extra.py for tasks to queue
[2024-11-05T10:53:11.272+0000] {logging_mixin.py:190} INFO - [2024-11-05T10:53:11.271+0000] {dagbag.py:588} INFO - Filling up the DagBag from /home/airflow/.local/lib/python3.12/site-packages/airflow/example_dags/example_inlet_event_extra.py
[2024-11-05T10:53:11.892+0000] {processor.py:925} INFO - DAG(s) 'read_dataset_event', 'read_dataset_event_from_classic' retrieved from /home/airflow/.local/lib/python3.12/site-packages/airflow/example_dags/example_inlet_event_extra.py
[2024-11-05T10:53:11.927+0000] {logging_mixin.py:190} INFO - [2024-11-05T10:53:11.926+0000] {dag.py:3239} INFO - Sync 2 DAGs
[2024-11-05T10:53:11.972+0000] {logging_mixin.py:190} INFO - [2024-11-05T10:53:11.972+0000] {dag.py:4180} INFO - Setting next_dagrun for read_dataset_event to 2024-11-04 00:00:00+00:00, run_after=2024-11-05 00:00:00+00:00
[2024-11-05T10:53:11.983+0000] {logging_mixin.py:190} INFO - [2024-11-05T10:53:11.983+0000] {dag.py:4180} INFO - Setting next_dagrun for read_dataset_event_from_classic to 2024-11-04 00:00:00+00:00, run_after=2024-11-05 00:00:00+00:00
[2024-11-05T10:53:12.008+0000] {processor.py:208} INFO - Processing /home/airflow/.local/lib/python3.12/site-packages/airflow/example_dags/example_inlet_event_extra.py took 0.752 seconds
[2024-11-05T10:53:42.167+0000] {processor.py:186} INFO - Started process (PID=2117) to work on /home/airflow/.local/lib/python3.12/site-packages/airflow/example_dags/example_inlet_event_extra.py
[2024-11-05T10:53:42.167+0000] {processor.py:914} INFO - Processing file /home/airflow/.local/lib/python3.12/site-packages/airflow/example_dags/example_inlet_event_extra.py for tasks to queue
[2024-11-05T10:53:42.170+0000] {logging_mixin.py:190} INFO - [2024-11-05T10:53:42.169+0000] {dagbag.py:588} INFO - Filling up the DagBag from /home/airflow/.local/lib/python3.12/site-packages/airflow/example_dags/example_inlet_event_extra.py
[2024-11-05T10:53:42.537+0000] {processor.py:925} INFO - DAG(s) 'read_dataset_event', 'read_dataset_event_from_classic' retrieved from /home/airflow/.local/lib/python3.12/site-packages/airflow/example_dags/example_inlet_event_extra.py
[2024-11-05T10:53:42.560+0000] {logging_mixin.py:190} INFO - [2024-11-05T10:53:42.560+0000] {dag.py:3239} INFO - Sync 2 DAGs
[2024-11-05T10:53:42.588+0000] {logging_mixin.py:190} INFO - [2024-11-05T10:53:42.588+0000] {dag.py:4180} INFO - Setting next_dagrun for read_dataset_event to 2024-11-04 00:00:00+00:00, run_after=2024-11-05 00:00:00+00:00
[2024-11-05T10:53:42.594+0000] {logging_mixin.py:190} INFO - [2024-11-05T10:53:42.594+0000] {dag.py:4180} INFO - Setting next_dagrun for read_dataset_event_from_classic to 2024-11-04 00:00:00+00:00, run_after=2024-11-05 00:00:00+00:00
[2024-11-05T10:53:42.612+0000] {processor.py:208} INFO - Processing /home/airflow/.local/lib/python3.12/site-packages/airflow/example_dags/example_inlet_event_extra.py took 0.452 seconds
[2024-11-05T10:54:12.883+0000] {processor.py:186} INFO - Started process (PID=2180) to work on /home/airflow/.local/lib/python3.12/site-packages/airflow/example_dags/example_inlet_event_extra.py
[2024-11-05T10:54:12.886+0000] {processor.py:914} INFO - Processing file /home/airflow/.local/lib/python3.12/site-packages/airflow/example_dags/example_inlet_event_extra.py for tasks to queue
[2024-11-05T10:54:12.890+0000] {logging_mixin.py:190} INFO - [2024-11-05T10:54:12.890+0000] {dagbag.py:588} INFO - Filling up the DagBag from /home/airflow/.local/lib/python3.12/site-packages/airflow/example_dags/example_inlet_event_extra.py
[2024-11-05T10:54:13.352+0000] {processor.py:925} INFO - DAG(s) 'read_dataset_event', 'read_dataset_event_from_classic' retrieved from /home/airflow/.local/lib/python3.12/site-packages/airflow/example_dags/example_inlet_event_extra.py
[2024-11-05T10:54:13.373+0000] {logging_mixin.py:190} INFO - [2024-11-05T10:54:13.373+0000] {dag.py:3239} INFO - Sync 2 DAGs
[2024-11-05T10:54:13.401+0000] {logging_mixin.py:190} INFO - [2024-11-05T10:54:13.401+0000] {dag.py:4180} INFO - Setting next_dagrun for read_dataset_event to 2024-11-04 00:00:00+00:00, run_after=2024-11-05 00:00:00+00:00
[2024-11-05T10:54:13.410+0000] {logging_mixin.py:190} INFO - [2024-11-05T10:54:13.410+0000] {dag.py:4180} INFO - Setting next_dagrun for read_dataset_event_from_classic to 2024-11-04 00:00:00+00:00, run_after=2024-11-05 00:00:00+00:00
[2024-11-05T10:54:13.431+0000] {processor.py:208} INFO - Processing /home/airflow/.local/lib/python3.12/site-packages/airflow/example_dags/example_inlet_event_extra.py took 0.556 seconds
