[2024-11-05T10:37:09.828+0000] {processor.py:186} INFO - Started process (PID=92) to work on /home/airflow/.local/lib/python3.12/site-packages/airflow/example_dags/example_sensors.py
[2024-11-05T10:37:09.829+0000] {processor.py:914} INFO - Processing file /home/airflow/.local/lib/python3.12/site-packages/airflow/example_dags/example_sensors.py for tasks to queue
[2024-11-05T10:37:09.832+0000] {logging_mixin.py:190} INFO - [2024-11-05T10:37:09.832+0000] {dagbag.py:588} INFO - Filling up the DagBag from /home/airflow/.local/lib/python3.12/site-packages/airflow/example_dags/example_sensors.py
[2024-11-05T10:37:09.852+0000] {processor.py:925} INFO - DAG(s) 'example_sensors' retrieved from /home/airflow/.local/lib/python3.12/site-packages/airflow/example_dags/example_sensors.py
[2024-11-05T10:37:10.082+0000] {logging_mixin.py:190} INFO - [2024-11-05T10:37:10.081+0000] {override.py:1900} INFO - Created Permission View: can delete on DAG:example_sensors
[2024-11-05T10:37:10.099+0000] {logging_mixin.py:190} INFO - [2024-11-05T10:37:10.099+0000] {override.py:1900} INFO - Created Permission View: can read on DAG:example_sensors
[2024-11-05T10:37:10.109+0000] {logging_mixin.py:190} INFO - [2024-11-05T10:37:10.109+0000] {override.py:1900} INFO - Created Permission View: can edit on DAG:example_sensors
[2024-11-05T10:37:10.118+0000] {logging_mixin.py:190} INFO - [2024-11-05T10:37:10.118+0000] {override.py:1900} INFO - Created Permission View: can delete on DAG Run:example_sensors
[2024-11-05T10:37:10.128+0000] {logging_mixin.py:190} INFO - [2024-11-05T10:37:10.127+0000] {override.py:1900} INFO - Created Permission View: can create on DAG Run:example_sensors
[2024-11-05T10:37:10.137+0000] {logging_mixin.py:190} INFO - [2024-11-05T10:37:10.137+0000] {override.py:1900} INFO - Created Permission View: can read on DAG Run:example_sensors
[2024-11-05T10:37:10.146+0000] {logging_mixin.py:190} INFO - [2024-11-05T10:37:10.146+0000] {override.py:1900} INFO - Created Permission View: menu access on DAG Run:example_sensors
[2024-11-05T10:37:10.147+0000] {logging_mixin.py:190} INFO - [2024-11-05T10:37:10.146+0000] {dag.py:3239} INFO - Sync 1 DAGs
[2024-11-05T10:37:10.163+0000] {logging_mixin.py:190} INFO - [2024-11-05T10:37:10.162+0000] {dag.py:3262} INFO - Creating ORM DAG for example_sensors
[2024-11-05T10:37:10.164+0000] {logging_mixin.py:190} INFO - [2024-11-05T10:37:10.163+0000] {dag.py:4180} INFO - Setting next_dagrun for example_sensors to None, run_after=None
[2024-11-05T10:37:10.185+0000] {processor.py:208} INFO - Processing /home/airflow/.local/lib/python3.12/site-packages/airflow/example_dags/example_sensors.py took 0.364 seconds
[2024-11-05T10:37:40.696+0000] {processor.py:186} INFO - Started process (PID=154) to work on /home/airflow/.local/lib/python3.12/site-packages/airflow/example_dags/example_sensors.py
[2024-11-05T10:37:40.697+0000] {processor.py:914} INFO - Processing file /home/airflow/.local/lib/python3.12/site-packages/airflow/example_dags/example_sensors.py for tasks to queue
[2024-11-05T10:37:40.700+0000] {logging_mixin.py:190} INFO - [2024-11-05T10:37:40.700+0000] {dagbag.py:588} INFO - Filling up the DagBag from /home/airflow/.local/lib/python3.12/site-packages/airflow/example_dags/example_sensors.py
[2024-11-05T10:37:40.713+0000] {processor.py:925} INFO - DAG(s) 'example_sensors' retrieved from /home/airflow/.local/lib/python3.12/site-packages/airflow/example_dags/example_sensors.py
[2024-11-05T10:37:40.741+0000] {logging_mixin.py:190} INFO - [2024-11-05T10:37:40.740+0000] {dag.py:3239} INFO - Sync 1 DAGs
[2024-11-05T10:37:40.756+0000] {logging_mixin.py:190} INFO - [2024-11-05T10:37:40.756+0000] {dag.py:4180} INFO - Setting next_dagrun for example_sensors to None, run_after=None
[2024-11-05T10:37:40.776+0000] {processor.py:208} INFO - Processing /home/airflow/.local/lib/python3.12/site-packages/airflow/example_dags/example_sensors.py took 0.087 seconds
[2024-11-05T10:38:10.911+0000] {processor.py:186} INFO - Started process (PID=217) to work on /home/airflow/.local/lib/python3.12/site-packages/airflow/example_dags/example_sensors.py
[2024-11-05T10:38:10.912+0000] {processor.py:914} INFO - Processing file /home/airflow/.local/lib/python3.12/site-packages/airflow/example_dags/example_sensors.py for tasks to queue
[2024-11-05T10:38:10.915+0000] {logging_mixin.py:190} INFO - [2024-11-05T10:38:10.914+0000] {dagbag.py:588} INFO - Filling up the DagBag from /home/airflow/.local/lib/python3.12/site-packages/airflow/example_dags/example_sensors.py
[2024-11-05T10:38:10.928+0000] {processor.py:925} INFO - DAG(s) 'example_sensors' retrieved from /home/airflow/.local/lib/python3.12/site-packages/airflow/example_dags/example_sensors.py
[2024-11-05T10:38:10.967+0000] {logging_mixin.py:190} INFO - [2024-11-05T10:38:10.966+0000] {dag.py:3239} INFO - Sync 1 DAGs
[2024-11-05T10:38:10.986+0000] {logging_mixin.py:190} INFO - [2024-11-05T10:38:10.986+0000] {dag.py:4180} INFO - Setting next_dagrun for example_sensors to None, run_after=None
[2024-11-05T10:38:11.010+0000] {processor.py:208} INFO - Processing /home/airflow/.local/lib/python3.12/site-packages/airflow/example_dags/example_sensors.py took 0.106 seconds
[2024-11-05T10:38:41.531+0000] {processor.py:186} INFO - Started process (PID=280) to work on /home/airflow/.local/lib/python3.12/site-packages/airflow/example_dags/example_sensors.py
[2024-11-05T10:38:41.532+0000] {processor.py:914} INFO - Processing file /home/airflow/.local/lib/python3.12/site-packages/airflow/example_dags/example_sensors.py for tasks to queue
[2024-11-05T10:38:41.535+0000] {logging_mixin.py:190} INFO - [2024-11-05T10:38:41.535+0000] {dagbag.py:588} INFO - Filling up the DagBag from /home/airflow/.local/lib/python3.12/site-packages/airflow/example_dags/example_sensors.py
[2024-11-05T10:38:41.547+0000] {processor.py:925} INFO - DAG(s) 'example_sensors' retrieved from /home/airflow/.local/lib/python3.12/site-packages/airflow/example_dags/example_sensors.py
[2024-11-05T10:38:41.577+0000] {logging_mixin.py:190} INFO - [2024-11-05T10:38:41.577+0000] {dag.py:3239} INFO - Sync 1 DAGs
[2024-11-05T10:38:41.597+0000] {logging_mixin.py:190} INFO - [2024-11-05T10:38:41.597+0000] {dag.py:4180} INFO - Setting next_dagrun for example_sensors to None, run_after=None
[2024-11-05T10:38:41.622+0000] {processor.py:208} INFO - Processing /home/airflow/.local/lib/python3.12/site-packages/airflow/example_dags/example_sensors.py took 0.098 seconds
[2024-11-05T10:39:11.872+0000] {processor.py:186} INFO - Started process (PID=342) to work on /home/airflow/.local/lib/python3.12/site-packages/airflow/example_dags/example_sensors.py
[2024-11-05T10:39:11.873+0000] {processor.py:914} INFO - Processing file /home/airflow/.local/lib/python3.12/site-packages/airflow/example_dags/example_sensors.py for tasks to queue
[2024-11-05T10:39:11.876+0000] {logging_mixin.py:190} INFO - [2024-11-05T10:39:11.876+0000] {dagbag.py:588} INFO - Filling up the DagBag from /home/airflow/.local/lib/python3.12/site-packages/airflow/example_dags/example_sensors.py
[2024-11-05T10:39:11.901+0000] {processor.py:925} INFO - DAG(s) 'example_sensors' retrieved from /home/airflow/.local/lib/python3.12/site-packages/airflow/example_dags/example_sensors.py
[2024-11-05T10:39:11.941+0000] {logging_mixin.py:190} INFO - [2024-11-05T10:39:11.941+0000] {dag.py:3239} INFO - Sync 1 DAGs
[2024-11-05T10:39:11.964+0000] {logging_mixin.py:190} INFO - [2024-11-05T10:39:11.964+0000] {dag.py:4180} INFO - Setting next_dagrun for example_sensors to None, run_after=None
[2024-11-05T10:39:11.994+0000] {processor.py:208} INFO - Processing /home/airflow/.local/lib/python3.12/site-packages/airflow/example_dags/example_sensors.py took 0.130 seconds
[2024-11-05T10:39:42.288+0000] {processor.py:186} INFO - Started process (PID=404) to work on /home/airflow/.local/lib/python3.12/site-packages/airflow/example_dags/example_sensors.py
[2024-11-05T10:39:42.289+0000] {processor.py:914} INFO - Processing file /home/airflow/.local/lib/python3.12/site-packages/airflow/example_dags/example_sensors.py for tasks to queue
[2024-11-05T10:39:42.291+0000] {logging_mixin.py:190} INFO - [2024-11-05T10:39:42.291+0000] {dagbag.py:588} INFO - Filling up the DagBag from /home/airflow/.local/lib/python3.12/site-packages/airflow/example_dags/example_sensors.py
[2024-11-05T10:39:42.302+0000] {processor.py:925} INFO - DAG(s) 'example_sensors' retrieved from /home/airflow/.local/lib/python3.12/site-packages/airflow/example_dags/example_sensors.py
[2024-11-05T10:39:42.331+0000] {logging_mixin.py:190} INFO - [2024-11-05T10:39:42.331+0000] {dag.py:3239} INFO - Sync 1 DAGs
[2024-11-05T10:39:42.346+0000] {logging_mixin.py:190} INFO - [2024-11-05T10:39:42.346+0000] {dag.py:4180} INFO - Setting next_dagrun for example_sensors to None, run_after=None
[2024-11-05T10:39:42.371+0000] {processor.py:208} INFO - Processing /home/airflow/.local/lib/python3.12/site-packages/airflow/example_dags/example_sensors.py took 0.088 seconds
[2024-11-05T10:40:12.659+0000] {processor.py:186} INFO - Started process (PID=467) to work on /home/airflow/.local/lib/python3.12/site-packages/airflow/example_dags/example_sensors.py
[2024-11-05T10:40:12.661+0000] {processor.py:914} INFO - Processing file /home/airflow/.local/lib/python3.12/site-packages/airflow/example_dags/example_sensors.py for tasks to queue
[2024-11-05T10:40:12.664+0000] {logging_mixin.py:190} INFO - [2024-11-05T10:40:12.664+0000] {dagbag.py:588} INFO - Filling up the DagBag from /home/airflow/.local/lib/python3.12/site-packages/airflow/example_dags/example_sensors.py
[2024-11-05T10:40:12.681+0000] {processor.py:925} INFO - DAG(s) 'example_sensors' retrieved from /home/airflow/.local/lib/python3.12/site-packages/airflow/example_dags/example_sensors.py
[2024-11-05T10:40:12.715+0000] {logging_mixin.py:190} INFO - [2024-11-05T10:40:12.715+0000] {dag.py:3239} INFO - Sync 1 DAGs
[2024-11-05T10:40:12.734+0000] {logging_mixin.py:190} INFO - [2024-11-05T10:40:12.734+0000] {dag.py:4180} INFO - Setting next_dagrun for example_sensors to None, run_after=None
[2024-11-05T10:40:12.757+0000] {processor.py:208} INFO - Processing /home/airflow/.local/lib/python3.12/site-packages/airflow/example_dags/example_sensors.py took 0.104 seconds
[2024-11-05T10:40:43.050+0000] {processor.py:186} INFO - Started process (PID=530) to work on /home/airflow/.local/lib/python3.12/site-packages/airflow/example_dags/example_sensors.py
[2024-11-05T10:40:43.051+0000] {processor.py:914} INFO - Processing file /home/airflow/.local/lib/python3.12/site-packages/airflow/example_dags/example_sensors.py for tasks to queue
[2024-11-05T10:40:43.053+0000] {logging_mixin.py:190} INFO - [2024-11-05T10:40:43.053+0000] {dagbag.py:588} INFO - Filling up the DagBag from /home/airflow/.local/lib/python3.12/site-packages/airflow/example_dags/example_sensors.py
[2024-11-05T10:40:43.066+0000] {processor.py:925} INFO - DAG(s) 'example_sensors' retrieved from /home/airflow/.local/lib/python3.12/site-packages/airflow/example_dags/example_sensors.py
[2024-11-05T10:40:43.099+0000] {logging_mixin.py:190} INFO - [2024-11-05T10:40:43.099+0000] {dag.py:3239} INFO - Sync 1 DAGs
[2024-11-05T10:40:43.114+0000] {logging_mixin.py:190} INFO - [2024-11-05T10:40:43.114+0000] {dag.py:4180} INFO - Setting next_dagrun for example_sensors to None, run_after=None
[2024-11-05T10:40:43.139+0000] {processor.py:208} INFO - Processing /home/airflow/.local/lib/python3.12/site-packages/airflow/example_dags/example_sensors.py took 0.095 seconds
[2024-11-05T10:41:13.273+0000] {processor.py:186} INFO - Started process (PID=593) to work on /home/airflow/.local/lib/python3.12/site-packages/airflow/example_dags/example_sensors.py
[2024-11-05T10:41:13.276+0000] {processor.py:914} INFO - Processing file /home/airflow/.local/lib/python3.12/site-packages/airflow/example_dags/example_sensors.py for tasks to queue
[2024-11-05T10:41:13.278+0000] {logging_mixin.py:190} INFO - [2024-11-05T10:41:13.278+0000] {dagbag.py:588} INFO - Filling up the DagBag from /home/airflow/.local/lib/python3.12/site-packages/airflow/example_dags/example_sensors.py
[2024-11-05T10:41:13.290+0000] {processor.py:925} INFO - DAG(s) 'example_sensors' retrieved from /home/airflow/.local/lib/python3.12/site-packages/airflow/example_dags/example_sensors.py
[2024-11-05T10:41:13.316+0000] {logging_mixin.py:190} INFO - [2024-11-05T10:41:13.316+0000] {dag.py:3239} INFO - Sync 1 DAGs
[2024-11-05T10:41:13.331+0000] {logging_mixin.py:190} INFO - [2024-11-05T10:41:13.331+0000] {dag.py:4180} INFO - Setting next_dagrun for example_sensors to None, run_after=None
[2024-11-05T10:41:13.351+0000] {processor.py:208} INFO - Processing /home/airflow/.local/lib/python3.12/site-packages/airflow/example_dags/example_sensors.py took 0.084 seconds
[2024-11-05T10:41:43.560+0000] {processor.py:186} INFO - Started process (PID=656) to work on /home/airflow/.local/lib/python3.12/site-packages/airflow/example_dags/example_sensors.py
[2024-11-05T10:41:43.560+0000] {processor.py:914} INFO - Processing file /home/airflow/.local/lib/python3.12/site-packages/airflow/example_dags/example_sensors.py for tasks to queue
[2024-11-05T10:41:43.563+0000] {logging_mixin.py:190} INFO - [2024-11-05T10:41:43.562+0000] {dagbag.py:588} INFO - Filling up the DagBag from /home/airflow/.local/lib/python3.12/site-packages/airflow/example_dags/example_sensors.py
[2024-11-05T10:41:43.575+0000] {processor.py:925} INFO - DAG(s) 'example_sensors' retrieved from /home/airflow/.local/lib/python3.12/site-packages/airflow/example_dags/example_sensors.py
[2024-11-05T10:41:43.608+0000] {logging_mixin.py:190} INFO - [2024-11-05T10:41:43.608+0000] {dag.py:3239} INFO - Sync 1 DAGs
[2024-11-05T10:41:43.627+0000] {logging_mixin.py:190} INFO - [2024-11-05T10:41:43.626+0000] {dag.py:4180} INFO - Setting next_dagrun for example_sensors to None, run_after=None
[2024-11-05T10:41:43.657+0000] {processor.py:208} INFO - Processing /home/airflow/.local/lib/python3.12/site-packages/airflow/example_dags/example_sensors.py took 0.103 seconds
[2024-11-05T10:42:14.272+0000] {processor.py:186} INFO - Started process (PID=719) to work on /home/airflow/.local/lib/python3.12/site-packages/airflow/example_dags/example_sensors.py
[2024-11-05T10:42:14.274+0000] {processor.py:914} INFO - Processing file /home/airflow/.local/lib/python3.12/site-packages/airflow/example_dags/example_sensors.py for tasks to queue
[2024-11-05T10:42:14.276+0000] {logging_mixin.py:190} INFO - [2024-11-05T10:42:14.276+0000] {dagbag.py:588} INFO - Filling up the DagBag from /home/airflow/.local/lib/python3.12/site-packages/airflow/example_dags/example_sensors.py
[2024-11-05T10:42:14.291+0000] {processor.py:925} INFO - DAG(s) 'example_sensors' retrieved from /home/airflow/.local/lib/python3.12/site-packages/airflow/example_dags/example_sensors.py
[2024-11-05T10:42:14.323+0000] {logging_mixin.py:190} INFO - [2024-11-05T10:42:14.322+0000] {dag.py:3239} INFO - Sync 1 DAGs
[2024-11-05T10:42:14.337+0000] {logging_mixin.py:190} INFO - [2024-11-05T10:42:14.337+0000] {dag.py:4180} INFO - Setting next_dagrun for example_sensors to None, run_after=None
[2024-11-05T10:42:14.360+0000] {processor.py:208} INFO - Processing /home/airflow/.local/lib/python3.12/site-packages/airflow/example_dags/example_sensors.py took 0.094 seconds
[2024-11-05T10:42:44.624+0000] {processor.py:186} INFO - Started process (PID=781) to work on /home/airflow/.local/lib/python3.12/site-packages/airflow/example_dags/example_sensors.py
[2024-11-05T10:42:44.625+0000] {processor.py:914} INFO - Processing file /home/airflow/.local/lib/python3.12/site-packages/airflow/example_dags/example_sensors.py for tasks to queue
[2024-11-05T10:42:44.628+0000] {logging_mixin.py:190} INFO - [2024-11-05T10:42:44.628+0000] {dagbag.py:588} INFO - Filling up the DagBag from /home/airflow/.local/lib/python3.12/site-packages/airflow/example_dags/example_sensors.py
[2024-11-05T10:42:44.642+0000] {processor.py:925} INFO - DAG(s) 'example_sensors' retrieved from /home/airflow/.local/lib/python3.12/site-packages/airflow/example_dags/example_sensors.py
[2024-11-05T10:42:44.669+0000] {logging_mixin.py:190} INFO - [2024-11-05T10:42:44.669+0000] {dag.py:3239} INFO - Sync 1 DAGs
[2024-11-05T10:42:44.685+0000] {logging_mixin.py:190} INFO - [2024-11-05T10:42:44.685+0000] {dag.py:4180} INFO - Setting next_dagrun for example_sensors to None, run_after=None
[2024-11-05T10:42:44.706+0000] {processor.py:208} INFO - Processing /home/airflow/.local/lib/python3.12/site-packages/airflow/example_dags/example_sensors.py took 0.090 seconds
[2024-11-05T10:43:15.486+0000] {processor.py:186} INFO - Started process (PID=844) to work on /home/airflow/.local/lib/python3.12/site-packages/airflow/example_dags/example_sensors.py
[2024-11-05T10:43:15.487+0000] {processor.py:914} INFO - Processing file /home/airflow/.local/lib/python3.12/site-packages/airflow/example_dags/example_sensors.py for tasks to queue
[2024-11-05T10:43:15.490+0000] {logging_mixin.py:190} INFO - [2024-11-05T10:43:15.489+0000] {dagbag.py:588} INFO - Filling up the DagBag from /home/airflow/.local/lib/python3.12/site-packages/airflow/example_dags/example_sensors.py
[2024-11-05T10:43:15.503+0000] {processor.py:925} INFO - DAG(s) 'example_sensors' retrieved from /home/airflow/.local/lib/python3.12/site-packages/airflow/example_dags/example_sensors.py
[2024-11-05T10:43:15.536+0000] {logging_mixin.py:190} INFO - [2024-11-05T10:43:15.536+0000] {dag.py:3239} INFO - Sync 1 DAGs
[2024-11-05T10:43:15.555+0000] {logging_mixin.py:190} INFO - [2024-11-05T10:43:15.555+0000] {dag.py:4180} INFO - Setting next_dagrun for example_sensors to None, run_after=None
[2024-11-05T10:43:15.580+0000] {processor.py:208} INFO - Processing /home/airflow/.local/lib/python3.12/site-packages/airflow/example_dags/example_sensors.py took 0.101 seconds
[2024-11-05T10:43:46.030+0000] {processor.py:186} INFO - Started process (PID=908) to work on /home/airflow/.local/lib/python3.12/site-packages/airflow/example_dags/example_sensors.py
[2024-11-05T10:43:46.032+0000] {processor.py:914} INFO - Processing file /home/airflow/.local/lib/python3.12/site-packages/airflow/example_dags/example_sensors.py for tasks to queue
[2024-11-05T10:43:46.035+0000] {logging_mixin.py:190} INFO - [2024-11-05T10:43:46.035+0000] {dagbag.py:588} INFO - Filling up the DagBag from /home/airflow/.local/lib/python3.12/site-packages/airflow/example_dags/example_sensors.py
[2024-11-05T10:43:46.054+0000] {processor.py:925} INFO - DAG(s) 'example_sensors' retrieved from /home/airflow/.local/lib/python3.12/site-packages/airflow/example_dags/example_sensors.py
[2024-11-05T10:43:46.103+0000] {logging_mixin.py:190} INFO - [2024-11-05T10:43:46.102+0000] {dag.py:3239} INFO - Sync 1 DAGs
[2024-11-05T10:43:46.132+0000] {logging_mixin.py:190} INFO - [2024-11-05T10:43:46.131+0000] {dag.py:4180} INFO - Setting next_dagrun for example_sensors to None, run_after=None
[2024-11-05T10:43:46.163+0000] {processor.py:208} INFO - Processing /home/airflow/.local/lib/python3.12/site-packages/airflow/example_dags/example_sensors.py took 0.142 seconds
[2024-11-05T10:44:16.482+0000] {processor.py:186} INFO - Started process (PID=972) to work on /home/airflow/.local/lib/python3.12/site-packages/airflow/example_dags/example_sensors.py
[2024-11-05T10:44:16.483+0000] {processor.py:914} INFO - Processing file /home/airflow/.local/lib/python3.12/site-packages/airflow/example_dags/example_sensors.py for tasks to queue
[2024-11-05T10:44:16.486+0000] {logging_mixin.py:190} INFO - [2024-11-05T10:44:16.486+0000] {dagbag.py:588} INFO - Filling up the DagBag from /home/airflow/.local/lib/python3.12/site-packages/airflow/example_dags/example_sensors.py
[2024-11-05T10:44:16.498+0000] {processor.py:925} INFO - DAG(s) 'example_sensors' retrieved from /home/airflow/.local/lib/python3.12/site-packages/airflow/example_dags/example_sensors.py
[2024-11-05T10:44:16.532+0000] {logging_mixin.py:190} INFO - [2024-11-05T10:44:16.532+0000] {dag.py:3239} INFO - Sync 1 DAGs
[2024-11-05T10:44:16.552+0000] {logging_mixin.py:190} INFO - [2024-11-05T10:44:16.552+0000] {dag.py:4180} INFO - Setting next_dagrun for example_sensors to None, run_after=None
[2024-11-05T10:44:16.575+0000] {processor.py:208} INFO - Processing /home/airflow/.local/lib/python3.12/site-packages/airflow/example_dags/example_sensors.py took 0.099 seconds
[2024-11-05T10:44:46.936+0000] {processor.py:186} INFO - Started process (PID=1035) to work on /home/airflow/.local/lib/python3.12/site-packages/airflow/example_dags/example_sensors.py
[2024-11-05T10:44:46.937+0000] {processor.py:914} INFO - Processing file /home/airflow/.local/lib/python3.12/site-packages/airflow/example_dags/example_sensors.py for tasks to queue
[2024-11-05T10:44:46.940+0000] {logging_mixin.py:190} INFO - [2024-11-05T10:44:46.940+0000] {dagbag.py:588} INFO - Filling up the DagBag from /home/airflow/.local/lib/python3.12/site-packages/airflow/example_dags/example_sensors.py
[2024-11-05T10:44:46.952+0000] {processor.py:925} INFO - DAG(s) 'example_sensors' retrieved from /home/airflow/.local/lib/python3.12/site-packages/airflow/example_dags/example_sensors.py
[2024-11-05T10:44:46.987+0000] {logging_mixin.py:190} INFO - [2024-11-05T10:44:46.987+0000] {dag.py:3239} INFO - Sync 1 DAGs
[2024-11-05T10:44:47.007+0000] {logging_mixin.py:190} INFO - [2024-11-05T10:44:47.007+0000] {dag.py:4180} INFO - Setting next_dagrun for example_sensors to None, run_after=None
[2024-11-05T10:44:47.035+0000] {processor.py:208} INFO - Processing /home/airflow/.local/lib/python3.12/site-packages/airflow/example_dags/example_sensors.py took 0.106 seconds
[2024-11-05T10:45:18.184+0000] {processor.py:186} INFO - Started process (PID=1098) to work on /home/airflow/.local/lib/python3.12/site-packages/airflow/example_dags/example_sensors.py
[2024-11-05T10:45:18.186+0000] {processor.py:914} INFO - Processing file /home/airflow/.local/lib/python3.12/site-packages/airflow/example_dags/example_sensors.py for tasks to queue
[2024-11-05T10:45:18.189+0000] {logging_mixin.py:190} INFO - [2024-11-05T10:45:18.188+0000] {dagbag.py:588} INFO - Filling up the DagBag from /home/airflow/.local/lib/python3.12/site-packages/airflow/example_dags/example_sensors.py
[2024-11-05T10:45:18.205+0000] {processor.py:925} INFO - DAG(s) 'example_sensors' retrieved from /home/airflow/.local/lib/python3.12/site-packages/airflow/example_dags/example_sensors.py
[2024-11-05T10:45:18.235+0000] {logging_mixin.py:190} INFO - [2024-11-05T10:45:18.234+0000] {dag.py:3239} INFO - Sync 1 DAGs
[2024-11-05T10:45:18.251+0000] {logging_mixin.py:190} INFO - [2024-11-05T10:45:18.251+0000] {dag.py:4180} INFO - Setting next_dagrun for example_sensors to None, run_after=None
[2024-11-05T10:45:18.277+0000] {processor.py:208} INFO - Processing /home/airflow/.local/lib/python3.12/site-packages/airflow/example_dags/example_sensors.py took 0.101 seconds
[2024-11-05T10:45:48.601+0000] {processor.py:186} INFO - Started process (PID=1161) to work on /home/airflow/.local/lib/python3.12/site-packages/airflow/example_dags/example_sensors.py
[2024-11-05T10:45:48.602+0000] {processor.py:914} INFO - Processing file /home/airflow/.local/lib/python3.12/site-packages/airflow/example_dags/example_sensors.py for tasks to queue
[2024-11-05T10:45:48.605+0000] {logging_mixin.py:190} INFO - [2024-11-05T10:45:48.605+0000] {dagbag.py:588} INFO - Filling up the DagBag from /home/airflow/.local/lib/python3.12/site-packages/airflow/example_dags/example_sensors.py
[2024-11-05T10:45:48.621+0000] {processor.py:925} INFO - DAG(s) 'example_sensors' retrieved from /home/airflow/.local/lib/python3.12/site-packages/airflow/example_dags/example_sensors.py
[2024-11-05T10:45:48.655+0000] {logging_mixin.py:190} INFO - [2024-11-05T10:45:48.655+0000] {dag.py:3239} INFO - Sync 1 DAGs
[2024-11-05T10:45:48.670+0000] {logging_mixin.py:190} INFO - [2024-11-05T10:45:48.670+0000] {dag.py:4180} INFO - Setting next_dagrun for example_sensors to None, run_after=None
[2024-11-05T10:45:48.691+0000] {processor.py:208} INFO - Processing /home/airflow/.local/lib/python3.12/site-packages/airflow/example_dags/example_sensors.py took 0.099 seconds
[2024-11-05T10:46:19.689+0000] {processor.py:186} INFO - Started process (PID=1224) to work on /home/airflow/.local/lib/python3.12/site-packages/airflow/example_dags/example_sensors.py
[2024-11-05T10:46:19.691+0000] {processor.py:914} INFO - Processing file /home/airflow/.local/lib/python3.12/site-packages/airflow/example_dags/example_sensors.py for tasks to queue
[2024-11-05T10:46:19.693+0000] {logging_mixin.py:190} INFO - [2024-11-05T10:46:19.693+0000] {dagbag.py:588} INFO - Filling up the DagBag from /home/airflow/.local/lib/python3.12/site-packages/airflow/example_dags/example_sensors.py
[2024-11-05T10:46:19.709+0000] {processor.py:925} INFO - DAG(s) 'example_sensors' retrieved from /home/airflow/.local/lib/python3.12/site-packages/airflow/example_dags/example_sensors.py
[2024-11-05T10:46:19.758+0000] {logging_mixin.py:190} INFO - [2024-11-05T10:46:19.758+0000] {dag.py:3239} INFO - Sync 1 DAGs
[2024-11-05T10:46:19.789+0000] {logging_mixin.py:190} INFO - [2024-11-05T10:46:19.789+0000] {dag.py:4180} INFO - Setting next_dagrun for example_sensors to None, run_after=None
[2024-11-05T10:46:19.824+0000] {processor.py:208} INFO - Processing /home/airflow/.local/lib/python3.12/site-packages/airflow/example_dags/example_sensors.py took 0.144 seconds
[2024-11-05T10:46:50.437+0000] {processor.py:186} INFO - Started process (PID=1286) to work on /home/airflow/.local/lib/python3.12/site-packages/airflow/example_dags/example_sensors.py
[2024-11-05T10:46:50.438+0000] {processor.py:914} INFO - Processing file /home/airflow/.local/lib/python3.12/site-packages/airflow/example_dags/example_sensors.py for tasks to queue
[2024-11-05T10:46:50.442+0000] {logging_mixin.py:190} INFO - [2024-11-05T10:46:50.441+0000] {dagbag.py:588} INFO - Filling up the DagBag from /home/airflow/.local/lib/python3.12/site-packages/airflow/example_dags/example_sensors.py
[2024-11-05T10:46:50.457+0000] {processor.py:925} INFO - DAG(s) 'example_sensors' retrieved from /home/airflow/.local/lib/python3.12/site-packages/airflow/example_dags/example_sensors.py
[2024-11-05T10:46:50.488+0000] {logging_mixin.py:190} INFO - [2024-11-05T10:46:50.488+0000] {dag.py:3239} INFO - Sync 1 DAGs
[2024-11-05T10:46:50.511+0000] {logging_mixin.py:190} INFO - [2024-11-05T10:46:50.511+0000] {dag.py:4180} INFO - Setting next_dagrun for example_sensors to None, run_after=None
[2024-11-05T10:46:50.540+0000] {processor.py:208} INFO - Processing /home/airflow/.local/lib/python3.12/site-packages/airflow/example_dags/example_sensors.py took 0.110 seconds
[2024-11-05T10:47:21.768+0000] {processor.py:186} INFO - Started process (PID=1349) to work on /home/airflow/.local/lib/python3.12/site-packages/airflow/example_dags/example_sensors.py
[2024-11-05T10:47:21.770+0000] {processor.py:914} INFO - Processing file /home/airflow/.local/lib/python3.12/site-packages/airflow/example_dags/example_sensors.py for tasks to queue
[2024-11-05T10:47:21.774+0000] {logging_mixin.py:190} INFO - [2024-11-05T10:47:21.773+0000] {dagbag.py:588} INFO - Filling up the DagBag from /home/airflow/.local/lib/python3.12/site-packages/airflow/example_dags/example_sensors.py
[2024-11-05T10:47:21.793+0000] {processor.py:925} INFO - DAG(s) 'example_sensors' retrieved from /home/airflow/.local/lib/python3.12/site-packages/airflow/example_dags/example_sensors.py
[2024-11-05T10:47:21.845+0000] {logging_mixin.py:190} INFO - [2024-11-05T10:47:21.844+0000] {dag.py:3239} INFO - Sync 1 DAGs
[2024-11-05T10:47:21.876+0000] {logging_mixin.py:190} INFO - [2024-11-05T10:47:21.875+0000] {dag.py:4180} INFO - Setting next_dagrun for example_sensors to None, run_after=None
[2024-11-05T10:47:21.939+0000] {processor.py:208} INFO - Processing /home/airflow/.local/lib/python3.12/site-packages/airflow/example_dags/example_sensors.py took 0.180 seconds
[2024-11-05T10:47:52.539+0000] {processor.py:186} INFO - Started process (PID=1412) to work on /home/airflow/.local/lib/python3.12/site-packages/airflow/example_dags/example_sensors.py
[2024-11-05T10:47:52.540+0000] {processor.py:914} INFO - Processing file /home/airflow/.local/lib/python3.12/site-packages/airflow/example_dags/example_sensors.py for tasks to queue
[2024-11-05T10:47:52.542+0000] {logging_mixin.py:190} INFO - [2024-11-05T10:47:52.542+0000] {dagbag.py:588} INFO - Filling up the DagBag from /home/airflow/.local/lib/python3.12/site-packages/airflow/example_dags/example_sensors.py
[2024-11-05T10:47:52.555+0000] {processor.py:925} INFO - DAG(s) 'example_sensors' retrieved from /home/airflow/.local/lib/python3.12/site-packages/airflow/example_dags/example_sensors.py
[2024-11-05T10:47:52.595+0000] {logging_mixin.py:190} INFO - [2024-11-05T10:47:52.595+0000] {dag.py:3239} INFO - Sync 1 DAGs
[2024-11-05T10:47:52.617+0000] {logging_mixin.py:190} INFO - [2024-11-05T10:47:52.616+0000] {dag.py:4180} INFO - Setting next_dagrun for example_sensors to None, run_after=None
[2024-11-05T10:47:52.641+0000] {processor.py:208} INFO - Processing /home/airflow/.local/lib/python3.12/site-packages/airflow/example_dags/example_sensors.py took 0.109 seconds
[2024-11-05T10:48:23.936+0000] {processor.py:186} INFO - Started process (PID=1474) to work on /home/airflow/.local/lib/python3.12/site-packages/airflow/example_dags/example_sensors.py
[2024-11-05T10:48:23.941+0000] {processor.py:914} INFO - Processing file /home/airflow/.local/lib/python3.12/site-packages/airflow/example_dags/example_sensors.py for tasks to queue
[2024-11-05T10:48:23.953+0000] {logging_mixin.py:190} INFO - [2024-11-05T10:48:23.943+0000] {dagbag.py:588} INFO - Filling up the DagBag from /home/airflow/.local/lib/python3.12/site-packages/airflow/example_dags/example_sensors.py
[2024-11-05T10:48:23.980+0000] {processor.py:925} INFO - DAG(s) 'example_sensors' retrieved from /home/airflow/.local/lib/python3.12/site-packages/airflow/example_dags/example_sensors.py
[2024-11-05T10:48:24.027+0000] {logging_mixin.py:190} INFO - [2024-11-05T10:48:24.027+0000] {dag.py:3239} INFO - Sync 1 DAGs
[2024-11-05T10:48:24.053+0000] {logging_mixin.py:190} INFO - [2024-11-05T10:48:24.053+0000] {dag.py:4180} INFO - Setting next_dagrun for example_sensors to None, run_after=None
[2024-11-05T10:48:24.087+0000] {processor.py:208} INFO - Processing /home/airflow/.local/lib/python3.12/site-packages/airflow/example_dags/example_sensors.py took 0.210 seconds
[2024-11-05T10:48:54.653+0000] {processor.py:186} INFO - Started process (PID=1537) to work on /home/airflow/.local/lib/python3.12/site-packages/airflow/example_dags/example_sensors.py
[2024-11-05T10:48:54.654+0000] {processor.py:914} INFO - Processing file /home/airflow/.local/lib/python3.12/site-packages/airflow/example_dags/example_sensors.py for tasks to queue
[2024-11-05T10:48:54.657+0000] {logging_mixin.py:190} INFO - [2024-11-05T10:48:54.657+0000] {dagbag.py:588} INFO - Filling up the DagBag from /home/airflow/.local/lib/python3.12/site-packages/airflow/example_dags/example_sensors.py
[2024-11-05T10:48:54.669+0000] {processor.py:925} INFO - DAG(s) 'example_sensors' retrieved from /home/airflow/.local/lib/python3.12/site-packages/airflow/example_dags/example_sensors.py
[2024-11-05T10:48:54.716+0000] {logging_mixin.py:190} INFO - [2024-11-05T10:48:54.715+0000] {dag.py:3239} INFO - Sync 1 DAGs
[2024-11-05T10:48:54.735+0000] {logging_mixin.py:190} INFO - [2024-11-05T10:48:54.734+0000] {dag.py:4180} INFO - Setting next_dagrun for example_sensors to None, run_after=None
[2024-11-05T10:48:54.763+0000] {processor.py:208} INFO - Processing /home/airflow/.local/lib/python3.12/site-packages/airflow/example_dags/example_sensors.py took 0.115 seconds
[2024-11-05T10:49:25.362+0000] {processor.py:186} INFO - Started process (PID=1599) to work on /home/airflow/.local/lib/python3.12/site-packages/airflow/example_dags/example_sensors.py
[2024-11-05T10:49:25.364+0000] {processor.py:914} INFO - Processing file /home/airflow/.local/lib/python3.12/site-packages/airflow/example_dags/example_sensors.py for tasks to queue
[2024-11-05T10:49:25.367+0000] {logging_mixin.py:190} INFO - [2024-11-05T10:49:25.367+0000] {dagbag.py:588} INFO - Filling up the DagBag from /home/airflow/.local/lib/python3.12/site-packages/airflow/example_dags/example_sensors.py
[2024-11-05T10:49:25.387+0000] {processor.py:925} INFO - DAG(s) 'example_sensors' retrieved from /home/airflow/.local/lib/python3.12/site-packages/airflow/example_dags/example_sensors.py
[2024-11-05T10:49:25.443+0000] {logging_mixin.py:190} INFO - [2024-11-05T10:49:25.443+0000] {dag.py:3239} INFO - Sync 1 DAGs
[2024-11-05T10:49:25.472+0000] {logging_mixin.py:190} INFO - [2024-11-05T10:49:25.472+0000] {dag.py:4180} INFO - Setting next_dagrun for example_sensors to None, run_after=None
[2024-11-05T10:49:25.503+0000] {processor.py:208} INFO - Processing /home/airflow/.local/lib/python3.12/site-packages/airflow/example_dags/example_sensors.py took 0.150 seconds
[2024-11-05T10:49:55.694+0000] {processor.py:186} INFO - Started process (PID=1661) to work on /home/airflow/.local/lib/python3.12/site-packages/airflow/example_dags/example_sensors.py
[2024-11-05T10:49:55.695+0000] {processor.py:914} INFO - Processing file /home/airflow/.local/lib/python3.12/site-packages/airflow/example_dags/example_sensors.py for tasks to queue
[2024-11-05T10:49:55.699+0000] {logging_mixin.py:190} INFO - [2024-11-05T10:49:55.698+0000] {dagbag.py:588} INFO - Filling up the DagBag from /home/airflow/.local/lib/python3.12/site-packages/airflow/example_dags/example_sensors.py
[2024-11-05T10:49:55.719+0000] {processor.py:925} INFO - DAG(s) 'example_sensors' retrieved from /home/airflow/.local/lib/python3.12/site-packages/airflow/example_dags/example_sensors.py
[2024-11-05T10:49:55.762+0000] {logging_mixin.py:190} INFO - [2024-11-05T10:49:55.762+0000] {dag.py:3239} INFO - Sync 1 DAGs
[2024-11-05T10:49:55.783+0000] {logging_mixin.py:190} INFO - [2024-11-05T10:49:55.782+0000] {dag.py:4180} INFO - Setting next_dagrun for example_sensors to None, run_after=None
[2024-11-05T10:49:55.813+0000] {processor.py:208} INFO - Processing /home/airflow/.local/lib/python3.12/site-packages/airflow/example_dags/example_sensors.py took 0.129 seconds
[2024-11-05T10:50:25.947+0000] {processor.py:186} INFO - Started process (PID=1724) to work on /home/airflow/.local/lib/python3.12/site-packages/airflow/example_dags/example_sensors.py
[2024-11-05T10:50:25.948+0000] {processor.py:914} INFO - Processing file /home/airflow/.local/lib/python3.12/site-packages/airflow/example_dags/example_sensors.py for tasks to queue
[2024-11-05T10:50:25.953+0000] {logging_mixin.py:190} INFO - [2024-11-05T10:50:25.952+0000] {dagbag.py:588} INFO - Filling up the DagBag from /home/airflow/.local/lib/python3.12/site-packages/airflow/example_dags/example_sensors.py
[2024-11-05T10:50:25.972+0000] {processor.py:925} INFO - DAG(s) 'example_sensors' retrieved from /home/airflow/.local/lib/python3.12/site-packages/airflow/example_dags/example_sensors.py
[2024-11-05T10:50:26.007+0000] {logging_mixin.py:190} INFO - [2024-11-05T10:50:26.007+0000] {dag.py:3239} INFO - Sync 1 DAGs
[2024-11-05T10:50:26.027+0000] {logging_mixin.py:190} INFO - [2024-11-05T10:50:26.027+0000] {dag.py:4180} INFO - Setting next_dagrun for example_sensors to None, run_after=None
[2024-11-05T10:50:26.054+0000] {processor.py:208} INFO - Processing /home/airflow/.local/lib/python3.12/site-packages/airflow/example_dags/example_sensors.py took 0.117 seconds
[2024-11-05T10:50:56.247+0000] {processor.py:186} INFO - Started process (PID=1786) to work on /home/airflow/.local/lib/python3.12/site-packages/airflow/example_dags/example_sensors.py
[2024-11-05T10:50:56.248+0000] {processor.py:914} INFO - Processing file /home/airflow/.local/lib/python3.12/site-packages/airflow/example_dags/example_sensors.py for tasks to queue
[2024-11-05T10:50:56.251+0000] {logging_mixin.py:190} INFO - [2024-11-05T10:50:56.250+0000] {dagbag.py:588} INFO - Filling up the DagBag from /home/airflow/.local/lib/python3.12/site-packages/airflow/example_dags/example_sensors.py
[2024-11-05T10:50:56.264+0000] {processor.py:925} INFO - DAG(s) 'example_sensors' retrieved from /home/airflow/.local/lib/python3.12/site-packages/airflow/example_dags/example_sensors.py
[2024-11-05T10:50:56.298+0000] {logging_mixin.py:190} INFO - [2024-11-05T10:50:56.298+0000] {dag.py:3239} INFO - Sync 1 DAGs
[2024-11-05T10:50:56.314+0000] {logging_mixin.py:190} INFO - [2024-11-05T10:50:56.313+0000] {dag.py:4180} INFO - Setting next_dagrun for example_sensors to None, run_after=None
[2024-11-05T10:50:56.333+0000] {processor.py:208} INFO - Processing /home/airflow/.local/lib/python3.12/site-packages/airflow/example_dags/example_sensors.py took 0.093 seconds
[2024-11-05T10:51:27.385+0000] {processor.py:186} INFO - Started process (PID=1849) to work on /home/airflow/.local/lib/python3.12/site-packages/airflow/example_dags/example_sensors.py
[2024-11-05T10:51:27.387+0000] {processor.py:914} INFO - Processing file /home/airflow/.local/lib/python3.12/site-packages/airflow/example_dags/example_sensors.py for tasks to queue
[2024-11-05T10:51:27.391+0000] {logging_mixin.py:190} INFO - [2024-11-05T10:51:27.391+0000] {dagbag.py:588} INFO - Filling up the DagBag from /home/airflow/.local/lib/python3.12/site-packages/airflow/example_dags/example_sensors.py
[2024-11-05T10:51:27.413+0000] {processor.py:925} INFO - DAG(s) 'example_sensors' retrieved from /home/airflow/.local/lib/python3.12/site-packages/airflow/example_dags/example_sensors.py
[2024-11-05T10:51:27.486+0000] {logging_mixin.py:190} INFO - [2024-11-05T10:51:27.484+0000] {dag.py:3239} INFO - Sync 1 DAGs
[2024-11-05T10:51:27.511+0000] {logging_mixin.py:190} INFO - [2024-11-05T10:51:27.510+0000] {dag.py:4180} INFO - Setting next_dagrun for example_sensors to None, run_after=None
[2024-11-05T10:51:27.540+0000] {processor.py:208} INFO - Processing /home/airflow/.local/lib/python3.12/site-packages/airflow/example_dags/example_sensors.py took 0.168 seconds
[2024-11-05T10:51:58.245+0000] {processor.py:186} INFO - Started process (PID=1912) to work on /home/airflow/.local/lib/python3.12/site-packages/airflow/example_dags/example_sensors.py
[2024-11-05T10:51:58.247+0000] {processor.py:914} INFO - Processing file /home/airflow/.local/lib/python3.12/site-packages/airflow/example_dags/example_sensors.py for tasks to queue
[2024-11-05T10:51:58.252+0000] {logging_mixin.py:190} INFO - [2024-11-05T10:51:58.251+0000] {dagbag.py:588} INFO - Filling up the DagBag from /home/airflow/.local/lib/python3.12/site-packages/airflow/example_dags/example_sensors.py
[2024-11-05T10:51:58.287+0000] {processor.py:925} INFO - DAG(s) 'example_sensors' retrieved from /home/airflow/.local/lib/python3.12/site-packages/airflow/example_dags/example_sensors.py
[2024-11-05T10:51:58.354+0000] {logging_mixin.py:190} INFO - [2024-11-05T10:51:58.352+0000] {dag.py:3239} INFO - Sync 1 DAGs
[2024-11-05T10:51:58.389+0000] {logging_mixin.py:190} INFO - [2024-11-05T10:51:58.388+0000] {dag.py:4180} INFO - Setting next_dagrun for example_sensors to None, run_after=None
[2024-11-05T10:51:58.431+0000] {processor.py:208} INFO - Processing /home/airflow/.local/lib/python3.12/site-packages/airflow/example_dags/example_sensors.py took 0.195 seconds
[2024-11-05T10:52:29.095+0000] {processor.py:186} INFO - Started process (PID=1976) to work on /home/airflow/.local/lib/python3.12/site-packages/airflow/example_dags/example_sensors.py
[2024-11-05T10:52:29.100+0000] {processor.py:914} INFO - Processing file /home/airflow/.local/lib/python3.12/site-packages/airflow/example_dags/example_sensors.py for tasks to queue
[2024-11-05T10:52:29.104+0000] {logging_mixin.py:190} INFO - [2024-11-05T10:52:29.104+0000] {dagbag.py:588} INFO - Filling up the DagBag from /home/airflow/.local/lib/python3.12/site-packages/airflow/example_dags/example_sensors.py
[2024-11-05T10:52:29.156+0000] {processor.py:925} INFO - DAG(s) 'example_sensors' retrieved from /home/airflow/.local/lib/python3.12/site-packages/airflow/example_dags/example_sensors.py
[2024-11-05T10:52:29.237+0000] {logging_mixin.py:190} INFO - [2024-11-05T10:52:29.237+0000] {dag.py:3239} INFO - Sync 1 DAGs
[2024-11-05T10:52:29.266+0000] {logging_mixin.py:190} INFO - [2024-11-05T10:52:29.266+0000] {dag.py:4180} INFO - Setting next_dagrun for example_sensors to None, run_after=None
[2024-11-05T10:52:29.306+0000] {processor.py:208} INFO - Processing /home/airflow/.local/lib/python3.12/site-packages/airflow/example_dags/example_sensors.py took 0.230 seconds
[2024-11-05T10:52:59.674+0000] {processor.py:186} INFO - Started process (PID=2039) to work on /home/airflow/.local/lib/python3.12/site-packages/airflow/example_dags/example_sensors.py
[2024-11-05T10:52:59.676+0000] {processor.py:914} INFO - Processing file /home/airflow/.local/lib/python3.12/site-packages/airflow/example_dags/example_sensors.py for tasks to queue
[2024-11-05T10:52:59.678+0000] {logging_mixin.py:190} INFO - [2024-11-05T10:52:59.678+0000] {dagbag.py:588} INFO - Filling up the DagBag from /home/airflow/.local/lib/python3.12/site-packages/airflow/example_dags/example_sensors.py
[2024-11-05T10:52:59.691+0000] {processor.py:925} INFO - DAG(s) 'example_sensors' retrieved from /home/airflow/.local/lib/python3.12/site-packages/airflow/example_dags/example_sensors.py
[2024-11-05T10:52:59.727+0000] {logging_mixin.py:190} INFO - [2024-11-05T10:52:59.727+0000] {dag.py:3239} INFO - Sync 1 DAGs
[2024-11-05T10:52:59.748+0000] {logging_mixin.py:190} INFO - [2024-11-05T10:52:59.748+0000] {dag.py:4180} INFO - Setting next_dagrun for example_sensors to None, run_after=None
[2024-11-05T10:52:59.770+0000] {processor.py:208} INFO - Processing /home/airflow/.local/lib/python3.12/site-packages/airflow/example_dags/example_sensors.py took 0.102 seconds
[2024-11-05T10:53:30.319+0000] {processor.py:186} INFO - Started process (PID=2102) to work on /home/airflow/.local/lib/python3.12/site-packages/airflow/example_dags/example_sensors.py
[2024-11-05T10:53:30.320+0000] {processor.py:914} INFO - Processing file /home/airflow/.local/lib/python3.12/site-packages/airflow/example_dags/example_sensors.py for tasks to queue
[2024-11-05T10:53:30.322+0000] {logging_mixin.py:190} INFO - [2024-11-05T10:53:30.322+0000] {dagbag.py:588} INFO - Filling up the DagBag from /home/airflow/.local/lib/python3.12/site-packages/airflow/example_dags/example_sensors.py
[2024-11-05T10:53:30.337+0000] {processor.py:925} INFO - DAG(s) 'example_sensors' retrieved from /home/airflow/.local/lib/python3.12/site-packages/airflow/example_dags/example_sensors.py
[2024-11-05T10:53:30.378+0000] {logging_mixin.py:190} INFO - [2024-11-05T10:53:30.377+0000] {dag.py:3239} INFO - Sync 1 DAGs
[2024-11-05T10:53:30.409+0000] {logging_mixin.py:190} INFO - [2024-11-05T10:53:30.409+0000] {dag.py:4180} INFO - Setting next_dagrun for example_sensors to None, run_after=None
[2024-11-05T10:53:30.455+0000] {processor.py:208} INFO - Processing /home/airflow/.local/lib/python3.12/site-packages/airflow/example_dags/example_sensors.py took 0.144 seconds
[2024-11-05T10:54:00.522+0000] {processor.py:186} INFO - Started process (PID=2165) to work on /home/airflow/.local/lib/python3.12/site-packages/airflow/example_dags/example_sensors.py
[2024-11-05T10:54:00.523+0000] {processor.py:914} INFO - Processing file /home/airflow/.local/lib/python3.12/site-packages/airflow/example_dags/example_sensors.py for tasks to queue
[2024-11-05T10:54:00.525+0000] {logging_mixin.py:190} INFO - [2024-11-05T10:54:00.525+0000] {dagbag.py:588} INFO - Filling up the DagBag from /home/airflow/.local/lib/python3.12/site-packages/airflow/example_dags/example_sensors.py
[2024-11-05T10:54:00.537+0000] {processor.py:925} INFO - DAG(s) 'example_sensors' retrieved from /home/airflow/.local/lib/python3.12/site-packages/airflow/example_dags/example_sensors.py
[2024-11-05T10:54:00.563+0000] {logging_mixin.py:190} INFO - [2024-11-05T10:54:00.562+0000] {dag.py:3239} INFO - Sync 1 DAGs
[2024-11-05T10:54:00.576+0000] {logging_mixin.py:190} INFO - [2024-11-05T10:54:00.576+0000] {dag.py:4180} INFO - Setting next_dagrun for example_sensors to None, run_after=None
[2024-11-05T10:54:00.596+0000] {processor.py:208} INFO - Processing /home/airflow/.local/lib/python3.12/site-packages/airflow/example_dags/example_sensors.py took 0.080 seconds
