[2024-11-05T10:37:13.966+0000] {processor.py:186} INFO - Started process (PID=105) to work on /home/airflow/.local/lib/python3.12/site-packages/airflow/example_dags/example_bash_decorator.py
[2024-11-05T10:37:13.969+0000] {processor.py:914} INFO - Processing file /home/airflow/.local/lib/python3.12/site-packages/airflow/example_dags/example_bash_decorator.py for tasks to queue
[2024-11-05T10:37:13.975+0000] {logging_mixin.py:190} INFO - [2024-11-05T10:37:13.975+0000] {dagbag.py:588} INFO - Filling up the DagBag from /home/airflow/.local/lib/python3.12/site-packages/airflow/example_dags/example_bash_decorator.py
[2024-11-05T10:37:14.007+0000] {processor.py:925} INFO - DAG(s) 'example_bash_decorator' retrieved from /home/airflow/.local/lib/python3.12/site-packages/airflow/example_dags/example_bash_decorator.py
[2024-11-05T10:37:14.166+0000] {logging_mixin.py:190} INFO - [2024-11-05T10:37:14.165+0000] {override.py:1900} INFO - Created Permission View: can delete on DAG:example_bash_decorator
[2024-11-05T10:37:14.179+0000] {logging_mixin.py:190} INFO - [2024-11-05T10:37:14.179+0000] {override.py:1900} INFO - Created Permission View: can read on DAG:example_bash_decorator
[2024-11-05T10:37:14.190+0000] {logging_mixin.py:190} INFO - [2024-11-05T10:37:14.189+0000] {override.py:1900} INFO - Created Permission View: can edit on DAG:example_bash_decorator
[2024-11-05T10:37:14.199+0000] {logging_mixin.py:190} INFO - [2024-11-05T10:37:14.199+0000] {override.py:1900} INFO - Created Permission View: can delete on DAG Run:example_bash_decorator
[2024-11-05T10:37:14.210+0000] {logging_mixin.py:190} INFO - [2024-11-05T10:37:14.209+0000] {override.py:1900} INFO - Created Permission View: can create on DAG Run:example_bash_decorator
[2024-11-05T10:37:14.220+0000] {logging_mixin.py:190} INFO - [2024-11-05T10:37:14.220+0000] {override.py:1900} INFO - Created Permission View: can read on DAG Run:example_bash_decorator
[2024-11-05T10:37:14.231+0000] {logging_mixin.py:190} INFO - [2024-11-05T10:37:14.231+0000] {override.py:1900} INFO - Created Permission View: menu access on DAG Run:example_bash_decorator
[2024-11-05T10:37:14.232+0000] {logging_mixin.py:190} INFO - [2024-11-05T10:37:14.232+0000] {dag.py:3239} INFO - Sync 1 DAGs
[2024-11-05T10:37:14.252+0000] {logging_mixin.py:190} INFO - [2024-11-05T10:37:14.252+0000] {dag.py:3262} INFO - Creating ORM DAG for example_bash_decorator
[2024-11-05T10:37:14.253+0000] {logging_mixin.py:190} INFO - [2024-11-05T10:37:14.253+0000] {dag.py:4180} INFO - Setting next_dagrun for example_bash_decorator to None, run_after=None
[2024-11-05T10:37:14.275+0000] {processor.py:208} INFO - Processing /home/airflow/.local/lib/python3.12/site-packages/airflow/example_dags/example_bash_decorator.py took 0.317 seconds
[2024-11-05T10:37:44.805+0000] {processor.py:186} INFO - Started process (PID=167) to work on /home/airflow/.local/lib/python3.12/site-packages/airflow/example_dags/example_bash_decorator.py
[2024-11-05T10:37:44.806+0000] {processor.py:914} INFO - Processing file /home/airflow/.local/lib/python3.12/site-packages/airflow/example_dags/example_bash_decorator.py for tasks to queue
[2024-11-05T10:37:44.809+0000] {logging_mixin.py:190} INFO - [2024-11-05T10:37:44.809+0000] {dagbag.py:588} INFO - Filling up the DagBag from /home/airflow/.local/lib/python3.12/site-packages/airflow/example_dags/example_bash_decorator.py
[2024-11-05T10:37:44.833+0000] {processor.py:925} INFO - DAG(s) 'example_bash_decorator' retrieved from /home/airflow/.local/lib/python3.12/site-packages/airflow/example_dags/example_bash_decorator.py
[2024-11-05T10:37:44.855+0000] {logging_mixin.py:190} INFO - [2024-11-05T10:37:44.854+0000] {dag.py:3239} INFO - Sync 1 DAGs
[2024-11-05T10:37:44.868+0000] {logging_mixin.py:190} INFO - [2024-11-05T10:37:44.868+0000] {dag.py:4180} INFO - Setting next_dagrun for example_bash_decorator to None, run_after=None
[2024-11-05T10:37:44.887+0000] {processor.py:208} INFO - Processing /home/airflow/.local/lib/python3.12/site-packages/airflow/example_dags/example_bash_decorator.py took 0.088 seconds
[2024-11-05T10:38:15.230+0000] {processor.py:186} INFO - Started process (PID=230) to work on /home/airflow/.local/lib/python3.12/site-packages/airflow/example_dags/example_bash_decorator.py
[2024-11-05T10:38:15.231+0000] {processor.py:914} INFO - Processing file /home/airflow/.local/lib/python3.12/site-packages/airflow/example_dags/example_bash_decorator.py for tasks to queue
[2024-11-05T10:38:15.233+0000] {logging_mixin.py:190} INFO - [2024-11-05T10:38:15.232+0000] {dagbag.py:588} INFO - Filling up the DagBag from /home/airflow/.local/lib/python3.12/site-packages/airflow/example_dags/example_bash_decorator.py
[2024-11-05T10:38:15.264+0000] {processor.py:925} INFO - DAG(s) 'example_bash_decorator' retrieved from /home/airflow/.local/lib/python3.12/site-packages/airflow/example_dags/example_bash_decorator.py
[2024-11-05T10:38:15.289+0000] {logging_mixin.py:190} INFO - [2024-11-05T10:38:15.289+0000] {dag.py:3239} INFO - Sync 1 DAGs
[2024-11-05T10:38:15.304+0000] {logging_mixin.py:190} INFO - [2024-11-05T10:38:15.303+0000] {dag.py:4180} INFO - Setting next_dagrun for example_bash_decorator to None, run_after=None
[2024-11-05T10:38:15.323+0000] {processor.py:208} INFO - Processing /home/airflow/.local/lib/python3.12/site-packages/airflow/example_dags/example_bash_decorator.py took 0.100 seconds
[2024-11-05T10:38:45.997+0000] {processor.py:186} INFO - Started process (PID=293) to work on /home/airflow/.local/lib/python3.12/site-packages/airflow/example_dags/example_bash_decorator.py
[2024-11-05T10:38:45.998+0000] {processor.py:914} INFO - Processing file /home/airflow/.local/lib/python3.12/site-packages/airflow/example_dags/example_bash_decorator.py for tasks to queue
[2024-11-05T10:38:46.001+0000] {logging_mixin.py:190} INFO - [2024-11-05T10:38:46.000+0000] {dagbag.py:588} INFO - Filling up the DagBag from /home/airflow/.local/lib/python3.12/site-packages/airflow/example_dags/example_bash_decorator.py
[2024-11-05T10:38:46.028+0000] {processor.py:925} INFO - DAG(s) 'example_bash_decorator' retrieved from /home/airflow/.local/lib/python3.12/site-packages/airflow/example_dags/example_bash_decorator.py
[2024-11-05T10:38:46.090+0000] {logging_mixin.py:190} INFO - [2024-11-05T10:38:46.090+0000] {dag.py:3239} INFO - Sync 1 DAGs
[2024-11-05T10:38:46.127+0000] {logging_mixin.py:190} INFO - [2024-11-05T10:38:46.127+0000] {dag.py:4180} INFO - Setting next_dagrun for example_bash_decorator to None, run_after=None
[2024-11-05T10:38:46.178+0000] {processor.py:208} INFO - Processing /home/airflow/.local/lib/python3.12/site-packages/airflow/example_dags/example_bash_decorator.py took 0.190 seconds
[2024-11-05T10:39:16.503+0000] {processor.py:186} INFO - Started process (PID=355) to work on /home/airflow/.local/lib/python3.12/site-packages/airflow/example_dags/example_bash_decorator.py
[2024-11-05T10:39:16.505+0000] {processor.py:914} INFO - Processing file /home/airflow/.local/lib/python3.12/site-packages/airflow/example_dags/example_bash_decorator.py for tasks to queue
[2024-11-05T10:39:16.507+0000] {logging_mixin.py:190} INFO - [2024-11-05T10:39:16.506+0000] {dagbag.py:588} INFO - Filling up the DagBag from /home/airflow/.local/lib/python3.12/site-packages/airflow/example_dags/example_bash_decorator.py
[2024-11-05T10:39:16.535+0000] {processor.py:925} INFO - DAG(s) 'example_bash_decorator' retrieved from /home/airflow/.local/lib/python3.12/site-packages/airflow/example_dags/example_bash_decorator.py
[2024-11-05T10:39:16.569+0000] {logging_mixin.py:190} INFO - [2024-11-05T10:39:16.569+0000] {dag.py:3239} INFO - Sync 1 DAGs
[2024-11-05T10:39:16.598+0000] {logging_mixin.py:190} INFO - [2024-11-05T10:39:16.598+0000] {dag.py:4180} INFO - Setting next_dagrun for example_bash_decorator to None, run_after=None
[2024-11-05T10:39:16.625+0000] {processor.py:208} INFO - Processing /home/airflow/.local/lib/python3.12/site-packages/airflow/example_dags/example_bash_decorator.py took 0.130 seconds
[2024-11-05T10:39:47.239+0000] {processor.py:186} INFO - Started process (PID=417) to work on /home/airflow/.local/lib/python3.12/site-packages/airflow/example_dags/example_bash_decorator.py
[2024-11-05T10:39:47.240+0000] {processor.py:914} INFO - Processing file /home/airflow/.local/lib/python3.12/site-packages/airflow/example_dags/example_bash_decorator.py for tasks to queue
[2024-11-05T10:39:47.244+0000] {logging_mixin.py:190} INFO - [2024-11-05T10:39:47.243+0000] {dagbag.py:588} INFO - Filling up the DagBag from /home/airflow/.local/lib/python3.12/site-packages/airflow/example_dags/example_bash_decorator.py
[2024-11-05T10:39:47.281+0000] {processor.py:925} INFO - DAG(s) 'example_bash_decorator' retrieved from /home/airflow/.local/lib/python3.12/site-packages/airflow/example_dags/example_bash_decorator.py
[2024-11-05T10:39:47.319+0000] {logging_mixin.py:190} INFO - [2024-11-05T10:39:47.319+0000] {dag.py:3239} INFO - Sync 1 DAGs
[2024-11-05T10:39:47.344+0000] {logging_mixin.py:190} INFO - [2024-11-05T10:39:47.344+0000] {dag.py:4180} INFO - Setting next_dagrun for example_bash_decorator to None, run_after=None
[2024-11-05T10:39:47.377+0000] {processor.py:208} INFO - Processing /home/airflow/.local/lib/python3.12/site-packages/airflow/example_dags/example_bash_decorator.py took 0.146 seconds
[2024-11-05T10:40:17.918+0000] {processor.py:186} INFO - Started process (PID=480) to work on /home/airflow/.local/lib/python3.12/site-packages/airflow/example_dags/example_bash_decorator.py
[2024-11-05T10:40:17.919+0000] {processor.py:914} INFO - Processing file /home/airflow/.local/lib/python3.12/site-packages/airflow/example_dags/example_bash_decorator.py for tasks to queue
[2024-11-05T10:40:17.922+0000] {logging_mixin.py:190} INFO - [2024-11-05T10:40:17.921+0000] {dagbag.py:588} INFO - Filling up the DagBag from /home/airflow/.local/lib/python3.12/site-packages/airflow/example_dags/example_bash_decorator.py
[2024-11-05T10:40:17.946+0000] {processor.py:925} INFO - DAG(s) 'example_bash_decorator' retrieved from /home/airflow/.local/lib/python3.12/site-packages/airflow/example_dags/example_bash_decorator.py
[2024-11-05T10:40:17.973+0000] {logging_mixin.py:190} INFO - [2024-11-05T10:40:17.973+0000] {dag.py:3239} INFO - Sync 1 DAGs
[2024-11-05T10:40:17.990+0000] {logging_mixin.py:190} INFO - [2024-11-05T10:40:17.990+0000] {dag.py:4180} INFO - Setting next_dagrun for example_bash_decorator to None, run_after=None
[2024-11-05T10:40:18.011+0000] {processor.py:208} INFO - Processing /home/airflow/.local/lib/python3.12/site-packages/airflow/example_dags/example_bash_decorator.py took 0.099 seconds
[2024-11-05T10:40:48.470+0000] {processor.py:186} INFO - Started process (PID=543) to work on /home/airflow/.local/lib/python3.12/site-packages/airflow/example_dags/example_bash_decorator.py
[2024-11-05T10:40:48.471+0000] {processor.py:914} INFO - Processing file /home/airflow/.local/lib/python3.12/site-packages/airflow/example_dags/example_bash_decorator.py for tasks to queue
[2024-11-05T10:40:48.474+0000] {logging_mixin.py:190} INFO - [2024-11-05T10:40:48.474+0000] {dagbag.py:588} INFO - Filling up the DagBag from /home/airflow/.local/lib/python3.12/site-packages/airflow/example_dags/example_bash_decorator.py
[2024-11-05T10:40:48.497+0000] {processor.py:925} INFO - DAG(s) 'example_bash_decorator' retrieved from /home/airflow/.local/lib/python3.12/site-packages/airflow/example_dags/example_bash_decorator.py
[2024-11-05T10:40:48.526+0000] {logging_mixin.py:190} INFO - [2024-11-05T10:40:48.525+0000] {dag.py:3239} INFO - Sync 1 DAGs
[2024-11-05T10:40:48.546+0000] {logging_mixin.py:190} INFO - [2024-11-05T10:40:48.545+0000] {dag.py:4180} INFO - Setting next_dagrun for example_bash_decorator to None, run_after=None
[2024-11-05T10:40:48.568+0000] {processor.py:208} INFO - Processing /home/airflow/.local/lib/python3.12/site-packages/airflow/example_dags/example_bash_decorator.py took 0.106 seconds
[2024-11-05T10:41:18.881+0000] {processor.py:186} INFO - Started process (PID=606) to work on /home/airflow/.local/lib/python3.12/site-packages/airflow/example_dags/example_bash_decorator.py
[2024-11-05T10:41:18.882+0000] {processor.py:914} INFO - Processing file /home/airflow/.local/lib/python3.12/site-packages/airflow/example_dags/example_bash_decorator.py for tasks to queue
[2024-11-05T10:41:18.884+0000] {logging_mixin.py:190} INFO - [2024-11-05T10:41:18.884+0000] {dagbag.py:588} INFO - Filling up the DagBag from /home/airflow/.local/lib/python3.12/site-packages/airflow/example_dags/example_bash_decorator.py
[2024-11-05T10:41:18.918+0000] {processor.py:925} INFO - DAG(s) 'example_bash_decorator' retrieved from /home/airflow/.local/lib/python3.12/site-packages/airflow/example_dags/example_bash_decorator.py
[2024-11-05T10:41:18.943+0000] {logging_mixin.py:190} INFO - [2024-11-05T10:41:18.943+0000] {dag.py:3239} INFO - Sync 1 DAGs
[2024-11-05T10:41:18.959+0000] {logging_mixin.py:190} INFO - [2024-11-05T10:41:18.959+0000] {dag.py:4180} INFO - Setting next_dagrun for example_bash_decorator to None, run_after=None
[2024-11-05T10:41:18.981+0000] {processor.py:208} INFO - Processing /home/airflow/.local/lib/python3.12/site-packages/airflow/example_dags/example_bash_decorator.py took 0.106 seconds
[2024-11-05T10:41:49.727+0000] {processor.py:186} INFO - Started process (PID=669) to work on /home/airflow/.local/lib/python3.12/site-packages/airflow/example_dags/example_bash_decorator.py
[2024-11-05T10:41:49.728+0000] {processor.py:914} INFO - Processing file /home/airflow/.local/lib/python3.12/site-packages/airflow/example_dags/example_bash_decorator.py for tasks to queue
[2024-11-05T10:41:49.730+0000] {logging_mixin.py:190} INFO - [2024-11-05T10:41:49.729+0000] {dagbag.py:588} INFO - Filling up the DagBag from /home/airflow/.local/lib/python3.12/site-packages/airflow/example_dags/example_bash_decorator.py
[2024-11-05T10:41:49.750+0000] {processor.py:925} INFO - DAG(s) 'example_bash_decorator' retrieved from /home/airflow/.local/lib/python3.12/site-packages/airflow/example_dags/example_bash_decorator.py
[2024-11-05T10:41:49.773+0000] {logging_mixin.py:190} INFO - [2024-11-05T10:41:49.773+0000] {dag.py:3239} INFO - Sync 1 DAGs
[2024-11-05T10:41:49.788+0000] {logging_mixin.py:190} INFO - [2024-11-05T10:41:49.788+0000] {dag.py:4180} INFO - Setting next_dagrun for example_bash_decorator to None, run_after=None
[2024-11-05T10:41:49.807+0000] {processor.py:208} INFO - Processing /home/airflow/.local/lib/python3.12/site-packages/airflow/example_dags/example_bash_decorator.py took 0.085 seconds
[2024-11-05T10:42:20.532+0000] {processor.py:186} INFO - Started process (PID=732) to work on /home/airflow/.local/lib/python3.12/site-packages/airflow/example_dags/example_bash_decorator.py
[2024-11-05T10:42:20.533+0000] {processor.py:914} INFO - Processing file /home/airflow/.local/lib/python3.12/site-packages/airflow/example_dags/example_bash_decorator.py for tasks to queue
[2024-11-05T10:42:20.535+0000] {logging_mixin.py:190} INFO - [2024-11-05T10:42:20.535+0000] {dagbag.py:588} INFO - Filling up the DagBag from /home/airflow/.local/lib/python3.12/site-packages/airflow/example_dags/example_bash_decorator.py
[2024-11-05T10:42:20.558+0000] {processor.py:925} INFO - DAG(s) 'example_bash_decorator' retrieved from /home/airflow/.local/lib/python3.12/site-packages/airflow/example_dags/example_bash_decorator.py
[2024-11-05T10:42:20.584+0000] {logging_mixin.py:190} INFO - [2024-11-05T10:42:20.584+0000] {dag.py:3239} INFO - Sync 1 DAGs
[2024-11-05T10:42:20.600+0000] {logging_mixin.py:190} INFO - [2024-11-05T10:42:20.599+0000] {dag.py:4180} INFO - Setting next_dagrun for example_bash_decorator to None, run_after=None
[2024-11-05T10:42:20.619+0000] {processor.py:208} INFO - Processing /home/airflow/.local/lib/python3.12/site-packages/airflow/example_dags/example_bash_decorator.py took 0.094 seconds
[2024-11-05T10:42:51.033+0000] {processor.py:186} INFO - Started process (PID=794) to work on /home/airflow/.local/lib/python3.12/site-packages/airflow/example_dags/example_bash_decorator.py
[2024-11-05T10:42:51.034+0000] {processor.py:914} INFO - Processing file /home/airflow/.local/lib/python3.12/site-packages/airflow/example_dags/example_bash_decorator.py for tasks to queue
[2024-11-05T10:42:51.037+0000] {logging_mixin.py:190} INFO - [2024-11-05T10:42:51.036+0000] {dagbag.py:588} INFO - Filling up the DagBag from /home/airflow/.local/lib/python3.12/site-packages/airflow/example_dags/example_bash_decorator.py
[2024-11-05T10:42:51.058+0000] {processor.py:925} INFO - DAG(s) 'example_bash_decorator' retrieved from /home/airflow/.local/lib/python3.12/site-packages/airflow/example_dags/example_bash_decorator.py
[2024-11-05T10:42:51.082+0000] {logging_mixin.py:190} INFO - [2024-11-05T10:42:51.082+0000] {dag.py:3239} INFO - Sync 1 DAGs
[2024-11-05T10:42:51.096+0000] {logging_mixin.py:190} INFO - [2024-11-05T10:42:51.096+0000] {dag.py:4180} INFO - Setting next_dagrun for example_bash_decorator to None, run_after=None
[2024-11-05T10:42:51.115+0000] {processor.py:208} INFO - Processing /home/airflow/.local/lib/python3.12/site-packages/airflow/example_dags/example_bash_decorator.py took 0.090 seconds
[2024-11-05T10:43:21.928+0000] {processor.py:186} INFO - Started process (PID=857) to work on /home/airflow/.local/lib/python3.12/site-packages/airflow/example_dags/example_bash_decorator.py
[2024-11-05T10:43:21.930+0000] {processor.py:914} INFO - Processing file /home/airflow/.local/lib/python3.12/site-packages/airflow/example_dags/example_bash_decorator.py for tasks to queue
[2024-11-05T10:43:21.932+0000] {logging_mixin.py:190} INFO - [2024-11-05T10:43:21.932+0000] {dagbag.py:588} INFO - Filling up the DagBag from /home/airflow/.local/lib/python3.12/site-packages/airflow/example_dags/example_bash_decorator.py
[2024-11-05T10:43:21.959+0000] {processor.py:925} INFO - DAG(s) 'example_bash_decorator' retrieved from /home/airflow/.local/lib/python3.12/site-packages/airflow/example_dags/example_bash_decorator.py
[2024-11-05T10:43:21.987+0000] {logging_mixin.py:190} INFO - [2024-11-05T10:43:21.987+0000] {dag.py:3239} INFO - Sync 1 DAGs
[2024-11-05T10:43:22.003+0000] {logging_mixin.py:190} INFO - [2024-11-05T10:43:22.003+0000] {dag.py:4180} INFO - Setting next_dagrun for example_bash_decorator to None, run_after=None
[2024-11-05T10:43:22.024+0000] {processor.py:208} INFO - Processing /home/airflow/.local/lib/python3.12/site-packages/airflow/example_dags/example_bash_decorator.py took 0.105 seconds
[2024-11-05T10:43:52.469+0000] {processor.py:186} INFO - Started process (PID=921) to work on /home/airflow/.local/lib/python3.12/site-packages/airflow/example_dags/example_bash_decorator.py
[2024-11-05T10:43:52.470+0000] {processor.py:914} INFO - Processing file /home/airflow/.local/lib/python3.12/site-packages/airflow/example_dags/example_bash_decorator.py for tasks to queue
[2024-11-05T10:43:52.473+0000] {logging_mixin.py:190} INFO - [2024-11-05T10:43:52.472+0000] {dagbag.py:588} INFO - Filling up the DagBag from /home/airflow/.local/lib/python3.12/site-packages/airflow/example_dags/example_bash_decorator.py
[2024-11-05T10:43:52.496+0000] {processor.py:925} INFO - DAG(s) 'example_bash_decorator' retrieved from /home/airflow/.local/lib/python3.12/site-packages/airflow/example_dags/example_bash_decorator.py
[2024-11-05T10:43:52.519+0000] {logging_mixin.py:190} INFO - [2024-11-05T10:43:52.519+0000] {dag.py:3239} INFO - Sync 1 DAGs
[2024-11-05T10:43:52.535+0000] {logging_mixin.py:190} INFO - [2024-11-05T10:43:52.534+0000] {dag.py:4180} INFO - Setting next_dagrun for example_bash_decorator to None, run_after=None
[2024-11-05T10:43:52.555+0000] {processor.py:208} INFO - Processing /home/airflow/.local/lib/python3.12/site-packages/airflow/example_dags/example_bash_decorator.py took 0.092 seconds
[2024-11-05T10:44:23.554+0000] {processor.py:186} INFO - Started process (PID=985) to work on /home/airflow/.local/lib/python3.12/site-packages/airflow/example_dags/example_bash_decorator.py
[2024-11-05T10:44:23.555+0000] {processor.py:914} INFO - Processing file /home/airflow/.local/lib/python3.12/site-packages/airflow/example_dags/example_bash_decorator.py for tasks to queue
[2024-11-05T10:44:23.558+0000] {logging_mixin.py:190} INFO - [2024-11-05T10:44:23.558+0000] {dagbag.py:588} INFO - Filling up the DagBag from /home/airflow/.local/lib/python3.12/site-packages/airflow/example_dags/example_bash_decorator.py
[2024-11-05T10:44:23.596+0000] {processor.py:925} INFO - DAG(s) 'example_bash_decorator' retrieved from /home/airflow/.local/lib/python3.12/site-packages/airflow/example_dags/example_bash_decorator.py
[2024-11-05T10:44:23.638+0000] {logging_mixin.py:190} INFO - [2024-11-05T10:44:23.637+0000] {dag.py:3239} INFO - Sync 1 DAGs
[2024-11-05T10:44:23.662+0000] {logging_mixin.py:190} INFO - [2024-11-05T10:44:23.662+0000] {dag.py:4180} INFO - Setting next_dagrun for example_bash_decorator to None, run_after=None
[2024-11-05T10:44:23.712+0000] {processor.py:208} INFO - Processing /home/airflow/.local/lib/python3.12/site-packages/airflow/example_dags/example_bash_decorator.py took 0.167 seconds
[2024-11-05T10:44:54.338+0000] {processor.py:186} INFO - Started process (PID=1048) to work on /home/airflow/.local/lib/python3.12/site-packages/airflow/example_dags/example_bash_decorator.py
[2024-11-05T10:44:54.339+0000] {processor.py:914} INFO - Processing file /home/airflow/.local/lib/python3.12/site-packages/airflow/example_dags/example_bash_decorator.py for tasks to queue
[2024-11-05T10:44:54.343+0000] {logging_mixin.py:190} INFO - [2024-11-05T10:44:54.342+0000] {dagbag.py:588} INFO - Filling up the DagBag from /home/airflow/.local/lib/python3.12/site-packages/airflow/example_dags/example_bash_decorator.py
[2024-11-05T10:44:54.381+0000] {processor.py:925} INFO - DAG(s) 'example_bash_decorator' retrieved from /home/airflow/.local/lib/python3.12/site-packages/airflow/example_dags/example_bash_decorator.py
[2024-11-05T10:44:54.423+0000] {logging_mixin.py:190} INFO - [2024-11-05T10:44:54.422+0000] {dag.py:3239} INFO - Sync 1 DAGs
[2024-11-05T10:44:54.445+0000] {logging_mixin.py:190} INFO - [2024-11-05T10:44:54.445+0000] {dag.py:4180} INFO - Setting next_dagrun for example_bash_decorator to None, run_after=None
[2024-11-05T10:44:54.476+0000] {processor.py:208} INFO - Processing /home/airflow/.local/lib/python3.12/site-packages/airflow/example_dags/example_bash_decorator.py took 0.149 seconds
[2024-11-05T10:45:24.648+0000] {processor.py:186} INFO - Started process (PID=1111) to work on /home/airflow/.local/lib/python3.12/site-packages/airflow/example_dags/example_bash_decorator.py
[2024-11-05T10:45:24.650+0000] {processor.py:914} INFO - Processing file /home/airflow/.local/lib/python3.12/site-packages/airflow/example_dags/example_bash_decorator.py for tasks to queue
[2024-11-05T10:45:24.652+0000] {logging_mixin.py:190} INFO - [2024-11-05T10:45:24.652+0000] {dagbag.py:588} INFO - Filling up the DagBag from /home/airflow/.local/lib/python3.12/site-packages/airflow/example_dags/example_bash_decorator.py
[2024-11-05T10:45:24.679+0000] {processor.py:925} INFO - DAG(s) 'example_bash_decorator' retrieved from /home/airflow/.local/lib/python3.12/site-packages/airflow/example_dags/example_bash_decorator.py
[2024-11-05T10:45:24.705+0000] {logging_mixin.py:190} INFO - [2024-11-05T10:45:24.705+0000] {dag.py:3239} INFO - Sync 1 DAGs
[2024-11-05T10:45:24.722+0000] {logging_mixin.py:190} INFO - [2024-11-05T10:45:24.722+0000] {dag.py:4180} INFO - Setting next_dagrun for example_bash_decorator to None, run_after=None
[2024-11-05T10:45:24.744+0000] {processor.py:208} INFO - Processing /home/airflow/.local/lib/python3.12/site-packages/airflow/example_dags/example_bash_decorator.py took 0.101 seconds
[2024-11-05T10:45:54.889+0000] {processor.py:186} INFO - Started process (PID=1173) to work on /home/airflow/.local/lib/python3.12/site-packages/airflow/example_dags/example_bash_decorator.py
[2024-11-05T10:45:54.890+0000] {processor.py:914} INFO - Processing file /home/airflow/.local/lib/python3.12/site-packages/airflow/example_dags/example_bash_decorator.py for tasks to queue
[2024-11-05T10:45:54.893+0000] {logging_mixin.py:190} INFO - [2024-11-05T10:45:54.892+0000] {dagbag.py:588} INFO - Filling up the DagBag from /home/airflow/.local/lib/python3.12/site-packages/airflow/example_dags/example_bash_decorator.py
[2024-11-05T10:45:54.917+0000] {processor.py:925} INFO - DAG(s) 'example_bash_decorator' retrieved from /home/airflow/.local/lib/python3.12/site-packages/airflow/example_dags/example_bash_decorator.py
[2024-11-05T10:45:54.941+0000] {logging_mixin.py:190} INFO - [2024-11-05T10:45:54.941+0000] {dag.py:3239} INFO - Sync 1 DAGs
[2024-11-05T10:45:54.958+0000] {logging_mixin.py:190} INFO - [2024-11-05T10:45:54.958+0000] {dag.py:4180} INFO - Setting next_dagrun for example_bash_decorator to None, run_after=None
[2024-11-05T10:45:54.978+0000] {processor.py:208} INFO - Processing /home/airflow/.local/lib/python3.12/site-packages/airflow/example_dags/example_bash_decorator.py took 0.095 seconds
[2024-11-05T10:46:25.209+0000] {processor.py:186} INFO - Started process (PID=1235) to work on /home/airflow/.local/lib/python3.12/site-packages/airflow/example_dags/example_bash_decorator.py
[2024-11-05T10:46:25.211+0000] {processor.py:914} INFO - Processing file /home/airflow/.local/lib/python3.12/site-packages/airflow/example_dags/example_bash_decorator.py for tasks to queue
[2024-11-05T10:46:25.214+0000] {logging_mixin.py:190} INFO - [2024-11-05T10:46:25.213+0000] {dagbag.py:588} INFO - Filling up the DagBag from /home/airflow/.local/lib/python3.12/site-packages/airflow/example_dags/example_bash_decorator.py
[2024-11-05T10:46:25.245+0000] {processor.py:925} INFO - DAG(s) 'example_bash_decorator' retrieved from /home/airflow/.local/lib/python3.12/site-packages/airflow/example_dags/example_bash_decorator.py
[2024-11-05T10:46:25.278+0000] {logging_mixin.py:190} INFO - [2024-11-05T10:46:25.278+0000] {dag.py:3239} INFO - Sync 1 DAGs
[2024-11-05T10:46:25.303+0000] {logging_mixin.py:190} INFO - [2024-11-05T10:46:25.303+0000] {dag.py:4180} INFO - Setting next_dagrun for example_bash_decorator to None, run_after=None
[2024-11-05T10:46:25.331+0000] {processor.py:208} INFO - Processing /home/airflow/.local/lib/python3.12/site-packages/airflow/example_dags/example_bash_decorator.py took 0.128 seconds
[2024-11-05T10:46:56.829+0000] {processor.py:186} INFO - Started process (PID=1298) to work on /home/airflow/.local/lib/python3.12/site-packages/airflow/example_dags/example_bash_decorator.py
[2024-11-05T10:46:56.830+0000] {processor.py:914} INFO - Processing file /home/airflow/.local/lib/python3.12/site-packages/airflow/example_dags/example_bash_decorator.py for tasks to queue
[2024-11-05T10:46:56.833+0000] {logging_mixin.py:190} INFO - [2024-11-05T10:46:56.832+0000] {dagbag.py:588} INFO - Filling up the DagBag from /home/airflow/.local/lib/python3.12/site-packages/airflow/example_dags/example_bash_decorator.py
[2024-11-05T10:46:56.858+0000] {processor.py:925} INFO - DAG(s) 'example_bash_decorator' retrieved from /home/airflow/.local/lib/python3.12/site-packages/airflow/example_dags/example_bash_decorator.py
[2024-11-05T10:46:56.888+0000] {logging_mixin.py:190} INFO - [2024-11-05T10:46:56.887+0000] {dag.py:3239} INFO - Sync 1 DAGs
[2024-11-05T10:46:56.907+0000] {logging_mixin.py:190} INFO - [2024-11-05T10:46:56.906+0000] {dag.py:4180} INFO - Setting next_dagrun for example_bash_decorator to None, run_after=None
[2024-11-05T10:46:56.932+0000] {processor.py:208} INFO - Processing /home/airflow/.local/lib/python3.12/site-packages/airflow/example_dags/example_bash_decorator.py took 0.110 seconds
[2024-11-05T10:47:27.864+0000] {processor.py:186} INFO - Started process (PID=1362) to work on /home/airflow/.local/lib/python3.12/site-packages/airflow/example_dags/example_bash_decorator.py
[2024-11-05T10:47:27.865+0000] {processor.py:914} INFO - Processing file /home/airflow/.local/lib/python3.12/site-packages/airflow/example_dags/example_bash_decorator.py for tasks to queue
[2024-11-05T10:47:27.868+0000] {logging_mixin.py:190} INFO - [2024-11-05T10:47:27.868+0000] {dagbag.py:588} INFO - Filling up the DagBag from /home/airflow/.local/lib/python3.12/site-packages/airflow/example_dags/example_bash_decorator.py
[2024-11-05T10:47:27.906+0000] {processor.py:925} INFO - DAG(s) 'example_bash_decorator' retrieved from /home/airflow/.local/lib/python3.12/site-packages/airflow/example_dags/example_bash_decorator.py
[2024-11-05T10:47:27.952+0000] {logging_mixin.py:190} INFO - [2024-11-05T10:47:27.951+0000] {dag.py:3239} INFO - Sync 1 DAGs
[2024-11-05T10:47:27.977+0000] {logging_mixin.py:190} INFO - [2024-11-05T10:47:27.976+0000] {dag.py:4180} INFO - Setting next_dagrun for example_bash_decorator to None, run_after=None
[2024-11-05T10:47:28.006+0000] {processor.py:208} INFO - Processing /home/airflow/.local/lib/python3.12/site-packages/airflow/example_dags/example_bash_decorator.py took 0.151 seconds
[2024-11-05T10:47:59.064+0000] {processor.py:186} INFO - Started process (PID=1430) to work on /home/airflow/.local/lib/python3.12/site-packages/airflow/example_dags/example_bash_decorator.py
[2024-11-05T10:47:59.065+0000] {processor.py:914} INFO - Processing file /home/airflow/.local/lib/python3.12/site-packages/airflow/example_dags/example_bash_decorator.py for tasks to queue
[2024-11-05T10:47:59.070+0000] {logging_mixin.py:190} INFO - [2024-11-05T10:47:59.070+0000] {dagbag.py:588} INFO - Filling up the DagBag from /home/airflow/.local/lib/python3.12/site-packages/airflow/example_dags/example_bash_decorator.py
[2024-11-05T10:47:59.103+0000] {processor.py:925} INFO - DAG(s) 'example_bash_decorator' retrieved from /home/airflow/.local/lib/python3.12/site-packages/airflow/example_dags/example_bash_decorator.py
[2024-11-05T10:47:59.136+0000] {logging_mixin.py:190} INFO - [2024-11-05T10:47:59.135+0000] {dag.py:3239} INFO - Sync 1 DAGs
[2024-11-05T10:47:59.155+0000] {logging_mixin.py:190} INFO - [2024-11-05T10:47:59.155+0000] {dag.py:4180} INFO - Setting next_dagrun for example_bash_decorator to None, run_after=None
[2024-11-05T10:47:59.186+0000] {processor.py:208} INFO - Processing /home/airflow/.local/lib/python3.12/site-packages/airflow/example_dags/example_bash_decorator.py took 0.129 seconds
[2024-11-05T10:48:29.905+0000] {processor.py:186} INFO - Started process (PID=1493) to work on /home/airflow/.local/lib/python3.12/site-packages/airflow/example_dags/example_bash_decorator.py
[2024-11-05T10:48:29.907+0000] {processor.py:914} INFO - Processing file /home/airflow/.local/lib/python3.12/site-packages/airflow/example_dags/example_bash_decorator.py for tasks to queue
[2024-11-05T10:48:29.910+0000] {logging_mixin.py:190} INFO - [2024-11-05T10:48:29.909+0000] {dagbag.py:588} INFO - Filling up the DagBag from /home/airflow/.local/lib/python3.12/site-packages/airflow/example_dags/example_bash_decorator.py
[2024-11-05T10:48:29.936+0000] {processor.py:925} INFO - DAG(s) 'example_bash_decorator' retrieved from /home/airflow/.local/lib/python3.12/site-packages/airflow/example_dags/example_bash_decorator.py
[2024-11-05T10:48:29.964+0000] {logging_mixin.py:190} INFO - [2024-11-05T10:48:29.964+0000] {dag.py:3239} INFO - Sync 1 DAGs
[2024-11-05T10:48:29.979+0000] {logging_mixin.py:190} INFO - [2024-11-05T10:48:29.979+0000] {dag.py:4180} INFO - Setting next_dagrun for example_bash_decorator to None, run_after=None
[2024-11-05T10:48:29.998+0000] {processor.py:208} INFO - Processing /home/airflow/.local/lib/python3.12/site-packages/airflow/example_dags/example_bash_decorator.py took 0.099 seconds
[2024-11-05T10:49:05.052+0000] {processor.py:186} INFO - Started process (PID=1555) to work on /home/airflow/.local/lib/python3.12/site-packages/airflow/example_dags/example_bash_decorator.py
[2024-11-05T10:49:05.053+0000] {processor.py:914} INFO - Processing file /home/airflow/.local/lib/python3.12/site-packages/airflow/example_dags/example_bash_decorator.py for tasks to queue
[2024-11-05T10:49:05.062+0000] {logging_mixin.py:190} INFO - [2024-11-05T10:49:05.061+0000] {dagbag.py:588} INFO - Filling up the DagBag from /home/airflow/.local/lib/python3.12/site-packages/airflow/example_dags/example_bash_decorator.py
[2024-11-05T10:49:05.179+0000] {processor.py:925} INFO - DAG(s) 'example_bash_decorator' retrieved from /home/airflow/.local/lib/python3.12/site-packages/airflow/example_dags/example_bash_decorator.py
[2024-11-05T10:49:05.234+0000] {logging_mixin.py:190} INFO - [2024-11-05T10:49:05.234+0000] {dag.py:3239} INFO - Sync 1 DAGs
[2024-11-05T10:49:05.262+0000] {logging_mixin.py:190} INFO - [2024-11-05T10:49:05.262+0000] {dag.py:4180} INFO - Setting next_dagrun for example_bash_decorator to None, run_after=None
[2024-11-05T10:49:05.309+0000] {processor.py:208} INFO - Processing /home/airflow/.local/lib/python3.12/site-packages/airflow/example_dags/example_bash_decorator.py took 0.272 seconds
[2024-11-05T10:49:35.395+0000] {processor.py:186} INFO - Started process (PID=1618) to work on /home/airflow/.local/lib/python3.12/site-packages/airflow/example_dags/example_bash_decorator.py
[2024-11-05T10:49:35.396+0000] {processor.py:914} INFO - Processing file /home/airflow/.local/lib/python3.12/site-packages/airflow/example_dags/example_bash_decorator.py for tasks to queue
[2024-11-05T10:49:35.399+0000] {logging_mixin.py:190} INFO - [2024-11-05T10:49:35.398+0000] {dagbag.py:588} INFO - Filling up the DagBag from /home/airflow/.local/lib/python3.12/site-packages/airflow/example_dags/example_bash_decorator.py
[2024-11-05T10:49:35.431+0000] {processor.py:925} INFO - DAG(s) 'example_bash_decorator' retrieved from /home/airflow/.local/lib/python3.12/site-packages/airflow/example_dags/example_bash_decorator.py
[2024-11-05T10:49:35.467+0000] {logging_mixin.py:190} INFO - [2024-11-05T10:49:35.467+0000] {dag.py:3239} INFO - Sync 1 DAGs
[2024-11-05T10:49:35.490+0000] {logging_mixin.py:190} INFO - [2024-11-05T10:49:35.490+0000] {dag.py:4180} INFO - Setting next_dagrun for example_bash_decorator to None, run_after=None
[2024-11-05T10:49:35.514+0000] {processor.py:208} INFO - Processing /home/airflow/.local/lib/python3.12/site-packages/airflow/example_dags/example_bash_decorator.py took 0.125 seconds
[2024-11-05T10:50:06.166+0000] {processor.py:186} INFO - Started process (PID=1681) to work on /home/airflow/.local/lib/python3.12/site-packages/airflow/example_dags/example_bash_decorator.py
[2024-11-05T10:50:06.167+0000] {processor.py:914} INFO - Processing file /home/airflow/.local/lib/python3.12/site-packages/airflow/example_dags/example_bash_decorator.py for tasks to queue
[2024-11-05T10:50:06.169+0000] {logging_mixin.py:190} INFO - [2024-11-05T10:50:06.169+0000] {dagbag.py:588} INFO - Filling up the DagBag from /home/airflow/.local/lib/python3.12/site-packages/airflow/example_dags/example_bash_decorator.py
[2024-11-05T10:50:06.194+0000] {processor.py:925} INFO - DAG(s) 'example_bash_decorator' retrieved from /home/airflow/.local/lib/python3.12/site-packages/airflow/example_dags/example_bash_decorator.py
[2024-11-05T10:50:06.220+0000] {logging_mixin.py:190} INFO - [2024-11-05T10:50:06.219+0000] {dag.py:3239} INFO - Sync 1 DAGs
[2024-11-05T10:50:06.241+0000] {logging_mixin.py:190} INFO - [2024-11-05T10:50:06.241+0000] {dag.py:4180} INFO - Setting next_dagrun for example_bash_decorator to None, run_after=None
[2024-11-05T10:50:06.262+0000] {processor.py:208} INFO - Processing /home/airflow/.local/lib/python3.12/site-packages/airflow/example_dags/example_bash_decorator.py took 0.102 seconds
[2024-11-05T10:50:36.703+0000] {processor.py:186} INFO - Started process (PID=1743) to work on /home/airflow/.local/lib/python3.12/site-packages/airflow/example_dags/example_bash_decorator.py
[2024-11-05T10:50:36.705+0000] {processor.py:914} INFO - Processing file /home/airflow/.local/lib/python3.12/site-packages/airflow/example_dags/example_bash_decorator.py for tasks to queue
[2024-11-05T10:50:36.709+0000] {logging_mixin.py:190} INFO - [2024-11-05T10:50:36.708+0000] {dagbag.py:588} INFO - Filling up the DagBag from /home/airflow/.local/lib/python3.12/site-packages/airflow/example_dags/example_bash_decorator.py
[2024-11-05T10:50:36.748+0000] {processor.py:925} INFO - DAG(s) 'example_bash_decorator' retrieved from /home/airflow/.local/lib/python3.12/site-packages/airflow/example_dags/example_bash_decorator.py
[2024-11-05T10:50:36.778+0000] {logging_mixin.py:190} INFO - [2024-11-05T10:50:36.778+0000] {dag.py:3239} INFO - Sync 1 DAGs
[2024-11-05T10:50:36.800+0000] {logging_mixin.py:190} INFO - [2024-11-05T10:50:36.799+0000] {dag.py:4180} INFO - Setting next_dagrun for example_bash_decorator to None, run_after=None
[2024-11-05T10:50:36.823+0000] {processor.py:208} INFO - Processing /home/airflow/.local/lib/python3.12/site-packages/airflow/example_dags/example_bash_decorator.py took 0.130 seconds
[2024-11-05T10:51:07.734+0000] {processor.py:186} INFO - Started process (PID=1806) to work on /home/airflow/.local/lib/python3.12/site-packages/airflow/example_dags/example_bash_decorator.py
[2024-11-05T10:51:07.736+0000] {processor.py:914} INFO - Processing file /home/airflow/.local/lib/python3.12/site-packages/airflow/example_dags/example_bash_decorator.py for tasks to queue
[2024-11-05T10:51:07.742+0000] {logging_mixin.py:190} INFO - [2024-11-05T10:51:07.742+0000] {dagbag.py:588} INFO - Filling up the DagBag from /home/airflow/.local/lib/python3.12/site-packages/airflow/example_dags/example_bash_decorator.py
[2024-11-05T10:51:07.796+0000] {processor.py:925} INFO - DAG(s) 'example_bash_decorator' retrieved from /home/airflow/.local/lib/python3.12/site-packages/airflow/example_dags/example_bash_decorator.py
[2024-11-05T10:51:07.850+0000] {logging_mixin.py:190} INFO - [2024-11-05T10:51:07.849+0000] {dag.py:3239} INFO - Sync 1 DAGs
[2024-11-05T10:51:07.877+0000] {logging_mixin.py:190} INFO - [2024-11-05T10:51:07.877+0000] {dag.py:4180} INFO - Setting next_dagrun for example_bash_decorator to None, run_after=None
[2024-11-05T10:51:07.906+0000] {processor.py:208} INFO - Processing /home/airflow/.local/lib/python3.12/site-packages/airflow/example_dags/example_bash_decorator.py took 0.183 seconds
[2024-11-05T10:51:38.413+0000] {processor.py:186} INFO - Started process (PID=1869) to work on /home/airflow/.local/lib/python3.12/site-packages/airflow/example_dags/example_bash_decorator.py
[2024-11-05T10:51:38.414+0000] {processor.py:914} INFO - Processing file /home/airflow/.local/lib/python3.12/site-packages/airflow/example_dags/example_bash_decorator.py for tasks to queue
[2024-11-05T10:51:38.418+0000] {logging_mixin.py:190} INFO - [2024-11-05T10:51:38.417+0000] {dagbag.py:588} INFO - Filling up the DagBag from /home/airflow/.local/lib/python3.12/site-packages/airflow/example_dags/example_bash_decorator.py
[2024-11-05T10:51:38.455+0000] {processor.py:925} INFO - DAG(s) 'example_bash_decorator' retrieved from /home/airflow/.local/lib/python3.12/site-packages/airflow/example_dags/example_bash_decorator.py
[2024-11-05T10:51:38.481+0000] {logging_mixin.py:190} INFO - [2024-11-05T10:51:38.480+0000] {dag.py:3239} INFO - Sync 1 DAGs
[2024-11-05T10:51:38.501+0000] {logging_mixin.py:190} INFO - [2024-11-05T10:51:38.501+0000] {dag.py:4180} INFO - Setting next_dagrun for example_bash_decorator to None, run_after=None
[2024-11-05T10:51:38.525+0000] {processor.py:208} INFO - Processing /home/airflow/.local/lib/python3.12/site-packages/airflow/example_dags/example_bash_decorator.py took 0.120 seconds
[2024-11-05T10:52:09.692+0000] {processor.py:186} INFO - Started process (PID=1933) to work on /home/airflow/.local/lib/python3.12/site-packages/airflow/example_dags/example_bash_decorator.py
[2024-11-05T10:52:09.695+0000] {processor.py:914} INFO - Processing file /home/airflow/.local/lib/python3.12/site-packages/airflow/example_dags/example_bash_decorator.py for tasks to queue
[2024-11-05T10:52:09.699+0000] {logging_mixin.py:190} INFO - [2024-11-05T10:52:09.698+0000] {dagbag.py:588} INFO - Filling up the DagBag from /home/airflow/.local/lib/python3.12/site-packages/airflow/example_dags/example_bash_decorator.py
[2024-11-05T10:52:09.733+0000] {processor.py:925} INFO - DAG(s) 'example_bash_decorator' retrieved from /home/airflow/.local/lib/python3.12/site-packages/airflow/example_dags/example_bash_decorator.py
[2024-11-05T10:52:09.770+0000] {logging_mixin.py:190} INFO - [2024-11-05T10:52:09.769+0000] {dag.py:3239} INFO - Sync 1 DAGs
[2024-11-05T10:52:09.794+0000] {logging_mixin.py:190} INFO - [2024-11-05T10:52:09.794+0000] {dag.py:4180} INFO - Setting next_dagrun for example_bash_decorator to None, run_after=None
[2024-11-05T10:52:09.832+0000] {processor.py:208} INFO - Processing /home/airflow/.local/lib/python3.12/site-packages/airflow/example_dags/example_bash_decorator.py took 0.147 seconds
[2024-11-05T10:52:41.044+0000] {processor.py:186} INFO - Started process (PID=1996) to work on /home/airflow/.local/lib/python3.12/site-packages/airflow/example_dags/example_bash_decorator.py
[2024-11-05T10:52:41.045+0000] {processor.py:914} INFO - Processing file /home/airflow/.local/lib/python3.12/site-packages/airflow/example_dags/example_bash_decorator.py for tasks to queue
[2024-11-05T10:52:41.048+0000] {logging_mixin.py:190} INFO - [2024-11-05T10:52:41.047+0000] {dagbag.py:588} INFO - Filling up the DagBag from /home/airflow/.local/lib/python3.12/site-packages/airflow/example_dags/example_bash_decorator.py
[2024-11-05T10:52:41.091+0000] {processor.py:925} INFO - DAG(s) 'example_bash_decorator' retrieved from /home/airflow/.local/lib/python3.12/site-packages/airflow/example_dags/example_bash_decorator.py
[2024-11-05T10:52:41.143+0000] {logging_mixin.py:190} INFO - [2024-11-05T10:52:41.142+0000] {dag.py:3239} INFO - Sync 1 DAGs
[2024-11-05T10:52:41.160+0000] {logging_mixin.py:190} INFO - [2024-11-05T10:52:41.160+0000] {dag.py:4180} INFO - Setting next_dagrun for example_bash_decorator to None, run_after=None
[2024-11-05T10:52:41.185+0000] {processor.py:208} INFO - Processing /home/airflow/.local/lib/python3.12/site-packages/airflow/example_dags/example_bash_decorator.py took 0.147 seconds
[2024-11-05T10:53:12.922+0000] {processor.py:186} INFO - Started process (PID=2059) to work on /home/airflow/.local/lib/python3.12/site-packages/airflow/example_dags/example_bash_decorator.py
[2024-11-05T10:53:12.924+0000] {processor.py:914} INFO - Processing file /home/airflow/.local/lib/python3.12/site-packages/airflow/example_dags/example_bash_decorator.py for tasks to queue
[2024-11-05T10:53:12.926+0000] {logging_mixin.py:190} INFO - [2024-11-05T10:53:12.926+0000] {dagbag.py:588} INFO - Filling up the DagBag from /home/airflow/.local/lib/python3.12/site-packages/airflow/example_dags/example_bash_decorator.py
[2024-11-05T10:53:12.954+0000] {processor.py:925} INFO - DAG(s) 'example_bash_decorator' retrieved from /home/airflow/.local/lib/python3.12/site-packages/airflow/example_dags/example_bash_decorator.py
[2024-11-05T10:53:12.991+0000] {logging_mixin.py:190} INFO - [2024-11-05T10:53:12.991+0000] {dag.py:3239} INFO - Sync 1 DAGs
[2024-11-05T10:53:13.014+0000] {logging_mixin.py:190} INFO - [2024-11-05T10:53:13.013+0000] {dag.py:4180} INFO - Setting next_dagrun for example_bash_decorator to None, run_after=None
[2024-11-05T10:53:13.057+0000] {processor.py:208} INFO - Processing /home/airflow/.local/lib/python3.12/site-packages/airflow/example_dags/example_bash_decorator.py took 0.141 seconds
[2024-11-05T10:53:43.380+0000] {processor.py:186} INFO - Started process (PID=2122) to work on /home/airflow/.local/lib/python3.12/site-packages/airflow/example_dags/example_bash_decorator.py
[2024-11-05T10:53:43.380+0000] {processor.py:914} INFO - Processing file /home/airflow/.local/lib/python3.12/site-packages/airflow/example_dags/example_bash_decorator.py for tasks to queue
[2024-11-05T10:53:43.384+0000] {logging_mixin.py:190} INFO - [2024-11-05T10:53:43.383+0000] {dagbag.py:588} INFO - Filling up the DagBag from /home/airflow/.local/lib/python3.12/site-packages/airflow/example_dags/example_bash_decorator.py
[2024-11-05T10:53:43.414+0000] {processor.py:925} INFO - DAG(s) 'example_bash_decorator' retrieved from /home/airflow/.local/lib/python3.12/site-packages/airflow/example_dags/example_bash_decorator.py
[2024-11-05T10:53:43.449+0000] {logging_mixin.py:190} INFO - [2024-11-05T10:53:43.448+0000] {dag.py:3239} INFO - Sync 1 DAGs
[2024-11-05T10:53:43.472+0000] {logging_mixin.py:190} INFO - [2024-11-05T10:53:43.472+0000] {dag.py:4180} INFO - Setting next_dagrun for example_bash_decorator to None, run_after=None
[2024-11-05T10:53:43.496+0000] {processor.py:208} INFO - Processing /home/airflow/.local/lib/python3.12/site-packages/airflow/example_dags/example_bash_decorator.py took 0.122 seconds
[2024-11-05T10:54:13.665+0000] {processor.py:186} INFO - Started process (PID=2184) to work on /home/airflow/.local/lib/python3.12/site-packages/airflow/example_dags/example_bash_decorator.py
[2024-11-05T10:54:13.667+0000] {processor.py:914} INFO - Processing file /home/airflow/.local/lib/python3.12/site-packages/airflow/example_dags/example_bash_decorator.py for tasks to queue
[2024-11-05T10:54:13.670+0000] {logging_mixin.py:190} INFO - [2024-11-05T10:54:13.670+0000] {dagbag.py:588} INFO - Filling up the DagBag from /home/airflow/.local/lib/python3.12/site-packages/airflow/example_dags/example_bash_decorator.py
[2024-11-05T10:54:13.708+0000] {processor.py:925} INFO - DAG(s) 'example_bash_decorator' retrieved from /home/airflow/.local/lib/python3.12/site-packages/airflow/example_dags/example_bash_decorator.py
[2024-11-05T10:54:13.746+0000] {logging_mixin.py:190} INFO - [2024-11-05T10:54:13.746+0000] {dag.py:3239} INFO - Sync 1 DAGs
[2024-11-05T10:54:13.769+0000] {logging_mixin.py:190} INFO - [2024-11-05T10:54:13.769+0000] {dag.py:4180} INFO - Setting next_dagrun for example_bash_decorator to None, run_after=None
[2024-11-05T10:54:13.807+0000] {processor.py:208} INFO - Processing /home/airflow/.local/lib/python3.12/site-packages/airflow/example_dags/example_bash_decorator.py took 0.150 seconds
