[2024-11-05T10:37:06.674+0000] {processor.py:186} INFO - Started process (PID=76) to work on /home/airflow/.local/lib/python3.12/site-packages/airflow/example_dags/example_trigger_controller_dag.py
[2024-11-05T10:37:06.675+0000] {processor.py:914} INFO - Processing file /home/airflow/.local/lib/python3.12/site-packages/airflow/example_dags/example_trigger_controller_dag.py for tasks to queue
[2024-11-05T10:37:06.679+0000] {logging_mixin.py:190} INFO - [2024-11-05T10:37:06.679+0000] {dagbag.py:588} INFO - Filling up the DagBag from /home/airflow/.local/lib/python3.12/site-packages/airflow/example_dags/example_trigger_controller_dag.py
[2024-11-05T10:37:06.691+0000] {processor.py:925} INFO - DAG(s) 'example_trigger_controller_dag' retrieved from /home/airflow/.local/lib/python3.12/site-packages/airflow/example_dags/example_trigger_controller_dag.py
[2024-11-05T10:37:06.933+0000] {logging_mixin.py:190} INFO - [2024-11-05T10:37:06.932+0000] {override.py:1900} INFO - Created Permission View: can delete on DAG:example_trigger_controller_dag
[2024-11-05T10:37:06.956+0000] {logging_mixin.py:190} INFO - [2024-11-05T10:37:06.955+0000] {override.py:1900} INFO - Created Permission View: can read on DAG:example_trigger_controller_dag
[2024-11-05T10:37:06.967+0000] {logging_mixin.py:190} INFO - [2024-11-05T10:37:06.966+0000] {override.py:1900} INFO - Created Permission View: can edit on DAG:example_trigger_controller_dag
[2024-11-05T10:37:06.978+0000] {logging_mixin.py:190} INFO - [2024-11-05T10:37:06.978+0000] {override.py:1900} INFO - Created Permission View: can delete on DAG Run:example_trigger_controller_dag
[2024-11-05T10:37:06.989+0000] {logging_mixin.py:190} INFO - [2024-11-05T10:37:06.989+0000] {override.py:1900} INFO - Created Permission View: can create on DAG Run:example_trigger_controller_dag
[2024-11-05T10:37:06.997+0000] {logging_mixin.py:190} INFO - [2024-11-05T10:37:06.997+0000] {override.py:1900} INFO - Created Permission View: can read on DAG Run:example_trigger_controller_dag
[2024-11-05T10:37:07.007+0000] {logging_mixin.py:190} INFO - [2024-11-05T10:37:07.006+0000] {override.py:1900} INFO - Created Permission View: menu access on DAG Run:example_trigger_controller_dag
[2024-11-05T10:37:07.008+0000] {logging_mixin.py:190} INFO - [2024-11-05T10:37:07.007+0000] {dag.py:3239} INFO - Sync 1 DAGs
[2024-11-05T10:37:07.032+0000] {logging_mixin.py:190} INFO - [2024-11-05T10:37:07.031+0000] {dag.py:3262} INFO - Creating ORM DAG for example_trigger_controller_dag
[2024-11-05T10:37:07.047+0000] {logging_mixin.py:190} INFO - [2024-11-05T10:37:07.047+0000] {dag.py:4180} INFO - Setting next_dagrun for example_trigger_controller_dag to 2021-01-01 00:00:00+00:00, run_after=2021-01-01 00:00:00+00:00
[2024-11-05T10:37:07.074+0000] {processor.py:208} INFO - Processing /home/airflow/.local/lib/python3.12/site-packages/airflow/example_dags/example_trigger_controller_dag.py took 0.408 seconds
[2024-11-05T10:37:37.585+0000] {processor.py:186} INFO - Started process (PID=138) to work on /home/airflow/.local/lib/python3.12/site-packages/airflow/example_dags/example_trigger_controller_dag.py
[2024-11-05T10:37:37.586+0000] {processor.py:914} INFO - Processing file /home/airflow/.local/lib/python3.12/site-packages/airflow/example_dags/example_trigger_controller_dag.py for tasks to queue
[2024-11-05T10:37:37.588+0000] {logging_mixin.py:190} INFO - [2024-11-05T10:37:37.588+0000] {dagbag.py:588} INFO - Filling up the DagBag from /home/airflow/.local/lib/python3.12/site-packages/airflow/example_dags/example_trigger_controller_dag.py
[2024-11-05T10:37:37.596+0000] {processor.py:925} INFO - DAG(s) 'example_trigger_controller_dag' retrieved from /home/airflow/.local/lib/python3.12/site-packages/airflow/example_dags/example_trigger_controller_dag.py
[2024-11-05T10:37:37.619+0000] {logging_mixin.py:190} INFO - [2024-11-05T10:37:37.619+0000] {dag.py:3239} INFO - Sync 1 DAGs
[2024-11-05T10:37:37.645+0000] {logging_mixin.py:190} INFO - [2024-11-05T10:37:37.645+0000] {dag.py:4180} INFO - Setting next_dagrun for example_trigger_controller_dag to 2021-01-01 00:00:00+00:00, run_after=2021-01-01 00:00:00+00:00
[2024-11-05T10:37:37.668+0000] {processor.py:208} INFO - Processing /home/airflow/.local/lib/python3.12/site-packages/airflow/example_dags/example_trigger_controller_dag.py took 0.090 seconds
[2024-11-05T10:38:07.908+0000] {processor.py:186} INFO - Started process (PID=201) to work on /home/airflow/.local/lib/python3.12/site-packages/airflow/example_dags/example_trigger_controller_dag.py
[2024-11-05T10:38:07.909+0000] {processor.py:914} INFO - Processing file /home/airflow/.local/lib/python3.12/site-packages/airflow/example_dags/example_trigger_controller_dag.py for tasks to queue
[2024-11-05T10:38:07.912+0000] {logging_mixin.py:190} INFO - [2024-11-05T10:38:07.912+0000] {dagbag.py:588} INFO - Filling up the DagBag from /home/airflow/.local/lib/python3.12/site-packages/airflow/example_dags/example_trigger_controller_dag.py
[2024-11-05T10:38:07.920+0000] {processor.py:925} INFO - DAG(s) 'example_trigger_controller_dag' retrieved from /home/airflow/.local/lib/python3.12/site-packages/airflow/example_dags/example_trigger_controller_dag.py
[2024-11-05T10:38:07.946+0000] {logging_mixin.py:190} INFO - [2024-11-05T10:38:07.945+0000] {dag.py:3239} INFO - Sync 1 DAGs
[2024-11-05T10:38:07.978+0000] {logging_mixin.py:190} INFO - [2024-11-05T10:38:07.978+0000] {dag.py:4180} INFO - Setting next_dagrun for example_trigger_controller_dag to 2021-01-01 00:00:00+00:00, run_after=2021-01-01 00:00:00+00:00
[2024-11-05T10:38:08.005+0000] {processor.py:208} INFO - Processing /home/airflow/.local/lib/python3.12/site-packages/airflow/example_dags/example_trigger_controller_dag.py took 0.105 seconds
[2024-11-05T10:38:38.227+0000] {processor.py:186} INFO - Started process (PID=264) to work on /home/airflow/.local/lib/python3.12/site-packages/airflow/example_dags/example_trigger_controller_dag.py
[2024-11-05T10:38:38.229+0000] {processor.py:914} INFO - Processing file /home/airflow/.local/lib/python3.12/site-packages/airflow/example_dags/example_trigger_controller_dag.py for tasks to queue
[2024-11-05T10:38:38.232+0000] {logging_mixin.py:190} INFO - [2024-11-05T10:38:38.232+0000] {dagbag.py:588} INFO - Filling up the DagBag from /home/airflow/.local/lib/python3.12/site-packages/airflow/example_dags/example_trigger_controller_dag.py
[2024-11-05T10:38:38.243+0000] {processor.py:925} INFO - DAG(s) 'example_trigger_controller_dag' retrieved from /home/airflow/.local/lib/python3.12/site-packages/airflow/example_dags/example_trigger_controller_dag.py
[2024-11-05T10:38:38.273+0000] {logging_mixin.py:190} INFO - [2024-11-05T10:38:38.273+0000] {dag.py:3239} INFO - Sync 1 DAGs
[2024-11-05T10:38:38.332+0000] {logging_mixin.py:190} INFO - [2024-11-05T10:38:38.332+0000] {dag.py:4180} INFO - Setting next_dagrun for example_trigger_controller_dag to 2021-01-01 00:00:00+00:00, run_after=2021-01-01 00:00:00+00:00
[2024-11-05T10:38:38.390+0000] {processor.py:208} INFO - Processing /home/airflow/.local/lib/python3.12/site-packages/airflow/example_dags/example_trigger_controller_dag.py took 0.171 seconds
[2024-11-05T10:39:08.494+0000] {processor.py:186} INFO - Started process (PID=327) to work on /home/airflow/.local/lib/python3.12/site-packages/airflow/example_dags/example_trigger_controller_dag.py
[2024-11-05T10:39:08.496+0000] {processor.py:914} INFO - Processing file /home/airflow/.local/lib/python3.12/site-packages/airflow/example_dags/example_trigger_controller_dag.py for tasks to queue
[2024-11-05T10:39:08.498+0000] {logging_mixin.py:190} INFO - [2024-11-05T10:39:08.498+0000] {dagbag.py:588} INFO - Filling up the DagBag from /home/airflow/.local/lib/python3.12/site-packages/airflow/example_dags/example_trigger_controller_dag.py
[2024-11-05T10:39:08.504+0000] {processor.py:925} INFO - DAG(s) 'example_trigger_controller_dag' retrieved from /home/airflow/.local/lib/python3.12/site-packages/airflow/example_dags/example_trigger_controller_dag.py
[2024-11-05T10:39:08.522+0000] {logging_mixin.py:190} INFO - [2024-11-05T10:39:08.522+0000] {dag.py:3239} INFO - Sync 1 DAGs
[2024-11-05T10:39:08.547+0000] {logging_mixin.py:190} INFO - [2024-11-05T10:39:08.546+0000] {dag.py:4180} INFO - Setting next_dagrun for example_trigger_controller_dag to 2021-01-01 00:00:00+00:00, run_after=2021-01-01 00:00:00+00:00
[2024-11-05T10:39:08.569+0000] {processor.py:208} INFO - Processing /home/airflow/.local/lib/python3.12/site-packages/airflow/example_dags/example_trigger_controller_dag.py took 0.081 seconds
[2024-11-05T10:39:39.263+0000] {processor.py:186} INFO - Started process (PID=388) to work on /home/airflow/.local/lib/python3.12/site-packages/airflow/example_dags/example_trigger_controller_dag.py
[2024-11-05T10:39:39.264+0000] {processor.py:914} INFO - Processing file /home/airflow/.local/lib/python3.12/site-packages/airflow/example_dags/example_trigger_controller_dag.py for tasks to queue
[2024-11-05T10:39:39.266+0000] {logging_mixin.py:190} INFO - [2024-11-05T10:39:39.266+0000] {dagbag.py:588} INFO - Filling up the DagBag from /home/airflow/.local/lib/python3.12/site-packages/airflow/example_dags/example_trigger_controller_dag.py
[2024-11-05T10:39:39.273+0000] {processor.py:925} INFO - DAG(s) 'example_trigger_controller_dag' retrieved from /home/airflow/.local/lib/python3.12/site-packages/airflow/example_dags/example_trigger_controller_dag.py
[2024-11-05T10:39:39.292+0000] {logging_mixin.py:190} INFO - [2024-11-05T10:39:39.292+0000] {dag.py:3239} INFO - Sync 1 DAGs
[2024-11-05T10:39:39.318+0000] {logging_mixin.py:190} INFO - [2024-11-05T10:39:39.317+0000] {dag.py:4180} INFO - Setting next_dagrun for example_trigger_controller_dag to 2021-01-01 00:00:00+00:00, run_after=2021-01-01 00:00:00+00:00
[2024-11-05T10:39:39.341+0000] {processor.py:208} INFO - Processing /home/airflow/.local/lib/python3.12/site-packages/airflow/example_dags/example_trigger_controller_dag.py took 0.084 seconds
[2024-11-05T10:40:09.582+0000] {processor.py:186} INFO - Started process (PID=451) to work on /home/airflow/.local/lib/python3.12/site-packages/airflow/example_dags/example_trigger_controller_dag.py
[2024-11-05T10:40:09.583+0000] {processor.py:914} INFO - Processing file /home/airflow/.local/lib/python3.12/site-packages/airflow/example_dags/example_trigger_controller_dag.py for tasks to queue
[2024-11-05T10:40:09.586+0000] {logging_mixin.py:190} INFO - [2024-11-05T10:40:09.585+0000] {dagbag.py:588} INFO - Filling up the DagBag from /home/airflow/.local/lib/python3.12/site-packages/airflow/example_dags/example_trigger_controller_dag.py
[2024-11-05T10:40:09.592+0000] {processor.py:925} INFO - DAG(s) 'example_trigger_controller_dag' retrieved from /home/airflow/.local/lib/python3.12/site-packages/airflow/example_dags/example_trigger_controller_dag.py
[2024-11-05T10:40:09.615+0000] {logging_mixin.py:190} INFO - [2024-11-05T10:40:09.614+0000] {dag.py:3239} INFO - Sync 1 DAGs
[2024-11-05T10:40:09.642+0000] {logging_mixin.py:190} INFO - [2024-11-05T10:40:09.642+0000] {dag.py:4180} INFO - Setting next_dagrun for example_trigger_controller_dag to 2021-01-01 00:00:00+00:00, run_after=2021-01-01 00:00:00+00:00
[2024-11-05T10:40:09.664+0000] {processor.py:208} INFO - Processing /home/airflow/.local/lib/python3.12/site-packages/airflow/example_dags/example_trigger_controller_dag.py took 0.088 seconds
[2024-11-05T10:40:39.971+0000] {processor.py:186} INFO - Started process (PID=514) to work on /home/airflow/.local/lib/python3.12/site-packages/airflow/example_dags/example_trigger_controller_dag.py
[2024-11-05T10:40:39.972+0000] {processor.py:914} INFO - Processing file /home/airflow/.local/lib/python3.12/site-packages/airflow/example_dags/example_trigger_controller_dag.py for tasks to queue
[2024-11-05T10:40:39.975+0000] {logging_mixin.py:190} INFO - [2024-11-05T10:40:39.974+0000] {dagbag.py:588} INFO - Filling up the DagBag from /home/airflow/.local/lib/python3.12/site-packages/airflow/example_dags/example_trigger_controller_dag.py
[2024-11-05T10:40:39.983+0000] {processor.py:925} INFO - DAG(s) 'example_trigger_controller_dag' retrieved from /home/airflow/.local/lib/python3.12/site-packages/airflow/example_dags/example_trigger_controller_dag.py
[2024-11-05T10:40:40.005+0000] {logging_mixin.py:190} INFO - [2024-11-05T10:40:40.004+0000] {dag.py:3239} INFO - Sync 1 DAGs
[2024-11-05T10:40:40.033+0000] {logging_mixin.py:190} INFO - [2024-11-05T10:40:40.033+0000] {dag.py:4180} INFO - Setting next_dagrun for example_trigger_controller_dag to 2021-01-01 00:00:00+00:00, run_after=2021-01-01 00:00:00+00:00
[2024-11-05T10:40:40.054+0000] {processor.py:208} INFO - Processing /home/airflow/.local/lib/python3.12/site-packages/airflow/example_dags/example_trigger_controller_dag.py took 0.092 seconds
[2024-11-05T10:41:10.104+0000] {processor.py:186} INFO - Started process (PID=576) to work on /home/airflow/.local/lib/python3.12/site-packages/airflow/example_dags/example_trigger_controller_dag.py
[2024-11-05T10:41:10.105+0000] {processor.py:914} INFO - Processing file /home/airflow/.local/lib/python3.12/site-packages/airflow/example_dags/example_trigger_controller_dag.py for tasks to queue
[2024-11-05T10:41:10.107+0000] {logging_mixin.py:190} INFO - [2024-11-05T10:41:10.106+0000] {dagbag.py:588} INFO - Filling up the DagBag from /home/airflow/.local/lib/python3.12/site-packages/airflow/example_dags/example_trigger_controller_dag.py
[2024-11-05T10:41:10.114+0000] {processor.py:925} INFO - DAG(s) 'example_trigger_controller_dag' retrieved from /home/airflow/.local/lib/python3.12/site-packages/airflow/example_dags/example_trigger_controller_dag.py
[2024-11-05T10:41:10.133+0000] {logging_mixin.py:190} INFO - [2024-11-05T10:41:10.132+0000] {dag.py:3239} INFO - Sync 1 DAGs
[2024-11-05T10:41:10.155+0000] {logging_mixin.py:190} INFO - [2024-11-05T10:41:10.154+0000] {dag.py:4180} INFO - Setting next_dagrun for example_trigger_controller_dag to 2021-01-01 00:00:00+00:00, run_after=2021-01-01 00:00:00+00:00
[2024-11-05T10:41:10.174+0000] {processor.py:208} INFO - Processing /home/airflow/.local/lib/python3.12/site-packages/airflow/example_dags/example_trigger_controller_dag.py took 0.076 seconds
[2024-11-05T10:41:40.430+0000] {processor.py:186} INFO - Started process (PID=639) to work on /home/airflow/.local/lib/python3.12/site-packages/airflow/example_dags/example_trigger_controller_dag.py
[2024-11-05T10:41:40.431+0000] {processor.py:914} INFO - Processing file /home/airflow/.local/lib/python3.12/site-packages/airflow/example_dags/example_trigger_controller_dag.py for tasks to queue
[2024-11-05T10:41:40.434+0000] {logging_mixin.py:190} INFO - [2024-11-05T10:41:40.434+0000] {dagbag.py:588} INFO - Filling up the DagBag from /home/airflow/.local/lib/python3.12/site-packages/airflow/example_dags/example_trigger_controller_dag.py
[2024-11-05T10:41:40.442+0000] {processor.py:925} INFO - DAG(s) 'example_trigger_controller_dag' retrieved from /home/airflow/.local/lib/python3.12/site-packages/airflow/example_dags/example_trigger_controller_dag.py
[2024-11-05T10:41:40.465+0000] {logging_mixin.py:190} INFO - [2024-11-05T10:41:40.465+0000] {dag.py:3239} INFO - Sync 1 DAGs
[2024-11-05T10:41:40.497+0000] {logging_mixin.py:190} INFO - [2024-11-05T10:41:40.497+0000] {dag.py:4180} INFO - Setting next_dagrun for example_trigger_controller_dag to 2021-01-01 00:00:00+00:00, run_after=2021-01-01 00:00:00+00:00
[2024-11-05T10:41:40.522+0000] {processor.py:208} INFO - Processing /home/airflow/.local/lib/python3.12/site-packages/airflow/example_dags/example_trigger_controller_dag.py took 0.098 seconds
[2024-11-05T10:42:11.130+0000] {processor.py:186} INFO - Started process (PID=702) to work on /home/airflow/.local/lib/python3.12/site-packages/airflow/example_dags/example_trigger_controller_dag.py
[2024-11-05T10:42:11.132+0000] {processor.py:914} INFO - Processing file /home/airflow/.local/lib/python3.12/site-packages/airflow/example_dags/example_trigger_controller_dag.py for tasks to queue
[2024-11-05T10:42:11.134+0000] {logging_mixin.py:190} INFO - [2024-11-05T10:42:11.133+0000] {dagbag.py:588} INFO - Filling up the DagBag from /home/airflow/.local/lib/python3.12/site-packages/airflow/example_dags/example_trigger_controller_dag.py
[2024-11-05T10:42:11.140+0000] {processor.py:925} INFO - DAG(s) 'example_trigger_controller_dag' retrieved from /home/airflow/.local/lib/python3.12/site-packages/airflow/example_dags/example_trigger_controller_dag.py
[2024-11-05T10:42:11.159+0000] {logging_mixin.py:190} INFO - [2024-11-05T10:42:11.158+0000] {dag.py:3239} INFO - Sync 1 DAGs
[2024-11-05T10:42:11.182+0000] {logging_mixin.py:190} INFO - [2024-11-05T10:42:11.182+0000] {dag.py:4180} INFO - Setting next_dagrun for example_trigger_controller_dag to 2021-01-01 00:00:00+00:00, run_after=2021-01-01 00:00:00+00:00
[2024-11-05T10:42:11.201+0000] {processor.py:208} INFO - Processing /home/airflow/.local/lib/python3.12/site-packages/airflow/example_dags/example_trigger_controller_dag.py took 0.076 seconds
[2024-11-05T10:42:41.366+0000] {processor.py:186} INFO - Started process (PID=764) to work on /home/airflow/.local/lib/python3.12/site-packages/airflow/example_dags/example_trigger_controller_dag.py
[2024-11-05T10:42:41.367+0000] {processor.py:914} INFO - Processing file /home/airflow/.local/lib/python3.12/site-packages/airflow/example_dags/example_trigger_controller_dag.py for tasks to queue
[2024-11-05T10:42:41.369+0000] {logging_mixin.py:190} INFO - [2024-11-05T10:42:41.369+0000] {dagbag.py:588} INFO - Filling up the DagBag from /home/airflow/.local/lib/python3.12/site-packages/airflow/example_dags/example_trigger_controller_dag.py
[2024-11-05T10:42:41.377+0000] {processor.py:925} INFO - DAG(s) 'example_trigger_controller_dag' retrieved from /home/airflow/.local/lib/python3.12/site-packages/airflow/example_dags/example_trigger_controller_dag.py
[2024-11-05T10:42:41.395+0000] {logging_mixin.py:190} INFO - [2024-11-05T10:42:41.394+0000] {dag.py:3239} INFO - Sync 1 DAGs
[2024-11-05T10:42:41.417+0000] {logging_mixin.py:190} INFO - [2024-11-05T10:42:41.416+0000] {dag.py:4180} INFO - Setting next_dagrun for example_trigger_controller_dag to 2021-01-01 00:00:00+00:00, run_after=2021-01-01 00:00:00+00:00
[2024-11-05T10:42:41.434+0000] {processor.py:208} INFO - Processing /home/airflow/.local/lib/python3.12/site-packages/airflow/example_dags/example_trigger_controller_dag.py took 0.074 seconds
[2024-11-05T10:43:11.841+0000] {processor.py:186} INFO - Started process (PID=827) to work on /home/airflow/.local/lib/python3.12/site-packages/airflow/example_dags/example_trigger_controller_dag.py
[2024-11-05T10:43:11.842+0000] {processor.py:914} INFO - Processing file /home/airflow/.local/lib/python3.12/site-packages/airflow/example_dags/example_trigger_controller_dag.py for tasks to queue
[2024-11-05T10:43:11.845+0000] {logging_mixin.py:190} INFO - [2024-11-05T10:43:11.845+0000] {dagbag.py:588} INFO - Filling up the DagBag from /home/airflow/.local/lib/python3.12/site-packages/airflow/example_dags/example_trigger_controller_dag.py
[2024-11-05T10:43:11.858+0000] {processor.py:925} INFO - DAG(s) 'example_trigger_controller_dag' retrieved from /home/airflow/.local/lib/python3.12/site-packages/airflow/example_dags/example_trigger_controller_dag.py
[2024-11-05T10:43:11.900+0000] {logging_mixin.py:190} INFO - [2024-11-05T10:43:11.899+0000] {dag.py:3239} INFO - Sync 1 DAGs
[2024-11-05T10:43:11.970+0000] {logging_mixin.py:190} INFO - [2024-11-05T10:43:11.970+0000] {dag.py:4180} INFO - Setting next_dagrun for example_trigger_controller_dag to 2021-01-01 00:00:00+00:00, run_after=2021-01-01 00:00:00+00:00
[2024-11-05T10:43:12.016+0000] {processor.py:208} INFO - Processing /home/airflow/.local/lib/python3.12/site-packages/airflow/example_dags/example_trigger_controller_dag.py took 0.184 seconds
[2024-11-05T10:43:42.991+0000] {processor.py:186} INFO - Started process (PID=891) to work on /home/airflow/.local/lib/python3.12/site-packages/airflow/example_dags/example_trigger_controller_dag.py
[2024-11-05T10:43:42.992+0000] {processor.py:914} INFO - Processing file /home/airflow/.local/lib/python3.12/site-packages/airflow/example_dags/example_trigger_controller_dag.py for tasks to queue
[2024-11-05T10:43:42.995+0000] {logging_mixin.py:190} INFO - [2024-11-05T10:43:42.994+0000] {dagbag.py:588} INFO - Filling up the DagBag from /home/airflow/.local/lib/python3.12/site-packages/airflow/example_dags/example_trigger_controller_dag.py
[2024-11-05T10:43:43.003+0000] {processor.py:925} INFO - DAG(s) 'example_trigger_controller_dag' retrieved from /home/airflow/.local/lib/python3.12/site-packages/airflow/example_dags/example_trigger_controller_dag.py
[2024-11-05T10:43:43.025+0000] {logging_mixin.py:190} INFO - [2024-11-05T10:43:43.024+0000] {dag.py:3239} INFO - Sync 1 DAGs
[2024-11-05T10:43:43.055+0000] {logging_mixin.py:190} INFO - [2024-11-05T10:43:43.055+0000] {dag.py:4180} INFO - Setting next_dagrun for example_trigger_controller_dag to 2021-01-01 00:00:00+00:00, run_after=2021-01-01 00:00:00+00:00
[2024-11-05T10:43:43.080+0000] {processor.py:208} INFO - Processing /home/airflow/.local/lib/python3.12/site-packages/airflow/example_dags/example_trigger_controller_dag.py took 0.096 seconds
[2024-11-05T10:44:14.035+0000] {processor.py:186} INFO - Started process (PID=955) to work on /home/airflow/.local/lib/python3.12/site-packages/airflow/example_dags/example_trigger_controller_dag.py
[2024-11-05T10:44:14.036+0000] {processor.py:914} INFO - Processing file /home/airflow/.local/lib/python3.12/site-packages/airflow/example_dags/example_trigger_controller_dag.py for tasks to queue
[2024-11-05T10:44:14.039+0000] {logging_mixin.py:190} INFO - [2024-11-05T10:44:14.039+0000] {dagbag.py:588} INFO - Filling up the DagBag from /home/airflow/.local/lib/python3.12/site-packages/airflow/example_dags/example_trigger_controller_dag.py
[2024-11-05T10:44:14.048+0000] {processor.py:925} INFO - DAG(s) 'example_trigger_controller_dag' retrieved from /home/airflow/.local/lib/python3.12/site-packages/airflow/example_dags/example_trigger_controller_dag.py
[2024-11-05T10:44:14.075+0000] {logging_mixin.py:190} INFO - [2024-11-05T10:44:14.074+0000] {dag.py:3239} INFO - Sync 1 DAGs
[2024-11-05T10:44:14.117+0000] {logging_mixin.py:190} INFO - [2024-11-05T10:44:14.117+0000] {dag.py:4180} INFO - Setting next_dagrun for example_trigger_controller_dag to 2021-01-01 00:00:00+00:00, run_after=2021-01-01 00:00:00+00:00
[2024-11-05T10:44:14.145+0000] {processor.py:208} INFO - Processing /home/airflow/.local/lib/python3.12/site-packages/airflow/example_dags/example_trigger_controller_dag.py took 0.119 seconds
[2024-11-05T10:44:44.515+0000] {processor.py:186} INFO - Started process (PID=1018) to work on /home/airflow/.local/lib/python3.12/site-packages/airflow/example_dags/example_trigger_controller_dag.py
[2024-11-05T10:44:44.517+0000] {processor.py:914} INFO - Processing file /home/airflow/.local/lib/python3.12/site-packages/airflow/example_dags/example_trigger_controller_dag.py for tasks to queue
[2024-11-05T10:44:44.519+0000] {logging_mixin.py:190} INFO - [2024-11-05T10:44:44.519+0000] {dagbag.py:588} INFO - Filling up the DagBag from /home/airflow/.local/lib/python3.12/site-packages/airflow/example_dags/example_trigger_controller_dag.py
[2024-11-05T10:44:44.527+0000] {processor.py:925} INFO - DAG(s) 'example_trigger_controller_dag' retrieved from /home/airflow/.local/lib/python3.12/site-packages/airflow/example_dags/example_trigger_controller_dag.py
[2024-11-05T10:44:44.549+0000] {logging_mixin.py:190} INFO - [2024-11-05T10:44:44.549+0000] {dag.py:3239} INFO - Sync 1 DAGs
[2024-11-05T10:44:44.580+0000] {logging_mixin.py:190} INFO - [2024-11-05T10:44:44.580+0000] {dag.py:4180} INFO - Setting next_dagrun for example_trigger_controller_dag to 2021-01-01 00:00:00+00:00, run_after=2021-01-01 00:00:00+00:00
[2024-11-05T10:44:44.605+0000] {processor.py:208} INFO - Processing /home/airflow/.local/lib/python3.12/site-packages/airflow/example_dags/example_trigger_controller_dag.py took 0.099 seconds
[2024-11-05T10:45:14.741+0000] {processor.py:186} INFO - Started process (PID=1081) to work on /home/airflow/.local/lib/python3.12/site-packages/airflow/example_dags/example_trigger_controller_dag.py
[2024-11-05T10:45:14.742+0000] {processor.py:914} INFO - Processing file /home/airflow/.local/lib/python3.12/site-packages/airflow/example_dags/example_trigger_controller_dag.py for tasks to queue
[2024-11-05T10:45:14.744+0000] {logging_mixin.py:190} INFO - [2024-11-05T10:45:14.744+0000] {dagbag.py:588} INFO - Filling up the DagBag from /home/airflow/.local/lib/python3.12/site-packages/airflow/example_dags/example_trigger_controller_dag.py
[2024-11-05T10:45:14.752+0000] {processor.py:925} INFO - DAG(s) 'example_trigger_controller_dag' retrieved from /home/airflow/.local/lib/python3.12/site-packages/airflow/example_dags/example_trigger_controller_dag.py
[2024-11-05T10:45:14.776+0000] {logging_mixin.py:190} INFO - [2024-11-05T10:45:14.775+0000] {dag.py:3239} INFO - Sync 1 DAGs
[2024-11-05T10:45:14.812+0000] {logging_mixin.py:190} INFO - [2024-11-05T10:45:14.812+0000] {dag.py:4180} INFO - Setting next_dagrun for example_trigger_controller_dag to 2021-01-01 00:00:00+00:00, run_after=2021-01-01 00:00:00+00:00
[2024-11-05T10:45:14.841+0000] {processor.py:208} INFO - Processing /home/airflow/.local/lib/python3.12/site-packages/airflow/example_dags/example_trigger_controller_dag.py took 0.108 seconds
[2024-11-05T10:45:45.012+0000] {processor.py:186} INFO - Started process (PID=1144) to work on /home/airflow/.local/lib/python3.12/site-packages/airflow/example_dags/example_trigger_controller_dag.py
[2024-11-05T10:45:45.013+0000] {processor.py:914} INFO - Processing file /home/airflow/.local/lib/python3.12/site-packages/airflow/example_dags/example_trigger_controller_dag.py for tasks to queue
[2024-11-05T10:45:45.015+0000] {logging_mixin.py:190} INFO - [2024-11-05T10:45:45.015+0000] {dagbag.py:588} INFO - Filling up the DagBag from /home/airflow/.local/lib/python3.12/site-packages/airflow/example_dags/example_trigger_controller_dag.py
[2024-11-05T10:45:45.023+0000] {processor.py:925} INFO - DAG(s) 'example_trigger_controller_dag' retrieved from /home/airflow/.local/lib/python3.12/site-packages/airflow/example_dags/example_trigger_controller_dag.py
[2024-11-05T10:45:45.046+0000] {logging_mixin.py:190} INFO - [2024-11-05T10:45:45.046+0000] {dag.py:3239} INFO - Sync 1 DAGs
[2024-11-05T10:45:45.077+0000] {logging_mixin.py:190} INFO - [2024-11-05T10:45:45.077+0000] {dag.py:4180} INFO - Setting next_dagrun for example_trigger_controller_dag to 2021-01-01 00:00:00+00:00, run_after=2021-01-01 00:00:00+00:00
[2024-11-05T10:45:45.100+0000] {processor.py:208} INFO - Processing /home/airflow/.local/lib/python3.12/site-packages/airflow/example_dags/example_trigger_controller_dag.py took 0.095 seconds
[2024-11-05T10:46:15.815+0000] {processor.py:186} INFO - Started process (PID=1207) to work on /home/airflow/.local/lib/python3.12/site-packages/airflow/example_dags/example_trigger_controller_dag.py
[2024-11-05T10:46:15.816+0000] {processor.py:914} INFO - Processing file /home/airflow/.local/lib/python3.12/site-packages/airflow/example_dags/example_trigger_controller_dag.py for tasks to queue
[2024-11-05T10:46:15.819+0000] {logging_mixin.py:190} INFO - [2024-11-05T10:46:15.818+0000] {dagbag.py:588} INFO - Filling up the DagBag from /home/airflow/.local/lib/python3.12/site-packages/airflow/example_dags/example_trigger_controller_dag.py
[2024-11-05T10:46:15.829+0000] {processor.py:925} INFO - DAG(s) 'example_trigger_controller_dag' retrieved from /home/airflow/.local/lib/python3.12/site-packages/airflow/example_dags/example_trigger_controller_dag.py
[2024-11-05T10:46:15.854+0000] {logging_mixin.py:190} INFO - [2024-11-05T10:46:15.854+0000] {dag.py:3239} INFO - Sync 1 DAGs
[2024-11-05T10:46:15.901+0000] {logging_mixin.py:190} INFO - [2024-11-05T10:46:15.900+0000] {dag.py:4180} INFO - Setting next_dagrun for example_trigger_controller_dag to 2021-01-01 00:00:00+00:00, run_after=2021-01-01 00:00:00+00:00
[2024-11-05T10:46:15.927+0000] {processor.py:208} INFO - Processing /home/airflow/.local/lib/python3.12/site-packages/airflow/example_dags/example_trigger_controller_dag.py took 0.120 seconds
[2024-11-05T10:46:46.756+0000] {processor.py:186} INFO - Started process (PID=1269) to work on /home/airflow/.local/lib/python3.12/site-packages/airflow/example_dags/example_trigger_controller_dag.py
[2024-11-05T10:46:46.757+0000] {processor.py:914} INFO - Processing file /home/airflow/.local/lib/python3.12/site-packages/airflow/example_dags/example_trigger_controller_dag.py for tasks to queue
[2024-11-05T10:46:46.760+0000] {logging_mixin.py:190} INFO - [2024-11-05T10:46:46.760+0000] {dagbag.py:588} INFO - Filling up the DagBag from /home/airflow/.local/lib/python3.12/site-packages/airflow/example_dags/example_trigger_controller_dag.py
[2024-11-05T10:46:46.770+0000] {processor.py:925} INFO - DAG(s) 'example_trigger_controller_dag' retrieved from /home/airflow/.local/lib/python3.12/site-packages/airflow/example_dags/example_trigger_controller_dag.py
[2024-11-05T10:46:46.800+0000] {logging_mixin.py:190} INFO - [2024-11-05T10:46:46.799+0000] {dag.py:3239} INFO - Sync 1 DAGs
[2024-11-05T10:46:46.842+0000] {logging_mixin.py:190} INFO - [2024-11-05T10:46:46.842+0000] {dag.py:4180} INFO - Setting next_dagrun for example_trigger_controller_dag to 2021-01-01 00:00:00+00:00, run_after=2021-01-01 00:00:00+00:00
[2024-11-05T10:46:46.875+0000] {processor.py:208} INFO - Processing /home/airflow/.local/lib/python3.12/site-packages/airflow/example_dags/example_trigger_controller_dag.py took 0.128 seconds
[2024-11-05T10:47:17.220+0000] {processor.py:186} INFO - Started process (PID=1332) to work on /home/airflow/.local/lib/python3.12/site-packages/airflow/example_dags/example_trigger_controller_dag.py
[2024-11-05T10:47:17.221+0000] {processor.py:914} INFO - Processing file /home/airflow/.local/lib/python3.12/site-packages/airflow/example_dags/example_trigger_controller_dag.py for tasks to queue
[2024-11-05T10:47:17.224+0000] {logging_mixin.py:190} INFO - [2024-11-05T10:47:17.224+0000] {dagbag.py:588} INFO - Filling up the DagBag from /home/airflow/.local/lib/python3.12/site-packages/airflow/example_dags/example_trigger_controller_dag.py
[2024-11-05T10:47:17.233+0000] {processor.py:925} INFO - DAG(s) 'example_trigger_controller_dag' retrieved from /home/airflow/.local/lib/python3.12/site-packages/airflow/example_dags/example_trigger_controller_dag.py
[2024-11-05T10:47:17.260+0000] {logging_mixin.py:190} INFO - [2024-11-05T10:47:17.260+0000] {dag.py:3239} INFO - Sync 1 DAGs
[2024-11-05T10:47:17.298+0000] {logging_mixin.py:190} INFO - [2024-11-05T10:47:17.298+0000] {dag.py:4180} INFO - Setting next_dagrun for example_trigger_controller_dag to 2021-01-01 00:00:00+00:00, run_after=2021-01-01 00:00:00+00:00
[2024-11-05T10:47:17.325+0000] {processor.py:208} INFO - Processing /home/airflow/.local/lib/python3.12/site-packages/airflow/example_dags/example_trigger_controller_dag.py took 0.114 seconds
[2024-11-05T10:47:47.413+0000] {processor.py:186} INFO - Started process (PID=1395) to work on /home/airflow/.local/lib/python3.12/site-packages/airflow/example_dags/example_trigger_controller_dag.py
[2024-11-05T10:47:47.415+0000] {processor.py:914} INFO - Processing file /home/airflow/.local/lib/python3.12/site-packages/airflow/example_dags/example_trigger_controller_dag.py for tasks to queue
[2024-11-05T10:47:47.418+0000] {logging_mixin.py:190} INFO - [2024-11-05T10:47:47.417+0000] {dagbag.py:588} INFO - Filling up the DagBag from /home/airflow/.local/lib/python3.12/site-packages/airflow/example_dags/example_trigger_controller_dag.py
[2024-11-05T10:47:47.427+0000] {processor.py:925} INFO - DAG(s) 'example_trigger_controller_dag' retrieved from /home/airflow/.local/lib/python3.12/site-packages/airflow/example_dags/example_trigger_controller_dag.py
[2024-11-05T10:47:47.463+0000] {logging_mixin.py:190} INFO - [2024-11-05T10:47:47.463+0000] {dag.py:3239} INFO - Sync 1 DAGs
[2024-11-05T10:47:47.490+0000] {logging_mixin.py:190} INFO - [2024-11-05T10:47:47.490+0000] {dag.py:4180} INFO - Setting next_dagrun for example_trigger_controller_dag to 2021-01-01 00:00:00+00:00, run_after=2021-01-01 00:00:00+00:00
[2024-11-05T10:47:47.514+0000] {processor.py:208} INFO - Processing /home/airflow/.local/lib/python3.12/site-packages/airflow/example_dags/example_trigger_controller_dag.py took 0.109 seconds
[2024-11-05T10:48:17.705+0000] {processor.py:186} INFO - Started process (PID=1457) to work on /home/airflow/.local/lib/python3.12/site-packages/airflow/example_dags/example_trigger_controller_dag.py
[2024-11-05T10:48:17.705+0000] {processor.py:914} INFO - Processing file /home/airflow/.local/lib/python3.12/site-packages/airflow/example_dags/example_trigger_controller_dag.py for tasks to queue
[2024-11-05T10:48:17.708+0000] {logging_mixin.py:190} INFO - [2024-11-05T10:48:17.707+0000] {dagbag.py:588} INFO - Filling up the DagBag from /home/airflow/.local/lib/python3.12/site-packages/airflow/example_dags/example_trigger_controller_dag.py
[2024-11-05T10:48:17.716+0000] {processor.py:925} INFO - DAG(s) 'example_trigger_controller_dag' retrieved from /home/airflow/.local/lib/python3.12/site-packages/airflow/example_dags/example_trigger_controller_dag.py
[2024-11-05T10:48:17.736+0000] {logging_mixin.py:190} INFO - [2024-11-05T10:48:17.735+0000] {dag.py:3239} INFO - Sync 1 DAGs
[2024-11-05T10:48:17.763+0000] {logging_mixin.py:190} INFO - [2024-11-05T10:48:17.763+0000] {dag.py:4180} INFO - Setting next_dagrun for example_trigger_controller_dag to 2021-01-01 00:00:00+00:00, run_after=2021-01-01 00:00:00+00:00
[2024-11-05T10:48:17.786+0000] {processor.py:208} INFO - Processing /home/airflow/.local/lib/python3.12/site-packages/airflow/example_dags/example_trigger_controller_dag.py took 0.089 seconds
[2024-11-05T10:48:48.689+0000] {processor.py:186} INFO - Started process (PID=1520) to work on /home/airflow/.local/lib/python3.12/site-packages/airflow/example_dags/example_trigger_controller_dag.py
[2024-11-05T10:48:48.691+0000] {processor.py:914} INFO - Processing file /home/airflow/.local/lib/python3.12/site-packages/airflow/example_dags/example_trigger_controller_dag.py for tasks to queue
[2024-11-05T10:48:48.697+0000] {logging_mixin.py:190} INFO - [2024-11-05T10:48:48.696+0000] {dagbag.py:588} INFO - Filling up the DagBag from /home/airflow/.local/lib/python3.12/site-packages/airflow/example_dags/example_trigger_controller_dag.py
[2024-11-05T10:48:48.707+0000] {processor.py:925} INFO - DAG(s) 'example_trigger_controller_dag' retrieved from /home/airflow/.local/lib/python3.12/site-packages/airflow/example_dags/example_trigger_controller_dag.py
[2024-11-05T10:48:48.741+0000] {logging_mixin.py:190} INFO - [2024-11-05T10:48:48.740+0000] {dag.py:3239} INFO - Sync 1 DAGs
[2024-11-05T10:48:48.788+0000] {logging_mixin.py:190} INFO - [2024-11-05T10:48:48.788+0000] {dag.py:4180} INFO - Setting next_dagrun for example_trigger_controller_dag to 2021-01-01 00:00:00+00:00, run_after=2021-01-01 00:00:00+00:00
[2024-11-05T10:48:48.819+0000] {processor.py:208} INFO - Processing /home/airflow/.local/lib/python3.12/site-packages/airflow/example_dags/example_trigger_controller_dag.py took 0.140 seconds
[2024-11-05T10:49:19.354+0000] {processor.py:186} INFO - Started process (PID=1582) to work on /home/airflow/.local/lib/python3.12/site-packages/airflow/example_dags/example_trigger_controller_dag.py
[2024-11-05T10:49:19.355+0000] {processor.py:914} INFO - Processing file /home/airflow/.local/lib/python3.12/site-packages/airflow/example_dags/example_trigger_controller_dag.py for tasks to queue
[2024-11-05T10:49:19.358+0000] {logging_mixin.py:190} INFO - [2024-11-05T10:49:19.357+0000] {dagbag.py:588} INFO - Filling up the DagBag from /home/airflow/.local/lib/python3.12/site-packages/airflow/example_dags/example_trigger_controller_dag.py
[2024-11-05T10:49:19.367+0000] {processor.py:925} INFO - DAG(s) 'example_trigger_controller_dag' retrieved from /home/airflow/.local/lib/python3.12/site-packages/airflow/example_dags/example_trigger_controller_dag.py
[2024-11-05T10:49:19.399+0000] {logging_mixin.py:190} INFO - [2024-11-05T10:49:19.398+0000] {dag.py:3239} INFO - Sync 1 DAGs
[2024-11-05T10:49:19.440+0000] {logging_mixin.py:190} INFO - [2024-11-05T10:49:19.439+0000] {dag.py:4180} INFO - Setting next_dagrun for example_trigger_controller_dag to 2021-01-01 00:00:00+00:00, run_after=2021-01-01 00:00:00+00:00
[2024-11-05T10:49:19.468+0000] {processor.py:208} INFO - Processing /home/airflow/.local/lib/python3.12/site-packages/airflow/example_dags/example_trigger_controller_dag.py took 0.127 seconds
[2024-11-05T10:49:49.873+0000] {processor.py:186} INFO - Started process (PID=1645) to work on /home/airflow/.local/lib/python3.12/site-packages/airflow/example_dags/example_trigger_controller_dag.py
[2024-11-05T10:49:49.877+0000] {processor.py:914} INFO - Processing file /home/airflow/.local/lib/python3.12/site-packages/airflow/example_dags/example_trigger_controller_dag.py for tasks to queue
[2024-11-05T10:49:49.885+0000] {logging_mixin.py:190} INFO - [2024-11-05T10:49:49.884+0000] {dagbag.py:588} INFO - Filling up the DagBag from /home/airflow/.local/lib/python3.12/site-packages/airflow/example_dags/example_trigger_controller_dag.py
[2024-11-05T10:49:49.911+0000] {processor.py:925} INFO - DAG(s) 'example_trigger_controller_dag' retrieved from /home/airflow/.local/lib/python3.12/site-packages/airflow/example_dags/example_trigger_controller_dag.py
[2024-11-05T10:49:49.956+0000] {logging_mixin.py:190} INFO - [2024-11-05T10:49:49.955+0000] {dag.py:3239} INFO - Sync 1 DAGs
[2024-11-05T10:49:50.010+0000] {logging_mixin.py:190} INFO - [2024-11-05T10:49:50.010+0000] {dag.py:4180} INFO - Setting next_dagrun for example_trigger_controller_dag to 2021-01-01 00:00:00+00:00, run_after=2021-01-01 00:00:00+00:00
[2024-11-05T10:49:50.054+0000] {processor.py:208} INFO - Processing /home/airflow/.local/lib/python3.12/site-packages/airflow/example_dags/example_trigger_controller_dag.py took 0.200 seconds
[2024-11-05T10:50:20.298+0000] {processor.py:186} INFO - Started process (PID=1708) to work on /home/airflow/.local/lib/python3.12/site-packages/airflow/example_dags/example_trigger_controller_dag.py
[2024-11-05T10:50:20.300+0000] {processor.py:914} INFO - Processing file /home/airflow/.local/lib/python3.12/site-packages/airflow/example_dags/example_trigger_controller_dag.py for tasks to queue
[2024-11-05T10:50:20.304+0000] {logging_mixin.py:190} INFO - [2024-11-05T10:50:20.304+0000] {dagbag.py:588} INFO - Filling up the DagBag from /home/airflow/.local/lib/python3.12/site-packages/airflow/example_dags/example_trigger_controller_dag.py
[2024-11-05T10:50:20.318+0000] {processor.py:925} INFO - DAG(s) 'example_trigger_controller_dag' retrieved from /home/airflow/.local/lib/python3.12/site-packages/airflow/example_dags/example_trigger_controller_dag.py
[2024-11-05T10:50:20.359+0000] {logging_mixin.py:190} INFO - [2024-11-05T10:50:20.358+0000] {dag.py:3239} INFO - Sync 1 DAGs
[2024-11-05T10:50:20.403+0000] {logging_mixin.py:190} INFO - [2024-11-05T10:50:20.402+0000] {dag.py:4180} INFO - Setting next_dagrun for example_trigger_controller_dag to 2021-01-01 00:00:00+00:00, run_after=2021-01-01 00:00:00+00:00
[2024-11-05T10:50:20.463+0000] {processor.py:208} INFO - Processing /home/airflow/.local/lib/python3.12/site-packages/airflow/example_dags/example_trigger_controller_dag.py took 0.180 seconds
[2024-11-05T10:50:50.953+0000] {processor.py:186} INFO - Started process (PID=1770) to work on /home/airflow/.local/lib/python3.12/site-packages/airflow/example_dags/example_trigger_controller_dag.py
[2024-11-05T10:50:50.955+0000] {processor.py:914} INFO - Processing file /home/airflow/.local/lib/python3.12/site-packages/airflow/example_dags/example_trigger_controller_dag.py for tasks to queue
[2024-11-05T10:50:50.959+0000] {logging_mixin.py:190} INFO - [2024-11-05T10:50:50.959+0000] {dagbag.py:588} INFO - Filling up the DagBag from /home/airflow/.local/lib/python3.12/site-packages/airflow/example_dags/example_trigger_controller_dag.py
[2024-11-05T10:50:50.974+0000] {processor.py:925} INFO - DAG(s) 'example_trigger_controller_dag' retrieved from /home/airflow/.local/lib/python3.12/site-packages/airflow/example_dags/example_trigger_controller_dag.py
[2024-11-05T10:50:51.009+0000] {logging_mixin.py:190} INFO - [2024-11-05T10:50:51.008+0000] {dag.py:3239} INFO - Sync 1 DAGs
[2024-11-05T10:50:51.061+0000] {logging_mixin.py:190} INFO - [2024-11-05T10:50:51.060+0000] {dag.py:4180} INFO - Setting next_dagrun for example_trigger_controller_dag to 2021-01-01 00:00:00+00:00, run_after=2021-01-01 00:00:00+00:00
[2024-11-05T10:50:51.096+0000] {processor.py:208} INFO - Processing /home/airflow/.local/lib/python3.12/site-packages/airflow/example_dags/example_trigger_controller_dag.py took 0.154 seconds
[2024-11-05T10:51:21.577+0000] {processor.py:186} INFO - Started process (PID=1833) to work on /home/airflow/.local/lib/python3.12/site-packages/airflow/example_dags/example_trigger_controller_dag.py
[2024-11-05T10:51:21.579+0000] {processor.py:914} INFO - Processing file /home/airflow/.local/lib/python3.12/site-packages/airflow/example_dags/example_trigger_controller_dag.py for tasks to queue
[2024-11-05T10:51:21.583+0000] {logging_mixin.py:190} INFO - [2024-11-05T10:51:21.582+0000] {dagbag.py:588} INFO - Filling up the DagBag from /home/airflow/.local/lib/python3.12/site-packages/airflow/example_dags/example_trigger_controller_dag.py
[2024-11-05T10:51:21.599+0000] {processor.py:925} INFO - DAG(s) 'example_trigger_controller_dag' retrieved from /home/airflow/.local/lib/python3.12/site-packages/airflow/example_dags/example_trigger_controller_dag.py
[2024-11-05T10:51:21.649+0000] {logging_mixin.py:190} INFO - [2024-11-05T10:51:21.649+0000] {dag.py:3239} INFO - Sync 1 DAGs
[2024-11-05T10:51:21.703+0000] {logging_mixin.py:190} INFO - [2024-11-05T10:51:21.703+0000] {dag.py:4180} INFO - Setting next_dagrun for example_trigger_controller_dag to 2021-01-01 00:00:00+00:00, run_after=2021-01-01 00:00:00+00:00
[2024-11-05T10:51:21.742+0000] {processor.py:208} INFO - Processing /home/airflow/.local/lib/python3.12/site-packages/airflow/example_dags/example_trigger_controller_dag.py took 0.177 seconds
[2024-11-05T10:51:52.544+0000] {processor.py:186} INFO - Started process (PID=1896) to work on /home/airflow/.local/lib/python3.12/site-packages/airflow/example_dags/example_trigger_controller_dag.py
[2024-11-05T10:51:52.546+0000] {processor.py:914} INFO - Processing file /home/airflow/.local/lib/python3.12/site-packages/airflow/example_dags/example_trigger_controller_dag.py for tasks to queue
[2024-11-05T10:51:52.548+0000] {logging_mixin.py:190} INFO - [2024-11-05T10:51:52.548+0000] {dagbag.py:588} INFO - Filling up the DagBag from /home/airflow/.local/lib/python3.12/site-packages/airflow/example_dags/example_trigger_controller_dag.py
[2024-11-05T10:51:52.556+0000] {processor.py:925} INFO - DAG(s) 'example_trigger_controller_dag' retrieved from /home/airflow/.local/lib/python3.12/site-packages/airflow/example_dags/example_trigger_controller_dag.py
[2024-11-05T10:51:52.583+0000] {logging_mixin.py:190} INFO - [2024-11-05T10:51:52.583+0000] {dag.py:3239} INFO - Sync 1 DAGs
[2024-11-05T10:51:52.609+0000] {logging_mixin.py:190} INFO - [2024-11-05T10:51:52.609+0000] {dag.py:4180} INFO - Setting next_dagrun for example_trigger_controller_dag to 2021-01-01 00:00:00+00:00, run_after=2021-01-01 00:00:00+00:00
[2024-11-05T10:51:52.638+0000] {processor.py:208} INFO - Processing /home/airflow/.local/lib/python3.12/site-packages/airflow/example_dags/example_trigger_controller_dag.py took 0.101 seconds
[2024-11-05T10:52:22.759+0000] {processor.py:186} INFO - Started process (PID=1960) to work on /home/airflow/.local/lib/python3.12/site-packages/airflow/example_dags/example_trigger_controller_dag.py
[2024-11-05T10:52:22.761+0000] {processor.py:914} INFO - Processing file /home/airflow/.local/lib/python3.12/site-packages/airflow/example_dags/example_trigger_controller_dag.py for tasks to queue
[2024-11-05T10:52:22.766+0000] {logging_mixin.py:190} INFO - [2024-11-05T10:52:22.764+0000] {dagbag.py:588} INFO - Filling up the DagBag from /home/airflow/.local/lib/python3.12/site-packages/airflow/example_dags/example_trigger_controller_dag.py
[2024-11-05T10:52:22.779+0000] {processor.py:925} INFO - DAG(s) 'example_trigger_controller_dag' retrieved from /home/airflow/.local/lib/python3.12/site-packages/airflow/example_dags/example_trigger_controller_dag.py
[2024-11-05T10:52:22.819+0000] {logging_mixin.py:190} INFO - [2024-11-05T10:52:22.819+0000] {dag.py:3239} INFO - Sync 1 DAGs
[2024-11-05T10:52:22.880+0000] {logging_mixin.py:190} INFO - [2024-11-05T10:52:22.880+0000] {dag.py:4180} INFO - Setting next_dagrun for example_trigger_controller_dag to 2021-01-01 00:00:00+00:00, run_after=2021-01-01 00:00:00+00:00
[2024-11-05T10:52:22.925+0000] {processor.py:208} INFO - Processing /home/airflow/.local/lib/python3.12/site-packages/airflow/example_dags/example_trigger_controller_dag.py took 0.179 seconds
[2024-11-05T10:52:53.443+0000] {processor.py:186} INFO - Started process (PID=2023) to work on /home/airflow/.local/lib/python3.12/site-packages/airflow/example_dags/example_trigger_controller_dag.py
[2024-11-05T10:52:53.444+0000] {processor.py:914} INFO - Processing file /home/airflow/.local/lib/python3.12/site-packages/airflow/example_dags/example_trigger_controller_dag.py for tasks to queue
[2024-11-05T10:52:53.448+0000] {logging_mixin.py:190} INFO - [2024-11-05T10:52:53.447+0000] {dagbag.py:588} INFO - Filling up the DagBag from /home/airflow/.local/lib/python3.12/site-packages/airflow/example_dags/example_trigger_controller_dag.py
[2024-11-05T10:52:53.459+0000] {processor.py:925} INFO - DAG(s) 'example_trigger_controller_dag' retrieved from /home/airflow/.local/lib/python3.12/site-packages/airflow/example_dags/example_trigger_controller_dag.py
[2024-11-05T10:52:53.491+0000] {logging_mixin.py:190} INFO - [2024-11-05T10:52:53.490+0000] {dag.py:3239} INFO - Sync 1 DAGs
[2024-11-05T10:52:53.539+0000] {logging_mixin.py:190} INFO - [2024-11-05T10:52:53.539+0000] {dag.py:4180} INFO - Setting next_dagrun for example_trigger_controller_dag to 2021-01-01 00:00:00+00:00, run_after=2021-01-01 00:00:00+00:00
[2024-11-05T10:52:53.570+0000] {processor.py:208} INFO - Processing /home/airflow/.local/lib/python3.12/site-packages/airflow/example_dags/example_trigger_controller_dag.py took 0.139 seconds
[2024-11-05T10:53:23.737+0000] {processor.py:186} INFO - Started process (PID=2086) to work on /home/airflow/.local/lib/python3.12/site-packages/airflow/example_dags/example_trigger_controller_dag.py
[2024-11-05T10:53:23.739+0000] {processor.py:914} INFO - Processing file /home/airflow/.local/lib/python3.12/site-packages/airflow/example_dags/example_trigger_controller_dag.py for tasks to queue
[2024-11-05T10:53:23.744+0000] {logging_mixin.py:190} INFO - [2024-11-05T10:53:23.742+0000] {dagbag.py:588} INFO - Filling up the DagBag from /home/airflow/.local/lib/python3.12/site-packages/airflow/example_dags/example_trigger_controller_dag.py
[2024-11-05T10:53:23.760+0000] {processor.py:925} INFO - DAG(s) 'example_trigger_controller_dag' retrieved from /home/airflow/.local/lib/python3.12/site-packages/airflow/example_dags/example_trigger_controller_dag.py
[2024-11-05T10:53:23.810+0000] {logging_mixin.py:190} INFO - [2024-11-05T10:53:23.810+0000] {dag.py:3239} INFO - Sync 1 DAGs
[2024-11-05T10:53:23.860+0000] {logging_mixin.py:190} INFO - [2024-11-05T10:53:23.860+0000] {dag.py:4180} INFO - Setting next_dagrun for example_trigger_controller_dag to 2021-01-01 00:00:00+00:00, run_after=2021-01-01 00:00:00+00:00
[2024-11-05T10:53:23.907+0000] {processor.py:208} INFO - Processing /home/airflow/.local/lib/python3.12/site-packages/airflow/example_dags/example_trigger_controller_dag.py took 0.185 seconds
[2024-11-05T10:53:54.111+0000] {processor.py:186} INFO - Started process (PID=2149) to work on /home/airflow/.local/lib/python3.12/site-packages/airflow/example_dags/example_trigger_controller_dag.py
[2024-11-05T10:53:54.113+0000] {processor.py:914} INFO - Processing file /home/airflow/.local/lib/python3.12/site-packages/airflow/example_dags/example_trigger_controller_dag.py for tasks to queue
[2024-11-05T10:53:54.117+0000] {logging_mixin.py:190} INFO - [2024-11-05T10:53:54.116+0000] {dagbag.py:588} INFO - Filling up the DagBag from /home/airflow/.local/lib/python3.12/site-packages/airflow/example_dags/example_trigger_controller_dag.py
[2024-11-05T10:53:54.131+0000] {processor.py:925} INFO - DAG(s) 'example_trigger_controller_dag' retrieved from /home/airflow/.local/lib/python3.12/site-packages/airflow/example_dags/example_trigger_controller_dag.py
[2024-11-05T10:53:54.169+0000] {logging_mixin.py:190} INFO - [2024-11-05T10:53:54.168+0000] {dag.py:3239} INFO - Sync 1 DAGs
[2024-11-05T10:53:54.208+0000] {logging_mixin.py:190} INFO - [2024-11-05T10:53:54.208+0000] {dag.py:4180} INFO - Setting next_dagrun for example_trigger_controller_dag to 2021-01-01 00:00:00+00:00, run_after=2021-01-01 00:00:00+00:00
[2024-11-05T10:53:54.240+0000] {processor.py:208} INFO - Processing /home/airflow/.local/lib/python3.12/site-packages/airflow/example_dags/example_trigger_controller_dag.py took 0.137 seconds
[2024-11-05T10:54:24.415+0000] {processor.py:186} INFO - Started process (PID=2212) to work on /home/airflow/.local/lib/python3.12/site-packages/airflow/example_dags/example_trigger_controller_dag.py
[2024-11-05T10:54:24.416+0000] {processor.py:914} INFO - Processing file /home/airflow/.local/lib/python3.12/site-packages/airflow/example_dags/example_trigger_controller_dag.py for tasks to queue
[2024-11-05T10:54:24.419+0000] {logging_mixin.py:190} INFO - [2024-11-05T10:54:24.418+0000] {dagbag.py:588} INFO - Filling up the DagBag from /home/airflow/.local/lib/python3.12/site-packages/airflow/example_dags/example_trigger_controller_dag.py
[2024-11-05T10:54:24.428+0000] {processor.py:925} INFO - DAG(s) 'example_trigger_controller_dag' retrieved from /home/airflow/.local/lib/python3.12/site-packages/airflow/example_dags/example_trigger_controller_dag.py
[2024-11-05T10:54:24.451+0000] {logging_mixin.py:190} INFO - [2024-11-05T10:54:24.451+0000] {dag.py:3239} INFO - Sync 1 DAGs
[2024-11-05T10:54:24.483+0000] {logging_mixin.py:190} INFO - [2024-11-05T10:54:24.483+0000] {dag.py:4180} INFO - Setting next_dagrun for example_trigger_controller_dag to 2021-01-01 00:00:00+00:00, run_after=2021-01-01 00:00:00+00:00
[2024-11-05T10:54:24.506+0000] {processor.py:208} INFO - Processing /home/airflow/.local/lib/python3.12/site-packages/airflow/example_dags/example_trigger_controller_dag.py took 0.097 seconds
