[2024-11-05T10:37:13.825+0000] {processor.py:186} INFO - Started process (PID=104) to work on /home/airflow/.local/lib/python3.12/site-packages/airflow/example_dags/example_bash_operator.py
[2024-11-05T10:37:13.826+0000] {processor.py:914} INFO - Processing file /home/airflow/.local/lib/python3.12/site-packages/airflow/example_dags/example_bash_operator.py for tasks to queue
[2024-11-05T10:37:13.829+0000] {logging_mixin.py:190} INFO - [2024-11-05T10:37:13.829+0000] {dagbag.py:588} INFO - Filling up the DagBag from /home/airflow/.local/lib/python3.12/site-packages/airflow/example_dags/example_bash_operator.py
[2024-11-05T10:37:13.863+0000] {processor.py:925} INFO - DAG(s) 'example_bash_operator' retrieved from /home/airflow/.local/lib/python3.12/site-packages/airflow/example_dags/example_bash_operator.py
[2024-11-05T10:37:14.145+0000] {logging_mixin.py:190} INFO - [2024-11-05T10:37:14.144+0000] {override.py:1900} INFO - Created Permission View: can delete on DAG:example_bash_operator
[2024-11-05T10:37:14.160+0000] {logging_mixin.py:190} INFO - [2024-11-05T10:37:14.160+0000] {override.py:1900} INFO - Created Permission View: can read on DAG:example_bash_operator
[2024-11-05T10:37:14.170+0000] {logging_mixin.py:190} INFO - [2024-11-05T10:37:14.170+0000] {override.py:1900} INFO - Created Permission View: can edit on DAG:example_bash_operator
[2024-11-05T10:37:14.181+0000] {logging_mixin.py:190} INFO - [2024-11-05T10:37:14.180+0000] {override.py:1900} INFO - Created Permission View: can delete on DAG Run:example_bash_operator
[2024-11-05T10:37:14.191+0000] {logging_mixin.py:190} INFO - [2024-11-05T10:37:14.190+0000] {override.py:1900} INFO - Created Permission View: can create on DAG Run:example_bash_operator
[2024-11-05T10:37:14.200+0000] {logging_mixin.py:190} INFO - [2024-11-05T10:37:14.200+0000] {override.py:1900} INFO - Created Permission View: can read on DAG Run:example_bash_operator
[2024-11-05T10:37:14.211+0000] {logging_mixin.py:190} INFO - [2024-11-05T10:37:14.210+0000] {override.py:1900} INFO - Created Permission View: menu access on DAG Run:example_bash_operator
[2024-11-05T10:37:14.211+0000] {logging_mixin.py:190} INFO - [2024-11-05T10:37:14.211+0000] {dag.py:3239} INFO - Sync 1 DAGs
[2024-11-05T10:37:14.228+0000] {logging_mixin.py:190} INFO - [2024-11-05T10:37:14.228+0000] {dag.py:3262} INFO - Creating ORM DAG for example_bash_operator
[2024-11-05T10:37:14.245+0000] {logging_mixin.py:190} INFO - [2024-11-05T10:37:14.244+0000] {dag.py:4180} INFO - Setting next_dagrun for example_bash_operator to 2024-11-04 00:00:00+00:00, run_after=2024-11-05 00:00:00+00:00
[2024-11-05T10:37:14.274+0000] {processor.py:208} INFO - Processing /home/airflow/.local/lib/python3.12/site-packages/airflow/example_dags/example_bash_operator.py took 0.455 seconds
[2024-11-05T10:37:44.676+0000] {processor.py:186} INFO - Started process (PID=166) to work on /home/airflow/.local/lib/python3.12/site-packages/airflow/example_dags/example_bash_operator.py
[2024-11-05T10:37:44.678+0000] {processor.py:914} INFO - Processing file /home/airflow/.local/lib/python3.12/site-packages/airflow/example_dags/example_bash_operator.py for tasks to queue
[2024-11-05T10:37:44.680+0000] {logging_mixin.py:190} INFO - [2024-11-05T10:37:44.679+0000] {dagbag.py:588} INFO - Filling up the DagBag from /home/airflow/.local/lib/python3.12/site-packages/airflow/example_dags/example_bash_operator.py
[2024-11-05T10:37:44.694+0000] {processor.py:925} INFO - DAG(s) 'example_bash_operator' retrieved from /home/airflow/.local/lib/python3.12/site-packages/airflow/example_dags/example_bash_operator.py
[2024-11-05T10:37:44.724+0000] {logging_mixin.py:190} INFO - [2024-11-05T10:37:44.724+0000] {dag.py:3239} INFO - Sync 1 DAGs
[2024-11-05T10:37:44.753+0000] {logging_mixin.py:190} INFO - [2024-11-05T10:37:44.752+0000] {dag.py:4180} INFO - Setting next_dagrun for example_bash_operator to 2024-11-04 00:00:00+00:00, run_after=2024-11-05 00:00:00+00:00
[2024-11-05T10:37:44.774+0000] {processor.py:208} INFO - Processing /home/airflow/.local/lib/python3.12/site-packages/airflow/example_dags/example_bash_operator.py took 0.104 seconds
[2024-11-05T10:38:15.085+0000] {processor.py:186} INFO - Started process (PID=229) to work on /home/airflow/.local/lib/python3.12/site-packages/airflow/example_dags/example_bash_operator.py
[2024-11-05T10:38:15.085+0000] {processor.py:914} INFO - Processing file /home/airflow/.local/lib/python3.12/site-packages/airflow/example_dags/example_bash_operator.py for tasks to queue
[2024-11-05T10:38:15.088+0000] {logging_mixin.py:190} INFO - [2024-11-05T10:38:15.088+0000] {dagbag.py:588} INFO - Filling up the DagBag from /home/airflow/.local/lib/python3.12/site-packages/airflow/example_dags/example_bash_operator.py
[2024-11-05T10:38:15.102+0000] {processor.py:925} INFO - DAG(s) 'example_bash_operator' retrieved from /home/airflow/.local/lib/python3.12/site-packages/airflow/example_dags/example_bash_operator.py
[2024-11-05T10:38:15.144+0000] {logging_mixin.py:190} INFO - [2024-11-05T10:38:15.144+0000] {dag.py:3239} INFO - Sync 1 DAGs
[2024-11-05T10:38:15.174+0000] {logging_mixin.py:190} INFO - [2024-11-05T10:38:15.174+0000] {dag.py:4180} INFO - Setting next_dagrun for example_bash_operator to 2024-11-04 00:00:00+00:00, run_after=2024-11-05 00:00:00+00:00
[2024-11-05T10:38:15.201+0000] {processor.py:208} INFO - Processing /home/airflow/.local/lib/python3.12/site-packages/airflow/example_dags/example_bash_operator.py took 0.125 seconds
[2024-11-05T10:38:45.797+0000] {processor.py:186} INFO - Started process (PID=292) to work on /home/airflow/.local/lib/python3.12/site-packages/airflow/example_dags/example_bash_operator.py
[2024-11-05T10:38:45.800+0000] {processor.py:914} INFO - Processing file /home/airflow/.local/lib/python3.12/site-packages/airflow/example_dags/example_bash_operator.py for tasks to queue
[2024-11-05T10:38:45.804+0000] {logging_mixin.py:190} INFO - [2024-11-05T10:38:45.804+0000] {dagbag.py:588} INFO - Filling up the DagBag from /home/airflow/.local/lib/python3.12/site-packages/airflow/example_dags/example_bash_operator.py
[2024-11-05T10:38:45.825+0000] {processor.py:925} INFO - DAG(s) 'example_bash_operator' retrieved from /home/airflow/.local/lib/python3.12/site-packages/airflow/example_dags/example_bash_operator.py
[2024-11-05T10:38:45.881+0000] {logging_mixin.py:190} INFO - [2024-11-05T10:38:45.880+0000] {dag.py:3239} INFO - Sync 1 DAGs
[2024-11-05T10:38:45.930+0000] {logging_mixin.py:190} INFO - [2024-11-05T10:38:45.929+0000] {dag.py:4180} INFO - Setting next_dagrun for example_bash_operator to 2024-11-04 00:00:00+00:00, run_after=2024-11-05 00:00:00+00:00
[2024-11-05T10:38:45.959+0000] {processor.py:208} INFO - Processing /home/airflow/.local/lib/python3.12/site-packages/airflow/example_dags/example_bash_operator.py took 0.175 seconds
[2024-11-05T10:39:16.094+0000] {processor.py:186} INFO - Started process (PID=353) to work on /home/airflow/.local/lib/python3.12/site-packages/airflow/example_dags/example_bash_operator.py
[2024-11-05T10:39:16.095+0000] {processor.py:914} INFO - Processing file /home/airflow/.local/lib/python3.12/site-packages/airflow/example_dags/example_bash_operator.py for tasks to queue
[2024-11-05T10:39:16.098+0000] {logging_mixin.py:190} INFO - [2024-11-05T10:39:16.097+0000] {dagbag.py:588} INFO - Filling up the DagBag from /home/airflow/.local/lib/python3.12/site-packages/airflow/example_dags/example_bash_operator.py
[2024-11-05T10:39:16.111+0000] {processor.py:925} INFO - DAG(s) 'example_bash_operator' retrieved from /home/airflow/.local/lib/python3.12/site-packages/airflow/example_dags/example_bash_operator.py
[2024-11-05T10:39:16.139+0000] {logging_mixin.py:190} INFO - [2024-11-05T10:39:16.139+0000] {dag.py:3239} INFO - Sync 1 DAGs
[2024-11-05T10:39:16.166+0000] {logging_mixin.py:190} INFO - [2024-11-05T10:39:16.166+0000] {dag.py:4180} INFO - Setting next_dagrun for example_bash_operator to 2024-11-04 00:00:00+00:00, run_after=2024-11-05 00:00:00+00:00
[2024-11-05T10:39:16.187+0000] {processor.py:208} INFO - Processing /home/airflow/.local/lib/python3.12/site-packages/airflow/example_dags/example_bash_operator.py took 0.101 seconds
[2024-11-05T10:39:47.167+0000] {processor.py:186} INFO - Started process (PID=416) to work on /home/airflow/.local/lib/python3.12/site-packages/airflow/example_dags/example_bash_operator.py
[2024-11-05T10:39:47.168+0000] {processor.py:914} INFO - Processing file /home/airflow/.local/lib/python3.12/site-packages/airflow/example_dags/example_bash_operator.py for tasks to queue
[2024-11-05T10:39:47.172+0000] {logging_mixin.py:190} INFO - [2024-11-05T10:39:47.172+0000] {dagbag.py:588} INFO - Filling up the DagBag from /home/airflow/.local/lib/python3.12/site-packages/airflow/example_dags/example_bash_operator.py
[2024-11-05T10:39:47.197+0000] {processor.py:925} INFO - DAG(s) 'example_bash_operator' retrieved from /home/airflow/.local/lib/python3.12/site-packages/airflow/example_dags/example_bash_operator.py
[2024-11-05T10:39:47.249+0000] {logging_mixin.py:190} INFO - [2024-11-05T10:39:47.248+0000] {dag.py:3239} INFO - Sync 1 DAGs
[2024-11-05T10:39:47.293+0000] {logging_mixin.py:190} INFO - [2024-11-05T10:39:47.293+0000] {dag.py:4180} INFO - Setting next_dagrun for example_bash_operator to 2024-11-04 00:00:00+00:00, run_after=2024-11-05 00:00:00+00:00
[2024-11-05T10:39:47.322+0000] {processor.py:208} INFO - Processing /home/airflow/.local/lib/python3.12/site-packages/airflow/example_dags/example_bash_operator.py took 0.164 seconds
[2024-11-05T10:40:17.787+0000] {processor.py:186} INFO - Started process (PID=479) to work on /home/airflow/.local/lib/python3.12/site-packages/airflow/example_dags/example_bash_operator.py
[2024-11-05T10:40:17.789+0000] {processor.py:914} INFO - Processing file /home/airflow/.local/lib/python3.12/site-packages/airflow/example_dags/example_bash_operator.py for tasks to queue
[2024-11-05T10:40:17.791+0000] {logging_mixin.py:190} INFO - [2024-11-05T10:40:17.791+0000] {dagbag.py:588} INFO - Filling up the DagBag from /home/airflow/.local/lib/python3.12/site-packages/airflow/example_dags/example_bash_operator.py
[2024-11-05T10:40:17.804+0000] {processor.py:925} INFO - DAG(s) 'example_bash_operator' retrieved from /home/airflow/.local/lib/python3.12/site-packages/airflow/example_dags/example_bash_operator.py
[2024-11-05T10:40:17.835+0000] {logging_mixin.py:190} INFO - [2024-11-05T10:40:17.835+0000] {dag.py:3239} INFO - Sync 1 DAGs
[2024-11-05T10:40:17.864+0000] {logging_mixin.py:190} INFO - [2024-11-05T10:40:17.863+0000] {dag.py:4180} INFO - Setting next_dagrun for example_bash_operator to 2024-11-04 00:00:00+00:00, run_after=2024-11-05 00:00:00+00:00
[2024-11-05T10:40:17.884+0000] {processor.py:208} INFO - Processing /home/airflow/.local/lib/python3.12/site-packages/airflow/example_dags/example_bash_operator.py took 0.103 seconds
[2024-11-05T10:40:48.347+0000] {processor.py:186} INFO - Started process (PID=542) to work on /home/airflow/.local/lib/python3.12/site-packages/airflow/example_dags/example_bash_operator.py
[2024-11-05T10:40:48.348+0000] {processor.py:914} INFO - Processing file /home/airflow/.local/lib/python3.12/site-packages/airflow/example_dags/example_bash_operator.py for tasks to queue
[2024-11-05T10:40:48.351+0000] {logging_mixin.py:190} INFO - [2024-11-05T10:40:48.350+0000] {dagbag.py:588} INFO - Filling up the DagBag from /home/airflow/.local/lib/python3.12/site-packages/airflow/example_dags/example_bash_operator.py
[2024-11-05T10:40:48.364+0000] {processor.py:925} INFO - DAG(s) 'example_bash_operator' retrieved from /home/airflow/.local/lib/python3.12/site-packages/airflow/example_dags/example_bash_operator.py
[2024-11-05T10:40:48.397+0000] {logging_mixin.py:190} INFO - [2024-11-05T10:40:48.397+0000] {dag.py:3239} INFO - Sync 1 DAGs
[2024-11-05T10:40:48.431+0000] {logging_mixin.py:190} INFO - [2024-11-05T10:40:48.430+0000] {dag.py:4180} INFO - Setting next_dagrun for example_bash_operator to 2024-11-04 00:00:00+00:00, run_after=2024-11-05 00:00:00+00:00
[2024-11-05T10:40:48.454+0000] {processor.py:208} INFO - Processing /home/airflow/.local/lib/python3.12/site-packages/airflow/example_dags/example_bash_operator.py took 0.113 seconds
[2024-11-05T10:41:18.753+0000] {processor.py:186} INFO - Started process (PID=605) to work on /home/airflow/.local/lib/python3.12/site-packages/airflow/example_dags/example_bash_operator.py
[2024-11-05T10:41:18.754+0000] {processor.py:914} INFO - Processing file /home/airflow/.local/lib/python3.12/site-packages/airflow/example_dags/example_bash_operator.py for tasks to queue
[2024-11-05T10:41:18.756+0000] {logging_mixin.py:190} INFO - [2024-11-05T10:41:18.756+0000] {dagbag.py:588} INFO - Filling up the DagBag from /home/airflow/.local/lib/python3.12/site-packages/airflow/example_dags/example_bash_operator.py
[2024-11-05T10:41:18.769+0000] {processor.py:925} INFO - DAG(s) 'example_bash_operator' retrieved from /home/airflow/.local/lib/python3.12/site-packages/airflow/example_dags/example_bash_operator.py
[2024-11-05T10:41:18.797+0000] {logging_mixin.py:190} INFO - [2024-11-05T10:41:18.797+0000] {dag.py:3239} INFO - Sync 1 DAGs
[2024-11-05T10:41:18.826+0000] {logging_mixin.py:190} INFO - [2024-11-05T10:41:18.826+0000] {dag.py:4180} INFO - Setting next_dagrun for example_bash_operator to 2024-11-04 00:00:00+00:00, run_after=2024-11-05 00:00:00+00:00
[2024-11-05T10:41:18.851+0000] {processor.py:208} INFO - Processing /home/airflow/.local/lib/python3.12/site-packages/airflow/example_dags/example_bash_operator.py took 0.104 seconds
[2024-11-05T10:41:49.604+0000] {processor.py:186} INFO - Started process (PID=668) to work on /home/airflow/.local/lib/python3.12/site-packages/airflow/example_dags/example_bash_operator.py
[2024-11-05T10:41:49.605+0000] {processor.py:914} INFO - Processing file /home/airflow/.local/lib/python3.12/site-packages/airflow/example_dags/example_bash_operator.py for tasks to queue
[2024-11-05T10:41:49.607+0000] {logging_mixin.py:190} INFO - [2024-11-05T10:41:49.607+0000] {dagbag.py:588} INFO - Filling up the DagBag from /home/airflow/.local/lib/python3.12/site-packages/airflow/example_dags/example_bash_operator.py
[2024-11-05T10:41:49.620+0000] {processor.py:925} INFO - DAG(s) 'example_bash_operator' retrieved from /home/airflow/.local/lib/python3.12/site-packages/airflow/example_dags/example_bash_operator.py
[2024-11-05T10:41:49.650+0000] {logging_mixin.py:190} INFO - [2024-11-05T10:41:49.650+0000] {dag.py:3239} INFO - Sync 1 DAGs
[2024-11-05T10:41:49.684+0000] {logging_mixin.py:190} INFO - [2024-11-05T10:41:49.683+0000] {dag.py:4180} INFO - Setting next_dagrun for example_bash_operator to 2024-11-04 00:00:00+00:00, run_after=2024-11-05 00:00:00+00:00
[2024-11-05T10:41:49.705+0000] {processor.py:208} INFO - Processing /home/airflow/.local/lib/python3.12/site-packages/airflow/example_dags/example_bash_operator.py took 0.107 seconds
[2024-11-05T10:42:20.408+0000] {processor.py:186} INFO - Started process (PID=731) to work on /home/airflow/.local/lib/python3.12/site-packages/airflow/example_dags/example_bash_operator.py
[2024-11-05T10:42:20.409+0000] {processor.py:914} INFO - Processing file /home/airflow/.local/lib/python3.12/site-packages/airflow/example_dags/example_bash_operator.py for tasks to queue
[2024-11-05T10:42:20.411+0000] {logging_mixin.py:190} INFO - [2024-11-05T10:42:20.411+0000] {dagbag.py:588} INFO - Filling up the DagBag from /home/airflow/.local/lib/python3.12/site-packages/airflow/example_dags/example_bash_operator.py
[2024-11-05T10:42:20.426+0000] {processor.py:925} INFO - DAG(s) 'example_bash_operator' retrieved from /home/airflow/.local/lib/python3.12/site-packages/airflow/example_dags/example_bash_operator.py
[2024-11-05T10:42:20.462+0000] {logging_mixin.py:190} INFO - [2024-11-05T10:42:20.462+0000] {dag.py:3239} INFO - Sync 1 DAGs
[2024-11-05T10:42:20.492+0000] {logging_mixin.py:190} INFO - [2024-11-05T10:42:20.491+0000] {dag.py:4180} INFO - Setting next_dagrun for example_bash_operator to 2024-11-04 00:00:00+00:00, run_after=2024-11-05 00:00:00+00:00
[2024-11-05T10:42:20.512+0000] {processor.py:208} INFO - Processing /home/airflow/.local/lib/python3.12/site-packages/airflow/example_dags/example_bash_operator.py took 0.111 seconds
[2024-11-05T10:42:50.897+0000] {processor.py:186} INFO - Started process (PID=793) to work on /home/airflow/.local/lib/python3.12/site-packages/airflow/example_dags/example_bash_operator.py
[2024-11-05T10:42:50.898+0000] {processor.py:914} INFO - Processing file /home/airflow/.local/lib/python3.12/site-packages/airflow/example_dags/example_bash_operator.py for tasks to queue
[2024-11-05T10:42:50.901+0000] {logging_mixin.py:190} INFO - [2024-11-05T10:42:50.900+0000] {dagbag.py:588} INFO - Filling up the DagBag from /home/airflow/.local/lib/python3.12/site-packages/airflow/example_dags/example_bash_operator.py
[2024-11-05T10:42:50.916+0000] {processor.py:925} INFO - DAG(s) 'example_bash_operator' retrieved from /home/airflow/.local/lib/python3.12/site-packages/airflow/example_dags/example_bash_operator.py
[2024-11-05T10:42:50.948+0000] {logging_mixin.py:190} INFO - [2024-11-05T10:42:50.947+0000] {dag.py:3239} INFO - Sync 1 DAGs
[2024-11-05T10:42:50.981+0000] {logging_mixin.py:190} INFO - [2024-11-05T10:42:50.981+0000] {dag.py:4180} INFO - Setting next_dagrun for example_bash_operator to 2024-11-04 00:00:00+00:00, run_after=2024-11-05 00:00:00+00:00
[2024-11-05T10:42:51.001+0000] {processor.py:208} INFO - Processing /home/airflow/.local/lib/python3.12/site-packages/airflow/example_dags/example_bash_operator.py took 0.110 seconds
[2024-11-05T10:43:21.794+0000] {processor.py:186} INFO - Started process (PID=856) to work on /home/airflow/.local/lib/python3.12/site-packages/airflow/example_dags/example_bash_operator.py
[2024-11-05T10:43:21.796+0000] {processor.py:914} INFO - Processing file /home/airflow/.local/lib/python3.12/site-packages/airflow/example_dags/example_bash_operator.py for tasks to queue
[2024-11-05T10:43:21.799+0000] {logging_mixin.py:190} INFO - [2024-11-05T10:43:21.798+0000] {dagbag.py:588} INFO - Filling up the DagBag from /home/airflow/.local/lib/python3.12/site-packages/airflow/example_dags/example_bash_operator.py
[2024-11-05T10:43:21.818+0000] {processor.py:925} INFO - DAG(s) 'example_bash_operator' retrieved from /home/airflow/.local/lib/python3.12/site-packages/airflow/example_dags/example_bash_operator.py
[2024-11-05T10:43:21.855+0000] {logging_mixin.py:190} INFO - [2024-11-05T10:43:21.854+0000] {dag.py:3239} INFO - Sync 1 DAGs
[2024-11-05T10:43:21.887+0000] {logging_mixin.py:190} INFO - [2024-11-05T10:43:21.887+0000] {dag.py:4180} INFO - Setting next_dagrun for example_bash_operator to 2024-11-04 00:00:00+00:00, run_after=2024-11-05 00:00:00+00:00
[2024-11-05T10:43:21.914+0000] {processor.py:208} INFO - Processing /home/airflow/.local/lib/python3.12/site-packages/airflow/example_dags/example_bash_operator.py took 0.127 seconds
[2024-11-05T10:43:52.345+0000] {processor.py:186} INFO - Started process (PID=920) to work on /home/airflow/.local/lib/python3.12/site-packages/airflow/example_dags/example_bash_operator.py
[2024-11-05T10:43:52.346+0000] {processor.py:914} INFO - Processing file /home/airflow/.local/lib/python3.12/site-packages/airflow/example_dags/example_bash_operator.py for tasks to queue
[2024-11-05T10:43:52.349+0000] {logging_mixin.py:190} INFO - [2024-11-05T10:43:52.348+0000] {dagbag.py:588} INFO - Filling up the DagBag from /home/airflow/.local/lib/python3.12/site-packages/airflow/example_dags/example_bash_operator.py
[2024-11-05T10:43:52.367+0000] {processor.py:925} INFO - DAG(s) 'example_bash_operator' retrieved from /home/airflow/.local/lib/python3.12/site-packages/airflow/example_dags/example_bash_operator.py
[2024-11-05T10:43:52.397+0000] {logging_mixin.py:190} INFO - [2024-11-05T10:43:52.397+0000] {dag.py:3239} INFO - Sync 1 DAGs
[2024-11-05T10:43:52.425+0000] {logging_mixin.py:190} INFO - [2024-11-05T10:43:52.425+0000] {dag.py:4180} INFO - Setting next_dagrun for example_bash_operator to 2024-11-04 00:00:00+00:00, run_after=2024-11-05 00:00:00+00:00
[2024-11-05T10:43:52.446+0000] {processor.py:208} INFO - Processing /home/airflow/.local/lib/python3.12/site-packages/airflow/example_dags/example_bash_operator.py took 0.109 seconds
[2024-11-05T10:44:23.343+0000] {processor.py:186} INFO - Started process (PID=984) to work on /home/airflow/.local/lib/python3.12/site-packages/airflow/example_dags/example_bash_operator.py
[2024-11-05T10:44:23.345+0000] {processor.py:914} INFO - Processing file /home/airflow/.local/lib/python3.12/site-packages/airflow/example_dags/example_bash_operator.py for tasks to queue
[2024-11-05T10:44:23.348+0000] {logging_mixin.py:190} INFO - [2024-11-05T10:44:23.348+0000] {dagbag.py:588} INFO - Filling up the DagBag from /home/airflow/.local/lib/python3.12/site-packages/airflow/example_dags/example_bash_operator.py
[2024-11-05T10:44:23.374+0000] {processor.py:925} INFO - DAG(s) 'example_bash_operator' retrieved from /home/airflow/.local/lib/python3.12/site-packages/airflow/example_dags/example_bash_operator.py
[2024-11-05T10:44:23.427+0000] {logging_mixin.py:190} INFO - [2024-11-05T10:44:23.427+0000] {dag.py:3239} INFO - Sync 1 DAGs
[2024-11-05T10:44:23.476+0000] {logging_mixin.py:190} INFO - [2024-11-05T10:44:23.476+0000] {dag.py:4180} INFO - Setting next_dagrun for example_bash_operator to 2024-11-04 00:00:00+00:00, run_after=2024-11-05 00:00:00+00:00
[2024-11-05T10:44:23.512+0000] {processor.py:208} INFO - Processing /home/airflow/.local/lib/python3.12/site-packages/airflow/example_dags/example_bash_operator.py took 0.178 seconds
[2024-11-05T10:44:54.188+0000] {processor.py:186} INFO - Started process (PID=1047) to work on /home/airflow/.local/lib/python3.12/site-packages/airflow/example_dags/example_bash_operator.py
[2024-11-05T10:44:54.190+0000] {processor.py:914} INFO - Processing file /home/airflow/.local/lib/python3.12/site-packages/airflow/example_dags/example_bash_operator.py for tasks to queue
[2024-11-05T10:44:54.192+0000] {logging_mixin.py:190} INFO - [2024-11-05T10:44:54.192+0000] {dagbag.py:588} INFO - Filling up the DagBag from /home/airflow/.local/lib/python3.12/site-packages/airflow/example_dags/example_bash_operator.py
[2024-11-05T10:44:54.208+0000] {processor.py:925} INFO - DAG(s) 'example_bash_operator' retrieved from /home/airflow/.local/lib/python3.12/site-packages/airflow/example_dags/example_bash_operator.py
[2024-11-05T10:44:54.242+0000] {logging_mixin.py:190} INFO - [2024-11-05T10:44:54.242+0000] {dag.py:3239} INFO - Sync 1 DAGs
[2024-11-05T10:44:54.275+0000] {logging_mixin.py:190} INFO - [2024-11-05T10:44:54.275+0000] {dag.py:4180} INFO - Setting next_dagrun for example_bash_operator to 2024-11-04 00:00:00+00:00, run_after=2024-11-05 00:00:00+00:00
[2024-11-05T10:44:54.299+0000] {processor.py:208} INFO - Processing /home/airflow/.local/lib/python3.12/site-packages/airflow/example_dags/example_bash_operator.py took 0.117 seconds
[2024-11-05T10:45:24.489+0000] {processor.py:186} INFO - Started process (PID=1109) to work on /home/airflow/.local/lib/python3.12/site-packages/airflow/example_dags/example_bash_operator.py
[2024-11-05T10:45:24.490+0000] {processor.py:914} INFO - Processing file /home/airflow/.local/lib/python3.12/site-packages/airflow/example_dags/example_bash_operator.py for tasks to queue
[2024-11-05T10:45:24.493+0000] {logging_mixin.py:190} INFO - [2024-11-05T10:45:24.493+0000] {dagbag.py:588} INFO - Filling up the DagBag from /home/airflow/.local/lib/python3.12/site-packages/airflow/example_dags/example_bash_operator.py
[2024-11-05T10:45:24.509+0000] {processor.py:925} INFO - DAG(s) 'example_bash_operator' retrieved from /home/airflow/.local/lib/python3.12/site-packages/airflow/example_dags/example_bash_operator.py
[2024-11-05T10:45:24.550+0000] {logging_mixin.py:190} INFO - [2024-11-05T10:45:24.550+0000] {dag.py:3239} INFO - Sync 1 DAGs
[2024-11-05T10:45:24.583+0000] {logging_mixin.py:190} INFO - [2024-11-05T10:45:24.583+0000] {dag.py:4180} INFO - Setting next_dagrun for example_bash_operator to 2024-11-04 00:00:00+00:00, run_after=2024-11-05 00:00:00+00:00
[2024-11-05T10:45:24.610+0000] {processor.py:208} INFO - Processing /home/airflow/.local/lib/python3.12/site-packages/airflow/example_dags/example_bash_operator.py took 0.128 seconds
[2024-11-05T10:45:54.746+0000] {processor.py:186} INFO - Started process (PID=1172) to work on /home/airflow/.local/lib/python3.12/site-packages/airflow/example_dags/example_bash_operator.py
[2024-11-05T10:45:54.747+0000] {processor.py:914} INFO - Processing file /home/airflow/.local/lib/python3.12/site-packages/airflow/example_dags/example_bash_operator.py for tasks to queue
[2024-11-05T10:45:54.749+0000] {logging_mixin.py:190} INFO - [2024-11-05T10:45:54.749+0000] {dagbag.py:588} INFO - Filling up the DagBag from /home/airflow/.local/lib/python3.12/site-packages/airflow/example_dags/example_bash_operator.py
[2024-11-05T10:45:54.767+0000] {processor.py:925} INFO - DAG(s) 'example_bash_operator' retrieved from /home/airflow/.local/lib/python3.12/site-packages/airflow/example_dags/example_bash_operator.py
[2024-11-05T10:45:54.801+0000] {logging_mixin.py:190} INFO - [2024-11-05T10:45:54.800+0000] {dag.py:3239} INFO - Sync 1 DAGs
[2024-11-05T10:45:54.835+0000] {logging_mixin.py:190} INFO - [2024-11-05T10:45:54.835+0000] {dag.py:4180} INFO - Setting next_dagrun for example_bash_operator to 2024-11-04 00:00:00+00:00, run_after=2024-11-05 00:00:00+00:00
[2024-11-05T10:45:54.858+0000] {processor.py:208} INFO - Processing /home/airflow/.local/lib/python3.12/site-packages/airflow/example_dags/example_bash_operator.py took 0.118 seconds
[2024-11-05T10:46:25.107+0000] {processor.py:186} INFO - Started process (PID=1234) to work on /home/airflow/.local/lib/python3.12/site-packages/airflow/example_dags/example_bash_operator.py
[2024-11-05T10:46:25.109+0000] {processor.py:914} INFO - Processing file /home/airflow/.local/lib/python3.12/site-packages/airflow/example_dags/example_bash_operator.py for tasks to queue
[2024-11-05T10:46:25.111+0000] {logging_mixin.py:190} INFO - [2024-11-05T10:46:25.110+0000] {dagbag.py:588} INFO - Filling up the DagBag from /home/airflow/.local/lib/python3.12/site-packages/airflow/example_dags/example_bash_operator.py
[2024-11-05T10:46:25.127+0000] {processor.py:925} INFO - DAG(s) 'example_bash_operator' retrieved from /home/airflow/.local/lib/python3.12/site-packages/airflow/example_dags/example_bash_operator.py
[2024-11-05T10:46:25.171+0000] {logging_mixin.py:190} INFO - [2024-11-05T10:46:25.171+0000] {dag.py:3239} INFO - Sync 1 DAGs
[2024-11-05T10:46:25.208+0000] {logging_mixin.py:190} INFO - [2024-11-05T10:46:25.208+0000] {dag.py:4180} INFO - Setting next_dagrun for example_bash_operator to 2024-11-04 00:00:00+00:00, run_after=2024-11-05 00:00:00+00:00
[2024-11-05T10:46:25.236+0000] {processor.py:208} INFO - Processing /home/airflow/.local/lib/python3.12/site-packages/airflow/example_dags/example_bash_operator.py took 0.135 seconds
[2024-11-05T10:46:56.785+0000] {processor.py:186} INFO - Started process (PID=1297) to work on /home/airflow/.local/lib/python3.12/site-packages/airflow/example_dags/example_bash_operator.py
[2024-11-05T10:46:56.786+0000] {processor.py:914} INFO - Processing file /home/airflow/.local/lib/python3.12/site-packages/airflow/example_dags/example_bash_operator.py for tasks to queue
[2024-11-05T10:46:56.790+0000] {logging_mixin.py:190} INFO - [2024-11-05T10:46:56.789+0000] {dagbag.py:588} INFO - Filling up the DagBag from /home/airflow/.local/lib/python3.12/site-packages/airflow/example_dags/example_bash_operator.py
[2024-11-05T10:46:56.805+0000] {processor.py:925} INFO - DAG(s) 'example_bash_operator' retrieved from /home/airflow/.local/lib/python3.12/site-packages/airflow/example_dags/example_bash_operator.py
[2024-11-05T10:46:56.838+0000] {logging_mixin.py:190} INFO - [2024-11-05T10:46:56.838+0000] {dag.py:3239} INFO - Sync 1 DAGs
[2024-11-05T10:46:56.870+0000] {logging_mixin.py:190} INFO - [2024-11-05T10:46:56.870+0000] {dag.py:4180} INFO - Setting next_dagrun for example_bash_operator to 2024-11-04 00:00:00+00:00, run_after=2024-11-05 00:00:00+00:00
[2024-11-05T10:46:56.896+0000] {processor.py:208} INFO - Processing /home/airflow/.local/lib/python3.12/site-packages/airflow/example_dags/example_bash_operator.py took 0.122 seconds
[2024-11-05T10:47:27.698+0000] {processor.py:186} INFO - Started process (PID=1361) to work on /home/airflow/.local/lib/python3.12/site-packages/airflow/example_dags/example_bash_operator.py
[2024-11-05T10:47:27.700+0000] {processor.py:914} INFO - Processing file /home/airflow/.local/lib/python3.12/site-packages/airflow/example_dags/example_bash_operator.py for tasks to queue
[2024-11-05T10:47:27.704+0000] {logging_mixin.py:190} INFO - [2024-11-05T10:47:27.703+0000] {dagbag.py:588} INFO - Filling up the DagBag from /home/airflow/.local/lib/python3.12/site-packages/airflow/example_dags/example_bash_operator.py
[2024-11-05T10:47:27.723+0000] {processor.py:925} INFO - DAG(s) 'example_bash_operator' retrieved from /home/airflow/.local/lib/python3.12/site-packages/airflow/example_dags/example_bash_operator.py
[2024-11-05T10:47:27.765+0000] {logging_mixin.py:190} INFO - [2024-11-05T10:47:27.765+0000] {dag.py:3239} INFO - Sync 1 DAGs
[2024-11-05T10:47:27.801+0000] {logging_mixin.py:190} INFO - [2024-11-05T10:47:27.801+0000] {dag.py:4180} INFO - Setting next_dagrun for example_bash_operator to 2024-11-04 00:00:00+00:00, run_after=2024-11-05 00:00:00+00:00
[2024-11-05T10:47:27.826+0000] {processor.py:208} INFO - Processing /home/airflow/.local/lib/python3.12/site-packages/airflow/example_dags/example_bash_operator.py took 0.136 seconds
[2024-11-05T10:47:58.917+0000] {processor.py:186} INFO - Started process (PID=1429) to work on /home/airflow/.local/lib/python3.12/site-packages/airflow/example_dags/example_bash_operator.py
[2024-11-05T10:47:58.918+0000] {processor.py:914} INFO - Processing file /home/airflow/.local/lib/python3.12/site-packages/airflow/example_dags/example_bash_operator.py for tasks to queue
[2024-11-05T10:47:58.920+0000] {logging_mixin.py:190} INFO - [2024-11-05T10:47:58.920+0000] {dagbag.py:588} INFO - Filling up the DagBag from /home/airflow/.local/lib/python3.12/site-packages/airflow/example_dags/example_bash_operator.py
[2024-11-05T10:47:58.939+0000] {processor.py:925} INFO - DAG(s) 'example_bash_operator' retrieved from /home/airflow/.local/lib/python3.12/site-packages/airflow/example_dags/example_bash_operator.py
[2024-11-05T10:47:58.981+0000] {logging_mixin.py:190} INFO - [2024-11-05T10:47:58.981+0000] {dag.py:3239} INFO - Sync 1 DAGs
[2024-11-05T10:47:59.030+0000] {logging_mixin.py:190} INFO - [2024-11-05T10:47:59.030+0000] {dag.py:4180} INFO - Setting next_dagrun for example_bash_operator to 2024-11-04 00:00:00+00:00, run_after=2024-11-05 00:00:00+00:00
[2024-11-05T10:47:59.063+0000] {processor.py:208} INFO - Processing /home/airflow/.local/lib/python3.12/site-packages/airflow/example_dags/example_bash_operator.py took 0.155 seconds
[2024-11-05T10:48:29.846+0000] {processor.py:186} INFO - Started process (PID=1492) to work on /home/airflow/.local/lib/python3.12/site-packages/airflow/example_dags/example_bash_operator.py
[2024-11-05T10:48:29.847+0000] {processor.py:914} INFO - Processing file /home/airflow/.local/lib/python3.12/site-packages/airflow/example_dags/example_bash_operator.py for tasks to queue
[2024-11-05T10:48:29.849+0000] {logging_mixin.py:190} INFO - [2024-11-05T10:48:29.849+0000] {dagbag.py:588} INFO - Filling up the DagBag from /home/airflow/.local/lib/python3.12/site-packages/airflow/example_dags/example_bash_operator.py
[2024-11-05T10:48:29.863+0000] {processor.py:925} INFO - DAG(s) 'example_bash_operator' retrieved from /home/airflow/.local/lib/python3.12/site-packages/airflow/example_dags/example_bash_operator.py
[2024-11-05T10:48:29.900+0000] {logging_mixin.py:190} INFO - [2024-11-05T10:48:29.899+0000] {dag.py:3239} INFO - Sync 1 DAGs
[2024-11-05T10:48:29.930+0000] {logging_mixin.py:190} INFO - [2024-11-05T10:48:29.930+0000] {dag.py:4180} INFO - Setting next_dagrun for example_bash_operator to 2024-11-04 00:00:00+00:00, run_after=2024-11-05 00:00:00+00:00
[2024-11-05T10:48:29.949+0000] {processor.py:208} INFO - Processing /home/airflow/.local/lib/python3.12/site-packages/airflow/example_dags/example_bash_operator.py took 0.110 seconds
[2024-11-05T10:49:04.841+0000] {processor.py:186} INFO - Started process (PID=1554) to work on /home/airflow/.local/lib/python3.12/site-packages/airflow/example_dags/example_bash_operator.py
[2024-11-05T10:49:04.844+0000] {processor.py:914} INFO - Processing file /home/airflow/.local/lib/python3.12/site-packages/airflow/example_dags/example_bash_operator.py for tasks to queue
[2024-11-05T10:49:04.849+0000] {logging_mixin.py:190} INFO - [2024-11-05T10:49:04.848+0000] {dagbag.py:588} INFO - Filling up the DagBag from /home/airflow/.local/lib/python3.12/site-packages/airflow/example_dags/example_bash_operator.py
[2024-11-05T10:49:04.877+0000] {processor.py:925} INFO - DAG(s) 'example_bash_operator' retrieved from /home/airflow/.local/lib/python3.12/site-packages/airflow/example_dags/example_bash_operator.py
[2024-11-05T10:49:04.950+0000] {logging_mixin.py:190} INFO - [2024-11-05T10:49:04.950+0000] {dag.py:3239} INFO - Sync 1 DAGs
[2024-11-05T10:49:05.006+0000] {logging_mixin.py:190} INFO - [2024-11-05T10:49:05.005+0000] {dag.py:4180} INFO - Setting next_dagrun for example_bash_operator to 2024-11-04 00:00:00+00:00, run_after=2024-11-05 00:00:00+00:00
[2024-11-05T10:49:05.071+0000] {processor.py:208} INFO - Processing /home/airflow/.local/lib/python3.12/site-packages/airflow/example_dags/example_bash_operator.py took 0.241 seconds
[2024-11-05T10:49:35.240+0000] {processor.py:186} INFO - Started process (PID=1617) to work on /home/airflow/.local/lib/python3.12/site-packages/airflow/example_dags/example_bash_operator.py
[2024-11-05T10:49:35.241+0000] {processor.py:914} INFO - Processing file /home/airflow/.local/lib/python3.12/site-packages/airflow/example_dags/example_bash_operator.py for tasks to queue
[2024-11-05T10:49:35.244+0000] {logging_mixin.py:190} INFO - [2024-11-05T10:49:35.243+0000] {dagbag.py:588} INFO - Filling up the DagBag from /home/airflow/.local/lib/python3.12/site-packages/airflow/example_dags/example_bash_operator.py
[2024-11-05T10:49:35.261+0000] {processor.py:925} INFO - DAG(s) 'example_bash_operator' retrieved from /home/airflow/.local/lib/python3.12/site-packages/airflow/example_dags/example_bash_operator.py
[2024-11-05T10:49:35.292+0000] {logging_mixin.py:190} INFO - [2024-11-05T10:49:35.292+0000] {dag.py:3239} INFO - Sync 1 DAGs
[2024-11-05T10:49:35.328+0000] {logging_mixin.py:190} INFO - [2024-11-05T10:49:35.328+0000] {dag.py:4180} INFO - Setting next_dagrun for example_bash_operator to 2024-11-04 00:00:00+00:00, run_after=2024-11-05 00:00:00+00:00
[2024-11-05T10:49:35.357+0000] {processor.py:208} INFO - Processing /home/airflow/.local/lib/python3.12/site-packages/airflow/example_dags/example_bash_operator.py took 0.125 seconds
[2024-11-05T10:50:05.985+0000] {processor.py:186} INFO - Started process (PID=1680) to work on /home/airflow/.local/lib/python3.12/site-packages/airflow/example_dags/example_bash_operator.py
[2024-11-05T10:50:05.986+0000] {processor.py:914} INFO - Processing file /home/airflow/.local/lib/python3.12/site-packages/airflow/example_dags/example_bash_operator.py for tasks to queue
[2024-11-05T10:50:05.991+0000] {logging_mixin.py:190} INFO - [2024-11-05T10:50:05.991+0000] {dagbag.py:588} INFO - Filling up the DagBag from /home/airflow/.local/lib/python3.12/site-packages/airflow/example_dags/example_bash_operator.py
[2024-11-05T10:50:06.016+0000] {processor.py:925} INFO - DAG(s) 'example_bash_operator' retrieved from /home/airflow/.local/lib/python3.12/site-packages/airflow/example_dags/example_bash_operator.py
[2024-11-05T10:50:06.064+0000] {logging_mixin.py:190} INFO - [2024-11-05T10:50:06.064+0000] {dag.py:3239} INFO - Sync 1 DAGs
[2024-11-05T10:50:06.110+0000] {logging_mixin.py:190} INFO - [2024-11-05T10:50:06.110+0000] {dag.py:4180} INFO - Setting next_dagrun for example_bash_operator to 2024-11-04 00:00:00+00:00, run_after=2024-11-05 00:00:00+00:00
[2024-11-05T10:50:06.141+0000] {processor.py:208} INFO - Processing /home/airflow/.local/lib/python3.12/site-packages/airflow/example_dags/example_bash_operator.py took 0.165 seconds
[2024-11-05T10:50:36.538+0000] {processor.py:186} INFO - Started process (PID=1742) to work on /home/airflow/.local/lib/python3.12/site-packages/airflow/example_dags/example_bash_operator.py
[2024-11-05T10:50:36.540+0000] {processor.py:914} INFO - Processing file /home/airflow/.local/lib/python3.12/site-packages/airflow/example_dags/example_bash_operator.py for tasks to queue
[2024-11-05T10:50:36.543+0000] {logging_mixin.py:190} INFO - [2024-11-05T10:50:36.542+0000] {dagbag.py:588} INFO - Filling up the DagBag from /home/airflow/.local/lib/python3.12/site-packages/airflow/example_dags/example_bash_operator.py
[2024-11-05T10:50:36.569+0000] {processor.py:925} INFO - DAG(s) 'example_bash_operator' retrieved from /home/airflow/.local/lib/python3.12/site-packages/airflow/example_dags/example_bash_operator.py
[2024-11-05T10:50:36.620+0000] {logging_mixin.py:190} INFO - [2024-11-05T10:50:36.619+0000] {dag.py:3239} INFO - Sync 1 DAGs
[2024-11-05T10:50:36.666+0000] {logging_mixin.py:190} INFO - [2024-11-05T10:50:36.665+0000] {dag.py:4180} INFO - Setting next_dagrun for example_bash_operator to 2024-11-04 00:00:00+00:00, run_after=2024-11-05 00:00:00+00:00
[2024-11-05T10:50:36.705+0000] {processor.py:208} INFO - Processing /home/airflow/.local/lib/python3.12/site-packages/airflow/example_dags/example_bash_operator.py took 0.176 seconds
[2024-11-05T10:51:07.509+0000] {processor.py:186} INFO - Started process (PID=1805) to work on /home/airflow/.local/lib/python3.12/site-packages/airflow/example_dags/example_bash_operator.py
[2024-11-05T10:51:07.511+0000] {processor.py:914} INFO - Processing file /home/airflow/.local/lib/python3.12/site-packages/airflow/example_dags/example_bash_operator.py for tasks to queue
[2024-11-05T10:51:07.513+0000] {logging_mixin.py:190} INFO - [2024-11-05T10:51:07.513+0000] {dagbag.py:588} INFO - Filling up the DagBag from /home/airflow/.local/lib/python3.12/site-packages/airflow/example_dags/example_bash_operator.py
[2024-11-05T10:51:07.537+0000] {processor.py:925} INFO - DAG(s) 'example_bash_operator' retrieved from /home/airflow/.local/lib/python3.12/site-packages/airflow/example_dags/example_bash_operator.py
[2024-11-05T10:51:07.595+0000] {logging_mixin.py:190} INFO - [2024-11-05T10:51:07.595+0000] {dag.py:3239} INFO - Sync 1 DAGs
[2024-11-05T10:51:07.641+0000] {logging_mixin.py:190} INFO - [2024-11-05T10:51:07.641+0000] {dag.py:4180} INFO - Setting next_dagrun for example_bash_operator to 2024-11-04 00:00:00+00:00, run_after=2024-11-05 00:00:00+00:00
[2024-11-05T10:51:07.676+0000] {processor.py:208} INFO - Processing /home/airflow/.local/lib/python3.12/site-packages/airflow/example_dags/example_bash_operator.py took 0.176 seconds
[2024-11-05T10:51:38.273+0000] {processor.py:186} INFO - Started process (PID=1868) to work on /home/airflow/.local/lib/python3.12/site-packages/airflow/example_dags/example_bash_operator.py
[2024-11-05T10:51:38.275+0000] {processor.py:914} INFO - Processing file /home/airflow/.local/lib/python3.12/site-packages/airflow/example_dags/example_bash_operator.py for tasks to queue
[2024-11-05T10:51:38.278+0000] {logging_mixin.py:190} INFO - [2024-11-05T10:51:38.278+0000] {dagbag.py:588} INFO - Filling up the DagBag from /home/airflow/.local/lib/python3.12/site-packages/airflow/example_dags/example_bash_operator.py
[2024-11-05T10:51:38.297+0000] {processor.py:925} INFO - DAG(s) 'example_bash_operator' retrieved from /home/airflow/.local/lib/python3.12/site-packages/airflow/example_dags/example_bash_operator.py
[2024-11-05T10:51:38.331+0000] {logging_mixin.py:190} INFO - [2024-11-05T10:51:38.331+0000] {dag.py:3239} INFO - Sync 1 DAGs
[2024-11-05T10:51:38.361+0000] {logging_mixin.py:190} INFO - [2024-11-05T10:51:38.361+0000] {dag.py:4180} INFO - Setting next_dagrun for example_bash_operator to 2024-11-04 00:00:00+00:00, run_after=2024-11-05 00:00:00+00:00
[2024-11-05T10:51:38.382+0000] {processor.py:208} INFO - Processing /home/airflow/.local/lib/python3.12/site-packages/airflow/example_dags/example_bash_operator.py took 0.116 seconds
[2024-11-05T10:52:09.420+0000] {processor.py:186} INFO - Started process (PID=1932) to work on /home/airflow/.local/lib/python3.12/site-packages/airflow/example_dags/example_bash_operator.py
[2024-11-05T10:52:09.422+0000] {processor.py:914} INFO - Processing file /home/airflow/.local/lib/python3.12/site-packages/airflow/example_dags/example_bash_operator.py for tasks to queue
[2024-11-05T10:52:09.427+0000] {logging_mixin.py:190} INFO - [2024-11-05T10:52:09.427+0000] {dagbag.py:588} INFO - Filling up the DagBag from /home/airflow/.local/lib/python3.12/site-packages/airflow/example_dags/example_bash_operator.py
[2024-11-05T10:52:09.455+0000] {processor.py:925} INFO - DAG(s) 'example_bash_operator' retrieved from /home/airflow/.local/lib/python3.12/site-packages/airflow/example_dags/example_bash_operator.py
[2024-11-05T10:52:09.515+0000] {logging_mixin.py:190} INFO - [2024-11-05T10:52:09.515+0000] {dag.py:3239} INFO - Sync 1 DAGs
[2024-11-05T10:52:09.579+0000] {logging_mixin.py:190} INFO - [2024-11-05T10:52:09.578+0000] {dag.py:4180} INFO - Setting next_dagrun for example_bash_operator to 2024-11-04 00:00:00+00:00, run_after=2024-11-05 00:00:00+00:00
[2024-11-05T10:52:09.630+0000] {processor.py:208} INFO - Processing /home/airflow/.local/lib/python3.12/site-packages/airflow/example_dags/example_bash_operator.py took 0.219 seconds
[2024-11-05T10:52:41.021+0000] {processor.py:186} INFO - Started process (PID=1995) to work on /home/airflow/.local/lib/python3.12/site-packages/airflow/example_dags/example_bash_operator.py
[2024-11-05T10:52:41.022+0000] {processor.py:914} INFO - Processing file /home/airflow/.local/lib/python3.12/site-packages/airflow/example_dags/example_bash_operator.py for tasks to queue
[2024-11-05T10:52:41.026+0000] {logging_mixin.py:190} INFO - [2024-11-05T10:52:41.025+0000] {dagbag.py:588} INFO - Filling up the DagBag from /home/airflow/.local/lib/python3.12/site-packages/airflow/example_dags/example_bash_operator.py
[2024-11-05T10:52:41.045+0000] {processor.py:925} INFO - DAG(s) 'example_bash_operator' retrieved from /home/airflow/.local/lib/python3.12/site-packages/airflow/example_dags/example_bash_operator.py
[2024-11-05T10:52:41.094+0000] {logging_mixin.py:190} INFO - [2024-11-05T10:52:41.094+0000] {dag.py:3239} INFO - Sync 1 DAGs
[2024-11-05T10:52:41.145+0000] {logging_mixin.py:190} INFO - [2024-11-05T10:52:41.145+0000] {dag.py:4180} INFO - Setting next_dagrun for example_bash_operator to 2024-11-04 00:00:00+00:00, run_after=2024-11-05 00:00:00+00:00
[2024-11-05T10:52:41.175+0000] {processor.py:208} INFO - Processing /home/airflow/.local/lib/python3.12/site-packages/airflow/example_dags/example_bash_operator.py took 0.165 seconds
[2024-11-05T10:53:12.637+0000] {processor.py:186} INFO - Started process (PID=2058) to work on /home/airflow/.local/lib/python3.12/site-packages/airflow/example_dags/example_bash_operator.py
[2024-11-05T10:53:12.639+0000] {processor.py:914} INFO - Processing file /home/airflow/.local/lib/python3.12/site-packages/airflow/example_dags/example_bash_operator.py for tasks to queue
[2024-11-05T10:53:12.645+0000] {logging_mixin.py:190} INFO - [2024-11-05T10:53:12.644+0000] {dagbag.py:588} INFO - Filling up the DagBag from /home/airflow/.local/lib/python3.12/site-packages/airflow/example_dags/example_bash_operator.py
[2024-11-05T10:53:12.679+0000] {processor.py:925} INFO - DAG(s) 'example_bash_operator' retrieved from /home/airflow/.local/lib/python3.12/site-packages/airflow/example_dags/example_bash_operator.py
[2024-11-05T10:53:12.777+0000] {logging_mixin.py:190} INFO - [2024-11-05T10:53:12.774+0000] {dag.py:3239} INFO - Sync 1 DAGs
[2024-11-05T10:53:12.855+0000] {logging_mixin.py:190} INFO - [2024-11-05T10:53:12.855+0000] {dag.py:4180} INFO - Setting next_dagrun for example_bash_operator to 2024-11-04 00:00:00+00:00, run_after=2024-11-05 00:00:00+00:00
[2024-11-05T10:53:12.888+0000] {processor.py:208} INFO - Processing /home/airflow/.local/lib/python3.12/site-packages/airflow/example_dags/example_bash_operator.py took 0.259 seconds
[2024-11-05T10:53:43.241+0000] {processor.py:186} INFO - Started process (PID=2121) to work on /home/airflow/.local/lib/python3.12/site-packages/airflow/example_dags/example_bash_operator.py
[2024-11-05T10:53:43.242+0000] {processor.py:914} INFO - Processing file /home/airflow/.local/lib/python3.12/site-packages/airflow/example_dags/example_bash_operator.py for tasks to queue
[2024-11-05T10:53:43.245+0000] {logging_mixin.py:190} INFO - [2024-11-05T10:53:43.245+0000] {dagbag.py:588} INFO - Filling up the DagBag from /home/airflow/.local/lib/python3.12/site-packages/airflow/example_dags/example_bash_operator.py
[2024-11-05T10:53:43.265+0000] {processor.py:925} INFO - DAG(s) 'example_bash_operator' retrieved from /home/airflow/.local/lib/python3.12/site-packages/airflow/example_dags/example_bash_operator.py
[2024-11-05T10:53:43.295+0000] {logging_mixin.py:190} INFO - [2024-11-05T10:53:43.295+0000] {dag.py:3239} INFO - Sync 1 DAGs
[2024-11-05T10:53:43.327+0000] {logging_mixin.py:190} INFO - [2024-11-05T10:53:43.327+0000] {dag.py:4180} INFO - Setting next_dagrun for example_bash_operator to 2024-11-04 00:00:00+00:00, run_after=2024-11-05 00:00:00+00:00
[2024-11-05T10:53:43.347+0000] {processor.py:208} INFO - Processing /home/airflow/.local/lib/python3.12/site-packages/airflow/example_dags/example_bash_operator.py took 0.114 seconds
[2024-11-05T10:54:13.482+0000] {processor.py:186} INFO - Started process (PID=2183) to work on /home/airflow/.local/lib/python3.12/site-packages/airflow/example_dags/example_bash_operator.py
[2024-11-05T10:54:13.484+0000] {processor.py:914} INFO - Processing file /home/airflow/.local/lib/python3.12/site-packages/airflow/example_dags/example_bash_operator.py for tasks to queue
[2024-11-05T10:54:13.487+0000] {logging_mixin.py:190} INFO - [2024-11-05T10:54:13.487+0000] {dagbag.py:588} INFO - Filling up the DagBag from /home/airflow/.local/lib/python3.12/site-packages/airflow/example_dags/example_bash_operator.py
[2024-11-05T10:54:13.508+0000] {processor.py:925} INFO - DAG(s) 'example_bash_operator' retrieved from /home/airflow/.local/lib/python3.12/site-packages/airflow/example_dags/example_bash_operator.py
[2024-11-05T10:54:13.554+0000] {logging_mixin.py:190} INFO - [2024-11-05T10:54:13.553+0000] {dag.py:3239} INFO - Sync 1 DAGs
[2024-11-05T10:54:13.594+0000] {logging_mixin.py:190} INFO - [2024-11-05T10:54:13.593+0000] {dag.py:4180} INFO - Setting next_dagrun for example_bash_operator to 2024-11-04 00:00:00+00:00, run_after=2024-11-05 00:00:00+00:00
[2024-11-05T10:54:13.623+0000] {processor.py:208} INFO - Processing /home/airflow/.local/lib/python3.12/site-packages/airflow/example_dags/example_bash_operator.py took 0.151 seconds
