[2024-11-05T10:37:05.463+0000] {processor.py:186} INFO - Started process (PID=70) to work on /home/airflow/.local/lib/python3.12/site-packages/airflow/example_dags/example_sla_dag.py
[2024-11-05T10:37:05.464+0000] {processor.py:914} INFO - Processing file /home/airflow/.local/lib/python3.12/site-packages/airflow/example_dags/example_sla_dag.py for tasks to queue
[2024-11-05T10:37:05.468+0000] {logging_mixin.py:190} INFO - [2024-11-05T10:37:05.467+0000] {dagbag.py:588} INFO - Filling up the DagBag from /home/airflow/.local/lib/python3.12/site-packages/airflow/example_dags/example_sla_dag.py
[2024-11-05T10:37:05.484+0000] {processor.py:925} INFO - DAG(s) 'example_sla_dag' retrieved from /home/airflow/.local/lib/python3.12/site-packages/airflow/example_dags/example_sla_dag.py
[2024-11-05T10:37:05.762+0000] {logging_mixin.py:190} INFO - [2024-11-05T10:37:05.760+0000] {override.py:1900} INFO - Created Permission View: can delete on DAG:example_sla_dag
[2024-11-05T10:37:05.779+0000] {logging_mixin.py:190} INFO - [2024-11-05T10:37:05.778+0000] {override.py:1900} INFO - Created Permission View: can read on DAG:example_sla_dag
[2024-11-05T10:37:05.793+0000] {logging_mixin.py:190} INFO - [2024-11-05T10:37:05.792+0000] {override.py:1900} INFO - Created Permission View: can edit on DAG:example_sla_dag
[2024-11-05T10:37:05.803+0000] {logging_mixin.py:190} INFO - [2024-11-05T10:37:05.803+0000] {override.py:1900} INFO - Created Permission View: can delete on DAG Run:example_sla_dag
[2024-11-05T10:37:05.814+0000] {logging_mixin.py:190} INFO - [2024-11-05T10:37:05.813+0000] {override.py:1900} INFO - Created Permission View: can create on DAG Run:example_sla_dag
[2024-11-05T10:37:05.824+0000] {logging_mixin.py:190} INFO - [2024-11-05T10:37:05.824+0000] {override.py:1900} INFO - Created Permission View: can read on DAG Run:example_sla_dag
[2024-11-05T10:37:05.834+0000] {logging_mixin.py:190} INFO - [2024-11-05T10:37:05.834+0000] {override.py:1900} INFO - Created Permission View: menu access on DAG Run:example_sla_dag
[2024-11-05T10:37:05.835+0000] {logging_mixin.py:190} INFO - [2024-11-05T10:37:05.835+0000] {dag.py:3239} INFO - Sync 1 DAGs
[2024-11-05T10:37:05.861+0000] {logging_mixin.py:190} INFO - [2024-11-05T10:37:05.860+0000] {dag.py:3262} INFO - Creating ORM DAG for example_sla_dag
[2024-11-05T10:37:05.880+0000] {logging_mixin.py:190} INFO - [2024-11-05T10:37:05.880+0000] {dag.py:4180} INFO - Setting next_dagrun for example_sla_dag to 2024-11-05 10:34:00+00:00, run_after=2024-11-05 10:36:00+00:00
[2024-11-05T10:37:05.902+0000] {processor.py:208} INFO - Processing /home/airflow/.local/lib/python3.12/site-packages/airflow/example_dags/example_sla_dag.py took 0.448 seconds
[2024-11-05T10:37:36.043+0000] {processor.py:186} INFO - Started process (PID=132) to work on /home/airflow/.local/lib/python3.12/site-packages/airflow/example_dags/example_sla_dag.py
[2024-11-05T10:37:36.044+0000] {processor.py:914} INFO - Processing file /home/airflow/.local/lib/python3.12/site-packages/airflow/example_dags/example_sla_dag.py for tasks to queue
[2024-11-05T10:37:36.047+0000] {logging_mixin.py:190} INFO - [2024-11-05T10:37:36.047+0000] {dagbag.py:588} INFO - Filling up the DagBag from /home/airflow/.local/lib/python3.12/site-packages/airflow/example_dags/example_sla_dag.py
[2024-11-05T10:37:36.058+0000] {processor.py:925} INFO - DAG(s) 'example_sla_dag' retrieved from /home/airflow/.local/lib/python3.12/site-packages/airflow/example_dags/example_sla_dag.py
[2024-11-05T10:37:36.079+0000] {logging_mixin.py:190} INFO - [2024-11-05T10:37:36.079+0000] {dag.py:3239} INFO - Sync 1 DAGs
[2024-11-05T10:37:36.113+0000] {logging_mixin.py:190} INFO - [2024-11-05T10:37:36.113+0000] {dag.py:4180} INFO - Setting next_dagrun for example_sla_dag to 2024-11-05 10:34:00+00:00, run_after=2024-11-05 10:36:00+00:00
[2024-11-05T10:37:36.135+0000] {processor.py:208} INFO - Processing /home/airflow/.local/lib/python3.12/site-packages/airflow/example_dags/example_sla_dag.py took 0.097 seconds
[2024-11-05T10:38:06.313+0000] {processor.py:186} INFO - Started process (PID=194) to work on /home/airflow/.local/lib/python3.12/site-packages/airflow/example_dags/example_sla_dag.py
[2024-11-05T10:38:06.314+0000] {processor.py:914} INFO - Processing file /home/airflow/.local/lib/python3.12/site-packages/airflow/example_dags/example_sla_dag.py for tasks to queue
[2024-11-05T10:38:06.318+0000] {logging_mixin.py:190} INFO - [2024-11-05T10:38:06.317+0000] {dagbag.py:588} INFO - Filling up the DagBag from /home/airflow/.local/lib/python3.12/site-packages/airflow/example_dags/example_sla_dag.py
[2024-11-05T10:38:06.331+0000] {processor.py:925} INFO - DAG(s) 'example_sla_dag' retrieved from /home/airflow/.local/lib/python3.12/site-packages/airflow/example_dags/example_sla_dag.py
[2024-11-05T10:38:06.355+0000] {logging_mixin.py:190} INFO - [2024-11-05T10:38:06.354+0000] {dag.py:3239} INFO - Sync 1 DAGs
[2024-11-05T10:38:06.390+0000] {logging_mixin.py:190} INFO - [2024-11-05T10:38:06.390+0000] {dag.py:4180} INFO - Setting next_dagrun for example_sla_dag to 2024-11-05 10:36:00+00:00, run_after=2024-11-05 10:38:00+00:00
[2024-11-05T10:38:06.416+0000] {processor.py:208} INFO - Processing /home/airflow/.local/lib/python3.12/site-packages/airflow/example_dags/example_sla_dag.py took 0.110 seconds
[2024-11-05T10:38:36.601+0000] {processor.py:186} INFO - Started process (PID=257) to work on /home/airflow/.local/lib/python3.12/site-packages/airflow/example_dags/example_sla_dag.py
[2024-11-05T10:38:36.602+0000] {processor.py:914} INFO - Processing file /home/airflow/.local/lib/python3.12/site-packages/airflow/example_dags/example_sla_dag.py for tasks to queue
[2024-11-05T10:38:36.606+0000] {logging_mixin.py:190} INFO - [2024-11-05T10:38:36.605+0000] {dagbag.py:588} INFO - Filling up the DagBag from /home/airflow/.local/lib/python3.12/site-packages/airflow/example_dags/example_sla_dag.py
[2024-11-05T10:38:36.619+0000] {processor.py:925} INFO - DAG(s) 'example_sla_dag' retrieved from /home/airflow/.local/lib/python3.12/site-packages/airflow/example_dags/example_sla_dag.py
[2024-11-05T10:38:36.646+0000] {logging_mixin.py:190} INFO - [2024-11-05T10:38:36.646+0000] {dag.py:3239} INFO - Sync 1 DAGs
[2024-11-05T10:38:36.691+0000] {logging_mixin.py:190} INFO - [2024-11-05T10:38:36.691+0000] {dag.py:4180} INFO - Setting next_dagrun for example_sla_dag to 2024-11-05 10:36:00+00:00, run_after=2024-11-05 10:38:00+00:00
[2024-11-05T10:38:36.713+0000] {processor.py:208} INFO - Processing /home/airflow/.local/lib/python3.12/site-packages/airflow/example_dags/example_sla_dag.py took 0.121 seconds
[2024-11-05T10:39:06.755+0000] {processor.py:186} INFO - Started process (PID=319) to work on /home/airflow/.local/lib/python3.12/site-packages/airflow/example_dags/example_sla_dag.py
[2024-11-05T10:39:06.757+0000] {processor.py:914} INFO - Processing file /home/airflow/.local/lib/python3.12/site-packages/airflow/example_dags/example_sla_dag.py for tasks to queue
[2024-11-05T10:39:06.761+0000] {logging_mixin.py:190} INFO - [2024-11-05T10:39:06.760+0000] {dagbag.py:588} INFO - Filling up the DagBag from /home/airflow/.local/lib/python3.12/site-packages/airflow/example_dags/example_sla_dag.py
[2024-11-05T10:39:06.771+0000] {processor.py:925} INFO - DAG(s) 'example_sla_dag' retrieved from /home/airflow/.local/lib/python3.12/site-packages/airflow/example_dags/example_sla_dag.py
[2024-11-05T10:39:06.789+0000] {logging_mixin.py:190} INFO - [2024-11-05T10:39:06.788+0000] {dag.py:3239} INFO - Sync 1 DAGs
[2024-11-05T10:39:06.814+0000] {logging_mixin.py:190} INFO - [2024-11-05T10:39:06.814+0000] {dag.py:4180} INFO - Setting next_dagrun for example_sla_dag to 2024-11-05 10:36:00+00:00, run_after=2024-11-05 10:38:00+00:00
[2024-11-05T10:39:06.831+0000] {processor.py:208} INFO - Processing /home/airflow/.local/lib/python3.12/site-packages/airflow/example_dags/example_sla_dag.py took 0.083 seconds
[2024-11-05T10:39:37.781+0000] {processor.py:186} INFO - Started process (PID=381) to work on /home/airflow/.local/lib/python3.12/site-packages/airflow/example_dags/example_sla_dag.py
[2024-11-05T10:39:37.782+0000] {processor.py:914} INFO - Processing file /home/airflow/.local/lib/python3.12/site-packages/airflow/example_dags/example_sla_dag.py for tasks to queue
[2024-11-05T10:39:37.786+0000] {logging_mixin.py:190} INFO - [2024-11-05T10:39:37.785+0000] {dagbag.py:588} INFO - Filling up the DagBag from /home/airflow/.local/lib/python3.12/site-packages/airflow/example_dags/example_sla_dag.py
[2024-11-05T10:39:37.797+0000] {processor.py:925} INFO - DAG(s) 'example_sla_dag' retrieved from /home/airflow/.local/lib/python3.12/site-packages/airflow/example_dags/example_sla_dag.py
[2024-11-05T10:39:37.815+0000] {logging_mixin.py:190} INFO - [2024-11-05T10:39:37.815+0000] {dag.py:3239} INFO - Sync 1 DAGs
[2024-11-05T10:39:37.840+0000] {logging_mixin.py:190} INFO - [2024-11-05T10:39:37.840+0000] {dag.py:4180} INFO - Setting next_dagrun for example_sla_dag to 2024-11-05 10:36:00+00:00, run_after=2024-11-05 10:38:00+00:00
[2024-11-05T10:39:37.859+0000] {processor.py:208} INFO - Processing /home/airflow/.local/lib/python3.12/site-packages/airflow/example_dags/example_sla_dag.py took 0.087 seconds
[2024-11-05T10:40:07.999+0000] {processor.py:186} INFO - Started process (PID=444) to work on /home/airflow/.local/lib/python3.12/site-packages/airflow/example_dags/example_sla_dag.py
[2024-11-05T10:40:08.000+0000] {processor.py:914} INFO - Processing file /home/airflow/.local/lib/python3.12/site-packages/airflow/example_dags/example_sla_dag.py for tasks to queue
[2024-11-05T10:40:08.003+0000] {logging_mixin.py:190} INFO - [2024-11-05T10:40:08.003+0000] {dagbag.py:588} INFO - Filling up the DagBag from /home/airflow/.local/lib/python3.12/site-packages/airflow/example_dags/example_sla_dag.py
[2024-11-05T10:40:08.013+0000] {processor.py:925} INFO - DAG(s) 'example_sla_dag' retrieved from /home/airflow/.local/lib/python3.12/site-packages/airflow/example_dags/example_sla_dag.py
[2024-11-05T10:40:08.032+0000] {logging_mixin.py:190} INFO - [2024-11-05T10:40:08.031+0000] {dag.py:3239} INFO - Sync 1 DAGs
[2024-11-05T10:40:08.060+0000] {logging_mixin.py:190} INFO - [2024-11-05T10:40:08.060+0000] {dag.py:4180} INFO - Setting next_dagrun for example_sla_dag to 2024-11-05 10:38:00+00:00, run_after=2024-11-05 10:40:00+00:00
[2024-11-05T10:40:08.078+0000] {processor.py:208} INFO - Processing /home/airflow/.local/lib/python3.12/site-packages/airflow/example_dags/example_sla_dag.py took 0.085 seconds
[2024-11-05T10:40:38.492+0000] {processor.py:186} INFO - Started process (PID=507) to work on /home/airflow/.local/lib/python3.12/site-packages/airflow/example_dags/example_sla_dag.py
[2024-11-05T10:40:38.493+0000] {processor.py:914} INFO - Processing file /home/airflow/.local/lib/python3.12/site-packages/airflow/example_dags/example_sla_dag.py for tasks to queue
[2024-11-05T10:40:38.497+0000] {logging_mixin.py:190} INFO - [2024-11-05T10:40:38.497+0000] {dagbag.py:588} INFO - Filling up the DagBag from /home/airflow/.local/lib/python3.12/site-packages/airflow/example_dags/example_sla_dag.py
[2024-11-05T10:40:38.510+0000] {processor.py:925} INFO - DAG(s) 'example_sla_dag' retrieved from /home/airflow/.local/lib/python3.12/site-packages/airflow/example_dags/example_sla_dag.py
[2024-11-05T10:40:38.528+0000] {logging_mixin.py:190} INFO - [2024-11-05T10:40:38.528+0000] {dag.py:3239} INFO - Sync 1 DAGs
[2024-11-05T10:40:38.554+0000] {logging_mixin.py:190} INFO - [2024-11-05T10:40:38.554+0000] {dag.py:4180} INFO - Setting next_dagrun for example_sla_dag to 2024-11-05 10:38:00+00:00, run_after=2024-11-05 10:40:00+00:00
[2024-11-05T10:40:38.571+0000] {processor.py:208} INFO - Processing /home/airflow/.local/lib/python3.12/site-packages/airflow/example_dags/example_sla_dag.py took 0.087 seconds
[2024-11-05T10:41:08.736+0000] {processor.py:186} INFO - Started process (PID=570) to work on /home/airflow/.local/lib/python3.12/site-packages/airflow/example_dags/example_sla_dag.py
[2024-11-05T10:41:08.738+0000] {processor.py:914} INFO - Processing file /home/airflow/.local/lib/python3.12/site-packages/airflow/example_dags/example_sla_dag.py for tasks to queue
[2024-11-05T10:41:08.742+0000] {logging_mixin.py:190} INFO - [2024-11-05T10:41:08.741+0000] {dagbag.py:588} INFO - Filling up the DagBag from /home/airflow/.local/lib/python3.12/site-packages/airflow/example_dags/example_sla_dag.py
[2024-11-05T10:41:08.754+0000] {processor.py:925} INFO - DAG(s) 'example_sla_dag' retrieved from /home/airflow/.local/lib/python3.12/site-packages/airflow/example_dags/example_sla_dag.py
[2024-11-05T10:41:08.772+0000] {logging_mixin.py:190} INFO - [2024-11-05T10:41:08.772+0000] {dag.py:3239} INFO - Sync 1 DAGs
[2024-11-05T10:41:08.798+0000] {logging_mixin.py:190} INFO - [2024-11-05T10:41:08.798+0000] {dag.py:4180} INFO - Setting next_dagrun for example_sla_dag to 2024-11-05 10:38:00+00:00, run_after=2024-11-05 10:40:00+00:00
[2024-11-05T10:41:08.817+0000] {processor.py:208} INFO - Processing /home/airflow/.local/lib/python3.12/site-packages/airflow/example_dags/example_sla_dag.py took 0.088 seconds
[2024-11-05T10:41:39.165+0000] {processor.py:186} INFO - Started process (PID=633) to work on /home/airflow/.local/lib/python3.12/site-packages/airflow/example_dags/example_sla_dag.py
[2024-11-05T10:41:39.165+0000] {processor.py:914} INFO - Processing file /home/airflow/.local/lib/python3.12/site-packages/airflow/example_dags/example_sla_dag.py for tasks to queue
[2024-11-05T10:41:39.168+0000] {logging_mixin.py:190} INFO - [2024-11-05T10:41:39.168+0000] {dagbag.py:588} INFO - Filling up the DagBag from /home/airflow/.local/lib/python3.12/site-packages/airflow/example_dags/example_sla_dag.py
[2024-11-05T10:41:39.181+0000] {processor.py:925} INFO - DAG(s) 'example_sla_dag' retrieved from /home/airflow/.local/lib/python3.12/site-packages/airflow/example_dags/example_sla_dag.py
[2024-11-05T10:41:39.202+0000] {logging_mixin.py:190} INFO - [2024-11-05T10:41:39.202+0000] {dag.py:3239} INFO - Sync 1 DAGs
[2024-11-05T10:41:39.236+0000] {logging_mixin.py:190} INFO - [2024-11-05T10:41:39.235+0000] {dag.py:4180} INFO - Setting next_dagrun for example_sla_dag to 2024-11-05 10:38:00+00:00, run_after=2024-11-05 10:40:00+00:00
[2024-11-05T10:41:39.261+0000] {processor.py:208} INFO - Processing /home/airflow/.local/lib/python3.12/site-packages/airflow/example_dags/example_sla_dag.py took 0.105 seconds
[2024-11-05T10:42:09.793+0000] {processor.py:186} INFO - Started process (PID=696) to work on /home/airflow/.local/lib/python3.12/site-packages/airflow/example_dags/example_sla_dag.py
[2024-11-05T10:42:09.794+0000] {processor.py:914} INFO - Processing file /home/airflow/.local/lib/python3.12/site-packages/airflow/example_dags/example_sla_dag.py for tasks to queue
[2024-11-05T10:42:09.797+0000] {logging_mixin.py:190} INFO - [2024-11-05T10:42:09.797+0000] {dagbag.py:588} INFO - Filling up the DagBag from /home/airflow/.local/lib/python3.12/site-packages/airflow/example_dags/example_sla_dag.py
[2024-11-05T10:42:09.808+0000] {processor.py:925} INFO - DAG(s) 'example_sla_dag' retrieved from /home/airflow/.local/lib/python3.12/site-packages/airflow/example_dags/example_sla_dag.py
[2024-11-05T10:42:09.826+0000] {logging_mixin.py:190} INFO - [2024-11-05T10:42:09.825+0000] {dag.py:3239} INFO - Sync 1 DAGs
[2024-11-05T10:42:09.851+0000] {logging_mixin.py:190} INFO - [2024-11-05T10:42:09.850+0000] {dag.py:4180} INFO - Setting next_dagrun for example_sla_dag to 2024-11-05 10:40:00+00:00, run_after=2024-11-05 10:42:00+00:00
[2024-11-05T10:42:09.875+0000] {processor.py:208} INFO - Processing /home/airflow/.local/lib/python3.12/site-packages/airflow/example_dags/example_sla_dag.py took 0.090 seconds
[2024-11-05T10:42:40.012+0000] {processor.py:186} INFO - Started process (PID=758) to work on /home/airflow/.local/lib/python3.12/site-packages/airflow/example_dags/example_sla_dag.py
[2024-11-05T10:42:40.012+0000] {processor.py:914} INFO - Processing file /home/airflow/.local/lib/python3.12/site-packages/airflow/example_dags/example_sla_dag.py for tasks to queue
[2024-11-05T10:42:40.016+0000] {logging_mixin.py:190} INFO - [2024-11-05T10:42:40.015+0000] {dagbag.py:588} INFO - Filling up the DagBag from /home/airflow/.local/lib/python3.12/site-packages/airflow/example_dags/example_sla_dag.py
[2024-11-05T10:42:40.027+0000] {processor.py:925} INFO - DAG(s) 'example_sla_dag' retrieved from /home/airflow/.local/lib/python3.12/site-packages/airflow/example_dags/example_sla_dag.py
[2024-11-05T10:42:40.046+0000] {logging_mixin.py:190} INFO - [2024-11-05T10:42:40.045+0000] {dag.py:3239} INFO - Sync 1 DAGs
[2024-11-05T10:42:40.072+0000] {logging_mixin.py:190} INFO - [2024-11-05T10:42:40.072+0000] {dag.py:4180} INFO - Setting next_dagrun for example_sla_dag to 2024-11-05 10:40:00+00:00, run_after=2024-11-05 10:42:00+00:00
[2024-11-05T10:42:40.089+0000] {processor.py:208} INFO - Processing /home/airflow/.local/lib/python3.12/site-packages/airflow/example_dags/example_sla_dag.py took 0.084 seconds
[2024-11-05T10:43:10.355+0000] {processor.py:186} INFO - Started process (PID=821) to work on /home/airflow/.local/lib/python3.12/site-packages/airflow/example_dags/example_sla_dag.py
[2024-11-05T10:43:10.357+0000] {processor.py:914} INFO - Processing file /home/airflow/.local/lib/python3.12/site-packages/airflow/example_dags/example_sla_dag.py for tasks to queue
[2024-11-05T10:43:10.361+0000] {logging_mixin.py:190} INFO - [2024-11-05T10:43:10.360+0000] {dagbag.py:588} INFO - Filling up the DagBag from /home/airflow/.local/lib/python3.12/site-packages/airflow/example_dags/example_sla_dag.py
[2024-11-05T10:43:10.376+0000] {processor.py:925} INFO - DAG(s) 'example_sla_dag' retrieved from /home/airflow/.local/lib/python3.12/site-packages/airflow/example_dags/example_sla_dag.py
[2024-11-05T10:43:10.404+0000] {logging_mixin.py:190} INFO - [2024-11-05T10:43:10.404+0000] {dag.py:3239} INFO - Sync 1 DAGs
[2024-11-05T10:43:10.440+0000] {logging_mixin.py:190} INFO - [2024-11-05T10:43:10.439+0000] {dag.py:4180} INFO - Setting next_dagrun for example_sla_dag to 2024-11-05 10:40:00+00:00, run_after=2024-11-05 10:42:00+00:00
[2024-11-05T10:43:10.467+0000] {processor.py:208} INFO - Processing /home/airflow/.local/lib/python3.12/site-packages/airflow/example_dags/example_sla_dag.py took 0.124 seconds
[2024-11-05T10:43:40.707+0000] {processor.py:186} INFO - Started process (PID=885) to work on /home/airflow/.local/lib/python3.12/site-packages/airflow/example_dags/example_sla_dag.py
[2024-11-05T10:43:40.708+0000] {processor.py:914} INFO - Processing file /home/airflow/.local/lib/python3.12/site-packages/airflow/example_dags/example_sla_dag.py for tasks to queue
[2024-11-05T10:43:40.712+0000] {logging_mixin.py:190} INFO - [2024-11-05T10:43:40.711+0000] {dagbag.py:588} INFO - Filling up the DagBag from /home/airflow/.local/lib/python3.12/site-packages/airflow/example_dags/example_sla_dag.py
[2024-11-05T10:43:40.725+0000] {processor.py:925} INFO - DAG(s) 'example_sla_dag' retrieved from /home/airflow/.local/lib/python3.12/site-packages/airflow/example_dags/example_sla_dag.py
[2024-11-05T10:43:40.744+0000] {logging_mixin.py:190} INFO - [2024-11-05T10:43:40.744+0000] {dag.py:3239} INFO - Sync 1 DAGs
[2024-11-05T10:43:40.771+0000] {logging_mixin.py:190} INFO - [2024-11-05T10:43:40.770+0000] {dag.py:4180} INFO - Setting next_dagrun for example_sla_dag to 2024-11-05 10:40:00+00:00, run_after=2024-11-05 10:42:00+00:00
[2024-11-05T10:43:40.789+0000] {processor.py:208} INFO - Processing /home/airflow/.local/lib/python3.12/site-packages/airflow/example_dags/example_sla_dag.py took 0.088 seconds
[2024-11-05T10:44:11.673+0000] {processor.py:186} INFO - Started process (PID=949) to work on /home/airflow/.local/lib/python3.12/site-packages/airflow/example_dags/example_sla_dag.py
[2024-11-05T10:44:11.674+0000] {processor.py:914} INFO - Processing file /home/airflow/.local/lib/python3.12/site-packages/airflow/example_dags/example_sla_dag.py for tasks to queue
[2024-11-05T10:44:11.677+0000] {logging_mixin.py:190} INFO - [2024-11-05T10:44:11.677+0000] {dagbag.py:588} INFO - Filling up the DagBag from /home/airflow/.local/lib/python3.12/site-packages/airflow/example_dags/example_sla_dag.py
[2024-11-05T10:44:11.688+0000] {processor.py:925} INFO - DAG(s) 'example_sla_dag' retrieved from /home/airflow/.local/lib/python3.12/site-packages/airflow/example_dags/example_sla_dag.py
[2024-11-05T10:44:11.706+0000] {logging_mixin.py:190} INFO - [2024-11-05T10:44:11.706+0000] {dag.py:3239} INFO - Sync 1 DAGs
[2024-11-05T10:44:11.735+0000] {logging_mixin.py:190} INFO - [2024-11-05T10:44:11.735+0000] {dag.py:4180} INFO - Setting next_dagrun for example_sla_dag to 2024-11-05 10:42:00+00:00, run_after=2024-11-05 10:44:00+00:00
[2024-11-05T10:44:11.756+0000] {processor.py:208} INFO - Processing /home/airflow/.local/lib/python3.12/site-packages/airflow/example_dags/example_sla_dag.py took 0.089 seconds
[2024-11-05T10:44:42.221+0000] {processor.py:186} INFO - Started process (PID=1012) to work on /home/airflow/.local/lib/python3.12/site-packages/airflow/example_dags/example_sla_dag.py
[2024-11-05T10:44:42.222+0000] {processor.py:914} INFO - Processing file /home/airflow/.local/lib/python3.12/site-packages/airflow/example_dags/example_sla_dag.py for tasks to queue
[2024-11-05T10:44:42.227+0000] {logging_mixin.py:190} INFO - [2024-11-05T10:44:42.226+0000] {dagbag.py:588} INFO - Filling up the DagBag from /home/airflow/.local/lib/python3.12/site-packages/airflow/example_dags/example_sla_dag.py
[2024-11-05T10:44:42.245+0000] {processor.py:925} INFO - DAG(s) 'example_sla_dag' retrieved from /home/airflow/.local/lib/python3.12/site-packages/airflow/example_dags/example_sla_dag.py
[2024-11-05T10:44:42.262+0000] {logging_mixin.py:190} INFO - [2024-11-05T10:44:42.262+0000] {dag.py:3239} INFO - Sync 1 DAGs
[2024-11-05T10:44:42.288+0000] {logging_mixin.py:190} INFO - [2024-11-05T10:44:42.287+0000] {dag.py:4180} INFO - Setting next_dagrun for example_sla_dag to 2024-11-05 10:42:00+00:00, run_after=2024-11-05 10:44:00+00:00
[2024-11-05T10:44:42.305+0000] {processor.py:208} INFO - Processing /home/airflow/.local/lib/python3.12/site-packages/airflow/example_dags/example_sla_dag.py took 0.093 seconds
[2024-11-05T10:45:12.440+0000] {processor.py:186} INFO - Started process (PID=1075) to work on /home/airflow/.local/lib/python3.12/site-packages/airflow/example_dags/example_sla_dag.py
[2024-11-05T10:45:12.442+0000] {processor.py:914} INFO - Processing file /home/airflow/.local/lib/python3.12/site-packages/airflow/example_dags/example_sla_dag.py for tasks to queue
[2024-11-05T10:45:12.445+0000] {logging_mixin.py:190} INFO - [2024-11-05T10:45:12.445+0000] {dagbag.py:588} INFO - Filling up the DagBag from /home/airflow/.local/lib/python3.12/site-packages/airflow/example_dags/example_sla_dag.py
[2024-11-05T10:45:12.456+0000] {processor.py:925} INFO - DAG(s) 'example_sla_dag' retrieved from /home/airflow/.local/lib/python3.12/site-packages/airflow/example_dags/example_sla_dag.py
[2024-11-05T10:45:12.474+0000] {logging_mixin.py:190} INFO - [2024-11-05T10:45:12.474+0000] {dag.py:3239} INFO - Sync 1 DAGs
[2024-11-05T10:45:12.504+0000] {logging_mixin.py:190} INFO - [2024-11-05T10:45:12.504+0000] {dag.py:4180} INFO - Setting next_dagrun for example_sla_dag to 2024-11-05 10:42:00+00:00, run_after=2024-11-05 10:44:00+00:00
[2024-11-05T10:45:12.526+0000] {processor.py:208} INFO - Processing /home/airflow/.local/lib/python3.12/site-packages/airflow/example_dags/example_sla_dag.py took 0.092 seconds
[2024-11-05T10:45:42.726+0000] {processor.py:186} INFO - Started process (PID=1138) to work on /home/airflow/.local/lib/python3.12/site-packages/airflow/example_dags/example_sla_dag.py
[2024-11-05T10:45:42.727+0000] {processor.py:914} INFO - Processing file /home/airflow/.local/lib/python3.12/site-packages/airflow/example_dags/example_sla_dag.py for tasks to queue
[2024-11-05T10:45:42.729+0000] {logging_mixin.py:190} INFO - [2024-11-05T10:45:42.729+0000] {dagbag.py:588} INFO - Filling up the DagBag from /home/airflow/.local/lib/python3.12/site-packages/airflow/example_dags/example_sla_dag.py
[2024-11-05T10:45:42.739+0000] {processor.py:925} INFO - DAG(s) 'example_sla_dag' retrieved from /home/airflow/.local/lib/python3.12/site-packages/airflow/example_dags/example_sla_dag.py
[2024-11-05T10:45:42.757+0000] {logging_mixin.py:190} INFO - [2024-11-05T10:45:42.756+0000] {dag.py:3239} INFO - Sync 1 DAGs
[2024-11-05T10:45:42.782+0000] {logging_mixin.py:190} INFO - [2024-11-05T10:45:42.782+0000] {dag.py:4180} INFO - Setting next_dagrun for example_sla_dag to 2024-11-05 10:42:00+00:00, run_after=2024-11-05 10:44:00+00:00
[2024-11-05T10:45:42.800+0000] {processor.py:208} INFO - Processing /home/airflow/.local/lib/python3.12/site-packages/airflow/example_dags/example_sla_dag.py took 0.084 seconds
[2024-11-05T10:46:13.491+0000] {processor.py:186} INFO - Started process (PID=1201) to work on /home/airflow/.local/lib/python3.12/site-packages/airflow/example_dags/example_sla_dag.py
[2024-11-05T10:46:13.493+0000] {processor.py:914} INFO - Processing file /home/airflow/.local/lib/python3.12/site-packages/airflow/example_dags/example_sla_dag.py for tasks to queue
[2024-11-05T10:46:13.497+0000] {logging_mixin.py:190} INFO - [2024-11-05T10:46:13.496+0000] {dagbag.py:588} INFO - Filling up the DagBag from /home/airflow/.local/lib/python3.12/site-packages/airflow/example_dags/example_sla_dag.py
[2024-11-05T10:46:13.512+0000] {processor.py:925} INFO - DAG(s) 'example_sla_dag' retrieved from /home/airflow/.local/lib/python3.12/site-packages/airflow/example_dags/example_sla_dag.py
[2024-11-05T10:46:13.534+0000] {logging_mixin.py:190} INFO - [2024-11-05T10:46:13.533+0000] {dag.py:3239} INFO - Sync 1 DAGs
[2024-11-05T10:46:13.561+0000] {logging_mixin.py:190} INFO - [2024-11-05T10:46:13.561+0000] {dag.py:4180} INFO - Setting next_dagrun for example_sla_dag to 2024-11-05 10:44:00+00:00, run_after=2024-11-05 10:46:00+00:00
[2024-11-05T10:46:13.584+0000] {processor.py:208} INFO - Processing /home/airflow/.local/lib/python3.12/site-packages/airflow/example_dags/example_sla_dag.py took 0.101 seconds
[2024-11-05T10:46:44.456+0000] {processor.py:186} INFO - Started process (PID=1263) to work on /home/airflow/.local/lib/python3.12/site-packages/airflow/example_dags/example_sla_dag.py
[2024-11-05T10:46:44.457+0000] {processor.py:914} INFO - Processing file /home/airflow/.local/lib/python3.12/site-packages/airflow/example_dags/example_sla_dag.py for tasks to queue
[2024-11-05T10:46:44.461+0000] {logging_mixin.py:190} INFO - [2024-11-05T10:46:44.460+0000] {dagbag.py:588} INFO - Filling up the DagBag from /home/airflow/.local/lib/python3.12/site-packages/airflow/example_dags/example_sla_dag.py
[2024-11-05T10:46:44.472+0000] {processor.py:925} INFO - DAG(s) 'example_sla_dag' retrieved from /home/airflow/.local/lib/python3.12/site-packages/airflow/example_dags/example_sla_dag.py
[2024-11-05T10:46:44.492+0000] {logging_mixin.py:190} INFO - [2024-11-05T10:46:44.492+0000] {dag.py:3239} INFO - Sync 1 DAGs
[2024-11-05T10:46:44.519+0000] {logging_mixin.py:190} INFO - [2024-11-05T10:46:44.519+0000] {dag.py:4180} INFO - Setting next_dagrun for example_sla_dag to 2024-11-05 10:44:00+00:00, run_after=2024-11-05 10:46:00+00:00
[2024-11-05T10:46:44.542+0000] {processor.py:208} INFO - Processing /home/airflow/.local/lib/python3.12/site-packages/airflow/example_dags/example_sla_dag.py took 0.095 seconds
[2024-11-05T10:47:14.794+0000] {processor.py:186} INFO - Started process (PID=1326) to work on /home/airflow/.local/lib/python3.12/site-packages/airflow/example_dags/example_sla_dag.py
[2024-11-05T10:47:14.796+0000] {processor.py:914} INFO - Processing file /home/airflow/.local/lib/python3.12/site-packages/airflow/example_dags/example_sla_dag.py for tasks to queue
[2024-11-05T10:47:14.803+0000] {logging_mixin.py:190} INFO - [2024-11-05T10:47:14.802+0000] {dagbag.py:588} INFO - Filling up the DagBag from /home/airflow/.local/lib/python3.12/site-packages/airflow/example_dags/example_sla_dag.py
[2024-11-05T10:47:14.820+0000] {processor.py:925} INFO - DAG(s) 'example_sla_dag' retrieved from /home/airflow/.local/lib/python3.12/site-packages/airflow/example_dags/example_sla_dag.py
[2024-11-05T10:47:14.857+0000] {logging_mixin.py:190} INFO - [2024-11-05T10:47:14.857+0000] {dag.py:3239} INFO - Sync 1 DAGs
[2024-11-05T10:47:14.903+0000] {logging_mixin.py:190} INFO - [2024-11-05T10:47:14.903+0000] {dag.py:4180} INFO - Setting next_dagrun for example_sla_dag to 2024-11-05 10:44:00+00:00, run_after=2024-11-05 10:46:00+00:00
[2024-11-05T10:47:14.934+0000] {processor.py:208} INFO - Processing /home/airflow/.local/lib/python3.12/site-packages/airflow/example_dags/example_sla_dag.py took 0.148 seconds
[2024-11-05T10:47:45.010+0000] {processor.py:186} INFO - Started process (PID=1389) to work on /home/airflow/.local/lib/python3.12/site-packages/airflow/example_dags/example_sla_dag.py
[2024-11-05T10:47:45.011+0000] {processor.py:914} INFO - Processing file /home/airflow/.local/lib/python3.12/site-packages/airflow/example_dags/example_sla_dag.py for tasks to queue
[2024-11-05T10:47:45.016+0000] {logging_mixin.py:190} INFO - [2024-11-05T10:47:45.015+0000] {dagbag.py:588} INFO - Filling up the DagBag from /home/airflow/.local/lib/python3.12/site-packages/airflow/example_dags/example_sla_dag.py
[2024-11-05T10:47:45.026+0000] {processor.py:925} INFO - DAG(s) 'example_sla_dag' retrieved from /home/airflow/.local/lib/python3.12/site-packages/airflow/example_dags/example_sla_dag.py
[2024-11-05T10:47:45.049+0000] {logging_mixin.py:190} INFO - [2024-11-05T10:47:45.048+0000] {dag.py:3239} INFO - Sync 1 DAGs
[2024-11-05T10:47:45.077+0000] {logging_mixin.py:190} INFO - [2024-11-05T10:47:45.077+0000] {dag.py:4180} INFO - Setting next_dagrun for example_sla_dag to 2024-11-05 10:44:00+00:00, run_after=2024-11-05 10:46:00+00:00
[2024-11-05T10:47:45.101+0000] {processor.py:208} INFO - Processing /home/airflow/.local/lib/python3.12/site-packages/airflow/example_dags/example_sla_dag.py took 0.098 seconds
[2024-11-05T10:48:15.383+0000] {processor.py:186} INFO - Started process (PID=1451) to work on /home/airflow/.local/lib/python3.12/site-packages/airflow/example_dags/example_sla_dag.py
[2024-11-05T10:48:15.383+0000] {processor.py:914} INFO - Processing file /home/airflow/.local/lib/python3.12/site-packages/airflow/example_dags/example_sla_dag.py for tasks to queue
[2024-11-05T10:48:15.386+0000] {logging_mixin.py:190} INFO - [2024-11-05T10:48:15.385+0000] {dagbag.py:588} INFO - Filling up the DagBag from /home/airflow/.local/lib/python3.12/site-packages/airflow/example_dags/example_sla_dag.py
[2024-11-05T10:48:15.397+0000] {processor.py:925} INFO - DAG(s) 'example_sla_dag' retrieved from /home/airflow/.local/lib/python3.12/site-packages/airflow/example_dags/example_sla_dag.py
[2024-11-05T10:48:15.417+0000] {logging_mixin.py:190} INFO - [2024-11-05T10:48:15.417+0000] {dag.py:3239} INFO - Sync 1 DAGs
[2024-11-05T10:48:15.450+0000] {logging_mixin.py:190} INFO - [2024-11-05T10:48:15.450+0000] {dag.py:4180} INFO - Setting next_dagrun for example_sla_dag to 2024-11-05 10:46:00+00:00, run_after=2024-11-05 10:48:00+00:00
[2024-11-05T10:48:15.470+0000] {processor.py:208} INFO - Processing /home/airflow/.local/lib/python3.12/site-packages/airflow/example_dags/example_sla_dag.py took 0.094 seconds
[2024-11-05T10:48:46.284+0000] {processor.py:186} INFO - Started process (PID=1514) to work on /home/airflow/.local/lib/python3.12/site-packages/airflow/example_dags/example_sla_dag.py
[2024-11-05T10:48:46.286+0000] {processor.py:914} INFO - Processing file /home/airflow/.local/lib/python3.12/site-packages/airflow/example_dags/example_sla_dag.py for tasks to queue
[2024-11-05T10:48:46.289+0000] {logging_mixin.py:190} INFO - [2024-11-05T10:48:46.289+0000] {dagbag.py:588} INFO - Filling up the DagBag from /home/airflow/.local/lib/python3.12/site-packages/airflow/example_dags/example_sla_dag.py
[2024-11-05T10:48:46.303+0000] {processor.py:925} INFO - DAG(s) 'example_sla_dag' retrieved from /home/airflow/.local/lib/python3.12/site-packages/airflow/example_dags/example_sla_dag.py
[2024-11-05T10:48:46.335+0000] {logging_mixin.py:190} INFO - [2024-11-05T10:48:46.335+0000] {dag.py:3239} INFO - Sync 1 DAGs
[2024-11-05T10:48:46.374+0000] {logging_mixin.py:190} INFO - [2024-11-05T10:48:46.374+0000] {dag.py:4180} INFO - Setting next_dagrun for example_sla_dag to 2024-11-05 10:46:00+00:00, run_after=2024-11-05 10:48:00+00:00
[2024-11-05T10:48:46.405+0000] {processor.py:208} INFO - Processing /home/airflow/.local/lib/python3.12/site-packages/airflow/example_dags/example_sla_dag.py took 0.129 seconds
[2024-11-05T10:49:17.081+0000] {processor.py:186} INFO - Started process (PID=1576) to work on /home/airflow/.local/lib/python3.12/site-packages/airflow/example_dags/example_sla_dag.py
[2024-11-05T10:49:17.084+0000] {processor.py:914} INFO - Processing file /home/airflow/.local/lib/python3.12/site-packages/airflow/example_dags/example_sla_dag.py for tasks to queue
[2024-11-05T10:49:17.090+0000] {logging_mixin.py:190} INFO - [2024-11-05T10:49:17.089+0000] {dagbag.py:588} INFO - Filling up the DagBag from /home/airflow/.local/lib/python3.12/site-packages/airflow/example_dags/example_sla_dag.py
[2024-11-05T10:49:17.112+0000] {processor.py:925} INFO - DAG(s) 'example_sla_dag' retrieved from /home/airflow/.local/lib/python3.12/site-packages/airflow/example_dags/example_sla_dag.py
[2024-11-05T10:49:17.144+0000] {logging_mixin.py:190} INFO - [2024-11-05T10:49:17.143+0000] {dag.py:3239} INFO - Sync 1 DAGs
[2024-11-05T10:49:17.193+0000] {logging_mixin.py:190} INFO - [2024-11-05T10:49:17.192+0000] {dag.py:4180} INFO - Setting next_dagrun for example_sla_dag to 2024-11-05 10:46:00+00:00, run_after=2024-11-05 10:48:00+00:00
[2024-11-05T10:49:17.221+0000] {processor.py:208} INFO - Processing /home/airflow/.local/lib/python3.12/site-packages/airflow/example_dags/example_sla_dag.py took 0.150 seconds
[2024-11-05T10:49:47.357+0000] {processor.py:186} INFO - Started process (PID=1639) to work on /home/airflow/.local/lib/python3.12/site-packages/airflow/example_dags/example_sla_dag.py
[2024-11-05T10:49:47.359+0000] {processor.py:914} INFO - Processing file /home/airflow/.local/lib/python3.12/site-packages/airflow/example_dags/example_sla_dag.py for tasks to queue
[2024-11-05T10:49:47.364+0000] {logging_mixin.py:190} INFO - [2024-11-05T10:49:47.363+0000] {dagbag.py:588} INFO - Filling up the DagBag from /home/airflow/.local/lib/python3.12/site-packages/airflow/example_dags/example_sla_dag.py
[2024-11-05T10:49:47.382+0000] {processor.py:925} INFO - DAG(s) 'example_sla_dag' retrieved from /home/airflow/.local/lib/python3.12/site-packages/airflow/example_dags/example_sla_dag.py
[2024-11-05T10:49:47.414+0000] {logging_mixin.py:190} INFO - [2024-11-05T10:49:47.413+0000] {dag.py:3239} INFO - Sync 1 DAGs
[2024-11-05T10:49:47.459+0000] {logging_mixin.py:190} INFO - [2024-11-05T10:49:47.458+0000] {dag.py:4180} INFO - Setting next_dagrun for example_sla_dag to 2024-11-05 10:46:00+00:00, run_after=2024-11-05 10:48:00+00:00
[2024-11-05T10:49:47.493+0000] {processor.py:208} INFO - Processing /home/airflow/.local/lib/python3.12/site-packages/airflow/example_dags/example_sla_dag.py took 0.145 seconds
[2024-11-05T10:50:17.844+0000] {processor.py:186} INFO - Started process (PID=1702) to work on /home/airflow/.local/lib/python3.12/site-packages/airflow/example_dags/example_sla_dag.py
[2024-11-05T10:50:17.846+0000] {processor.py:914} INFO - Processing file /home/airflow/.local/lib/python3.12/site-packages/airflow/example_dags/example_sla_dag.py for tasks to queue
[2024-11-05T10:50:17.848+0000] {logging_mixin.py:190} INFO - [2024-11-05T10:50:17.847+0000] {dagbag.py:588} INFO - Filling up the DagBag from /home/airflow/.local/lib/python3.12/site-packages/airflow/example_dags/example_sla_dag.py
[2024-11-05T10:50:17.862+0000] {processor.py:925} INFO - DAG(s) 'example_sla_dag' retrieved from /home/airflow/.local/lib/python3.12/site-packages/airflow/example_dags/example_sla_dag.py
[2024-11-05T10:50:17.901+0000] {logging_mixin.py:190} INFO - [2024-11-05T10:50:17.900+0000] {dag.py:3239} INFO - Sync 1 DAGs
[2024-11-05T10:50:17.935+0000] {logging_mixin.py:190} INFO - [2024-11-05T10:50:17.934+0000] {dag.py:4180} INFO - Setting next_dagrun for example_sla_dag to 2024-11-05 10:48:00+00:00, run_after=2024-11-05 10:50:00+00:00
[2024-11-05T10:50:17.960+0000] {processor.py:208} INFO - Processing /home/airflow/.local/lib/python3.12/site-packages/airflow/example_dags/example_sla_dag.py took 0.123 seconds
[2024-11-05T10:50:48.390+0000] {processor.py:186} INFO - Started process (PID=1764) to work on /home/airflow/.local/lib/python3.12/site-packages/airflow/example_dags/example_sla_dag.py
[2024-11-05T10:50:48.391+0000] {processor.py:914} INFO - Processing file /home/airflow/.local/lib/python3.12/site-packages/airflow/example_dags/example_sla_dag.py for tasks to queue
[2024-11-05T10:50:48.395+0000] {logging_mixin.py:190} INFO - [2024-11-05T10:50:48.394+0000] {dagbag.py:588} INFO - Filling up the DagBag from /home/airflow/.local/lib/python3.12/site-packages/airflow/example_dags/example_sla_dag.py
[2024-11-05T10:50:48.409+0000] {processor.py:925} INFO - DAG(s) 'example_sla_dag' retrieved from /home/airflow/.local/lib/python3.12/site-packages/airflow/example_dags/example_sla_dag.py
[2024-11-05T10:50:48.439+0000] {logging_mixin.py:190} INFO - [2024-11-05T10:50:48.439+0000] {dag.py:3239} INFO - Sync 1 DAGs
[2024-11-05T10:50:48.471+0000] {logging_mixin.py:190} INFO - [2024-11-05T10:50:48.471+0000] {dag.py:4180} INFO - Setting next_dagrun for example_sla_dag to 2024-11-05 10:48:00+00:00, run_after=2024-11-05 10:50:00+00:00
[2024-11-05T10:50:48.497+0000] {processor.py:208} INFO - Processing /home/airflow/.local/lib/python3.12/site-packages/airflow/example_dags/example_sla_dag.py took 0.114 seconds
[2024-11-05T10:51:18.801+0000] {processor.py:186} INFO - Started process (PID=1827) to work on /home/airflow/.local/lib/python3.12/site-packages/airflow/example_dags/example_sla_dag.py
[2024-11-05T10:51:18.802+0000] {processor.py:914} INFO - Processing file /home/airflow/.local/lib/python3.12/site-packages/airflow/example_dags/example_sla_dag.py for tasks to queue
[2024-11-05T10:51:18.809+0000] {logging_mixin.py:190} INFO - [2024-11-05T10:51:18.808+0000] {dagbag.py:588} INFO - Filling up the DagBag from /home/airflow/.local/lib/python3.12/site-packages/airflow/example_dags/example_sla_dag.py
[2024-11-05T10:51:18.834+0000] {processor.py:925} INFO - DAG(s) 'example_sla_dag' retrieved from /home/airflow/.local/lib/python3.12/site-packages/airflow/example_dags/example_sla_dag.py
[2024-11-05T10:51:18.878+0000] {logging_mixin.py:190} INFO - [2024-11-05T10:51:18.877+0000] {dag.py:3239} INFO - Sync 1 DAGs
[2024-11-05T10:51:18.930+0000] {logging_mixin.py:190} INFO - [2024-11-05T10:51:18.930+0000] {dag.py:4180} INFO - Setting next_dagrun for example_sla_dag to 2024-11-05 10:48:00+00:00, run_after=2024-11-05 10:50:00+00:00
[2024-11-05T10:51:18.964+0000] {processor.py:208} INFO - Processing /home/airflow/.local/lib/python3.12/site-packages/airflow/example_dags/example_sla_dag.py took 0.176 seconds
[2024-11-05T10:51:49.104+0000] {processor.py:186} INFO - Started process (PID=1890) to work on /home/airflow/.local/lib/python3.12/site-packages/airflow/example_dags/example_sla_dag.py
[2024-11-05T10:51:49.106+0000] {processor.py:914} INFO - Processing file /home/airflow/.local/lib/python3.12/site-packages/airflow/example_dags/example_sla_dag.py for tasks to queue
[2024-11-05T10:51:49.109+0000] {logging_mixin.py:190} INFO - [2024-11-05T10:51:49.108+0000] {dagbag.py:588} INFO - Filling up the DagBag from /home/airflow/.local/lib/python3.12/site-packages/airflow/example_dags/example_sla_dag.py
[2024-11-05T10:51:49.124+0000] {processor.py:925} INFO - DAG(s) 'example_sla_dag' retrieved from /home/airflow/.local/lib/python3.12/site-packages/airflow/example_dags/example_sla_dag.py
[2024-11-05T10:51:49.147+0000] {logging_mixin.py:190} INFO - [2024-11-05T10:51:49.147+0000] {dag.py:3239} INFO - Sync 1 DAGs
[2024-11-05T10:51:49.177+0000] {logging_mixin.py:190} INFO - [2024-11-05T10:51:49.177+0000] {dag.py:4180} INFO - Setting next_dagrun for example_sla_dag to 2024-11-05 10:48:00+00:00, run_after=2024-11-05 10:50:00+00:00
[2024-11-05T10:51:49.197+0000] {processor.py:208} INFO - Processing /home/airflow/.local/lib/python3.12/site-packages/airflow/example_dags/example_sla_dag.py took 0.100 seconds
[2024-11-05T10:52:19.485+0000] {processor.py:186} INFO - Started process (PID=1954) to work on /home/airflow/.local/lib/python3.12/site-packages/airflow/example_dags/example_sla_dag.py
[2024-11-05T10:52:19.486+0000] {processor.py:914} INFO - Processing file /home/airflow/.local/lib/python3.12/site-packages/airflow/example_dags/example_sla_dag.py for tasks to queue
[2024-11-05T10:52:19.490+0000] {logging_mixin.py:190} INFO - [2024-11-05T10:52:19.489+0000] {dagbag.py:588} INFO - Filling up the DagBag from /home/airflow/.local/lib/python3.12/site-packages/airflow/example_dags/example_sla_dag.py
[2024-11-05T10:52:19.505+0000] {processor.py:925} INFO - DAG(s) 'example_sla_dag' retrieved from /home/airflow/.local/lib/python3.12/site-packages/airflow/example_dags/example_sla_dag.py
[2024-11-05T10:52:19.532+0000] {logging_mixin.py:190} INFO - [2024-11-05T10:52:19.532+0000] {dag.py:3239} INFO - Sync 1 DAGs
[2024-11-05T10:52:19.577+0000] {logging_mixin.py:190} INFO - [2024-11-05T10:52:19.576+0000] {dag.py:4180} INFO - Setting next_dagrun for example_sla_dag to 2024-11-05 10:50:00+00:00, run_after=2024-11-05 10:52:00+00:00
[2024-11-05T10:52:19.601+0000] {processor.py:208} INFO - Processing /home/airflow/.local/lib/python3.12/site-packages/airflow/example_dags/example_sla_dag.py took 0.125 seconds
[2024-11-05T10:52:50.104+0000] {processor.py:186} INFO - Started process (PID=2017) to work on /home/airflow/.local/lib/python3.12/site-packages/airflow/example_dags/example_sla_dag.py
[2024-11-05T10:52:50.106+0000] {processor.py:914} INFO - Processing file /home/airflow/.local/lib/python3.12/site-packages/airflow/example_dags/example_sla_dag.py for tasks to queue
[2024-11-05T10:52:50.109+0000] {logging_mixin.py:190} INFO - [2024-11-05T10:52:50.108+0000] {dagbag.py:588} INFO - Filling up the DagBag from /home/airflow/.local/lib/python3.12/site-packages/airflow/example_dags/example_sla_dag.py
[2024-11-05T10:52:50.121+0000] {processor.py:925} INFO - DAG(s) 'example_sla_dag' retrieved from /home/airflow/.local/lib/python3.12/site-packages/airflow/example_dags/example_sla_dag.py
[2024-11-05T10:52:50.147+0000] {logging_mixin.py:190} INFO - [2024-11-05T10:52:50.147+0000] {dag.py:3239} INFO - Sync 1 DAGs
[2024-11-05T10:52:50.193+0000] {logging_mixin.py:190} INFO - [2024-11-05T10:52:50.193+0000] {dag.py:4180} INFO - Setting next_dagrun for example_sla_dag to 2024-11-05 10:50:00+00:00, run_after=2024-11-05 10:52:00+00:00
[2024-11-05T10:52:50.223+0000] {processor.py:208} INFO - Processing /home/airflow/.local/lib/python3.12/site-packages/airflow/example_dags/example_sla_dag.py took 0.128 seconds
[2024-11-05T10:53:20.418+0000] {processor.py:186} INFO - Started process (PID=2080) to work on /home/airflow/.local/lib/python3.12/site-packages/airflow/example_dags/example_sla_dag.py
[2024-11-05T10:53:20.419+0000] {processor.py:914} INFO - Processing file /home/airflow/.local/lib/python3.12/site-packages/airflow/example_dags/example_sla_dag.py for tasks to queue
[2024-11-05T10:53:20.424+0000] {logging_mixin.py:190} INFO - [2024-11-05T10:53:20.423+0000] {dagbag.py:588} INFO - Filling up the DagBag from /home/airflow/.local/lib/python3.12/site-packages/airflow/example_dags/example_sla_dag.py
[2024-11-05T10:53:20.438+0000] {processor.py:925} INFO - DAG(s) 'example_sla_dag' retrieved from /home/airflow/.local/lib/python3.12/site-packages/airflow/example_dags/example_sla_dag.py
[2024-11-05T10:53:20.465+0000] {logging_mixin.py:190} INFO - [2024-11-05T10:53:20.465+0000] {dag.py:3239} INFO - Sync 1 DAGs
[2024-11-05T10:53:20.509+0000] {logging_mixin.py:190} INFO - [2024-11-05T10:53:20.509+0000] {dag.py:4180} INFO - Setting next_dagrun for example_sla_dag to 2024-11-05 10:50:00+00:00, run_after=2024-11-05 10:52:00+00:00
[2024-11-05T10:53:20.533+0000] {processor.py:208} INFO - Processing /home/airflow/.local/lib/python3.12/site-packages/airflow/example_dags/example_sla_dag.py took 0.121 seconds
[2024-11-05T10:53:50.828+0000] {processor.py:186} INFO - Started process (PID=2143) to work on /home/airflow/.local/lib/python3.12/site-packages/airflow/example_dags/example_sla_dag.py
[2024-11-05T10:53:50.829+0000] {processor.py:914} INFO - Processing file /home/airflow/.local/lib/python3.12/site-packages/airflow/example_dags/example_sla_dag.py for tasks to queue
[2024-11-05T10:53:50.832+0000] {logging_mixin.py:190} INFO - [2024-11-05T10:53:50.831+0000] {dagbag.py:588} INFO - Filling up the DagBag from /home/airflow/.local/lib/python3.12/site-packages/airflow/example_dags/example_sla_dag.py
[2024-11-05T10:53:50.845+0000] {processor.py:925} INFO - DAG(s) 'example_sla_dag' retrieved from /home/airflow/.local/lib/python3.12/site-packages/airflow/example_dags/example_sla_dag.py
[2024-11-05T10:53:50.865+0000] {logging_mixin.py:190} INFO - [2024-11-05T10:53:50.865+0000] {dag.py:3239} INFO - Sync 1 DAGs
[2024-11-05T10:53:50.898+0000] {logging_mixin.py:190} INFO - [2024-11-05T10:53:50.898+0000] {dag.py:4180} INFO - Setting next_dagrun for example_sla_dag to 2024-11-05 10:50:00+00:00, run_after=2024-11-05 10:52:00+00:00
[2024-11-05T10:53:50.920+0000] {processor.py:208} INFO - Processing /home/airflow/.local/lib/python3.12/site-packages/airflow/example_dags/example_sla_dag.py took 0.098 seconds
[2024-11-05T10:54:21.028+0000] {processor.py:186} INFO - Started process (PID=2206) to work on /home/airflow/.local/lib/python3.12/site-packages/airflow/example_dags/example_sla_dag.py
[2024-11-05T10:54:21.029+0000] {processor.py:914} INFO - Processing file /home/airflow/.local/lib/python3.12/site-packages/airflow/example_dags/example_sla_dag.py for tasks to queue
[2024-11-05T10:54:21.031+0000] {logging_mixin.py:190} INFO - [2024-11-05T10:54:21.031+0000] {dagbag.py:588} INFO - Filling up the DagBag from /home/airflow/.local/lib/python3.12/site-packages/airflow/example_dags/example_sla_dag.py
[2024-11-05T10:54:21.041+0000] {processor.py:925} INFO - DAG(s) 'example_sla_dag' retrieved from /home/airflow/.local/lib/python3.12/site-packages/airflow/example_dags/example_sla_dag.py
[2024-11-05T10:54:21.061+0000] {logging_mixin.py:190} INFO - [2024-11-05T10:54:21.061+0000] {dag.py:3239} INFO - Sync 1 DAGs
[2024-11-05T10:54:21.099+0000] {logging_mixin.py:190} INFO - [2024-11-05T10:54:21.098+0000] {dag.py:4180} INFO - Setting next_dagrun for example_sla_dag to 2024-11-05 10:52:00+00:00, run_after=2024-11-05 10:54:00+00:00
[2024-11-05T10:54:21.123+0000] {processor.py:208} INFO - Processing /home/airflow/.local/lib/python3.12/site-packages/airflow/example_dags/example_sla_dag.py took 0.101 seconds
