[2024-11-05T10:37:10.314+0000] {processor.py:186} INFO - Started process (PID=95) to work on /home/airflow/.local/lib/python3.12/site-packages/airflow/example_dags/example_complex.py
[2024-11-05T10:37:10.315+0000] {processor.py:914} INFO - Processing file /home/airflow/.local/lib/python3.12/site-packages/airflow/example_dags/example_complex.py for tasks to queue
[2024-11-05T10:37:10.318+0000] {logging_mixin.py:190} INFO - [2024-11-05T10:37:10.317+0000] {dagbag.py:588} INFO - Filling up the DagBag from /home/airflow/.local/lib/python3.12/site-packages/airflow/example_dags/example_complex.py
[2024-11-05T10:37:10.334+0000] {processor.py:925} INFO - DAG(s) 'example_complex' retrieved from /home/airflow/.local/lib/python3.12/site-packages/airflow/example_dags/example_complex.py
[2024-11-05T10:37:10.582+0000] {logging_mixin.py:190} INFO - [2024-11-05T10:37:10.581+0000] {override.py:1900} INFO - Created Permission View: can delete on DAG:example_complex
[2024-11-05T10:37:10.622+0000] {logging_mixin.py:190} INFO - [2024-11-05T10:37:10.621+0000] {override.py:1900} INFO - Created Permission View: can read on DAG:example_complex
[2024-11-05T10:37:10.640+0000] {logging_mixin.py:190} INFO - [2024-11-05T10:37:10.640+0000] {override.py:1900} INFO - Created Permission View: can edit on DAG:example_complex
[2024-11-05T10:37:10.652+0000] {logging_mixin.py:190} INFO - [2024-11-05T10:37:10.651+0000] {override.py:1900} INFO - Created Permission View: can delete on DAG Run:example_complex
[2024-11-05T10:37:10.663+0000] {logging_mixin.py:190} INFO - [2024-11-05T10:37:10.662+0000] {override.py:1900} INFO - Created Permission View: can create on DAG Run:example_complex
[2024-11-05T10:37:10.673+0000] {logging_mixin.py:190} INFO - [2024-11-05T10:37:10.672+0000] {override.py:1900} INFO - Created Permission View: can read on DAG Run:example_complex
[2024-11-05T10:37:10.684+0000] {logging_mixin.py:190} INFO - [2024-11-05T10:37:10.683+0000] {override.py:1900} INFO - Created Permission View: menu access on DAG Run:example_complex
[2024-11-05T10:37:10.684+0000] {logging_mixin.py:190} INFO - [2024-11-05T10:37:10.684+0000] {dag.py:3239} INFO - Sync 1 DAGs
[2024-11-05T10:37:10.705+0000] {logging_mixin.py:190} INFO - [2024-11-05T10:37:10.705+0000] {dag.py:3262} INFO - Creating ORM DAG for example_complex
[2024-11-05T10:37:10.706+0000] {logging_mixin.py:190} INFO - [2024-11-05T10:37:10.706+0000] {dag.py:4180} INFO - Setting next_dagrun for example_complex to None, run_after=None
[2024-11-05T10:37:10.735+0000] {processor.py:208} INFO - Processing /home/airflow/.local/lib/python3.12/site-packages/airflow/example_dags/example_complex.py took 0.427 seconds
[2024-11-05T10:37:40.807+0000] {processor.py:186} INFO - Started process (PID=156) to work on /home/airflow/.local/lib/python3.12/site-packages/airflow/example_dags/example_complex.py
[2024-11-05T10:37:40.809+0000] {processor.py:914} INFO - Processing file /home/airflow/.local/lib/python3.12/site-packages/airflow/example_dags/example_complex.py for tasks to queue
[2024-11-05T10:37:40.811+0000] {logging_mixin.py:190} INFO - [2024-11-05T10:37:40.811+0000] {dagbag.py:588} INFO - Filling up the DagBag from /home/airflow/.local/lib/python3.12/site-packages/airflow/example_dags/example_complex.py
[2024-11-05T10:37:40.825+0000] {processor.py:925} INFO - DAG(s) 'example_complex' retrieved from /home/airflow/.local/lib/python3.12/site-packages/airflow/example_dags/example_complex.py
[2024-11-05T10:37:40.868+0000] {logging_mixin.py:190} INFO - [2024-11-05T10:37:40.868+0000] {dag.py:3239} INFO - Sync 1 DAGs
[2024-11-05T10:37:40.883+0000] {logging_mixin.py:190} INFO - [2024-11-05T10:37:40.883+0000] {dag.py:4180} INFO - Setting next_dagrun for example_complex to None, run_after=None
[2024-11-05T10:37:40.902+0000] {processor.py:208} INFO - Processing /home/airflow/.local/lib/python3.12/site-packages/airflow/example_dags/example_complex.py took 0.101 seconds
[2024-11-05T10:38:11.043+0000] {processor.py:186} INFO - Started process (PID=219) to work on /home/airflow/.local/lib/python3.12/site-packages/airflow/example_dags/example_complex.py
[2024-11-05T10:38:11.043+0000] {processor.py:914} INFO - Processing file /home/airflow/.local/lib/python3.12/site-packages/airflow/example_dags/example_complex.py for tasks to queue
[2024-11-05T10:38:11.046+0000] {logging_mixin.py:190} INFO - [2024-11-05T10:38:11.045+0000] {dagbag.py:588} INFO - Filling up the DagBag from /home/airflow/.local/lib/python3.12/site-packages/airflow/example_dags/example_complex.py
[2024-11-05T10:38:11.058+0000] {processor.py:925} INFO - DAG(s) 'example_complex' retrieved from /home/airflow/.local/lib/python3.12/site-packages/airflow/example_dags/example_complex.py
[2024-11-05T10:38:11.097+0000] {logging_mixin.py:190} INFO - [2024-11-05T10:38:11.096+0000] {dag.py:3239} INFO - Sync 1 DAGs
[2024-11-05T10:38:11.116+0000] {logging_mixin.py:190} INFO - [2024-11-05T10:38:11.116+0000] {dag.py:4180} INFO - Setting next_dagrun for example_complex to None, run_after=None
[2024-11-05T10:38:11.135+0000] {processor.py:208} INFO - Processing /home/airflow/.local/lib/python3.12/site-packages/airflow/example_dags/example_complex.py took 0.098 seconds
[2024-11-05T10:38:41.657+0000] {processor.py:186} INFO - Started process (PID=282) to work on /home/airflow/.local/lib/python3.12/site-packages/airflow/example_dags/example_complex.py
[2024-11-05T10:38:41.658+0000] {processor.py:914} INFO - Processing file /home/airflow/.local/lib/python3.12/site-packages/airflow/example_dags/example_complex.py for tasks to queue
[2024-11-05T10:38:41.660+0000] {logging_mixin.py:190} INFO - [2024-11-05T10:38:41.659+0000] {dagbag.py:588} INFO - Filling up the DagBag from /home/airflow/.local/lib/python3.12/site-packages/airflow/example_dags/example_complex.py
[2024-11-05T10:38:41.674+0000] {processor.py:925} INFO - DAG(s) 'example_complex' retrieved from /home/airflow/.local/lib/python3.12/site-packages/airflow/example_dags/example_complex.py
[2024-11-05T10:38:41.713+0000] {logging_mixin.py:190} INFO - [2024-11-05T10:38:41.712+0000] {dag.py:3239} INFO - Sync 1 DAGs
[2024-11-05T10:38:41.730+0000] {logging_mixin.py:190} INFO - [2024-11-05T10:38:41.730+0000] {dag.py:4180} INFO - Setting next_dagrun for example_complex to None, run_after=None
[2024-11-05T10:38:41.753+0000] {processor.py:208} INFO - Processing /home/airflow/.local/lib/python3.12/site-packages/airflow/example_dags/example_complex.py took 0.103 seconds
[2024-11-05T10:39:12.044+0000] {processor.py:186} INFO - Started process (PID=344) to work on /home/airflow/.local/lib/python3.12/site-packages/airflow/example_dags/example_complex.py
[2024-11-05T10:39:12.045+0000] {processor.py:914} INFO - Processing file /home/airflow/.local/lib/python3.12/site-packages/airflow/example_dags/example_complex.py for tasks to queue
[2024-11-05T10:39:12.049+0000] {logging_mixin.py:190} INFO - [2024-11-05T10:39:12.048+0000] {dagbag.py:588} INFO - Filling up the DagBag from /home/airflow/.local/lib/python3.12/site-packages/airflow/example_dags/example_complex.py
[2024-11-05T10:39:12.069+0000] {processor.py:925} INFO - DAG(s) 'example_complex' retrieved from /home/airflow/.local/lib/python3.12/site-packages/airflow/example_dags/example_complex.py
[2024-11-05T10:39:12.138+0000] {logging_mixin.py:190} INFO - [2024-11-05T10:39:12.138+0000] {dag.py:3239} INFO - Sync 1 DAGs
[2024-11-05T10:39:12.161+0000] {logging_mixin.py:190} INFO - [2024-11-05T10:39:12.161+0000] {dag.py:4180} INFO - Setting next_dagrun for example_complex to None, run_after=None
[2024-11-05T10:39:12.185+0000] {processor.py:208} INFO - Processing /home/airflow/.local/lib/python3.12/site-packages/airflow/example_dags/example_complex.py took 0.150 seconds
[2024-11-05T10:39:42.409+0000] {processor.py:186} INFO - Started process (PID=406) to work on /home/airflow/.local/lib/python3.12/site-packages/airflow/example_dags/example_complex.py
[2024-11-05T10:39:42.410+0000] {processor.py:914} INFO - Processing file /home/airflow/.local/lib/python3.12/site-packages/airflow/example_dags/example_complex.py for tasks to queue
[2024-11-05T10:39:42.413+0000] {logging_mixin.py:190} INFO - [2024-11-05T10:39:42.413+0000] {dagbag.py:588} INFO - Filling up the DagBag from /home/airflow/.local/lib/python3.12/site-packages/airflow/example_dags/example_complex.py
[2024-11-05T10:39:42.433+0000] {processor.py:925} INFO - DAG(s) 'example_complex' retrieved from /home/airflow/.local/lib/python3.12/site-packages/airflow/example_dags/example_complex.py
[2024-11-05T10:39:42.471+0000] {logging_mixin.py:190} INFO - [2024-11-05T10:39:42.470+0000] {dag.py:3239} INFO - Sync 1 DAGs
[2024-11-05T10:39:42.492+0000] {logging_mixin.py:190} INFO - [2024-11-05T10:39:42.492+0000] {dag.py:4180} INFO - Setting next_dagrun for example_complex to None, run_after=None
[2024-11-05T10:39:42.512+0000] {processor.py:208} INFO - Processing /home/airflow/.local/lib/python3.12/site-packages/airflow/example_dags/example_complex.py took 0.109 seconds
[2024-11-05T10:40:12.797+0000] {processor.py:186} INFO - Started process (PID=469) to work on /home/airflow/.local/lib/python3.12/site-packages/airflow/example_dags/example_complex.py
[2024-11-05T10:40:12.798+0000] {processor.py:914} INFO - Processing file /home/airflow/.local/lib/python3.12/site-packages/airflow/example_dags/example_complex.py for tasks to queue
[2024-11-05T10:40:12.801+0000] {logging_mixin.py:190} INFO - [2024-11-05T10:40:12.801+0000] {dagbag.py:588} INFO - Filling up the DagBag from /home/airflow/.local/lib/python3.12/site-packages/airflow/example_dags/example_complex.py
[2024-11-05T10:40:12.820+0000] {processor.py:925} INFO - DAG(s) 'example_complex' retrieved from /home/airflow/.local/lib/python3.12/site-packages/airflow/example_dags/example_complex.py
[2024-11-05T10:40:12.856+0000] {logging_mixin.py:190} INFO - [2024-11-05T10:40:12.855+0000] {dag.py:3239} INFO - Sync 1 DAGs
[2024-11-05T10:40:12.875+0000] {logging_mixin.py:190} INFO - [2024-11-05T10:40:12.875+0000] {dag.py:4180} INFO - Setting next_dagrun for example_complex to None, run_after=None
[2024-11-05T10:40:12.899+0000] {processor.py:208} INFO - Processing /home/airflow/.local/lib/python3.12/site-packages/airflow/example_dags/example_complex.py took 0.110 seconds
[2024-11-05T10:40:43.170+0000] {processor.py:186} INFO - Started process (PID=532) to work on /home/airflow/.local/lib/python3.12/site-packages/airflow/example_dags/example_complex.py
[2024-11-05T10:40:43.171+0000] {processor.py:914} INFO - Processing file /home/airflow/.local/lib/python3.12/site-packages/airflow/example_dags/example_complex.py for tasks to queue
[2024-11-05T10:40:43.173+0000] {logging_mixin.py:190} INFO - [2024-11-05T10:40:43.173+0000] {dagbag.py:588} INFO - Filling up the DagBag from /home/airflow/.local/lib/python3.12/site-packages/airflow/example_dags/example_complex.py
[2024-11-05T10:40:43.186+0000] {processor.py:925} INFO - DAG(s) 'example_complex' retrieved from /home/airflow/.local/lib/python3.12/site-packages/airflow/example_dags/example_complex.py
[2024-11-05T10:40:43.222+0000] {logging_mixin.py:190} INFO - [2024-11-05T10:40:43.221+0000] {dag.py:3239} INFO - Sync 1 DAGs
[2024-11-05T10:40:43.241+0000] {logging_mixin.py:190} INFO - [2024-11-05T10:40:43.240+0000] {dag.py:4180} INFO - Setting next_dagrun for example_complex to None, run_after=None
[2024-11-05T10:40:43.259+0000] {processor.py:208} INFO - Processing /home/airflow/.local/lib/python3.12/site-packages/airflow/example_dags/example_complex.py took 0.094 seconds
[2024-11-05T10:41:13.515+0000] {processor.py:186} INFO - Started process (PID=595) to work on /home/airflow/.local/lib/python3.12/site-packages/airflow/example_dags/example_complex.py
[2024-11-05T10:41:13.516+0000] {processor.py:914} INFO - Processing file /home/airflow/.local/lib/python3.12/site-packages/airflow/example_dags/example_complex.py for tasks to queue
[2024-11-05T10:41:13.518+0000] {logging_mixin.py:190} INFO - [2024-11-05T10:41:13.518+0000] {dagbag.py:588} INFO - Filling up the DagBag from /home/airflow/.local/lib/python3.12/site-packages/airflow/example_dags/example_complex.py
[2024-11-05T10:41:13.530+0000] {processor.py:925} INFO - DAG(s) 'example_complex' retrieved from /home/airflow/.local/lib/python3.12/site-packages/airflow/example_dags/example_complex.py
[2024-11-05T10:41:13.572+0000] {logging_mixin.py:190} INFO - [2024-11-05T10:41:13.571+0000] {dag.py:3239} INFO - Sync 1 DAGs
[2024-11-05T10:41:13.589+0000] {logging_mixin.py:190} INFO - [2024-11-05T10:41:13.589+0000] {dag.py:4180} INFO - Setting next_dagrun for example_complex to None, run_after=None
[2024-11-05T10:41:13.613+0000] {processor.py:208} INFO - Processing /home/airflow/.local/lib/python3.12/site-packages/airflow/example_dags/example_complex.py took 0.104 seconds
[2024-11-05T10:41:43.698+0000] {processor.py:186} INFO - Started process (PID=658) to work on /home/airflow/.local/lib/python3.12/site-packages/airflow/example_dags/example_complex.py
[2024-11-05T10:41:43.698+0000] {processor.py:914} INFO - Processing file /home/airflow/.local/lib/python3.12/site-packages/airflow/example_dags/example_complex.py for tasks to queue
[2024-11-05T10:41:43.701+0000] {logging_mixin.py:190} INFO - [2024-11-05T10:41:43.700+0000] {dagbag.py:588} INFO - Filling up the DagBag from /home/airflow/.local/lib/python3.12/site-packages/airflow/example_dags/example_complex.py
[2024-11-05T10:41:43.714+0000] {processor.py:925} INFO - DAG(s) 'example_complex' retrieved from /home/airflow/.local/lib/python3.12/site-packages/airflow/example_dags/example_complex.py
[2024-11-05T10:41:43.757+0000] {logging_mixin.py:190} INFO - [2024-11-05T10:41:43.757+0000] {dag.py:3239} INFO - Sync 1 DAGs
[2024-11-05T10:41:43.775+0000] {logging_mixin.py:190} INFO - [2024-11-05T10:41:43.775+0000] {dag.py:4180} INFO - Setting next_dagrun for example_complex to None, run_after=None
[2024-11-05T10:41:43.794+0000] {processor.py:208} INFO - Processing /home/airflow/.local/lib/python3.12/site-packages/airflow/example_dags/example_complex.py took 0.102 seconds
[2024-11-05T10:42:14.395+0000] {processor.py:186} INFO - Started process (PID=721) to work on /home/airflow/.local/lib/python3.12/site-packages/airflow/example_dags/example_complex.py
[2024-11-05T10:42:14.396+0000] {processor.py:914} INFO - Processing file /home/airflow/.local/lib/python3.12/site-packages/airflow/example_dags/example_complex.py for tasks to queue
[2024-11-05T10:42:14.398+0000] {logging_mixin.py:190} INFO - [2024-11-05T10:42:14.398+0000] {dagbag.py:588} INFO - Filling up the DagBag from /home/airflow/.local/lib/python3.12/site-packages/airflow/example_dags/example_complex.py
[2024-11-05T10:42:14.412+0000] {processor.py:925} INFO - DAG(s) 'example_complex' retrieved from /home/airflow/.local/lib/python3.12/site-packages/airflow/example_dags/example_complex.py
[2024-11-05T10:42:14.472+0000] {logging_mixin.py:190} INFO - [2024-11-05T10:42:14.471+0000] {dag.py:3239} INFO - Sync 1 DAGs
[2024-11-05T10:42:14.502+0000] {logging_mixin.py:190} INFO - [2024-11-05T10:42:14.502+0000] {dag.py:4180} INFO - Setting next_dagrun for example_complex to None, run_after=None
[2024-11-05T10:42:14.531+0000] {processor.py:208} INFO - Processing /home/airflow/.local/lib/python3.12/site-packages/airflow/example_dags/example_complex.py took 0.143 seconds
[2024-11-05T10:42:44.744+0000] {processor.py:186} INFO - Started process (PID=783) to work on /home/airflow/.local/lib/python3.12/site-packages/airflow/example_dags/example_complex.py
[2024-11-05T10:42:44.745+0000] {processor.py:914} INFO - Processing file /home/airflow/.local/lib/python3.12/site-packages/airflow/example_dags/example_complex.py for tasks to queue
[2024-11-05T10:42:44.747+0000] {logging_mixin.py:190} INFO - [2024-11-05T10:42:44.747+0000] {dagbag.py:588} INFO - Filling up the DagBag from /home/airflow/.local/lib/python3.12/site-packages/airflow/example_dags/example_complex.py
[2024-11-05T10:42:44.760+0000] {processor.py:925} INFO - DAG(s) 'example_complex' retrieved from /home/airflow/.local/lib/python3.12/site-packages/airflow/example_dags/example_complex.py
[2024-11-05T10:42:44.795+0000] {logging_mixin.py:190} INFO - [2024-11-05T10:42:44.795+0000] {dag.py:3239} INFO - Sync 1 DAGs
[2024-11-05T10:42:44.810+0000] {logging_mixin.py:190} INFO - [2024-11-05T10:42:44.810+0000] {dag.py:4180} INFO - Setting next_dagrun for example_complex to None, run_after=None
[2024-11-05T10:42:44.834+0000] {processor.py:208} INFO - Processing /home/airflow/.local/lib/python3.12/site-packages/airflow/example_dags/example_complex.py took 0.097 seconds
[2024-11-05T10:43:15.764+0000] {processor.py:186} INFO - Started process (PID=846) to work on /home/airflow/.local/lib/python3.12/site-packages/airflow/example_dags/example_complex.py
[2024-11-05T10:43:15.765+0000] {processor.py:914} INFO - Processing file /home/airflow/.local/lib/python3.12/site-packages/airflow/example_dags/example_complex.py for tasks to queue
[2024-11-05T10:43:15.768+0000] {logging_mixin.py:190} INFO - [2024-11-05T10:43:15.767+0000] {dagbag.py:588} INFO - Filling up the DagBag from /home/airflow/.local/lib/python3.12/site-packages/airflow/example_dags/example_complex.py
[2024-11-05T10:43:15.782+0000] {processor.py:925} INFO - DAG(s) 'example_complex' retrieved from /home/airflow/.local/lib/python3.12/site-packages/airflow/example_dags/example_complex.py
[2024-11-05T10:43:15.820+0000] {logging_mixin.py:190} INFO - [2024-11-05T10:43:15.820+0000] {dag.py:3239} INFO - Sync 1 DAGs
[2024-11-05T10:43:15.837+0000] {logging_mixin.py:190} INFO - [2024-11-05T10:43:15.837+0000] {dag.py:4180} INFO - Setting next_dagrun for example_complex to None, run_after=None
[2024-11-05T10:43:15.860+0000] {processor.py:208} INFO - Processing /home/airflow/.local/lib/python3.12/site-packages/airflow/example_dags/example_complex.py took 0.102 seconds
[2024-11-05T10:43:46.213+0000] {processor.py:186} INFO - Started process (PID=910) to work on /home/airflow/.local/lib/python3.12/site-packages/airflow/example_dags/example_complex.py
[2024-11-05T10:43:46.215+0000] {processor.py:914} INFO - Processing file /home/airflow/.local/lib/python3.12/site-packages/airflow/example_dags/example_complex.py for tasks to queue
[2024-11-05T10:43:46.219+0000] {logging_mixin.py:190} INFO - [2024-11-05T10:43:46.218+0000] {dagbag.py:588} INFO - Filling up the DagBag from /home/airflow/.local/lib/python3.12/site-packages/airflow/example_dags/example_complex.py
[2024-11-05T10:43:46.240+0000] {processor.py:925} INFO - DAG(s) 'example_complex' retrieved from /home/airflow/.local/lib/python3.12/site-packages/airflow/example_dags/example_complex.py
[2024-11-05T10:43:46.305+0000] {logging_mixin.py:190} INFO - [2024-11-05T10:43:46.305+0000] {dag.py:3239} INFO - Sync 1 DAGs
[2024-11-05T10:43:46.332+0000] {logging_mixin.py:190} INFO - [2024-11-05T10:43:46.332+0000] {dag.py:4180} INFO - Setting next_dagrun for example_complex to None, run_after=None
[2024-11-05T10:43:46.363+0000] {processor.py:208} INFO - Processing /home/airflow/.local/lib/python3.12/site-packages/airflow/example_dags/example_complex.py took 0.159 seconds
[2024-11-05T10:44:16.611+0000] {processor.py:186} INFO - Started process (PID=974) to work on /home/airflow/.local/lib/python3.12/site-packages/airflow/example_dags/example_complex.py
[2024-11-05T10:44:16.612+0000] {processor.py:914} INFO - Processing file /home/airflow/.local/lib/python3.12/site-packages/airflow/example_dags/example_complex.py for tasks to queue
[2024-11-05T10:44:16.615+0000] {logging_mixin.py:190} INFO - [2024-11-05T10:44:16.614+0000] {dagbag.py:588} INFO - Filling up the DagBag from /home/airflow/.local/lib/python3.12/site-packages/airflow/example_dags/example_complex.py
[2024-11-05T10:44:16.629+0000] {processor.py:925} INFO - DAG(s) 'example_complex' retrieved from /home/airflow/.local/lib/python3.12/site-packages/airflow/example_dags/example_complex.py
[2024-11-05T10:44:16.682+0000] {logging_mixin.py:190} INFO - [2024-11-05T10:44:16.681+0000] {dag.py:3239} INFO - Sync 1 DAGs
[2024-11-05T10:44:16.704+0000] {logging_mixin.py:190} INFO - [2024-11-05T10:44:16.704+0000] {dag.py:4180} INFO - Setting next_dagrun for example_complex to None, run_after=None
[2024-11-05T10:44:16.726+0000] {processor.py:208} INFO - Processing /home/airflow/.local/lib/python3.12/site-packages/airflow/example_dags/example_complex.py took 0.124 seconds
[2024-11-05T10:44:47.072+0000] {processor.py:186} INFO - Started process (PID=1037) to work on /home/airflow/.local/lib/python3.12/site-packages/airflow/example_dags/example_complex.py
[2024-11-05T10:44:47.073+0000] {processor.py:914} INFO - Processing file /home/airflow/.local/lib/python3.12/site-packages/airflow/example_dags/example_complex.py for tasks to queue
[2024-11-05T10:44:47.076+0000] {logging_mixin.py:190} INFO - [2024-11-05T10:44:47.075+0000] {dagbag.py:588} INFO - Filling up the DagBag from /home/airflow/.local/lib/python3.12/site-packages/airflow/example_dags/example_complex.py
[2024-11-05T10:44:47.095+0000] {processor.py:925} INFO - DAG(s) 'example_complex' retrieved from /home/airflow/.local/lib/python3.12/site-packages/airflow/example_dags/example_complex.py
[2024-11-05T10:44:47.139+0000] {logging_mixin.py:190} INFO - [2024-11-05T10:44:47.138+0000] {dag.py:3239} INFO - Sync 1 DAGs
[2024-11-05T10:44:47.179+0000] {logging_mixin.py:190} INFO - [2024-11-05T10:44:47.178+0000] {dag.py:4180} INFO - Setting next_dagrun for example_complex to None, run_after=None
[2024-11-05T10:44:47.208+0000] {processor.py:208} INFO - Processing /home/airflow/.local/lib/python3.12/site-packages/airflow/example_dags/example_complex.py took 0.142 seconds
[2024-11-05T10:45:18.307+0000] {processor.py:186} INFO - Started process (PID=1100) to work on /home/airflow/.local/lib/python3.12/site-packages/airflow/example_dags/example_complex.py
[2024-11-05T10:45:18.308+0000] {processor.py:914} INFO - Processing file /home/airflow/.local/lib/python3.12/site-packages/airflow/example_dags/example_complex.py for tasks to queue
[2024-11-05T10:45:18.311+0000] {logging_mixin.py:190} INFO - [2024-11-05T10:45:18.310+0000] {dagbag.py:588} INFO - Filling up the DagBag from /home/airflow/.local/lib/python3.12/site-packages/airflow/example_dags/example_complex.py
[2024-11-05T10:45:18.326+0000] {processor.py:925} INFO - DAG(s) 'example_complex' retrieved from /home/airflow/.local/lib/python3.12/site-packages/airflow/example_dags/example_complex.py
[2024-11-05T10:45:18.365+0000] {logging_mixin.py:190} INFO - [2024-11-05T10:45:18.365+0000] {dag.py:3239} INFO - Sync 1 DAGs
[2024-11-05T10:45:18.382+0000] {logging_mixin.py:190} INFO - [2024-11-05T10:45:18.381+0000] {dag.py:4180} INFO - Setting next_dagrun for example_complex to None, run_after=None
[2024-11-05T10:45:18.403+0000] {processor.py:208} INFO - Processing /home/airflow/.local/lib/python3.12/site-packages/airflow/example_dags/example_complex.py took 0.101 seconds
[2024-11-05T10:45:48.725+0000] {processor.py:186} INFO - Started process (PID=1163) to work on /home/airflow/.local/lib/python3.12/site-packages/airflow/example_dags/example_complex.py
[2024-11-05T10:45:48.726+0000] {processor.py:914} INFO - Processing file /home/airflow/.local/lib/python3.12/site-packages/airflow/example_dags/example_complex.py for tasks to queue
[2024-11-05T10:45:48.729+0000] {logging_mixin.py:190} INFO - [2024-11-05T10:45:48.729+0000] {dagbag.py:588} INFO - Filling up the DagBag from /home/airflow/.local/lib/python3.12/site-packages/airflow/example_dags/example_complex.py
[2024-11-05T10:45:48.741+0000] {processor.py:925} INFO - DAG(s) 'example_complex' retrieved from /home/airflow/.local/lib/python3.12/site-packages/airflow/example_dags/example_complex.py
[2024-11-05T10:45:48.775+0000] {logging_mixin.py:190} INFO - [2024-11-05T10:45:48.775+0000] {dag.py:3239} INFO - Sync 1 DAGs
[2024-11-05T10:45:48.796+0000] {logging_mixin.py:190} INFO - [2024-11-05T10:45:48.796+0000] {dag.py:4180} INFO - Setting next_dagrun for example_complex to None, run_after=None
[2024-11-05T10:45:48.819+0000] {processor.py:208} INFO - Processing /home/airflow/.local/lib/python3.12/site-packages/airflow/example_dags/example_complex.py took 0.100 seconds
[2024-11-05T10:46:19.872+0000] {processor.py:186} INFO - Started process (PID=1226) to work on /home/airflow/.local/lib/python3.12/site-packages/airflow/example_dags/example_complex.py
[2024-11-05T10:46:19.873+0000] {processor.py:914} INFO - Processing file /home/airflow/.local/lib/python3.12/site-packages/airflow/example_dags/example_complex.py for tasks to queue
[2024-11-05T10:46:19.876+0000] {logging_mixin.py:190} INFO - [2024-11-05T10:46:19.875+0000] {dagbag.py:588} INFO - Filling up the DagBag from /home/airflow/.local/lib/python3.12/site-packages/airflow/example_dags/example_complex.py
[2024-11-05T10:46:19.895+0000] {processor.py:925} INFO - DAG(s) 'example_complex' retrieved from /home/airflow/.local/lib/python3.12/site-packages/airflow/example_dags/example_complex.py
[2024-11-05T10:46:19.949+0000] {logging_mixin.py:190} INFO - [2024-11-05T10:46:19.948+0000] {dag.py:3239} INFO - Sync 1 DAGs
[2024-11-05T10:46:19.971+0000] {logging_mixin.py:190} INFO - [2024-11-05T10:46:19.971+0000] {dag.py:4180} INFO - Setting next_dagrun for example_complex to None, run_after=None
[2024-11-05T10:46:19.998+0000] {processor.py:208} INFO - Processing /home/airflow/.local/lib/python3.12/site-packages/airflow/example_dags/example_complex.py took 0.134 seconds
[2024-11-05T10:46:50.584+0000] {processor.py:186} INFO - Started process (PID=1288) to work on /home/airflow/.local/lib/python3.12/site-packages/airflow/example_dags/example_complex.py
[2024-11-05T10:46:50.585+0000] {processor.py:914} INFO - Processing file /home/airflow/.local/lib/python3.12/site-packages/airflow/example_dags/example_complex.py for tasks to queue
[2024-11-05T10:46:50.589+0000] {logging_mixin.py:190} INFO - [2024-11-05T10:46:50.588+0000] {dagbag.py:588} INFO - Filling up the DagBag from /home/airflow/.local/lib/python3.12/site-packages/airflow/example_dags/example_complex.py
[2024-11-05T10:46:50.610+0000] {processor.py:925} INFO - DAG(s) 'example_complex' retrieved from /home/airflow/.local/lib/python3.12/site-packages/airflow/example_dags/example_complex.py
[2024-11-05T10:46:50.667+0000] {logging_mixin.py:190} INFO - [2024-11-05T10:46:50.667+0000] {dag.py:3239} INFO - Sync 1 DAGs
[2024-11-05T10:46:50.691+0000] {logging_mixin.py:190} INFO - [2024-11-05T10:46:50.691+0000] {dag.py:4180} INFO - Setting next_dagrun for example_complex to None, run_after=None
[2024-11-05T10:46:50.720+0000] {processor.py:208} INFO - Processing /home/airflow/.local/lib/python3.12/site-packages/airflow/example_dags/example_complex.py took 0.145 seconds
[2024-11-05T10:47:22.257+0000] {processor.py:186} INFO - Started process (PID=1351) to work on /home/airflow/.local/lib/python3.12/site-packages/airflow/example_dags/example_complex.py
[2024-11-05T10:47:22.260+0000] {processor.py:914} INFO - Processing file /home/airflow/.local/lib/python3.12/site-packages/airflow/example_dags/example_complex.py for tasks to queue
[2024-11-05T10:47:22.262+0000] {logging_mixin.py:190} INFO - [2024-11-05T10:47:22.262+0000] {dagbag.py:588} INFO - Filling up the DagBag from /home/airflow/.local/lib/python3.12/site-packages/airflow/example_dags/example_complex.py
[2024-11-05T10:47:22.287+0000] {processor.py:925} INFO - DAG(s) 'example_complex' retrieved from /home/airflow/.local/lib/python3.12/site-packages/airflow/example_dags/example_complex.py
[2024-11-05T10:47:22.373+0000] {logging_mixin.py:190} INFO - [2024-11-05T10:47:22.372+0000] {dag.py:3239} INFO - Sync 1 DAGs
[2024-11-05T10:47:22.400+0000] {logging_mixin.py:190} INFO - [2024-11-05T10:47:22.400+0000] {dag.py:4180} INFO - Setting next_dagrun for example_complex to None, run_after=None
[2024-11-05T10:47:22.437+0000] {processor.py:208} INFO - Processing /home/airflow/.local/lib/python3.12/site-packages/airflow/example_dags/example_complex.py took 0.193 seconds
[2024-11-05T10:47:52.802+0000] {processor.py:186} INFO - Started process (PID=1414) to work on /home/airflow/.local/lib/python3.12/site-packages/airflow/example_dags/example_complex.py
[2024-11-05T10:47:52.803+0000] {processor.py:914} INFO - Processing file /home/airflow/.local/lib/python3.12/site-packages/airflow/example_dags/example_complex.py for tasks to queue
[2024-11-05T10:47:52.806+0000] {logging_mixin.py:190} INFO - [2024-11-05T10:47:52.805+0000] {dagbag.py:588} INFO - Filling up the DagBag from /home/airflow/.local/lib/python3.12/site-packages/airflow/example_dags/example_complex.py
[2024-11-05T10:47:52.818+0000] {processor.py:925} INFO - DAG(s) 'example_complex' retrieved from /home/airflow/.local/lib/python3.12/site-packages/airflow/example_dags/example_complex.py
[2024-11-05T10:47:52.854+0000] {logging_mixin.py:190} INFO - [2024-11-05T10:47:52.854+0000] {dag.py:3239} INFO - Sync 1 DAGs
[2024-11-05T10:47:52.871+0000] {logging_mixin.py:190} INFO - [2024-11-05T10:47:52.870+0000] {dag.py:4180} INFO - Setting next_dagrun for example_complex to None, run_after=None
[2024-11-05T10:47:52.892+0000] {processor.py:208} INFO - Processing /home/airflow/.local/lib/python3.12/site-packages/airflow/example_dags/example_complex.py took 0.096 seconds
[2024-11-05T10:48:24.138+0000] {processor.py:186} INFO - Started process (PID=1476) to work on /home/airflow/.local/lib/python3.12/site-packages/airflow/example_dags/example_complex.py
[2024-11-05T10:48:24.139+0000] {processor.py:914} INFO - Processing file /home/airflow/.local/lib/python3.12/site-packages/airflow/example_dags/example_complex.py for tasks to queue
[2024-11-05T10:48:24.143+0000] {logging_mixin.py:190} INFO - [2024-11-05T10:48:24.142+0000] {dagbag.py:588} INFO - Filling up the DagBag from /home/airflow/.local/lib/python3.12/site-packages/airflow/example_dags/example_complex.py
[2024-11-05T10:48:24.166+0000] {processor.py:925} INFO - DAG(s) 'example_complex' retrieved from /home/airflow/.local/lib/python3.12/site-packages/airflow/example_dags/example_complex.py
[2024-11-05T10:48:24.229+0000] {logging_mixin.py:190} INFO - [2024-11-05T10:48:24.229+0000] {dag.py:3239} INFO - Sync 1 DAGs
[2024-11-05T10:48:24.258+0000] {logging_mixin.py:190} INFO - [2024-11-05T10:48:24.258+0000] {dag.py:4180} INFO - Setting next_dagrun for example_complex to None, run_after=None
[2024-11-05T10:48:24.332+0000] {processor.py:208} INFO - Processing /home/airflow/.local/lib/python3.12/site-packages/airflow/example_dags/example_complex.py took 0.203 seconds
[2024-11-05T10:48:54.813+0000] {processor.py:186} INFO - Started process (PID=1539) to work on /home/airflow/.local/lib/python3.12/site-packages/airflow/example_dags/example_complex.py
[2024-11-05T10:48:54.814+0000] {processor.py:914} INFO - Processing file /home/airflow/.local/lib/python3.12/site-packages/airflow/example_dags/example_complex.py for tasks to queue
[2024-11-05T10:48:54.818+0000] {logging_mixin.py:190} INFO - [2024-11-05T10:48:54.817+0000] {dagbag.py:588} INFO - Filling up the DagBag from /home/airflow/.local/lib/python3.12/site-packages/airflow/example_dags/example_complex.py
[2024-11-05T10:48:54.838+0000] {processor.py:925} INFO - DAG(s) 'example_complex' retrieved from /home/airflow/.local/lib/python3.12/site-packages/airflow/example_dags/example_complex.py
[2024-11-05T10:48:54.904+0000] {logging_mixin.py:190} INFO - [2024-11-05T10:48:54.903+0000] {dag.py:3239} INFO - Sync 1 DAGs
[2024-11-05T10:48:54.931+0000] {logging_mixin.py:190} INFO - [2024-11-05T10:48:54.931+0000] {dag.py:4180} INFO - Setting next_dagrun for example_complex to None, run_after=None
[2024-11-05T10:48:54.971+0000] {processor.py:208} INFO - Processing /home/airflow/.local/lib/python3.12/site-packages/airflow/example_dags/example_complex.py took 0.166 seconds
[2024-11-05T10:49:25.804+0000] {processor.py:186} INFO - Started process (PID=1601) to work on /home/airflow/.local/lib/python3.12/site-packages/airflow/example_dags/example_complex.py
[2024-11-05T10:49:25.806+0000] {processor.py:914} INFO - Processing file /home/airflow/.local/lib/python3.12/site-packages/airflow/example_dags/example_complex.py for tasks to queue
[2024-11-05T10:49:25.809+0000] {logging_mixin.py:190} INFO - [2024-11-05T10:49:25.808+0000] {dagbag.py:588} INFO - Filling up the DagBag from /home/airflow/.local/lib/python3.12/site-packages/airflow/example_dags/example_complex.py
[2024-11-05T10:49:25.828+0000] {processor.py:925} INFO - DAG(s) 'example_complex' retrieved from /home/airflow/.local/lib/python3.12/site-packages/airflow/example_dags/example_complex.py
[2024-11-05T10:49:25.881+0000] {logging_mixin.py:190} INFO - [2024-11-05T10:49:25.880+0000] {dag.py:3239} INFO - Sync 1 DAGs
[2024-11-05T10:49:25.909+0000] {logging_mixin.py:190} INFO - [2024-11-05T10:49:25.909+0000] {dag.py:4180} INFO - Setting next_dagrun for example_complex to None, run_after=None
[2024-11-05T10:49:25.941+0000] {processor.py:208} INFO - Processing /home/airflow/.local/lib/python3.12/site-packages/airflow/example_dags/example_complex.py took 0.151 seconds
[2024-11-05T10:49:56.022+0000] {processor.py:186} INFO - Started process (PID=1664) to work on /home/airflow/.local/lib/python3.12/site-packages/airflow/example_dags/example_complex.py
[2024-11-05T10:49:56.023+0000] {processor.py:914} INFO - Processing file /home/airflow/.local/lib/python3.12/site-packages/airflow/example_dags/example_complex.py for tasks to queue
[2024-11-05T10:49:56.027+0000] {logging_mixin.py:190} INFO - [2024-11-05T10:49:56.026+0000] {dagbag.py:588} INFO - Filling up the DagBag from /home/airflow/.local/lib/python3.12/site-packages/airflow/example_dags/example_complex.py
[2024-11-05T10:49:56.043+0000] {processor.py:925} INFO - DAG(s) 'example_complex' retrieved from /home/airflow/.local/lib/python3.12/site-packages/airflow/example_dags/example_complex.py
[2024-11-05T10:49:56.087+0000] {logging_mixin.py:190} INFO - [2024-11-05T10:49:56.087+0000] {dag.py:3239} INFO - Sync 1 DAGs
[2024-11-05T10:49:56.104+0000] {logging_mixin.py:190} INFO - [2024-11-05T10:49:56.103+0000] {dag.py:4180} INFO - Setting next_dagrun for example_complex to None, run_after=None
[2024-11-05T10:49:56.124+0000] {processor.py:208} INFO - Processing /home/airflow/.local/lib/python3.12/site-packages/airflow/example_dags/example_complex.py took 0.111 seconds
[2024-11-05T10:50:26.284+0000] {processor.py:186} INFO - Started process (PID=1726) to work on /home/airflow/.local/lib/python3.12/site-packages/airflow/example_dags/example_complex.py
[2024-11-05T10:50:26.285+0000] {processor.py:914} INFO - Processing file /home/airflow/.local/lib/python3.12/site-packages/airflow/example_dags/example_complex.py for tasks to queue
[2024-11-05T10:50:26.288+0000] {logging_mixin.py:190} INFO - [2024-11-05T10:50:26.288+0000] {dagbag.py:588} INFO - Filling up the DagBag from /home/airflow/.local/lib/python3.12/site-packages/airflow/example_dags/example_complex.py
[2024-11-05T10:50:26.304+0000] {processor.py:925} INFO - DAG(s) 'example_complex' retrieved from /home/airflow/.local/lib/python3.12/site-packages/airflow/example_dags/example_complex.py
[2024-11-05T10:50:26.342+0000] {logging_mixin.py:190} INFO - [2024-11-05T10:50:26.341+0000] {dag.py:3239} INFO - Sync 1 DAGs
[2024-11-05T10:50:26.358+0000] {logging_mixin.py:190} INFO - [2024-11-05T10:50:26.358+0000] {dag.py:4180} INFO - Setting next_dagrun for example_complex to None, run_after=None
[2024-11-05T10:50:26.380+0000] {processor.py:208} INFO - Processing /home/airflow/.local/lib/python3.12/site-packages/airflow/example_dags/example_complex.py took 0.103 seconds
[2024-11-05T10:50:56.446+0000] {processor.py:186} INFO - Started process (PID=1788) to work on /home/airflow/.local/lib/python3.12/site-packages/airflow/example_dags/example_complex.py
[2024-11-05T10:50:56.447+0000] {processor.py:914} INFO - Processing file /home/airflow/.local/lib/python3.12/site-packages/airflow/example_dags/example_complex.py for tasks to queue
[2024-11-05T10:50:56.449+0000] {logging_mixin.py:190} INFO - [2024-11-05T10:50:56.449+0000] {dagbag.py:588} INFO - Filling up the DagBag from /home/airflow/.local/lib/python3.12/site-packages/airflow/example_dags/example_complex.py
[2024-11-05T10:50:56.461+0000] {processor.py:925} INFO - DAG(s) 'example_complex' retrieved from /home/airflow/.local/lib/python3.12/site-packages/airflow/example_dags/example_complex.py
[2024-11-05T10:50:56.494+0000] {logging_mixin.py:190} INFO - [2024-11-05T10:50:56.493+0000] {dag.py:3239} INFO - Sync 1 DAGs
[2024-11-05T10:50:56.510+0000] {logging_mixin.py:190} INFO - [2024-11-05T10:50:56.510+0000] {dag.py:4180} INFO - Setting next_dagrun for example_complex to None, run_after=None
[2024-11-05T10:50:56.537+0000] {processor.py:208} INFO - Processing /home/airflow/.local/lib/python3.12/site-packages/airflow/example_dags/example_complex.py took 0.097 seconds
[2024-11-05T10:51:27.736+0000] {processor.py:186} INFO - Started process (PID=1851) to work on /home/airflow/.local/lib/python3.12/site-packages/airflow/example_dags/example_complex.py
[2024-11-05T10:51:27.738+0000] {processor.py:914} INFO - Processing file /home/airflow/.local/lib/python3.12/site-packages/airflow/example_dags/example_complex.py for tasks to queue
[2024-11-05T10:51:27.741+0000] {logging_mixin.py:190} INFO - [2024-11-05T10:51:27.740+0000] {dagbag.py:588} INFO - Filling up the DagBag from /home/airflow/.local/lib/python3.12/site-packages/airflow/example_dags/example_complex.py
[2024-11-05T10:51:27.763+0000] {processor.py:925} INFO - DAG(s) 'example_complex' retrieved from /home/airflow/.local/lib/python3.12/site-packages/airflow/example_dags/example_complex.py
[2024-11-05T10:51:27.814+0000] {logging_mixin.py:190} INFO - [2024-11-05T10:51:27.813+0000] {dag.py:3239} INFO - Sync 1 DAGs
[2024-11-05T10:51:27.831+0000] {logging_mixin.py:190} INFO - [2024-11-05T10:51:27.831+0000] {dag.py:4180} INFO - Setting next_dagrun for example_complex to None, run_after=None
[2024-11-05T10:51:27.869+0000] {processor.py:208} INFO - Processing /home/airflow/.local/lib/python3.12/site-packages/airflow/example_dags/example_complex.py took 0.141 seconds
[2024-11-05T10:51:58.524+0000] {processor.py:186} INFO - Started process (PID=1914) to work on /home/airflow/.local/lib/python3.12/site-packages/airflow/example_dags/example_complex.py
[2024-11-05T10:51:58.526+0000] {processor.py:914} INFO - Processing file /home/airflow/.local/lib/python3.12/site-packages/airflow/example_dags/example_complex.py for tasks to queue
[2024-11-05T10:51:58.531+0000] {logging_mixin.py:190} INFO - [2024-11-05T10:51:58.530+0000] {dagbag.py:588} INFO - Filling up the DagBag from /home/airflow/.local/lib/python3.12/site-packages/airflow/example_dags/example_complex.py
[2024-11-05T10:51:58.555+0000] {processor.py:925} INFO - DAG(s) 'example_complex' retrieved from /home/airflow/.local/lib/python3.12/site-packages/airflow/example_dags/example_complex.py
[2024-11-05T10:51:58.682+0000] {logging_mixin.py:190} INFO - [2024-11-05T10:51:58.682+0000] {dag.py:3239} INFO - Sync 1 DAGs
[2024-11-05T10:51:58.731+0000] {logging_mixin.py:190} INFO - [2024-11-05T10:51:58.731+0000] {dag.py:4180} INFO - Setting next_dagrun for example_complex to None, run_after=None
[2024-11-05T10:51:58.820+0000] {processor.py:208} INFO - Processing /home/airflow/.local/lib/python3.12/site-packages/airflow/example_dags/example_complex.py took 0.313 seconds
[2024-11-05T10:52:29.393+0000] {processor.py:186} INFO - Started process (PID=1978) to work on /home/airflow/.local/lib/python3.12/site-packages/airflow/example_dags/example_complex.py
[2024-11-05T10:52:29.395+0000] {processor.py:914} INFO - Processing file /home/airflow/.local/lib/python3.12/site-packages/airflow/example_dags/example_complex.py for tasks to queue
[2024-11-05T10:52:29.401+0000] {logging_mixin.py:190} INFO - [2024-11-05T10:52:29.400+0000] {dagbag.py:588} INFO - Filling up the DagBag from /home/airflow/.local/lib/python3.12/site-packages/airflow/example_dags/example_complex.py
[2024-11-05T10:52:29.429+0000] {processor.py:925} INFO - DAG(s) 'example_complex' retrieved from /home/airflow/.local/lib/python3.12/site-packages/airflow/example_dags/example_complex.py
[2024-11-05T10:52:29.501+0000] {logging_mixin.py:190} INFO - [2024-11-05T10:52:29.500+0000] {dag.py:3239} INFO - Sync 1 DAGs
[2024-11-05T10:52:29.533+0000] {logging_mixin.py:190} INFO - [2024-11-05T10:52:29.532+0000] {dag.py:4180} INFO - Setting next_dagrun for example_complex to None, run_after=None
[2024-11-05T10:52:29.588+0000] {processor.py:208} INFO - Processing /home/airflow/.local/lib/python3.12/site-packages/airflow/example_dags/example_complex.py took 0.210 seconds
[2024-11-05T10:52:59.805+0000] {processor.py:186} INFO - Started process (PID=2041) to work on /home/airflow/.local/lib/python3.12/site-packages/airflow/example_dags/example_complex.py
[2024-11-05T10:52:59.806+0000] {processor.py:914} INFO - Processing file /home/airflow/.local/lib/python3.12/site-packages/airflow/example_dags/example_complex.py for tasks to queue
[2024-11-05T10:52:59.808+0000] {logging_mixin.py:190} INFO - [2024-11-05T10:52:59.808+0000] {dagbag.py:588} INFO - Filling up the DagBag from /home/airflow/.local/lib/python3.12/site-packages/airflow/example_dags/example_complex.py
[2024-11-05T10:52:59.821+0000] {processor.py:925} INFO - DAG(s) 'example_complex' retrieved from /home/airflow/.local/lib/python3.12/site-packages/airflow/example_dags/example_complex.py
[2024-11-05T10:52:59.857+0000] {logging_mixin.py:190} INFO - [2024-11-05T10:52:59.857+0000] {dag.py:3239} INFO - Sync 1 DAGs
[2024-11-05T10:52:59.875+0000] {logging_mixin.py:190} INFO - [2024-11-05T10:52:59.875+0000] {dag.py:4180} INFO - Setting next_dagrun for example_complex to None, run_after=None
[2024-11-05T10:52:59.900+0000] {processor.py:208} INFO - Processing /home/airflow/.local/lib/python3.12/site-packages/airflow/example_dags/example_complex.py took 0.102 seconds
[2024-11-05T10:53:30.590+0000] {processor.py:186} INFO - Started process (PID=2110) to work on /home/airflow/.local/lib/python3.12/site-packages/airflow/example_dags/example_complex.py
[2024-11-05T10:53:30.606+0000] {processor.py:914} INFO - Processing file /home/airflow/.local/lib/python3.12/site-packages/airflow/example_dags/example_complex.py for tasks to queue
[2024-11-05T10:53:30.611+0000] {logging_mixin.py:190} INFO - [2024-11-05T10:53:30.610+0000] {dagbag.py:588} INFO - Filling up the DagBag from /home/airflow/.local/lib/python3.12/site-packages/airflow/example_dags/example_complex.py
[2024-11-05T10:53:30.646+0000] {processor.py:925} INFO - DAG(s) 'example_complex' retrieved from /home/airflow/.local/lib/python3.12/site-packages/airflow/example_dags/example_complex.py
[2024-11-05T10:53:30.742+0000] {logging_mixin.py:190} INFO - [2024-11-05T10:53:30.742+0000] {dag.py:3239} INFO - Sync 1 DAGs
[2024-11-05T10:53:30.786+0000] {logging_mixin.py:190} INFO - [2024-11-05T10:53:30.786+0000] {dag.py:4180} INFO - Setting next_dagrun for example_complex to None, run_after=None
[2024-11-05T10:53:30.842+0000] {processor.py:208} INFO - Processing /home/airflow/.local/lib/python3.12/site-packages/airflow/example_dags/example_complex.py took 0.274 seconds
[2024-11-05T10:54:00.949+0000] {processor.py:186} INFO - Started process (PID=2173) to work on /home/airflow/.local/lib/python3.12/site-packages/airflow/example_dags/example_complex.py
[2024-11-05T10:54:00.950+0000] {processor.py:914} INFO - Processing file /home/airflow/.local/lib/python3.12/site-packages/airflow/example_dags/example_complex.py for tasks to queue
[2024-11-05T10:54:00.955+0000] {logging_mixin.py:190} INFO - [2024-11-05T10:54:00.954+0000] {dagbag.py:588} INFO - Filling up the DagBag from /home/airflow/.local/lib/python3.12/site-packages/airflow/example_dags/example_complex.py
[2024-11-05T10:54:00.994+0000] {processor.py:925} INFO - DAG(s) 'example_complex' retrieved from /home/airflow/.local/lib/python3.12/site-packages/airflow/example_dags/example_complex.py
[2024-11-05T10:54:01.069+0000] {logging_mixin.py:190} INFO - [2024-11-05T10:54:01.069+0000] {dag.py:3239} INFO - Sync 1 DAGs
[2024-11-05T10:54:01.097+0000] {logging_mixin.py:190} INFO - [2024-11-05T10:54:01.096+0000] {dag.py:4180} INFO - Setting next_dagrun for example_complex to None, run_after=None
[2024-11-05T10:54:01.127+0000] {processor.py:208} INFO - Processing /home/airflow/.local/lib/python3.12/site-packages/airflow/example_dags/example_complex.py took 0.195 seconds
