[2024-11-05T10:37:06.091+0000] {processor.py:186} INFO - Started process (PID=73) to work on /home/airflow/.local/lib/python3.12/site-packages/airflow/example_dags/example_external_task_marker_dag.py
[2024-11-05T10:37:06.092+0000] {processor.py:914} INFO - Processing file /home/airflow/.local/lib/python3.12/site-packages/airflow/example_dags/example_external_task_marker_dag.py for tasks to queue
[2024-11-05T10:37:06.095+0000] {logging_mixin.py:190} INFO - [2024-11-05T10:37:06.095+0000] {dagbag.py:588} INFO - Filling up the DagBag from /home/airflow/.local/lib/python3.12/site-packages/airflow/example_dags/example_external_task_marker_dag.py
[2024-11-05T10:37:06.109+0000] {processor.py:925} INFO - DAG(s) 'example_external_task_marker_child', 'example_external_task_marker_parent' retrieved from /home/airflow/.local/lib/python3.12/site-packages/airflow/example_dags/example_external_task_marker_dag.py
[2024-11-05T10:37:06.323+0000] {logging_mixin.py:190} INFO - [2024-11-05T10:37:06.322+0000] {override.py:1900} INFO - Created Permission View: can delete on DAG:example_external_task_marker_child
[2024-11-05T10:37:06.340+0000] {logging_mixin.py:190} INFO - [2024-11-05T10:37:06.339+0000] {override.py:1900} INFO - Created Permission View: can read on DAG:example_external_task_marker_child
[2024-11-05T10:37:06.350+0000] {logging_mixin.py:190} INFO - [2024-11-05T10:37:06.350+0000] {override.py:1900} INFO - Created Permission View: can edit on DAG:example_external_task_marker_child
[2024-11-05T10:37:06.361+0000] {logging_mixin.py:190} INFO - [2024-11-05T10:37:06.360+0000] {override.py:1900} INFO - Created Permission View: can delete on DAG Run:example_external_task_marker_child
[2024-11-05T10:37:06.371+0000] {logging_mixin.py:190} INFO - [2024-11-05T10:37:06.370+0000] {override.py:1900} INFO - Created Permission View: can create on DAG Run:example_external_task_marker_child
[2024-11-05T10:37:06.382+0000] {logging_mixin.py:190} INFO - [2024-11-05T10:37:06.381+0000] {override.py:1900} INFO - Created Permission View: can read on DAG Run:example_external_task_marker_child
[2024-11-05T10:37:06.397+0000] {logging_mixin.py:190} INFO - [2024-11-05T10:37:06.397+0000] {override.py:1900} INFO - Created Permission View: menu access on DAG Run:example_external_task_marker_child
[2024-11-05T10:37:06.447+0000] {logging_mixin.py:190} INFO - [2024-11-05T10:37:06.447+0000] {override.py:1900} INFO - Created Permission View: can delete on DAG:example_external_task_marker_parent
[2024-11-05T10:37:06.461+0000] {logging_mixin.py:190} INFO - [2024-11-05T10:37:06.460+0000] {override.py:1900} INFO - Created Permission View: can read on DAG:example_external_task_marker_parent
[2024-11-05T10:37:06.492+0000] {logging_mixin.py:190} INFO - [2024-11-05T10:37:06.492+0000] {override.py:1900} INFO - Created Permission View: can edit on DAG:example_external_task_marker_parent
[2024-11-05T10:37:06.503+0000] {logging_mixin.py:190} INFO - [2024-11-05T10:37:06.503+0000] {override.py:1900} INFO - Created Permission View: can delete on DAG Run:example_external_task_marker_parent
[2024-11-05T10:37:06.515+0000] {logging_mixin.py:190} INFO - [2024-11-05T10:37:06.514+0000] {override.py:1900} INFO - Created Permission View: can create on DAG Run:example_external_task_marker_parent
[2024-11-05T10:37:06.525+0000] {logging_mixin.py:190} INFO - [2024-11-05T10:37:06.524+0000] {override.py:1900} INFO - Created Permission View: can read on DAG Run:example_external_task_marker_parent
[2024-11-05T10:37:06.534+0000] {logging_mixin.py:190} INFO - [2024-11-05T10:37:06.534+0000] {override.py:1900} INFO - Created Permission View: menu access on DAG Run:example_external_task_marker_parent
[2024-11-05T10:37:06.535+0000] {logging_mixin.py:190} INFO - [2024-11-05T10:37:06.534+0000] {dag.py:3239} INFO - Sync 2 DAGs
[2024-11-05T10:37:06.552+0000] {logging_mixin.py:190} INFO - [2024-11-05T10:37:06.552+0000] {dag.py:3262} INFO - Creating ORM DAG for example_external_task_marker_child
[2024-11-05T10:37:06.553+0000] {logging_mixin.py:190} INFO - [2024-11-05T10:37:06.553+0000] {dag.py:3262} INFO - Creating ORM DAG for example_external_task_marker_parent
[2024-11-05T10:37:06.554+0000] {logging_mixin.py:190} INFO - [2024-11-05T10:37:06.554+0000] {dag.py:4180} INFO - Setting next_dagrun for example_external_task_marker_child to None, run_after=None
[2024-11-05T10:37:06.555+0000] {logging_mixin.py:190} INFO - [2024-11-05T10:37:06.555+0000] {dag.py:4180} INFO - Setting next_dagrun for example_external_task_marker_parent to None, run_after=None
[2024-11-05T10:37:06.585+0000] {processor.py:208} INFO - Processing /home/airflow/.local/lib/python3.12/site-packages/airflow/example_dags/example_external_task_marker_dag.py took 0.503 seconds
[2024-11-05T10:37:37.369+0000] {processor.py:186} INFO - Started process (PID=135) to work on /home/airflow/.local/lib/python3.12/site-packages/airflow/example_dags/example_external_task_marker_dag.py
[2024-11-05T10:37:37.376+0000] {processor.py:914} INFO - Processing file /home/airflow/.local/lib/python3.12/site-packages/airflow/example_dags/example_external_task_marker_dag.py for tasks to queue
[2024-11-05T10:37:37.380+0000] {logging_mixin.py:190} INFO - [2024-11-05T10:37:37.379+0000] {dagbag.py:588} INFO - Filling up the DagBag from /home/airflow/.local/lib/python3.12/site-packages/airflow/example_dags/example_external_task_marker_dag.py
[2024-11-05T10:37:37.389+0000] {processor.py:925} INFO - DAG(s) 'example_external_task_marker_child', 'example_external_task_marker_parent' retrieved from /home/airflow/.local/lib/python3.12/site-packages/airflow/example_dags/example_external_task_marker_dag.py
[2024-11-05T10:37:37.413+0000] {logging_mixin.py:190} INFO - [2024-11-05T10:37:37.413+0000] {dag.py:3239} INFO - Sync 2 DAGs
[2024-11-05T10:37:37.430+0000] {logging_mixin.py:190} INFO - [2024-11-05T10:37:37.430+0000] {dag.py:4180} INFO - Setting next_dagrun for example_external_task_marker_child to None, run_after=None
[2024-11-05T10:37:37.434+0000] {logging_mixin.py:190} INFO - [2024-11-05T10:37:37.434+0000] {dag.py:4180} INFO - Setting next_dagrun for example_external_task_marker_parent to None, run_after=None
[2024-11-05T10:37:37.457+0000] {processor.py:208} INFO - Processing /home/airflow/.local/lib/python3.12/site-packages/airflow/example_dags/example_external_task_marker_dag.py took 0.094 seconds
[2024-11-05T10:38:07.644+0000] {processor.py:186} INFO - Started process (PID=198) to work on /home/airflow/.local/lib/python3.12/site-packages/airflow/example_dags/example_external_task_marker_dag.py
[2024-11-05T10:38:07.645+0000] {processor.py:914} INFO - Processing file /home/airflow/.local/lib/python3.12/site-packages/airflow/example_dags/example_external_task_marker_dag.py for tasks to queue
[2024-11-05T10:38:07.648+0000] {logging_mixin.py:190} INFO - [2024-11-05T10:38:07.648+0000] {dagbag.py:588} INFO - Filling up the DagBag from /home/airflow/.local/lib/python3.12/site-packages/airflow/example_dags/example_external_task_marker_dag.py
[2024-11-05T10:38:07.659+0000] {processor.py:925} INFO - DAG(s) 'example_external_task_marker_child', 'example_external_task_marker_parent' retrieved from /home/airflow/.local/lib/python3.12/site-packages/airflow/example_dags/example_external_task_marker_dag.py
[2024-11-05T10:38:07.689+0000] {logging_mixin.py:190} INFO - [2024-11-05T10:38:07.689+0000] {dag.py:3239} INFO - Sync 2 DAGs
[2024-11-05T10:38:07.713+0000] {logging_mixin.py:190} INFO - [2024-11-05T10:38:07.713+0000] {dag.py:4180} INFO - Setting next_dagrun for example_external_task_marker_child to None, run_after=None
[2024-11-05T10:38:07.718+0000] {logging_mixin.py:190} INFO - [2024-11-05T10:38:07.718+0000] {dag.py:4180} INFO - Setting next_dagrun for example_external_task_marker_parent to None, run_after=None
[2024-11-05T10:38:07.741+0000] {processor.py:208} INFO - Processing /home/airflow/.local/lib/python3.12/site-packages/airflow/example_dags/example_external_task_marker_dag.py took 0.106 seconds
[2024-11-05T10:38:37.941+0000] {processor.py:186} INFO - Started process (PID=261) to work on /home/airflow/.local/lib/python3.12/site-packages/airflow/example_dags/example_external_task_marker_dag.py
[2024-11-05T10:38:37.943+0000] {processor.py:914} INFO - Processing file /home/airflow/.local/lib/python3.12/site-packages/airflow/example_dags/example_external_task_marker_dag.py for tasks to queue
[2024-11-05T10:38:37.947+0000] {logging_mixin.py:190} INFO - [2024-11-05T10:38:37.946+0000] {dagbag.py:588} INFO - Filling up the DagBag from /home/airflow/.local/lib/python3.12/site-packages/airflow/example_dags/example_external_task_marker_dag.py
[2024-11-05T10:38:37.961+0000] {processor.py:925} INFO - DAG(s) 'example_external_task_marker_parent', 'example_external_task_marker_child' retrieved from /home/airflow/.local/lib/python3.12/site-packages/airflow/example_dags/example_external_task_marker_dag.py
[2024-11-05T10:38:37.999+0000] {logging_mixin.py:190} INFO - [2024-11-05T10:38:37.999+0000] {dag.py:3239} INFO - Sync 2 DAGs
[2024-11-05T10:38:38.026+0000] {logging_mixin.py:190} INFO - [2024-11-05T10:38:38.025+0000] {dag.py:4180} INFO - Setting next_dagrun for example_external_task_marker_child to None, run_after=None
[2024-11-05T10:38:38.032+0000] {logging_mixin.py:190} INFO - [2024-11-05T10:38:38.032+0000] {dag.py:4180} INFO - Setting next_dagrun for example_external_task_marker_parent to None, run_after=None
[2024-11-05T10:38:38.073+0000] {processor.py:208} INFO - Processing /home/airflow/.local/lib/python3.12/site-packages/airflow/example_dags/example_external_task_marker_dag.py took 0.141 seconds
[2024-11-05T10:39:08.107+0000] {processor.py:186} INFO - Started process (PID=323) to work on /home/airflow/.local/lib/python3.12/site-packages/airflow/example_dags/example_external_task_marker_dag.py
[2024-11-05T10:39:08.108+0000] {processor.py:914} INFO - Processing file /home/airflow/.local/lib/python3.12/site-packages/airflow/example_dags/example_external_task_marker_dag.py for tasks to queue
[2024-11-05T10:39:08.110+0000] {logging_mixin.py:190} INFO - [2024-11-05T10:39:08.110+0000] {dagbag.py:588} INFO - Filling up the DagBag from /home/airflow/.local/lib/python3.12/site-packages/airflow/example_dags/example_external_task_marker_dag.py
[2024-11-05T10:39:08.118+0000] {processor.py:925} INFO - DAG(s) 'example_external_task_marker_parent', 'example_external_task_marker_child' retrieved from /home/airflow/.local/lib/python3.12/site-packages/airflow/example_dags/example_external_task_marker_dag.py
[2024-11-05T10:39:08.140+0000] {logging_mixin.py:190} INFO - [2024-11-05T10:39:08.140+0000] {dag.py:3239} INFO - Sync 2 DAGs
[2024-11-05T10:39:08.155+0000] {logging_mixin.py:190} INFO - [2024-11-05T10:39:08.155+0000] {dag.py:4180} INFO - Setting next_dagrun for example_external_task_marker_child to None, run_after=None
[2024-11-05T10:39:08.160+0000] {logging_mixin.py:190} INFO - [2024-11-05T10:39:08.160+0000] {dag.py:4180} INFO - Setting next_dagrun for example_external_task_marker_parent to None, run_after=None
[2024-11-05T10:39:08.178+0000] {processor.py:208} INFO - Processing /home/airflow/.local/lib/python3.12/site-packages/airflow/example_dags/example_external_task_marker_dag.py took 0.077 seconds
[2024-11-05T10:39:39.045+0000] {processor.py:186} INFO - Started process (PID=385) to work on /home/airflow/.local/lib/python3.12/site-packages/airflow/example_dags/example_external_task_marker_dag.py
[2024-11-05T10:39:39.047+0000] {processor.py:914} INFO - Processing file /home/airflow/.local/lib/python3.12/site-packages/airflow/example_dags/example_external_task_marker_dag.py for tasks to queue
[2024-11-05T10:39:39.050+0000] {logging_mixin.py:190} INFO - [2024-11-05T10:39:39.049+0000] {dagbag.py:588} INFO - Filling up the DagBag from /home/airflow/.local/lib/python3.12/site-packages/airflow/example_dags/example_external_task_marker_dag.py
[2024-11-05T10:39:39.061+0000] {processor.py:925} INFO - DAG(s) 'example_external_task_marker_child', 'example_external_task_marker_parent' retrieved from /home/airflow/.local/lib/python3.12/site-packages/airflow/example_dags/example_external_task_marker_dag.py
[2024-11-05T10:39:39.091+0000] {logging_mixin.py:190} INFO - [2024-11-05T10:39:39.091+0000] {dag.py:3239} INFO - Sync 2 DAGs
[2024-11-05T10:39:39.108+0000] {logging_mixin.py:190} INFO - [2024-11-05T10:39:39.108+0000] {dag.py:4180} INFO - Setting next_dagrun for example_external_task_marker_child to None, run_after=None
[2024-11-05T10:39:39.114+0000] {logging_mixin.py:190} INFO - [2024-11-05T10:39:39.113+0000] {dag.py:4180} INFO - Setting next_dagrun for example_external_task_marker_parent to None, run_after=None
[2024-11-05T10:39:39.133+0000] {processor.py:208} INFO - Processing /home/airflow/.local/lib/python3.12/site-packages/airflow/example_dags/example_external_task_marker_dag.py took 0.094 seconds
[2024-11-05T10:40:09.216+0000] {processor.py:186} INFO - Started process (PID=448) to work on /home/airflow/.local/lib/python3.12/site-packages/airflow/example_dags/example_external_task_marker_dag.py
[2024-11-05T10:40:09.217+0000] {processor.py:914} INFO - Processing file /home/airflow/.local/lib/python3.12/site-packages/airflow/example_dags/example_external_task_marker_dag.py for tasks to queue
[2024-11-05T10:40:09.219+0000] {logging_mixin.py:190} INFO - [2024-11-05T10:40:09.219+0000] {dagbag.py:588} INFO - Filling up the DagBag from /home/airflow/.local/lib/python3.12/site-packages/airflow/example_dags/example_external_task_marker_dag.py
[2024-11-05T10:40:09.227+0000] {processor.py:925} INFO - DAG(s) 'example_external_task_marker_parent', 'example_external_task_marker_child' retrieved from /home/airflow/.local/lib/python3.12/site-packages/airflow/example_dags/example_external_task_marker_dag.py
[2024-11-05T10:40:09.258+0000] {logging_mixin.py:190} INFO - [2024-11-05T10:40:09.258+0000] {dag.py:3239} INFO - Sync 2 DAGs
[2024-11-05T10:40:09.276+0000] {logging_mixin.py:190} INFO - [2024-11-05T10:40:09.276+0000] {dag.py:4180} INFO - Setting next_dagrun for example_external_task_marker_child to None, run_after=None
[2024-11-05T10:40:09.280+0000] {logging_mixin.py:190} INFO - [2024-11-05T10:40:09.280+0000] {dag.py:4180} INFO - Setting next_dagrun for example_external_task_marker_parent to None, run_after=None
[2024-11-05T10:40:09.299+0000] {processor.py:208} INFO - Processing /home/airflow/.local/lib/python3.12/site-packages/airflow/example_dags/example_external_task_marker_dag.py took 0.089 seconds
[2024-11-05T10:40:39.648+0000] {processor.py:186} INFO - Started process (PID=510) to work on /home/airflow/.local/lib/python3.12/site-packages/airflow/example_dags/example_external_task_marker_dag.py
[2024-11-05T10:40:39.648+0000] {processor.py:914} INFO - Processing file /home/airflow/.local/lib/python3.12/site-packages/airflow/example_dags/example_external_task_marker_dag.py for tasks to queue
[2024-11-05T10:40:39.651+0000] {logging_mixin.py:190} INFO - [2024-11-05T10:40:39.651+0000] {dagbag.py:588} INFO - Filling up the DagBag from /home/airflow/.local/lib/python3.12/site-packages/airflow/example_dags/example_external_task_marker_dag.py
[2024-11-05T10:40:39.659+0000] {processor.py:925} INFO - DAG(s) 'example_external_task_marker_child', 'example_external_task_marker_parent' retrieved from /home/airflow/.local/lib/python3.12/site-packages/airflow/example_dags/example_external_task_marker_dag.py
[2024-11-05T10:40:39.680+0000] {logging_mixin.py:190} INFO - [2024-11-05T10:40:39.680+0000] {dag.py:3239} INFO - Sync 2 DAGs
[2024-11-05T10:40:39.695+0000] {logging_mixin.py:190} INFO - [2024-11-05T10:40:39.695+0000] {dag.py:4180} INFO - Setting next_dagrun for example_external_task_marker_child to None, run_after=None
[2024-11-05T10:40:39.699+0000] {logging_mixin.py:190} INFO - [2024-11-05T10:40:39.699+0000] {dag.py:4180} INFO - Setting next_dagrun for example_external_task_marker_parent to None, run_after=None
[2024-11-05T10:40:39.715+0000] {processor.py:208} INFO - Processing /home/airflow/.local/lib/python3.12/site-packages/airflow/example_dags/example_external_task_marker_dag.py took 0.074 seconds
[2024-11-05T10:41:09.896+0000] {processor.py:186} INFO - Started process (PID=573) to work on /home/airflow/.local/lib/python3.12/site-packages/airflow/example_dags/example_external_task_marker_dag.py
[2024-11-05T10:41:09.898+0000] {processor.py:914} INFO - Processing file /home/airflow/.local/lib/python3.12/site-packages/airflow/example_dags/example_external_task_marker_dag.py for tasks to queue
[2024-11-05T10:41:09.900+0000] {logging_mixin.py:190} INFO - [2024-11-05T10:41:09.900+0000] {dagbag.py:588} INFO - Filling up the DagBag from /home/airflow/.local/lib/python3.12/site-packages/airflow/example_dags/example_external_task_marker_dag.py
[2024-11-05T10:41:09.909+0000] {processor.py:925} INFO - DAG(s) 'example_external_task_marker_child', 'example_external_task_marker_parent' retrieved from /home/airflow/.local/lib/python3.12/site-packages/airflow/example_dags/example_external_task_marker_dag.py
[2024-11-05T10:41:09.932+0000] {logging_mixin.py:190} INFO - [2024-11-05T10:41:09.932+0000] {dag.py:3239} INFO - Sync 2 DAGs
[2024-11-05T10:41:09.951+0000] {logging_mixin.py:190} INFO - [2024-11-05T10:41:09.951+0000] {dag.py:4180} INFO - Setting next_dagrun for example_external_task_marker_child to None, run_after=None
[2024-11-05T10:41:09.955+0000] {logging_mixin.py:190} INFO - [2024-11-05T10:41:09.955+0000] {dag.py:4180} INFO - Setting next_dagrun for example_external_task_marker_parent to None, run_after=None
[2024-11-05T10:41:09.972+0000] {processor.py:208} INFO - Processing /home/airflow/.local/lib/python3.12/site-packages/airflow/example_dags/example_external_task_marker_dag.py took 0.087 seconds
[2024-11-05T10:41:40.306+0000] {processor.py:186} INFO - Started process (PID=636) to work on /home/airflow/.local/lib/python3.12/site-packages/airflow/example_dags/example_external_task_marker_dag.py
[2024-11-05T10:41:40.307+0000] {processor.py:914} INFO - Processing file /home/airflow/.local/lib/python3.12/site-packages/airflow/example_dags/example_external_task_marker_dag.py for tasks to queue
[2024-11-05T10:41:40.310+0000] {logging_mixin.py:190} INFO - [2024-11-05T10:41:40.309+0000] {dagbag.py:588} INFO - Filling up the DagBag from /home/airflow/.local/lib/python3.12/site-packages/airflow/example_dags/example_external_task_marker_dag.py
[2024-11-05T10:41:40.318+0000] {processor.py:925} INFO - DAG(s) 'example_external_task_marker_child', 'example_external_task_marker_parent' retrieved from /home/airflow/.local/lib/python3.12/site-packages/airflow/example_dags/example_external_task_marker_dag.py
[2024-11-05T10:41:40.344+0000] {logging_mixin.py:190} INFO - [2024-11-05T10:41:40.344+0000] {dag.py:3239} INFO - Sync 2 DAGs
[2024-11-05T10:41:40.359+0000] {logging_mixin.py:190} INFO - [2024-11-05T10:41:40.359+0000] {dag.py:4180} INFO - Setting next_dagrun for example_external_task_marker_child to None, run_after=None
[2024-11-05T10:41:40.364+0000] {logging_mixin.py:190} INFO - [2024-11-05T10:41:40.363+0000] {dag.py:4180} INFO - Setting next_dagrun for example_external_task_marker_parent to None, run_after=None
[2024-11-05T10:41:40.381+0000] {processor.py:208} INFO - Processing /home/airflow/.local/lib/python3.12/site-packages/airflow/example_dags/example_external_task_marker_dag.py took 0.083 seconds
[2024-11-05T10:42:10.931+0000] {processor.py:186} INFO - Started process (PID=699) to work on /home/airflow/.local/lib/python3.12/site-packages/airflow/example_dags/example_external_task_marker_dag.py
[2024-11-05T10:42:10.932+0000] {processor.py:914} INFO - Processing file /home/airflow/.local/lib/python3.12/site-packages/airflow/example_dags/example_external_task_marker_dag.py for tasks to queue
[2024-11-05T10:42:10.935+0000] {logging_mixin.py:190} INFO - [2024-11-05T10:42:10.935+0000] {dagbag.py:588} INFO - Filling up the DagBag from /home/airflow/.local/lib/python3.12/site-packages/airflow/example_dags/example_external_task_marker_dag.py
[2024-11-05T10:42:10.943+0000] {processor.py:925} INFO - DAG(s) 'example_external_task_marker_child', 'example_external_task_marker_parent' retrieved from /home/airflow/.local/lib/python3.12/site-packages/airflow/example_dags/example_external_task_marker_dag.py
[2024-11-05T10:42:10.965+0000] {logging_mixin.py:190} INFO - [2024-11-05T10:42:10.965+0000] {dag.py:3239} INFO - Sync 2 DAGs
[2024-11-05T10:42:10.980+0000] {logging_mixin.py:190} INFO - [2024-11-05T10:42:10.980+0000] {dag.py:4180} INFO - Setting next_dagrun for example_external_task_marker_child to None, run_after=None
[2024-11-05T10:42:10.984+0000] {logging_mixin.py:190} INFO - [2024-11-05T10:42:10.984+0000] {dag.py:4180} INFO - Setting next_dagrun for example_external_task_marker_parent to None, run_after=None
[2024-11-05T10:42:11.001+0000] {processor.py:208} INFO - Processing /home/airflow/.local/lib/python3.12/site-packages/airflow/example_dags/example_external_task_marker_dag.py took 0.076 seconds
[2024-11-05T10:42:41.158+0000] {processor.py:186} INFO - Started process (PID=761) to work on /home/airflow/.local/lib/python3.12/site-packages/airflow/example_dags/example_external_task_marker_dag.py
[2024-11-05T10:42:41.160+0000] {processor.py:914} INFO - Processing file /home/airflow/.local/lib/python3.12/site-packages/airflow/example_dags/example_external_task_marker_dag.py for tasks to queue
[2024-11-05T10:42:41.163+0000] {logging_mixin.py:190} INFO - [2024-11-05T10:42:41.162+0000] {dagbag.py:588} INFO - Filling up the DagBag from /home/airflow/.local/lib/python3.12/site-packages/airflow/example_dags/example_external_task_marker_dag.py
[2024-11-05T10:42:41.171+0000] {processor.py:925} INFO - DAG(s) 'example_external_task_marker_parent', 'example_external_task_marker_child' retrieved from /home/airflow/.local/lib/python3.12/site-packages/airflow/example_dags/example_external_task_marker_dag.py
[2024-11-05T10:42:41.192+0000] {logging_mixin.py:190} INFO - [2024-11-05T10:42:41.192+0000] {dag.py:3239} INFO - Sync 2 DAGs
[2024-11-05T10:42:41.207+0000] {logging_mixin.py:190} INFO - [2024-11-05T10:42:41.207+0000] {dag.py:4180} INFO - Setting next_dagrun for example_external_task_marker_child to None, run_after=None
[2024-11-05T10:42:41.211+0000] {logging_mixin.py:190} INFO - [2024-11-05T10:42:41.210+0000] {dag.py:4180} INFO - Setting next_dagrun for example_external_task_marker_parent to None, run_after=None
[2024-11-05T10:42:41.227+0000] {processor.py:208} INFO - Processing /home/airflow/.local/lib/python3.12/site-packages/airflow/example_dags/example_external_task_marker_dag.py took 0.075 seconds
[2024-11-05T10:43:11.574+0000] {processor.py:186} INFO - Started process (PID=824) to work on /home/airflow/.local/lib/python3.12/site-packages/airflow/example_dags/example_external_task_marker_dag.py
[2024-11-05T10:43:11.575+0000] {processor.py:914} INFO - Processing file /home/airflow/.local/lib/python3.12/site-packages/airflow/example_dags/example_external_task_marker_dag.py for tasks to queue
[2024-11-05T10:43:11.579+0000] {logging_mixin.py:190} INFO - [2024-11-05T10:43:11.578+0000] {dagbag.py:588} INFO - Filling up the DagBag from /home/airflow/.local/lib/python3.12/site-packages/airflow/example_dags/example_external_task_marker_dag.py
[2024-11-05T10:43:11.590+0000] {processor.py:925} INFO - DAG(s) 'example_external_task_marker_parent', 'example_external_task_marker_child' retrieved from /home/airflow/.local/lib/python3.12/site-packages/airflow/example_dags/example_external_task_marker_dag.py
[2024-11-05T10:43:11.623+0000] {logging_mixin.py:190} INFO - [2024-11-05T10:43:11.623+0000] {dag.py:3239} INFO - Sync 2 DAGs
[2024-11-05T10:43:11.642+0000] {logging_mixin.py:190} INFO - [2024-11-05T10:43:11.642+0000] {dag.py:4180} INFO - Setting next_dagrun for example_external_task_marker_child to None, run_after=None
[2024-11-05T10:43:11.648+0000] {logging_mixin.py:190} INFO - [2024-11-05T10:43:11.647+0000] {dag.py:4180} INFO - Setting next_dagrun for example_external_task_marker_parent to None, run_after=None
[2024-11-05T10:43:11.667+0000] {processor.py:208} INFO - Processing /home/airflow/.local/lib/python3.12/site-packages/airflow/example_dags/example_external_task_marker_dag.py took 0.102 seconds
[2024-11-05T10:43:41.858+0000] {processor.py:186} INFO - Started process (PID=888) to work on /home/airflow/.local/lib/python3.12/site-packages/airflow/example_dags/example_external_task_marker_dag.py
[2024-11-05T10:43:41.859+0000] {processor.py:914} INFO - Processing file /home/airflow/.local/lib/python3.12/site-packages/airflow/example_dags/example_external_task_marker_dag.py for tasks to queue
[2024-11-05T10:43:41.862+0000] {logging_mixin.py:190} INFO - [2024-11-05T10:43:41.862+0000] {dagbag.py:588} INFO - Filling up the DagBag from /home/airflow/.local/lib/python3.12/site-packages/airflow/example_dags/example_external_task_marker_dag.py
[2024-11-05T10:43:41.871+0000] {processor.py:925} INFO - DAG(s) 'example_external_task_marker_child', 'example_external_task_marker_parent' retrieved from /home/airflow/.local/lib/python3.12/site-packages/airflow/example_dags/example_external_task_marker_dag.py
[2024-11-05T10:43:41.896+0000] {logging_mixin.py:190} INFO - [2024-11-05T10:43:41.896+0000] {dag.py:3239} INFO - Sync 2 DAGs
[2024-11-05T10:43:41.916+0000] {logging_mixin.py:190} INFO - [2024-11-05T10:43:41.915+0000] {dag.py:4180} INFO - Setting next_dagrun for example_external_task_marker_child to None, run_after=None
[2024-11-05T10:43:41.920+0000] {logging_mixin.py:190} INFO - [2024-11-05T10:43:41.920+0000] {dag.py:4180} INFO - Setting next_dagrun for example_external_task_marker_parent to None, run_after=None
[2024-11-05T10:43:41.940+0000] {processor.py:208} INFO - Processing /home/airflow/.local/lib/python3.12/site-packages/airflow/example_dags/example_external_task_marker_dag.py took 0.090 seconds
[2024-11-05T10:44:12.879+0000] {processor.py:186} INFO - Started process (PID=952) to work on /home/airflow/.local/lib/python3.12/site-packages/airflow/example_dags/example_external_task_marker_dag.py
[2024-11-05T10:44:12.880+0000] {processor.py:914} INFO - Processing file /home/airflow/.local/lib/python3.12/site-packages/airflow/example_dags/example_external_task_marker_dag.py for tasks to queue
[2024-11-05T10:44:12.885+0000] {logging_mixin.py:190} INFO - [2024-11-05T10:44:12.884+0000] {dagbag.py:588} INFO - Filling up the DagBag from /home/airflow/.local/lib/python3.12/site-packages/airflow/example_dags/example_external_task_marker_dag.py
[2024-11-05T10:44:12.897+0000] {processor.py:925} INFO - DAG(s) 'example_external_task_marker_child', 'example_external_task_marker_parent' retrieved from /home/airflow/.local/lib/python3.12/site-packages/airflow/example_dags/example_external_task_marker_dag.py
[2024-11-05T10:44:12.937+0000] {logging_mixin.py:190} INFO - [2024-11-05T10:44:12.937+0000] {dag.py:3239} INFO - Sync 2 DAGs
[2024-11-05T10:44:12.958+0000] {logging_mixin.py:190} INFO - [2024-11-05T10:44:12.957+0000] {dag.py:4180} INFO - Setting next_dagrun for example_external_task_marker_child to None, run_after=None
[2024-11-05T10:44:12.963+0000] {logging_mixin.py:190} INFO - [2024-11-05T10:44:12.963+0000] {dag.py:4180} INFO - Setting next_dagrun for example_external_task_marker_parent to None, run_after=None
[2024-11-05T10:44:12.984+0000] {processor.py:208} INFO - Processing /home/airflow/.local/lib/python3.12/site-packages/airflow/example_dags/example_external_task_marker_dag.py took 0.116 seconds
[2024-11-05T10:44:43.377+0000] {processor.py:186} INFO - Started process (PID=1015) to work on /home/airflow/.local/lib/python3.12/site-packages/airflow/example_dags/example_external_task_marker_dag.py
[2024-11-05T10:44:43.379+0000] {processor.py:914} INFO - Processing file /home/airflow/.local/lib/python3.12/site-packages/airflow/example_dags/example_external_task_marker_dag.py for tasks to queue
[2024-11-05T10:44:43.382+0000] {logging_mixin.py:190} INFO - [2024-11-05T10:44:43.382+0000] {dagbag.py:588} INFO - Filling up the DagBag from /home/airflow/.local/lib/python3.12/site-packages/airflow/example_dags/example_external_task_marker_dag.py
[2024-11-05T10:44:43.392+0000] {processor.py:925} INFO - DAG(s) 'example_external_task_marker_child', 'example_external_task_marker_parent' retrieved from /home/airflow/.local/lib/python3.12/site-packages/airflow/example_dags/example_external_task_marker_dag.py
[2024-11-05T10:44:43.423+0000] {logging_mixin.py:190} INFO - [2024-11-05T10:44:43.423+0000] {dag.py:3239} INFO - Sync 2 DAGs
[2024-11-05T10:44:43.444+0000] {logging_mixin.py:190} INFO - [2024-11-05T10:44:43.443+0000] {dag.py:4180} INFO - Setting next_dagrun for example_external_task_marker_child to None, run_after=None
[2024-11-05T10:44:43.448+0000] {logging_mixin.py:190} INFO - [2024-11-05T10:44:43.448+0000] {dag.py:4180} INFO - Setting next_dagrun for example_external_task_marker_parent to None, run_after=None
[2024-11-05T10:44:43.467+0000] {processor.py:208} INFO - Processing /home/airflow/.local/lib/python3.12/site-packages/airflow/example_dags/example_external_task_marker_dag.py took 0.098 seconds
[2024-11-05T10:45:13.600+0000] {processor.py:186} INFO - Started process (PID=1078) to work on /home/airflow/.local/lib/python3.12/site-packages/airflow/example_dags/example_external_task_marker_dag.py
[2024-11-05T10:45:13.602+0000] {processor.py:914} INFO - Processing file /home/airflow/.local/lib/python3.12/site-packages/airflow/example_dags/example_external_task_marker_dag.py for tasks to queue
[2024-11-05T10:45:13.606+0000] {logging_mixin.py:190} INFO - [2024-11-05T10:45:13.605+0000] {dagbag.py:588} INFO - Filling up the DagBag from /home/airflow/.local/lib/python3.12/site-packages/airflow/example_dags/example_external_task_marker_dag.py
[2024-11-05T10:45:13.615+0000] {processor.py:925} INFO - DAG(s) 'example_external_task_marker_child', 'example_external_task_marker_parent' retrieved from /home/airflow/.local/lib/python3.12/site-packages/airflow/example_dags/example_external_task_marker_dag.py
[2024-11-05T10:45:13.643+0000] {logging_mixin.py:190} INFO - [2024-11-05T10:45:13.642+0000] {dag.py:3239} INFO - Sync 2 DAGs
[2024-11-05T10:45:13.664+0000] {logging_mixin.py:190} INFO - [2024-11-05T10:45:13.663+0000] {dag.py:4180} INFO - Setting next_dagrun for example_external_task_marker_child to None, run_after=None
[2024-11-05T10:45:13.669+0000] {logging_mixin.py:190} INFO - [2024-11-05T10:45:13.669+0000] {dag.py:4180} INFO - Setting next_dagrun for example_external_task_marker_parent to None, run_after=None
[2024-11-05T10:45:13.690+0000] {processor.py:208} INFO - Processing /home/airflow/.local/lib/python3.12/site-packages/airflow/example_dags/example_external_task_marker_dag.py took 0.101 seconds
[2024-11-05T10:45:43.878+0000] {processor.py:186} INFO - Started process (PID=1141) to work on /home/airflow/.local/lib/python3.12/site-packages/airflow/example_dags/example_external_task_marker_dag.py
[2024-11-05T10:45:43.880+0000] {processor.py:914} INFO - Processing file /home/airflow/.local/lib/python3.12/site-packages/airflow/example_dags/example_external_task_marker_dag.py for tasks to queue
[2024-11-05T10:45:43.883+0000] {logging_mixin.py:190} INFO - [2024-11-05T10:45:43.882+0000] {dagbag.py:588} INFO - Filling up the DagBag from /home/airflow/.local/lib/python3.12/site-packages/airflow/example_dags/example_external_task_marker_dag.py
[2024-11-05T10:45:43.892+0000] {processor.py:925} INFO - DAG(s) 'example_external_task_marker_parent', 'example_external_task_marker_child' retrieved from /home/airflow/.local/lib/python3.12/site-packages/airflow/example_dags/example_external_task_marker_dag.py
[2024-11-05T10:45:43.915+0000] {logging_mixin.py:190} INFO - [2024-11-05T10:45:43.915+0000] {dag.py:3239} INFO - Sync 2 DAGs
[2024-11-05T10:45:43.930+0000] {logging_mixin.py:190} INFO - [2024-11-05T10:45:43.930+0000] {dag.py:4180} INFO - Setting next_dagrun for example_external_task_marker_child to None, run_after=None
[2024-11-05T10:45:43.934+0000] {logging_mixin.py:190} INFO - [2024-11-05T10:45:43.934+0000] {dag.py:4180} INFO - Setting next_dagrun for example_external_task_marker_parent to None, run_after=None
[2024-11-05T10:45:43.950+0000] {processor.py:208} INFO - Processing /home/airflow/.local/lib/python3.12/site-packages/airflow/example_dags/example_external_task_marker_dag.py took 0.078 seconds
[2024-11-05T10:46:14.670+0000] {processor.py:186} INFO - Started process (PID=1204) to work on /home/airflow/.local/lib/python3.12/site-packages/airflow/example_dags/example_external_task_marker_dag.py
[2024-11-05T10:46:14.671+0000] {processor.py:914} INFO - Processing file /home/airflow/.local/lib/python3.12/site-packages/airflow/example_dags/example_external_task_marker_dag.py for tasks to queue
[2024-11-05T10:46:14.674+0000] {logging_mixin.py:190} INFO - [2024-11-05T10:46:14.673+0000] {dagbag.py:588} INFO - Filling up the DagBag from /home/airflow/.local/lib/python3.12/site-packages/airflow/example_dags/example_external_task_marker_dag.py
[2024-11-05T10:46:14.682+0000] {processor.py:925} INFO - DAG(s) 'example_external_task_marker_parent', 'example_external_task_marker_child' retrieved from /home/airflow/.local/lib/python3.12/site-packages/airflow/example_dags/example_external_task_marker_dag.py
[2024-11-05T10:46:14.707+0000] {logging_mixin.py:190} INFO - [2024-11-05T10:46:14.706+0000] {dag.py:3239} INFO - Sync 2 DAGs
[2024-11-05T10:46:14.723+0000] {logging_mixin.py:190} INFO - [2024-11-05T10:46:14.723+0000] {dag.py:4180} INFO - Setting next_dagrun for example_external_task_marker_child to None, run_after=None
[2024-11-05T10:46:14.730+0000] {logging_mixin.py:190} INFO - [2024-11-05T10:46:14.729+0000] {dag.py:4180} INFO - Setting next_dagrun for example_external_task_marker_parent to None, run_after=None
[2024-11-05T10:46:14.755+0000] {processor.py:208} INFO - Processing /home/airflow/.local/lib/python3.12/site-packages/airflow/example_dags/example_external_task_marker_dag.py took 0.091 seconds
[2024-11-05T10:46:45.605+0000] {processor.py:186} INFO - Started process (PID=1266) to work on /home/airflow/.local/lib/python3.12/site-packages/airflow/example_dags/example_external_task_marker_dag.py
[2024-11-05T10:46:45.607+0000] {processor.py:914} INFO - Processing file /home/airflow/.local/lib/python3.12/site-packages/airflow/example_dags/example_external_task_marker_dag.py for tasks to queue
[2024-11-05T10:46:45.610+0000] {logging_mixin.py:190} INFO - [2024-11-05T10:46:45.610+0000] {dagbag.py:588} INFO - Filling up the DagBag from /home/airflow/.local/lib/python3.12/site-packages/airflow/example_dags/example_external_task_marker_dag.py
[2024-11-05T10:46:45.618+0000] {processor.py:925} INFO - DAG(s) 'example_external_task_marker_child', 'example_external_task_marker_parent' retrieved from /home/airflow/.local/lib/python3.12/site-packages/airflow/example_dags/example_external_task_marker_dag.py
[2024-11-05T10:46:45.651+0000] {logging_mixin.py:190} INFO - [2024-11-05T10:46:45.650+0000] {dag.py:3239} INFO - Sync 2 DAGs
[2024-11-05T10:46:45.673+0000] {logging_mixin.py:190} INFO - [2024-11-05T10:46:45.673+0000] {dag.py:4180} INFO - Setting next_dagrun for example_external_task_marker_child to None, run_after=None
[2024-11-05T10:46:45.679+0000] {logging_mixin.py:190} INFO - [2024-11-05T10:46:45.679+0000] {dag.py:4180} INFO - Setting next_dagrun for example_external_task_marker_parent to None, run_after=None
[2024-11-05T10:46:45.703+0000] {processor.py:208} INFO - Processing /home/airflow/.local/lib/python3.12/site-packages/airflow/example_dags/example_external_task_marker_dag.py took 0.105 seconds
[2024-11-05T10:47:16.028+0000] {processor.py:186} INFO - Started process (PID=1329) to work on /home/airflow/.local/lib/python3.12/site-packages/airflow/example_dags/example_external_task_marker_dag.py
[2024-11-05T10:47:16.030+0000] {processor.py:914} INFO - Processing file /home/airflow/.local/lib/python3.12/site-packages/airflow/example_dags/example_external_task_marker_dag.py for tasks to queue
[2024-11-05T10:47:16.035+0000] {logging_mixin.py:190} INFO - [2024-11-05T10:47:16.034+0000] {dagbag.py:588} INFO - Filling up the DagBag from /home/airflow/.local/lib/python3.12/site-packages/airflow/example_dags/example_external_task_marker_dag.py
[2024-11-05T10:47:16.046+0000] {processor.py:925} INFO - DAG(s) 'example_external_task_marker_parent', 'example_external_task_marker_child' retrieved from /home/airflow/.local/lib/python3.12/site-packages/airflow/example_dags/example_external_task_marker_dag.py
[2024-11-05T10:47:16.082+0000] {logging_mixin.py:190} INFO - [2024-11-05T10:47:16.081+0000] {dag.py:3239} INFO - Sync 2 DAGs
[2024-11-05T10:47:16.110+0000] {logging_mixin.py:190} INFO - [2024-11-05T10:47:16.109+0000] {dag.py:4180} INFO - Setting next_dagrun for example_external_task_marker_child to None, run_after=None
[2024-11-05T10:47:16.122+0000] {logging_mixin.py:190} INFO - [2024-11-05T10:47:16.121+0000] {dag.py:4180} INFO - Setting next_dagrun for example_external_task_marker_parent to None, run_after=None
[2024-11-05T10:47:16.157+0000] {processor.py:208} INFO - Processing /home/airflow/.local/lib/python3.12/site-packages/airflow/example_dags/example_external_task_marker_dag.py took 0.147 seconds
[2024-11-05T10:47:46.277+0000] {processor.py:186} INFO - Started process (PID=1392) to work on /home/airflow/.local/lib/python3.12/site-packages/airflow/example_dags/example_external_task_marker_dag.py
[2024-11-05T10:47:46.280+0000] {processor.py:914} INFO - Processing file /home/airflow/.local/lib/python3.12/site-packages/airflow/example_dags/example_external_task_marker_dag.py for tasks to queue
[2024-11-05T10:47:46.284+0000] {logging_mixin.py:190} INFO - [2024-11-05T10:47:46.284+0000] {dagbag.py:588} INFO - Filling up the DagBag from /home/airflow/.local/lib/python3.12/site-packages/airflow/example_dags/example_external_task_marker_dag.py
[2024-11-05T10:47:46.296+0000] {processor.py:925} INFO - DAG(s) 'example_external_task_marker_parent', 'example_external_task_marker_child' retrieved from /home/airflow/.local/lib/python3.12/site-packages/airflow/example_dags/example_external_task_marker_dag.py
[2024-11-05T10:47:46.327+0000] {logging_mixin.py:190} INFO - [2024-11-05T10:47:46.327+0000] {dag.py:3239} INFO - Sync 2 DAGs
[2024-11-05T10:47:46.343+0000] {logging_mixin.py:190} INFO - [2024-11-05T10:47:46.343+0000] {dag.py:4180} INFO - Setting next_dagrun for example_external_task_marker_child to None, run_after=None
[2024-11-05T10:47:46.347+0000] {logging_mixin.py:190} INFO - [2024-11-05T10:47:46.347+0000] {dag.py:4180} INFO - Setting next_dagrun for example_external_task_marker_parent to None, run_after=None
[2024-11-05T10:47:46.365+0000] {processor.py:208} INFO - Processing /home/airflow/.local/lib/python3.12/site-packages/airflow/example_dags/example_external_task_marker_dag.py took 0.096 seconds
[2024-11-05T10:48:16.556+0000] {processor.py:186} INFO - Started process (PID=1454) to work on /home/airflow/.local/lib/python3.12/site-packages/airflow/example_dags/example_external_task_marker_dag.py
[2024-11-05T10:48:16.557+0000] {processor.py:914} INFO - Processing file /home/airflow/.local/lib/python3.12/site-packages/airflow/example_dags/example_external_task_marker_dag.py for tasks to queue
[2024-11-05T10:48:16.561+0000] {logging_mixin.py:190} INFO - [2024-11-05T10:48:16.560+0000] {dagbag.py:588} INFO - Filling up the DagBag from /home/airflow/.local/lib/python3.12/site-packages/airflow/example_dags/example_external_task_marker_dag.py
[2024-11-05T10:48:16.573+0000] {processor.py:925} INFO - DAG(s) 'example_external_task_marker_parent', 'example_external_task_marker_child' retrieved from /home/airflow/.local/lib/python3.12/site-packages/airflow/example_dags/example_external_task_marker_dag.py
[2024-11-05T10:48:16.601+0000] {logging_mixin.py:190} INFO - [2024-11-05T10:48:16.601+0000] {dag.py:3239} INFO - Sync 2 DAGs
[2024-11-05T10:48:16.630+0000] {logging_mixin.py:190} INFO - [2024-11-05T10:48:16.630+0000] {dag.py:4180} INFO - Setting next_dagrun for example_external_task_marker_child to None, run_after=None
[2024-11-05T10:48:16.635+0000] {logging_mixin.py:190} INFO - [2024-11-05T10:48:16.635+0000] {dag.py:4180} INFO - Setting next_dagrun for example_external_task_marker_parent to None, run_after=None
[2024-11-05T10:48:16.654+0000] {processor.py:208} INFO - Processing /home/airflow/.local/lib/python3.12/site-packages/airflow/example_dags/example_external_task_marker_dag.py took 0.108 seconds
[2024-11-05T10:48:47.459+0000] {processor.py:186} INFO - Started process (PID=1517) to work on /home/airflow/.local/lib/python3.12/site-packages/airflow/example_dags/example_external_task_marker_dag.py
[2024-11-05T10:48:47.460+0000] {processor.py:914} INFO - Processing file /home/airflow/.local/lib/python3.12/site-packages/airflow/example_dags/example_external_task_marker_dag.py for tasks to queue
[2024-11-05T10:48:47.465+0000] {logging_mixin.py:190} INFO - [2024-11-05T10:48:47.464+0000] {dagbag.py:588} INFO - Filling up the DagBag from /home/airflow/.local/lib/python3.12/site-packages/airflow/example_dags/example_external_task_marker_dag.py
[2024-11-05T10:48:47.478+0000] {processor.py:925} INFO - DAG(s) 'example_external_task_marker_parent', 'example_external_task_marker_child' retrieved from /home/airflow/.local/lib/python3.12/site-packages/airflow/example_dags/example_external_task_marker_dag.py
[2024-11-05T10:48:47.524+0000] {logging_mixin.py:190} INFO - [2024-11-05T10:48:47.524+0000] {dag.py:3239} INFO - Sync 2 DAGs
[2024-11-05T10:48:47.565+0000] {logging_mixin.py:190} INFO - [2024-11-05T10:48:47.564+0000] {dag.py:4180} INFO - Setting next_dagrun for example_external_task_marker_child to None, run_after=None
[2024-11-05T10:48:47.573+0000] {logging_mixin.py:190} INFO - [2024-11-05T10:48:47.572+0000] {dag.py:4180} INFO - Setting next_dagrun for example_external_task_marker_parent to None, run_after=None
[2024-11-05T10:48:47.616+0000] {processor.py:208} INFO - Processing /home/airflow/.local/lib/python3.12/site-packages/airflow/example_dags/example_external_task_marker_dag.py took 0.168 seconds
[2024-11-05T10:49:18.297+0000] {processor.py:186} INFO - Started process (PID=1579) to work on /home/airflow/.local/lib/python3.12/site-packages/airflow/example_dags/example_external_task_marker_dag.py
[2024-11-05T10:49:18.299+0000] {processor.py:914} INFO - Processing file /home/airflow/.local/lib/python3.12/site-packages/airflow/example_dags/example_external_task_marker_dag.py for tasks to queue
[2024-11-05T10:49:18.303+0000] {logging_mixin.py:190} INFO - [2024-11-05T10:49:18.302+0000] {dagbag.py:588} INFO - Filling up the DagBag from /home/airflow/.local/lib/python3.12/site-packages/airflow/example_dags/example_external_task_marker_dag.py
[2024-11-05T10:49:18.312+0000] {processor.py:925} INFO - DAG(s) 'example_external_task_marker_parent', 'example_external_task_marker_child' retrieved from /home/airflow/.local/lib/python3.12/site-packages/airflow/example_dags/example_external_task_marker_dag.py
[2024-11-05T10:49:18.348+0000] {logging_mixin.py:190} INFO - [2024-11-05T10:49:18.348+0000] {dag.py:3239} INFO - Sync 2 DAGs
[2024-11-05T10:49:18.376+0000] {logging_mixin.py:190} INFO - [2024-11-05T10:49:18.376+0000] {dag.py:4180} INFO - Setting next_dagrun for example_external_task_marker_child to None, run_after=None
[2024-11-05T10:49:18.383+0000] {logging_mixin.py:190} INFO - [2024-11-05T10:49:18.383+0000] {dag.py:4180} INFO - Setting next_dagrun for example_external_task_marker_parent to None, run_after=None
[2024-11-05T10:49:18.409+0000] {processor.py:208} INFO - Processing /home/airflow/.local/lib/python3.12/site-packages/airflow/example_dags/example_external_task_marker_dag.py took 0.122 seconds
[2024-11-05T10:49:48.674+0000] {processor.py:186} INFO - Started process (PID=1642) to work on /home/airflow/.local/lib/python3.12/site-packages/airflow/example_dags/example_external_task_marker_dag.py
[2024-11-05T10:49:48.676+0000] {processor.py:914} INFO - Processing file /home/airflow/.local/lib/python3.12/site-packages/airflow/example_dags/example_external_task_marker_dag.py for tasks to queue
[2024-11-05T10:49:48.681+0000] {logging_mixin.py:190} INFO - [2024-11-05T10:49:48.680+0000] {dagbag.py:588} INFO - Filling up the DagBag from /home/airflow/.local/lib/python3.12/site-packages/airflow/example_dags/example_external_task_marker_dag.py
[2024-11-05T10:49:48.694+0000] {processor.py:925} INFO - DAG(s) 'example_external_task_marker_parent', 'example_external_task_marker_child' retrieved from /home/airflow/.local/lib/python3.12/site-packages/airflow/example_dags/example_external_task_marker_dag.py
[2024-11-05T10:49:48.731+0000] {logging_mixin.py:190} INFO - [2024-11-05T10:49:48.730+0000] {dag.py:3239} INFO - Sync 2 DAGs
[2024-11-05T10:49:48.759+0000] {logging_mixin.py:190} INFO - [2024-11-05T10:49:48.759+0000] {dag.py:4180} INFO - Setting next_dagrun for example_external_task_marker_child to None, run_after=None
[2024-11-05T10:49:48.766+0000] {logging_mixin.py:190} INFO - [2024-11-05T10:49:48.766+0000] {dag.py:4180} INFO - Setting next_dagrun for example_external_task_marker_parent to None, run_after=None
[2024-11-05T10:49:48.798+0000] {processor.py:208} INFO - Processing /home/airflow/.local/lib/python3.12/site-packages/airflow/example_dags/example_external_task_marker_dag.py took 0.135 seconds
[2024-11-05T10:50:19.104+0000] {processor.py:186} INFO - Started process (PID=1705) to work on /home/airflow/.local/lib/python3.12/site-packages/airflow/example_dags/example_external_task_marker_dag.py
[2024-11-05T10:50:19.108+0000] {processor.py:914} INFO - Processing file /home/airflow/.local/lib/python3.12/site-packages/airflow/example_dags/example_external_task_marker_dag.py for tasks to queue
[2024-11-05T10:50:19.112+0000] {logging_mixin.py:190} INFO - [2024-11-05T10:50:19.111+0000] {dagbag.py:588} INFO - Filling up the DagBag from /home/airflow/.local/lib/python3.12/site-packages/airflow/example_dags/example_external_task_marker_dag.py
[2024-11-05T10:50:19.124+0000] {processor.py:925} INFO - DAG(s) 'example_external_task_marker_parent', 'example_external_task_marker_child' retrieved from /home/airflow/.local/lib/python3.12/site-packages/airflow/example_dags/example_external_task_marker_dag.py
[2024-11-05T10:50:19.165+0000] {logging_mixin.py:190} INFO - [2024-11-05T10:50:19.164+0000] {dag.py:3239} INFO - Sync 2 DAGs
[2024-11-05T10:50:19.193+0000] {logging_mixin.py:190} INFO - [2024-11-05T10:50:19.192+0000] {dag.py:4180} INFO - Setting next_dagrun for example_external_task_marker_child to None, run_after=None
[2024-11-05T10:50:19.201+0000] {logging_mixin.py:190} INFO - [2024-11-05T10:50:19.200+0000] {dag.py:4180} INFO - Setting next_dagrun for example_external_task_marker_parent to None, run_after=None
[2024-11-05T10:50:19.231+0000] {processor.py:208} INFO - Processing /home/airflow/.local/lib/python3.12/site-packages/airflow/example_dags/example_external_task_marker_dag.py took 0.136 seconds
[2024-11-05T10:50:49.874+0000] {processor.py:186} INFO - Started process (PID=1767) to work on /home/airflow/.local/lib/python3.12/site-packages/airflow/example_dags/example_external_task_marker_dag.py
[2024-11-05T10:50:49.879+0000] {processor.py:914} INFO - Processing file /home/airflow/.local/lib/python3.12/site-packages/airflow/example_dags/example_external_task_marker_dag.py for tasks to queue
[2024-11-05T10:50:49.891+0000] {logging_mixin.py:190} INFO - [2024-11-05T10:50:49.891+0000] {dagbag.py:588} INFO - Filling up the DagBag from /home/airflow/.local/lib/python3.12/site-packages/airflow/example_dags/example_external_task_marker_dag.py
[2024-11-05T10:50:49.917+0000] {processor.py:925} INFO - DAG(s) 'example_external_task_marker_child', 'example_external_task_marker_parent' retrieved from /home/airflow/.local/lib/python3.12/site-packages/airflow/example_dags/example_external_task_marker_dag.py
[2024-11-05T10:50:49.999+0000] {logging_mixin.py:190} INFO - [2024-11-05T10:50:49.998+0000] {dag.py:3239} INFO - Sync 2 DAGs
[2024-11-05T10:50:50.048+0000] {logging_mixin.py:190} INFO - [2024-11-05T10:50:50.045+0000] {dag.py:4180} INFO - Setting next_dagrun for example_external_task_marker_child to None, run_after=None
[2024-11-05T10:50:50.058+0000] {logging_mixin.py:190} INFO - [2024-11-05T10:50:50.057+0000] {dag.py:4180} INFO - Setting next_dagrun for example_external_task_marker_parent to None, run_after=None
[2024-11-05T10:50:50.092+0000] {processor.py:208} INFO - Processing /home/airflow/.local/lib/python3.12/site-packages/airflow/example_dags/example_external_task_marker_dag.py took 0.255 seconds
[2024-11-05T10:51:20.262+0000] {processor.py:186} INFO - Started process (PID=1830) to work on /home/airflow/.local/lib/python3.12/site-packages/airflow/example_dags/example_external_task_marker_dag.py
[2024-11-05T10:51:20.266+0000] {processor.py:914} INFO - Processing file /home/airflow/.local/lib/python3.12/site-packages/airflow/example_dags/example_external_task_marker_dag.py for tasks to queue
[2024-11-05T10:51:20.277+0000] {logging_mixin.py:190} INFO - [2024-11-05T10:51:20.276+0000] {dagbag.py:588} INFO - Filling up the DagBag from /home/airflow/.local/lib/python3.12/site-packages/airflow/example_dags/example_external_task_marker_dag.py
[2024-11-05T10:51:20.304+0000] {processor.py:925} INFO - DAG(s) 'example_external_task_marker_child', 'example_external_task_marker_parent' retrieved from /home/airflow/.local/lib/python3.12/site-packages/airflow/example_dags/example_external_task_marker_dag.py
[2024-11-05T10:51:20.377+0000] {logging_mixin.py:190} INFO - [2024-11-05T10:51:20.376+0000] {dag.py:3239} INFO - Sync 2 DAGs
[2024-11-05T10:51:20.422+0000] {logging_mixin.py:190} INFO - [2024-11-05T10:51:20.422+0000] {dag.py:4180} INFO - Setting next_dagrun for example_external_task_marker_child to None, run_after=None
[2024-11-05T10:51:20.430+0000] {logging_mixin.py:190} INFO - [2024-11-05T10:51:20.429+0000] {dag.py:4180} INFO - Setting next_dagrun for example_external_task_marker_parent to None, run_after=None
[2024-11-05T10:51:20.478+0000] {processor.py:208} INFO - Processing /home/airflow/.local/lib/python3.12/site-packages/airflow/example_dags/example_external_task_marker_dag.py took 0.230 seconds
[2024-11-05T10:51:51.347+0000] {processor.py:186} INFO - Started process (PID=1893) to work on /home/airflow/.local/lib/python3.12/site-packages/airflow/example_dags/example_external_task_marker_dag.py
[2024-11-05T10:51:51.348+0000] {processor.py:914} INFO - Processing file /home/airflow/.local/lib/python3.12/site-packages/airflow/example_dags/example_external_task_marker_dag.py for tasks to queue
[2024-11-05T10:51:51.364+0000] {logging_mixin.py:190} INFO - [2024-11-05T10:51:51.364+0000] {dagbag.py:588} INFO - Filling up the DagBag from /home/airflow/.local/lib/python3.12/site-packages/airflow/example_dags/example_external_task_marker_dag.py
[2024-11-05T10:51:51.380+0000] {processor.py:925} INFO - DAG(s) 'example_external_task_marker_child', 'example_external_task_marker_parent' retrieved from /home/airflow/.local/lib/python3.12/site-packages/airflow/example_dags/example_external_task_marker_dag.py
[2024-11-05T10:51:51.427+0000] {logging_mixin.py:190} INFO - [2024-11-05T10:51:51.427+0000] {dag.py:3239} INFO - Sync 2 DAGs
[2024-11-05T10:51:51.452+0000] {logging_mixin.py:190} INFO - [2024-11-05T10:51:51.452+0000] {dag.py:4180} INFO - Setting next_dagrun for example_external_task_marker_child to None, run_after=None
[2024-11-05T10:51:51.458+0000] {logging_mixin.py:190} INFO - [2024-11-05T10:51:51.458+0000] {dag.py:4180} INFO - Setting next_dagrun for example_external_task_marker_parent to None, run_after=None
[2024-11-05T10:51:51.490+0000] {processor.py:208} INFO - Processing /home/airflow/.local/lib/python3.12/site-packages/airflow/example_dags/example_external_task_marker_dag.py took 0.154 seconds
[2024-11-05T10:52:21.687+0000] {processor.py:186} INFO - Started process (PID=1957) to work on /home/airflow/.local/lib/python3.12/site-packages/airflow/example_dags/example_external_task_marker_dag.py
[2024-11-05T10:52:21.692+0000] {processor.py:914} INFO - Processing file /home/airflow/.local/lib/python3.12/site-packages/airflow/example_dags/example_external_task_marker_dag.py for tasks to queue
[2024-11-05T10:52:21.701+0000] {logging_mixin.py:190} INFO - [2024-11-05T10:52:21.701+0000] {dagbag.py:588} INFO - Filling up the DagBag from /home/airflow/.local/lib/python3.12/site-packages/airflow/example_dags/example_external_task_marker_dag.py
[2024-11-05T10:52:21.733+0000] {processor.py:925} INFO - DAG(s) 'example_external_task_marker_child', 'example_external_task_marker_parent' retrieved from /home/airflow/.local/lib/python3.12/site-packages/airflow/example_dags/example_external_task_marker_dag.py
[2024-11-05T10:52:21.782+0000] {logging_mixin.py:190} INFO - [2024-11-05T10:52:21.782+0000] {dag.py:3239} INFO - Sync 2 DAGs
[2024-11-05T10:52:21.825+0000] {logging_mixin.py:190} INFO - [2024-11-05T10:52:21.824+0000] {dag.py:4180} INFO - Setting next_dagrun for example_external_task_marker_child to None, run_after=None
[2024-11-05T10:52:21.834+0000] {logging_mixin.py:190} INFO - [2024-11-05T10:52:21.834+0000] {dag.py:4180} INFO - Setting next_dagrun for example_external_task_marker_parent to None, run_after=None
[2024-11-05T10:52:21.867+0000] {processor.py:208} INFO - Processing /home/airflow/.local/lib/python3.12/site-packages/airflow/example_dags/example_external_task_marker_dag.py took 0.200 seconds
[2024-11-05T10:52:52.280+0000] {processor.py:186} INFO - Started process (PID=2020) to work on /home/airflow/.local/lib/python3.12/site-packages/airflow/example_dags/example_external_task_marker_dag.py
[2024-11-05T10:52:52.281+0000] {processor.py:914} INFO - Processing file /home/airflow/.local/lib/python3.12/site-packages/airflow/example_dags/example_external_task_marker_dag.py for tasks to queue
[2024-11-05T10:52:52.284+0000] {logging_mixin.py:190} INFO - [2024-11-05T10:52:52.284+0000] {dagbag.py:588} INFO - Filling up the DagBag from /home/airflow/.local/lib/python3.12/site-packages/airflow/example_dags/example_external_task_marker_dag.py
[2024-11-05T10:52:52.297+0000] {processor.py:925} INFO - DAG(s) 'example_external_task_marker_child', 'example_external_task_marker_parent' retrieved from /home/airflow/.local/lib/python3.12/site-packages/airflow/example_dags/example_external_task_marker_dag.py
[2024-11-05T10:52:52.332+0000] {logging_mixin.py:190} INFO - [2024-11-05T10:52:52.331+0000] {dag.py:3239} INFO - Sync 2 DAGs
[2024-11-05T10:52:52.356+0000] {logging_mixin.py:190} INFO - [2024-11-05T10:52:52.356+0000] {dag.py:4180} INFO - Setting next_dagrun for example_external_task_marker_child to None, run_after=None
[2024-11-05T10:52:52.363+0000] {logging_mixin.py:190} INFO - [2024-11-05T10:52:52.363+0000] {dag.py:4180} INFO - Setting next_dagrun for example_external_task_marker_parent to None, run_after=None
[2024-11-05T10:52:52.391+0000] {processor.py:208} INFO - Processing /home/airflow/.local/lib/python3.12/site-packages/airflow/example_dags/example_external_task_marker_dag.py took 0.120 seconds
[2024-11-05T10:53:22.653+0000] {processor.py:186} INFO - Started process (PID=2083) to work on /home/airflow/.local/lib/python3.12/site-packages/airflow/example_dags/example_external_task_marker_dag.py
[2024-11-05T10:53:22.655+0000] {processor.py:914} INFO - Processing file /home/airflow/.local/lib/python3.12/site-packages/airflow/example_dags/example_external_task_marker_dag.py for tasks to queue
[2024-11-05T10:53:22.662+0000] {logging_mixin.py:190} INFO - [2024-11-05T10:53:22.658+0000] {dagbag.py:588} INFO - Filling up the DagBag from /home/airflow/.local/lib/python3.12/site-packages/airflow/example_dags/example_external_task_marker_dag.py
[2024-11-05T10:53:22.685+0000] {processor.py:925} INFO - DAG(s) 'example_external_task_marker_parent', 'example_external_task_marker_child' retrieved from /home/airflow/.local/lib/python3.12/site-packages/airflow/example_dags/example_external_task_marker_dag.py
[2024-11-05T10:53:22.742+0000] {logging_mixin.py:190} INFO - [2024-11-05T10:53:22.741+0000] {dag.py:3239} INFO - Sync 2 DAGs
[2024-11-05T10:53:22.774+0000] {logging_mixin.py:190} INFO - [2024-11-05T10:53:22.773+0000] {dag.py:4180} INFO - Setting next_dagrun for example_external_task_marker_child to None, run_after=None
[2024-11-05T10:53:22.783+0000] {logging_mixin.py:190} INFO - [2024-11-05T10:53:22.782+0000] {dag.py:4180} INFO - Setting next_dagrun for example_external_task_marker_parent to None, run_after=None
[2024-11-05T10:53:22.825+0000] {processor.py:208} INFO - Processing /home/airflow/.local/lib/python3.12/site-packages/airflow/example_dags/example_external_task_marker_dag.py took 0.182 seconds
[2024-11-05T10:53:53.057+0000] {processor.py:186} INFO - Started process (PID=2146) to work on /home/airflow/.local/lib/python3.12/site-packages/airflow/example_dags/example_external_task_marker_dag.py
[2024-11-05T10:53:53.059+0000] {processor.py:914} INFO - Processing file /home/airflow/.local/lib/python3.12/site-packages/airflow/example_dags/example_external_task_marker_dag.py for tasks to queue
[2024-11-05T10:53:53.063+0000] {logging_mixin.py:190} INFO - [2024-11-05T10:53:53.063+0000] {dagbag.py:588} INFO - Filling up the DagBag from /home/airflow/.local/lib/python3.12/site-packages/airflow/example_dags/example_external_task_marker_dag.py
[2024-11-05T10:53:53.072+0000] {processor.py:925} INFO - DAG(s) 'example_external_task_marker_child', 'example_external_task_marker_parent' retrieved from /home/airflow/.local/lib/python3.12/site-packages/airflow/example_dags/example_external_task_marker_dag.py
[2024-11-05T10:53:53.101+0000] {logging_mixin.py:190} INFO - [2024-11-05T10:53:53.100+0000] {dag.py:3239} INFO - Sync 2 DAGs
[2024-11-05T10:53:53.121+0000] {logging_mixin.py:190} INFO - [2024-11-05T10:53:53.121+0000] {dag.py:4180} INFO - Setting next_dagrun for example_external_task_marker_child to None, run_after=None
[2024-11-05T10:53:53.127+0000] {logging_mixin.py:190} INFO - [2024-11-05T10:53:53.127+0000] {dag.py:4180} INFO - Setting next_dagrun for example_external_task_marker_parent to None, run_after=None
[2024-11-05T10:53:53.148+0000] {processor.py:208} INFO - Processing /home/airflow/.local/lib/python3.12/site-packages/airflow/example_dags/example_external_task_marker_dag.py took 0.097 seconds
[2024-11-05T10:54:23.350+0000] {processor.py:186} INFO - Started process (PID=2209) to work on /home/airflow/.local/lib/python3.12/site-packages/airflow/example_dags/example_external_task_marker_dag.py
[2024-11-05T10:54:23.353+0000] {processor.py:914} INFO - Processing file /home/airflow/.local/lib/python3.12/site-packages/airflow/example_dags/example_external_task_marker_dag.py for tasks to queue
[2024-11-05T10:54:23.356+0000] {logging_mixin.py:190} INFO - [2024-11-05T10:54:23.355+0000] {dagbag.py:588} INFO - Filling up the DagBag from /home/airflow/.local/lib/python3.12/site-packages/airflow/example_dags/example_external_task_marker_dag.py
[2024-11-05T10:54:23.371+0000] {processor.py:925} INFO - DAG(s) 'example_external_task_marker_child', 'example_external_task_marker_parent' retrieved from /home/airflow/.local/lib/python3.12/site-packages/airflow/example_dags/example_external_task_marker_dag.py
[2024-11-05T10:54:23.429+0000] {logging_mixin.py:190} INFO - [2024-11-05T10:54:23.429+0000] {dag.py:3239} INFO - Sync 2 DAGs
[2024-11-05T10:54:23.462+0000] {logging_mixin.py:190} INFO - [2024-11-05T10:54:23.462+0000] {dag.py:4180} INFO - Setting next_dagrun for example_external_task_marker_child to None, run_after=None
[2024-11-05T10:54:23.470+0000] {logging_mixin.py:190} INFO - [2024-11-05T10:54:23.469+0000] {dag.py:4180} INFO - Setting next_dagrun for example_external_task_marker_parent to None, run_after=None
[2024-11-05T10:54:23.495+0000] {processor.py:208} INFO - Processing /home/airflow/.local/lib/python3.12/site-packages/airflow/example_dags/example_external_task_marker_dag.py took 0.153 seconds
