[2024-11-05T10:37:15.738+0000] {processor.py:186} INFO - Started process (PID=112) to work on /home/airflow/.local/lib/python3.12/site-packages/airflow/example_dags/example_branch_python_dop_operator_3.py
[2024-11-05T10:37:15.739+0000] {processor.py:914} INFO - Processing file /home/airflow/.local/lib/python3.12/site-packages/airflow/example_dags/example_branch_python_dop_operator_3.py for tasks to queue
[2024-11-05T10:37:15.743+0000] {logging_mixin.py:190} INFO - [2024-11-05T10:37:15.742+0000] {dagbag.py:588} INFO - Filling up the DagBag from /home/airflow/.local/lib/python3.12/site-packages/airflow/example_dags/example_branch_python_dop_operator_3.py
[2024-11-05T10:37:15.764+0000] {processor.py:925} INFO - DAG(s) 'example_branch_dop_operator_v3' retrieved from /home/airflow/.local/lib/python3.12/site-packages/airflow/example_dags/example_branch_python_dop_operator_3.py
[2024-11-05T10:37:15.982+0000] {logging_mixin.py:190} INFO - [2024-11-05T10:37:15.981+0000] {override.py:1900} INFO - Created Permission View: can delete on DAG:example_branch_dop_operator_v3
[2024-11-05T10:37:15.997+0000] {logging_mixin.py:190} INFO - [2024-11-05T10:37:15.997+0000] {override.py:1900} INFO - Created Permission View: can read on DAG:example_branch_dop_operator_v3
[2024-11-05T10:37:16.005+0000] {logging_mixin.py:190} INFO - [2024-11-05T10:37:16.005+0000] {override.py:1900} INFO - Created Permission View: can edit on DAG:example_branch_dop_operator_v3
[2024-11-05T10:37:16.014+0000] {logging_mixin.py:190} INFO - [2024-11-05T10:37:16.014+0000] {override.py:1900} INFO - Created Permission View: can delete on DAG Run:example_branch_dop_operator_v3
[2024-11-05T10:37:16.023+0000] {logging_mixin.py:190} INFO - [2024-11-05T10:37:16.023+0000] {override.py:1900} INFO - Created Permission View: can create on DAG Run:example_branch_dop_operator_v3
[2024-11-05T10:37:16.034+0000] {logging_mixin.py:190} INFO - [2024-11-05T10:37:16.033+0000] {override.py:1900} INFO - Created Permission View: can read on DAG Run:example_branch_dop_operator_v3
[2024-11-05T10:37:16.046+0000] {logging_mixin.py:190} INFO - [2024-11-05T10:37:16.045+0000] {override.py:1900} INFO - Created Permission View: menu access on DAG Run:example_branch_dop_operator_v3
[2024-11-05T10:37:16.046+0000] {logging_mixin.py:190} INFO - [2024-11-05T10:37:16.046+0000] {dag.py:3239} INFO - Sync 1 DAGs
[2024-11-05T10:37:16.069+0000] {logging_mixin.py:190} INFO - [2024-11-05T10:37:16.068+0000] {dag.py:3262} INFO - Creating ORM DAG for example_branch_dop_operator_v3
[2024-11-05T10:37:16.091+0000] {logging_mixin.py:190} INFO - [2024-11-05T10:37:16.091+0000] {dag.py:4180} INFO - Setting next_dagrun for example_branch_dop_operator_v3 to 2024-11-05 10:36:00+00:00, run_after=2024-11-05 10:37:00+00:00
[2024-11-05T10:37:16.117+0000] {processor.py:208} INFO - Processing /home/airflow/.local/lib/python3.12/site-packages/airflow/example_dags/example_branch_python_dop_operator_3.py took 0.387 seconds
[2024-11-05T10:37:46.245+0000] {processor.py:186} INFO - Started process (PID=174) to work on /home/airflow/.local/lib/python3.12/site-packages/airflow/example_dags/example_branch_python_dop_operator_3.py
[2024-11-05T10:37:46.247+0000] {processor.py:914} INFO - Processing file /home/airflow/.local/lib/python3.12/site-packages/airflow/example_dags/example_branch_python_dop_operator_3.py for tasks to queue
[2024-11-05T10:37:46.250+0000] {logging_mixin.py:190} INFO - [2024-11-05T10:37:46.250+0000] {dagbag.py:588} INFO - Filling up the DagBag from /home/airflow/.local/lib/python3.12/site-packages/airflow/example_dags/example_branch_python_dop_operator_3.py
[2024-11-05T10:37:46.266+0000] {processor.py:925} INFO - DAG(s) 'example_branch_dop_operator_v3' retrieved from /home/airflow/.local/lib/python3.12/site-packages/airflow/example_dags/example_branch_python_dop_operator_3.py
[2024-11-05T10:37:46.290+0000] {logging_mixin.py:190} INFO - [2024-11-05T10:37:46.290+0000] {dag.py:3239} INFO - Sync 1 DAGs
[2024-11-05T10:37:46.326+0000] {logging_mixin.py:190} INFO - [2024-11-05T10:37:46.326+0000] {dag.py:4180} INFO - Setting next_dagrun for example_branch_dop_operator_v3 to 2024-11-05 10:36:00+00:00, run_after=2024-11-05 10:37:00+00:00
[2024-11-05T10:37:46.352+0000] {processor.py:208} INFO - Processing /home/airflow/.local/lib/python3.12/site-packages/airflow/example_dags/example_branch_python_dop_operator_3.py took 0.114 seconds
[2024-11-05T10:38:16.741+0000] {processor.py:186} INFO - Started process (PID=238) to work on /home/airflow/.local/lib/python3.12/site-packages/airflow/example_dags/example_branch_python_dop_operator_3.py
[2024-11-05T10:38:16.742+0000] {processor.py:914} INFO - Processing file /home/airflow/.local/lib/python3.12/site-packages/airflow/example_dags/example_branch_python_dop_operator_3.py for tasks to queue
[2024-11-05T10:38:16.744+0000] {logging_mixin.py:190} INFO - [2024-11-05T10:38:16.743+0000] {dagbag.py:588} INFO - Filling up the DagBag from /home/airflow/.local/lib/python3.12/site-packages/airflow/example_dags/example_branch_python_dop_operator_3.py
[2024-11-05T10:38:16.753+0000] {processor.py:925} INFO - DAG(s) 'example_branch_dop_operator_v3' retrieved from /home/airflow/.local/lib/python3.12/site-packages/airflow/example_dags/example_branch_python_dop_operator_3.py
[2024-11-05T10:38:16.777+0000] {logging_mixin.py:190} INFO - [2024-11-05T10:38:16.776+0000] {dag.py:3239} INFO - Sync 1 DAGs
[2024-11-05T10:38:16.806+0000] {logging_mixin.py:190} INFO - [2024-11-05T10:38:16.805+0000] {dag.py:4180} INFO - Setting next_dagrun for example_branch_dop_operator_v3 to 2024-11-05 10:37:00+00:00, run_after=2024-11-05 10:38:00+00:00
[2024-11-05T10:38:16.824+0000] {processor.py:208} INFO - Processing /home/airflow/.local/lib/python3.12/site-packages/airflow/example_dags/example_branch_python_dop_operator_3.py took 0.088 seconds
[2024-11-05T10:38:47.646+0000] {processor.py:186} INFO - Started process (PID=300) to work on /home/airflow/.local/lib/python3.12/site-packages/airflow/example_dags/example_branch_python_dop_operator_3.py
[2024-11-05T10:38:47.647+0000] {processor.py:914} INFO - Processing file /home/airflow/.local/lib/python3.12/site-packages/airflow/example_dags/example_branch_python_dop_operator_3.py for tasks to queue
[2024-11-05T10:38:47.650+0000] {logging_mixin.py:190} INFO - [2024-11-05T10:38:47.650+0000] {dagbag.py:588} INFO - Filling up the DagBag from /home/airflow/.local/lib/python3.12/site-packages/airflow/example_dags/example_branch_python_dop_operator_3.py
[2024-11-05T10:38:47.665+0000] {processor.py:925} INFO - DAG(s) 'example_branch_dop_operator_v3' retrieved from /home/airflow/.local/lib/python3.12/site-packages/airflow/example_dags/example_branch_python_dop_operator_3.py
[2024-11-05T10:38:47.698+0000] {logging_mixin.py:190} INFO - [2024-11-05T10:38:47.698+0000] {dag.py:3239} INFO - Sync 1 DAGs
[2024-11-05T10:38:47.731+0000] {logging_mixin.py:190} INFO - [2024-11-05T10:38:47.731+0000] {dag.py:4180} INFO - Setting next_dagrun for example_branch_dop_operator_v3 to 2024-11-05 10:37:00+00:00, run_after=2024-11-05 10:38:00+00:00
[2024-11-05T10:38:47.757+0000] {processor.py:208} INFO - Processing /home/airflow/.local/lib/python3.12/site-packages/airflow/example_dags/example_branch_python_dop_operator_3.py took 0.118 seconds
[2024-11-05T10:39:17.993+0000] {processor.py:186} INFO - Started process (PID=362) to work on /home/airflow/.local/lib/python3.12/site-packages/airflow/example_dags/example_branch_python_dop_operator_3.py
[2024-11-05T10:39:17.994+0000] {processor.py:914} INFO - Processing file /home/airflow/.local/lib/python3.12/site-packages/airflow/example_dags/example_branch_python_dop_operator_3.py for tasks to queue
[2024-11-05T10:39:17.996+0000] {logging_mixin.py:190} INFO - [2024-11-05T10:39:17.996+0000] {dagbag.py:588} INFO - Filling up the DagBag from /home/airflow/.local/lib/python3.12/site-packages/airflow/example_dags/example_branch_python_dop_operator_3.py
[2024-11-05T10:39:18.009+0000] {processor.py:925} INFO - DAG(s) 'example_branch_dop_operator_v3' retrieved from /home/airflow/.local/lib/python3.12/site-packages/airflow/example_dags/example_branch_python_dop_operator_3.py
[2024-11-05T10:39:18.034+0000] {logging_mixin.py:190} INFO - [2024-11-05T10:39:18.034+0000] {dag.py:3239} INFO - Sync 1 DAGs
[2024-11-05T10:39:18.077+0000] {logging_mixin.py:190} INFO - [2024-11-05T10:39:18.076+0000] {dag.py:4180} INFO - Setting next_dagrun for example_branch_dop_operator_v3 to 2024-11-05 10:38:00+00:00, run_after=2024-11-05 10:39:00+00:00
[2024-11-05T10:39:18.105+0000] {processor.py:208} INFO - Processing /home/airflow/.local/lib/python3.12/site-packages/airflow/example_dags/example_branch_python_dop_operator_3.py took 0.118 seconds
[2024-11-05T10:39:48.900+0000] {processor.py:186} INFO - Started process (PID=424) to work on /home/airflow/.local/lib/python3.12/site-packages/airflow/example_dags/example_branch_python_dop_operator_3.py
[2024-11-05T10:39:48.901+0000] {processor.py:914} INFO - Processing file /home/airflow/.local/lib/python3.12/site-packages/airflow/example_dags/example_branch_python_dop_operator_3.py for tasks to queue
[2024-11-05T10:39:48.905+0000] {logging_mixin.py:190} INFO - [2024-11-05T10:39:48.904+0000] {dagbag.py:588} INFO - Filling up the DagBag from /home/airflow/.local/lib/python3.12/site-packages/airflow/example_dags/example_branch_python_dop_operator_3.py
[2024-11-05T10:39:48.923+0000] {processor.py:925} INFO - DAG(s) 'example_branch_dop_operator_v3' retrieved from /home/airflow/.local/lib/python3.12/site-packages/airflow/example_dags/example_branch_python_dop_operator_3.py
[2024-11-05T10:39:48.960+0000] {logging_mixin.py:190} INFO - [2024-11-05T10:39:48.959+0000] {dag.py:3239} INFO - Sync 1 DAGs
[2024-11-05T10:39:49.007+0000] {logging_mixin.py:190} INFO - [2024-11-05T10:39:49.007+0000] {dag.py:4180} INFO - Setting next_dagrun for example_branch_dop_operator_v3 to 2024-11-05 10:38:00+00:00, run_after=2024-11-05 10:39:00+00:00
[2024-11-05T10:39:49.048+0000] {processor.py:208} INFO - Processing /home/airflow/.local/lib/python3.12/site-packages/airflow/example_dags/example_branch_python_dop_operator_3.py took 0.158 seconds
[2024-11-05T10:40:19.753+0000] {processor.py:186} INFO - Started process (PID=488) to work on /home/airflow/.local/lib/python3.12/site-packages/airflow/example_dags/example_branch_python_dop_operator_3.py
[2024-11-05T10:40:19.754+0000] {processor.py:914} INFO - Processing file /home/airflow/.local/lib/python3.12/site-packages/airflow/example_dags/example_branch_python_dop_operator_3.py for tasks to queue
[2024-11-05T10:40:19.760+0000] {logging_mixin.py:190} INFO - [2024-11-05T10:40:19.759+0000] {dagbag.py:588} INFO - Filling up the DagBag from /home/airflow/.local/lib/python3.12/site-packages/airflow/example_dags/example_branch_python_dop_operator_3.py
[2024-11-05T10:40:19.781+0000] {processor.py:925} INFO - DAG(s) 'example_branch_dop_operator_v3' retrieved from /home/airflow/.local/lib/python3.12/site-packages/airflow/example_dags/example_branch_python_dop_operator_3.py
[2024-11-05T10:40:19.822+0000] {logging_mixin.py:190} INFO - [2024-11-05T10:40:19.821+0000] {dag.py:3239} INFO - Sync 1 DAGs
[2024-11-05T10:40:19.872+0000] {logging_mixin.py:190} INFO - [2024-11-05T10:40:19.871+0000] {dag.py:4180} INFO - Setting next_dagrun for example_branch_dop_operator_v3 to 2024-11-05 10:39:00+00:00, run_after=2024-11-05 10:40:00+00:00
[2024-11-05T10:40:19.917+0000] {processor.py:208} INFO - Processing /home/airflow/.local/lib/python3.12/site-packages/airflow/example_dags/example_branch_python_dop_operator_3.py took 0.174 seconds
[2024-11-05T10:40:49.992+0000] {processor.py:186} INFO - Started process (PID=551) to work on /home/airflow/.local/lib/python3.12/site-packages/airflow/example_dags/example_branch_python_dop_operator_3.py
[2024-11-05T10:40:49.993+0000] {processor.py:914} INFO - Processing file /home/airflow/.local/lib/python3.12/site-packages/airflow/example_dags/example_branch_python_dop_operator_3.py for tasks to queue
[2024-11-05T10:40:49.995+0000] {logging_mixin.py:190} INFO - [2024-11-05T10:40:49.994+0000] {dagbag.py:588} INFO - Filling up the DagBag from /home/airflow/.local/lib/python3.12/site-packages/airflow/example_dags/example_branch_python_dop_operator_3.py
[2024-11-05T10:40:50.005+0000] {processor.py:925} INFO - DAG(s) 'example_branch_dop_operator_v3' retrieved from /home/airflow/.local/lib/python3.12/site-packages/airflow/example_dags/example_branch_python_dop_operator_3.py
[2024-11-05T10:40:50.023+0000] {logging_mixin.py:190} INFO - [2024-11-05T10:40:50.023+0000] {dag.py:3239} INFO - Sync 1 DAGs
[2024-11-05T10:40:50.051+0000] {logging_mixin.py:190} INFO - [2024-11-05T10:40:50.051+0000] {dag.py:4180} INFO - Setting next_dagrun for example_branch_dop_operator_v3 to 2024-11-05 10:39:00+00:00, run_after=2024-11-05 10:40:00+00:00
[2024-11-05T10:40:50.070+0000] {processor.py:208} INFO - Processing /home/airflow/.local/lib/python3.12/site-packages/airflow/example_dags/example_branch_python_dop_operator_3.py took 0.084 seconds
[2024-11-05T10:41:20.377+0000] {processor.py:186} INFO - Started process (PID=614) to work on /home/airflow/.local/lib/python3.12/site-packages/airflow/example_dags/example_branch_python_dop_operator_3.py
[2024-11-05T10:41:20.379+0000] {processor.py:914} INFO - Processing file /home/airflow/.local/lib/python3.12/site-packages/airflow/example_dags/example_branch_python_dop_operator_3.py for tasks to queue
[2024-11-05T10:41:20.382+0000] {logging_mixin.py:190} INFO - [2024-11-05T10:41:20.381+0000] {dagbag.py:588} INFO - Filling up the DagBag from /home/airflow/.local/lib/python3.12/site-packages/airflow/example_dags/example_branch_python_dop_operator_3.py
[2024-11-05T10:41:20.393+0000] {processor.py:925} INFO - DAG(s) 'example_branch_dop_operator_v3' retrieved from /home/airflow/.local/lib/python3.12/site-packages/airflow/example_dags/example_branch_python_dop_operator_3.py
[2024-11-05T10:41:20.412+0000] {logging_mixin.py:190} INFO - [2024-11-05T10:41:20.412+0000] {dag.py:3239} INFO - Sync 1 DAGs
[2024-11-05T10:41:20.440+0000] {logging_mixin.py:190} INFO - [2024-11-05T10:41:20.440+0000] {dag.py:4180} INFO - Setting next_dagrun for example_branch_dop_operator_v3 to 2024-11-05 10:40:00+00:00, run_after=2024-11-05 10:41:00+00:00
[2024-11-05T10:41:20.459+0000] {processor.py:208} INFO - Processing /home/airflow/.local/lib/python3.12/site-packages/airflow/example_dags/example_branch_python_dop_operator_3.py took 0.089 seconds
[2024-11-05T10:41:51.184+0000] {processor.py:186} INFO - Started process (PID=676) to work on /home/airflow/.local/lib/python3.12/site-packages/airflow/example_dags/example_branch_python_dop_operator_3.py
[2024-11-05T10:41:51.185+0000] {processor.py:914} INFO - Processing file /home/airflow/.local/lib/python3.12/site-packages/airflow/example_dags/example_branch_python_dop_operator_3.py for tasks to queue
[2024-11-05T10:41:51.188+0000] {logging_mixin.py:190} INFO - [2024-11-05T10:41:51.187+0000] {dagbag.py:588} INFO - Filling up the DagBag from /home/airflow/.local/lib/python3.12/site-packages/airflow/example_dags/example_branch_python_dop_operator_3.py
[2024-11-05T10:41:51.207+0000] {processor.py:925} INFO - DAG(s) 'example_branch_dop_operator_v3' retrieved from /home/airflow/.local/lib/python3.12/site-packages/airflow/example_dags/example_branch_python_dop_operator_3.py
[2024-11-05T10:41:51.236+0000] {logging_mixin.py:190} INFO - [2024-11-05T10:41:51.235+0000] {dag.py:3239} INFO - Sync 1 DAGs
[2024-11-05T10:41:51.276+0000] {logging_mixin.py:190} INFO - [2024-11-05T10:41:51.276+0000] {dag.py:4180} INFO - Setting next_dagrun for example_branch_dop_operator_v3 to 2024-11-05 10:40:00+00:00, run_after=2024-11-05 10:41:00+00:00
[2024-11-05T10:41:51.299+0000] {processor.py:208} INFO - Processing /home/airflow/.local/lib/python3.12/site-packages/airflow/example_dags/example_branch_python_dop_operator_3.py took 0.125 seconds
[2024-11-05T10:42:21.997+0000] {processor.py:186} INFO - Started process (PID=739) to work on /home/airflow/.local/lib/python3.12/site-packages/airflow/example_dags/example_branch_python_dop_operator_3.py
[2024-11-05T10:42:21.999+0000] {processor.py:914} INFO - Processing file /home/airflow/.local/lib/python3.12/site-packages/airflow/example_dags/example_branch_python_dop_operator_3.py for tasks to queue
[2024-11-05T10:42:22.002+0000] {logging_mixin.py:190} INFO - [2024-11-05T10:42:22.002+0000] {dagbag.py:588} INFO - Filling up the DagBag from /home/airflow/.local/lib/python3.12/site-packages/airflow/example_dags/example_branch_python_dop_operator_3.py
[2024-11-05T10:42:22.021+0000] {processor.py:925} INFO - DAG(s) 'example_branch_dop_operator_v3' retrieved from /home/airflow/.local/lib/python3.12/site-packages/airflow/example_dags/example_branch_python_dop_operator_3.py
[2024-11-05T10:42:22.049+0000] {logging_mixin.py:190} INFO - [2024-11-05T10:42:22.048+0000] {dag.py:3239} INFO - Sync 1 DAGs
[2024-11-05T10:42:22.095+0000] {logging_mixin.py:190} INFO - [2024-11-05T10:42:22.095+0000] {dag.py:4180} INFO - Setting next_dagrun for example_branch_dop_operator_v3 to 2024-11-05 10:41:00+00:00, run_after=2024-11-05 10:42:00+00:00
[2024-11-05T10:42:22.122+0000] {processor.py:208} INFO - Processing /home/airflow/.local/lib/python3.12/site-packages/airflow/example_dags/example_branch_python_dop_operator_3.py took 0.137 seconds
[2024-11-05T10:42:52.497+0000] {processor.py:186} INFO - Started process (PID=801) to work on /home/airflow/.local/lib/python3.12/site-packages/airflow/example_dags/example_branch_python_dop_operator_3.py
[2024-11-05T10:42:52.498+0000] {processor.py:914} INFO - Processing file /home/airflow/.local/lib/python3.12/site-packages/airflow/example_dags/example_branch_python_dop_operator_3.py for tasks to queue
[2024-11-05T10:42:52.500+0000] {logging_mixin.py:190} INFO - [2024-11-05T10:42:52.500+0000] {dagbag.py:588} INFO - Filling up the DagBag from /home/airflow/.local/lib/python3.12/site-packages/airflow/example_dags/example_branch_python_dop_operator_3.py
[2024-11-05T10:42:52.512+0000] {processor.py:925} INFO - DAG(s) 'example_branch_dop_operator_v3' retrieved from /home/airflow/.local/lib/python3.12/site-packages/airflow/example_dags/example_branch_python_dop_operator_3.py
[2024-11-05T10:42:52.532+0000] {logging_mixin.py:190} INFO - [2024-11-05T10:42:52.532+0000] {dag.py:3239} INFO - Sync 1 DAGs
[2024-11-05T10:42:52.564+0000] {logging_mixin.py:190} INFO - [2024-11-05T10:42:52.564+0000] {dag.py:4180} INFO - Setting next_dagrun for example_branch_dop_operator_v3 to 2024-11-05 10:41:00+00:00, run_after=2024-11-05 10:42:00+00:00
[2024-11-05T10:42:52.585+0000] {processor.py:208} INFO - Processing /home/airflow/.local/lib/python3.12/site-packages/airflow/example_dags/example_branch_python_dop_operator_3.py took 0.094 seconds
[2024-11-05T10:43:23.515+0000] {processor.py:186} INFO - Started process (PID=864) to work on /home/airflow/.local/lib/python3.12/site-packages/airflow/example_dags/example_branch_python_dop_operator_3.py
[2024-11-05T10:43:23.517+0000] {processor.py:914} INFO - Processing file /home/airflow/.local/lib/python3.12/site-packages/airflow/example_dags/example_branch_python_dop_operator_3.py for tasks to queue
[2024-11-05T10:43:23.520+0000] {logging_mixin.py:190} INFO - [2024-11-05T10:43:23.519+0000] {dagbag.py:588} INFO - Filling up the DagBag from /home/airflow/.local/lib/python3.12/site-packages/airflow/example_dags/example_branch_python_dop_operator_3.py
[2024-11-05T10:43:23.535+0000] {processor.py:925} INFO - DAG(s) 'example_branch_dop_operator_v3' retrieved from /home/airflow/.local/lib/python3.12/site-packages/airflow/example_dags/example_branch_python_dop_operator_3.py
[2024-11-05T10:43:23.567+0000] {logging_mixin.py:190} INFO - [2024-11-05T10:43:23.567+0000] {dag.py:3239} INFO - Sync 1 DAGs
[2024-11-05T10:43:23.600+0000] {logging_mixin.py:190} INFO - [2024-11-05T10:43:23.600+0000] {dag.py:4180} INFO - Setting next_dagrun for example_branch_dop_operator_v3 to 2024-11-05 10:42:00+00:00, run_after=2024-11-05 10:43:00+00:00
[2024-11-05T10:43:23.628+0000] {processor.py:208} INFO - Processing /home/airflow/.local/lib/python3.12/site-packages/airflow/example_dags/example_branch_python_dop_operator_3.py took 0.121 seconds
[2024-11-05T10:43:53.914+0000] {processor.py:186} INFO - Started process (PID=928) to work on /home/airflow/.local/lib/python3.12/site-packages/airflow/example_dags/example_branch_python_dop_operator_3.py
[2024-11-05T10:43:53.915+0000] {processor.py:914} INFO - Processing file /home/airflow/.local/lib/python3.12/site-packages/airflow/example_dags/example_branch_python_dop_operator_3.py for tasks to queue
[2024-11-05T10:43:53.917+0000] {logging_mixin.py:190} INFO - [2024-11-05T10:43:53.917+0000] {dagbag.py:588} INFO - Filling up the DagBag from /home/airflow/.local/lib/python3.12/site-packages/airflow/example_dags/example_branch_python_dop_operator_3.py
[2024-11-05T10:43:53.931+0000] {processor.py:925} INFO - DAG(s) 'example_branch_dop_operator_v3' retrieved from /home/airflow/.local/lib/python3.12/site-packages/airflow/example_dags/example_branch_python_dop_operator_3.py
[2024-11-05T10:43:53.958+0000] {logging_mixin.py:190} INFO - [2024-11-05T10:43:53.958+0000] {dag.py:3239} INFO - Sync 1 DAGs
[2024-11-05T10:43:53.994+0000] {logging_mixin.py:190} INFO - [2024-11-05T10:43:53.994+0000] {dag.py:4180} INFO - Setting next_dagrun for example_branch_dop_operator_v3 to 2024-11-05 10:42:00+00:00, run_after=2024-11-05 10:43:00+00:00
[2024-11-05T10:43:54.017+0000] {processor.py:208} INFO - Processing /home/airflow/.local/lib/python3.12/site-packages/airflow/example_dags/example_branch_python_dop_operator_3.py took 0.109 seconds
[2024-11-05T10:44:24.380+0000] {processor.py:186} INFO - Started process (PID=992) to work on /home/airflow/.local/lib/python3.12/site-packages/airflow/example_dags/example_branch_python_dop_operator_3.py
[2024-11-05T10:44:24.382+0000] {processor.py:914} INFO - Processing file /home/airflow/.local/lib/python3.12/site-packages/airflow/example_dags/example_branch_python_dop_operator_3.py for tasks to queue
[2024-11-05T10:44:24.386+0000] {logging_mixin.py:190} INFO - [2024-11-05T10:44:24.385+0000] {dagbag.py:588} INFO - Filling up the DagBag from /home/airflow/.local/lib/python3.12/site-packages/airflow/example_dags/example_branch_python_dop_operator_3.py
[2024-11-05T10:44:24.404+0000] {processor.py:925} INFO - DAG(s) 'example_branch_dop_operator_v3' retrieved from /home/airflow/.local/lib/python3.12/site-packages/airflow/example_dags/example_branch_python_dop_operator_3.py
[2024-11-05T10:44:24.442+0000] {logging_mixin.py:190} INFO - [2024-11-05T10:44:24.441+0000] {dag.py:3239} INFO - Sync 1 DAGs
[2024-11-05T10:44:24.491+0000] {logging_mixin.py:190} INFO - [2024-11-05T10:44:24.490+0000] {dag.py:4180} INFO - Setting next_dagrun for example_branch_dop_operator_v3 to 2024-11-05 10:43:00+00:00, run_after=2024-11-05 10:44:00+00:00
[2024-11-05T10:44:24.525+0000] {processor.py:208} INFO - Processing /home/airflow/.local/lib/python3.12/site-packages/airflow/example_dags/example_branch_python_dop_operator_3.py took 0.158 seconds
[2024-11-05T10:44:55.228+0000] {processor.py:186} INFO - Started process (PID=1055) to work on /home/airflow/.local/lib/python3.12/site-packages/airflow/example_dags/example_branch_python_dop_operator_3.py
[2024-11-05T10:44:55.229+0000] {processor.py:914} INFO - Processing file /home/airflow/.local/lib/python3.12/site-packages/airflow/example_dags/example_branch_python_dop_operator_3.py for tasks to queue
[2024-11-05T10:44:55.239+0000] {logging_mixin.py:190} INFO - [2024-11-05T10:44:55.237+0000] {dagbag.py:588} INFO - Filling up the DagBag from /home/airflow/.local/lib/python3.12/site-packages/airflow/example_dags/example_branch_python_dop_operator_3.py
[2024-11-05T10:44:55.265+0000] {processor.py:925} INFO - DAG(s) 'example_branch_dop_operator_v3' retrieved from /home/airflow/.local/lib/python3.12/site-packages/airflow/example_dags/example_branch_python_dop_operator_3.py
[2024-11-05T10:44:55.300+0000] {logging_mixin.py:190} INFO - [2024-11-05T10:44:55.299+0000] {dag.py:3239} INFO - Sync 1 DAGs
[2024-11-05T10:44:55.358+0000] {logging_mixin.py:190} INFO - [2024-11-05T10:44:55.357+0000] {dag.py:4180} INFO - Setting next_dagrun for example_branch_dop_operator_v3 to 2024-11-05 10:43:00+00:00, run_after=2024-11-05 10:44:00+00:00
[2024-11-05T10:44:55.388+0000] {processor.py:208} INFO - Processing /home/airflow/.local/lib/python3.12/site-packages/airflow/example_dags/example_branch_python_dop_operator_3.py took 0.175 seconds
[2024-11-05T10:45:25.486+0000] {processor.py:186} INFO - Started process (PID=1118) to work on /home/airflow/.local/lib/python3.12/site-packages/airflow/example_dags/example_branch_python_dop_operator_3.py
[2024-11-05T10:45:25.487+0000] {processor.py:914} INFO - Processing file /home/airflow/.local/lib/python3.12/site-packages/airflow/example_dags/example_branch_python_dop_operator_3.py for tasks to queue
[2024-11-05T10:45:25.490+0000] {logging_mixin.py:190} INFO - [2024-11-05T10:45:25.490+0000] {dagbag.py:588} INFO - Filling up the DagBag from /home/airflow/.local/lib/python3.12/site-packages/airflow/example_dags/example_branch_python_dop_operator_3.py
[2024-11-05T10:45:25.506+0000] {processor.py:925} INFO - DAG(s) 'example_branch_dop_operator_v3' retrieved from /home/airflow/.local/lib/python3.12/site-packages/airflow/example_dags/example_branch_python_dop_operator_3.py
[2024-11-05T10:45:25.534+0000] {logging_mixin.py:190} INFO - [2024-11-05T10:45:25.534+0000] {dag.py:3239} INFO - Sync 1 DAGs
[2024-11-05T10:45:25.586+0000] {logging_mixin.py:190} INFO - [2024-11-05T10:45:25.586+0000] {dag.py:4180} INFO - Setting next_dagrun for example_branch_dop_operator_v3 to 2024-11-05 10:44:00+00:00, run_after=2024-11-05 10:45:00+00:00
[2024-11-05T10:45:25.616+0000] {processor.py:208} INFO - Processing /home/airflow/.local/lib/python3.12/site-packages/airflow/example_dags/example_branch_python_dop_operator_3.py took 0.137 seconds
[2024-11-05T10:45:55.696+0000] {processor.py:186} INFO - Started process (PID=1181) to work on /home/airflow/.local/lib/python3.12/site-packages/airflow/example_dags/example_branch_python_dop_operator_3.py
[2024-11-05T10:45:55.698+0000] {processor.py:914} INFO - Processing file /home/airflow/.local/lib/python3.12/site-packages/airflow/example_dags/example_branch_python_dop_operator_3.py for tasks to queue
[2024-11-05T10:45:55.700+0000] {logging_mixin.py:190} INFO - [2024-11-05T10:45:55.700+0000] {dagbag.py:588} INFO - Filling up the DagBag from /home/airflow/.local/lib/python3.12/site-packages/airflow/example_dags/example_branch_python_dop_operator_3.py
[2024-11-05T10:45:55.713+0000] {processor.py:925} INFO - DAG(s) 'example_branch_dop_operator_v3' retrieved from /home/airflow/.local/lib/python3.12/site-packages/airflow/example_dags/example_branch_python_dop_operator_3.py
[2024-11-05T10:45:55.738+0000] {logging_mixin.py:190} INFO - [2024-11-05T10:45:55.738+0000] {dag.py:3239} INFO - Sync 1 DAGs
[2024-11-05T10:45:55.782+0000] {logging_mixin.py:190} INFO - [2024-11-05T10:45:55.782+0000] {dag.py:4180} INFO - Setting next_dagrun for example_branch_dop_operator_v3 to 2024-11-05 10:44:00+00:00, run_after=2024-11-05 10:45:00+00:00
[2024-11-05T10:45:55.809+0000] {processor.py:208} INFO - Processing /home/airflow/.local/lib/python3.12/site-packages/airflow/example_dags/example_branch_python_dop_operator_3.py took 0.120 seconds
[2024-11-05T10:46:26.206+0000] {processor.py:186} INFO - Started process (PID=1244) to work on /home/airflow/.local/lib/python3.12/site-packages/airflow/example_dags/example_branch_python_dop_operator_3.py
[2024-11-05T10:46:26.208+0000] {processor.py:914} INFO - Processing file /home/airflow/.local/lib/python3.12/site-packages/airflow/example_dags/example_branch_python_dop_operator_3.py for tasks to queue
[2024-11-05T10:46:26.210+0000] {logging_mixin.py:190} INFO - [2024-11-05T10:46:26.210+0000] {dagbag.py:588} INFO - Filling up the DagBag from /home/airflow/.local/lib/python3.12/site-packages/airflow/example_dags/example_branch_python_dop_operator_3.py
[2024-11-05T10:46:26.221+0000] {processor.py:925} INFO - DAG(s) 'example_branch_dop_operator_v3' retrieved from /home/airflow/.local/lib/python3.12/site-packages/airflow/example_dags/example_branch_python_dop_operator_3.py
[2024-11-05T10:46:26.244+0000] {logging_mixin.py:190} INFO - [2024-11-05T10:46:26.243+0000] {dag.py:3239} INFO - Sync 1 DAGs
[2024-11-05T10:46:26.278+0000] {logging_mixin.py:190} INFO - [2024-11-05T10:46:26.278+0000] {dag.py:4180} INFO - Setting next_dagrun for example_branch_dop_operator_v3 to 2024-11-05 10:45:00+00:00, run_after=2024-11-05 10:46:00+00:00
[2024-11-05T10:46:26.301+0000] {processor.py:208} INFO - Processing /home/airflow/.local/lib/python3.12/site-packages/airflow/example_dags/example_branch_python_dop_operator_3.py took 0.101 seconds
[2024-11-05T10:46:57.580+0000] {processor.py:186} INFO - Started process (PID=1306) to work on /home/airflow/.local/lib/python3.12/site-packages/airflow/example_dags/example_branch_python_dop_operator_3.py
[2024-11-05T10:46:57.581+0000] {processor.py:914} INFO - Processing file /home/airflow/.local/lib/python3.12/site-packages/airflow/example_dags/example_branch_python_dop_operator_3.py for tasks to queue
[2024-11-05T10:46:57.585+0000] {logging_mixin.py:190} INFO - [2024-11-05T10:46:57.584+0000] {dagbag.py:588} INFO - Filling up the DagBag from /home/airflow/.local/lib/python3.12/site-packages/airflow/example_dags/example_branch_python_dop_operator_3.py
[2024-11-05T10:46:57.598+0000] {processor.py:925} INFO - DAG(s) 'example_branch_dop_operator_v3' retrieved from /home/airflow/.local/lib/python3.12/site-packages/airflow/example_dags/example_branch_python_dop_operator_3.py
[2024-11-05T10:46:57.624+0000] {logging_mixin.py:190} INFO - [2024-11-05T10:46:57.624+0000] {dag.py:3239} INFO - Sync 1 DAGs
[2024-11-05T10:46:57.657+0000] {logging_mixin.py:190} INFO - [2024-11-05T10:46:57.657+0000] {dag.py:4180} INFO - Setting next_dagrun for example_branch_dop_operator_v3 to 2024-11-05 10:45:00+00:00, run_after=2024-11-05 10:46:00+00:00
[2024-11-05T10:46:57.684+0000] {processor.py:208} INFO - Processing /home/airflow/.local/lib/python3.12/site-packages/airflow/example_dags/example_branch_python_dop_operator_3.py took 0.111 seconds
[2024-11-05T10:47:28.746+0000] {processor.py:186} INFO - Started process (PID=1375) to work on /home/airflow/.local/lib/python3.12/site-packages/airflow/example_dags/example_branch_python_dop_operator_3.py
[2024-11-05T10:47:28.747+0000] {processor.py:914} INFO - Processing file /home/airflow/.local/lib/python3.12/site-packages/airflow/example_dags/example_branch_python_dop_operator_3.py for tasks to queue
[2024-11-05T10:47:28.753+0000] {logging_mixin.py:190} INFO - [2024-11-05T10:47:28.752+0000] {dagbag.py:588} INFO - Filling up the DagBag from /home/airflow/.local/lib/python3.12/site-packages/airflow/example_dags/example_branch_python_dop_operator_3.py
[2024-11-05T10:47:28.769+0000] {processor.py:925} INFO - DAG(s) 'example_branch_dop_operator_v3' retrieved from /home/airflow/.local/lib/python3.12/site-packages/airflow/example_dags/example_branch_python_dop_operator_3.py
[2024-11-05T10:47:28.795+0000] {logging_mixin.py:190} INFO - [2024-11-05T10:47:28.795+0000] {dag.py:3239} INFO - Sync 1 DAGs
[2024-11-05T10:47:28.827+0000] {logging_mixin.py:190} INFO - [2024-11-05T10:47:28.827+0000] {dag.py:4180} INFO - Setting next_dagrun for example_branch_dop_operator_v3 to 2024-11-05 10:46:00+00:00, run_after=2024-11-05 10:47:00+00:00
[2024-11-05T10:47:28.848+0000] {processor.py:208} INFO - Processing /home/airflow/.local/lib/python3.12/site-packages/airflow/example_dags/example_branch_python_dop_operator_3.py took 0.109 seconds
[2024-11-05T10:47:59.631+0000] {processor.py:186} INFO - Started process (PID=1437) to work on /home/airflow/.local/lib/python3.12/site-packages/airflow/example_dags/example_branch_python_dop_operator_3.py
[2024-11-05T10:47:59.632+0000] {processor.py:914} INFO - Processing file /home/airflow/.local/lib/python3.12/site-packages/airflow/example_dags/example_branch_python_dop_operator_3.py for tasks to queue
[2024-11-05T10:47:59.636+0000] {logging_mixin.py:190} INFO - [2024-11-05T10:47:59.635+0000] {dagbag.py:588} INFO - Filling up the DagBag from /home/airflow/.local/lib/python3.12/site-packages/airflow/example_dags/example_branch_python_dop_operator_3.py
[2024-11-05T10:47:59.648+0000] {processor.py:925} INFO - DAG(s) 'example_branch_dop_operator_v3' retrieved from /home/airflow/.local/lib/python3.12/site-packages/airflow/example_dags/example_branch_python_dop_operator_3.py
[2024-11-05T10:47:59.675+0000] {logging_mixin.py:190} INFO - [2024-11-05T10:47:59.675+0000] {dag.py:3239} INFO - Sync 1 DAGs
[2024-11-05T10:47:59.717+0000] {logging_mixin.py:190} INFO - [2024-11-05T10:47:59.717+0000] {dag.py:4180} INFO - Setting next_dagrun for example_branch_dop_operator_v3 to 2024-11-05 10:46:00+00:00, run_after=2024-11-05 10:47:00+00:00
[2024-11-05T10:47:59.748+0000] {processor.py:208} INFO - Processing /home/airflow/.local/lib/python3.12/site-packages/airflow/example_dags/example_branch_python_dop_operator_3.py took 0.126 seconds
[2024-11-05T10:48:30.412+0000] {processor.py:186} INFO - Started process (PID=1500) to work on /home/airflow/.local/lib/python3.12/site-packages/airflow/example_dags/example_branch_python_dop_operator_3.py
[2024-11-05T10:48:30.413+0000] {processor.py:914} INFO - Processing file /home/airflow/.local/lib/python3.12/site-packages/airflow/example_dags/example_branch_python_dop_operator_3.py for tasks to queue
[2024-11-05T10:48:30.417+0000] {logging_mixin.py:190} INFO - [2024-11-05T10:48:30.416+0000] {dagbag.py:588} INFO - Filling up the DagBag from /home/airflow/.local/lib/python3.12/site-packages/airflow/example_dags/example_branch_python_dop_operator_3.py
[2024-11-05T10:48:30.430+0000] {processor.py:925} INFO - DAG(s) 'example_branch_dop_operator_v3' retrieved from /home/airflow/.local/lib/python3.12/site-packages/airflow/example_dags/example_branch_python_dop_operator_3.py
[2024-11-05T10:48:30.452+0000] {logging_mixin.py:190} INFO - [2024-11-05T10:48:30.451+0000] {dag.py:3239} INFO - Sync 1 DAGs
[2024-11-05T10:48:30.487+0000] {logging_mixin.py:190} INFO - [2024-11-05T10:48:30.487+0000] {dag.py:4180} INFO - Setting next_dagrun for example_branch_dop_operator_v3 to 2024-11-05 10:47:00+00:00, run_after=2024-11-05 10:48:00+00:00
[2024-11-05T10:48:30.511+0000] {processor.py:208} INFO - Processing /home/airflow/.local/lib/python3.12/site-packages/airflow/example_dags/example_branch_python_dop_operator_3.py took 0.107 seconds
[2024-11-05T10:49:06.304+0000] {processor.py:186} INFO - Started process (PID=1562) to work on /home/airflow/.local/lib/python3.12/site-packages/airflow/example_dags/example_branch_python_dop_operator_3.py
[2024-11-05T10:49:06.306+0000] {processor.py:914} INFO - Processing file /home/airflow/.local/lib/python3.12/site-packages/airflow/example_dags/example_branch_python_dop_operator_3.py for tasks to queue
[2024-11-05T10:49:06.314+0000] {logging_mixin.py:190} INFO - [2024-11-05T10:49:06.312+0000] {dagbag.py:588} INFO - Filling up the DagBag from /home/airflow/.local/lib/python3.12/site-packages/airflow/example_dags/example_branch_python_dop_operator_3.py
[2024-11-05T10:49:06.334+0000] {processor.py:925} INFO - DAG(s) 'example_branch_dop_operator_v3' retrieved from /home/airflow/.local/lib/python3.12/site-packages/airflow/example_dags/example_branch_python_dop_operator_3.py
[2024-11-05T10:49:06.368+0000] {logging_mixin.py:190} INFO - [2024-11-05T10:49:06.368+0000] {dag.py:3239} INFO - Sync 1 DAGs
[2024-11-05T10:49:06.439+0000] {logging_mixin.py:190} INFO - [2024-11-05T10:49:06.438+0000] {dag.py:4180} INFO - Setting next_dagrun for example_branch_dop_operator_v3 to 2024-11-05 10:48:00+00:00, run_after=2024-11-05 10:49:00+00:00
[2024-11-05T10:49:06.486+0000] {processor.py:208} INFO - Processing /home/airflow/.local/lib/python3.12/site-packages/airflow/example_dags/example_branch_python_dop_operator_3.py took 0.193 seconds
[2024-11-05T10:49:37.116+0000] {processor.py:186} INFO - Started process (PID=1625) to work on /home/airflow/.local/lib/python3.12/site-packages/airflow/example_dags/example_branch_python_dop_operator_3.py
[2024-11-05T10:49:37.118+0000] {processor.py:914} INFO - Processing file /home/airflow/.local/lib/python3.12/site-packages/airflow/example_dags/example_branch_python_dop_operator_3.py for tasks to queue
[2024-11-05T10:49:37.126+0000] {logging_mixin.py:190} INFO - [2024-11-05T10:49:37.125+0000] {dagbag.py:588} INFO - Filling up the DagBag from /home/airflow/.local/lib/python3.12/site-packages/airflow/example_dags/example_branch_python_dop_operator_3.py
[2024-11-05T10:49:37.153+0000] {processor.py:925} INFO - DAG(s) 'example_branch_dop_operator_v3' retrieved from /home/airflow/.local/lib/python3.12/site-packages/airflow/example_dags/example_branch_python_dop_operator_3.py
[2024-11-05T10:49:37.186+0000] {logging_mixin.py:190} INFO - [2024-11-05T10:49:37.185+0000] {dag.py:3239} INFO - Sync 1 DAGs
[2024-11-05T10:49:37.258+0000] {logging_mixin.py:190} INFO - [2024-11-05T10:49:37.258+0000] {dag.py:4180} INFO - Setting next_dagrun for example_branch_dop_operator_v3 to 2024-11-05 10:48:00+00:00, run_after=2024-11-05 10:49:00+00:00
[2024-11-05T10:49:37.294+0000] {processor.py:208} INFO - Processing /home/airflow/.local/lib/python3.12/site-packages/airflow/example_dags/example_branch_python_dop_operator_3.py took 0.193 seconds
[2024-11-05T10:50:07.669+0000] {processor.py:186} INFO - Started process (PID=1688) to work on /home/airflow/.local/lib/python3.12/site-packages/airflow/example_dags/example_branch_python_dop_operator_3.py
[2024-11-05T10:50:07.670+0000] {processor.py:914} INFO - Processing file /home/airflow/.local/lib/python3.12/site-packages/airflow/example_dags/example_branch_python_dop_operator_3.py for tasks to queue
[2024-11-05T10:50:07.673+0000] {logging_mixin.py:190} INFO - [2024-11-05T10:50:07.672+0000] {dagbag.py:588} INFO - Filling up the DagBag from /home/airflow/.local/lib/python3.12/site-packages/airflow/example_dags/example_branch_python_dop_operator_3.py
[2024-11-05T10:50:07.692+0000] {processor.py:925} INFO - DAG(s) 'example_branch_dop_operator_v3' retrieved from /home/airflow/.local/lib/python3.12/site-packages/airflow/example_dags/example_branch_python_dop_operator_3.py
[2024-11-05T10:50:07.717+0000] {logging_mixin.py:190} INFO - [2024-11-05T10:50:07.716+0000] {dag.py:3239} INFO - Sync 1 DAGs
[2024-11-05T10:50:07.774+0000] {logging_mixin.py:190} INFO - [2024-11-05T10:50:07.773+0000] {dag.py:4180} INFO - Setting next_dagrun for example_branch_dop_operator_v3 to 2024-11-05 10:49:00+00:00, run_after=2024-11-05 10:50:00+00:00
[2024-11-05T10:50:07.809+0000] {processor.py:208} INFO - Processing /home/airflow/.local/lib/python3.12/site-packages/airflow/example_dags/example_branch_python_dop_operator_3.py took 0.146 seconds
[2024-11-05T10:50:38.450+0000] {processor.py:186} INFO - Started process (PID=1750) to work on /home/airflow/.local/lib/python3.12/site-packages/airflow/example_dags/example_branch_python_dop_operator_3.py
[2024-11-05T10:50:38.455+0000] {processor.py:914} INFO - Processing file /home/airflow/.local/lib/python3.12/site-packages/airflow/example_dags/example_branch_python_dop_operator_3.py for tasks to queue
[2024-11-05T10:50:38.459+0000] {logging_mixin.py:190} INFO - [2024-11-05T10:50:38.458+0000] {dagbag.py:588} INFO - Filling up the DagBag from /home/airflow/.local/lib/python3.12/site-packages/airflow/example_dags/example_branch_python_dop_operator_3.py
[2024-11-05T10:50:38.484+0000] {processor.py:925} INFO - DAG(s) 'example_branch_dop_operator_v3' retrieved from /home/airflow/.local/lib/python3.12/site-packages/airflow/example_dags/example_branch_python_dop_operator_3.py
[2024-11-05T10:50:38.516+0000] {logging_mixin.py:190} INFO - [2024-11-05T10:50:38.515+0000] {dag.py:3239} INFO - Sync 1 DAGs
[2024-11-05T10:50:38.567+0000] {logging_mixin.py:190} INFO - [2024-11-05T10:50:38.566+0000] {dag.py:4180} INFO - Setting next_dagrun for example_branch_dop_operator_v3 to 2024-11-05 10:49:00+00:00, run_after=2024-11-05 10:50:00+00:00
[2024-11-05T10:50:38.602+0000] {processor.py:208} INFO - Processing /home/airflow/.local/lib/python3.12/site-packages/airflow/example_dags/example_branch_python_dop_operator_3.py took 0.163 seconds
[2024-11-05T10:51:08.824+0000] {processor.py:186} INFO - Started process (PID=1813) to work on /home/airflow/.local/lib/python3.12/site-packages/airflow/example_dags/example_branch_python_dop_operator_3.py
[2024-11-05T10:51:08.826+0000] {processor.py:914} INFO - Processing file /home/airflow/.local/lib/python3.12/site-packages/airflow/example_dags/example_branch_python_dop_operator_3.py for tasks to queue
[2024-11-05T10:51:08.829+0000] {logging_mixin.py:190} INFO - [2024-11-05T10:51:08.829+0000] {dagbag.py:588} INFO - Filling up the DagBag from /home/airflow/.local/lib/python3.12/site-packages/airflow/example_dags/example_branch_python_dop_operator_3.py
[2024-11-05T10:51:08.850+0000] {processor.py:925} INFO - DAG(s) 'example_branch_dop_operator_v3' retrieved from /home/airflow/.local/lib/python3.12/site-packages/airflow/example_dags/example_branch_python_dop_operator_3.py
[2024-11-05T10:51:08.890+0000] {logging_mixin.py:190} INFO - [2024-11-05T10:51:08.889+0000] {dag.py:3239} INFO - Sync 1 DAGs
[2024-11-05T10:51:08.963+0000] {logging_mixin.py:190} INFO - [2024-11-05T10:51:08.963+0000] {dag.py:4180} INFO - Setting next_dagrun for example_branch_dop_operator_v3 to 2024-11-05 10:50:00+00:00, run_after=2024-11-05 10:51:00+00:00
[2024-11-05T10:51:09.009+0000] {processor.py:208} INFO - Processing /home/airflow/.local/lib/python3.12/site-packages/airflow/example_dags/example_branch_python_dop_operator_3.py took 0.196 seconds
[2024-11-05T10:51:39.364+0000] {processor.py:186} INFO - Started process (PID=1876) to work on /home/airflow/.local/lib/python3.12/site-packages/airflow/example_dags/example_branch_python_dop_operator_3.py
[2024-11-05T10:51:39.368+0000] {processor.py:914} INFO - Processing file /home/airflow/.local/lib/python3.12/site-packages/airflow/example_dags/example_branch_python_dop_operator_3.py for tasks to queue
[2024-11-05T10:51:39.373+0000] {logging_mixin.py:190} INFO - [2024-11-05T10:51:39.372+0000] {dagbag.py:588} INFO - Filling up the DagBag from /home/airflow/.local/lib/python3.12/site-packages/airflow/example_dags/example_branch_python_dop_operator_3.py
[2024-11-05T10:51:39.393+0000] {processor.py:925} INFO - DAG(s) 'example_branch_dop_operator_v3' retrieved from /home/airflow/.local/lib/python3.12/site-packages/airflow/example_dags/example_branch_python_dop_operator_3.py
[2024-11-05T10:51:39.433+0000] {logging_mixin.py:190} INFO - [2024-11-05T10:51:39.432+0000] {dag.py:3239} INFO - Sync 1 DAGs
[2024-11-05T10:51:39.479+0000] {logging_mixin.py:190} INFO - [2024-11-05T10:51:39.479+0000] {dag.py:4180} INFO - Setting next_dagrun for example_branch_dop_operator_v3 to 2024-11-05 10:50:00+00:00, run_after=2024-11-05 10:51:00+00:00
[2024-11-05T10:51:39.524+0000] {processor.py:208} INFO - Processing /home/airflow/.local/lib/python3.12/site-packages/airflow/example_dags/example_branch_python_dop_operator_3.py took 0.171 seconds
[2024-11-05T10:52:10.477+0000] {processor.py:186} INFO - Started process (PID=1940) to work on /home/airflow/.local/lib/python3.12/site-packages/airflow/example_dags/example_branch_python_dop_operator_3.py
[2024-11-05T10:52:10.480+0000] {processor.py:914} INFO - Processing file /home/airflow/.local/lib/python3.12/site-packages/airflow/example_dags/example_branch_python_dop_operator_3.py for tasks to queue
[2024-11-05T10:52:10.484+0000] {logging_mixin.py:190} INFO - [2024-11-05T10:52:10.483+0000] {dagbag.py:588} INFO - Filling up the DagBag from /home/airflow/.local/lib/python3.12/site-packages/airflow/example_dags/example_branch_python_dop_operator_3.py
[2024-11-05T10:52:10.503+0000] {processor.py:925} INFO - DAG(s) 'example_branch_dop_operator_v3' retrieved from /home/airflow/.local/lib/python3.12/site-packages/airflow/example_dags/example_branch_python_dop_operator_3.py
[2024-11-05T10:52:10.537+0000] {logging_mixin.py:190} INFO - [2024-11-05T10:52:10.537+0000] {dag.py:3239} INFO - Sync 1 DAGs
[2024-11-05T10:52:10.589+0000] {logging_mixin.py:190} INFO - [2024-11-05T10:52:10.589+0000] {dag.py:4180} INFO - Setting next_dagrun for example_branch_dop_operator_v3 to 2024-11-05 10:51:00+00:00, run_after=2024-11-05 10:52:00+00:00
[2024-11-05T10:52:10.624+0000] {processor.py:208} INFO - Processing /home/airflow/.local/lib/python3.12/site-packages/airflow/example_dags/example_branch_python_dop_operator_3.py took 0.156 seconds
[2024-11-05T10:52:42.010+0000] {processor.py:186} INFO - Started process (PID=2003) to work on /home/airflow/.local/lib/python3.12/site-packages/airflow/example_dags/example_branch_python_dop_operator_3.py
[2024-11-05T10:52:42.021+0000] {processor.py:914} INFO - Processing file /home/airflow/.local/lib/python3.12/site-packages/airflow/example_dags/example_branch_python_dop_operator_3.py for tasks to queue
[2024-11-05T10:52:42.031+0000] {logging_mixin.py:190} INFO - [2024-11-05T10:52:42.030+0000] {dagbag.py:588} INFO - Filling up the DagBag from /home/airflow/.local/lib/python3.12/site-packages/airflow/example_dags/example_branch_python_dop_operator_3.py
[2024-11-05T10:52:42.060+0000] {processor.py:925} INFO - DAG(s) 'example_branch_dop_operator_v3' retrieved from /home/airflow/.local/lib/python3.12/site-packages/airflow/example_dags/example_branch_python_dop_operator_3.py
[2024-11-05T10:52:42.136+0000] {logging_mixin.py:190} INFO - [2024-11-05T10:52:42.134+0000] {dag.py:3239} INFO - Sync 1 DAGs
[2024-11-05T10:52:42.241+0000] {logging_mixin.py:190} INFO - [2024-11-05T10:52:42.241+0000] {dag.py:4180} INFO - Setting next_dagrun for example_branch_dop_operator_v3 to 2024-11-05 10:51:00+00:00, run_after=2024-11-05 10:52:00+00:00
[2024-11-05T10:52:42.297+0000] {processor.py:208} INFO - Processing /home/airflow/.local/lib/python3.12/site-packages/airflow/example_dags/example_branch_python_dop_operator_3.py took 0.319 seconds
[2024-11-05T10:53:13.660+0000] {processor.py:186} INFO - Started process (PID=2066) to work on /home/airflow/.local/lib/python3.12/site-packages/airflow/example_dags/example_branch_python_dop_operator_3.py
[2024-11-05T10:53:13.662+0000] {processor.py:914} INFO - Processing file /home/airflow/.local/lib/python3.12/site-packages/airflow/example_dags/example_branch_python_dop_operator_3.py for tasks to queue
[2024-11-05T10:53:13.665+0000] {logging_mixin.py:190} INFO - [2024-11-05T10:53:13.664+0000] {dagbag.py:588} INFO - Filling up the DagBag from /home/airflow/.local/lib/python3.12/site-packages/airflow/example_dags/example_branch_python_dop_operator_3.py
[2024-11-05T10:53:13.680+0000] {processor.py:925} INFO - DAG(s) 'example_branch_dop_operator_v3' retrieved from /home/airflow/.local/lib/python3.12/site-packages/airflow/example_dags/example_branch_python_dop_operator_3.py
[2024-11-05T10:53:13.712+0000] {logging_mixin.py:190} INFO - [2024-11-05T10:53:13.712+0000] {dag.py:3239} INFO - Sync 1 DAGs
[2024-11-05T10:53:13.764+0000] {logging_mixin.py:190} INFO - [2024-11-05T10:53:13.764+0000] {dag.py:4180} INFO - Setting next_dagrun for example_branch_dop_operator_v3 to 2024-11-05 10:52:00+00:00, run_after=2024-11-05 10:53:00+00:00
[2024-11-05T10:53:13.794+0000] {processor.py:208} INFO - Processing /home/airflow/.local/lib/python3.12/site-packages/airflow/example_dags/example_branch_python_dop_operator_3.py took 0.141 seconds
[2024-11-05T10:53:44.134+0000] {processor.py:186} INFO - Started process (PID=2129) to work on /home/airflow/.local/lib/python3.12/site-packages/airflow/example_dags/example_branch_python_dop_operator_3.py
[2024-11-05T10:53:44.136+0000] {processor.py:914} INFO - Processing file /home/airflow/.local/lib/python3.12/site-packages/airflow/example_dags/example_branch_python_dop_operator_3.py for tasks to queue
[2024-11-05T10:53:44.139+0000] {logging_mixin.py:190} INFO - [2024-11-05T10:53:44.139+0000] {dagbag.py:588} INFO - Filling up the DagBag from /home/airflow/.local/lib/python3.12/site-packages/airflow/example_dags/example_branch_python_dop_operator_3.py
[2024-11-05T10:53:44.157+0000] {processor.py:925} INFO - DAG(s) 'example_branch_dop_operator_v3' retrieved from /home/airflow/.local/lib/python3.12/site-packages/airflow/example_dags/example_branch_python_dop_operator_3.py
[2024-11-05T10:53:44.194+0000] {logging_mixin.py:190} INFO - [2024-11-05T10:53:44.194+0000] {dag.py:3239} INFO - Sync 1 DAGs
[2024-11-05T10:53:44.230+0000] {logging_mixin.py:190} INFO - [2024-11-05T10:53:44.230+0000] {dag.py:4180} INFO - Setting next_dagrun for example_branch_dop_operator_v3 to 2024-11-05 10:52:00+00:00, run_after=2024-11-05 10:53:00+00:00
[2024-11-05T10:53:44.255+0000] {processor.py:208} INFO - Processing /home/airflow/.local/lib/python3.12/site-packages/airflow/example_dags/example_branch_python_dop_operator_3.py took 0.130 seconds
[2024-11-05T10:54:14.916+0000] {processor.py:186} INFO - Started process (PID=2192) to work on /home/airflow/.local/lib/python3.12/site-packages/airflow/example_dags/example_branch_python_dop_operator_3.py
[2024-11-05T10:54:14.917+0000] {processor.py:914} INFO - Processing file /home/airflow/.local/lib/python3.12/site-packages/airflow/example_dags/example_branch_python_dop_operator_3.py for tasks to queue
[2024-11-05T10:54:14.920+0000] {logging_mixin.py:190} INFO - [2024-11-05T10:54:14.919+0000] {dagbag.py:588} INFO - Filling up the DagBag from /home/airflow/.local/lib/python3.12/site-packages/airflow/example_dags/example_branch_python_dop_operator_3.py
[2024-11-05T10:54:14.935+0000] {processor.py:925} INFO - DAG(s) 'example_branch_dop_operator_v3' retrieved from /home/airflow/.local/lib/python3.12/site-packages/airflow/example_dags/example_branch_python_dop_operator_3.py
[2024-11-05T10:54:14.966+0000] {logging_mixin.py:190} INFO - [2024-11-05T10:54:14.966+0000] {dag.py:3239} INFO - Sync 1 DAGs
[2024-11-05T10:54:15.017+0000] {logging_mixin.py:190} INFO - [2024-11-05T10:54:15.016+0000] {dag.py:4180} INFO - Setting next_dagrun for example_branch_dop_operator_v3 to 2024-11-05 10:53:00+00:00, run_after=2024-11-05 10:54:00+00:00
[2024-11-05T10:54:15.056+0000] {processor.py:208} INFO - Processing /home/airflow/.local/lib/python3.12/site-packages/airflow/example_dags/example_branch_python_dop_operator_3.py took 0.147 seconds
