[2024-11-05T10:37:03.877+0000] {processor.py:186} INFO - Started process (PID=67) to work on /home/airflow/.local/lib/python3.12/site-packages/airflow/example_dags/example_display_name.py
[2024-11-05T10:37:03.879+0000] {processor.py:914} INFO - Processing file /home/airflow/.local/lib/python3.12/site-packages/airflow/example_dags/example_display_name.py for tasks to queue
[2024-11-05T10:37:03.883+0000] {logging_mixin.py:190} INFO - [2024-11-05T10:37:03.883+0000] {dagbag.py:588} INFO - Filling up the DagBag from /home/airflow/.local/lib/python3.12/site-packages/airflow/example_dags/example_display_name.py
[2024-11-05T10:37:03.899+0000] {processor.py:925} INFO - DAG(s) 'example_display_name' retrieved from /home/airflow/.local/lib/python3.12/site-packages/airflow/example_dags/example_display_name.py
[2024-11-05T10:37:04.164+0000] {logging_mixin.py:190} INFO - [2024-11-05T10:37:04.163+0000] {override.py:1900} INFO - Created Permission View: can delete on DAG:example_display_name
[2024-11-05T10:37:04.188+0000] {logging_mixin.py:190} INFO - [2024-11-05T10:37:04.188+0000] {override.py:1900} INFO - Created Permission View: can read on DAG:example_display_name
[2024-11-05T10:37:04.234+0000] {logging_mixin.py:190} INFO - [2024-11-05T10:37:04.234+0000] {override.py:1900} INFO - Created Permission View: can edit on DAG:example_display_name
[2024-11-05T10:37:04.264+0000] {logging_mixin.py:190} INFO - [2024-11-05T10:37:04.263+0000] {override.py:1900} INFO - Created Permission View: can delete on DAG Run:example_display_name
[2024-11-05T10:37:04.289+0000] {logging_mixin.py:190} INFO - [2024-11-05T10:37:04.286+0000] {override.py:1900} INFO - Created Permission View: can create on DAG Run:example_display_name
[2024-11-05T10:37:04.310+0000] {logging_mixin.py:190} INFO - [2024-11-05T10:37:04.310+0000] {override.py:1900} INFO - Created Permission View: can read on DAG Run:example_display_name
[2024-11-05T10:37:04.332+0000] {logging_mixin.py:190} INFO - [2024-11-05T10:37:04.332+0000] {override.py:1900} INFO - Created Permission View: menu access on DAG Run:example_display_name
[2024-11-05T10:37:04.336+0000] {logging_mixin.py:190} INFO - [2024-11-05T10:37:04.336+0000] {dag.py:3239} INFO - Sync 1 DAGs
[2024-11-05T10:37:04.366+0000] {logging_mixin.py:190} INFO - [2024-11-05T10:37:04.366+0000] {dag.py:3262} INFO - Creating ORM DAG for example_display_name
[2024-11-05T10:37:04.367+0000] {logging_mixin.py:190} INFO - [2024-11-05T10:37:04.367+0000] {dag.py:4180} INFO - Setting next_dagrun for example_display_name to None, run_after=None
[2024-11-05T10:37:04.393+0000] {processor.py:208} INFO - Processing /home/airflow/.local/lib/python3.12/site-packages/airflow/example_dags/example_display_name.py took 0.524 seconds
[2024-11-05T10:37:34.697+0000] {processor.py:186} INFO - Started process (PID=128) to work on /home/airflow/.local/lib/python3.12/site-packages/airflow/example_dags/example_display_name.py
[2024-11-05T10:37:34.698+0000] {processor.py:914} INFO - Processing file /home/airflow/.local/lib/python3.12/site-packages/airflow/example_dags/example_display_name.py for tasks to queue
[2024-11-05T10:37:34.701+0000] {logging_mixin.py:190} INFO - [2024-11-05T10:37:34.700+0000] {dagbag.py:588} INFO - Filling up the DagBag from /home/airflow/.local/lib/python3.12/site-packages/airflow/example_dags/example_display_name.py
[2024-11-05T10:37:34.709+0000] {processor.py:925} INFO - DAG(s) 'example_display_name' retrieved from /home/airflow/.local/lib/python3.12/site-packages/airflow/example_dags/example_display_name.py
[2024-11-05T10:37:34.729+0000] {logging_mixin.py:190} INFO - [2024-11-05T10:37:34.728+0000] {dag.py:3239} INFO - Sync 1 DAGs
[2024-11-05T10:37:34.744+0000] {logging_mixin.py:190} INFO - [2024-11-05T10:37:34.744+0000] {dag.py:4180} INFO - Setting next_dagrun for example_display_name to None, run_after=None
[2024-11-05T10:37:34.766+0000] {processor.py:208} INFO - Processing /home/airflow/.local/lib/python3.12/site-packages/airflow/example_dags/example_display_name.py took 0.075 seconds
[2024-11-05T10:38:05.052+0000] {processor.py:186} INFO - Started process (PID=191) to work on /home/airflow/.local/lib/python3.12/site-packages/airflow/example_dags/example_display_name.py
[2024-11-05T10:38:05.053+0000] {processor.py:914} INFO - Processing file /home/airflow/.local/lib/python3.12/site-packages/airflow/example_dags/example_display_name.py for tasks to queue
[2024-11-05T10:38:05.056+0000] {logging_mixin.py:190} INFO - [2024-11-05T10:38:05.055+0000] {dagbag.py:588} INFO - Filling up the DagBag from /home/airflow/.local/lib/python3.12/site-packages/airflow/example_dags/example_display_name.py
[2024-11-05T10:38:05.063+0000] {processor.py:925} INFO - DAG(s) 'example_display_name' retrieved from /home/airflow/.local/lib/python3.12/site-packages/airflow/example_dags/example_display_name.py
[2024-11-05T10:38:05.085+0000] {logging_mixin.py:190} INFO - [2024-11-05T10:38:05.085+0000] {dag.py:3239} INFO - Sync 1 DAGs
[2024-11-05T10:38:05.101+0000] {logging_mixin.py:190} INFO - [2024-11-05T10:38:05.101+0000] {dag.py:4180} INFO - Setting next_dagrun for example_display_name to None, run_after=None
[2024-11-05T10:38:05.125+0000] {processor.py:208} INFO - Processing /home/airflow/.local/lib/python3.12/site-packages/airflow/example_dags/example_display_name.py took 0.079 seconds
[2024-11-05T10:38:35.272+0000] {processor.py:186} INFO - Started process (PID=254) to work on /home/airflow/.local/lib/python3.12/site-packages/airflow/example_dags/example_display_name.py
[2024-11-05T10:38:35.273+0000] {processor.py:914} INFO - Processing file /home/airflow/.local/lib/python3.12/site-packages/airflow/example_dags/example_display_name.py for tasks to queue
[2024-11-05T10:38:35.277+0000] {logging_mixin.py:190} INFO - [2024-11-05T10:38:35.277+0000] {dagbag.py:588} INFO - Filling up the DagBag from /home/airflow/.local/lib/python3.12/site-packages/airflow/example_dags/example_display_name.py
[2024-11-05T10:38:35.289+0000] {processor.py:925} INFO - DAG(s) 'example_display_name' retrieved from /home/airflow/.local/lib/python3.12/site-packages/airflow/example_dags/example_display_name.py
[2024-11-05T10:38:35.319+0000] {logging_mixin.py:190} INFO - [2024-11-05T10:38:35.319+0000] {dag.py:3239} INFO - Sync 1 DAGs
[2024-11-05T10:38:35.346+0000] {logging_mixin.py:190} INFO - [2024-11-05T10:38:35.345+0000] {dag.py:4180} INFO - Setting next_dagrun for example_display_name to None, run_after=None
[2024-11-05T10:38:35.378+0000] {processor.py:208} INFO - Processing /home/airflow/.local/lib/python3.12/site-packages/airflow/example_dags/example_display_name.py took 0.115 seconds
[2024-11-05T10:39:05.434+0000] {processor.py:186} INFO - Started process (PID=315) to work on /home/airflow/.local/lib/python3.12/site-packages/airflow/example_dags/example_display_name.py
[2024-11-05T10:39:05.435+0000] {processor.py:914} INFO - Processing file /home/airflow/.local/lib/python3.12/site-packages/airflow/example_dags/example_display_name.py for tasks to queue
[2024-11-05T10:39:05.438+0000] {logging_mixin.py:190} INFO - [2024-11-05T10:39:05.437+0000] {dagbag.py:588} INFO - Filling up the DagBag from /home/airflow/.local/lib/python3.12/site-packages/airflow/example_dags/example_display_name.py
[2024-11-05T10:39:05.446+0000] {processor.py:925} INFO - DAG(s) 'example_display_name' retrieved from /home/airflow/.local/lib/python3.12/site-packages/airflow/example_dags/example_display_name.py
[2024-11-05T10:39:05.465+0000] {logging_mixin.py:190} INFO - [2024-11-05T10:39:05.464+0000] {dag.py:3239} INFO - Sync 1 DAGs
[2024-11-05T10:39:05.479+0000] {logging_mixin.py:190} INFO - [2024-11-05T10:39:05.479+0000] {dag.py:4180} INFO - Setting next_dagrun for example_display_name to None, run_after=None
[2024-11-05T10:39:05.502+0000] {processor.py:208} INFO - Processing /home/airflow/.local/lib/python3.12/site-packages/airflow/example_dags/example_display_name.py took 0.074 seconds
[2024-11-05T10:39:35.555+0000] {processor.py:186} INFO - Started process (PID=377) to work on /home/airflow/.local/lib/python3.12/site-packages/airflow/example_dags/example_display_name.py
[2024-11-05T10:39:35.555+0000] {processor.py:914} INFO - Processing file /home/airflow/.local/lib/python3.12/site-packages/airflow/example_dags/example_display_name.py for tasks to queue
[2024-11-05T10:39:35.558+0000] {logging_mixin.py:190} INFO - [2024-11-05T10:39:35.557+0000] {dagbag.py:588} INFO - Filling up the DagBag from /home/airflow/.local/lib/python3.12/site-packages/airflow/example_dags/example_display_name.py
[2024-11-05T10:39:35.565+0000] {processor.py:925} INFO - DAG(s) 'example_display_name' retrieved from /home/airflow/.local/lib/python3.12/site-packages/airflow/example_dags/example_display_name.py
[2024-11-05T10:39:35.585+0000] {logging_mixin.py:190} INFO - [2024-11-05T10:39:35.585+0000] {dag.py:3239} INFO - Sync 1 DAGs
[2024-11-05T10:39:35.599+0000] {logging_mixin.py:190} INFO - [2024-11-05T10:39:35.599+0000] {dag.py:4180} INFO - Setting next_dagrun for example_display_name to None, run_after=None
[2024-11-05T10:39:35.620+0000] {processor.py:208} INFO - Processing /home/airflow/.local/lib/python3.12/site-packages/airflow/example_dags/example_display_name.py took 0.073 seconds
[2024-11-05T10:40:05.686+0000] {processor.py:186} INFO - Started process (PID=440) to work on /home/airflow/.local/lib/python3.12/site-packages/airflow/example_dags/example_display_name.py
[2024-11-05T10:40:05.687+0000] {processor.py:914} INFO - Processing file /home/airflow/.local/lib/python3.12/site-packages/airflow/example_dags/example_display_name.py for tasks to queue
[2024-11-05T10:40:05.690+0000] {logging_mixin.py:190} INFO - [2024-11-05T10:40:05.689+0000] {dagbag.py:588} INFO - Filling up the DagBag from /home/airflow/.local/lib/python3.12/site-packages/airflow/example_dags/example_display_name.py
[2024-11-05T10:40:05.698+0000] {processor.py:925} INFO - DAG(s) 'example_display_name' retrieved from /home/airflow/.local/lib/python3.12/site-packages/airflow/example_dags/example_display_name.py
[2024-11-05T10:40:05.717+0000] {logging_mixin.py:190} INFO - [2024-11-05T10:40:05.716+0000] {dag.py:3239} INFO - Sync 1 DAGs
[2024-11-05T10:40:05.731+0000] {logging_mixin.py:190} INFO - [2024-11-05T10:40:05.731+0000] {dag.py:4180} INFO - Setting next_dagrun for example_display_name to None, run_after=None
[2024-11-05T10:40:05.750+0000] {processor.py:208} INFO - Processing /home/airflow/.local/lib/python3.12/site-packages/airflow/example_dags/example_display_name.py took 0.070 seconds
[2024-11-05T10:40:36.264+0000] {processor.py:186} INFO - Started process (PID=504) to work on /home/airflow/.local/lib/python3.12/site-packages/airflow/example_dags/example_display_name.py
[2024-11-05T10:40:36.265+0000] {processor.py:914} INFO - Processing file /home/airflow/.local/lib/python3.12/site-packages/airflow/example_dags/example_display_name.py for tasks to queue
[2024-11-05T10:40:36.267+0000] {logging_mixin.py:190} INFO - [2024-11-05T10:40:36.267+0000] {dagbag.py:588} INFO - Filling up the DagBag from /home/airflow/.local/lib/python3.12/site-packages/airflow/example_dags/example_display_name.py
[2024-11-05T10:40:36.276+0000] {processor.py:925} INFO - DAG(s) 'example_display_name' retrieved from /home/airflow/.local/lib/python3.12/site-packages/airflow/example_dags/example_display_name.py
[2024-11-05T10:40:36.298+0000] {logging_mixin.py:190} INFO - [2024-11-05T10:40:36.297+0000] {dag.py:3239} INFO - Sync 1 DAGs
[2024-11-05T10:40:36.312+0000] {logging_mixin.py:190} INFO - [2024-11-05T10:40:36.312+0000] {dag.py:4180} INFO - Setting next_dagrun for example_display_name to None, run_after=None
[2024-11-05T10:40:36.334+0000] {processor.py:208} INFO - Processing /home/airflow/.local/lib/python3.12/site-packages/airflow/example_dags/example_display_name.py took 0.077 seconds
[2024-11-05T10:41:06.511+0000] {processor.py:186} INFO - Started process (PID=567) to work on /home/airflow/.local/lib/python3.12/site-packages/airflow/example_dags/example_display_name.py
[2024-11-05T10:41:06.512+0000] {processor.py:914} INFO - Processing file /home/airflow/.local/lib/python3.12/site-packages/airflow/example_dags/example_display_name.py for tasks to queue
[2024-11-05T10:41:06.515+0000] {logging_mixin.py:190} INFO - [2024-11-05T10:41:06.514+0000] {dagbag.py:588} INFO - Filling up the DagBag from /home/airflow/.local/lib/python3.12/site-packages/airflow/example_dags/example_display_name.py
[2024-11-05T10:41:06.522+0000] {processor.py:925} INFO - DAG(s) 'example_display_name' retrieved from /home/airflow/.local/lib/python3.12/site-packages/airflow/example_dags/example_display_name.py
[2024-11-05T10:41:06.543+0000] {logging_mixin.py:190} INFO - [2024-11-05T10:41:06.543+0000] {dag.py:3239} INFO - Sync 1 DAGs
[2024-11-05T10:41:06.558+0000] {logging_mixin.py:190} INFO - [2024-11-05T10:41:06.558+0000] {dag.py:4180} INFO - Setting next_dagrun for example_display_name to None, run_after=None
[2024-11-05T10:41:06.581+0000] {processor.py:208} INFO - Processing /home/airflow/.local/lib/python3.12/site-packages/airflow/example_dags/example_display_name.py took 0.076 seconds
[2024-11-05T10:41:36.892+0000] {processor.py:186} INFO - Started process (PID=630) to work on /home/airflow/.local/lib/python3.12/site-packages/airflow/example_dags/example_display_name.py
[2024-11-05T10:41:36.893+0000] {processor.py:914} INFO - Processing file /home/airflow/.local/lib/python3.12/site-packages/airflow/example_dags/example_display_name.py for tasks to queue
[2024-11-05T10:41:36.895+0000] {logging_mixin.py:190} INFO - [2024-11-05T10:41:36.894+0000] {dagbag.py:588} INFO - Filling up the DagBag from /home/airflow/.local/lib/python3.12/site-packages/airflow/example_dags/example_display_name.py
[2024-11-05T10:41:36.903+0000] {processor.py:925} INFO - DAG(s) 'example_display_name' retrieved from /home/airflow/.local/lib/python3.12/site-packages/airflow/example_dags/example_display_name.py
[2024-11-05T10:41:36.931+0000] {logging_mixin.py:190} INFO - [2024-11-05T10:41:36.930+0000] {dag.py:3239} INFO - Sync 1 DAGs
[2024-11-05T10:41:36.953+0000] {logging_mixin.py:190} INFO - [2024-11-05T10:41:36.953+0000] {dag.py:4180} INFO - Setting next_dagrun for example_display_name to None, run_after=None
[2024-11-05T10:41:36.981+0000] {processor.py:208} INFO - Processing /home/airflow/.local/lib/python3.12/site-packages/airflow/example_dags/example_display_name.py took 0.098 seconds
[2024-11-05T10:42:07.563+0000] {processor.py:186} INFO - Started process (PID=693) to work on /home/airflow/.local/lib/python3.12/site-packages/airflow/example_dags/example_display_name.py
[2024-11-05T10:42:07.564+0000] {processor.py:914} INFO - Processing file /home/airflow/.local/lib/python3.12/site-packages/airflow/example_dags/example_display_name.py for tasks to queue
[2024-11-05T10:42:07.567+0000] {logging_mixin.py:190} INFO - [2024-11-05T10:42:07.566+0000] {dagbag.py:588} INFO - Filling up the DagBag from /home/airflow/.local/lib/python3.12/site-packages/airflow/example_dags/example_display_name.py
[2024-11-05T10:42:07.575+0000] {processor.py:925} INFO - DAG(s) 'example_display_name' retrieved from /home/airflow/.local/lib/python3.12/site-packages/airflow/example_dags/example_display_name.py
[2024-11-05T10:42:07.598+0000] {logging_mixin.py:190} INFO - [2024-11-05T10:42:07.597+0000] {dag.py:3239} INFO - Sync 1 DAGs
[2024-11-05T10:42:07.616+0000] {logging_mixin.py:190} INFO - [2024-11-05T10:42:07.615+0000] {dag.py:4180} INFO - Setting next_dagrun for example_display_name to None, run_after=None
[2024-11-05T10:42:07.640+0000] {processor.py:208} INFO - Processing /home/airflow/.local/lib/python3.12/site-packages/airflow/example_dags/example_display_name.py took 0.082 seconds
[2024-11-05T10:42:37.735+0000] {processor.py:186} INFO - Started process (PID=755) to work on /home/airflow/.local/lib/python3.12/site-packages/airflow/example_dags/example_display_name.py
[2024-11-05T10:42:37.736+0000] {processor.py:914} INFO - Processing file /home/airflow/.local/lib/python3.12/site-packages/airflow/example_dags/example_display_name.py for tasks to queue
[2024-11-05T10:42:37.740+0000] {logging_mixin.py:190} INFO - [2024-11-05T10:42:37.739+0000] {dagbag.py:588} INFO - Filling up the DagBag from /home/airflow/.local/lib/python3.12/site-packages/airflow/example_dags/example_display_name.py
[2024-11-05T10:42:37.755+0000] {processor.py:925} INFO - DAG(s) 'example_display_name' retrieved from /home/airflow/.local/lib/python3.12/site-packages/airflow/example_dags/example_display_name.py
[2024-11-05T10:42:37.790+0000] {logging_mixin.py:190} INFO - [2024-11-05T10:42:37.790+0000] {dag.py:3239} INFO - Sync 1 DAGs
[2024-11-05T10:42:37.816+0000] {logging_mixin.py:190} INFO - [2024-11-05T10:42:37.815+0000] {dag.py:4180} INFO - Setting next_dagrun for example_display_name to None, run_after=None
[2024-11-05T10:42:37.848+0000] {processor.py:208} INFO - Processing /home/airflow/.local/lib/python3.12/site-packages/airflow/example_dags/example_display_name.py took 0.122 seconds
[2024-11-05T10:43:07.988+0000] {processor.py:186} INFO - Started process (PID=818) to work on /home/airflow/.local/lib/python3.12/site-packages/airflow/example_dags/example_display_name.py
[2024-11-05T10:43:07.990+0000] {processor.py:914} INFO - Processing file /home/airflow/.local/lib/python3.12/site-packages/airflow/example_dags/example_display_name.py for tasks to queue
[2024-11-05T10:43:07.994+0000] {logging_mixin.py:190} INFO - [2024-11-05T10:43:07.993+0000] {dagbag.py:588} INFO - Filling up the DagBag from /home/airflow/.local/lib/python3.12/site-packages/airflow/example_dags/example_display_name.py
[2024-11-05T10:43:08.005+0000] {processor.py:925} INFO - DAG(s) 'example_display_name' retrieved from /home/airflow/.local/lib/python3.12/site-packages/airflow/example_dags/example_display_name.py
[2024-11-05T10:43:08.037+0000] {logging_mixin.py:190} INFO - [2024-11-05T10:43:08.037+0000] {dag.py:3239} INFO - Sync 1 DAGs
[2024-11-05T10:43:08.062+0000] {logging_mixin.py:190} INFO - [2024-11-05T10:43:08.062+0000] {dag.py:4180} INFO - Setting next_dagrun for example_display_name to None, run_after=None
[2024-11-05T10:43:08.088+0000] {processor.py:208} INFO - Processing /home/airflow/.local/lib/python3.12/site-packages/airflow/example_dags/example_display_name.py took 0.108 seconds
[2024-11-05T10:43:38.569+0000] {processor.py:186} INFO - Started process (PID=882) to work on /home/airflow/.local/lib/python3.12/site-packages/airflow/example_dags/example_display_name.py
[2024-11-05T10:43:38.570+0000] {processor.py:914} INFO - Processing file /home/airflow/.local/lib/python3.12/site-packages/airflow/example_dags/example_display_name.py for tasks to queue
[2024-11-05T10:43:38.573+0000] {logging_mixin.py:190} INFO - [2024-11-05T10:43:38.572+0000] {dagbag.py:588} INFO - Filling up the DagBag from /home/airflow/.local/lib/python3.12/site-packages/airflow/example_dags/example_display_name.py
[2024-11-05T10:43:38.579+0000] {processor.py:925} INFO - DAG(s) 'example_display_name' retrieved from /home/airflow/.local/lib/python3.12/site-packages/airflow/example_dags/example_display_name.py
[2024-11-05T10:43:38.596+0000] {logging_mixin.py:190} INFO - [2024-11-05T10:43:38.596+0000] {dag.py:3239} INFO - Sync 1 DAGs
[2024-11-05T10:43:38.610+0000] {logging_mixin.py:190} INFO - [2024-11-05T10:43:38.610+0000] {dag.py:4180} INFO - Setting next_dagrun for example_display_name to None, run_after=None
[2024-11-05T10:43:38.631+0000] {processor.py:208} INFO - Processing /home/airflow/.local/lib/python3.12/site-packages/airflow/example_dags/example_display_name.py took 0.068 seconds
[2024-11-05T10:44:09.515+0000] {processor.py:186} INFO - Started process (PID=946) to work on /home/airflow/.local/lib/python3.12/site-packages/airflow/example_dags/example_display_name.py
[2024-11-05T10:44:09.515+0000] {processor.py:914} INFO - Processing file /home/airflow/.local/lib/python3.12/site-packages/airflow/example_dags/example_display_name.py for tasks to queue
[2024-11-05T10:44:09.518+0000] {logging_mixin.py:190} INFO - [2024-11-05T10:44:09.517+0000] {dagbag.py:588} INFO - Filling up the DagBag from /home/airflow/.local/lib/python3.12/site-packages/airflow/example_dags/example_display_name.py
[2024-11-05T10:44:09.525+0000] {processor.py:925} INFO - DAG(s) 'example_display_name' retrieved from /home/airflow/.local/lib/python3.12/site-packages/airflow/example_dags/example_display_name.py
[2024-11-05T10:44:09.542+0000] {logging_mixin.py:190} INFO - [2024-11-05T10:44:09.542+0000] {dag.py:3239} INFO - Sync 1 DAGs
[2024-11-05T10:44:09.556+0000] {logging_mixin.py:190} INFO - [2024-11-05T10:44:09.556+0000] {dag.py:4180} INFO - Setting next_dagrun for example_display_name to None, run_after=None
[2024-11-05T10:44:09.575+0000] {processor.py:208} INFO - Processing /home/airflow/.local/lib/python3.12/site-packages/airflow/example_dags/example_display_name.py took 0.067 seconds
[2024-11-05T10:44:40.019+0000] {processor.py:186} INFO - Started process (PID=1009) to work on /home/airflow/.local/lib/python3.12/site-packages/airflow/example_dags/example_display_name.py
[2024-11-05T10:44:40.020+0000] {processor.py:914} INFO - Processing file /home/airflow/.local/lib/python3.12/site-packages/airflow/example_dags/example_display_name.py for tasks to queue
[2024-11-05T10:44:40.024+0000] {logging_mixin.py:190} INFO - [2024-11-05T10:44:40.024+0000] {dagbag.py:588} INFO - Filling up the DagBag from /home/airflow/.local/lib/python3.12/site-packages/airflow/example_dags/example_display_name.py
[2024-11-05T10:44:40.035+0000] {processor.py:925} INFO - DAG(s) 'example_display_name' retrieved from /home/airflow/.local/lib/python3.12/site-packages/airflow/example_dags/example_display_name.py
[2024-11-05T10:44:40.074+0000] {logging_mixin.py:190} INFO - [2024-11-05T10:44:40.073+0000] {dag.py:3239} INFO - Sync 1 DAGs
[2024-11-05T10:44:40.099+0000] {logging_mixin.py:190} INFO - [2024-11-05T10:44:40.098+0000] {dag.py:4180} INFO - Setting next_dagrun for example_display_name to None, run_after=None
[2024-11-05T10:44:40.147+0000] {processor.py:208} INFO - Processing /home/airflow/.local/lib/python3.12/site-packages/airflow/example_dags/example_display_name.py took 0.137 seconds
[2024-11-05T10:45:10.274+0000] {processor.py:186} INFO - Started process (PID=1072) to work on /home/airflow/.local/lib/python3.12/site-packages/airflow/example_dags/example_display_name.py
[2024-11-05T10:45:10.276+0000] {processor.py:914} INFO - Processing file /home/airflow/.local/lib/python3.12/site-packages/airflow/example_dags/example_display_name.py for tasks to queue
[2024-11-05T10:45:10.278+0000] {logging_mixin.py:190} INFO - [2024-11-05T10:45:10.278+0000] {dagbag.py:588} INFO - Filling up the DagBag from /home/airflow/.local/lib/python3.12/site-packages/airflow/example_dags/example_display_name.py
[2024-11-05T10:45:10.289+0000] {processor.py:925} INFO - DAG(s) 'example_display_name' retrieved from /home/airflow/.local/lib/python3.12/site-packages/airflow/example_dags/example_display_name.py
[2024-11-05T10:45:10.308+0000] {logging_mixin.py:190} INFO - [2024-11-05T10:45:10.308+0000] {dag.py:3239} INFO - Sync 1 DAGs
[2024-11-05T10:45:10.324+0000] {logging_mixin.py:190} INFO - [2024-11-05T10:45:10.323+0000] {dag.py:4180} INFO - Setting next_dagrun for example_display_name to None, run_after=None
[2024-11-05T10:45:10.343+0000] {processor.py:208} INFO - Processing /home/airflow/.local/lib/python3.12/site-packages/airflow/example_dags/example_display_name.py took 0.077 seconds
[2024-11-05T10:45:40.582+0000] {processor.py:186} INFO - Started process (PID=1135) to work on /home/airflow/.local/lib/python3.12/site-packages/airflow/example_dags/example_display_name.py
[2024-11-05T10:45:40.583+0000] {processor.py:914} INFO - Processing file /home/airflow/.local/lib/python3.12/site-packages/airflow/example_dags/example_display_name.py for tasks to queue
[2024-11-05T10:45:40.585+0000] {logging_mixin.py:190} INFO - [2024-11-05T10:45:40.585+0000] {dagbag.py:588} INFO - Filling up the DagBag from /home/airflow/.local/lib/python3.12/site-packages/airflow/example_dags/example_display_name.py
[2024-11-05T10:45:40.593+0000] {processor.py:925} INFO - DAG(s) 'example_display_name' retrieved from /home/airflow/.local/lib/python3.12/site-packages/airflow/example_dags/example_display_name.py
[2024-11-05T10:45:40.614+0000] {logging_mixin.py:190} INFO - [2024-11-05T10:45:40.614+0000] {dag.py:3239} INFO - Sync 1 DAGs
[2024-11-05T10:45:40.629+0000] {logging_mixin.py:190} INFO - [2024-11-05T10:45:40.629+0000] {dag.py:4180} INFO - Setting next_dagrun for example_display_name to None, run_after=None
[2024-11-05T10:45:40.648+0000] {processor.py:208} INFO - Processing /home/airflow/.local/lib/python3.12/site-packages/airflow/example_dags/example_display_name.py took 0.073 seconds
[2024-11-05T10:46:11.302+0000] {processor.py:186} INFO - Started process (PID=1198) to work on /home/airflow/.local/lib/python3.12/site-packages/airflow/example_dags/example_display_name.py
[2024-11-05T10:46:11.303+0000] {processor.py:914} INFO - Processing file /home/airflow/.local/lib/python3.12/site-packages/airflow/example_dags/example_display_name.py for tasks to queue
[2024-11-05T10:46:11.307+0000] {logging_mixin.py:190} INFO - [2024-11-05T10:46:11.306+0000] {dagbag.py:588} INFO - Filling up the DagBag from /home/airflow/.local/lib/python3.12/site-packages/airflow/example_dags/example_display_name.py
[2024-11-05T10:46:11.318+0000] {processor.py:925} INFO - DAG(s) 'example_display_name' retrieved from /home/airflow/.local/lib/python3.12/site-packages/airflow/example_dags/example_display_name.py
[2024-11-05T10:46:11.343+0000] {logging_mixin.py:190} INFO - [2024-11-05T10:46:11.342+0000] {dag.py:3239} INFO - Sync 1 DAGs
[2024-11-05T10:46:11.360+0000] {logging_mixin.py:190} INFO - [2024-11-05T10:46:11.360+0000] {dag.py:4180} INFO - Setting next_dagrun for example_display_name to None, run_after=None
[2024-11-05T10:46:11.383+0000] {processor.py:208} INFO - Processing /home/airflow/.local/lib/python3.12/site-packages/airflow/example_dags/example_display_name.py took 0.089 seconds
[2024-11-05T10:46:42.282+0000] {processor.py:186} INFO - Started process (PID=1260) to work on /home/airflow/.local/lib/python3.12/site-packages/airflow/example_dags/example_display_name.py
[2024-11-05T10:46:42.284+0000] {processor.py:914} INFO - Processing file /home/airflow/.local/lib/python3.12/site-packages/airflow/example_dags/example_display_name.py for tasks to queue
[2024-11-05T10:46:42.287+0000] {logging_mixin.py:190} INFO - [2024-11-05T10:46:42.286+0000] {dagbag.py:588} INFO - Filling up the DagBag from /home/airflow/.local/lib/python3.12/site-packages/airflow/example_dags/example_display_name.py
[2024-11-05T10:46:42.298+0000] {processor.py:925} INFO - DAG(s) 'example_display_name' retrieved from /home/airflow/.local/lib/python3.12/site-packages/airflow/example_dags/example_display_name.py
[2024-11-05T10:46:42.325+0000] {logging_mixin.py:190} INFO - [2024-11-05T10:46:42.324+0000] {dag.py:3239} INFO - Sync 1 DAGs
[2024-11-05T10:46:42.349+0000] {logging_mixin.py:190} INFO - [2024-11-05T10:46:42.349+0000] {dag.py:4180} INFO - Setting next_dagrun for example_display_name to None, run_after=None
[2024-11-05T10:46:42.378+0000] {processor.py:208} INFO - Processing /home/airflow/.local/lib/python3.12/site-packages/airflow/example_dags/example_display_name.py took 0.105 seconds
[2024-11-05T10:47:12.569+0000] {processor.py:186} INFO - Started process (PID=1323) to work on /home/airflow/.local/lib/python3.12/site-packages/airflow/example_dags/example_display_name.py
[2024-11-05T10:47:12.571+0000] {processor.py:914} INFO - Processing file /home/airflow/.local/lib/python3.12/site-packages/airflow/example_dags/example_display_name.py for tasks to queue
[2024-11-05T10:47:12.574+0000] {logging_mixin.py:190} INFO - [2024-11-05T10:47:12.573+0000] {dagbag.py:588} INFO - Filling up the DagBag from /home/airflow/.local/lib/python3.12/site-packages/airflow/example_dags/example_display_name.py
[2024-11-05T10:47:12.587+0000] {processor.py:925} INFO - DAG(s) 'example_display_name' retrieved from /home/airflow/.local/lib/python3.12/site-packages/airflow/example_dags/example_display_name.py
[2024-11-05T10:47:12.624+0000] {logging_mixin.py:190} INFO - [2024-11-05T10:47:12.624+0000] {dag.py:3239} INFO - Sync 1 DAGs
[2024-11-05T10:47:12.652+0000] {logging_mixin.py:190} INFO - [2024-11-05T10:47:12.651+0000] {dag.py:4180} INFO - Setting next_dagrun for example_display_name to None, run_after=None
[2024-11-05T10:47:12.684+0000] {processor.py:208} INFO - Processing /home/airflow/.local/lib/python3.12/site-packages/airflow/example_dags/example_display_name.py took 0.131 seconds
[2024-11-05T10:47:42.754+0000] {processor.py:186} INFO - Started process (PID=1386) to work on /home/airflow/.local/lib/python3.12/site-packages/airflow/example_dags/example_display_name.py
[2024-11-05T10:47:42.755+0000] {processor.py:914} INFO - Processing file /home/airflow/.local/lib/python3.12/site-packages/airflow/example_dags/example_display_name.py for tasks to queue
[2024-11-05T10:47:42.757+0000] {logging_mixin.py:190} INFO - [2024-11-05T10:47:42.757+0000] {dagbag.py:588} INFO - Filling up the DagBag from /home/airflow/.local/lib/python3.12/site-packages/airflow/example_dags/example_display_name.py
[2024-11-05T10:47:42.764+0000] {processor.py:925} INFO - DAG(s) 'example_display_name' retrieved from /home/airflow/.local/lib/python3.12/site-packages/airflow/example_dags/example_display_name.py
[2024-11-05T10:47:42.781+0000] {logging_mixin.py:190} INFO - [2024-11-05T10:47:42.781+0000] {dag.py:3239} INFO - Sync 1 DAGs
[2024-11-05T10:47:42.796+0000] {logging_mixin.py:190} INFO - [2024-11-05T10:47:42.796+0000] {dag.py:4180} INFO - Setting next_dagrun for example_display_name to None, run_after=None
[2024-11-05T10:47:42.815+0000] {processor.py:208} INFO - Processing /home/airflow/.local/lib/python3.12/site-packages/airflow/example_dags/example_display_name.py took 0.067 seconds
[2024-11-05T10:48:13.197+0000] {processor.py:186} INFO - Started process (PID=1448) to work on /home/airflow/.local/lib/python3.12/site-packages/airflow/example_dags/example_display_name.py
[2024-11-05T10:48:13.199+0000] {processor.py:914} INFO - Processing file /home/airflow/.local/lib/python3.12/site-packages/airflow/example_dags/example_display_name.py for tasks to queue
[2024-11-05T10:48:13.202+0000] {logging_mixin.py:190} INFO - [2024-11-05T10:48:13.202+0000] {dagbag.py:588} INFO - Filling up the DagBag from /home/airflow/.local/lib/python3.12/site-packages/airflow/example_dags/example_display_name.py
[2024-11-05T10:48:13.216+0000] {processor.py:925} INFO - DAG(s) 'example_display_name' retrieved from /home/airflow/.local/lib/python3.12/site-packages/airflow/example_dags/example_display_name.py
[2024-11-05T10:48:13.246+0000] {logging_mixin.py:190} INFO - [2024-11-05T10:48:13.245+0000] {dag.py:3239} INFO - Sync 1 DAGs
[2024-11-05T10:48:13.276+0000] {logging_mixin.py:190} INFO - [2024-11-05T10:48:13.275+0000] {dag.py:4180} INFO - Setting next_dagrun for example_display_name to None, run_after=None
[2024-11-05T10:48:13.318+0000] {processor.py:208} INFO - Processing /home/airflow/.local/lib/python3.12/site-packages/airflow/example_dags/example_display_name.py took 0.130 seconds
[2024-11-05T10:48:44.082+0000] {processor.py:186} INFO - Started process (PID=1511) to work on /home/airflow/.local/lib/python3.12/site-packages/airflow/example_dags/example_display_name.py
[2024-11-05T10:48:44.083+0000] {processor.py:914} INFO - Processing file /home/airflow/.local/lib/python3.12/site-packages/airflow/example_dags/example_display_name.py for tasks to queue
[2024-11-05T10:48:44.086+0000] {logging_mixin.py:190} INFO - [2024-11-05T10:48:44.086+0000] {dagbag.py:588} INFO - Filling up the DagBag from /home/airflow/.local/lib/python3.12/site-packages/airflow/example_dags/example_display_name.py
[2024-11-05T10:48:44.096+0000] {processor.py:925} INFO - DAG(s) 'example_display_name' retrieved from /home/airflow/.local/lib/python3.12/site-packages/airflow/example_dags/example_display_name.py
[2024-11-05T10:48:44.117+0000] {logging_mixin.py:190} INFO - [2024-11-05T10:48:44.117+0000] {dag.py:3239} INFO - Sync 1 DAGs
[2024-11-05T10:48:44.133+0000] {logging_mixin.py:190} INFO - [2024-11-05T10:48:44.132+0000] {dag.py:4180} INFO - Setting next_dagrun for example_display_name to None, run_after=None
[2024-11-05T10:48:44.153+0000] {processor.py:208} INFO - Processing /home/airflow/.local/lib/python3.12/site-packages/airflow/example_dags/example_display_name.py took 0.079 seconds
[2024-11-05T10:49:14.848+0000] {processor.py:186} INFO - Started process (PID=1573) to work on /home/airflow/.local/lib/python3.12/site-packages/airflow/example_dags/example_display_name.py
[2024-11-05T10:49:14.850+0000] {processor.py:914} INFO - Processing file /home/airflow/.local/lib/python3.12/site-packages/airflow/example_dags/example_display_name.py for tasks to queue
[2024-11-05T10:49:14.853+0000] {logging_mixin.py:190} INFO - [2024-11-05T10:49:14.853+0000] {dagbag.py:588} INFO - Filling up the DagBag from /home/airflow/.local/lib/python3.12/site-packages/airflow/example_dags/example_display_name.py
[2024-11-05T10:49:14.866+0000] {processor.py:925} INFO - DAG(s) 'example_display_name' retrieved from /home/airflow/.local/lib/python3.12/site-packages/airflow/example_dags/example_display_name.py
[2024-11-05T10:49:14.904+0000] {logging_mixin.py:190} INFO - [2024-11-05T10:49:14.903+0000] {dag.py:3239} INFO - Sync 1 DAGs
[2024-11-05T10:49:14.932+0000] {logging_mixin.py:190} INFO - [2024-11-05T10:49:14.932+0000] {dag.py:4180} INFO - Setting next_dagrun for example_display_name to None, run_after=None
[2024-11-05T10:49:14.963+0000] {processor.py:208} INFO - Processing /home/airflow/.local/lib/python3.12/site-packages/airflow/example_dags/example_display_name.py took 0.125 seconds
[2024-11-05T10:49:45.932+0000] {processor.py:186} INFO - Started process (PID=1636) to work on /home/airflow/.local/lib/python3.12/site-packages/airflow/example_dags/example_display_name.py
[2024-11-05T10:49:45.935+0000] {processor.py:914} INFO - Processing file /home/airflow/.local/lib/python3.12/site-packages/airflow/example_dags/example_display_name.py for tasks to queue
[2024-11-05T10:49:45.938+0000] {logging_mixin.py:190} INFO - [2024-11-05T10:49:45.938+0000] {dagbag.py:588} INFO - Filling up the DagBag from /home/airflow/.local/lib/python3.12/site-packages/airflow/example_dags/example_display_name.py
[2024-11-05T10:49:45.953+0000] {processor.py:925} INFO - DAG(s) 'example_display_name' retrieved from /home/airflow/.local/lib/python3.12/site-packages/airflow/example_dags/example_display_name.py
[2024-11-05T10:49:46.021+0000] {logging_mixin.py:190} INFO - [2024-11-05T10:49:46.021+0000] {dag.py:3239} INFO - Sync 1 DAGs
[2024-11-05T10:49:46.054+0000] {logging_mixin.py:190} INFO - [2024-11-05T10:49:46.053+0000] {dag.py:4180} INFO - Setting next_dagrun for example_display_name to None, run_after=None
[2024-11-05T10:49:46.104+0000] {processor.py:208} INFO - Processing /home/airflow/.local/lib/python3.12/site-packages/airflow/example_dags/example_display_name.py took 0.183 seconds
[2024-11-05T10:50:16.378+0000] {processor.py:186} INFO - Started process (PID=1699) to work on /home/airflow/.local/lib/python3.12/site-packages/airflow/example_dags/example_display_name.py
[2024-11-05T10:50:16.381+0000] {processor.py:914} INFO - Processing file /home/airflow/.local/lib/python3.12/site-packages/airflow/example_dags/example_display_name.py for tasks to queue
[2024-11-05T10:50:16.385+0000] {logging_mixin.py:190} INFO - [2024-11-05T10:50:16.383+0000] {dagbag.py:588} INFO - Filling up the DagBag from /home/airflow/.local/lib/python3.12/site-packages/airflow/example_dags/example_display_name.py
[2024-11-05T10:50:16.408+0000] {processor.py:925} INFO - DAG(s) 'example_display_name' retrieved from /home/airflow/.local/lib/python3.12/site-packages/airflow/example_dags/example_display_name.py
[2024-11-05T10:50:16.474+0000] {logging_mixin.py:190} INFO - [2024-11-05T10:50:16.474+0000] {dag.py:3239} INFO - Sync 1 DAGs
[2024-11-05T10:50:16.544+0000] {logging_mixin.py:190} INFO - [2024-11-05T10:50:16.543+0000] {dag.py:4180} INFO - Setting next_dagrun for example_display_name to None, run_after=None
[2024-11-05T10:50:16.583+0000] {processor.py:208} INFO - Processing /home/airflow/.local/lib/python3.12/site-packages/airflow/example_dags/example_display_name.py took 0.215 seconds
[2024-11-05T10:50:47.204+0000] {processor.py:186} INFO - Started process (PID=1761) to work on /home/airflow/.local/lib/python3.12/site-packages/airflow/example_dags/example_display_name.py
[2024-11-05T10:50:47.205+0000] {processor.py:914} INFO - Processing file /home/airflow/.local/lib/python3.12/site-packages/airflow/example_dags/example_display_name.py for tasks to queue
[2024-11-05T10:50:47.208+0000] {logging_mixin.py:190} INFO - [2024-11-05T10:50:47.207+0000] {dagbag.py:588} INFO - Filling up the DagBag from /home/airflow/.local/lib/python3.12/site-packages/airflow/example_dags/example_display_name.py
[2024-11-05T10:50:47.215+0000] {processor.py:925} INFO - DAG(s) 'example_display_name' retrieved from /home/airflow/.local/lib/python3.12/site-packages/airflow/example_dags/example_display_name.py
[2024-11-05T10:50:47.236+0000] {logging_mixin.py:190} INFO - [2024-11-05T10:50:47.236+0000] {dag.py:3239} INFO - Sync 1 DAGs
[2024-11-05T10:50:47.255+0000] {logging_mixin.py:190} INFO - [2024-11-05T10:50:47.255+0000] {dag.py:4180} INFO - Setting next_dagrun for example_display_name to None, run_after=None
[2024-11-05T10:50:47.278+0000] {processor.py:208} INFO - Processing /home/airflow/.local/lib/python3.12/site-packages/airflow/example_dags/example_display_name.py took 0.082 seconds
[2024-11-05T10:51:17.490+0000] {processor.py:186} INFO - Started process (PID=1824) to work on /home/airflow/.local/lib/python3.12/site-packages/airflow/example_dags/example_display_name.py
[2024-11-05T10:51:17.491+0000] {processor.py:914} INFO - Processing file /home/airflow/.local/lib/python3.12/site-packages/airflow/example_dags/example_display_name.py for tasks to queue
[2024-11-05T10:51:17.493+0000] {logging_mixin.py:190} INFO - [2024-11-05T10:51:17.493+0000] {dagbag.py:588} INFO - Filling up the DagBag from /home/airflow/.local/lib/python3.12/site-packages/airflow/example_dags/example_display_name.py
[2024-11-05T10:51:17.502+0000] {processor.py:925} INFO - DAG(s) 'example_display_name' retrieved from /home/airflow/.local/lib/python3.12/site-packages/airflow/example_dags/example_display_name.py
[2024-11-05T10:51:17.525+0000] {logging_mixin.py:190} INFO - [2024-11-05T10:51:17.524+0000] {dag.py:3239} INFO - Sync 1 DAGs
[2024-11-05T10:51:17.547+0000] {logging_mixin.py:190} INFO - [2024-11-05T10:51:17.547+0000] {dag.py:4180} INFO - Setting next_dagrun for example_display_name to None, run_after=None
[2024-11-05T10:51:17.573+0000] {processor.py:208} INFO - Processing /home/airflow/.local/lib/python3.12/site-packages/airflow/example_dags/example_display_name.py took 0.089 seconds
[2024-11-05T10:51:47.956+0000] {processor.py:186} INFO - Started process (PID=1887) to work on /home/airflow/.local/lib/python3.12/site-packages/airflow/example_dags/example_display_name.py
[2024-11-05T10:51:47.957+0000] {processor.py:914} INFO - Processing file /home/airflow/.local/lib/python3.12/site-packages/airflow/example_dags/example_display_name.py for tasks to queue
[2024-11-05T10:51:47.959+0000] {logging_mixin.py:190} INFO - [2024-11-05T10:51:47.959+0000] {dagbag.py:588} INFO - Filling up the DagBag from /home/airflow/.local/lib/python3.12/site-packages/airflow/example_dags/example_display_name.py
[2024-11-05T10:51:47.970+0000] {processor.py:925} INFO - DAG(s) 'example_display_name' retrieved from /home/airflow/.local/lib/python3.12/site-packages/airflow/example_dags/example_display_name.py
[2024-11-05T10:51:47.991+0000] {logging_mixin.py:190} INFO - [2024-11-05T10:51:47.990+0000] {dag.py:3239} INFO - Sync 1 DAGs
[2024-11-05T10:51:48.012+0000] {logging_mixin.py:190} INFO - [2024-11-05T10:51:48.012+0000] {dag.py:4180} INFO - Setting next_dagrun for example_display_name to None, run_after=None
[2024-11-05T10:51:48.040+0000] {processor.py:208} INFO - Processing /home/airflow/.local/lib/python3.12/site-packages/airflow/example_dags/example_display_name.py took 0.093 seconds
[2024-11-05T10:52:18.286+0000] {processor.py:186} INFO - Started process (PID=1951) to work on /home/airflow/.local/lib/python3.12/site-packages/airflow/example_dags/example_display_name.py
[2024-11-05T10:52:18.288+0000] {processor.py:914} INFO - Processing file /home/airflow/.local/lib/python3.12/site-packages/airflow/example_dags/example_display_name.py for tasks to queue
[2024-11-05T10:52:18.292+0000] {logging_mixin.py:190} INFO - [2024-11-05T10:52:18.292+0000] {dagbag.py:588} INFO - Filling up the DagBag from /home/airflow/.local/lib/python3.12/site-packages/airflow/example_dags/example_display_name.py
[2024-11-05T10:52:18.304+0000] {processor.py:925} INFO - DAG(s) 'example_display_name' retrieved from /home/airflow/.local/lib/python3.12/site-packages/airflow/example_dags/example_display_name.py
[2024-11-05T10:52:18.332+0000] {logging_mixin.py:190} INFO - [2024-11-05T10:52:18.332+0000] {dag.py:3239} INFO - Sync 1 DAGs
[2024-11-05T10:52:18.354+0000] {logging_mixin.py:190} INFO - [2024-11-05T10:52:18.354+0000] {dag.py:4180} INFO - Setting next_dagrun for example_display_name to None, run_after=None
[2024-11-05T10:52:18.375+0000] {processor.py:208} INFO - Processing /home/airflow/.local/lib/python3.12/site-packages/airflow/example_dags/example_display_name.py took 0.099 seconds
[2024-11-05T10:52:48.808+0000] {processor.py:186} INFO - Started process (PID=2014) to work on /home/airflow/.local/lib/python3.12/site-packages/airflow/example_dags/example_display_name.py
[2024-11-05T10:52:48.810+0000] {processor.py:914} INFO - Processing file /home/airflow/.local/lib/python3.12/site-packages/airflow/example_dags/example_display_name.py for tasks to queue
[2024-11-05T10:52:48.813+0000] {logging_mixin.py:190} INFO - [2024-11-05T10:52:48.812+0000] {dagbag.py:588} INFO - Filling up the DagBag from /home/airflow/.local/lib/python3.12/site-packages/airflow/example_dags/example_display_name.py
[2024-11-05T10:52:48.823+0000] {processor.py:925} INFO - DAG(s) 'example_display_name' retrieved from /home/airflow/.local/lib/python3.12/site-packages/airflow/example_dags/example_display_name.py
[2024-11-05T10:52:48.853+0000] {logging_mixin.py:190} INFO - [2024-11-05T10:52:48.853+0000] {dag.py:3239} INFO - Sync 1 DAGs
[2024-11-05T10:52:48.882+0000] {logging_mixin.py:190} INFO - [2024-11-05T10:52:48.882+0000] {dag.py:4180} INFO - Setting next_dagrun for example_display_name to None, run_after=None
[2024-11-05T10:52:48.915+0000] {processor.py:208} INFO - Processing /home/airflow/.local/lib/python3.12/site-packages/airflow/example_dags/example_display_name.py took 0.117 seconds
[2024-11-05T10:53:19.037+0000] {processor.py:186} INFO - Started process (PID=2077) to work on /home/airflow/.local/lib/python3.12/site-packages/airflow/example_dags/example_display_name.py
[2024-11-05T10:53:19.039+0000] {processor.py:914} INFO - Processing file /home/airflow/.local/lib/python3.12/site-packages/airflow/example_dags/example_display_name.py for tasks to queue
[2024-11-05T10:53:19.044+0000] {logging_mixin.py:190} INFO - [2024-11-05T10:53:19.044+0000] {dagbag.py:588} INFO - Filling up the DagBag from /home/airflow/.local/lib/python3.12/site-packages/airflow/example_dags/example_display_name.py
[2024-11-05T10:53:19.059+0000] {processor.py:925} INFO - DAG(s) 'example_display_name' retrieved from /home/airflow/.local/lib/python3.12/site-packages/airflow/example_dags/example_display_name.py
[2024-11-05T10:53:19.087+0000] {logging_mixin.py:190} INFO - [2024-11-05T10:53:19.087+0000] {dag.py:3239} INFO - Sync 1 DAGs
[2024-11-05T10:53:19.114+0000] {logging_mixin.py:190} INFO - [2024-11-05T10:53:19.113+0000] {dag.py:4180} INFO - Setting next_dagrun for example_display_name to None, run_after=None
[2024-11-05T10:53:19.140+0000] {processor.py:208} INFO - Processing /home/airflow/.local/lib/python3.12/site-packages/airflow/example_dags/example_display_name.py took 0.114 seconds
[2024-11-05T10:53:49.621+0000] {processor.py:186} INFO - Started process (PID=2140) to work on /home/airflow/.local/lib/python3.12/site-packages/airflow/example_dags/example_display_name.py
[2024-11-05T10:53:49.622+0000] {processor.py:914} INFO - Processing file /home/airflow/.local/lib/python3.12/site-packages/airflow/example_dags/example_display_name.py for tasks to queue
[2024-11-05T10:53:49.625+0000] {logging_mixin.py:190} INFO - [2024-11-05T10:53:49.625+0000] {dagbag.py:588} INFO - Filling up the DagBag from /home/airflow/.local/lib/python3.12/site-packages/airflow/example_dags/example_display_name.py
[2024-11-05T10:53:49.637+0000] {processor.py:925} INFO - DAG(s) 'example_display_name' retrieved from /home/airflow/.local/lib/python3.12/site-packages/airflow/example_dags/example_display_name.py
[2024-11-05T10:53:49.667+0000] {logging_mixin.py:190} INFO - [2024-11-05T10:53:49.667+0000] {dag.py:3239} INFO - Sync 1 DAGs
[2024-11-05T10:53:49.685+0000] {logging_mixin.py:190} INFO - [2024-11-05T10:53:49.685+0000] {dag.py:4180} INFO - Setting next_dagrun for example_display_name to None, run_after=None
[2024-11-05T10:53:49.706+0000] {processor.py:208} INFO - Processing /home/airflow/.local/lib/python3.12/site-packages/airflow/example_dags/example_display_name.py took 0.094 seconds
[2024-11-05T10:54:19.869+0000] {processor.py:186} INFO - Started process (PID=2203) to work on /home/airflow/.local/lib/python3.12/site-packages/airflow/example_dags/example_display_name.py
[2024-11-05T10:54:19.870+0000] {processor.py:914} INFO - Processing file /home/airflow/.local/lib/python3.12/site-packages/airflow/example_dags/example_display_name.py for tasks to queue
[2024-11-05T10:54:19.872+0000] {logging_mixin.py:190} INFO - [2024-11-05T10:54:19.872+0000] {dagbag.py:588} INFO - Filling up the DagBag from /home/airflow/.local/lib/python3.12/site-packages/airflow/example_dags/example_display_name.py
[2024-11-05T10:54:19.881+0000] {processor.py:925} INFO - DAG(s) 'example_display_name' retrieved from /home/airflow/.local/lib/python3.12/site-packages/airflow/example_dags/example_display_name.py
[2024-11-05T10:54:19.899+0000] {logging_mixin.py:190} INFO - [2024-11-05T10:54:19.899+0000] {dag.py:3239} INFO - Sync 1 DAGs
[2024-11-05T10:54:19.913+0000] {logging_mixin.py:190} INFO - [2024-11-05T10:54:19.913+0000] {dag.py:4180} INFO - Setting next_dagrun for example_display_name to None, run_after=None
[2024-11-05T10:54:19.946+0000] {processor.py:208} INFO - Processing /home/airflow/.local/lib/python3.12/site-packages/airflow/example_dags/example_display_name.py took 0.083 seconds
