[2024-11-05T10:37:07.482+0000] {processor.py:186} INFO - Started process (PID=80) to work on /home/airflow/.local/lib/python3.12/site-packages/airflow/example_dags/example_python_decorator.py
[2024-11-05T10:37:07.483+0000] {processor.py:914} INFO - Processing file /home/airflow/.local/lib/python3.12/site-packages/airflow/example_dags/example_python_decorator.py for tasks to queue
[2024-11-05T10:37:07.486+0000] {logging_mixin.py:190} INFO - [2024-11-05T10:37:07.486+0000] {dagbag.py:588} INFO - Filling up the DagBag from /home/airflow/.local/lib/python3.12/site-packages/airflow/example_dags/example_python_decorator.py
[2024-11-05T10:37:07.516+0000] {processor.py:925} INFO - DAG(s) 'example_python_decorator' retrieved from /home/airflow/.local/lib/python3.12/site-packages/airflow/example_dags/example_python_decorator.py
[2024-11-05T10:37:07.712+0000] {logging_mixin.py:190} INFO - [2024-11-05T10:37:07.711+0000] {override.py:1900} INFO - Created Permission View: can delete on DAG:example_python_decorator
[2024-11-05T10:37:07.730+0000] {logging_mixin.py:190} INFO - [2024-11-05T10:37:07.729+0000] {override.py:1900} INFO - Created Permission View: can read on DAG:example_python_decorator
[2024-11-05T10:37:07.741+0000] {logging_mixin.py:190} INFO - [2024-11-05T10:37:07.741+0000] {override.py:1900} INFO - Created Permission View: can edit on DAG:example_python_decorator
[2024-11-05T10:37:07.752+0000] {logging_mixin.py:190} INFO - [2024-11-05T10:37:07.752+0000] {override.py:1900} INFO - Created Permission View: can delete on DAG Run:example_python_decorator
[2024-11-05T10:37:07.764+0000] {logging_mixin.py:190} INFO - [2024-11-05T10:37:07.763+0000] {override.py:1900} INFO - Created Permission View: can create on DAG Run:example_python_decorator
[2024-11-05T10:37:07.774+0000] {logging_mixin.py:190} INFO - [2024-11-05T10:37:07.774+0000] {override.py:1900} INFO - Created Permission View: can read on DAG Run:example_python_decorator
[2024-11-05T10:37:07.786+0000] {logging_mixin.py:190} INFO - [2024-11-05T10:37:07.785+0000] {override.py:1900} INFO - Created Permission View: menu access on DAG Run:example_python_decorator
[2024-11-05T10:37:07.786+0000] {logging_mixin.py:190} INFO - [2024-11-05T10:37:07.786+0000] {dag.py:3239} INFO - Sync 1 DAGs
[2024-11-05T10:37:07.808+0000] {logging_mixin.py:190} INFO - [2024-11-05T10:37:07.807+0000] {dag.py:3262} INFO - Creating ORM DAG for example_python_decorator
[2024-11-05T10:37:07.809+0000] {logging_mixin.py:190} INFO - [2024-11-05T10:37:07.808+0000] {dag.py:4180} INFO - Setting next_dagrun for example_python_decorator to None, run_after=None
[2024-11-05T10:37:07.834+0000] {processor.py:208} INFO - Processing /home/airflow/.local/lib/python3.12/site-packages/airflow/example_dags/example_python_decorator.py took 0.360 seconds
[2024-11-05T10:37:37.916+0000] {processor.py:186} INFO - Started process (PID=142) to work on /home/airflow/.local/lib/python3.12/site-packages/airflow/example_dags/example_python_decorator.py
[2024-11-05T10:37:37.917+0000] {processor.py:914} INFO - Processing file /home/airflow/.local/lib/python3.12/site-packages/airflow/example_dags/example_python_decorator.py for tasks to queue
[2024-11-05T10:37:37.920+0000] {logging_mixin.py:190} INFO - [2024-11-05T10:37:37.919+0000] {dagbag.py:588} INFO - Filling up the DagBag from /home/airflow/.local/lib/python3.12/site-packages/airflow/example_dags/example_python_decorator.py
[2024-11-05T10:37:37.942+0000] {processor.py:925} INFO - DAG(s) 'example_python_decorator' retrieved from /home/airflow/.local/lib/python3.12/site-packages/airflow/example_dags/example_python_decorator.py
[2024-11-05T10:37:37.963+0000] {logging_mixin.py:190} INFO - [2024-11-05T10:37:37.963+0000] {dag.py:3239} INFO - Sync 1 DAGs
[2024-11-05T10:37:37.978+0000] {logging_mixin.py:190} INFO - [2024-11-05T10:37:37.978+0000] {dag.py:4180} INFO - Setting next_dagrun for example_python_decorator to None, run_after=None
[2024-11-05T10:37:37.996+0000] {processor.py:208} INFO - Processing /home/airflow/.local/lib/python3.12/site-packages/airflow/example_dags/example_python_decorator.py took 0.085 seconds
[2024-11-05T10:38:08.151+0000] {processor.py:186} INFO - Started process (PID=205) to work on /home/airflow/.local/lib/python3.12/site-packages/airflow/example_dags/example_python_decorator.py
[2024-11-05T10:38:08.152+0000] {processor.py:914} INFO - Processing file /home/airflow/.local/lib/python3.12/site-packages/airflow/example_dags/example_python_decorator.py for tasks to queue
[2024-11-05T10:38:08.155+0000] {logging_mixin.py:190} INFO - [2024-11-05T10:38:08.154+0000] {dagbag.py:588} INFO - Filling up the DagBag from /home/airflow/.local/lib/python3.12/site-packages/airflow/example_dags/example_python_decorator.py
[2024-11-05T10:38:08.186+0000] {processor.py:925} INFO - DAG(s) 'example_python_decorator' retrieved from /home/airflow/.local/lib/python3.12/site-packages/airflow/example_dags/example_python_decorator.py
[2024-11-05T10:38:08.217+0000] {logging_mixin.py:190} INFO - [2024-11-05T10:38:08.217+0000] {dag.py:3239} INFO - Sync 1 DAGs
[2024-11-05T10:38:08.240+0000] {logging_mixin.py:190} INFO - [2024-11-05T10:38:08.239+0000] {dag.py:4180} INFO - Setting next_dagrun for example_python_decorator to None, run_after=None
[2024-11-05T10:38:08.267+0000] {processor.py:208} INFO - Processing /home/airflow/.local/lib/python3.12/site-packages/airflow/example_dags/example_python_decorator.py took 0.124 seconds
[2024-11-05T10:38:38.571+0000] {processor.py:186} INFO - Started process (PID=268) to work on /home/airflow/.local/lib/python3.12/site-packages/airflow/example_dags/example_python_decorator.py
[2024-11-05T10:38:38.593+0000] {processor.py:914} INFO - Processing file /home/airflow/.local/lib/python3.12/site-packages/airflow/example_dags/example_python_decorator.py for tasks to queue
[2024-11-05T10:38:38.599+0000] {logging_mixin.py:190} INFO - [2024-11-05T10:38:38.598+0000] {dagbag.py:588} INFO - Filling up the DagBag from /home/airflow/.local/lib/python3.12/site-packages/airflow/example_dags/example_python_decorator.py
[2024-11-05T10:38:38.641+0000] {processor.py:925} INFO - DAG(s) 'example_python_decorator' retrieved from /home/airflow/.local/lib/python3.12/site-packages/airflow/example_dags/example_python_decorator.py
[2024-11-05T10:38:38.683+0000] {logging_mixin.py:190} INFO - [2024-11-05T10:38:38.683+0000] {dag.py:3239} INFO - Sync 1 DAGs
[2024-11-05T10:38:38.711+0000] {logging_mixin.py:190} INFO - [2024-11-05T10:38:38.711+0000] {dag.py:4180} INFO - Setting next_dagrun for example_python_decorator to None, run_after=None
[2024-11-05T10:38:38.741+0000] {processor.py:208} INFO - Processing /home/airflow/.local/lib/python3.12/site-packages/airflow/example_dags/example_python_decorator.py took 0.182 seconds
[2024-11-05T10:39:09.636+0000] {processor.py:186} INFO - Started process (PID=330) to work on /home/airflow/.local/lib/python3.12/site-packages/airflow/example_dags/example_python_decorator.py
[2024-11-05T10:39:09.639+0000] {processor.py:914} INFO - Processing file /home/airflow/.local/lib/python3.12/site-packages/airflow/example_dags/example_python_decorator.py for tasks to queue
[2024-11-05T10:39:09.644+0000] {logging_mixin.py:190} INFO - [2024-11-05T10:39:09.641+0000] {dagbag.py:588} INFO - Filling up the DagBag from /home/airflow/.local/lib/python3.12/site-packages/airflow/example_dags/example_python_decorator.py
[2024-11-05T10:39:09.681+0000] {processor.py:925} INFO - DAG(s) 'example_python_decorator' retrieved from /home/airflow/.local/lib/python3.12/site-packages/airflow/example_dags/example_python_decorator.py
[2024-11-05T10:39:09.714+0000] {logging_mixin.py:190} INFO - [2024-11-05T10:39:09.714+0000] {dag.py:3239} INFO - Sync 1 DAGs
[2024-11-05T10:39:09.739+0000] {logging_mixin.py:190} INFO - [2024-11-05T10:39:09.739+0000] {dag.py:4180} INFO - Setting next_dagrun for example_python_decorator to None, run_after=None
[2024-11-05T10:39:09.767+0000] {processor.py:208} INFO - Processing /home/airflow/.local/lib/python3.12/site-packages/airflow/example_dags/example_python_decorator.py took 0.140 seconds
[2024-11-05T10:39:40.479+0000] {processor.py:186} INFO - Started process (PID=392) to work on /home/airflow/.local/lib/python3.12/site-packages/airflow/example_dags/example_python_decorator.py
[2024-11-05T10:39:40.480+0000] {processor.py:914} INFO - Processing file /home/airflow/.local/lib/python3.12/site-packages/airflow/example_dags/example_python_decorator.py for tasks to queue
[2024-11-05T10:39:40.483+0000] {logging_mixin.py:190} INFO - [2024-11-05T10:39:40.482+0000] {dagbag.py:588} INFO - Filling up the DagBag from /home/airflow/.local/lib/python3.12/site-packages/airflow/example_dags/example_python_decorator.py
[2024-11-05T10:39:40.505+0000] {processor.py:925} INFO - DAG(s) 'example_python_decorator' retrieved from /home/airflow/.local/lib/python3.12/site-packages/airflow/example_dags/example_python_decorator.py
[2024-11-05T10:39:40.530+0000] {logging_mixin.py:190} INFO - [2024-11-05T10:39:40.529+0000] {dag.py:3239} INFO - Sync 1 DAGs
[2024-11-05T10:39:40.546+0000] {logging_mixin.py:190} INFO - [2024-11-05T10:39:40.546+0000] {dag.py:4180} INFO - Setting next_dagrun for example_python_decorator to None, run_after=None
[2024-11-05T10:39:40.567+0000] {processor.py:208} INFO - Processing /home/airflow/.local/lib/python3.12/site-packages/airflow/example_dags/example_python_decorator.py took 0.093 seconds
[2024-11-05T10:40:10.723+0000] {processor.py:186} INFO - Started process (PID=455) to work on /home/airflow/.local/lib/python3.12/site-packages/airflow/example_dags/example_python_decorator.py
[2024-11-05T10:40:10.724+0000] {processor.py:914} INFO - Processing file /home/airflow/.local/lib/python3.12/site-packages/airflow/example_dags/example_python_decorator.py for tasks to queue
[2024-11-05T10:40:10.726+0000] {logging_mixin.py:190} INFO - [2024-11-05T10:40:10.726+0000] {dagbag.py:588} INFO - Filling up the DagBag from /home/airflow/.local/lib/python3.12/site-packages/airflow/example_dags/example_python_decorator.py
[2024-11-05T10:40:10.752+0000] {processor.py:925} INFO - DAG(s) 'example_python_decorator' retrieved from /home/airflow/.local/lib/python3.12/site-packages/airflow/example_dags/example_python_decorator.py
[2024-11-05T10:40:10.780+0000] {logging_mixin.py:190} INFO - [2024-11-05T10:40:10.780+0000] {dag.py:3239} INFO - Sync 1 DAGs
[2024-11-05T10:40:10.798+0000] {logging_mixin.py:190} INFO - [2024-11-05T10:40:10.798+0000] {dag.py:4180} INFO - Setting next_dagrun for example_python_decorator to None, run_after=None
[2024-11-05T10:40:10.820+0000] {processor.py:208} INFO - Processing /home/airflow/.local/lib/python3.12/site-packages/airflow/example_dags/example_python_decorator.py took 0.103 seconds
[2024-11-05T10:40:41.225+0000] {processor.py:186} INFO - Started process (PID=518) to work on /home/airflow/.local/lib/python3.12/site-packages/airflow/example_dags/example_python_decorator.py
[2024-11-05T10:40:41.226+0000] {processor.py:914} INFO - Processing file /home/airflow/.local/lib/python3.12/site-packages/airflow/example_dags/example_python_decorator.py for tasks to queue
[2024-11-05T10:40:41.229+0000] {logging_mixin.py:190} INFO - [2024-11-05T10:40:41.229+0000] {dagbag.py:588} INFO - Filling up the DagBag from /home/airflow/.local/lib/python3.12/site-packages/airflow/example_dags/example_python_decorator.py
[2024-11-05T10:40:41.254+0000] {processor.py:925} INFO - DAG(s) 'example_python_decorator' retrieved from /home/airflow/.local/lib/python3.12/site-packages/airflow/example_dags/example_python_decorator.py
[2024-11-05T10:40:41.276+0000] {logging_mixin.py:190} INFO - [2024-11-05T10:40:41.275+0000] {dag.py:3239} INFO - Sync 1 DAGs
[2024-11-05T10:40:41.291+0000] {logging_mixin.py:190} INFO - [2024-11-05T10:40:41.290+0000] {dag.py:4180} INFO - Setting next_dagrun for example_python_decorator to None, run_after=None
[2024-11-05T10:40:41.310+0000] {processor.py:208} INFO - Processing /home/airflow/.local/lib/python3.12/site-packages/airflow/example_dags/example_python_decorator.py took 0.091 seconds
[2024-11-05T10:41:11.446+0000] {processor.py:186} INFO - Started process (PID=581) to work on /home/airflow/.local/lib/python3.12/site-packages/airflow/example_dags/example_python_decorator.py
[2024-11-05T10:41:11.447+0000] {processor.py:914} INFO - Processing file /home/airflow/.local/lib/python3.12/site-packages/airflow/example_dags/example_python_decorator.py for tasks to queue
[2024-11-05T10:41:11.449+0000] {logging_mixin.py:190} INFO - [2024-11-05T10:41:11.449+0000] {dagbag.py:588} INFO - Filling up the DagBag from /home/airflow/.local/lib/python3.12/site-packages/airflow/example_dags/example_python_decorator.py
[2024-11-05T10:41:11.479+0000] {processor.py:925} INFO - DAG(s) 'example_python_decorator' retrieved from /home/airflow/.local/lib/python3.12/site-packages/airflow/example_dags/example_python_decorator.py
[2024-11-05T10:41:11.508+0000] {logging_mixin.py:190} INFO - [2024-11-05T10:41:11.508+0000] {dag.py:3239} INFO - Sync 1 DAGs
[2024-11-05T10:41:11.527+0000] {logging_mixin.py:190} INFO - [2024-11-05T10:41:11.526+0000] {dag.py:4180} INFO - Setting next_dagrun for example_python_decorator to None, run_after=None
[2024-11-05T10:41:11.550+0000] {processor.py:208} INFO - Processing /home/airflow/.local/lib/python3.12/site-packages/airflow/example_dags/example_python_decorator.py took 0.111 seconds
[2024-11-05T10:41:41.686+0000] {processor.py:186} INFO - Started process (PID=644) to work on /home/airflow/.local/lib/python3.12/site-packages/airflow/example_dags/example_python_decorator.py
[2024-11-05T10:41:41.687+0000] {processor.py:914} INFO - Processing file /home/airflow/.local/lib/python3.12/site-packages/airflow/example_dags/example_python_decorator.py for tasks to queue
[2024-11-05T10:41:41.689+0000] {logging_mixin.py:190} INFO - [2024-11-05T10:41:41.689+0000] {dagbag.py:588} INFO - Filling up the DagBag from /home/airflow/.local/lib/python3.12/site-packages/airflow/example_dags/example_python_decorator.py
[2024-11-05T10:41:41.712+0000] {processor.py:925} INFO - DAG(s) 'example_python_decorator' retrieved from /home/airflow/.local/lib/python3.12/site-packages/airflow/example_dags/example_python_decorator.py
[2024-11-05T10:41:41.735+0000] {logging_mixin.py:190} INFO - [2024-11-05T10:41:41.734+0000] {dag.py:3239} INFO - Sync 1 DAGs
[2024-11-05T10:41:41.750+0000] {logging_mixin.py:190} INFO - [2024-11-05T10:41:41.750+0000] {dag.py:4180} INFO - Setting next_dagrun for example_python_decorator to None, run_after=None
[2024-11-05T10:41:41.773+0000] {processor.py:208} INFO - Processing /home/airflow/.local/lib/python3.12/site-packages/airflow/example_dags/example_python_decorator.py took 0.092 seconds
[2024-11-05T10:42:12.367+0000] {processor.py:186} INFO - Started process (PID=707) to work on /home/airflow/.local/lib/python3.12/site-packages/airflow/example_dags/example_python_decorator.py
[2024-11-05T10:42:12.369+0000] {processor.py:914} INFO - Processing file /home/airflow/.local/lib/python3.12/site-packages/airflow/example_dags/example_python_decorator.py for tasks to queue
[2024-11-05T10:42:12.372+0000] {logging_mixin.py:190} INFO - [2024-11-05T10:42:12.371+0000] {dagbag.py:588} INFO - Filling up the DagBag from /home/airflow/.local/lib/python3.12/site-packages/airflow/example_dags/example_python_decorator.py
[2024-11-05T10:42:12.398+0000] {processor.py:925} INFO - DAG(s) 'example_python_decorator' retrieved from /home/airflow/.local/lib/python3.12/site-packages/airflow/example_dags/example_python_decorator.py
[2024-11-05T10:42:12.422+0000] {logging_mixin.py:190} INFO - [2024-11-05T10:42:12.421+0000] {dag.py:3239} INFO - Sync 1 DAGs
[2024-11-05T10:42:12.438+0000] {logging_mixin.py:190} INFO - [2024-11-05T10:42:12.438+0000] {dag.py:4180} INFO - Setting next_dagrun for example_python_decorator to None, run_after=None
[2024-11-05T10:42:12.460+0000] {processor.py:208} INFO - Processing /home/airflow/.local/lib/python3.12/site-packages/airflow/example_dags/example_python_decorator.py took 0.099 seconds
[2024-11-05T10:42:42.720+0000] {processor.py:186} INFO - Started process (PID=769) to work on /home/airflow/.local/lib/python3.12/site-packages/airflow/example_dags/example_python_decorator.py
[2024-11-05T10:42:42.721+0000] {processor.py:914} INFO - Processing file /home/airflow/.local/lib/python3.12/site-packages/airflow/example_dags/example_python_decorator.py for tasks to queue
[2024-11-05T10:42:42.724+0000] {logging_mixin.py:190} INFO - [2024-11-05T10:42:42.724+0000] {dagbag.py:588} INFO - Filling up the DagBag from /home/airflow/.local/lib/python3.12/site-packages/airflow/example_dags/example_python_decorator.py
[2024-11-05T10:42:42.755+0000] {processor.py:925} INFO - DAG(s) 'example_python_decorator' retrieved from /home/airflow/.local/lib/python3.12/site-packages/airflow/example_dags/example_python_decorator.py
[2024-11-05T10:42:42.779+0000] {logging_mixin.py:190} INFO - [2024-11-05T10:42:42.779+0000] {dag.py:3239} INFO - Sync 1 DAGs
[2024-11-05T10:42:42.795+0000] {logging_mixin.py:190} INFO - [2024-11-05T10:42:42.795+0000] {dag.py:4180} INFO - Setting next_dagrun for example_python_decorator to None, run_after=None
[2024-11-05T10:42:42.816+0000] {processor.py:208} INFO - Processing /home/airflow/.local/lib/python3.12/site-packages/airflow/example_dags/example_python_decorator.py took 0.103 seconds
[2024-11-05T10:43:13.603+0000] {processor.py:186} INFO - Started process (PID=832) to work on /home/airflow/.local/lib/python3.12/site-packages/airflow/example_dags/example_python_decorator.py
[2024-11-05T10:43:13.605+0000] {processor.py:914} INFO - Processing file /home/airflow/.local/lib/python3.12/site-packages/airflow/example_dags/example_python_decorator.py for tasks to queue
[2024-11-05T10:43:13.610+0000] {logging_mixin.py:190} INFO - [2024-11-05T10:43:13.610+0000] {dagbag.py:588} INFO - Filling up the DagBag from /home/airflow/.local/lib/python3.12/site-packages/airflow/example_dags/example_python_decorator.py
[2024-11-05T10:43:13.704+0000] {processor.py:925} INFO - DAG(s) 'example_python_decorator' retrieved from /home/airflow/.local/lib/python3.12/site-packages/airflow/example_dags/example_python_decorator.py
[2024-11-05T10:43:13.760+0000] {logging_mixin.py:190} INFO - [2024-11-05T10:43:13.759+0000] {dag.py:3239} INFO - Sync 1 DAGs
[2024-11-05T10:43:13.790+0000] {logging_mixin.py:190} INFO - [2024-11-05T10:43:13.790+0000] {dag.py:4180} INFO - Setting next_dagrun for example_python_decorator to None, run_after=None
[2024-11-05T10:43:13.846+0000] {processor.py:208} INFO - Processing /home/airflow/.local/lib/python3.12/site-packages/airflow/example_dags/example_python_decorator.py took 0.252 seconds
[2024-11-05T10:43:44.428+0000] {processor.py:186} INFO - Started process (PID=896) to work on /home/airflow/.local/lib/python3.12/site-packages/airflow/example_dags/example_python_decorator.py
[2024-11-05T10:43:44.429+0000] {processor.py:914} INFO - Processing file /home/airflow/.local/lib/python3.12/site-packages/airflow/example_dags/example_python_decorator.py for tasks to queue
[2024-11-05T10:43:44.432+0000] {logging_mixin.py:190} INFO - [2024-11-05T10:43:44.432+0000] {dagbag.py:588} INFO - Filling up the DagBag from /home/airflow/.local/lib/python3.12/site-packages/airflow/example_dags/example_python_decorator.py
[2024-11-05T10:43:44.466+0000] {processor.py:925} INFO - DAG(s) 'example_python_decorator' retrieved from /home/airflow/.local/lib/python3.12/site-packages/airflow/example_dags/example_python_decorator.py
[2024-11-05T10:43:44.502+0000] {logging_mixin.py:190} INFO - [2024-11-05T10:43:44.502+0000] {dag.py:3239} INFO - Sync 1 DAGs
[2024-11-05T10:43:44.533+0000] {logging_mixin.py:190} INFO - [2024-11-05T10:43:44.532+0000] {dag.py:4180} INFO - Setting next_dagrun for example_python_decorator to None, run_after=None
[2024-11-05T10:43:44.563+0000] {processor.py:208} INFO - Processing /home/airflow/.local/lib/python3.12/site-packages/airflow/example_dags/example_python_decorator.py took 0.143 seconds
[2024-11-05T10:44:15.450+0000] {processor.py:186} INFO - Started process (PID=960) to work on /home/airflow/.local/lib/python3.12/site-packages/airflow/example_dags/example_python_decorator.py
[2024-11-05T10:44:15.451+0000] {processor.py:914} INFO - Processing file /home/airflow/.local/lib/python3.12/site-packages/airflow/example_dags/example_python_decorator.py for tasks to queue
[2024-11-05T10:44:15.454+0000] {logging_mixin.py:190} INFO - [2024-11-05T10:44:15.453+0000] {dagbag.py:588} INFO - Filling up the DagBag from /home/airflow/.local/lib/python3.12/site-packages/airflow/example_dags/example_python_decorator.py
[2024-11-05T10:44:15.475+0000] {processor.py:925} INFO - DAG(s) 'example_python_decorator' retrieved from /home/airflow/.local/lib/python3.12/site-packages/airflow/example_dags/example_python_decorator.py
[2024-11-05T10:44:15.505+0000] {logging_mixin.py:190} INFO - [2024-11-05T10:44:15.505+0000] {dag.py:3239} INFO - Sync 1 DAGs
[2024-11-05T10:44:15.524+0000] {logging_mixin.py:190} INFO - [2024-11-05T10:44:15.523+0000] {dag.py:4180} INFO - Setting next_dagrun for example_python_decorator to None, run_after=None
[2024-11-05T10:44:15.549+0000] {processor.py:208} INFO - Processing /home/airflow/.local/lib/python3.12/site-packages/airflow/example_dags/example_python_decorator.py took 0.104 seconds
[2024-11-05T10:44:45.755+0000] {processor.py:186} INFO - Started process (PID=1022) to work on /home/airflow/.local/lib/python3.12/site-packages/airflow/example_dags/example_python_decorator.py
[2024-11-05T10:44:45.756+0000] {processor.py:914} INFO - Processing file /home/airflow/.local/lib/python3.12/site-packages/airflow/example_dags/example_python_decorator.py for tasks to queue
[2024-11-05T10:44:45.758+0000] {logging_mixin.py:190} INFO - [2024-11-05T10:44:45.758+0000] {dagbag.py:588} INFO - Filling up the DagBag from /home/airflow/.local/lib/python3.12/site-packages/airflow/example_dags/example_python_decorator.py
[2024-11-05T10:44:45.785+0000] {processor.py:925} INFO - DAG(s) 'example_python_decorator' retrieved from /home/airflow/.local/lib/python3.12/site-packages/airflow/example_dags/example_python_decorator.py
[2024-11-05T10:44:45.807+0000] {logging_mixin.py:190} INFO - [2024-11-05T10:44:45.807+0000] {dag.py:3239} INFO - Sync 1 DAGs
[2024-11-05T10:44:45.827+0000] {logging_mixin.py:190} INFO - [2024-11-05T10:44:45.827+0000] {dag.py:4180} INFO - Setting next_dagrun for example_python_decorator to None, run_after=None
[2024-11-05T10:44:45.854+0000] {processor.py:208} INFO - Processing /home/airflow/.local/lib/python3.12/site-packages/airflow/example_dags/example_python_decorator.py took 0.106 seconds
[2024-11-05T10:45:15.994+0000] {processor.py:186} INFO - Started process (PID=1085) to work on /home/airflow/.local/lib/python3.12/site-packages/airflow/example_dags/example_python_decorator.py
[2024-11-05T10:45:15.996+0000] {processor.py:914} INFO - Processing file /home/airflow/.local/lib/python3.12/site-packages/airflow/example_dags/example_python_decorator.py for tasks to queue
[2024-11-05T10:45:15.999+0000] {logging_mixin.py:190} INFO - [2024-11-05T10:45:15.998+0000] {dagbag.py:588} INFO - Filling up the DagBag from /home/airflow/.local/lib/python3.12/site-packages/airflow/example_dags/example_python_decorator.py
[2024-11-05T10:45:16.030+0000] {processor.py:925} INFO - DAG(s) 'example_python_decorator' retrieved from /home/airflow/.local/lib/python3.12/site-packages/airflow/example_dags/example_python_decorator.py
[2024-11-05T10:45:16.063+0000] {logging_mixin.py:190} INFO - [2024-11-05T10:45:16.063+0000] {dag.py:3239} INFO - Sync 1 DAGs
[2024-11-05T10:45:16.085+0000] {logging_mixin.py:190} INFO - [2024-11-05T10:45:16.084+0000] {dag.py:4180} INFO - Setting next_dagrun for example_python_decorator to None, run_after=None
[2024-11-05T10:45:16.112+0000] {processor.py:208} INFO - Processing /home/airflow/.local/lib/python3.12/site-packages/airflow/example_dags/example_python_decorator.py took 0.127 seconds
[2024-11-05T10:45:46.250+0000] {processor.py:186} INFO - Started process (PID=1148) to work on /home/airflow/.local/lib/python3.12/site-packages/airflow/example_dags/example_python_decorator.py
[2024-11-05T10:45:46.251+0000] {processor.py:914} INFO - Processing file /home/airflow/.local/lib/python3.12/site-packages/airflow/example_dags/example_python_decorator.py for tasks to queue
[2024-11-05T10:45:46.253+0000] {logging_mixin.py:190} INFO - [2024-11-05T10:45:46.253+0000] {dagbag.py:588} INFO - Filling up the DagBag from /home/airflow/.local/lib/python3.12/site-packages/airflow/example_dags/example_python_decorator.py
[2024-11-05T10:45:46.281+0000] {processor.py:925} INFO - DAG(s) 'example_python_decorator' retrieved from /home/airflow/.local/lib/python3.12/site-packages/airflow/example_dags/example_python_decorator.py
[2024-11-05T10:45:46.304+0000] {logging_mixin.py:190} INFO - [2024-11-05T10:45:46.304+0000] {dag.py:3239} INFO - Sync 1 DAGs
[2024-11-05T10:45:46.326+0000] {logging_mixin.py:190} INFO - [2024-11-05T10:45:46.326+0000] {dag.py:4180} INFO - Setting next_dagrun for example_python_decorator to None, run_after=None
[2024-11-05T10:45:46.347+0000] {processor.py:208} INFO - Processing /home/airflow/.local/lib/python3.12/site-packages/airflow/example_dags/example_python_decorator.py took 0.104 seconds
[2024-11-05T10:46:17.096+0000] {processor.py:186} INFO - Started process (PID=1211) to work on /home/airflow/.local/lib/python3.12/site-packages/airflow/example_dags/example_python_decorator.py
[2024-11-05T10:46:17.097+0000] {processor.py:914} INFO - Processing file /home/airflow/.local/lib/python3.12/site-packages/airflow/example_dags/example_python_decorator.py for tasks to queue
[2024-11-05T10:46:17.100+0000] {logging_mixin.py:190} INFO - [2024-11-05T10:46:17.100+0000] {dagbag.py:588} INFO - Filling up the DagBag from /home/airflow/.local/lib/python3.12/site-packages/airflow/example_dags/example_python_decorator.py
[2024-11-05T10:46:17.127+0000] {processor.py:925} INFO - DAG(s) 'example_python_decorator' retrieved from /home/airflow/.local/lib/python3.12/site-packages/airflow/example_dags/example_python_decorator.py
[2024-11-05T10:46:17.150+0000] {logging_mixin.py:190} INFO - [2024-11-05T10:46:17.150+0000] {dag.py:3239} INFO - Sync 1 DAGs
[2024-11-05T10:46:17.168+0000] {logging_mixin.py:190} INFO - [2024-11-05T10:46:17.168+0000] {dag.py:4180} INFO - Setting next_dagrun for example_python_decorator to None, run_after=None
[2024-11-05T10:46:17.205+0000] {processor.py:208} INFO - Processing /home/airflow/.local/lib/python3.12/site-packages/airflow/example_dags/example_python_decorator.py took 0.118 seconds
[2024-11-05T10:46:48.026+0000] {processor.py:186} INFO - Started process (PID=1273) to work on /home/airflow/.local/lib/python3.12/site-packages/airflow/example_dags/example_python_decorator.py
[2024-11-05T10:46:48.027+0000] {processor.py:914} INFO - Processing file /home/airflow/.local/lib/python3.12/site-packages/airflow/example_dags/example_python_decorator.py for tasks to queue
[2024-11-05T10:46:48.029+0000] {logging_mixin.py:190} INFO - [2024-11-05T10:46:48.029+0000] {dagbag.py:588} INFO - Filling up the DagBag from /home/airflow/.local/lib/python3.12/site-packages/airflow/example_dags/example_python_decorator.py
[2024-11-05T10:46:48.055+0000] {processor.py:925} INFO - DAG(s) 'example_python_decorator' retrieved from /home/airflow/.local/lib/python3.12/site-packages/airflow/example_dags/example_python_decorator.py
[2024-11-05T10:46:48.087+0000] {logging_mixin.py:190} INFO - [2024-11-05T10:46:48.087+0000] {dag.py:3239} INFO - Sync 1 DAGs
[2024-11-05T10:46:48.114+0000] {logging_mixin.py:190} INFO - [2024-11-05T10:46:48.113+0000] {dag.py:4180} INFO - Setting next_dagrun for example_python_decorator to None, run_after=None
[2024-11-05T10:46:48.156+0000] {processor.py:208} INFO - Processing /home/airflow/.local/lib/python3.12/site-packages/airflow/example_dags/example_python_decorator.py took 0.139 seconds
[2024-11-05T10:47:18.505+0000] {processor.py:186} INFO - Started process (PID=1336) to work on /home/airflow/.local/lib/python3.12/site-packages/airflow/example_dags/example_python_decorator.py
[2024-11-05T10:47:18.507+0000] {processor.py:914} INFO - Processing file /home/airflow/.local/lib/python3.12/site-packages/airflow/example_dags/example_python_decorator.py for tasks to queue
[2024-11-05T10:47:18.511+0000] {logging_mixin.py:190} INFO - [2024-11-05T10:47:18.509+0000] {dagbag.py:588} INFO - Filling up the DagBag from /home/airflow/.local/lib/python3.12/site-packages/airflow/example_dags/example_python_decorator.py
[2024-11-05T10:47:18.541+0000] {processor.py:925} INFO - DAG(s) 'example_python_decorator' retrieved from /home/airflow/.local/lib/python3.12/site-packages/airflow/example_dags/example_python_decorator.py
[2024-11-05T10:47:18.588+0000] {logging_mixin.py:190} INFO - [2024-11-05T10:47:18.587+0000] {dag.py:3239} INFO - Sync 1 DAGs
[2024-11-05T10:47:18.612+0000] {logging_mixin.py:190} INFO - [2024-11-05T10:47:18.612+0000] {dag.py:4180} INFO - Setting next_dagrun for example_python_decorator to None, run_after=None
[2024-11-05T10:47:18.644+0000] {processor.py:208} INFO - Processing /home/airflow/.local/lib/python3.12/site-packages/airflow/example_dags/example_python_decorator.py took 0.148 seconds
[2024-11-05T10:47:48.919+0000] {processor.py:186} INFO - Started process (PID=1399) to work on /home/airflow/.local/lib/python3.12/site-packages/airflow/example_dags/example_python_decorator.py
[2024-11-05T10:47:48.921+0000] {processor.py:914} INFO - Processing file /home/airflow/.local/lib/python3.12/site-packages/airflow/example_dags/example_python_decorator.py for tasks to queue
[2024-11-05T10:47:48.926+0000] {logging_mixin.py:190} INFO - [2024-11-05T10:47:48.925+0000] {dagbag.py:588} INFO - Filling up the DagBag from /home/airflow/.local/lib/python3.12/site-packages/airflow/example_dags/example_python_decorator.py
[2024-11-05T10:47:48.965+0000] {processor.py:925} INFO - DAG(s) 'example_python_decorator' retrieved from /home/airflow/.local/lib/python3.12/site-packages/airflow/example_dags/example_python_decorator.py
[2024-11-05T10:47:49.007+0000] {logging_mixin.py:190} INFO - [2024-11-05T10:47:49.007+0000] {dag.py:3239} INFO - Sync 1 DAGs
[2024-11-05T10:47:49.035+0000] {logging_mixin.py:190} INFO - [2024-11-05T10:47:49.035+0000] {dag.py:4180} INFO - Setting next_dagrun for example_python_decorator to None, run_after=None
[2024-11-05T10:47:49.068+0000] {processor.py:208} INFO - Processing /home/airflow/.local/lib/python3.12/site-packages/airflow/example_dags/example_python_decorator.py took 0.186 seconds
[2024-11-05T10:48:19.927+0000] {processor.py:186} INFO - Started process (PID=1461) to work on /home/airflow/.local/lib/python3.12/site-packages/airflow/example_dags/example_python_decorator.py
[2024-11-05T10:48:19.928+0000] {processor.py:914} INFO - Processing file /home/airflow/.local/lib/python3.12/site-packages/airflow/example_dags/example_python_decorator.py for tasks to queue
[2024-11-05T10:48:19.930+0000] {logging_mixin.py:190} INFO - [2024-11-05T10:48:19.930+0000] {dagbag.py:588} INFO - Filling up the DagBag from /home/airflow/.local/lib/python3.12/site-packages/airflow/example_dags/example_python_decorator.py
[2024-11-05T10:48:19.954+0000] {processor.py:925} INFO - DAG(s) 'example_python_decorator' retrieved from /home/airflow/.local/lib/python3.12/site-packages/airflow/example_dags/example_python_decorator.py
[2024-11-05T10:48:19.986+0000] {logging_mixin.py:190} INFO - [2024-11-05T10:48:19.986+0000] {dag.py:3239} INFO - Sync 1 DAGs
[2024-11-05T10:48:20.009+0000] {logging_mixin.py:190} INFO - [2024-11-05T10:48:20.009+0000] {dag.py:4180} INFO - Setting next_dagrun for example_python_decorator to None, run_after=None
[2024-11-05T10:48:20.035+0000] {processor.py:208} INFO - Processing /home/airflow/.local/lib/python3.12/site-packages/airflow/example_dags/example_python_decorator.py took 0.114 seconds
[2024-11-05T10:48:51.026+0000] {processor.py:186} INFO - Started process (PID=1524) to work on /home/airflow/.local/lib/python3.12/site-packages/airflow/example_dags/example_python_decorator.py
[2024-11-05T10:48:51.029+0000] {processor.py:914} INFO - Processing file /home/airflow/.local/lib/python3.12/site-packages/airflow/example_dags/example_python_decorator.py for tasks to queue
[2024-11-05T10:48:51.035+0000] {logging_mixin.py:190} INFO - [2024-11-05T10:48:51.034+0000] {dagbag.py:588} INFO - Filling up the DagBag from /home/airflow/.local/lib/python3.12/site-packages/airflow/example_dags/example_python_decorator.py
[2024-11-05T10:48:51.082+0000] {processor.py:925} INFO - DAG(s) 'example_python_decorator' retrieved from /home/airflow/.local/lib/python3.12/site-packages/airflow/example_dags/example_python_decorator.py
[2024-11-05T10:48:51.126+0000] {logging_mixin.py:190} INFO - [2024-11-05T10:48:51.126+0000] {dag.py:3239} INFO - Sync 1 DAGs
[2024-11-05T10:48:51.155+0000] {logging_mixin.py:190} INFO - [2024-11-05T10:48:51.155+0000] {dag.py:4180} INFO - Setting next_dagrun for example_python_decorator to None, run_after=None
[2024-11-05T10:48:51.190+0000] {processor.py:208} INFO - Processing /home/airflow/.local/lib/python3.12/site-packages/airflow/example_dags/example_python_decorator.py took 0.174 seconds
[2024-11-05T10:49:21.699+0000] {processor.py:186} INFO - Started process (PID=1586) to work on /home/airflow/.local/lib/python3.12/site-packages/airflow/example_dags/example_python_decorator.py
[2024-11-05T10:49:21.701+0000] {processor.py:914} INFO - Processing file /home/airflow/.local/lib/python3.12/site-packages/airflow/example_dags/example_python_decorator.py for tasks to queue
[2024-11-05T10:49:21.705+0000] {logging_mixin.py:190} INFO - [2024-11-05T10:49:21.704+0000] {dagbag.py:588} INFO - Filling up the DagBag from /home/airflow/.local/lib/python3.12/site-packages/airflow/example_dags/example_python_decorator.py
[2024-11-05T10:49:21.750+0000] {processor.py:925} INFO - DAG(s) 'example_python_decorator' retrieved from /home/airflow/.local/lib/python3.12/site-packages/airflow/example_dags/example_python_decorator.py
[2024-11-05T10:49:21.788+0000] {logging_mixin.py:190} INFO - [2024-11-05T10:49:21.787+0000] {dag.py:3239} INFO - Sync 1 DAGs
[2024-11-05T10:49:21.815+0000] {logging_mixin.py:190} INFO - [2024-11-05T10:49:21.815+0000] {dag.py:4180} INFO - Setting next_dagrun for example_python_decorator to None, run_after=None
[2024-11-05T10:49:21.848+0000] {processor.py:208} INFO - Processing /home/airflow/.local/lib/python3.12/site-packages/airflow/example_dags/example_python_decorator.py took 0.158 seconds
[2024-11-05T10:49:52.351+0000] {processor.py:186} INFO - Started process (PID=1649) to work on /home/airflow/.local/lib/python3.12/site-packages/airflow/example_dags/example_python_decorator.py
[2024-11-05T10:49:52.352+0000] {processor.py:914} INFO - Processing file /home/airflow/.local/lib/python3.12/site-packages/airflow/example_dags/example_python_decorator.py for tasks to queue
[2024-11-05T10:49:52.356+0000] {logging_mixin.py:190} INFO - [2024-11-05T10:49:52.355+0000] {dagbag.py:588} INFO - Filling up the DagBag from /home/airflow/.local/lib/python3.12/site-packages/airflow/example_dags/example_python_decorator.py
[2024-11-05T10:49:52.381+0000] {processor.py:925} INFO - DAG(s) 'example_python_decorator' retrieved from /home/airflow/.local/lib/python3.12/site-packages/airflow/example_dags/example_python_decorator.py
[2024-11-05T10:49:52.406+0000] {logging_mixin.py:190} INFO - [2024-11-05T10:49:52.405+0000] {dag.py:3239} INFO - Sync 1 DAGs
[2024-11-05T10:49:52.424+0000] {logging_mixin.py:190} INFO - [2024-11-05T10:49:52.424+0000] {dag.py:4180} INFO - Setting next_dagrun for example_python_decorator to None, run_after=None
[2024-11-05T10:49:52.447+0000] {processor.py:208} INFO - Processing /home/airflow/.local/lib/python3.12/site-packages/airflow/example_dags/example_python_decorator.py took 0.104 seconds
[2024-11-05T10:50:22.679+0000] {processor.py:186} INFO - Started process (PID=1712) to work on /home/airflow/.local/lib/python3.12/site-packages/airflow/example_dags/example_python_decorator.py
[2024-11-05T10:50:22.680+0000] {processor.py:914} INFO - Processing file /home/airflow/.local/lib/python3.12/site-packages/airflow/example_dags/example_python_decorator.py for tasks to queue
[2024-11-05T10:50:22.683+0000] {logging_mixin.py:190} INFO - [2024-11-05T10:50:22.682+0000] {dagbag.py:588} INFO - Filling up the DagBag from /home/airflow/.local/lib/python3.12/site-packages/airflow/example_dags/example_python_decorator.py
[2024-11-05T10:50:22.712+0000] {processor.py:925} INFO - DAG(s) 'example_python_decorator' retrieved from /home/airflow/.local/lib/python3.12/site-packages/airflow/example_dags/example_python_decorator.py
[2024-11-05T10:50:22.738+0000] {logging_mixin.py:190} INFO - [2024-11-05T10:50:22.737+0000] {dag.py:3239} INFO - Sync 1 DAGs
[2024-11-05T10:50:22.754+0000] {logging_mixin.py:190} INFO - [2024-11-05T10:50:22.754+0000] {dag.py:4180} INFO - Setting next_dagrun for example_python_decorator to None, run_after=None
[2024-11-05T10:50:22.774+0000] {processor.py:208} INFO - Processing /home/airflow/.local/lib/python3.12/site-packages/airflow/example_dags/example_python_decorator.py took 0.101 seconds
[2024-11-05T10:50:53.335+0000] {processor.py:186} INFO - Started process (PID=1774) to work on /home/airflow/.local/lib/python3.12/site-packages/airflow/example_dags/example_python_decorator.py
[2024-11-05T10:50:53.336+0000] {processor.py:914} INFO - Processing file /home/airflow/.local/lib/python3.12/site-packages/airflow/example_dags/example_python_decorator.py for tasks to queue
[2024-11-05T10:50:53.338+0000] {logging_mixin.py:190} INFO - [2024-11-05T10:50:53.338+0000] {dagbag.py:588} INFO - Filling up the DagBag from /home/airflow/.local/lib/python3.12/site-packages/airflow/example_dags/example_python_decorator.py
[2024-11-05T10:50:53.371+0000] {processor.py:925} INFO - DAG(s) 'example_python_decorator' retrieved from /home/airflow/.local/lib/python3.12/site-packages/airflow/example_dags/example_python_decorator.py
[2024-11-05T10:50:53.396+0000] {logging_mixin.py:190} INFO - [2024-11-05T10:50:53.395+0000] {dag.py:3239} INFO - Sync 1 DAGs
[2024-11-05T10:50:53.414+0000] {logging_mixin.py:190} INFO - [2024-11-05T10:50:53.413+0000] {dag.py:4180} INFO - Setting next_dagrun for example_python_decorator to None, run_after=None
[2024-11-05T10:50:53.436+0000] {processor.py:208} INFO - Processing /home/airflow/.local/lib/python3.12/site-packages/airflow/example_dags/example_python_decorator.py took 0.107 seconds
[2024-11-05T10:51:23.986+0000] {processor.py:186} INFO - Started process (PID=1837) to work on /home/airflow/.local/lib/python3.12/site-packages/airflow/example_dags/example_python_decorator.py
[2024-11-05T10:51:23.988+0000] {processor.py:914} INFO - Processing file /home/airflow/.local/lib/python3.12/site-packages/airflow/example_dags/example_python_decorator.py for tasks to queue
[2024-11-05T10:51:23.996+0000] {logging_mixin.py:190} INFO - [2024-11-05T10:51:23.995+0000] {dagbag.py:588} INFO - Filling up the DagBag from /home/airflow/.local/lib/python3.12/site-packages/airflow/example_dags/example_python_decorator.py
[2024-11-05T10:51:24.054+0000] {processor.py:925} INFO - DAG(s) 'example_python_decorator' retrieved from /home/airflow/.local/lib/python3.12/site-packages/airflow/example_dags/example_python_decorator.py
[2024-11-05T10:51:24.101+0000] {logging_mixin.py:190} INFO - [2024-11-05T10:51:24.101+0000] {dag.py:3239} INFO - Sync 1 DAGs
[2024-11-05T10:51:24.126+0000] {logging_mixin.py:190} INFO - [2024-11-05T10:51:24.126+0000] {dag.py:4180} INFO - Setting next_dagrun for example_python_decorator to None, run_after=None
[2024-11-05T10:51:24.156+0000] {processor.py:208} INFO - Processing /home/airflow/.local/lib/python3.12/site-packages/airflow/example_dags/example_python_decorator.py took 0.181 seconds
[2024-11-05T10:51:54.837+0000] {processor.py:186} INFO - Started process (PID=1900) to work on /home/airflow/.local/lib/python3.12/site-packages/airflow/example_dags/example_python_decorator.py
[2024-11-05T10:51:54.839+0000] {processor.py:914} INFO - Processing file /home/airflow/.local/lib/python3.12/site-packages/airflow/example_dags/example_python_decorator.py for tasks to queue
[2024-11-05T10:51:54.843+0000] {logging_mixin.py:190} INFO - [2024-11-05T10:51:54.842+0000] {dagbag.py:588} INFO - Filling up the DagBag from /home/airflow/.local/lib/python3.12/site-packages/airflow/example_dags/example_python_decorator.py
[2024-11-05T10:51:54.895+0000] {processor.py:925} INFO - DAG(s) 'example_python_decorator' retrieved from /home/airflow/.local/lib/python3.12/site-packages/airflow/example_dags/example_python_decorator.py
[2024-11-05T10:51:54.955+0000] {logging_mixin.py:190} INFO - [2024-11-05T10:51:54.955+0000] {dag.py:3239} INFO - Sync 1 DAGs
[2024-11-05T10:51:54.987+0000] {logging_mixin.py:190} INFO - [2024-11-05T10:51:54.987+0000] {dag.py:4180} INFO - Setting next_dagrun for example_python_decorator to None, run_after=None
[2024-11-05T10:51:55.022+0000] {processor.py:208} INFO - Processing /home/airflow/.local/lib/python3.12/site-packages/airflow/example_dags/example_python_decorator.py took 0.197 seconds
[2024-11-05T10:52:25.173+0000] {processor.py:186} INFO - Started process (PID=1964) to work on /home/airflow/.local/lib/python3.12/site-packages/airflow/example_dags/example_python_decorator.py
[2024-11-05T10:52:25.175+0000] {processor.py:914} INFO - Processing file /home/airflow/.local/lib/python3.12/site-packages/airflow/example_dags/example_python_decorator.py for tasks to queue
[2024-11-05T10:52:25.179+0000] {logging_mixin.py:190} INFO - [2024-11-05T10:52:25.178+0000] {dagbag.py:588} INFO - Filling up the DagBag from /home/airflow/.local/lib/python3.12/site-packages/airflow/example_dags/example_python_decorator.py
[2024-11-05T10:52:25.214+0000] {processor.py:925} INFO - DAG(s) 'example_python_decorator' retrieved from /home/airflow/.local/lib/python3.12/site-packages/airflow/example_dags/example_python_decorator.py
[2024-11-05T10:52:25.260+0000] {logging_mixin.py:190} INFO - [2024-11-05T10:52:25.260+0000] {dag.py:3239} INFO - Sync 1 DAGs
[2024-11-05T10:52:25.290+0000] {logging_mixin.py:190} INFO - [2024-11-05T10:52:25.290+0000] {dag.py:4180} INFO - Setting next_dagrun for example_python_decorator to None, run_after=None
[2024-11-05T10:52:25.316+0000] {processor.py:208} INFO - Processing /home/airflow/.local/lib/python3.12/site-packages/airflow/example_dags/example_python_decorator.py took 0.152 seconds
[2024-11-05T10:52:55.769+0000] {processor.py:186} INFO - Started process (PID=2027) to work on /home/airflow/.local/lib/python3.12/site-packages/airflow/example_dags/example_python_decorator.py
[2024-11-05T10:52:55.770+0000] {processor.py:914} INFO - Processing file /home/airflow/.local/lib/python3.12/site-packages/airflow/example_dags/example_python_decorator.py for tasks to queue
[2024-11-05T10:52:55.772+0000] {logging_mixin.py:190} INFO - [2024-11-05T10:52:55.771+0000] {dagbag.py:588} INFO - Filling up the DagBag from /home/airflow/.local/lib/python3.12/site-packages/airflow/example_dags/example_python_decorator.py
[2024-11-05T10:52:55.796+0000] {processor.py:925} INFO - DAG(s) 'example_python_decorator' retrieved from /home/airflow/.local/lib/python3.12/site-packages/airflow/example_dags/example_python_decorator.py
[2024-11-05T10:52:55.821+0000] {logging_mixin.py:190} INFO - [2024-11-05T10:52:55.820+0000] {dag.py:3239} INFO - Sync 1 DAGs
[2024-11-05T10:52:55.837+0000] {logging_mixin.py:190} INFO - [2024-11-05T10:52:55.837+0000] {dag.py:4180} INFO - Setting next_dagrun for example_python_decorator to None, run_after=None
[2024-11-05T10:52:55.859+0000] {processor.py:208} INFO - Processing /home/airflow/.local/lib/python3.12/site-packages/airflow/example_dags/example_python_decorator.py took 0.098 seconds
[2024-11-05T10:53:26.151+0000] {processor.py:186} INFO - Started process (PID=2090) to work on /home/airflow/.local/lib/python3.12/site-packages/airflow/example_dags/example_python_decorator.py
[2024-11-05T10:53:26.152+0000] {processor.py:914} INFO - Processing file /home/airflow/.local/lib/python3.12/site-packages/airflow/example_dags/example_python_decorator.py for tasks to queue
[2024-11-05T10:53:26.155+0000] {logging_mixin.py:190} INFO - [2024-11-05T10:53:26.155+0000] {dagbag.py:588} INFO - Filling up the DagBag from /home/airflow/.local/lib/python3.12/site-packages/airflow/example_dags/example_python_decorator.py
[2024-11-05T10:53:26.184+0000] {processor.py:925} INFO - DAG(s) 'example_python_decorator' retrieved from /home/airflow/.local/lib/python3.12/site-packages/airflow/example_dags/example_python_decorator.py
[2024-11-05T10:53:26.216+0000] {logging_mixin.py:190} INFO - [2024-11-05T10:53:26.215+0000] {dag.py:3239} INFO - Sync 1 DAGs
[2024-11-05T10:53:26.240+0000] {logging_mixin.py:190} INFO - [2024-11-05T10:53:26.239+0000] {dag.py:4180} INFO - Setting next_dagrun for example_python_decorator to None, run_after=None
[2024-11-05T10:53:26.266+0000] {processor.py:208} INFO - Processing /home/airflow/.local/lib/python3.12/site-packages/airflow/example_dags/example_python_decorator.py took 0.123 seconds
[2024-11-05T10:53:56.479+0000] {processor.py:186} INFO - Started process (PID=2153) to work on /home/airflow/.local/lib/python3.12/site-packages/airflow/example_dags/example_python_decorator.py
[2024-11-05T10:53:56.480+0000] {processor.py:914} INFO - Processing file /home/airflow/.local/lib/python3.12/site-packages/airflow/example_dags/example_python_decorator.py for tasks to queue
[2024-11-05T10:53:56.482+0000] {logging_mixin.py:190} INFO - [2024-11-05T10:53:56.482+0000] {dagbag.py:588} INFO - Filling up the DagBag from /home/airflow/.local/lib/python3.12/site-packages/airflow/example_dags/example_python_decorator.py
[2024-11-05T10:53:56.506+0000] {processor.py:925} INFO - DAG(s) 'example_python_decorator' retrieved from /home/airflow/.local/lib/python3.12/site-packages/airflow/example_dags/example_python_decorator.py
[2024-11-05T10:53:56.531+0000] {logging_mixin.py:190} INFO - [2024-11-05T10:53:56.530+0000] {dag.py:3239} INFO - Sync 1 DAGs
[2024-11-05T10:53:56.549+0000] {logging_mixin.py:190} INFO - [2024-11-05T10:53:56.549+0000] {dag.py:4180} INFO - Setting next_dagrun for example_python_decorator to None, run_after=None
[2024-11-05T10:53:56.571+0000] {processor.py:208} INFO - Processing /home/airflow/.local/lib/python3.12/site-packages/airflow/example_dags/example_python_decorator.py took 0.099 seconds
[2024-11-05T10:54:26.651+0000] {processor.py:186} INFO - Started process (PID=2216) to work on /home/airflow/.local/lib/python3.12/site-packages/airflow/example_dags/example_python_decorator.py
[2024-11-05T10:54:26.652+0000] {processor.py:914} INFO - Processing file /home/airflow/.local/lib/python3.12/site-packages/airflow/example_dags/example_python_decorator.py for tasks to queue
[2024-11-05T10:54:26.654+0000] {logging_mixin.py:190} INFO - [2024-11-05T10:54:26.654+0000] {dagbag.py:588} INFO - Filling up the DagBag from /home/airflow/.local/lib/python3.12/site-packages/airflow/example_dags/example_python_decorator.py
[2024-11-05T10:54:26.680+0000] {processor.py:925} INFO - DAG(s) 'example_python_decorator' retrieved from /home/airflow/.local/lib/python3.12/site-packages/airflow/example_dags/example_python_decorator.py
[2024-11-05T10:54:26.709+0000] {logging_mixin.py:190} INFO - [2024-11-05T10:54:26.709+0000] {dag.py:3239} INFO - Sync 1 DAGs
[2024-11-05T10:54:26.734+0000] {logging_mixin.py:190} INFO - [2024-11-05T10:54:26.734+0000] {dag.py:4180} INFO - Setting next_dagrun for example_python_decorator to None, run_after=None
[2024-11-05T10:54:26.758+0000] {processor.py:208} INFO - Processing /home/airflow/.local/lib/python3.12/site-packages/airflow/example_dags/example_python_decorator.py took 0.114 seconds
