[2024-11-05T10:37:09.887+0000] {processor.py:186} INFO - Started process (PID=93) to work on /home/airflow/.local/lib/python3.12/site-packages/airflow/example_dags/example_subdag_operator.py
[2024-11-05T10:37:09.888+0000] {processor.py:914} INFO - Processing file /home/airflow/.local/lib/python3.12/site-packages/airflow/example_dags/example_subdag_operator.py for tasks to queue
[2024-11-05T10:37:09.892+0000] {logging_mixin.py:190} INFO - [2024-11-05T10:37:09.891+0000] {dagbag.py:588} INFO - Filling up the DagBag from /home/airflow/.local/lib/python3.12/site-packages/airflow/example_dags/example_subdag_operator.py
[2024-11-05T10:37:09.933+0000] {processor.py:925} INFO - DAG(s) 'example_subdag_operator.section-1', 'example_subdag_operator.section-2', 'example_subdag_operator' retrieved from /home/airflow/.local/lib/python3.12/site-packages/airflow/example_dags/example_subdag_operator.py
[2024-11-05T10:37:10.141+0000] {logging_mixin.py:190} INFO - [2024-11-05T10:37:10.140+0000] {override.py:1900} INFO - Created Permission View: can delete on DAG:example_subdag_operator
[2024-11-05T10:37:10.156+0000] {logging_mixin.py:190} INFO - [2024-11-05T10:37:10.155+0000] {override.py:1900} INFO - Created Permission View: can read on DAG:example_subdag_operator
[2024-11-05T10:37:10.166+0000] {logging_mixin.py:190} INFO - [2024-11-05T10:37:10.165+0000] {override.py:1900} INFO - Created Permission View: can edit on DAG:example_subdag_operator
[2024-11-05T10:37:10.176+0000] {logging_mixin.py:190} INFO - [2024-11-05T10:37:10.175+0000] {override.py:1900} INFO - Created Permission View: can delete on DAG Run:example_subdag_operator
[2024-11-05T10:37:10.186+0000] {logging_mixin.py:190} INFO - [2024-11-05T10:37:10.185+0000] {override.py:1900} INFO - Created Permission View: can create on DAG Run:example_subdag_operator
[2024-11-05T10:37:10.195+0000] {logging_mixin.py:190} INFO - [2024-11-05T10:37:10.195+0000] {override.py:1900} INFO - Created Permission View: can read on DAG Run:example_subdag_operator
[2024-11-05T10:37:10.204+0000] {logging_mixin.py:190} INFO - [2024-11-05T10:37:10.204+0000] {override.py:1900} INFO - Created Permission View: menu access on DAG Run:example_subdag_operator
[2024-11-05T10:37:10.205+0000] {logging_mixin.py:190} INFO - [2024-11-05T10:37:10.205+0000] {dag.py:3239} INFO - Sync 3 DAGs
[2024-11-05T10:37:10.223+0000] {logging_mixin.py:190} INFO - [2024-11-05T10:37:10.223+0000] {dag.py:3262} INFO - Creating ORM DAG for example_subdag_operator.section-1
[2024-11-05T10:37:10.224+0000] {logging_mixin.py:190} INFO - [2024-11-05T10:37:10.224+0000] {dag.py:3262} INFO - Creating ORM DAG for example_subdag_operator
[2024-11-05T10:37:10.225+0000] {logging_mixin.py:190} INFO - [2024-11-05T10:37:10.224+0000] {dag.py:3262} INFO - Creating ORM DAG for example_subdag_operator.section-2
[2024-11-05T10:37:10.235+0000] {logging_mixin.py:190} INFO - [2024-11-05T10:37:10.235+0000] {dag.py:4180} INFO - Setting next_dagrun for example_subdag_operator to 2022-01-01 00:00:00+00:00, run_after=2022-01-01 00:00:00+00:00
[2024-11-05T10:37:10.236+0000] {logging_mixin.py:190} INFO - [2024-11-05T10:37:10.236+0000] {dag.py:4180} INFO - Setting next_dagrun for example_subdag_operator.section-1 to None, run_after=None
[2024-11-05T10:37:10.237+0000] {logging_mixin.py:190} INFO - [2024-11-05T10:37:10.237+0000] {dag.py:4180} INFO - Setting next_dagrun for example_subdag_operator.section-2 to None, run_after=None
[2024-11-05T10:37:10.249+0000] {logging_mixin.py:190} INFO - [2024-11-05T10:37:10.249+0000] {dag.py:3239} INFO - Sync 2 DAGs
[2024-11-05T10:37:10.256+0000] {logging_mixin.py:190} INFO - [2024-11-05T10:37:10.256+0000] {dag.py:4180} INFO - Setting next_dagrun for example_subdag_operator.section-1 to None, run_after=None
[2024-11-05T10:37:10.260+0000] {logging_mixin.py:190} INFO - [2024-11-05T10:37:10.260+0000] {dag.py:4180} INFO - Setting next_dagrun for example_subdag_operator.section-2 to None, run_after=None
[2024-11-05T10:37:10.276+0000] {processor.py:208} INFO - Processing /home/airflow/.local/lib/python3.12/site-packages/airflow/example_dags/example_subdag_operator.py took 0.399 seconds
[2024-11-05T10:37:40.731+0000] {processor.py:186} INFO - Started process (PID=155) to work on /home/airflow/.local/lib/python3.12/site-packages/airflow/example_dags/example_subdag_operator.py
[2024-11-05T10:37:40.732+0000] {processor.py:914} INFO - Processing file /home/airflow/.local/lib/python3.12/site-packages/airflow/example_dags/example_subdag_operator.py for tasks to queue
[2024-11-05T10:37:40.734+0000] {logging_mixin.py:190} INFO - [2024-11-05T10:37:40.734+0000] {dagbag.py:588} INFO - Filling up the DagBag from /home/airflow/.local/lib/python3.12/site-packages/airflow/example_dags/example_subdag_operator.py
[2024-11-05T10:37:40.760+0000] {processor.py:925} INFO - DAG(s) 'example_subdag_operator.section-1', 'example_subdag_operator.section-2', 'example_subdag_operator' retrieved from /home/airflow/.local/lib/python3.12/site-packages/airflow/example_dags/example_subdag_operator.py
[2024-11-05T10:37:40.777+0000] {logging_mixin.py:190} INFO - [2024-11-05T10:37:40.777+0000] {dag.py:3239} INFO - Sync 3 DAGs
[2024-11-05T10:37:40.805+0000] {logging_mixin.py:190} INFO - [2024-11-05T10:37:40.805+0000] {dag.py:4180} INFO - Setting next_dagrun for example_subdag_operator to 2022-01-01 00:00:00+00:00, run_after=2022-01-01 00:00:00+00:00
[2024-11-05T10:37:40.810+0000] {logging_mixin.py:190} INFO - [2024-11-05T10:37:40.810+0000] {dag.py:4180} INFO - Setting next_dagrun for example_subdag_operator.section-1 to None, run_after=None
[2024-11-05T10:37:40.812+0000] {logging_mixin.py:190} INFO - [2024-11-05T10:37:40.812+0000] {dag.py:4180} INFO - Setting next_dagrun for example_subdag_operator.section-2 to None, run_after=None
[2024-11-05T10:37:40.821+0000] {logging_mixin.py:190} INFO - [2024-11-05T10:37:40.820+0000] {dag.py:3239} INFO - Sync 2 DAGs
[2024-11-05T10:37:40.827+0000] {logging_mixin.py:190} INFO - [2024-11-05T10:37:40.827+0000] {dag.py:4180} INFO - Setting next_dagrun for example_subdag_operator.section-1 to None, run_after=None
[2024-11-05T10:37:40.828+0000] {logging_mixin.py:190} INFO - [2024-11-05T10:37:40.828+0000] {dag.py:4180} INFO - Setting next_dagrun for example_subdag_operator.section-2 to None, run_after=None
[2024-11-05T10:37:40.843+0000] {processor.py:208} INFO - Processing /home/airflow/.local/lib/python3.12/site-packages/airflow/example_dags/example_subdag_operator.py took 0.118 seconds
[2024-11-05T10:38:10.974+0000] {processor.py:186} INFO - Started process (PID=218) to work on /home/airflow/.local/lib/python3.12/site-packages/airflow/example_dags/example_subdag_operator.py
[2024-11-05T10:38:10.975+0000] {processor.py:914} INFO - Processing file /home/airflow/.local/lib/python3.12/site-packages/airflow/example_dags/example_subdag_operator.py for tasks to queue
[2024-11-05T10:38:10.978+0000] {logging_mixin.py:190} INFO - [2024-11-05T10:38:10.977+0000] {dagbag.py:588} INFO - Filling up the DagBag from /home/airflow/.local/lib/python3.12/site-packages/airflow/example_dags/example_subdag_operator.py
[2024-11-05T10:38:11.008+0000] {processor.py:925} INFO - DAG(s) 'example_subdag_operator.section-1', 'example_subdag_operator.section-2', 'example_subdag_operator' retrieved from /home/airflow/.local/lib/python3.12/site-packages/airflow/example_dags/example_subdag_operator.py
[2024-11-05T10:38:11.029+0000] {logging_mixin.py:190} INFO - [2024-11-05T10:38:11.029+0000] {dag.py:3239} INFO - Sync 3 DAGs
[2024-11-05T10:38:11.055+0000] {logging_mixin.py:190} INFO - [2024-11-05T10:38:11.055+0000] {dag.py:4180} INFO - Setting next_dagrun for example_subdag_operator to 2022-01-01 00:00:00+00:00, run_after=2022-01-01 00:00:00+00:00
[2024-11-05T10:38:11.060+0000] {logging_mixin.py:190} INFO - [2024-11-05T10:38:11.059+0000] {dag.py:4180} INFO - Setting next_dagrun for example_subdag_operator.section-1 to None, run_after=None
[2024-11-05T10:38:11.062+0000] {logging_mixin.py:190} INFO - [2024-11-05T10:38:11.061+0000] {dag.py:4180} INFO - Setting next_dagrun for example_subdag_operator.section-2 to None, run_after=None
[2024-11-05T10:38:11.070+0000] {logging_mixin.py:190} INFO - [2024-11-05T10:38:11.069+0000] {dag.py:3239} INFO - Sync 2 DAGs
[2024-11-05T10:38:11.076+0000] {logging_mixin.py:190} INFO - [2024-11-05T10:38:11.076+0000] {dag.py:4180} INFO - Setting next_dagrun for example_subdag_operator.section-1 to None, run_after=None
[2024-11-05T10:38:11.076+0000] {logging_mixin.py:190} INFO - [2024-11-05T10:38:11.076+0000] {dag.py:4180} INFO - Setting next_dagrun for example_subdag_operator.section-2 to None, run_after=None
[2024-11-05T10:38:11.091+0000] {processor.py:208} INFO - Processing /home/airflow/.local/lib/python3.12/site-packages/airflow/example_dags/example_subdag_operator.py took 0.123 seconds
[2024-11-05T10:38:41.580+0000] {processor.py:186} INFO - Started process (PID=281) to work on /home/airflow/.local/lib/python3.12/site-packages/airflow/example_dags/example_subdag_operator.py
[2024-11-05T10:38:41.581+0000] {processor.py:914} INFO - Processing file /home/airflow/.local/lib/python3.12/site-packages/airflow/example_dags/example_subdag_operator.py for tasks to queue
[2024-11-05T10:38:41.584+0000] {logging_mixin.py:190} INFO - [2024-11-05T10:38:41.583+0000] {dagbag.py:588} INFO - Filling up the DagBag from /home/airflow/.local/lib/python3.12/site-packages/airflow/example_dags/example_subdag_operator.py
[2024-11-05T10:38:41.613+0000] {processor.py:925} INFO - DAG(s) 'example_subdag_operator.section-1', 'example_subdag_operator.section-2', 'example_subdag_operator' retrieved from /home/airflow/.local/lib/python3.12/site-packages/airflow/example_dags/example_subdag_operator.py
[2024-11-05T10:38:41.633+0000] {logging_mixin.py:190} INFO - [2024-11-05T10:38:41.632+0000] {dag.py:3239} INFO - Sync 3 DAGs
[2024-11-05T10:38:41.667+0000] {logging_mixin.py:190} INFO - [2024-11-05T10:38:41.667+0000] {dag.py:4180} INFO - Setting next_dagrun for example_subdag_operator to 2022-01-01 00:00:00+00:00, run_after=2022-01-01 00:00:00+00:00
[2024-11-05T10:38:41.672+0000] {logging_mixin.py:190} INFO - [2024-11-05T10:38:41.672+0000] {dag.py:4180} INFO - Setting next_dagrun for example_subdag_operator.section-1 to None, run_after=None
[2024-11-05T10:38:41.674+0000] {logging_mixin.py:190} INFO - [2024-11-05T10:38:41.674+0000] {dag.py:4180} INFO - Setting next_dagrun for example_subdag_operator.section-2 to None, run_after=None
[2024-11-05T10:38:41.684+0000] {logging_mixin.py:190} INFO - [2024-11-05T10:38:41.684+0000] {dag.py:3239} INFO - Sync 2 DAGs
[2024-11-05T10:38:41.691+0000] {logging_mixin.py:190} INFO - [2024-11-05T10:38:41.691+0000] {dag.py:4180} INFO - Setting next_dagrun for example_subdag_operator.section-1 to None, run_after=None
[2024-11-05T10:38:41.692+0000] {logging_mixin.py:190} INFO - [2024-11-05T10:38:41.692+0000] {dag.py:4180} INFO - Setting next_dagrun for example_subdag_operator.section-2 to None, run_after=None
[2024-11-05T10:38:41.704+0000] {processor.py:208} INFO - Processing /home/airflow/.local/lib/python3.12/site-packages/airflow/example_dags/example_subdag_operator.py took 0.130 seconds
[2024-11-05T10:39:11.966+0000] {processor.py:186} INFO - Started process (PID=343) to work on /home/airflow/.local/lib/python3.12/site-packages/airflow/example_dags/example_subdag_operator.py
[2024-11-05T10:39:11.968+0000] {processor.py:914} INFO - Processing file /home/airflow/.local/lib/python3.12/site-packages/airflow/example_dags/example_subdag_operator.py for tasks to queue
[2024-11-05T10:39:11.972+0000] {logging_mixin.py:190} INFO - [2024-11-05T10:39:11.971+0000] {dagbag.py:588} INFO - Filling up the DagBag from /home/airflow/.local/lib/python3.12/site-packages/airflow/example_dags/example_subdag_operator.py
[2024-11-05T10:39:12.024+0000] {processor.py:925} INFO - DAG(s) 'example_subdag_operator.section-1', 'example_subdag_operator.section-2', 'example_subdag_operator' retrieved from /home/airflow/.local/lib/python3.12/site-packages/airflow/example_dags/example_subdag_operator.py
[2024-11-05T10:39:12.054+0000] {logging_mixin.py:190} INFO - [2024-11-05T10:39:12.054+0000] {dag.py:3239} INFO - Sync 3 DAGs
[2024-11-05T10:39:12.099+0000] {logging_mixin.py:190} INFO - [2024-11-05T10:39:12.098+0000] {dag.py:4180} INFO - Setting next_dagrun for example_subdag_operator to 2022-01-01 00:00:00+00:00, run_after=2022-01-01 00:00:00+00:00
[2024-11-05T10:39:12.105+0000] {logging_mixin.py:190} INFO - [2024-11-05T10:39:12.105+0000] {dag.py:4180} INFO - Setting next_dagrun for example_subdag_operator.section-1 to None, run_after=None
[2024-11-05T10:39:12.107+0000] {logging_mixin.py:190} INFO - [2024-11-05T10:39:12.107+0000] {dag.py:4180} INFO - Setting next_dagrun for example_subdag_operator.section-2 to None, run_after=None
[2024-11-05T10:39:12.118+0000] {logging_mixin.py:190} INFO - [2024-11-05T10:39:12.118+0000] {dag.py:3239} INFO - Sync 2 DAGs
[2024-11-05T10:39:12.129+0000] {logging_mixin.py:190} INFO - [2024-11-05T10:39:12.129+0000] {dag.py:4180} INFO - Setting next_dagrun for example_subdag_operator.section-1 to None, run_after=None
[2024-11-05T10:39:12.130+0000] {logging_mixin.py:190} INFO - [2024-11-05T10:39:12.130+0000] {dag.py:4180} INFO - Setting next_dagrun for example_subdag_operator.section-2 to None, run_after=None
[2024-11-05T10:39:12.146+0000] {processor.py:208} INFO - Processing /home/airflow/.local/lib/python3.12/site-packages/airflow/example_dags/example_subdag_operator.py took 0.189 seconds
[2024-11-05T10:39:42.352+0000] {processor.py:186} INFO - Started process (PID=405) to work on /home/airflow/.local/lib/python3.12/site-packages/airflow/example_dags/example_subdag_operator.py
[2024-11-05T10:39:42.353+0000] {processor.py:914} INFO - Processing file /home/airflow/.local/lib/python3.12/site-packages/airflow/example_dags/example_subdag_operator.py for tasks to queue
[2024-11-05T10:39:42.355+0000] {logging_mixin.py:190} INFO - [2024-11-05T10:39:42.355+0000] {dagbag.py:588} INFO - Filling up the DagBag from /home/airflow/.local/lib/python3.12/site-packages/airflow/example_dags/example_subdag_operator.py
[2024-11-05T10:39:42.393+0000] {processor.py:925} INFO - DAG(s) 'example_subdag_operator.section-1', 'example_subdag_operator.section-2', 'example_subdag_operator' retrieved from /home/airflow/.local/lib/python3.12/site-packages/airflow/example_dags/example_subdag_operator.py
[2024-11-05T10:39:42.415+0000] {logging_mixin.py:190} INFO - [2024-11-05T10:39:42.414+0000] {dag.py:3239} INFO - Sync 3 DAGs
[2024-11-05T10:39:42.442+0000] {logging_mixin.py:190} INFO - [2024-11-05T10:39:42.442+0000] {dag.py:4180} INFO - Setting next_dagrun for example_subdag_operator to 2022-01-01 00:00:00+00:00, run_after=2022-01-01 00:00:00+00:00
[2024-11-05T10:39:42.447+0000] {logging_mixin.py:190} INFO - [2024-11-05T10:39:42.447+0000] {dag.py:4180} INFO - Setting next_dagrun for example_subdag_operator.section-1 to None, run_after=None
[2024-11-05T10:39:42.449+0000] {logging_mixin.py:190} INFO - [2024-11-05T10:39:42.448+0000] {dag.py:4180} INFO - Setting next_dagrun for example_subdag_operator.section-2 to None, run_after=None
[2024-11-05T10:39:42.456+0000] {logging_mixin.py:190} INFO - [2024-11-05T10:39:42.456+0000] {dag.py:3239} INFO - Sync 2 DAGs
[2024-11-05T10:39:42.463+0000] {logging_mixin.py:190} INFO - [2024-11-05T10:39:42.463+0000] {dag.py:4180} INFO - Setting next_dagrun for example_subdag_operator.section-1 to None, run_after=None
[2024-11-05T10:39:42.464+0000] {logging_mixin.py:190} INFO - [2024-11-05T10:39:42.464+0000] {dag.py:4180} INFO - Setting next_dagrun for example_subdag_operator.section-2 to None, run_after=None
[2024-11-05T10:39:42.478+0000] {processor.py:208} INFO - Processing /home/airflow/.local/lib/python3.12/site-packages/airflow/example_dags/example_subdag_operator.py took 0.132 seconds
[2024-11-05T10:40:12.749+0000] {processor.py:186} INFO - Started process (PID=468) to work on /home/airflow/.local/lib/python3.12/site-packages/airflow/example_dags/example_subdag_operator.py
[2024-11-05T10:40:12.750+0000] {processor.py:914} INFO - Processing file /home/airflow/.local/lib/python3.12/site-packages/airflow/example_dags/example_subdag_operator.py for tasks to queue
[2024-11-05T10:40:12.753+0000] {logging_mixin.py:190} INFO - [2024-11-05T10:40:12.752+0000] {dagbag.py:588} INFO - Filling up the DagBag from /home/airflow/.local/lib/python3.12/site-packages/airflow/example_dags/example_subdag_operator.py
[2024-11-05T10:40:12.785+0000] {processor.py:925} INFO - DAG(s) 'example_subdag_operator.section-1', 'example_subdag_operator.section-2', 'example_subdag_operator' retrieved from /home/airflow/.local/lib/python3.12/site-packages/airflow/example_dags/example_subdag_operator.py
[2024-11-05T10:40:12.809+0000] {logging_mixin.py:190} INFO - [2024-11-05T10:40:12.809+0000] {dag.py:3239} INFO - Sync 3 DAGs
[2024-11-05T10:40:12.840+0000] {logging_mixin.py:190} INFO - [2024-11-05T10:40:12.839+0000] {dag.py:4180} INFO - Setting next_dagrun for example_subdag_operator to 2022-01-01 00:00:00+00:00, run_after=2022-01-01 00:00:00+00:00
[2024-11-05T10:40:12.843+0000] {logging_mixin.py:190} INFO - [2024-11-05T10:40:12.843+0000] {dag.py:4180} INFO - Setting next_dagrun for example_subdag_operator.section-1 to None, run_after=None
[2024-11-05T10:40:12.845+0000] {logging_mixin.py:190} INFO - [2024-11-05T10:40:12.845+0000] {dag.py:4180} INFO - Setting next_dagrun for example_subdag_operator.section-2 to None, run_after=None
[2024-11-05T10:40:12.852+0000] {logging_mixin.py:190} INFO - [2024-11-05T10:40:12.852+0000] {dag.py:3239} INFO - Sync 2 DAGs
[2024-11-05T10:40:12.860+0000] {logging_mixin.py:190} INFO - [2024-11-05T10:40:12.859+0000] {dag.py:4180} INFO - Setting next_dagrun for example_subdag_operator.section-1 to None, run_after=None
[2024-11-05T10:40:12.860+0000] {logging_mixin.py:190} INFO - [2024-11-05T10:40:12.860+0000] {dag.py:4180} INFO - Setting next_dagrun for example_subdag_operator.section-2 to None, run_after=None
[2024-11-05T10:40:12.874+0000] {processor.py:208} INFO - Processing /home/airflow/.local/lib/python3.12/site-packages/airflow/example_dags/example_subdag_operator.py took 0.131 seconds
[2024-11-05T10:40:43.116+0000] {processor.py:186} INFO - Started process (PID=531) to work on /home/airflow/.local/lib/python3.12/site-packages/airflow/example_dags/example_subdag_operator.py
[2024-11-05T10:40:43.117+0000] {processor.py:914} INFO - Processing file /home/airflow/.local/lib/python3.12/site-packages/airflow/example_dags/example_subdag_operator.py for tasks to queue
[2024-11-05T10:40:43.120+0000] {logging_mixin.py:190} INFO - [2024-11-05T10:40:43.119+0000] {dagbag.py:588} INFO - Filling up the DagBag from /home/airflow/.local/lib/python3.12/site-packages/airflow/example_dags/example_subdag_operator.py
[2024-11-05T10:40:43.149+0000] {processor.py:925} INFO - DAG(s) 'example_subdag_operator.section-1', 'example_subdag_operator.section-2', 'example_subdag_operator' retrieved from /home/airflow/.local/lib/python3.12/site-packages/airflow/example_dags/example_subdag_operator.py
[2024-11-05T10:40:43.165+0000] {logging_mixin.py:190} INFO - [2024-11-05T10:40:43.165+0000] {dag.py:3239} INFO - Sync 3 DAGs
[2024-11-05T10:40:43.191+0000] {logging_mixin.py:190} INFO - [2024-11-05T10:40:43.190+0000] {dag.py:4180} INFO - Setting next_dagrun for example_subdag_operator to 2022-01-01 00:00:00+00:00, run_after=2022-01-01 00:00:00+00:00
[2024-11-05T10:40:43.196+0000] {logging_mixin.py:190} INFO - [2024-11-05T10:40:43.195+0000] {dag.py:4180} INFO - Setting next_dagrun for example_subdag_operator.section-1 to None, run_after=None
[2024-11-05T10:40:43.198+0000] {logging_mixin.py:190} INFO - [2024-11-05T10:40:43.197+0000] {dag.py:4180} INFO - Setting next_dagrun for example_subdag_operator.section-2 to None, run_after=None
[2024-11-05T10:40:43.205+0000] {logging_mixin.py:190} INFO - [2024-11-05T10:40:43.205+0000] {dag.py:3239} INFO - Sync 2 DAGs
[2024-11-05T10:40:43.211+0000] {logging_mixin.py:190} INFO - [2024-11-05T10:40:43.211+0000] {dag.py:4180} INFO - Setting next_dagrun for example_subdag_operator.section-1 to None, run_after=None
[2024-11-05T10:40:43.212+0000] {logging_mixin.py:190} INFO - [2024-11-05T10:40:43.212+0000] {dag.py:4180} INFO - Setting next_dagrun for example_subdag_operator.section-2 to None, run_after=None
[2024-11-05T10:40:43.224+0000] {processor.py:208} INFO - Processing /home/airflow/.local/lib/python3.12/site-packages/airflow/example_dags/example_subdag_operator.py took 0.114 seconds
[2024-11-05T10:41:13.380+0000] {processor.py:186} INFO - Started process (PID=594) to work on /home/airflow/.local/lib/python3.12/site-packages/airflow/example_dags/example_subdag_operator.py
[2024-11-05T10:41:13.381+0000] {processor.py:914} INFO - Processing file /home/airflow/.local/lib/python3.12/site-packages/airflow/example_dags/example_subdag_operator.py for tasks to queue
[2024-11-05T10:41:13.384+0000] {logging_mixin.py:190} INFO - [2024-11-05T10:41:13.383+0000] {dagbag.py:588} INFO - Filling up the DagBag from /home/airflow/.local/lib/python3.12/site-packages/airflow/example_dags/example_subdag_operator.py
[2024-11-05T10:41:13.414+0000] {processor.py:925} INFO - DAG(s) 'example_subdag_operator.section-1', 'example_subdag_operator.section-2', 'example_subdag_operator' retrieved from /home/airflow/.local/lib/python3.12/site-packages/airflow/example_dags/example_subdag_operator.py
[2024-11-05T10:41:13.429+0000] {logging_mixin.py:190} INFO - [2024-11-05T10:41:13.429+0000] {dag.py:3239} INFO - Sync 3 DAGs
[2024-11-05T10:41:13.455+0000] {logging_mixin.py:190} INFO - [2024-11-05T10:41:13.454+0000] {dag.py:4180} INFO - Setting next_dagrun for example_subdag_operator to 2022-01-01 00:00:00+00:00, run_after=2022-01-01 00:00:00+00:00
[2024-11-05T10:41:13.459+0000] {logging_mixin.py:190} INFO - [2024-11-05T10:41:13.458+0000] {dag.py:4180} INFO - Setting next_dagrun for example_subdag_operator.section-1 to None, run_after=None
[2024-11-05T10:41:13.460+0000] {logging_mixin.py:190} INFO - [2024-11-05T10:41:13.460+0000] {dag.py:4180} INFO - Setting next_dagrun for example_subdag_operator.section-2 to None, run_after=None
[2024-11-05T10:41:13.467+0000] {logging_mixin.py:190} INFO - [2024-11-05T10:41:13.467+0000] {dag.py:3239} INFO - Sync 2 DAGs
[2024-11-05T10:41:13.474+0000] {logging_mixin.py:190} INFO - [2024-11-05T10:41:13.474+0000] {dag.py:4180} INFO - Setting next_dagrun for example_subdag_operator.section-1 to None, run_after=None
[2024-11-05T10:41:13.474+0000] {logging_mixin.py:190} INFO - [2024-11-05T10:41:13.474+0000] {dag.py:4180} INFO - Setting next_dagrun for example_subdag_operator.section-2 to None, run_after=None
[2024-11-05T10:41:13.486+0000] {processor.py:208} INFO - Processing /home/airflow/.local/lib/python3.12/site-packages/airflow/example_dags/example_subdag_operator.py took 0.112 seconds
[2024-11-05T10:41:43.628+0000] {processor.py:186} INFO - Started process (PID=657) to work on /home/airflow/.local/lib/python3.12/site-packages/airflow/example_dags/example_subdag_operator.py
[2024-11-05T10:41:43.629+0000] {processor.py:914} INFO - Processing file /home/airflow/.local/lib/python3.12/site-packages/airflow/example_dags/example_subdag_operator.py for tasks to queue
[2024-11-05T10:41:43.632+0000] {logging_mixin.py:190} INFO - [2024-11-05T10:41:43.632+0000] {dagbag.py:588} INFO - Filling up the DagBag from /home/airflow/.local/lib/python3.12/site-packages/airflow/example_dags/example_subdag_operator.py
[2024-11-05T10:41:43.669+0000] {processor.py:925} INFO - DAG(s) 'example_subdag_operator.section-1', 'example_subdag_operator.section-2', 'example_subdag_operator' retrieved from /home/airflow/.local/lib/python3.12/site-packages/airflow/example_dags/example_subdag_operator.py
[2024-11-05T10:41:43.689+0000] {logging_mixin.py:190} INFO - [2024-11-05T10:41:43.689+0000] {dag.py:3239} INFO - Sync 3 DAGs
[2024-11-05T10:41:43.716+0000] {logging_mixin.py:190} INFO - [2024-11-05T10:41:43.716+0000] {dag.py:4180} INFO - Setting next_dagrun for example_subdag_operator to 2022-01-01 00:00:00+00:00, run_after=2022-01-01 00:00:00+00:00
[2024-11-05T10:41:43.721+0000] {logging_mixin.py:190} INFO - [2024-11-05T10:41:43.721+0000] {dag.py:4180} INFO - Setting next_dagrun for example_subdag_operator.section-1 to None, run_after=None
[2024-11-05T10:41:43.723+0000] {logging_mixin.py:190} INFO - [2024-11-05T10:41:43.723+0000] {dag.py:4180} INFO - Setting next_dagrun for example_subdag_operator.section-2 to None, run_after=None
[2024-11-05T10:41:43.733+0000] {logging_mixin.py:190} INFO - [2024-11-05T10:41:43.733+0000] {dag.py:3239} INFO - Sync 2 DAGs
[2024-11-05T10:41:43.740+0000] {logging_mixin.py:190} INFO - [2024-11-05T10:41:43.740+0000] {dag.py:4180} INFO - Setting next_dagrun for example_subdag_operator.section-1 to None, run_after=None
[2024-11-05T10:41:43.741+0000] {logging_mixin.py:190} INFO - [2024-11-05T10:41:43.741+0000] {dag.py:4180} INFO - Setting next_dagrun for example_subdag_operator.section-2 to None, run_after=None
[2024-11-05T10:41:43.756+0000] {processor.py:208} INFO - Processing /home/airflow/.local/lib/python3.12/site-packages/airflow/example_dags/example_subdag_operator.py took 0.137 seconds
[2024-11-05T10:42:14.330+0000] {processor.py:186} INFO - Started process (PID=720) to work on /home/airflow/.local/lib/python3.12/site-packages/airflow/example_dags/example_subdag_operator.py
[2024-11-05T10:42:14.331+0000] {processor.py:914} INFO - Processing file /home/airflow/.local/lib/python3.12/site-packages/airflow/example_dags/example_subdag_operator.py for tasks to queue
[2024-11-05T10:42:14.333+0000] {logging_mixin.py:190} INFO - [2024-11-05T10:42:14.333+0000] {dagbag.py:588} INFO - Filling up the DagBag from /home/airflow/.local/lib/python3.12/site-packages/airflow/example_dags/example_subdag_operator.py
[2024-11-05T10:42:14.362+0000] {processor.py:925} INFO - DAG(s) 'example_subdag_operator.section-1', 'example_subdag_operator.section-2', 'example_subdag_operator' retrieved from /home/airflow/.local/lib/python3.12/site-packages/airflow/example_dags/example_subdag_operator.py
[2024-11-05T10:42:14.383+0000] {logging_mixin.py:190} INFO - [2024-11-05T10:42:14.382+0000] {dag.py:3239} INFO - Sync 3 DAGs
[2024-11-05T10:42:14.410+0000] {logging_mixin.py:190} INFO - [2024-11-05T10:42:14.409+0000] {dag.py:4180} INFO - Setting next_dagrun for example_subdag_operator to 2022-01-01 00:00:00+00:00, run_after=2022-01-01 00:00:00+00:00
[2024-11-05T10:42:14.414+0000] {logging_mixin.py:190} INFO - [2024-11-05T10:42:14.414+0000] {dag.py:4180} INFO - Setting next_dagrun for example_subdag_operator.section-1 to None, run_after=None
[2024-11-05T10:42:14.416+0000] {logging_mixin.py:190} INFO - [2024-11-05T10:42:14.416+0000] {dag.py:4180} INFO - Setting next_dagrun for example_subdag_operator.section-2 to None, run_after=None
[2024-11-05T10:42:14.429+0000] {logging_mixin.py:190} INFO - [2024-11-05T10:42:14.429+0000] {dag.py:3239} INFO - Sync 2 DAGs
[2024-11-05T10:42:14.445+0000] {logging_mixin.py:190} INFO - [2024-11-05T10:42:14.444+0000] {dag.py:4180} INFO - Setting next_dagrun for example_subdag_operator.section-1 to None, run_after=None
[2024-11-05T10:42:14.446+0000] {logging_mixin.py:190} INFO - [2024-11-05T10:42:14.445+0000] {dag.py:4180} INFO - Setting next_dagrun for example_subdag_operator.section-2 to None, run_after=None
[2024-11-05T10:42:14.472+0000] {processor.py:208} INFO - Processing /home/airflow/.local/lib/python3.12/site-packages/airflow/example_dags/example_subdag_operator.py took 0.148 seconds
[2024-11-05T10:42:44.703+0000] {processor.py:186} INFO - Started process (PID=782) to work on /home/airflow/.local/lib/python3.12/site-packages/airflow/example_dags/example_subdag_operator.py
[2024-11-05T10:42:44.704+0000] {processor.py:914} INFO - Processing file /home/airflow/.local/lib/python3.12/site-packages/airflow/example_dags/example_subdag_operator.py for tasks to queue
[2024-11-05T10:42:44.706+0000] {logging_mixin.py:190} INFO - [2024-11-05T10:42:44.706+0000] {dagbag.py:588} INFO - Filling up the DagBag from /home/airflow/.local/lib/python3.12/site-packages/airflow/example_dags/example_subdag_operator.py
[2024-11-05T10:42:44.739+0000] {processor.py:925} INFO - DAG(s) 'example_subdag_operator.section-1', 'example_subdag_operator.section-2', 'example_subdag_operator' retrieved from /home/airflow/.local/lib/python3.12/site-packages/airflow/example_dags/example_subdag_operator.py
[2024-11-05T10:42:44.755+0000] {logging_mixin.py:190} INFO - [2024-11-05T10:42:44.755+0000] {dag.py:3239} INFO - Sync 3 DAGs
[2024-11-05T10:42:44.781+0000] {logging_mixin.py:190} INFO - [2024-11-05T10:42:44.781+0000] {dag.py:4180} INFO - Setting next_dagrun for example_subdag_operator to 2022-01-01 00:00:00+00:00, run_after=2022-01-01 00:00:00+00:00
[2024-11-05T10:42:44.786+0000] {logging_mixin.py:190} INFO - [2024-11-05T10:42:44.786+0000] {dag.py:4180} INFO - Setting next_dagrun for example_subdag_operator.section-1 to None, run_after=None
[2024-11-05T10:42:44.787+0000] {logging_mixin.py:190} INFO - [2024-11-05T10:42:44.787+0000] {dag.py:4180} INFO - Setting next_dagrun for example_subdag_operator.section-2 to None, run_after=None
[2024-11-05T10:42:44.795+0000] {logging_mixin.py:190} INFO - [2024-11-05T10:42:44.795+0000] {dag.py:3239} INFO - Sync 2 DAGs
[2024-11-05T10:42:44.801+0000] {logging_mixin.py:190} INFO - [2024-11-05T10:42:44.801+0000] {dag.py:4180} INFO - Setting next_dagrun for example_subdag_operator.section-1 to None, run_after=None
[2024-11-05T10:42:44.802+0000] {logging_mixin.py:190} INFO - [2024-11-05T10:42:44.801+0000] {dag.py:4180} INFO - Setting next_dagrun for example_subdag_operator.section-2 to None, run_after=None
[2024-11-05T10:42:44.814+0000] {processor.py:208} INFO - Processing /home/airflow/.local/lib/python3.12/site-packages/airflow/example_dags/example_subdag_operator.py took 0.117 seconds
[2024-11-05T10:43:15.617+0000] {processor.py:186} INFO - Started process (PID=845) to work on /home/airflow/.local/lib/python3.12/site-packages/airflow/example_dags/example_subdag_operator.py
[2024-11-05T10:43:15.618+0000] {processor.py:914} INFO - Processing file /home/airflow/.local/lib/python3.12/site-packages/airflow/example_dags/example_subdag_operator.py for tasks to queue
[2024-11-05T10:43:15.621+0000] {logging_mixin.py:190} INFO - [2024-11-05T10:43:15.621+0000] {dagbag.py:588} INFO - Filling up the DagBag from /home/airflow/.local/lib/python3.12/site-packages/airflow/example_dags/example_subdag_operator.py
[2024-11-05T10:43:15.650+0000] {processor.py:925} INFO - DAG(s) 'example_subdag_operator.section-1', 'example_subdag_operator.section-2', 'example_subdag_operator' retrieved from /home/airflow/.local/lib/python3.12/site-packages/airflow/example_dags/example_subdag_operator.py
[2024-11-05T10:43:15.669+0000] {logging_mixin.py:190} INFO - [2024-11-05T10:43:15.668+0000] {dag.py:3239} INFO - Sync 3 DAGs
[2024-11-05T10:43:15.699+0000] {logging_mixin.py:190} INFO - [2024-11-05T10:43:15.698+0000] {dag.py:4180} INFO - Setting next_dagrun for example_subdag_operator to 2022-01-01 00:00:00+00:00, run_after=2022-01-01 00:00:00+00:00
[2024-11-05T10:43:15.703+0000] {logging_mixin.py:190} INFO - [2024-11-05T10:43:15.703+0000] {dag.py:4180} INFO - Setting next_dagrun for example_subdag_operator.section-1 to None, run_after=None
[2024-11-05T10:43:15.705+0000] {logging_mixin.py:190} INFO - [2024-11-05T10:43:15.705+0000] {dag.py:4180} INFO - Setting next_dagrun for example_subdag_operator.section-2 to None, run_after=None
[2024-11-05T10:43:15.714+0000] {logging_mixin.py:190} INFO - [2024-11-05T10:43:15.714+0000] {dag.py:3239} INFO - Sync 2 DAGs
[2024-11-05T10:43:15.721+0000] {logging_mixin.py:190} INFO - [2024-11-05T10:43:15.721+0000] {dag.py:4180} INFO - Setting next_dagrun for example_subdag_operator.section-1 to None, run_after=None
[2024-11-05T10:43:15.721+0000] {logging_mixin.py:190} INFO - [2024-11-05T10:43:15.721+0000] {dag.py:4180} INFO - Setting next_dagrun for example_subdag_operator.section-2 to None, run_after=None
[2024-11-05T10:43:15.735+0000] {processor.py:208} INFO - Processing /home/airflow/.local/lib/python3.12/site-packages/airflow/example_dags/example_subdag_operator.py took 0.124 seconds
[2024-11-05T10:43:46.126+0000] {processor.py:186} INFO - Started process (PID=909) to work on /home/airflow/.local/lib/python3.12/site-packages/airflow/example_dags/example_subdag_operator.py
[2024-11-05T10:43:46.128+0000] {processor.py:914} INFO - Processing file /home/airflow/.local/lib/python3.12/site-packages/airflow/example_dags/example_subdag_operator.py for tasks to queue
[2024-11-05T10:43:46.131+0000] {logging_mixin.py:190} INFO - [2024-11-05T10:43:46.131+0000] {dagbag.py:588} INFO - Filling up the DagBag from /home/airflow/.local/lib/python3.12/site-packages/airflow/example_dags/example_subdag_operator.py
[2024-11-05T10:43:46.172+0000] {processor.py:925} INFO - DAG(s) 'example_subdag_operator.section-1', 'example_subdag_operator.section-2', 'example_subdag_operator' retrieved from /home/airflow/.local/lib/python3.12/site-packages/airflow/example_dags/example_subdag_operator.py
[2024-11-05T10:43:46.202+0000] {logging_mixin.py:190} INFO - [2024-11-05T10:43:46.201+0000] {dag.py:3239} INFO - Sync 3 DAGs
[2024-11-05T10:43:46.269+0000] {logging_mixin.py:190} INFO - [2024-11-05T10:43:46.268+0000] {dag.py:4180} INFO - Setting next_dagrun for example_subdag_operator to 2022-01-01 00:00:00+00:00, run_after=2022-01-01 00:00:00+00:00
[2024-11-05T10:43:46.276+0000] {logging_mixin.py:190} INFO - [2024-11-05T10:43:46.276+0000] {dag.py:4180} INFO - Setting next_dagrun for example_subdag_operator.section-1 to None, run_after=None
[2024-11-05T10:43:46.278+0000] {logging_mixin.py:190} INFO - [2024-11-05T10:43:46.278+0000] {dag.py:4180} INFO - Setting next_dagrun for example_subdag_operator.section-2 to None, run_after=None
[2024-11-05T10:43:46.290+0000] {logging_mixin.py:190} INFO - [2024-11-05T10:43:46.290+0000] {dag.py:3239} INFO - Sync 2 DAGs
[2024-11-05T10:43:46.299+0000] {logging_mixin.py:190} INFO - [2024-11-05T10:43:46.299+0000] {dag.py:4180} INFO - Setting next_dagrun for example_subdag_operator.section-1 to None, run_after=None
[2024-11-05T10:43:46.300+0000] {logging_mixin.py:190} INFO - [2024-11-05T10:43:46.300+0000] {dag.py:4180} INFO - Setting next_dagrun for example_subdag_operator.section-2 to None, run_after=None
[2024-11-05T10:43:46.317+0000] {processor.py:208} INFO - Processing /home/airflow/.local/lib/python3.12/site-packages/airflow/example_dags/example_subdag_operator.py took 0.200 seconds
[2024-11-05T10:44:16.547+0000] {processor.py:186} INFO - Started process (PID=973) to work on /home/airflow/.local/lib/python3.12/site-packages/airflow/example_dags/example_subdag_operator.py
[2024-11-05T10:44:16.548+0000] {processor.py:914} INFO - Processing file /home/airflow/.local/lib/python3.12/site-packages/airflow/example_dags/example_subdag_operator.py for tasks to queue
[2024-11-05T10:44:16.551+0000] {logging_mixin.py:190} INFO - [2024-11-05T10:44:16.550+0000] {dagbag.py:588} INFO - Filling up the DagBag from /home/airflow/.local/lib/python3.12/site-packages/airflow/example_dags/example_subdag_operator.py
[2024-11-05T10:44:16.580+0000] {processor.py:925} INFO - DAG(s) 'example_subdag_operator.section-1', 'example_subdag_operator.section-2', 'example_subdag_operator' retrieved from /home/airflow/.local/lib/python3.12/site-packages/airflow/example_dags/example_subdag_operator.py
[2024-11-05T10:44:16.598+0000] {logging_mixin.py:190} INFO - [2024-11-05T10:44:16.597+0000] {dag.py:3239} INFO - Sync 3 DAGs
[2024-11-05T10:44:16.630+0000] {logging_mixin.py:190} INFO - [2024-11-05T10:44:16.630+0000] {dag.py:4180} INFO - Setting next_dagrun for example_subdag_operator to 2022-01-01 00:00:00+00:00, run_after=2022-01-01 00:00:00+00:00
[2024-11-05T10:44:16.636+0000] {logging_mixin.py:190} INFO - [2024-11-05T10:44:16.636+0000] {dag.py:4180} INFO - Setting next_dagrun for example_subdag_operator.section-1 to None, run_after=None
[2024-11-05T10:44:16.639+0000] {logging_mixin.py:190} INFO - [2024-11-05T10:44:16.638+0000] {dag.py:4180} INFO - Setting next_dagrun for example_subdag_operator.section-2 to None, run_after=None
[2024-11-05T10:44:16.649+0000] {logging_mixin.py:190} INFO - [2024-11-05T10:44:16.649+0000] {dag.py:3239} INFO - Sync 2 DAGs
[2024-11-05T10:44:16.656+0000] {logging_mixin.py:190} INFO - [2024-11-05T10:44:16.656+0000] {dag.py:4180} INFO - Setting next_dagrun for example_subdag_operator.section-1 to None, run_after=None
[2024-11-05T10:44:16.657+0000] {logging_mixin.py:190} INFO - [2024-11-05T10:44:16.657+0000] {dag.py:4180} INFO - Setting next_dagrun for example_subdag_operator.section-2 to None, run_after=None
[2024-11-05T10:44:16.676+0000] {processor.py:208} INFO - Processing /home/airflow/.local/lib/python3.12/site-packages/airflow/example_dags/example_subdag_operator.py took 0.135 seconds
[2024-11-05T10:44:47.031+0000] {processor.py:186} INFO - Started process (PID=1036) to work on /home/airflow/.local/lib/python3.12/site-packages/airflow/example_dags/example_subdag_operator.py
[2024-11-05T10:44:47.032+0000] {processor.py:914} INFO - Processing file /home/airflow/.local/lib/python3.12/site-packages/airflow/example_dags/example_subdag_operator.py for tasks to queue
[2024-11-05T10:44:47.035+0000] {logging_mixin.py:190} INFO - [2024-11-05T10:44:47.034+0000] {dagbag.py:588} INFO - Filling up the DagBag from /home/airflow/.local/lib/python3.12/site-packages/airflow/example_dags/example_subdag_operator.py
[2024-11-05T10:44:47.064+0000] {processor.py:925} INFO - DAG(s) 'example_subdag_operator.section-1', 'example_subdag_operator.section-2', 'example_subdag_operator' retrieved from /home/airflow/.local/lib/python3.12/site-packages/airflow/example_dags/example_subdag_operator.py
[2024-11-05T10:44:47.085+0000] {logging_mixin.py:190} INFO - [2024-11-05T10:44:47.085+0000] {dag.py:3239} INFO - Sync 3 DAGs
[2024-11-05T10:44:47.116+0000] {logging_mixin.py:190} INFO - [2024-11-05T10:44:47.116+0000] {dag.py:4180} INFO - Setting next_dagrun for example_subdag_operator to 2022-01-01 00:00:00+00:00, run_after=2022-01-01 00:00:00+00:00
[2024-11-05T10:44:47.121+0000] {logging_mixin.py:190} INFO - [2024-11-05T10:44:47.121+0000] {dag.py:4180} INFO - Setting next_dagrun for example_subdag_operator.section-1 to None, run_after=None
[2024-11-05T10:44:47.122+0000] {logging_mixin.py:190} INFO - [2024-11-05T10:44:47.122+0000] {dag.py:4180} INFO - Setting next_dagrun for example_subdag_operator.section-2 to None, run_after=None
[2024-11-05T10:44:47.135+0000] {logging_mixin.py:190} INFO - [2024-11-05T10:44:47.135+0000] {dag.py:3239} INFO - Sync 2 DAGs
[2024-11-05T10:44:47.143+0000] {logging_mixin.py:190} INFO - [2024-11-05T10:44:47.143+0000] {dag.py:4180} INFO - Setting next_dagrun for example_subdag_operator.section-1 to None, run_after=None
[2024-11-05T10:44:47.144+0000] {logging_mixin.py:190} INFO - [2024-11-05T10:44:47.144+0000] {dag.py:4180} INFO - Setting next_dagrun for example_subdag_operator.section-2 to None, run_after=None
[2024-11-05T10:44:47.172+0000] {processor.py:208} INFO - Processing /home/airflow/.local/lib/python3.12/site-packages/airflow/example_dags/example_subdag_operator.py took 0.150 seconds
[2024-11-05T10:45:18.249+0000] {processor.py:186} INFO - Started process (PID=1099) to work on /home/airflow/.local/lib/python3.12/site-packages/airflow/example_dags/example_subdag_operator.py
[2024-11-05T10:45:18.251+0000] {processor.py:914} INFO - Processing file /home/airflow/.local/lib/python3.12/site-packages/airflow/example_dags/example_subdag_operator.py for tasks to queue
[2024-11-05T10:45:18.253+0000] {logging_mixin.py:190} INFO - [2024-11-05T10:45:18.253+0000] {dagbag.py:588} INFO - Filling up the DagBag from /home/airflow/.local/lib/python3.12/site-packages/airflow/example_dags/example_subdag_operator.py
[2024-11-05T10:45:18.285+0000] {processor.py:925} INFO - DAG(s) 'example_subdag_operator.section-1', 'example_subdag_operator.section-2', 'example_subdag_operator' retrieved from /home/airflow/.local/lib/python3.12/site-packages/airflow/example_dags/example_subdag_operator.py
[2024-11-05T10:45:18.303+0000] {logging_mixin.py:190} INFO - [2024-11-05T10:45:18.303+0000] {dag.py:3239} INFO - Sync 3 DAGs
[2024-11-05T10:45:18.335+0000] {logging_mixin.py:190} INFO - [2024-11-05T10:45:18.334+0000] {dag.py:4180} INFO - Setting next_dagrun for example_subdag_operator to 2022-01-01 00:00:00+00:00, run_after=2022-01-01 00:00:00+00:00
[2024-11-05T10:45:18.341+0000] {logging_mixin.py:190} INFO - [2024-11-05T10:45:18.341+0000] {dag.py:4180} INFO - Setting next_dagrun for example_subdag_operator.section-1 to None, run_after=None
[2024-11-05T10:45:18.343+0000] {logging_mixin.py:190} INFO - [2024-11-05T10:45:18.343+0000] {dag.py:4180} INFO - Setting next_dagrun for example_subdag_operator.section-2 to None, run_after=None
[2024-11-05T10:45:18.353+0000] {logging_mixin.py:190} INFO - [2024-11-05T10:45:18.353+0000] {dag.py:3239} INFO - Sync 2 DAGs
[2024-11-05T10:45:18.359+0000] {logging_mixin.py:190} INFO - [2024-11-05T10:45:18.359+0000] {dag.py:4180} INFO - Setting next_dagrun for example_subdag_operator.section-1 to None, run_after=None
[2024-11-05T10:45:18.360+0000] {logging_mixin.py:190} INFO - [2024-11-05T10:45:18.360+0000] {dag.py:4180} INFO - Setting next_dagrun for example_subdag_operator.section-2 to None, run_after=None
[2024-11-05T10:45:18.374+0000] {processor.py:208} INFO - Processing /home/airflow/.local/lib/python3.12/site-packages/airflow/example_dags/example_subdag_operator.py took 0.131 seconds
[2024-11-05T10:45:48.670+0000] {processor.py:186} INFO - Started process (PID=1162) to work on /home/airflow/.local/lib/python3.12/site-packages/airflow/example_dags/example_subdag_operator.py
[2024-11-05T10:45:48.671+0000] {processor.py:914} INFO - Processing file /home/airflow/.local/lib/python3.12/site-packages/airflow/example_dags/example_subdag_operator.py for tasks to queue
[2024-11-05T10:45:48.673+0000] {logging_mixin.py:190} INFO - [2024-11-05T10:45:48.673+0000] {dagbag.py:588} INFO - Filling up the DagBag from /home/airflow/.local/lib/python3.12/site-packages/airflow/example_dags/example_subdag_operator.py
[2024-11-05T10:45:48.702+0000] {processor.py:925} INFO - DAG(s) 'example_subdag_operator.section-1', 'example_subdag_operator.section-2', 'example_subdag_operator' retrieved from /home/airflow/.local/lib/python3.12/site-packages/airflow/example_dags/example_subdag_operator.py
[2024-11-05T10:45:48.722+0000] {logging_mixin.py:190} INFO - [2024-11-05T10:45:48.721+0000] {dag.py:3239} INFO - Sync 3 DAGs
[2024-11-05T10:45:48.747+0000] {logging_mixin.py:190} INFO - [2024-11-05T10:45:48.746+0000] {dag.py:4180} INFO - Setting next_dagrun for example_subdag_operator to 2022-01-01 00:00:00+00:00, run_after=2022-01-01 00:00:00+00:00
[2024-11-05T10:45:48.751+0000] {logging_mixin.py:190} INFO - [2024-11-05T10:45:48.751+0000] {dag.py:4180} INFO - Setting next_dagrun for example_subdag_operator.section-1 to None, run_after=None
[2024-11-05T10:45:48.753+0000] {logging_mixin.py:190} INFO - [2024-11-05T10:45:48.752+0000] {dag.py:4180} INFO - Setting next_dagrun for example_subdag_operator.section-2 to None, run_after=None
[2024-11-05T10:45:48.760+0000] {logging_mixin.py:190} INFO - [2024-11-05T10:45:48.760+0000] {dag.py:3239} INFO - Sync 2 DAGs
[2024-11-05T10:45:48.766+0000] {logging_mixin.py:190} INFO - [2024-11-05T10:45:48.766+0000] {dag.py:4180} INFO - Setting next_dagrun for example_subdag_operator.section-1 to None, run_after=None
[2024-11-05T10:45:48.767+0000] {logging_mixin.py:190} INFO - [2024-11-05T10:45:48.766+0000] {dag.py:4180} INFO - Setting next_dagrun for example_subdag_operator.section-2 to None, run_after=None
[2024-11-05T10:45:48.780+0000] {processor.py:208} INFO - Processing /home/airflow/.local/lib/python3.12/site-packages/airflow/example_dags/example_subdag_operator.py took 0.116 seconds
[2024-11-05T10:46:19.819+0000] {processor.py:186} INFO - Started process (PID=1225) to work on /home/airflow/.local/lib/python3.12/site-packages/airflow/example_dags/example_subdag_operator.py
[2024-11-05T10:46:19.821+0000] {processor.py:914} INFO - Processing file /home/airflow/.local/lib/python3.12/site-packages/airflow/example_dags/example_subdag_operator.py for tasks to queue
[2024-11-05T10:46:19.825+0000] {logging_mixin.py:190} INFO - [2024-11-05T10:46:19.825+0000] {dagbag.py:588} INFO - Filling up the DagBag from /home/airflow/.local/lib/python3.12/site-packages/airflow/example_dags/example_subdag_operator.py
[2024-11-05T10:46:19.867+0000] {processor.py:925} INFO - DAG(s) 'example_subdag_operator.section-1', 'example_subdag_operator.section-2', 'example_subdag_operator' retrieved from /home/airflow/.local/lib/python3.12/site-packages/airflow/example_dags/example_subdag_operator.py
[2024-11-05T10:46:19.897+0000] {logging_mixin.py:190} INFO - [2024-11-05T10:46:19.896+0000] {dag.py:3239} INFO - Sync 3 DAGs
[2024-11-05T10:46:19.945+0000] {logging_mixin.py:190} INFO - [2024-11-05T10:46:19.944+0000] {dag.py:4180} INFO - Setting next_dagrun for example_subdag_operator to 2022-01-01 00:00:00+00:00, run_after=2022-01-01 00:00:00+00:00
[2024-11-05T10:46:19.952+0000] {logging_mixin.py:190} INFO - [2024-11-05T10:46:19.952+0000] {dag.py:4180} INFO - Setting next_dagrun for example_subdag_operator.section-1 to None, run_after=None
[2024-11-05T10:46:19.956+0000] {logging_mixin.py:190} INFO - [2024-11-05T10:46:19.955+0000] {dag.py:4180} INFO - Setting next_dagrun for example_subdag_operator.section-2 to None, run_after=None
[2024-11-05T10:46:19.967+0000] {logging_mixin.py:190} INFO - [2024-11-05T10:46:19.966+0000] {dag.py:3239} INFO - Sync 2 DAGs
[2024-11-05T10:46:19.978+0000] {logging_mixin.py:190} INFO - [2024-11-05T10:46:19.977+0000] {dag.py:4180} INFO - Setting next_dagrun for example_subdag_operator.section-1 to None, run_after=None
[2024-11-05T10:46:19.978+0000] {logging_mixin.py:190} INFO - [2024-11-05T10:46:19.978+0000] {dag.py:4180} INFO - Setting next_dagrun for example_subdag_operator.section-2 to None, run_after=None
[2024-11-05T10:46:19.998+0000] {processor.py:208} INFO - Processing /home/airflow/.local/lib/python3.12/site-packages/airflow/example_dags/example_subdag_operator.py took 0.189 seconds
[2024-11-05T10:46:50.511+0000] {processor.py:186} INFO - Started process (PID=1287) to work on /home/airflow/.local/lib/python3.12/site-packages/airflow/example_dags/example_subdag_operator.py
[2024-11-05T10:46:50.512+0000] {processor.py:914} INFO - Processing file /home/airflow/.local/lib/python3.12/site-packages/airflow/example_dags/example_subdag_operator.py for tasks to queue
[2024-11-05T10:46:50.515+0000] {logging_mixin.py:190} INFO - [2024-11-05T10:46:50.515+0000] {dagbag.py:588} INFO - Filling up the DagBag from /home/airflow/.local/lib/python3.12/site-packages/airflow/example_dags/example_subdag_operator.py
[2024-11-05T10:46:50.548+0000] {processor.py:925} INFO - DAG(s) 'example_subdag_operator.section-1', 'example_subdag_operator.section-2', 'example_subdag_operator' retrieved from /home/airflow/.local/lib/python3.12/site-packages/airflow/example_dags/example_subdag_operator.py
[2024-11-05T10:46:50.568+0000] {logging_mixin.py:190} INFO - [2024-11-05T10:46:50.568+0000] {dag.py:3239} INFO - Sync 3 DAGs
[2024-11-05T10:46:50.597+0000] {logging_mixin.py:190} INFO - [2024-11-05T10:46:50.597+0000] {dag.py:4180} INFO - Setting next_dagrun for example_subdag_operator to 2022-01-01 00:00:00+00:00, run_after=2022-01-01 00:00:00+00:00
[2024-11-05T10:46:50.601+0000] {logging_mixin.py:190} INFO - [2024-11-05T10:46:50.601+0000] {dag.py:4180} INFO - Setting next_dagrun for example_subdag_operator.section-1 to None, run_after=None
[2024-11-05T10:46:50.603+0000] {logging_mixin.py:190} INFO - [2024-11-05T10:46:50.603+0000] {dag.py:4180} INFO - Setting next_dagrun for example_subdag_operator.section-2 to None, run_after=None
[2024-11-05T10:46:50.611+0000] {logging_mixin.py:190} INFO - [2024-11-05T10:46:50.611+0000] {dag.py:3239} INFO - Sync 2 DAGs
[2024-11-05T10:46:50.619+0000] {logging_mixin.py:190} INFO - [2024-11-05T10:46:50.619+0000] {dag.py:4180} INFO - Setting next_dagrun for example_subdag_operator.section-1 to None, run_after=None
[2024-11-05T10:46:50.620+0000] {logging_mixin.py:190} INFO - [2024-11-05T10:46:50.620+0000] {dag.py:4180} INFO - Setting next_dagrun for example_subdag_operator.section-2 to None, run_after=None
[2024-11-05T10:46:50.635+0000] {processor.py:208} INFO - Processing /home/airflow/.local/lib/python3.12/site-packages/airflow/example_dags/example_subdag_operator.py took 0.132 seconds
[2024-11-05T10:47:21.983+0000] {processor.py:186} INFO - Started process (PID=1350) to work on /home/airflow/.local/lib/python3.12/site-packages/airflow/example_dags/example_subdag_operator.py
[2024-11-05T10:47:21.986+0000] {processor.py:914} INFO - Processing file /home/airflow/.local/lib/python3.12/site-packages/airflow/example_dags/example_subdag_operator.py for tasks to queue
[2024-11-05T10:47:21.989+0000] {logging_mixin.py:190} INFO - [2024-11-05T10:47:21.989+0000] {dagbag.py:588} INFO - Filling up the DagBag from /home/airflow/.local/lib/python3.12/site-packages/airflow/example_dags/example_subdag_operator.py
[2024-11-05T10:47:22.054+0000] {processor.py:925} INFO - DAG(s) 'example_subdag_operator.section-1', 'example_subdag_operator.section-2', 'example_subdag_operator' retrieved from /home/airflow/.local/lib/python3.12/site-packages/airflow/example_dags/example_subdag_operator.py
[2024-11-05T10:47:22.093+0000] {logging_mixin.py:190} INFO - [2024-11-05T10:47:22.092+0000] {dag.py:3239} INFO - Sync 3 DAGs
[2024-11-05T10:47:22.141+0000] {logging_mixin.py:190} INFO - [2024-11-05T10:47:22.140+0000] {dag.py:4180} INFO - Setting next_dagrun for example_subdag_operator to 2022-01-01 00:00:00+00:00, run_after=2022-01-01 00:00:00+00:00
[2024-11-05T10:47:22.150+0000] {logging_mixin.py:190} INFO - [2024-11-05T10:47:22.149+0000] {dag.py:4180} INFO - Setting next_dagrun for example_subdag_operator.section-1 to None, run_after=None
[2024-11-05T10:47:22.152+0000] {logging_mixin.py:190} INFO - [2024-11-05T10:47:22.152+0000] {dag.py:4180} INFO - Setting next_dagrun for example_subdag_operator.section-2 to None, run_after=None
[2024-11-05T10:47:22.169+0000] {logging_mixin.py:190} INFO - [2024-11-05T10:47:22.169+0000] {dag.py:3239} INFO - Sync 2 DAGs
[2024-11-05T10:47:22.181+0000] {logging_mixin.py:190} INFO - [2024-11-05T10:47:22.180+0000] {dag.py:4180} INFO - Setting next_dagrun for example_subdag_operator.section-1 to None, run_after=None
[2024-11-05T10:47:22.181+0000] {logging_mixin.py:190} INFO - [2024-11-05T10:47:22.181+0000] {dag.py:4180} INFO - Setting next_dagrun for example_subdag_operator.section-2 to None, run_after=None
[2024-11-05T10:47:22.201+0000] {processor.py:208} INFO - Processing /home/airflow/.local/lib/python3.12/site-packages/airflow/example_dags/example_subdag_operator.py took 0.227 seconds
[2024-11-05T10:47:52.674+0000] {processor.py:186} INFO - Started process (PID=1413) to work on /home/airflow/.local/lib/python3.12/site-packages/airflow/example_dags/example_subdag_operator.py
[2024-11-05T10:47:52.675+0000] {processor.py:914} INFO - Processing file /home/airflow/.local/lib/python3.12/site-packages/airflow/example_dags/example_subdag_operator.py for tasks to queue
[2024-11-05T10:47:52.678+0000] {logging_mixin.py:190} INFO - [2024-11-05T10:47:52.677+0000] {dagbag.py:588} INFO - Filling up the DagBag from /home/airflow/.local/lib/python3.12/site-packages/airflow/example_dags/example_subdag_operator.py
[2024-11-05T10:47:52.703+0000] {processor.py:925} INFO - DAG(s) 'example_subdag_operator.section-1', 'example_subdag_operator.section-2', 'example_subdag_operator' retrieved from /home/airflow/.local/lib/python3.12/site-packages/airflow/example_dags/example_subdag_operator.py
[2024-11-05T10:47:52.719+0000] {logging_mixin.py:190} INFO - [2024-11-05T10:47:52.719+0000] {dag.py:3239} INFO - Sync 3 DAGs
[2024-11-05T10:47:52.744+0000] {logging_mixin.py:190} INFO - [2024-11-05T10:47:52.744+0000] {dag.py:4180} INFO - Setting next_dagrun for example_subdag_operator to 2022-01-01 00:00:00+00:00, run_after=2022-01-01 00:00:00+00:00
[2024-11-05T10:47:52.748+0000] {logging_mixin.py:190} INFO - [2024-11-05T10:47:52.748+0000] {dag.py:4180} INFO - Setting next_dagrun for example_subdag_operator.section-1 to None, run_after=None
[2024-11-05T10:47:52.750+0000] {logging_mixin.py:190} INFO - [2024-11-05T10:47:52.749+0000] {dag.py:4180} INFO - Setting next_dagrun for example_subdag_operator.section-2 to None, run_after=None
[2024-11-05T10:47:52.757+0000] {logging_mixin.py:190} INFO - [2024-11-05T10:47:52.757+0000] {dag.py:3239} INFO - Sync 2 DAGs
[2024-11-05T10:47:52.763+0000] {logging_mixin.py:190} INFO - [2024-11-05T10:47:52.763+0000] {dag.py:4180} INFO - Setting next_dagrun for example_subdag_operator.section-1 to None, run_after=None
[2024-11-05T10:47:52.763+0000] {logging_mixin.py:190} INFO - [2024-11-05T10:47:52.763+0000] {dag.py:4180} INFO - Setting next_dagrun for example_subdag_operator.section-2 to None, run_after=None
[2024-11-05T10:47:52.774+0000] {processor.py:208} INFO - Processing /home/airflow/.local/lib/python3.12/site-packages/airflow/example_dags/example_subdag_operator.py took 0.106 seconds
[2024-11-05T10:48:24.044+0000] {processor.py:186} INFO - Started process (PID=1475) to work on /home/airflow/.local/lib/python3.12/site-packages/airflow/example_dags/example_subdag_operator.py
[2024-11-05T10:48:24.047+0000] {processor.py:914} INFO - Processing file /home/airflow/.local/lib/python3.12/site-packages/airflow/example_dags/example_subdag_operator.py for tasks to queue
[2024-11-05T10:48:24.051+0000] {logging_mixin.py:190} INFO - [2024-11-05T10:48:24.051+0000] {dagbag.py:588} INFO - Filling up the DagBag from /home/airflow/.local/lib/python3.12/site-packages/airflow/example_dags/example_subdag_operator.py
[2024-11-05T10:48:24.090+0000] {processor.py:925} INFO - DAG(s) 'example_subdag_operator.section-1', 'example_subdag_operator.section-2', 'example_subdag_operator' retrieved from /home/airflow/.local/lib/python3.12/site-packages/airflow/example_dags/example_subdag_operator.py
[2024-11-05T10:48:24.118+0000] {logging_mixin.py:190} INFO - [2024-11-05T10:48:24.117+0000] {dag.py:3239} INFO - Sync 3 DAGs
[2024-11-05T10:48:24.163+0000] {logging_mixin.py:190} INFO - [2024-11-05T10:48:24.162+0000] {dag.py:4180} INFO - Setting next_dagrun for example_subdag_operator to 2022-01-01 00:00:00+00:00, run_after=2022-01-01 00:00:00+00:00
[2024-11-05T10:48:24.172+0000] {logging_mixin.py:190} INFO - [2024-11-05T10:48:24.172+0000] {dag.py:4180} INFO - Setting next_dagrun for example_subdag_operator.section-1 to None, run_after=None
[2024-11-05T10:48:24.176+0000] {logging_mixin.py:190} INFO - [2024-11-05T10:48:24.175+0000] {dag.py:4180} INFO - Setting next_dagrun for example_subdag_operator.section-2 to None, run_after=None
[2024-11-05T10:48:24.189+0000] {logging_mixin.py:190} INFO - [2024-11-05T10:48:24.189+0000] {dag.py:3239} INFO - Sync 2 DAGs
[2024-11-05T10:48:24.199+0000] {logging_mixin.py:190} INFO - [2024-11-05T10:48:24.199+0000] {dag.py:4180} INFO - Setting next_dagrun for example_subdag_operator.section-1 to None, run_after=None
[2024-11-05T10:48:24.200+0000] {logging_mixin.py:190} INFO - [2024-11-05T10:48:24.200+0000] {dag.py:4180} INFO - Setting next_dagrun for example_subdag_operator.section-2 to None, run_after=None
[2024-11-05T10:48:24.217+0000] {processor.py:208} INFO - Processing /home/airflow/.local/lib/python3.12/site-packages/airflow/example_dags/example_subdag_operator.py took 0.182 seconds
[2024-11-05T10:48:54.780+0000] {processor.py:186} INFO - Started process (PID=1538) to work on /home/airflow/.local/lib/python3.12/site-packages/airflow/example_dags/example_subdag_operator.py
[2024-11-05T10:48:54.781+0000] {processor.py:914} INFO - Processing file /home/airflow/.local/lib/python3.12/site-packages/airflow/example_dags/example_subdag_operator.py for tasks to queue
[2024-11-05T10:48:54.784+0000] {logging_mixin.py:190} INFO - [2024-11-05T10:48:54.783+0000] {dagbag.py:588} INFO - Filling up the DagBag from /home/airflow/.local/lib/python3.12/site-packages/airflow/example_dags/example_subdag_operator.py
[2024-11-05T10:48:54.823+0000] {processor.py:925} INFO - DAG(s) 'example_subdag_operator.section-1', 'example_subdag_operator.section-2', 'example_subdag_operator' retrieved from /home/airflow/.local/lib/python3.12/site-packages/airflow/example_dags/example_subdag_operator.py
[2024-11-05T10:48:54.851+0000] {logging_mixin.py:190} INFO - [2024-11-05T10:48:54.851+0000] {dag.py:3239} INFO - Sync 3 DAGs
[2024-11-05T10:48:54.892+0000] {logging_mixin.py:190} INFO - [2024-11-05T10:48:54.892+0000] {dag.py:4180} INFO - Setting next_dagrun for example_subdag_operator to 2022-01-01 00:00:00+00:00, run_after=2022-01-01 00:00:00+00:00
[2024-11-05T10:48:54.899+0000] {logging_mixin.py:190} INFO - [2024-11-05T10:48:54.898+0000] {dag.py:4180} INFO - Setting next_dagrun for example_subdag_operator.section-1 to None, run_after=None
[2024-11-05T10:48:54.902+0000] {logging_mixin.py:190} INFO - [2024-11-05T10:48:54.901+0000] {dag.py:4180} INFO - Setting next_dagrun for example_subdag_operator.section-2 to None, run_after=None
[2024-11-05T10:48:54.915+0000] {logging_mixin.py:190} INFO - [2024-11-05T10:48:54.915+0000] {dag.py:3239} INFO - Sync 2 DAGs
[2024-11-05T10:48:54.925+0000] {logging_mixin.py:190} INFO - [2024-11-05T10:48:54.925+0000] {dag.py:4180} INFO - Setting next_dagrun for example_subdag_operator.section-1 to None, run_after=None
[2024-11-05T10:48:54.926+0000] {logging_mixin.py:190} INFO - [2024-11-05T10:48:54.925+0000] {dag.py:4180} INFO - Setting next_dagrun for example_subdag_operator.section-2 to None, run_after=None
[2024-11-05T10:48:54.949+0000] {processor.py:208} INFO - Processing /home/airflow/.local/lib/python3.12/site-packages/airflow/example_dags/example_subdag_operator.py took 0.179 seconds
[2024-11-05T10:49:25.551+0000] {processor.py:186} INFO - Started process (PID=1600) to work on /home/airflow/.local/lib/python3.12/site-packages/airflow/example_dags/example_subdag_operator.py
[2024-11-05T10:49:25.553+0000] {processor.py:914} INFO - Processing file /home/airflow/.local/lib/python3.12/site-packages/airflow/example_dags/example_subdag_operator.py for tasks to queue
[2024-11-05T10:49:25.557+0000] {logging_mixin.py:190} INFO - [2024-11-05T10:49:25.556+0000] {dagbag.py:588} INFO - Filling up the DagBag from /home/airflow/.local/lib/python3.12/site-packages/airflow/example_dags/example_subdag_operator.py
[2024-11-05T10:49:25.601+0000] {processor.py:925} INFO - DAG(s) 'example_subdag_operator.section-1', 'example_subdag_operator.section-2', 'example_subdag_operator' retrieved from /home/airflow/.local/lib/python3.12/site-packages/airflow/example_dags/example_subdag_operator.py
[2024-11-05T10:49:25.637+0000] {logging_mixin.py:190} INFO - [2024-11-05T10:49:25.636+0000] {dag.py:3239} INFO - Sync 3 DAGs
[2024-11-05T10:49:25.686+0000] {logging_mixin.py:190} INFO - [2024-11-05T10:49:25.685+0000] {dag.py:4180} INFO - Setting next_dagrun for example_subdag_operator to 2022-01-01 00:00:00+00:00, run_after=2022-01-01 00:00:00+00:00
[2024-11-05T10:49:25.693+0000] {logging_mixin.py:190} INFO - [2024-11-05T10:49:25.693+0000] {dag.py:4180} INFO - Setting next_dagrun for example_subdag_operator.section-1 to None, run_after=None
[2024-11-05T10:49:25.696+0000] {logging_mixin.py:190} INFO - [2024-11-05T10:49:25.695+0000] {dag.py:4180} INFO - Setting next_dagrun for example_subdag_operator.section-2 to None, run_after=None
[2024-11-05T10:49:25.713+0000] {logging_mixin.py:190} INFO - [2024-11-05T10:49:25.713+0000] {dag.py:3239} INFO - Sync 2 DAGs
[2024-11-05T10:49:25.726+0000] {logging_mixin.py:190} INFO - [2024-11-05T10:49:25.725+0000] {dag.py:4180} INFO - Setting next_dagrun for example_subdag_operator.section-1 to None, run_after=None
[2024-11-05T10:49:25.727+0000] {logging_mixin.py:190} INFO - [2024-11-05T10:49:25.726+0000] {dag.py:4180} INFO - Setting next_dagrun for example_subdag_operator.section-2 to None, run_after=None
[2024-11-05T10:49:25.755+0000] {processor.py:208} INFO - Processing /home/airflow/.local/lib/python3.12/site-packages/airflow/example_dags/example_subdag_operator.py took 0.212 seconds
[2024-11-05T10:49:55.865+0000] {processor.py:186} INFO - Started process (PID=1663) to work on /home/airflow/.local/lib/python3.12/site-packages/airflow/example_dags/example_subdag_operator.py
[2024-11-05T10:49:55.866+0000] {processor.py:914} INFO - Processing file /home/airflow/.local/lib/python3.12/site-packages/airflow/example_dags/example_subdag_operator.py for tasks to queue
[2024-11-05T10:49:55.869+0000] {logging_mixin.py:190} INFO - [2024-11-05T10:49:55.868+0000] {dagbag.py:588} INFO - Filling up the DagBag from /home/airflow/.local/lib/python3.12/site-packages/airflow/example_dags/example_subdag_operator.py
[2024-11-05T10:49:55.899+0000] {processor.py:925} INFO - DAG(s) 'example_subdag_operator.section-1', 'example_subdag_operator.section-2', 'example_subdag_operator' retrieved from /home/airflow/.local/lib/python3.12/site-packages/airflow/example_dags/example_subdag_operator.py
[2024-11-05T10:49:55.920+0000] {logging_mixin.py:190} INFO - [2024-11-05T10:49:55.920+0000] {dag.py:3239} INFO - Sync 3 DAGs
[2024-11-05T10:49:55.947+0000] {logging_mixin.py:190} INFO - [2024-11-05T10:49:55.946+0000] {dag.py:4180} INFO - Setting next_dagrun for example_subdag_operator to 2022-01-01 00:00:00+00:00, run_after=2022-01-01 00:00:00+00:00
[2024-11-05T10:49:55.951+0000] {logging_mixin.py:190} INFO - [2024-11-05T10:49:55.951+0000] {dag.py:4180} INFO - Setting next_dagrun for example_subdag_operator.section-1 to None, run_after=None
[2024-11-05T10:49:55.953+0000] {logging_mixin.py:190} INFO - [2024-11-05T10:49:55.953+0000] {dag.py:4180} INFO - Setting next_dagrun for example_subdag_operator.section-2 to None, run_after=None
[2024-11-05T10:49:55.961+0000] {logging_mixin.py:190} INFO - [2024-11-05T10:49:55.960+0000] {dag.py:3239} INFO - Sync 2 DAGs
[2024-11-05T10:49:55.968+0000] {logging_mixin.py:190} INFO - [2024-11-05T10:49:55.968+0000] {dag.py:4180} INFO - Setting next_dagrun for example_subdag_operator.section-1 to None, run_after=None
[2024-11-05T10:49:55.968+0000] {logging_mixin.py:190} INFO - [2024-11-05T10:49:55.968+0000] {dag.py:4180} INFO - Setting next_dagrun for example_subdag_operator.section-2 to None, run_after=None
[2024-11-05T10:49:55.981+0000] {processor.py:208} INFO - Processing /home/airflow/.local/lib/python3.12/site-packages/airflow/example_dags/example_subdag_operator.py took 0.126 seconds
[2024-11-05T10:50:26.090+0000] {processor.py:186} INFO - Started process (PID=1725) to work on /home/airflow/.local/lib/python3.12/site-packages/airflow/example_dags/example_subdag_operator.py
[2024-11-05T10:50:26.091+0000] {processor.py:914} INFO - Processing file /home/airflow/.local/lib/python3.12/site-packages/airflow/example_dags/example_subdag_operator.py for tasks to queue
[2024-11-05T10:50:26.095+0000] {logging_mixin.py:190} INFO - [2024-11-05T10:50:26.094+0000] {dagbag.py:588} INFO - Filling up the DagBag from /home/airflow/.local/lib/python3.12/site-packages/airflow/example_dags/example_subdag_operator.py
[2024-11-05T10:50:26.130+0000] {processor.py:925} INFO - DAG(s) 'example_subdag_operator.section-1', 'example_subdag_operator.section-2', 'example_subdag_operator' retrieved from /home/airflow/.local/lib/python3.12/site-packages/airflow/example_dags/example_subdag_operator.py
[2024-11-05T10:50:26.158+0000] {logging_mixin.py:190} INFO - [2024-11-05T10:50:26.158+0000] {dag.py:3239} INFO - Sync 3 DAGs
[2024-11-05T10:50:26.210+0000] {logging_mixin.py:190} INFO - [2024-11-05T10:50:26.209+0000] {dag.py:4180} INFO - Setting next_dagrun for example_subdag_operator to 2022-01-01 00:00:00+00:00, run_after=2022-01-01 00:00:00+00:00
[2024-11-05T10:50:26.217+0000] {logging_mixin.py:190} INFO - [2024-11-05T10:50:26.217+0000] {dag.py:4180} INFO - Setting next_dagrun for example_subdag_operator.section-1 to None, run_after=None
[2024-11-05T10:50:26.220+0000] {logging_mixin.py:190} INFO - [2024-11-05T10:50:26.219+0000] {dag.py:4180} INFO - Setting next_dagrun for example_subdag_operator.section-2 to None, run_after=None
[2024-11-05T10:50:26.231+0000] {logging_mixin.py:190} INFO - [2024-11-05T10:50:26.231+0000] {dag.py:3239} INFO - Sync 2 DAGs
[2024-11-05T10:50:26.238+0000] {logging_mixin.py:190} INFO - [2024-11-05T10:50:26.238+0000] {dag.py:4180} INFO - Setting next_dagrun for example_subdag_operator.section-1 to None, run_after=None
[2024-11-05T10:50:26.238+0000] {logging_mixin.py:190} INFO - [2024-11-05T10:50:26.238+0000] {dag.py:4180} INFO - Setting next_dagrun for example_subdag_operator.section-2 to None, run_after=None
[2024-11-05T10:50:26.251+0000] {processor.py:208} INFO - Processing /home/airflow/.local/lib/python3.12/site-packages/airflow/example_dags/example_subdag_operator.py took 0.168 seconds
[2024-11-05T10:50:56.319+0000] {processor.py:186} INFO - Started process (PID=1787) to work on /home/airflow/.local/lib/python3.12/site-packages/airflow/example_dags/example_subdag_operator.py
[2024-11-05T10:50:56.320+0000] {processor.py:914} INFO - Processing file /home/airflow/.local/lib/python3.12/site-packages/airflow/example_dags/example_subdag_operator.py for tasks to queue
[2024-11-05T10:50:56.322+0000] {logging_mixin.py:190} INFO - [2024-11-05T10:50:56.322+0000] {dagbag.py:588} INFO - Filling up the DagBag from /home/airflow/.local/lib/python3.12/site-packages/airflow/example_dags/example_subdag_operator.py
[2024-11-05T10:50:56.350+0000] {processor.py:925} INFO - DAG(s) 'example_subdag_operator.section-1', 'example_subdag_operator.section-2', 'example_subdag_operator' retrieved from /home/airflow/.local/lib/python3.12/site-packages/airflow/example_dags/example_subdag_operator.py
[2024-11-05T10:50:56.367+0000] {logging_mixin.py:190} INFO - [2024-11-05T10:50:56.367+0000] {dag.py:3239} INFO - Sync 3 DAGs
[2024-11-05T10:50:56.390+0000] {logging_mixin.py:190} INFO - [2024-11-05T10:50:56.390+0000] {dag.py:4180} INFO - Setting next_dagrun for example_subdag_operator to 2022-01-01 00:00:00+00:00, run_after=2022-01-01 00:00:00+00:00
[2024-11-05T10:50:56.394+0000] {logging_mixin.py:190} INFO - [2024-11-05T10:50:56.394+0000] {dag.py:4180} INFO - Setting next_dagrun for example_subdag_operator.section-1 to None, run_after=None
[2024-11-05T10:50:56.396+0000] {logging_mixin.py:190} INFO - [2024-11-05T10:50:56.395+0000] {dag.py:4180} INFO - Setting next_dagrun for example_subdag_operator.section-2 to None, run_after=None
[2024-11-05T10:50:56.403+0000] {logging_mixin.py:190} INFO - [2024-11-05T10:50:56.402+0000] {dag.py:3239} INFO - Sync 2 DAGs
[2024-11-05T10:50:56.408+0000] {logging_mixin.py:190} INFO - [2024-11-05T10:50:56.408+0000] {dag.py:4180} INFO - Setting next_dagrun for example_subdag_operator.section-1 to None, run_after=None
[2024-11-05T10:50:56.409+0000] {logging_mixin.py:190} INFO - [2024-11-05T10:50:56.408+0000] {dag.py:4180} INFO - Setting next_dagrun for example_subdag_operator.section-2 to None, run_after=None
[2024-11-05T10:50:56.419+0000] {processor.py:208} INFO - Processing /home/airflow/.local/lib/python3.12/site-packages/airflow/example_dags/example_subdag_operator.py took 0.107 seconds
[2024-11-05T10:51:27.585+0000] {processor.py:186} INFO - Started process (PID=1850) to work on /home/airflow/.local/lib/python3.12/site-packages/airflow/example_dags/example_subdag_operator.py
[2024-11-05T10:51:27.586+0000] {processor.py:914} INFO - Processing file /home/airflow/.local/lib/python3.12/site-packages/airflow/example_dags/example_subdag_operator.py for tasks to queue
[2024-11-05T10:51:27.589+0000] {logging_mixin.py:190} INFO - [2024-11-05T10:51:27.589+0000] {dagbag.py:588} INFO - Filling up the DagBag from /home/airflow/.local/lib/python3.12/site-packages/airflow/example_dags/example_subdag_operator.py
[2024-11-05T10:51:27.623+0000] {processor.py:925} INFO - DAG(s) 'example_subdag_operator.section-1', 'example_subdag_operator.section-2', 'example_subdag_operator' retrieved from /home/airflow/.local/lib/python3.12/site-packages/airflow/example_dags/example_subdag_operator.py
[2024-11-05T10:51:27.643+0000] {logging_mixin.py:190} INFO - [2024-11-05T10:51:27.643+0000] {dag.py:3239} INFO - Sync 3 DAGs
[2024-11-05T10:51:27.668+0000] {logging_mixin.py:190} INFO - [2024-11-05T10:51:27.668+0000] {dag.py:4180} INFO - Setting next_dagrun for example_subdag_operator to 2022-01-01 00:00:00+00:00, run_after=2022-01-01 00:00:00+00:00
[2024-11-05T10:51:27.673+0000] {logging_mixin.py:190} INFO - [2024-11-05T10:51:27.672+0000] {dag.py:4180} INFO - Setting next_dagrun for example_subdag_operator.section-1 to None, run_after=None
[2024-11-05T10:51:27.674+0000] {logging_mixin.py:190} INFO - [2024-11-05T10:51:27.674+0000] {dag.py:4180} INFO - Setting next_dagrun for example_subdag_operator.section-2 to None, run_after=None
[2024-11-05T10:51:27.683+0000] {logging_mixin.py:190} INFO - [2024-11-05T10:51:27.682+0000] {dag.py:3239} INFO - Sync 2 DAGs
[2024-11-05T10:51:27.689+0000] {logging_mixin.py:190} INFO - [2024-11-05T10:51:27.689+0000] {dag.py:4180} INFO - Setting next_dagrun for example_subdag_operator.section-1 to None, run_after=None
[2024-11-05T10:51:27.690+0000] {logging_mixin.py:190} INFO - [2024-11-05T10:51:27.689+0000] {dag.py:4180} INFO - Setting next_dagrun for example_subdag_operator.section-2 to None, run_after=None
[2024-11-05T10:51:27.702+0000] {processor.py:208} INFO - Processing /home/airflow/.local/lib/python3.12/site-packages/airflow/example_dags/example_subdag_operator.py took 0.126 seconds
[2024-11-05T10:51:58.277+0000] {processor.py:186} INFO - Started process (PID=1913) to work on /home/airflow/.local/lib/python3.12/site-packages/airflow/example_dags/example_subdag_operator.py
[2024-11-05T10:51:58.280+0000] {processor.py:914} INFO - Processing file /home/airflow/.local/lib/python3.12/site-packages/airflow/example_dags/example_subdag_operator.py for tasks to queue
[2024-11-05T10:51:58.284+0000] {logging_mixin.py:190} INFO - [2024-11-05T10:51:58.284+0000] {dagbag.py:588} INFO - Filling up the DagBag from /home/airflow/.local/lib/python3.12/site-packages/airflow/example_dags/example_subdag_operator.py
[2024-11-05T10:51:58.349+0000] {processor.py:925} INFO - DAG(s) 'example_subdag_operator.section-1', 'example_subdag_operator.section-2', 'example_subdag_operator' retrieved from /home/airflow/.local/lib/python3.12/site-packages/airflow/example_dags/example_subdag_operator.py
[2024-11-05T10:51:58.386+0000] {logging_mixin.py:190} INFO - [2024-11-05T10:51:58.386+0000] {dag.py:3239} INFO - Sync 3 DAGs
[2024-11-05T10:51:58.450+0000] {logging_mixin.py:190} INFO - [2024-11-05T10:51:58.449+0000] {dag.py:4180} INFO - Setting next_dagrun for example_subdag_operator to 2022-01-01 00:00:00+00:00, run_after=2022-01-01 00:00:00+00:00
[2024-11-05T10:51:58.456+0000] {logging_mixin.py:190} INFO - [2024-11-05T10:51:58.456+0000] {dag.py:4180} INFO - Setting next_dagrun for example_subdag_operator.section-1 to None, run_after=None
[2024-11-05T10:51:58.459+0000] {logging_mixin.py:190} INFO - [2024-11-05T10:51:58.459+0000] {dag.py:4180} INFO - Setting next_dagrun for example_subdag_operator.section-2 to None, run_after=None
[2024-11-05T10:51:58.475+0000] {logging_mixin.py:190} INFO - [2024-11-05T10:51:58.475+0000] {dag.py:3239} INFO - Sync 2 DAGs
[2024-11-05T10:51:58.490+0000] {logging_mixin.py:190} INFO - [2024-11-05T10:51:58.490+0000] {dag.py:4180} INFO - Setting next_dagrun for example_subdag_operator.section-1 to None, run_after=None
[2024-11-05T10:51:58.491+0000] {logging_mixin.py:190} INFO - [2024-11-05T10:51:58.491+0000] {dag.py:4180} INFO - Setting next_dagrun for example_subdag_operator.section-2 to None, run_after=None
[2024-11-05T10:51:58.538+0000] {processor.py:208} INFO - Processing /home/airflow/.local/lib/python3.12/site-packages/airflow/example_dags/example_subdag_operator.py took 0.283 seconds
[2024-11-05T10:52:29.130+0000] {processor.py:186} INFO - Started process (PID=1977) to work on /home/airflow/.local/lib/python3.12/site-packages/airflow/example_dags/example_subdag_operator.py
[2024-11-05T10:52:29.132+0000] {processor.py:914} INFO - Processing file /home/airflow/.local/lib/python3.12/site-packages/airflow/example_dags/example_subdag_operator.py for tasks to queue
[2024-11-05T10:52:29.141+0000] {logging_mixin.py:190} INFO - [2024-11-05T10:52:29.140+0000] {dagbag.py:588} INFO - Filling up the DagBag from /home/airflow/.local/lib/python3.12/site-packages/airflow/example_dags/example_subdag_operator.py
[2024-11-05T10:52:29.216+0000] {processor.py:925} INFO - DAG(s) 'example_subdag_operator.section-1', 'example_subdag_operator.section-2', 'example_subdag_operator' retrieved from /home/airflow/.local/lib/python3.12/site-packages/airflow/example_dags/example_subdag_operator.py
[2024-11-05T10:52:29.256+0000] {logging_mixin.py:190} INFO - [2024-11-05T10:52:29.255+0000] {dag.py:3239} INFO - Sync 3 DAGs
[2024-11-05T10:52:29.311+0000] {logging_mixin.py:190} INFO - [2024-11-05T10:52:29.311+0000] {dag.py:4180} INFO - Setting next_dagrun for example_subdag_operator to 2022-01-01 00:00:00+00:00, run_after=2022-01-01 00:00:00+00:00
[2024-11-05T10:52:29.319+0000] {logging_mixin.py:190} INFO - [2024-11-05T10:52:29.319+0000] {dag.py:4180} INFO - Setting next_dagrun for example_subdag_operator.section-1 to None, run_after=None
[2024-11-05T10:52:29.323+0000] {logging_mixin.py:190} INFO - [2024-11-05T10:52:29.323+0000] {dag.py:4180} INFO - Setting next_dagrun for example_subdag_operator.section-2 to None, run_after=None
[2024-11-05T10:52:29.337+0000] {logging_mixin.py:190} INFO - [2024-11-05T10:52:29.336+0000] {dag.py:3239} INFO - Sync 2 DAGs
[2024-11-05T10:52:29.347+0000] {logging_mixin.py:190} INFO - [2024-11-05T10:52:29.347+0000] {dag.py:4180} INFO - Setting next_dagrun for example_subdag_operator.section-1 to None, run_after=None
[2024-11-05T10:52:29.349+0000] {logging_mixin.py:190} INFO - [2024-11-05T10:52:29.348+0000] {dag.py:4180} INFO - Setting next_dagrun for example_subdag_operator.section-2 to None, run_after=None
[2024-11-05T10:52:29.373+0000] {processor.py:208} INFO - Processing /home/airflow/.local/lib/python3.12/site-packages/airflow/example_dags/example_subdag_operator.py took 0.266 seconds
[2024-11-05T10:52:59.758+0000] {processor.py:186} INFO - Started process (PID=2040) to work on /home/airflow/.local/lib/python3.12/site-packages/airflow/example_dags/example_subdag_operator.py
[2024-11-05T10:52:59.760+0000] {processor.py:914} INFO - Processing file /home/airflow/.local/lib/python3.12/site-packages/airflow/example_dags/example_subdag_operator.py for tasks to queue
[2024-11-05T10:52:59.763+0000] {logging_mixin.py:190} INFO - [2024-11-05T10:52:59.762+0000] {dagbag.py:588} INFO - Filling up the DagBag from /home/airflow/.local/lib/python3.12/site-packages/airflow/example_dags/example_subdag_operator.py
[2024-11-05T10:52:59.795+0000] {processor.py:925} INFO - DAG(s) 'example_subdag_operator.section-1', 'example_subdag_operator.section-2', 'example_subdag_operator' retrieved from /home/airflow/.local/lib/python3.12/site-packages/airflow/example_dags/example_subdag_operator.py
[2024-11-05T10:52:59.814+0000] {logging_mixin.py:190} INFO - [2024-11-05T10:52:59.814+0000] {dag.py:3239} INFO - Sync 3 DAGs
[2024-11-05T10:52:59.842+0000] {logging_mixin.py:190} INFO - [2024-11-05T10:52:59.842+0000] {dag.py:4180} INFO - Setting next_dagrun for example_subdag_operator to 2022-01-01 00:00:00+00:00, run_after=2022-01-01 00:00:00+00:00
[2024-11-05T10:52:59.846+0000] {logging_mixin.py:190} INFO - [2024-11-05T10:52:59.846+0000] {dag.py:4180} INFO - Setting next_dagrun for example_subdag_operator.section-1 to None, run_after=None
[2024-11-05T10:52:59.848+0000] {logging_mixin.py:190} INFO - [2024-11-05T10:52:59.848+0000] {dag.py:4180} INFO - Setting next_dagrun for example_subdag_operator.section-2 to None, run_after=None
[2024-11-05T10:52:59.856+0000] {logging_mixin.py:190} INFO - [2024-11-05T10:52:59.856+0000] {dag.py:3239} INFO - Sync 2 DAGs
[2024-11-05T10:52:59.863+0000] {logging_mixin.py:190} INFO - [2024-11-05T10:52:59.863+0000] {dag.py:4180} INFO - Setting next_dagrun for example_subdag_operator.section-1 to None, run_after=None
[2024-11-05T10:52:59.863+0000] {logging_mixin.py:190} INFO - [2024-11-05T10:52:59.863+0000] {dag.py:4180} INFO - Setting next_dagrun for example_subdag_operator.section-2 to None, run_after=None
[2024-11-05T10:52:59.876+0000] {processor.py:208} INFO - Processing /home/airflow/.local/lib/python3.12/site-packages/airflow/example_dags/example_subdag_operator.py took 0.125 seconds
[2024-11-05T10:53:30.387+0000] {processor.py:186} INFO - Started process (PID=2103) to work on /home/airflow/.local/lib/python3.12/site-packages/airflow/example_dags/example_subdag_operator.py
[2024-11-05T10:53:30.388+0000] {processor.py:914} INFO - Processing file /home/airflow/.local/lib/python3.12/site-packages/airflow/example_dags/example_subdag_operator.py for tasks to queue
[2024-11-05T10:53:30.393+0000] {logging_mixin.py:190} INFO - [2024-11-05T10:53:30.392+0000] {dagbag.py:588} INFO - Filling up the DagBag from /home/airflow/.local/lib/python3.12/site-packages/airflow/example_dags/example_subdag_operator.py
[2024-11-05T10:53:30.468+0000] {processor.py:925} INFO - DAG(s) 'example_subdag_operator.section-1', 'example_subdag_operator.section-2', 'example_subdag_operator' retrieved from /home/airflow/.local/lib/python3.12/site-packages/airflow/example_dags/example_subdag_operator.py
[2024-11-05T10:53:30.498+0000] {logging_mixin.py:190} INFO - [2024-11-05T10:53:30.498+0000] {dag.py:3239} INFO - Sync 3 DAGs
[2024-11-05T10:53:30.540+0000] {logging_mixin.py:190} INFO - [2024-11-05T10:53:30.540+0000] {dag.py:4180} INFO - Setting next_dagrun for example_subdag_operator to 2022-01-01 00:00:00+00:00, run_after=2022-01-01 00:00:00+00:00
[2024-11-05T10:53:30.547+0000] {logging_mixin.py:190} INFO - [2024-11-05T10:53:30.546+0000] {dag.py:4180} INFO - Setting next_dagrun for example_subdag_operator.section-1 to None, run_after=None
[2024-11-05T10:53:30.550+0000] {logging_mixin.py:190} INFO - [2024-11-05T10:53:30.549+0000] {dag.py:4180} INFO - Setting next_dagrun for example_subdag_operator.section-2 to None, run_after=None
[2024-11-05T10:53:30.561+0000] {logging_mixin.py:190} INFO - [2024-11-05T10:53:30.561+0000] {dag.py:3239} INFO - Sync 2 DAGs
[2024-11-05T10:53:30.571+0000] {logging_mixin.py:190} INFO - [2024-11-05T10:53:30.571+0000] {dag.py:4180} INFO - Setting next_dagrun for example_subdag_operator.section-1 to None, run_after=None
[2024-11-05T10:53:30.572+0000] {logging_mixin.py:190} INFO - [2024-11-05T10:53:30.572+0000] {dag.py:4180} INFO - Setting next_dagrun for example_subdag_operator.section-2 to None, run_after=None
[2024-11-05T10:53:30.593+0000] {processor.py:208} INFO - Processing /home/airflow/.local/lib/python3.12/site-packages/airflow/example_dags/example_subdag_operator.py took 0.216 seconds
[2024-11-05T10:54:00.652+0000] {processor.py:186} INFO - Started process (PID=2166) to work on /home/airflow/.local/lib/python3.12/site-packages/airflow/example_dags/example_subdag_operator.py
[2024-11-05T10:54:00.653+0000] {processor.py:914} INFO - Processing file /home/airflow/.local/lib/python3.12/site-packages/airflow/example_dags/example_subdag_operator.py for tasks to queue
[2024-11-05T10:54:00.656+0000] {logging_mixin.py:190} INFO - [2024-11-05T10:54:00.656+0000] {dagbag.py:588} INFO - Filling up the DagBag from /home/airflow/.local/lib/python3.12/site-packages/airflow/example_dags/example_subdag_operator.py
[2024-11-05T10:54:00.704+0000] {processor.py:925} INFO - DAG(s) 'example_subdag_operator.section-1', 'example_subdag_operator.section-2', 'example_subdag_operator' retrieved from /home/airflow/.local/lib/python3.12/site-packages/airflow/example_dags/example_subdag_operator.py
[2024-11-05T10:54:00.736+0000] {logging_mixin.py:190} INFO - [2024-11-05T10:54:00.735+0000] {dag.py:3239} INFO - Sync 3 DAGs
[2024-11-05T10:54:00.802+0000] {logging_mixin.py:190} INFO - [2024-11-05T10:54:00.801+0000] {dag.py:4180} INFO - Setting next_dagrun for example_subdag_operator to 2022-01-01 00:00:00+00:00, run_after=2022-01-01 00:00:00+00:00
[2024-11-05T10:54:00.812+0000] {logging_mixin.py:190} INFO - [2024-11-05T10:54:00.812+0000] {dag.py:4180} INFO - Setting next_dagrun for example_subdag_operator.section-1 to None, run_after=None
[2024-11-05T10:54:00.815+0000] {logging_mixin.py:190} INFO - [2024-11-05T10:54:00.815+0000] {dag.py:4180} INFO - Setting next_dagrun for example_subdag_operator.section-2 to None, run_after=None
[2024-11-05T10:54:00.830+0000] {logging_mixin.py:190} INFO - [2024-11-05T10:54:00.829+0000] {dag.py:3239} INFO - Sync 2 DAGs
[2024-11-05T10:54:00.844+0000] {logging_mixin.py:190} INFO - [2024-11-05T10:54:00.843+0000] {dag.py:4180} INFO - Setting next_dagrun for example_subdag_operator.section-1 to None, run_after=None
[2024-11-05T10:54:00.845+0000] {logging_mixin.py:190} INFO - [2024-11-05T10:54:00.845+0000] {dag.py:4180} INFO - Setting next_dagrun for example_subdag_operator.section-2 to None, run_after=None
[2024-11-05T10:54:00.872+0000] {processor.py:208} INFO - Processing /home/airflow/.local/lib/python3.12/site-packages/airflow/example_dags/example_subdag_operator.py took 0.230 seconds
