[2024-11-05T10:37:10.775+0000] {processor.py:186} INFO - Started process (PID=96) to work on /home/airflow/.local/lib/python3.12/site-packages/airflow/example_dags/example_branch_operator.py
[2024-11-05T10:37:10.777+0000] {processor.py:914} INFO - Processing file /home/airflow/.local/lib/python3.12/site-packages/airflow/example_dags/example_branch_operator.py for tasks to queue
[2024-11-05T10:37:10.780+0000] {logging_mixin.py:190} INFO - [2024-11-05T10:37:10.779+0000] {dagbag.py:588} INFO - Filling up the DagBag from /home/airflow/.local/lib/python3.12/site-packages/airflow/example_dags/example_branch_operator.py
[2024-11-05T10:37:10.826+0000] {processor.py:925} INFO - DAG(s) 'example_branch_operator' retrieved from /home/airflow/.local/lib/python3.12/site-packages/airflow/example_dags/example_branch_operator.py
[2024-11-05T10:37:11.041+0000] {logging_mixin.py:190} INFO - [2024-11-05T10:37:11.040+0000] {override.py:1900} INFO - Created Permission View: can delete on DAG:example_branch_operator
[2024-11-05T10:37:11.056+0000] {logging_mixin.py:190} INFO - [2024-11-05T10:37:11.055+0000] {override.py:1900} INFO - Created Permission View: can read on DAG:example_branch_operator
[2024-11-05T10:37:11.066+0000] {logging_mixin.py:190} INFO - [2024-11-05T10:37:11.066+0000] {override.py:1900} INFO - Created Permission View: can edit on DAG:example_branch_operator
[2024-11-05T10:37:11.076+0000] {logging_mixin.py:190} INFO - [2024-11-05T10:37:11.076+0000] {override.py:1900} INFO - Created Permission View: can delete on DAG Run:example_branch_operator
[2024-11-05T10:37:11.086+0000] {logging_mixin.py:190} INFO - [2024-11-05T10:37:11.085+0000] {override.py:1900} INFO - Created Permission View: can create on DAG Run:example_branch_operator
[2024-11-05T10:37:11.096+0000] {logging_mixin.py:190} INFO - [2024-11-05T10:37:11.096+0000] {override.py:1900} INFO - Created Permission View: can read on DAG Run:example_branch_operator
[2024-11-05T10:37:11.108+0000] {logging_mixin.py:190} INFO - [2024-11-05T10:37:11.107+0000] {override.py:1900} INFO - Created Permission View: menu access on DAG Run:example_branch_operator
[2024-11-05T10:37:11.108+0000] {logging_mixin.py:190} INFO - [2024-11-05T10:37:11.108+0000] {dag.py:3239} INFO - Sync 1 DAGs
[2024-11-05T10:37:11.128+0000] {logging_mixin.py:190} INFO - [2024-11-05T10:37:11.128+0000] {dag.py:3262} INFO - Creating ORM DAG for example_branch_operator
[2024-11-05T10:37:11.145+0000] {logging_mixin.py:190} INFO - [2024-11-05T10:37:11.145+0000] {dag.py:4180} INFO - Setting next_dagrun for example_branch_operator to 2024-11-04 00:00:00+00:00, run_after=2024-11-05 00:00:00+00:00
[2024-11-05T10:37:11.177+0000] {processor.py:208} INFO - Processing /home/airflow/.local/lib/python3.12/site-packages/airflow/example_dags/example_branch_operator.py took 0.411 seconds
[2024-11-05T10:37:41.896+0000] {processor.py:186} INFO - Started process (PID=157) to work on /home/airflow/.local/lib/python3.12/site-packages/airflow/example_dags/example_branch_operator.py
[2024-11-05T10:37:41.904+0000] {processor.py:914} INFO - Processing file /home/airflow/.local/lib/python3.12/site-packages/airflow/example_dags/example_branch_operator.py for tasks to queue
[2024-11-05T10:37:41.907+0000] {logging_mixin.py:190} INFO - [2024-11-05T10:37:41.906+0000] {dagbag.py:588} INFO - Filling up the DagBag from /home/airflow/.local/lib/python3.12/site-packages/airflow/example_dags/example_branch_operator.py
[2024-11-05T10:37:41.934+0000] {processor.py:925} INFO - DAG(s) 'example_branch_operator' retrieved from /home/airflow/.local/lib/python3.12/site-packages/airflow/example_dags/example_branch_operator.py
[2024-11-05T10:37:41.963+0000] {logging_mixin.py:190} INFO - [2024-11-05T10:37:41.963+0000] {dag.py:3239} INFO - Sync 1 DAGs
[2024-11-05T10:37:41.988+0000] {logging_mixin.py:190} INFO - [2024-11-05T10:37:41.988+0000] {dag.py:4180} INFO - Setting next_dagrun for example_branch_operator to 2024-11-04 00:00:00+00:00, run_after=2024-11-05 00:00:00+00:00
[2024-11-05T10:37:42.012+0000] {processor.py:208} INFO - Processing /home/airflow/.local/lib/python3.12/site-packages/airflow/example_dags/example_branch_operator.py took 0.123 seconds
[2024-11-05T10:38:12.132+0000] {processor.py:186} INFO - Started process (PID=220) to work on /home/airflow/.local/lib/python3.12/site-packages/airflow/example_dags/example_branch_operator.py
[2024-11-05T10:38:12.133+0000] {processor.py:914} INFO - Processing file /home/airflow/.local/lib/python3.12/site-packages/airflow/example_dags/example_branch_operator.py for tasks to queue
[2024-11-05T10:38:12.135+0000] {logging_mixin.py:190} INFO - [2024-11-05T10:38:12.135+0000] {dagbag.py:588} INFO - Filling up the DagBag from /home/airflow/.local/lib/python3.12/site-packages/airflow/example_dags/example_branch_operator.py
[2024-11-05T10:38:12.164+0000] {processor.py:925} INFO - DAG(s) 'example_branch_operator' retrieved from /home/airflow/.local/lib/python3.12/site-packages/airflow/example_dags/example_branch_operator.py
[2024-11-05T10:38:12.191+0000] {logging_mixin.py:190} INFO - [2024-11-05T10:38:12.190+0000] {dag.py:3239} INFO - Sync 1 DAGs
[2024-11-05T10:38:12.217+0000] {logging_mixin.py:190} INFO - [2024-11-05T10:38:12.217+0000] {dag.py:4180} INFO - Setting next_dagrun for example_branch_operator to 2024-11-04 00:00:00+00:00, run_after=2024-11-05 00:00:00+00:00
[2024-11-05T10:38:12.236+0000] {processor.py:208} INFO - Processing /home/airflow/.local/lib/python3.12/site-packages/airflow/example_dags/example_branch_operator.py took 0.112 seconds
[2024-11-05T10:38:42.761+0000] {processor.py:186} INFO - Started process (PID=284) to work on /home/airflow/.local/lib/python3.12/site-packages/airflow/example_dags/example_branch_operator.py
[2024-11-05T10:38:42.762+0000] {processor.py:914} INFO - Processing file /home/airflow/.local/lib/python3.12/site-packages/airflow/example_dags/example_branch_operator.py for tasks to queue
[2024-11-05T10:38:42.765+0000] {logging_mixin.py:190} INFO - [2024-11-05T10:38:42.764+0000] {dagbag.py:588} INFO - Filling up the DagBag from /home/airflow/.local/lib/python3.12/site-packages/airflow/example_dags/example_branch_operator.py
[2024-11-05T10:38:42.806+0000] {processor.py:925} INFO - DAG(s) 'example_branch_operator' retrieved from /home/airflow/.local/lib/python3.12/site-packages/airflow/example_dags/example_branch_operator.py
[2024-11-05T10:38:42.844+0000] {logging_mixin.py:190} INFO - [2024-11-05T10:38:42.844+0000] {dag.py:3239} INFO - Sync 1 DAGs
[2024-11-05T10:38:42.883+0000] {logging_mixin.py:190} INFO - [2024-11-05T10:38:42.882+0000] {dag.py:4180} INFO - Setting next_dagrun for example_branch_operator to 2024-11-04 00:00:00+00:00, run_after=2024-11-05 00:00:00+00:00
[2024-11-05T10:38:42.911+0000] {processor.py:208} INFO - Processing /home/airflow/.local/lib/python3.12/site-packages/airflow/example_dags/example_branch_operator.py took 0.159 seconds
[2024-11-05T10:39:13.263+0000] {processor.py:186} INFO - Started process (PID=346) to work on /home/airflow/.local/lib/python3.12/site-packages/airflow/example_dags/example_branch_operator.py
[2024-11-05T10:39:13.273+0000] {processor.py:914} INFO - Processing file /home/airflow/.local/lib/python3.12/site-packages/airflow/example_dags/example_branch_operator.py for tasks to queue
[2024-11-05T10:39:13.286+0000] {logging_mixin.py:190} INFO - [2024-11-05T10:39:13.285+0000] {dagbag.py:588} INFO - Filling up the DagBag from /home/airflow/.local/lib/python3.12/site-packages/airflow/example_dags/example_branch_operator.py
[2024-11-05T10:39:13.347+0000] {processor.py:925} INFO - DAG(s) 'example_branch_operator' retrieved from /home/airflow/.local/lib/python3.12/site-packages/airflow/example_dags/example_branch_operator.py
[2024-11-05T10:39:13.396+0000] {logging_mixin.py:190} INFO - [2024-11-05T10:39:13.396+0000] {dag.py:3239} INFO - Sync 1 DAGs
[2024-11-05T10:39:13.440+0000] {logging_mixin.py:190} INFO - [2024-11-05T10:39:13.440+0000] {dag.py:4180} INFO - Setting next_dagrun for example_branch_operator to 2024-11-04 00:00:00+00:00, run_after=2024-11-05 00:00:00+00:00
[2024-11-05T10:39:13.469+0000] {processor.py:208} INFO - Processing /home/airflow/.local/lib/python3.12/site-packages/airflow/example_dags/example_branch_operator.py took 0.228 seconds
[2024-11-05T10:39:43.521+0000] {processor.py:186} INFO - Started process (PID=407) to work on /home/airflow/.local/lib/python3.12/site-packages/airflow/example_dags/example_branch_operator.py
[2024-11-05T10:39:43.522+0000] {processor.py:914} INFO - Processing file /home/airflow/.local/lib/python3.12/site-packages/airflow/example_dags/example_branch_operator.py for tasks to queue
[2024-11-05T10:39:43.524+0000] {logging_mixin.py:190} INFO - [2024-11-05T10:39:43.524+0000] {dagbag.py:588} INFO - Filling up the DagBag from /home/airflow/.local/lib/python3.12/site-packages/airflow/example_dags/example_branch_operator.py
[2024-11-05T10:39:43.549+0000] {processor.py:925} INFO - DAG(s) 'example_branch_operator' retrieved from /home/airflow/.local/lib/python3.12/site-packages/airflow/example_dags/example_branch_operator.py
[2024-11-05T10:39:43.576+0000] {logging_mixin.py:190} INFO - [2024-11-05T10:39:43.576+0000] {dag.py:3239} INFO - Sync 1 DAGs
[2024-11-05T10:39:43.600+0000] {logging_mixin.py:190} INFO - [2024-11-05T10:39:43.600+0000] {dag.py:4180} INFO - Setting next_dagrun for example_branch_operator to 2024-11-04 00:00:00+00:00, run_after=2024-11-05 00:00:00+00:00
[2024-11-05T10:39:43.618+0000] {processor.py:208} INFO - Processing /home/airflow/.local/lib/python3.12/site-packages/airflow/example_dags/example_branch_operator.py took 0.103 seconds
[2024-11-05T10:40:13.918+0000] {processor.py:186} INFO - Started process (PID=470) to work on /home/airflow/.local/lib/python3.12/site-packages/airflow/example_dags/example_branch_operator.py
[2024-11-05T10:40:13.919+0000] {processor.py:914} INFO - Processing file /home/airflow/.local/lib/python3.12/site-packages/airflow/example_dags/example_branch_operator.py for tasks to queue
[2024-11-05T10:40:13.922+0000] {logging_mixin.py:190} INFO - [2024-11-05T10:40:13.922+0000] {dagbag.py:588} INFO - Filling up the DagBag from /home/airflow/.local/lib/python3.12/site-packages/airflow/example_dags/example_branch_operator.py
[2024-11-05T10:40:13.948+0000] {processor.py:925} INFO - DAG(s) 'example_branch_operator' retrieved from /home/airflow/.local/lib/python3.12/site-packages/airflow/example_dags/example_branch_operator.py
[2024-11-05T10:40:13.975+0000] {logging_mixin.py:190} INFO - [2024-11-05T10:40:13.975+0000] {dag.py:3239} INFO - Sync 1 DAGs
[2024-11-05T10:40:14.001+0000] {logging_mixin.py:190} INFO - [2024-11-05T10:40:14.001+0000] {dag.py:4180} INFO - Setting next_dagrun for example_branch_operator to 2024-11-04 00:00:00+00:00, run_after=2024-11-05 00:00:00+00:00
[2024-11-05T10:40:14.020+0000] {processor.py:208} INFO - Processing /home/airflow/.local/lib/python3.12/site-packages/airflow/example_dags/example_branch_operator.py took 0.110 seconds
[2024-11-05T10:40:44.266+0000] {processor.py:186} INFO - Started process (PID=533) to work on /home/airflow/.local/lib/python3.12/site-packages/airflow/example_dags/example_branch_operator.py
[2024-11-05T10:40:44.267+0000] {processor.py:914} INFO - Processing file /home/airflow/.local/lib/python3.12/site-packages/airflow/example_dags/example_branch_operator.py for tasks to queue
[2024-11-05T10:40:44.269+0000] {logging_mixin.py:190} INFO - [2024-11-05T10:40:44.269+0000] {dagbag.py:588} INFO - Filling up the DagBag from /home/airflow/.local/lib/python3.12/site-packages/airflow/example_dags/example_branch_operator.py
[2024-11-05T10:40:44.296+0000] {processor.py:925} INFO - DAG(s) 'example_branch_operator' retrieved from /home/airflow/.local/lib/python3.12/site-packages/airflow/example_dags/example_branch_operator.py
[2024-11-05T10:40:44.322+0000] {logging_mixin.py:190} INFO - [2024-11-05T10:40:44.322+0000] {dag.py:3239} INFO - Sync 1 DAGs
[2024-11-05T10:40:44.347+0000] {logging_mixin.py:190} INFO - [2024-11-05T10:40:44.347+0000] {dag.py:4180} INFO - Setting next_dagrun for example_branch_operator to 2024-11-04 00:00:00+00:00, run_after=2024-11-05 00:00:00+00:00
[2024-11-05T10:40:44.365+0000] {processor.py:208} INFO - Processing /home/airflow/.local/lib/python3.12/site-packages/airflow/example_dags/example_branch_operator.py took 0.105 seconds
[2024-11-05T10:41:14.533+0000] {processor.py:186} INFO - Started process (PID=596) to work on /home/airflow/.local/lib/python3.12/site-packages/airflow/example_dags/example_branch_operator.py
[2024-11-05T10:41:14.536+0000] {processor.py:914} INFO - Processing file /home/airflow/.local/lib/python3.12/site-packages/airflow/example_dags/example_branch_operator.py for tasks to queue
[2024-11-05T10:41:14.538+0000] {logging_mixin.py:190} INFO - [2024-11-05T10:41:14.538+0000] {dagbag.py:588} INFO - Filling up the DagBag from /home/airflow/.local/lib/python3.12/site-packages/airflow/example_dags/example_branch_operator.py
[2024-11-05T10:41:14.565+0000] {processor.py:925} INFO - DAG(s) 'example_branch_operator' retrieved from /home/airflow/.local/lib/python3.12/site-packages/airflow/example_dags/example_branch_operator.py
[2024-11-05T10:41:14.598+0000] {logging_mixin.py:190} INFO - [2024-11-05T10:41:14.597+0000] {dag.py:3239} INFO - Sync 1 DAGs
[2024-11-05T10:41:14.622+0000] {logging_mixin.py:190} INFO - [2024-11-05T10:41:14.622+0000] {dag.py:4180} INFO - Setting next_dagrun for example_branch_operator to 2024-11-04 00:00:00+00:00, run_after=2024-11-05 00:00:00+00:00
[2024-11-05T10:41:14.641+0000] {processor.py:208} INFO - Processing /home/airflow/.local/lib/python3.12/site-packages/airflow/example_dags/example_branch_operator.py took 0.116 seconds
[2024-11-05T10:41:44.795+0000] {processor.py:186} INFO - Started process (PID=659) to work on /home/airflow/.local/lib/python3.12/site-packages/airflow/example_dags/example_branch_operator.py
[2024-11-05T10:41:44.796+0000] {processor.py:914} INFO - Processing file /home/airflow/.local/lib/python3.12/site-packages/airflow/example_dags/example_branch_operator.py for tasks to queue
[2024-11-05T10:41:44.798+0000] {logging_mixin.py:190} INFO - [2024-11-05T10:41:44.798+0000] {dagbag.py:588} INFO - Filling up the DagBag from /home/airflow/.local/lib/python3.12/site-packages/airflow/example_dags/example_branch_operator.py
[2024-11-05T10:41:44.823+0000] {processor.py:925} INFO - DAG(s) 'example_branch_operator' retrieved from /home/airflow/.local/lib/python3.12/site-packages/airflow/example_dags/example_branch_operator.py
[2024-11-05T10:41:44.849+0000] {logging_mixin.py:190} INFO - [2024-11-05T10:41:44.849+0000] {dag.py:3239} INFO - Sync 1 DAGs
[2024-11-05T10:41:44.874+0000] {logging_mixin.py:190} INFO - [2024-11-05T10:41:44.874+0000] {dag.py:4180} INFO - Setting next_dagrun for example_branch_operator to 2024-11-04 00:00:00+00:00, run_after=2024-11-05 00:00:00+00:00
[2024-11-05T10:41:44.893+0000] {processor.py:208} INFO - Processing /home/airflow/.local/lib/python3.12/site-packages/airflow/example_dags/example_branch_operator.py took 0.103 seconds
[2024-11-05T10:42:15.517+0000] {processor.py:186} INFO - Started process (PID=722) to work on /home/airflow/.local/lib/python3.12/site-packages/airflow/example_dags/example_branch_operator.py
[2024-11-05T10:42:15.518+0000] {processor.py:914} INFO - Processing file /home/airflow/.local/lib/python3.12/site-packages/airflow/example_dags/example_branch_operator.py for tasks to queue
[2024-11-05T10:42:15.520+0000] {logging_mixin.py:190} INFO - [2024-11-05T10:42:15.520+0000] {dagbag.py:588} INFO - Filling up the DagBag from /home/airflow/.local/lib/python3.12/site-packages/airflow/example_dags/example_branch_operator.py
[2024-11-05T10:42:15.545+0000] {processor.py:925} INFO - DAG(s) 'example_branch_operator' retrieved from /home/airflow/.local/lib/python3.12/site-packages/airflow/example_dags/example_branch_operator.py
[2024-11-05T10:42:15.572+0000] {logging_mixin.py:190} INFO - [2024-11-05T10:42:15.571+0000] {dag.py:3239} INFO - Sync 1 DAGs
[2024-11-05T10:42:15.600+0000] {logging_mixin.py:190} INFO - [2024-11-05T10:42:15.600+0000] {dag.py:4180} INFO - Setting next_dagrun for example_branch_operator to 2024-11-04 00:00:00+00:00, run_after=2024-11-05 00:00:00+00:00
[2024-11-05T10:42:15.621+0000] {processor.py:208} INFO - Processing /home/airflow/.local/lib/python3.12/site-packages/airflow/example_dags/example_branch_operator.py took 0.111 seconds
[2024-11-05T10:42:45.859+0000] {processor.py:186} INFO - Started process (PID=784) to work on /home/airflow/.local/lib/python3.12/site-packages/airflow/example_dags/example_branch_operator.py
[2024-11-05T10:42:45.860+0000] {processor.py:914} INFO - Processing file /home/airflow/.local/lib/python3.12/site-packages/airflow/example_dags/example_branch_operator.py for tasks to queue
[2024-11-05T10:42:45.862+0000] {logging_mixin.py:190} INFO - [2024-11-05T10:42:45.861+0000] {dagbag.py:588} INFO - Filling up the DagBag from /home/airflow/.local/lib/python3.12/site-packages/airflow/example_dags/example_branch_operator.py
[2024-11-05T10:42:45.887+0000] {processor.py:925} INFO - DAG(s) 'example_branch_operator' retrieved from /home/airflow/.local/lib/python3.12/site-packages/airflow/example_dags/example_branch_operator.py
[2024-11-05T10:42:45.913+0000] {logging_mixin.py:190} INFO - [2024-11-05T10:42:45.913+0000] {dag.py:3239} INFO - Sync 1 DAGs
[2024-11-05T10:42:45.938+0000] {logging_mixin.py:190} INFO - [2024-11-05T10:42:45.937+0000] {dag.py:4180} INFO - Setting next_dagrun for example_branch_operator to 2024-11-04 00:00:00+00:00, run_after=2024-11-05 00:00:00+00:00
[2024-11-05T10:42:45.959+0000] {processor.py:208} INFO - Processing /home/airflow/.local/lib/python3.12/site-packages/airflow/example_dags/example_branch_operator.py took 0.107 seconds
[2024-11-05T10:43:16.786+0000] {processor.py:186} INFO - Started process (PID=847) to work on /home/airflow/.local/lib/python3.12/site-packages/airflow/example_dags/example_branch_operator.py
[2024-11-05T10:43:16.788+0000] {processor.py:914} INFO - Processing file /home/airflow/.local/lib/python3.12/site-packages/airflow/example_dags/example_branch_operator.py for tasks to queue
[2024-11-05T10:43:16.790+0000] {logging_mixin.py:190} INFO - [2024-11-05T10:43:16.790+0000] {dagbag.py:588} INFO - Filling up the DagBag from /home/airflow/.local/lib/python3.12/site-packages/airflow/example_dags/example_branch_operator.py
[2024-11-05T10:43:16.816+0000] {processor.py:925} INFO - DAG(s) 'example_branch_operator' retrieved from /home/airflow/.local/lib/python3.12/site-packages/airflow/example_dags/example_branch_operator.py
[2024-11-05T10:43:16.847+0000] {logging_mixin.py:190} INFO - [2024-11-05T10:43:16.846+0000] {dag.py:3239} INFO - Sync 1 DAGs
[2024-11-05T10:43:16.873+0000] {logging_mixin.py:190} INFO - [2024-11-05T10:43:16.873+0000] {dag.py:4180} INFO - Setting next_dagrun for example_branch_operator to 2024-11-04 00:00:00+00:00, run_after=2024-11-05 00:00:00+00:00
[2024-11-05T10:43:16.894+0000] {processor.py:208} INFO - Processing /home/airflow/.local/lib/python3.12/site-packages/airflow/example_dags/example_branch_operator.py took 0.115 seconds
[2024-11-05T10:43:47.373+0000] {processor.py:186} INFO - Started process (PID=911) to work on /home/airflow/.local/lib/python3.12/site-packages/airflow/example_dags/example_branch_operator.py
[2024-11-05T10:43:47.375+0000] {processor.py:914} INFO - Processing file /home/airflow/.local/lib/python3.12/site-packages/airflow/example_dags/example_branch_operator.py for tasks to queue
[2024-11-05T10:43:47.378+0000] {logging_mixin.py:190} INFO - [2024-11-05T10:43:47.377+0000] {dagbag.py:588} INFO - Filling up the DagBag from /home/airflow/.local/lib/python3.12/site-packages/airflow/example_dags/example_branch_operator.py
[2024-11-05T10:43:47.426+0000] {processor.py:925} INFO - DAG(s) 'example_branch_operator' retrieved from /home/airflow/.local/lib/python3.12/site-packages/airflow/example_dags/example_branch_operator.py
[2024-11-05T10:43:47.476+0000] {logging_mixin.py:190} INFO - [2024-11-05T10:43:47.476+0000] {dag.py:3239} INFO - Sync 1 DAGs
[2024-11-05T10:43:47.520+0000] {logging_mixin.py:190} INFO - [2024-11-05T10:43:47.519+0000] {dag.py:4180} INFO - Setting next_dagrun for example_branch_operator to 2024-11-04 00:00:00+00:00, run_after=2024-11-05 00:00:00+00:00
[2024-11-05T10:43:47.571+0000] {processor.py:208} INFO - Processing /home/airflow/.local/lib/python3.12/site-packages/airflow/example_dags/example_branch_operator.py took 0.208 seconds
[2024-11-05T10:44:17.724+0000] {processor.py:186} INFO - Started process (PID=975) to work on /home/airflow/.local/lib/python3.12/site-packages/airflow/example_dags/example_branch_operator.py
[2024-11-05T10:44:17.724+0000] {processor.py:914} INFO - Processing file /home/airflow/.local/lib/python3.12/site-packages/airflow/example_dags/example_branch_operator.py for tasks to queue
[2024-11-05T10:44:17.728+0000] {logging_mixin.py:190} INFO - [2024-11-05T10:44:17.727+0000] {dagbag.py:588} INFO - Filling up the DagBag from /home/airflow/.local/lib/python3.12/site-packages/airflow/example_dags/example_branch_operator.py
[2024-11-05T10:44:17.763+0000] {processor.py:925} INFO - DAG(s) 'example_branch_operator' retrieved from /home/airflow/.local/lib/python3.12/site-packages/airflow/example_dags/example_branch_operator.py
[2024-11-05T10:44:17.794+0000] {logging_mixin.py:190} INFO - [2024-11-05T10:44:17.793+0000] {dag.py:3239} INFO - Sync 1 DAGs
[2024-11-05T10:44:17.820+0000] {logging_mixin.py:190} INFO - [2024-11-05T10:44:17.820+0000] {dag.py:4180} INFO - Setting next_dagrun for example_branch_operator to 2024-11-04 00:00:00+00:00, run_after=2024-11-05 00:00:00+00:00
[2024-11-05T10:44:17.840+0000] {processor.py:208} INFO - Processing /home/airflow/.local/lib/python3.12/site-packages/airflow/example_dags/example_branch_operator.py took 0.123 seconds
[2024-11-05T10:44:48.220+0000] {processor.py:186} INFO - Started process (PID=1038) to work on /home/airflow/.local/lib/python3.12/site-packages/airflow/example_dags/example_branch_operator.py
[2024-11-05T10:44:48.221+0000] {processor.py:914} INFO - Processing file /home/airflow/.local/lib/python3.12/site-packages/airflow/example_dags/example_branch_operator.py for tasks to queue
[2024-11-05T10:44:48.224+0000] {logging_mixin.py:190} INFO - [2024-11-05T10:44:48.223+0000] {dagbag.py:588} INFO - Filling up the DagBag from /home/airflow/.local/lib/python3.12/site-packages/airflow/example_dags/example_branch_operator.py
[2024-11-05T10:44:48.249+0000] {processor.py:925} INFO - DAG(s) 'example_branch_operator' retrieved from /home/airflow/.local/lib/python3.12/site-packages/airflow/example_dags/example_branch_operator.py
[2024-11-05T10:44:48.276+0000] {logging_mixin.py:190} INFO - [2024-11-05T10:44:48.275+0000] {dag.py:3239} INFO - Sync 1 DAGs
[2024-11-05T10:44:48.303+0000] {logging_mixin.py:190} INFO - [2024-11-05T10:44:48.302+0000] {dag.py:4180} INFO - Setting next_dagrun for example_branch_operator to 2024-11-04 00:00:00+00:00, run_after=2024-11-05 00:00:00+00:00
[2024-11-05T10:44:48.324+0000] {processor.py:208} INFO - Processing /home/airflow/.local/lib/python3.12/site-packages/airflow/example_dags/example_branch_operator.py took 0.111 seconds
[2024-11-05T10:45:18.406+0000] {processor.py:186} INFO - Started process (PID=1101) to work on /home/airflow/.local/lib/python3.12/site-packages/airflow/example_dags/example_branch_operator.py
[2024-11-05T10:45:18.407+0000] {processor.py:914} INFO - Processing file /home/airflow/.local/lib/python3.12/site-packages/airflow/example_dags/example_branch_operator.py for tasks to queue
[2024-11-05T10:45:18.410+0000] {logging_mixin.py:190} INFO - [2024-11-05T10:45:18.409+0000] {dagbag.py:588} INFO - Filling up the DagBag from /home/airflow/.local/lib/python3.12/site-packages/airflow/example_dags/example_branch_operator.py
[2024-11-05T10:45:18.437+0000] {processor.py:925} INFO - DAG(s) 'example_branch_operator' retrieved from /home/airflow/.local/lib/python3.12/site-packages/airflow/example_dags/example_branch_operator.py
[2024-11-05T10:45:18.468+0000] {logging_mixin.py:190} INFO - [2024-11-05T10:45:18.467+0000] {dag.py:3239} INFO - Sync 1 DAGs
[2024-11-05T10:45:18.497+0000] {logging_mixin.py:190} INFO - [2024-11-05T10:45:18.497+0000] {dag.py:4180} INFO - Setting next_dagrun for example_branch_operator to 2024-11-04 00:00:00+00:00, run_after=2024-11-05 00:00:00+00:00
[2024-11-05T10:45:18.518+0000] {processor.py:208} INFO - Processing /home/airflow/.local/lib/python3.12/site-packages/airflow/example_dags/example_branch_operator.py took 0.118 seconds
[2024-11-05T10:45:48.818+0000] {processor.py:186} INFO - Started process (PID=1164) to work on /home/airflow/.local/lib/python3.12/site-packages/airflow/example_dags/example_branch_operator.py
[2024-11-05T10:45:48.820+0000] {processor.py:914} INFO - Processing file /home/airflow/.local/lib/python3.12/site-packages/airflow/example_dags/example_branch_operator.py for tasks to queue
[2024-11-05T10:45:48.825+0000] {logging_mixin.py:190} INFO - [2024-11-05T10:45:48.824+0000] {dagbag.py:588} INFO - Filling up the DagBag from /home/airflow/.local/lib/python3.12/site-packages/airflow/example_dags/example_branch_operator.py
[2024-11-05T10:45:48.877+0000] {processor.py:925} INFO - DAG(s) 'example_branch_operator' retrieved from /home/airflow/.local/lib/python3.12/site-packages/airflow/example_dags/example_branch_operator.py
[2024-11-05T10:45:48.905+0000] {logging_mixin.py:190} INFO - [2024-11-05T10:45:48.905+0000] {dag.py:3239} INFO - Sync 1 DAGs
[2024-11-05T10:45:48.929+0000] {logging_mixin.py:190} INFO - [2024-11-05T10:45:48.929+0000] {dag.py:4180} INFO - Setting next_dagrun for example_branch_operator to 2024-11-04 00:00:00+00:00, run_after=2024-11-05 00:00:00+00:00
[2024-11-05T10:45:48.947+0000] {processor.py:208} INFO - Processing /home/airflow/.local/lib/python3.12/site-packages/airflow/example_dags/example_branch_operator.py took 0.139 seconds
[2024-11-05T10:46:20.057+0000] {processor.py:186} INFO - Started process (PID=1227) to work on /home/airflow/.local/lib/python3.12/site-packages/airflow/example_dags/example_branch_operator.py
[2024-11-05T10:46:20.060+0000] {processor.py:914} INFO - Processing file /home/airflow/.local/lib/python3.12/site-packages/airflow/example_dags/example_branch_operator.py for tasks to queue
[2024-11-05T10:46:20.065+0000] {logging_mixin.py:190} INFO - [2024-11-05T10:46:20.065+0000] {dagbag.py:588} INFO - Filling up the DagBag from /home/airflow/.local/lib/python3.12/site-packages/airflow/example_dags/example_branch_operator.py
[2024-11-05T10:46:20.145+0000] {processor.py:925} INFO - DAG(s) 'example_branch_operator' retrieved from /home/airflow/.local/lib/python3.12/site-packages/airflow/example_dags/example_branch_operator.py
[2024-11-05T10:46:20.222+0000] {logging_mixin.py:190} INFO - [2024-11-05T10:46:20.222+0000] {dag.py:3239} INFO - Sync 1 DAGs
[2024-11-05T10:46:20.287+0000] {logging_mixin.py:190} INFO - [2024-11-05T10:46:20.286+0000] {dag.py:4180} INFO - Setting next_dagrun for example_branch_operator to 2024-11-04 00:00:00+00:00, run_after=2024-11-05 00:00:00+00:00
[2024-11-05T10:46:20.326+0000] {processor.py:208} INFO - Processing /home/airflow/.local/lib/python3.12/site-packages/airflow/example_dags/example_branch_operator.py took 0.290 seconds
[2024-11-05T10:46:50.665+0000] {processor.py:186} INFO - Started process (PID=1289) to work on /home/airflow/.local/lib/python3.12/site-packages/airflow/example_dags/example_branch_operator.py
[2024-11-05T10:46:50.667+0000] {processor.py:914} INFO - Processing file /home/airflow/.local/lib/python3.12/site-packages/airflow/example_dags/example_branch_operator.py for tasks to queue
[2024-11-05T10:46:50.669+0000] {logging_mixin.py:190} INFO - [2024-11-05T10:46:50.669+0000] {dagbag.py:588} INFO - Filling up the DagBag from /home/airflow/.local/lib/python3.12/site-packages/airflow/example_dags/example_branch_operator.py
[2024-11-05T10:46:50.697+0000] {processor.py:925} INFO - DAG(s) 'example_branch_operator' retrieved from /home/airflow/.local/lib/python3.12/site-packages/airflow/example_dags/example_branch_operator.py
[2024-11-05T10:46:50.732+0000] {logging_mixin.py:190} INFO - [2024-11-05T10:46:50.732+0000] {dag.py:3239} INFO - Sync 1 DAGs
[2024-11-05T10:46:50.766+0000] {logging_mixin.py:190} INFO - [2024-11-05T10:46:50.766+0000] {dag.py:4180} INFO - Setting next_dagrun for example_branch_operator to 2024-11-04 00:00:00+00:00, run_after=2024-11-05 00:00:00+00:00
[2024-11-05T10:46:50.795+0000] {processor.py:208} INFO - Processing /home/airflow/.local/lib/python3.12/site-packages/airflow/example_dags/example_branch_operator.py took 0.135 seconds
[2024-11-05T10:47:22.269+0000] {processor.py:186} INFO - Started process (PID=1352) to work on /home/airflow/.local/lib/python3.12/site-packages/airflow/example_dags/example_branch_operator.py
[2024-11-05T10:47:22.272+0000] {processor.py:914} INFO - Processing file /home/airflow/.local/lib/python3.12/site-packages/airflow/example_dags/example_branch_operator.py for tasks to queue
[2024-11-05T10:47:22.275+0000] {logging_mixin.py:190} INFO - [2024-11-05T10:47:22.275+0000] {dagbag.py:588} INFO - Filling up the DagBag from /home/airflow/.local/lib/python3.12/site-packages/airflow/example_dags/example_branch_operator.py
[2024-11-05T10:47:22.345+0000] {processor.py:925} INFO - DAG(s) 'example_branch_operator' retrieved from /home/airflow/.local/lib/python3.12/site-packages/airflow/example_dags/example_branch_operator.py
[2024-11-05T10:47:22.402+0000] {logging_mixin.py:190} INFO - [2024-11-05T10:47:22.402+0000] {dag.py:3239} INFO - Sync 1 DAGs
[2024-11-05T10:47:22.470+0000] {logging_mixin.py:190} INFO - [2024-11-05T10:47:22.470+0000] {dag.py:4180} INFO - Setting next_dagrun for example_branch_operator to 2024-11-04 00:00:00+00:00, run_after=2024-11-05 00:00:00+00:00
[2024-11-05T10:47:22.509+0000] {processor.py:208} INFO - Processing /home/airflow/.local/lib/python3.12/site-packages/airflow/example_dags/example_branch_operator.py took 0.250 seconds
[2024-11-05T10:47:52.811+0000] {processor.py:186} INFO - Started process (PID=1415) to work on /home/airflow/.local/lib/python3.12/site-packages/airflow/example_dags/example_branch_operator.py
[2024-11-05T10:47:52.812+0000] {processor.py:914} INFO - Processing file /home/airflow/.local/lib/python3.12/site-packages/airflow/example_dags/example_branch_operator.py for tasks to queue
[2024-11-05T10:47:52.814+0000] {logging_mixin.py:190} INFO - [2024-11-05T10:47:52.814+0000] {dagbag.py:588} INFO - Filling up the DagBag from /home/airflow/.local/lib/python3.12/site-packages/airflow/example_dags/example_branch_operator.py
[2024-11-05T10:47:52.843+0000] {processor.py:925} INFO - DAG(s) 'example_branch_operator' retrieved from /home/airflow/.local/lib/python3.12/site-packages/airflow/example_dags/example_branch_operator.py
[2024-11-05T10:47:52.876+0000] {logging_mixin.py:190} INFO - [2024-11-05T10:47:52.876+0000] {dag.py:3239} INFO - Sync 1 DAGs
[2024-11-05T10:47:52.909+0000] {logging_mixin.py:190} INFO - [2024-11-05T10:47:52.908+0000] {dag.py:4180} INFO - Setting next_dagrun for example_branch_operator to 2024-11-04 00:00:00+00:00, run_after=2024-11-05 00:00:00+00:00
[2024-11-05T10:47:52.928+0000] {processor.py:208} INFO - Processing /home/airflow/.local/lib/python3.12/site-packages/airflow/example_dags/example_branch_operator.py took 0.123 seconds
[2024-11-05T10:48:24.271+0000] {processor.py:186} INFO - Started process (PID=1477) to work on /home/airflow/.local/lib/python3.12/site-packages/airflow/example_dags/example_branch_operator.py
[2024-11-05T10:48:24.273+0000] {processor.py:914} INFO - Processing file /home/airflow/.local/lib/python3.12/site-packages/airflow/example_dags/example_branch_operator.py for tasks to queue
[2024-11-05T10:48:24.281+0000] {logging_mixin.py:190} INFO - [2024-11-05T10:48:24.281+0000] {dagbag.py:588} INFO - Filling up the DagBag from /home/airflow/.local/lib/python3.12/site-packages/airflow/example_dags/example_branch_operator.py
[2024-11-05T10:48:24.329+0000] {processor.py:925} INFO - DAG(s) 'example_branch_operator' retrieved from /home/airflow/.local/lib/python3.12/site-packages/airflow/example_dags/example_branch_operator.py
[2024-11-05T10:48:24.419+0000] {logging_mixin.py:190} INFO - [2024-11-05T10:48:24.418+0000] {dag.py:3239} INFO - Sync 1 DAGs
[2024-11-05T10:48:24.461+0000] {logging_mixin.py:190} INFO - [2024-11-05T10:48:24.460+0000] {dag.py:4180} INFO - Setting next_dagrun for example_branch_operator to 2024-11-04 00:00:00+00:00, run_after=2024-11-05 00:00:00+00:00
[2024-11-05T10:48:24.501+0000] {processor.py:208} INFO - Processing /home/airflow/.local/lib/python3.12/site-packages/airflow/example_dags/example_branch_operator.py took 0.243 seconds
[2024-11-05T10:48:54.993+0000] {processor.py:186} INFO - Started process (PID=1540) to work on /home/airflow/.local/lib/python3.12/site-packages/airflow/example_dags/example_branch_operator.py
[2024-11-05T10:48:54.994+0000] {processor.py:914} INFO - Processing file /home/airflow/.local/lib/python3.12/site-packages/airflow/example_dags/example_branch_operator.py for tasks to queue
[2024-11-05T10:48:54.997+0000] {logging_mixin.py:190} INFO - [2024-11-05T10:48:54.997+0000] {dagbag.py:588} INFO - Filling up the DagBag from /home/airflow/.local/lib/python3.12/site-packages/airflow/example_dags/example_branch_operator.py
[2024-11-05T10:48:55.026+0000] {processor.py:925} INFO - DAG(s) 'example_branch_operator' retrieved from /home/airflow/.local/lib/python3.12/site-packages/airflow/example_dags/example_branch_operator.py
[2024-11-05T10:48:55.055+0000] {logging_mixin.py:190} INFO - [2024-11-05T10:48:55.055+0000] {dag.py:3239} INFO - Sync 1 DAGs
[2024-11-05T10:48:55.082+0000] {logging_mixin.py:190} INFO - [2024-11-05T10:48:55.081+0000] {dag.py:4180} INFO - Setting next_dagrun for example_branch_operator to 2024-11-04 00:00:00+00:00, run_after=2024-11-05 00:00:00+00:00
[2024-11-05T10:48:55.109+0000] {processor.py:208} INFO - Processing /home/airflow/.local/lib/python3.12/site-packages/airflow/example_dags/example_branch_operator.py took 0.125 seconds
[2024-11-05T10:49:25.993+0000] {processor.py:186} INFO - Started process (PID=1602) to work on /home/airflow/.local/lib/python3.12/site-packages/airflow/example_dags/example_branch_operator.py
[2024-11-05T10:49:25.997+0000] {processor.py:914} INFO - Processing file /home/airflow/.local/lib/python3.12/site-packages/airflow/example_dags/example_branch_operator.py for tasks to queue
[2024-11-05T10:49:26.001+0000] {logging_mixin.py:190} INFO - [2024-11-05T10:49:26.000+0000] {dagbag.py:588} INFO - Filling up the DagBag from /home/airflow/.local/lib/python3.12/site-packages/airflow/example_dags/example_branch_operator.py
[2024-11-05T10:49:26.080+0000] {processor.py:925} INFO - DAG(s) 'example_branch_operator' retrieved from /home/airflow/.local/lib/python3.12/site-packages/airflow/example_dags/example_branch_operator.py
[2024-11-05T10:49:26.146+0000] {logging_mixin.py:190} INFO - [2024-11-05T10:49:26.146+0000] {dag.py:3239} INFO - Sync 1 DAGs
[2024-11-05T10:49:26.197+0000] {logging_mixin.py:190} INFO - [2024-11-05T10:49:26.197+0000] {dag.py:4180} INFO - Setting next_dagrun for example_branch_operator to 2024-11-04 00:00:00+00:00, run_after=2024-11-05 00:00:00+00:00
[2024-11-05T10:49:26.237+0000] {processor.py:208} INFO - Processing /home/airflow/.local/lib/python3.12/site-packages/airflow/example_dags/example_branch_operator.py took 0.255 seconds
[2024-11-05T10:49:56.451+0000] {processor.py:186} INFO - Started process (PID=1665) to work on /home/airflow/.local/lib/python3.12/site-packages/airflow/example_dags/example_branch_operator.py
[2024-11-05T10:49:56.452+0000] {processor.py:914} INFO - Processing file /home/airflow/.local/lib/python3.12/site-packages/airflow/example_dags/example_branch_operator.py for tasks to queue
[2024-11-05T10:49:56.454+0000] {logging_mixin.py:190} INFO - [2024-11-05T10:49:56.454+0000] {dagbag.py:588} INFO - Filling up the DagBag from /home/airflow/.local/lib/python3.12/site-packages/airflow/example_dags/example_branch_operator.py
[2024-11-05T10:49:56.484+0000] {processor.py:925} INFO - DAG(s) 'example_branch_operator' retrieved from /home/airflow/.local/lib/python3.12/site-packages/airflow/example_dags/example_branch_operator.py
[2024-11-05T10:49:56.516+0000] {logging_mixin.py:190} INFO - [2024-11-05T10:49:56.516+0000] {dag.py:3239} INFO - Sync 1 DAGs
[2024-11-05T10:49:56.550+0000] {logging_mixin.py:190} INFO - [2024-11-05T10:49:56.549+0000] {dag.py:4180} INFO - Setting next_dagrun for example_branch_operator to 2024-11-04 00:00:00+00:00, run_after=2024-11-05 00:00:00+00:00
[2024-11-05T10:49:56.571+0000] {processor.py:208} INFO - Processing /home/airflow/.local/lib/python3.12/site-packages/airflow/example_dags/example_branch_operator.py took 0.126 seconds
[2024-11-05T10:50:27.314+0000] {processor.py:186} INFO - Started process (PID=1728) to work on /home/airflow/.local/lib/python3.12/site-packages/airflow/example_dags/example_branch_operator.py
[2024-11-05T10:50:27.316+0000] {processor.py:914} INFO - Processing file /home/airflow/.local/lib/python3.12/site-packages/airflow/example_dags/example_branch_operator.py for tasks to queue
[2024-11-05T10:50:27.319+0000] {logging_mixin.py:190} INFO - [2024-11-05T10:50:27.319+0000] {dagbag.py:588} INFO - Filling up the DagBag from /home/airflow/.local/lib/python3.12/site-packages/airflow/example_dags/example_branch_operator.py
[2024-11-05T10:50:27.367+0000] {processor.py:925} INFO - DAG(s) 'example_branch_operator' retrieved from /home/airflow/.local/lib/python3.12/site-packages/airflow/example_dags/example_branch_operator.py
[2024-11-05T10:50:27.431+0000] {logging_mixin.py:190} INFO - [2024-11-05T10:50:27.431+0000] {dag.py:3239} INFO - Sync 1 DAGs
[2024-11-05T10:50:27.478+0000] {logging_mixin.py:190} INFO - [2024-11-05T10:50:27.477+0000] {dag.py:4180} INFO - Setting next_dagrun for example_branch_operator to 2024-11-04 00:00:00+00:00, run_after=2024-11-05 00:00:00+00:00
[2024-11-05T10:50:27.509+0000] {processor.py:208} INFO - Processing /home/airflow/.local/lib/python3.12/site-packages/airflow/example_dags/example_branch_operator.py took 0.205 seconds
[2024-11-05T10:50:57.571+0000] {processor.py:186} INFO - Started process (PID=1789) to work on /home/airflow/.local/lib/python3.12/site-packages/airflow/example_dags/example_branch_operator.py
[2024-11-05T10:50:57.573+0000] {processor.py:914} INFO - Processing file /home/airflow/.local/lib/python3.12/site-packages/airflow/example_dags/example_branch_operator.py for tasks to queue
[2024-11-05T10:50:57.576+0000] {logging_mixin.py:190} INFO - [2024-11-05T10:50:57.575+0000] {dagbag.py:588} INFO - Filling up the DagBag from /home/airflow/.local/lib/python3.12/site-packages/airflow/example_dags/example_branch_operator.py
[2024-11-05T10:50:57.605+0000] {processor.py:925} INFO - DAG(s) 'example_branch_operator' retrieved from /home/airflow/.local/lib/python3.12/site-packages/airflow/example_dags/example_branch_operator.py
[2024-11-05T10:50:57.645+0000] {logging_mixin.py:190} INFO - [2024-11-05T10:50:57.645+0000] {dag.py:3239} INFO - Sync 1 DAGs
[2024-11-05T10:50:57.675+0000] {logging_mixin.py:190} INFO - [2024-11-05T10:50:57.675+0000] {dag.py:4180} INFO - Setting next_dagrun for example_branch_operator to 2024-11-04 00:00:00+00:00, run_after=2024-11-05 00:00:00+00:00
[2024-11-05T10:50:57.694+0000] {processor.py:208} INFO - Processing /home/airflow/.local/lib/python3.12/site-packages/airflow/example_dags/example_branch_operator.py took 0.129 seconds
[2024-11-05T10:51:27.747+0000] {processor.py:186} INFO - Started process (PID=1852) to work on /home/airflow/.local/lib/python3.12/site-packages/airflow/example_dags/example_branch_operator.py
[2024-11-05T10:51:27.749+0000] {processor.py:914} INFO - Processing file /home/airflow/.local/lib/python3.12/site-packages/airflow/example_dags/example_branch_operator.py for tasks to queue
[2024-11-05T10:51:27.752+0000] {logging_mixin.py:190} INFO - [2024-11-05T10:51:27.751+0000] {dagbag.py:588} INFO - Filling up the DagBag from /home/airflow/.local/lib/python3.12/site-packages/airflow/example_dags/example_branch_operator.py
[2024-11-05T10:51:27.783+0000] {processor.py:925} INFO - DAG(s) 'example_branch_operator' retrieved from /home/airflow/.local/lib/python3.12/site-packages/airflow/example_dags/example_branch_operator.py
[2024-11-05T10:51:27.834+0000] {logging_mixin.py:190} INFO - [2024-11-05T10:51:27.833+0000] {dag.py:3239} INFO - Sync 1 DAGs
[2024-11-05T10:51:27.889+0000] {logging_mixin.py:190} INFO - [2024-11-05T10:51:27.888+0000] {dag.py:4180} INFO - Setting next_dagrun for example_branch_operator to 2024-11-04 00:00:00+00:00, run_after=2024-11-05 00:00:00+00:00
[2024-11-05T10:51:27.926+0000] {processor.py:208} INFO - Processing /home/airflow/.local/lib/python3.12/site-packages/airflow/example_dags/example_branch_operator.py took 0.186 seconds
[2024-11-05T10:51:58.635+0000] {processor.py:186} INFO - Started process (PID=1915) to work on /home/airflow/.local/lib/python3.12/site-packages/airflow/example_dags/example_branch_operator.py
[2024-11-05T10:51:58.638+0000] {processor.py:914} INFO - Processing file /home/airflow/.local/lib/python3.12/site-packages/airflow/example_dags/example_branch_operator.py for tasks to queue
[2024-11-05T10:51:58.649+0000] {logging_mixin.py:190} INFO - [2024-11-05T10:51:58.642+0000] {dagbag.py:588} INFO - Filling up the DagBag from /home/airflow/.local/lib/python3.12/site-packages/airflow/example_dags/example_branch_operator.py
[2024-11-05T10:51:58.740+0000] {processor.py:925} INFO - DAG(s) 'example_branch_operator' retrieved from /home/airflow/.local/lib/python3.12/site-packages/airflow/example_dags/example_branch_operator.py
[2024-11-05T10:51:58.812+0000] {logging_mixin.py:190} INFO - [2024-11-05T10:51:58.812+0000] {dag.py:3239} INFO - Sync 1 DAGs
[2024-11-05T10:51:58.879+0000] {logging_mixin.py:190} INFO - [2024-11-05T10:51:58.878+0000] {dag.py:4180} INFO - Setting next_dagrun for example_branch_operator to 2024-11-04 00:00:00+00:00, run_after=2024-11-05 00:00:00+00:00
[2024-11-05T10:51:58.925+0000] {processor.py:208} INFO - Processing /home/airflow/.local/lib/python3.12/site-packages/airflow/example_dags/example_branch_operator.py took 0.299 seconds
[2024-11-05T10:52:29.447+0000] {processor.py:186} INFO - Started process (PID=1979) to work on /home/airflow/.local/lib/python3.12/site-packages/airflow/example_dags/example_branch_operator.py
[2024-11-05T10:52:29.449+0000] {processor.py:914} INFO - Processing file /home/airflow/.local/lib/python3.12/site-packages/airflow/example_dags/example_branch_operator.py for tasks to queue
[2024-11-05T10:52:29.453+0000] {logging_mixin.py:190} INFO - [2024-11-05T10:52:29.453+0000] {dagbag.py:588} INFO - Filling up the DagBag from /home/airflow/.local/lib/python3.12/site-packages/airflow/example_dags/example_branch_operator.py
[2024-11-05T10:52:29.525+0000] {processor.py:925} INFO - DAG(s) 'example_branch_operator' retrieved from /home/airflow/.local/lib/python3.12/site-packages/airflow/example_dags/example_branch_operator.py
[2024-11-05T10:52:29.597+0000] {logging_mixin.py:190} INFO - [2024-11-05T10:52:29.597+0000] {dag.py:3239} INFO - Sync 1 DAGs
[2024-11-05T10:52:29.645+0000] {logging_mixin.py:190} INFO - [2024-11-05T10:52:29.644+0000] {dag.py:4180} INFO - Setting next_dagrun for example_branch_operator to 2024-11-04 00:00:00+00:00, run_after=2024-11-05 00:00:00+00:00
[2024-11-05T10:52:29.677+0000] {processor.py:208} INFO - Processing /home/airflow/.local/lib/python3.12/site-packages/airflow/example_dags/example_branch_operator.py took 0.240 seconds
[2024-11-05T10:52:59.914+0000] {processor.py:186} INFO - Started process (PID=2042) to work on /home/airflow/.local/lib/python3.12/site-packages/airflow/example_dags/example_branch_operator.py
[2024-11-05T10:52:59.916+0000] {processor.py:914} INFO - Processing file /home/airflow/.local/lib/python3.12/site-packages/airflow/example_dags/example_branch_operator.py for tasks to queue
[2024-11-05T10:52:59.918+0000] {logging_mixin.py:190} INFO - [2024-11-05T10:52:59.918+0000] {dagbag.py:588} INFO - Filling up the DagBag from /home/airflow/.local/lib/python3.12/site-packages/airflow/example_dags/example_branch_operator.py
[2024-11-05T10:52:59.945+0000] {processor.py:925} INFO - DAG(s) 'example_branch_operator' retrieved from /home/airflow/.local/lib/python3.12/site-packages/airflow/example_dags/example_branch_operator.py
[2024-11-05T10:52:59.971+0000] {logging_mixin.py:190} INFO - [2024-11-05T10:52:59.971+0000] {dag.py:3239} INFO - Sync 1 DAGs
[2024-11-05T10:52:59.996+0000] {logging_mixin.py:190} INFO - [2024-11-05T10:52:59.996+0000] {dag.py:4180} INFO - Setting next_dagrun for example_branch_operator to 2024-11-04 00:00:00+00:00, run_after=2024-11-05 00:00:00+00:00
[2024-11-05T10:53:00.015+0000] {processor.py:208} INFO - Processing /home/airflow/.local/lib/python3.12/site-packages/airflow/example_dags/example_branch_operator.py took 0.109 seconds
[2024-11-05T10:53:30.645+0000] {processor.py:186} INFO - Started process (PID=2111) to work on /home/airflow/.local/lib/python3.12/site-packages/airflow/example_dags/example_branch_operator.py
[2024-11-05T10:53:30.646+0000] {processor.py:914} INFO - Processing file /home/airflow/.local/lib/python3.12/site-packages/airflow/example_dags/example_branch_operator.py for tasks to queue
[2024-11-05T10:53:30.649+0000] {logging_mixin.py:190} INFO - [2024-11-05T10:53:30.649+0000] {dagbag.py:588} INFO - Filling up the DagBag from /home/airflow/.local/lib/python3.12/site-packages/airflow/example_dags/example_branch_operator.py
[2024-11-05T10:53:30.718+0000] {processor.py:925} INFO - DAG(s) 'example_branch_operator' retrieved from /home/airflow/.local/lib/python3.12/site-packages/airflow/example_dags/example_branch_operator.py
[2024-11-05T10:53:30.816+0000] {logging_mixin.py:190} INFO - [2024-11-05T10:53:30.816+0000] {dag.py:3239} INFO - Sync 1 DAGs
[2024-11-05T10:53:30.875+0000] {logging_mixin.py:190} INFO - [2024-11-05T10:53:30.874+0000] {dag.py:4180} INFO - Setting next_dagrun for example_branch_operator to 2024-11-04 00:00:00+00:00, run_after=2024-11-05 00:00:00+00:00
[2024-11-05T10:53:30.914+0000] {processor.py:208} INFO - Processing /home/airflow/.local/lib/python3.12/site-packages/airflow/example_dags/example_branch_operator.py took 0.279 seconds
[2024-11-05T10:54:01.160+0000] {processor.py:186} INFO - Started process (PID=2174) to work on /home/airflow/.local/lib/python3.12/site-packages/airflow/example_dags/example_branch_operator.py
[2024-11-05T10:54:01.161+0000] {processor.py:914} INFO - Processing file /home/airflow/.local/lib/python3.12/site-packages/airflow/example_dags/example_branch_operator.py for tasks to queue
[2024-11-05T10:54:01.163+0000] {logging_mixin.py:190} INFO - [2024-11-05T10:54:01.163+0000] {dagbag.py:588} INFO - Filling up the DagBag from /home/airflow/.local/lib/python3.12/site-packages/airflow/example_dags/example_branch_operator.py
[2024-11-05T10:54:01.194+0000] {processor.py:925} INFO - DAG(s) 'example_branch_operator' retrieved from /home/airflow/.local/lib/python3.12/site-packages/airflow/example_dags/example_branch_operator.py
[2024-11-05T10:54:01.224+0000] {logging_mixin.py:190} INFO - [2024-11-05T10:54:01.223+0000] {dag.py:3239} INFO - Sync 1 DAGs
[2024-11-05T10:54:01.253+0000] {logging_mixin.py:190} INFO - [2024-11-05T10:54:01.252+0000] {dag.py:4180} INFO - Setting next_dagrun for example_branch_operator to 2024-11-04 00:00:00+00:00, run_after=2024-11-05 00:00:00+00:00
[2024-11-05T10:54:01.273+0000] {processor.py:208} INFO - Processing /home/airflow/.local/lib/python3.12/site-packages/airflow/example_dags/example_branch_operator.py took 0.119 seconds
