[2024-11-05T10:37:00.782+0000] {processor.py:186} INFO - Started process (PID=63) to work on /home/airflow/.local/lib/python3.12/site-packages/airflow/example_dags/example_python_operator.py
[2024-11-05T10:37:00.783+0000] {processor.py:914} INFO - Processing file /home/airflow/.local/lib/python3.12/site-packages/airflow/example_dags/example_python_operator.py for tasks to queue
[2024-11-05T10:37:00.787+0000] {logging_mixin.py:190} INFO - [2024-11-05T10:37:00.786+0000] {dagbag.py:588} INFO - Filling up the DagBag from /home/airflow/.local/lib/python3.12/site-packages/airflow/example_dags/example_python_operator.py
[2024-11-05T10:37:00.851+0000] {processor.py:925} INFO - DAG(s) 'example_python_operator' retrieved from /home/airflow/.local/lib/python3.12/site-packages/airflow/example_dags/example_python_operator.py
[2024-11-05T10:37:01.364+0000] {logging_mixin.py:190} INFO - [2024-11-05T10:37:01.363+0000] {override.py:1900} INFO - Created Permission View: can delete on DAG:example_python_operator
[2024-11-05T10:37:01.380+0000] {logging_mixin.py:190} INFO - [2024-11-05T10:37:01.380+0000] {override.py:1900} INFO - Created Permission View: can read on DAG:example_python_operator
[2024-11-05T10:37:01.392+0000] {logging_mixin.py:190} INFO - [2024-11-05T10:37:01.392+0000] {override.py:1900} INFO - Created Permission View: can edit on DAG:example_python_operator
[2024-11-05T10:37:01.405+0000] {logging_mixin.py:190} INFO - [2024-11-05T10:37:01.404+0000] {override.py:1900} INFO - Created Permission View: can delete on DAG Run:example_python_operator
[2024-11-05T10:37:01.416+0000] {logging_mixin.py:190} INFO - [2024-11-05T10:37:01.416+0000] {override.py:1900} INFO - Created Permission View: can create on DAG Run:example_python_operator
[2024-11-05T10:37:01.427+0000] {logging_mixin.py:190} INFO - [2024-11-05T10:37:01.426+0000] {override.py:1900} INFO - Created Permission View: can read on DAG Run:example_python_operator
[2024-11-05T10:37:01.437+0000] {logging_mixin.py:190} INFO - [2024-11-05T10:37:01.437+0000] {override.py:1900} INFO - Created Permission View: menu access on DAG Run:example_python_operator
[2024-11-05T10:37:01.438+0000] {logging_mixin.py:190} INFO - [2024-11-05T10:37:01.438+0000] {dag.py:3239} INFO - Sync 1 DAGs
[2024-11-05T10:37:01.458+0000] {logging_mixin.py:190} INFO - [2024-11-05T10:37:01.458+0000] {dag.py:3262} INFO - Creating ORM DAG for example_python_operator
[2024-11-05T10:37:01.460+0000] {logging_mixin.py:190} INFO - [2024-11-05T10:37:01.459+0000] {dag.py:4180} INFO - Setting next_dagrun for example_python_operator to None, run_after=None
[2024-11-05T10:37:01.486+0000] {processor.py:208} INFO - Processing /home/airflow/.local/lib/python3.12/site-packages/airflow/example_dags/example_python_operator.py took 0.715 seconds
[2024-11-05T10:37:31.527+0000] {processor.py:186} INFO - Started process (PID=124) to work on /home/airflow/.local/lib/python3.12/site-packages/airflow/example_dags/example_python_operator.py
[2024-11-05T10:37:31.535+0000] {processor.py:914} INFO - Processing file /home/airflow/.local/lib/python3.12/site-packages/airflow/example_dags/example_python_operator.py for tasks to queue
[2024-11-05T10:37:31.538+0000] {logging_mixin.py:190} INFO - [2024-11-05T10:37:31.538+0000] {dagbag.py:588} INFO - Filling up the DagBag from /home/airflow/.local/lib/python3.12/site-packages/airflow/example_dags/example_python_operator.py
[2024-11-05T10:37:31.558+0000] {processor.py:925} INFO - DAG(s) 'example_python_operator' retrieved from /home/airflow/.local/lib/python3.12/site-packages/airflow/example_dags/example_python_operator.py
[2024-11-05T10:37:31.579+0000] {logging_mixin.py:190} INFO - [2024-11-05T10:37:31.578+0000] {dag.py:3239} INFO - Sync 1 DAGs
[2024-11-05T10:37:31.592+0000] {logging_mixin.py:190} INFO - [2024-11-05T10:37:31.592+0000] {dag.py:4180} INFO - Setting next_dagrun for example_python_operator to None, run_after=None
[2024-11-05T10:37:31.612+0000] {processor.py:208} INFO - Processing /home/airflow/.local/lib/python3.12/site-packages/airflow/example_dags/example_python_operator.py took 0.089 seconds
[2024-11-05T10:38:01.870+0000] {processor.py:186} INFO - Started process (PID=187) to work on /home/airflow/.local/lib/python3.12/site-packages/airflow/example_dags/example_python_operator.py
[2024-11-05T10:38:01.872+0000] {processor.py:914} INFO - Processing file /home/airflow/.local/lib/python3.12/site-packages/airflow/example_dags/example_python_operator.py for tasks to queue
[2024-11-05T10:38:01.876+0000] {logging_mixin.py:190} INFO - [2024-11-05T10:38:01.875+0000] {dagbag.py:588} INFO - Filling up the DagBag from /home/airflow/.local/lib/python3.12/site-packages/airflow/example_dags/example_python_operator.py
[2024-11-05T10:38:01.909+0000] {processor.py:925} INFO - DAG(s) 'example_python_operator' retrieved from /home/airflow/.local/lib/python3.12/site-packages/airflow/example_dags/example_python_operator.py
[2024-11-05T10:38:01.946+0000] {logging_mixin.py:190} INFO - [2024-11-05T10:38:01.945+0000] {dag.py:3239} INFO - Sync 1 DAGs
[2024-11-05T10:38:01.969+0000] {logging_mixin.py:190} INFO - [2024-11-05T10:38:01.968+0000] {dag.py:4180} INFO - Setting next_dagrun for example_python_operator to None, run_after=None
[2024-11-05T10:38:01.995+0000] {processor.py:208} INFO - Processing /home/airflow/.local/lib/python3.12/site-packages/airflow/example_dags/example_python_operator.py took 0.140 seconds
[2024-11-05T10:38:32.108+0000] {processor.py:186} INFO - Started process (PID=250) to work on /home/airflow/.local/lib/python3.12/site-packages/airflow/example_dags/example_python_operator.py
[2024-11-05T10:38:32.109+0000] {processor.py:914} INFO - Processing file /home/airflow/.local/lib/python3.12/site-packages/airflow/example_dags/example_python_operator.py for tasks to queue
[2024-11-05T10:38:32.112+0000] {logging_mixin.py:190} INFO - [2024-11-05T10:38:32.111+0000] {dagbag.py:588} INFO - Filling up the DagBag from /home/airflow/.local/lib/python3.12/site-packages/airflow/example_dags/example_python_operator.py
[2024-11-05T10:38:32.129+0000] {processor.py:925} INFO - DAG(s) 'example_python_operator' retrieved from /home/airflow/.local/lib/python3.12/site-packages/airflow/example_dags/example_python_operator.py
[2024-11-05T10:38:32.150+0000] {logging_mixin.py:190} INFO - [2024-11-05T10:38:32.150+0000] {dag.py:3239} INFO - Sync 1 DAGs
[2024-11-05T10:38:32.168+0000] {logging_mixin.py:190} INFO - [2024-11-05T10:38:32.168+0000] {dag.py:4180} INFO - Setting next_dagrun for example_python_operator to None, run_after=None
[2024-11-05T10:38:32.188+0000] {processor.py:208} INFO - Processing /home/airflow/.local/lib/python3.12/site-packages/airflow/example_dags/example_python_operator.py took 0.087 seconds
[2024-11-05T10:39:02.280+0000] {processor.py:186} INFO - Started process (PID=312) to work on /home/airflow/.local/lib/python3.12/site-packages/airflow/example_dags/example_python_operator.py
[2024-11-05T10:39:02.281+0000] {processor.py:914} INFO - Processing file /home/airflow/.local/lib/python3.12/site-packages/airflow/example_dags/example_python_operator.py for tasks to queue
[2024-11-05T10:39:02.284+0000] {logging_mixin.py:190} INFO - [2024-11-05T10:39:02.283+0000] {dagbag.py:588} INFO - Filling up the DagBag from /home/airflow/.local/lib/python3.12/site-packages/airflow/example_dags/example_python_operator.py
[2024-11-05T10:39:02.303+0000] {processor.py:925} INFO - DAG(s) 'example_python_operator' retrieved from /home/airflow/.local/lib/python3.12/site-packages/airflow/example_dags/example_python_operator.py
[2024-11-05T10:39:02.325+0000] {logging_mixin.py:190} INFO - [2024-11-05T10:39:02.324+0000] {dag.py:3239} INFO - Sync 1 DAGs
[2024-11-05T10:39:02.340+0000] {logging_mixin.py:190} INFO - [2024-11-05T10:39:02.340+0000] {dag.py:4180} INFO - Setting next_dagrun for example_python_operator to None, run_after=None
[2024-11-05T10:39:02.359+0000] {processor.py:208} INFO - Processing /home/airflow/.local/lib/python3.12/site-packages/airflow/example_dags/example_python_operator.py took 0.084 seconds
[2024-11-05T10:39:32.401+0000] {processor.py:186} INFO - Started process (PID=374) to work on /home/airflow/.local/lib/python3.12/site-packages/airflow/example_dags/example_python_operator.py
[2024-11-05T10:39:32.402+0000] {processor.py:914} INFO - Processing file /home/airflow/.local/lib/python3.12/site-packages/airflow/example_dags/example_python_operator.py for tasks to queue
[2024-11-05T10:39:32.404+0000] {logging_mixin.py:190} INFO - [2024-11-05T10:39:32.404+0000] {dagbag.py:588} INFO - Filling up the DagBag from /home/airflow/.local/lib/python3.12/site-packages/airflow/example_dags/example_python_operator.py
[2024-11-05T10:39:32.424+0000] {processor.py:925} INFO - DAG(s) 'example_python_operator' retrieved from /home/airflow/.local/lib/python3.12/site-packages/airflow/example_dags/example_python_operator.py
[2024-11-05T10:39:32.445+0000] {logging_mixin.py:190} INFO - [2024-11-05T10:39:32.444+0000] {dag.py:3239} INFO - Sync 1 DAGs
[2024-11-05T10:39:32.458+0000] {logging_mixin.py:190} INFO - [2024-11-05T10:39:32.458+0000] {dag.py:4180} INFO - Setting next_dagrun for example_python_operator to None, run_after=None
[2024-11-05T10:39:32.477+0000] {processor.py:208} INFO - Processing /home/airflow/.local/lib/python3.12/site-packages/airflow/example_dags/example_python_operator.py took 0.081 seconds
[2024-11-05T10:40:02.540+0000] {processor.py:186} INFO - Started process (PID=437) to work on /home/airflow/.local/lib/python3.12/site-packages/airflow/example_dags/example_python_operator.py
[2024-11-05T10:40:02.542+0000] {processor.py:914} INFO - Processing file /home/airflow/.local/lib/python3.12/site-packages/airflow/example_dags/example_python_operator.py for tasks to queue
[2024-11-05T10:40:02.545+0000] {logging_mixin.py:190} INFO - [2024-11-05T10:40:02.544+0000] {dagbag.py:588} INFO - Filling up the DagBag from /home/airflow/.local/lib/python3.12/site-packages/airflow/example_dags/example_python_operator.py
[2024-11-05T10:40:02.564+0000] {processor.py:925} INFO - DAG(s) 'example_python_operator' retrieved from /home/airflow/.local/lib/python3.12/site-packages/airflow/example_dags/example_python_operator.py
[2024-11-05T10:40:02.584+0000] {logging_mixin.py:190} INFO - [2024-11-05T10:40:02.584+0000] {dag.py:3239} INFO - Sync 1 DAGs
[2024-11-05T10:40:02.599+0000] {logging_mixin.py:190} INFO - [2024-11-05T10:40:02.599+0000] {dag.py:4180} INFO - Setting next_dagrun for example_python_operator to None, run_after=None
[2024-11-05T10:40:02.619+0000] {processor.py:208} INFO - Processing /home/airflow/.local/lib/python3.12/site-packages/airflow/example_dags/example_python_operator.py took 0.086 seconds
[2024-11-05T10:40:33.209+0000] {processor.py:186} INFO - Started process (PID=500) to work on /home/airflow/.local/lib/python3.12/site-packages/airflow/example_dags/example_python_operator.py
[2024-11-05T10:40:33.210+0000] {processor.py:914} INFO - Processing file /home/airflow/.local/lib/python3.12/site-packages/airflow/example_dags/example_python_operator.py for tasks to queue
[2024-11-05T10:40:33.212+0000] {logging_mixin.py:190} INFO - [2024-11-05T10:40:33.212+0000] {dagbag.py:588} INFO - Filling up the DagBag from /home/airflow/.local/lib/python3.12/site-packages/airflow/example_dags/example_python_operator.py
[2024-11-05T10:40:33.231+0000] {processor.py:925} INFO - DAG(s) 'example_python_operator' retrieved from /home/airflow/.local/lib/python3.12/site-packages/airflow/example_dags/example_python_operator.py
[2024-11-05T10:40:33.253+0000] {logging_mixin.py:190} INFO - [2024-11-05T10:40:33.252+0000] {dag.py:3239} INFO - Sync 1 DAGs
[2024-11-05T10:40:33.270+0000] {logging_mixin.py:190} INFO - [2024-11-05T10:40:33.269+0000] {dag.py:4180} INFO - Setting next_dagrun for example_python_operator to None, run_after=None
[2024-11-05T10:40:33.294+0000] {processor.py:208} INFO - Processing /home/airflow/.local/lib/python3.12/site-packages/airflow/example_dags/example_python_operator.py took 0.091 seconds
[2024-11-05T10:41:03.346+0000] {processor.py:186} INFO - Started process (PID=563) to work on /home/airflow/.local/lib/python3.12/site-packages/airflow/example_dags/example_python_operator.py
[2024-11-05T10:41:03.348+0000] {processor.py:914} INFO - Processing file /home/airflow/.local/lib/python3.12/site-packages/airflow/example_dags/example_python_operator.py for tasks to queue
[2024-11-05T10:41:03.350+0000] {logging_mixin.py:190} INFO - [2024-11-05T10:41:03.350+0000] {dagbag.py:588} INFO - Filling up the DagBag from /home/airflow/.local/lib/python3.12/site-packages/airflow/example_dags/example_python_operator.py
[2024-11-05T10:41:03.370+0000] {processor.py:925} INFO - DAG(s) 'example_python_operator' retrieved from /home/airflow/.local/lib/python3.12/site-packages/airflow/example_dags/example_python_operator.py
[2024-11-05T10:41:03.393+0000] {logging_mixin.py:190} INFO - [2024-11-05T10:41:03.393+0000] {dag.py:3239} INFO - Sync 1 DAGs
[2024-11-05T10:41:03.410+0000] {logging_mixin.py:190} INFO - [2024-11-05T10:41:03.410+0000] {dag.py:4180} INFO - Setting next_dagrun for example_python_operator to None, run_after=None
[2024-11-05T10:41:03.434+0000] {processor.py:208} INFO - Processing /home/airflow/.local/lib/python3.12/site-packages/airflow/example_dags/example_python_operator.py took 0.096 seconds
[2024-11-05T10:41:33.726+0000] {processor.py:186} INFO - Started process (PID=626) to work on /home/airflow/.local/lib/python3.12/site-packages/airflow/example_dags/example_python_operator.py
[2024-11-05T10:41:33.727+0000] {processor.py:914} INFO - Processing file /home/airflow/.local/lib/python3.12/site-packages/airflow/example_dags/example_python_operator.py for tasks to queue
[2024-11-05T10:41:33.730+0000] {logging_mixin.py:190} INFO - [2024-11-05T10:41:33.729+0000] {dagbag.py:588} INFO - Filling up the DagBag from /home/airflow/.local/lib/python3.12/site-packages/airflow/example_dags/example_python_operator.py
[2024-11-05T10:41:33.748+0000] {processor.py:925} INFO - DAG(s) 'example_python_operator' retrieved from /home/airflow/.local/lib/python3.12/site-packages/airflow/example_dags/example_python_operator.py
[2024-11-05T10:41:33.770+0000] {logging_mixin.py:190} INFO - [2024-11-05T10:41:33.770+0000] {dag.py:3239} INFO - Sync 1 DAGs
[2024-11-05T10:41:33.786+0000] {logging_mixin.py:190} INFO - [2024-11-05T10:41:33.785+0000] {dag.py:4180} INFO - Setting next_dagrun for example_python_operator to None, run_after=None
[2024-11-05T10:41:33.807+0000] {processor.py:208} INFO - Processing /home/airflow/.local/lib/python3.12/site-packages/airflow/example_dags/example_python_operator.py took 0.087 seconds
[2024-11-05T10:42:04.517+0000] {processor.py:186} INFO - Started process (PID=689) to work on /home/airflow/.local/lib/python3.12/site-packages/airflow/example_dags/example_python_operator.py
[2024-11-05T10:42:04.519+0000] {processor.py:914} INFO - Processing file /home/airflow/.local/lib/python3.12/site-packages/airflow/example_dags/example_python_operator.py for tasks to queue
[2024-11-05T10:42:04.522+0000] {logging_mixin.py:190} INFO - [2024-11-05T10:42:04.521+0000] {dagbag.py:588} INFO - Filling up the DagBag from /home/airflow/.local/lib/python3.12/site-packages/airflow/example_dags/example_python_operator.py
[2024-11-05T10:42:04.551+0000] {processor.py:925} INFO - DAG(s) 'example_python_operator' retrieved from /home/airflow/.local/lib/python3.12/site-packages/airflow/example_dags/example_python_operator.py
[2024-11-05T10:42:04.587+0000] {logging_mixin.py:190} INFO - [2024-11-05T10:42:04.587+0000] {dag.py:3239} INFO - Sync 1 DAGs
[2024-11-05T10:42:04.613+0000] {logging_mixin.py:190} INFO - [2024-11-05T10:42:04.612+0000] {dag.py:4180} INFO - Setting next_dagrun for example_python_operator to None, run_after=None
[2024-11-05T10:42:04.641+0000] {processor.py:208} INFO - Processing /home/airflow/.local/lib/python3.12/site-packages/airflow/example_dags/example_python_operator.py took 0.131 seconds
[2024-11-05T10:42:35.381+0000] {processor.py:186} INFO - Started process (PID=751) to work on /home/airflow/.local/lib/python3.12/site-packages/airflow/example_dags/example_python_operator.py
[2024-11-05T10:42:35.383+0000] {processor.py:914} INFO - Processing file /home/airflow/.local/lib/python3.12/site-packages/airflow/example_dags/example_python_operator.py for tasks to queue
[2024-11-05T10:42:35.385+0000] {logging_mixin.py:190} INFO - [2024-11-05T10:42:35.385+0000] {dagbag.py:588} INFO - Filling up the DagBag from /home/airflow/.local/lib/python3.12/site-packages/airflow/example_dags/example_python_operator.py
[2024-11-05T10:42:35.405+0000] {processor.py:925} INFO - DAG(s) 'example_python_operator' retrieved from /home/airflow/.local/lib/python3.12/site-packages/airflow/example_dags/example_python_operator.py
[2024-11-05T10:42:35.437+0000] {logging_mixin.py:190} INFO - [2024-11-05T10:42:35.436+0000] {dag.py:3239} INFO - Sync 1 DAGs
[2024-11-05T10:42:35.458+0000] {logging_mixin.py:190} INFO - [2024-11-05T10:42:35.458+0000] {dag.py:4180} INFO - Setting next_dagrun for example_python_operator to None, run_after=None
[2024-11-05T10:42:35.484+0000] {processor.py:208} INFO - Processing /home/airflow/.local/lib/python3.12/site-packages/airflow/example_dags/example_python_operator.py took 0.109 seconds
[2024-11-05T10:43:05.829+0000] {processor.py:186} INFO - Started process (PID=814) to work on /home/airflow/.local/lib/python3.12/site-packages/airflow/example_dags/example_python_operator.py
[2024-11-05T10:43:05.830+0000] {processor.py:914} INFO - Processing file /home/airflow/.local/lib/python3.12/site-packages/airflow/example_dags/example_python_operator.py for tasks to queue
[2024-11-05T10:43:05.832+0000] {logging_mixin.py:190} INFO - [2024-11-05T10:43:05.832+0000] {dagbag.py:588} INFO - Filling up the DagBag from /home/airflow/.local/lib/python3.12/site-packages/airflow/example_dags/example_python_operator.py
[2024-11-05T10:43:05.858+0000] {processor.py:925} INFO - DAG(s) 'example_python_operator' retrieved from /home/airflow/.local/lib/python3.12/site-packages/airflow/example_dags/example_python_operator.py
[2024-11-05T10:43:05.883+0000] {logging_mixin.py:190} INFO - [2024-11-05T10:43:05.883+0000] {dag.py:3239} INFO - Sync 1 DAGs
[2024-11-05T10:43:05.899+0000] {logging_mixin.py:190} INFO - [2024-11-05T10:43:05.899+0000] {dag.py:4180} INFO - Setting next_dagrun for example_python_operator to None, run_after=None
[2024-11-05T10:43:05.920+0000] {processor.py:208} INFO - Processing /home/airflow/.local/lib/python3.12/site-packages/airflow/example_dags/example_python_operator.py took 0.096 seconds
[2024-11-05T10:43:36.417+0000] {processor.py:186} INFO - Started process (PID=878) to work on /home/airflow/.local/lib/python3.12/site-packages/airflow/example_dags/example_python_operator.py
[2024-11-05T10:43:36.419+0000] {processor.py:914} INFO - Processing file /home/airflow/.local/lib/python3.12/site-packages/airflow/example_dags/example_python_operator.py for tasks to queue
[2024-11-05T10:43:36.421+0000] {logging_mixin.py:190} INFO - [2024-11-05T10:43:36.421+0000] {dagbag.py:588} INFO - Filling up the DagBag from /home/airflow/.local/lib/python3.12/site-packages/airflow/example_dags/example_python_operator.py
[2024-11-05T10:43:36.439+0000] {processor.py:925} INFO - DAG(s) 'example_python_operator' retrieved from /home/airflow/.local/lib/python3.12/site-packages/airflow/example_dags/example_python_operator.py
[2024-11-05T10:43:36.460+0000] {logging_mixin.py:190} INFO - [2024-11-05T10:43:36.460+0000] {dag.py:3239} INFO - Sync 1 DAGs
[2024-11-05T10:43:36.477+0000] {logging_mixin.py:190} INFO - [2024-11-05T10:43:36.476+0000] {dag.py:4180} INFO - Setting next_dagrun for example_python_operator to None, run_after=None
[2024-11-05T10:43:36.504+0000] {processor.py:208} INFO - Processing /home/airflow/.local/lib/python3.12/site-packages/airflow/example_dags/example_python_operator.py took 0.093 seconds
[2024-11-05T10:44:07.267+0000] {processor.py:186} INFO - Started process (PID=942) to work on /home/airflow/.local/lib/python3.12/site-packages/airflow/example_dags/example_python_operator.py
[2024-11-05T10:44:07.268+0000] {processor.py:914} INFO - Processing file /home/airflow/.local/lib/python3.12/site-packages/airflow/example_dags/example_python_operator.py for tasks to queue
[2024-11-05T10:44:07.270+0000] {logging_mixin.py:190} INFO - [2024-11-05T10:44:07.270+0000] {dagbag.py:588} INFO - Filling up the DagBag from /home/airflow/.local/lib/python3.12/site-packages/airflow/example_dags/example_python_operator.py
[2024-11-05T10:44:07.291+0000] {processor.py:925} INFO - DAG(s) 'example_python_operator' retrieved from /home/airflow/.local/lib/python3.12/site-packages/airflow/example_dags/example_python_operator.py
[2024-11-05T10:44:07.311+0000] {logging_mixin.py:190} INFO - [2024-11-05T10:44:07.311+0000] {dag.py:3239} INFO - Sync 1 DAGs
[2024-11-05T10:44:07.325+0000] {logging_mixin.py:190} INFO - [2024-11-05T10:44:07.325+0000] {dag.py:4180} INFO - Setting next_dagrun for example_python_operator to None, run_after=None
[2024-11-05T10:44:07.343+0000] {processor.py:208} INFO - Processing /home/airflow/.local/lib/python3.12/site-packages/airflow/example_dags/example_python_operator.py took 0.082 seconds
[2024-11-05T10:44:37.848+0000] {processor.py:186} INFO - Started process (PID=1005) to work on /home/airflow/.local/lib/python3.12/site-packages/airflow/example_dags/example_python_operator.py
[2024-11-05T10:44:37.849+0000] {processor.py:914} INFO - Processing file /home/airflow/.local/lib/python3.12/site-packages/airflow/example_dags/example_python_operator.py for tasks to queue
[2024-11-05T10:44:37.852+0000] {logging_mixin.py:190} INFO - [2024-11-05T10:44:37.851+0000] {dagbag.py:588} INFO - Filling up the DagBag from /home/airflow/.local/lib/python3.12/site-packages/airflow/example_dags/example_python_operator.py
[2024-11-05T10:44:37.872+0000] {processor.py:925} INFO - DAG(s) 'example_python_operator' retrieved from /home/airflow/.local/lib/python3.12/site-packages/airflow/example_dags/example_python_operator.py
[2024-11-05T10:44:37.896+0000] {logging_mixin.py:190} INFO - [2024-11-05T10:44:37.896+0000] {dag.py:3239} INFO - Sync 1 DAGs
[2024-11-05T10:44:37.911+0000] {logging_mixin.py:190} INFO - [2024-11-05T10:44:37.911+0000] {dag.py:4180} INFO - Setting next_dagrun for example_python_operator to None, run_after=None
[2024-11-05T10:44:37.930+0000] {processor.py:208} INFO - Processing /home/airflow/.local/lib/python3.12/site-packages/airflow/example_dags/example_python_operator.py took 0.090 seconds
[2024-11-05T10:45:08.030+0000] {processor.py:186} INFO - Started process (PID=1068) to work on /home/airflow/.local/lib/python3.12/site-packages/airflow/example_dags/example_python_operator.py
[2024-11-05T10:45:08.031+0000] {processor.py:914} INFO - Processing file /home/airflow/.local/lib/python3.12/site-packages/airflow/example_dags/example_python_operator.py for tasks to queue
[2024-11-05T10:45:08.033+0000] {logging_mixin.py:190} INFO - [2024-11-05T10:45:08.033+0000] {dagbag.py:588} INFO - Filling up the DagBag from /home/airflow/.local/lib/python3.12/site-packages/airflow/example_dags/example_python_operator.py
[2024-11-05T10:45:08.052+0000] {processor.py:925} INFO - DAG(s) 'example_python_operator' retrieved from /home/airflow/.local/lib/python3.12/site-packages/airflow/example_dags/example_python_operator.py
[2024-11-05T10:45:08.075+0000] {logging_mixin.py:190} INFO - [2024-11-05T10:45:08.074+0000] {dag.py:3239} INFO - Sync 1 DAGs
[2024-11-05T10:45:08.089+0000] {logging_mixin.py:190} INFO - [2024-11-05T10:45:08.089+0000] {dag.py:4180} INFO - Setting next_dagrun for example_python_operator to None, run_after=None
[2024-11-05T10:45:08.108+0000] {processor.py:208} INFO - Processing /home/airflow/.local/lib/python3.12/site-packages/airflow/example_dags/example_python_operator.py took 0.085 seconds
[2024-11-05T10:45:38.321+0000] {processor.py:186} INFO - Started process (PID=1131) to work on /home/airflow/.local/lib/python3.12/site-packages/airflow/example_dags/example_python_operator.py
[2024-11-05T10:45:38.322+0000] {processor.py:914} INFO - Processing file /home/airflow/.local/lib/python3.12/site-packages/airflow/example_dags/example_python_operator.py for tasks to queue
[2024-11-05T10:45:38.324+0000] {logging_mixin.py:190} INFO - [2024-11-05T10:45:38.324+0000] {dagbag.py:588} INFO - Filling up the DagBag from /home/airflow/.local/lib/python3.12/site-packages/airflow/example_dags/example_python_operator.py
[2024-11-05T10:45:38.345+0000] {processor.py:925} INFO - DAG(s) 'example_python_operator' retrieved from /home/airflow/.local/lib/python3.12/site-packages/airflow/example_dags/example_python_operator.py
[2024-11-05T10:45:38.368+0000] {logging_mixin.py:190} INFO - [2024-11-05T10:45:38.368+0000] {dag.py:3239} INFO - Sync 1 DAGs
[2024-11-05T10:45:38.384+0000] {logging_mixin.py:190} INFO - [2024-11-05T10:45:38.384+0000] {dag.py:4180} INFO - Setting next_dagrun for example_python_operator to None, run_after=None
[2024-11-05T10:45:38.402+0000] {processor.py:208} INFO - Processing /home/airflow/.local/lib/python3.12/site-packages/airflow/example_dags/example_python_operator.py took 0.088 seconds
[2024-11-05T10:46:09.052+0000] {processor.py:186} INFO - Started process (PID=1194) to work on /home/airflow/.local/lib/python3.12/site-packages/airflow/example_dags/example_python_operator.py
[2024-11-05T10:46:09.053+0000] {processor.py:914} INFO - Processing file /home/airflow/.local/lib/python3.12/site-packages/airflow/example_dags/example_python_operator.py for tasks to queue
[2024-11-05T10:46:09.055+0000] {logging_mixin.py:190} INFO - [2024-11-05T10:46:09.055+0000] {dagbag.py:588} INFO - Filling up the DagBag from /home/airflow/.local/lib/python3.12/site-packages/airflow/example_dags/example_python_operator.py
[2024-11-05T10:46:09.074+0000] {processor.py:925} INFO - DAG(s) 'example_python_operator' retrieved from /home/airflow/.local/lib/python3.12/site-packages/airflow/example_dags/example_python_operator.py
[2024-11-05T10:46:09.102+0000] {logging_mixin.py:190} INFO - [2024-11-05T10:46:09.101+0000] {dag.py:3239} INFO - Sync 1 DAGs
[2024-11-05T10:46:09.125+0000] {logging_mixin.py:190} INFO - [2024-11-05T10:46:09.124+0000] {dag.py:4180} INFO - Setting next_dagrun for example_python_operator to None, run_after=None
[2024-11-05T10:46:09.150+0000] {processor.py:208} INFO - Processing /home/airflow/.local/lib/python3.12/site-packages/airflow/example_dags/example_python_operator.py took 0.104 seconds
[2024-11-05T10:46:39.791+0000] {processor.py:186} INFO - Started process (PID=1256) to work on /home/airflow/.local/lib/python3.12/site-packages/airflow/example_dags/example_python_operator.py
[2024-11-05T10:46:39.796+0000] {processor.py:914} INFO - Processing file /home/airflow/.local/lib/python3.12/site-packages/airflow/example_dags/example_python_operator.py for tasks to queue
[2024-11-05T10:46:39.800+0000] {logging_mixin.py:190} INFO - [2024-11-05T10:46:39.799+0000] {dagbag.py:588} INFO - Filling up the DagBag from /home/airflow/.local/lib/python3.12/site-packages/airflow/example_dags/example_python_operator.py
[2024-11-05T10:46:39.869+0000] {processor.py:925} INFO - DAG(s) 'example_python_operator' retrieved from /home/airflow/.local/lib/python3.12/site-packages/airflow/example_dags/example_python_operator.py
[2024-11-05T10:46:39.943+0000] {logging_mixin.py:190} INFO - [2024-11-05T10:46:39.943+0000] {dag.py:3239} INFO - Sync 1 DAGs
[2024-11-05T10:46:39.974+0000] {logging_mixin.py:190} INFO - [2024-11-05T10:46:39.973+0000] {dag.py:4180} INFO - Setting next_dagrun for example_python_operator to None, run_after=None
[2024-11-05T10:46:40.008+0000] {processor.py:208} INFO - Processing /home/airflow/.local/lib/python3.12/site-packages/airflow/example_dags/example_python_operator.py took 0.249 seconds
[2024-11-05T10:47:10.236+0000] {processor.py:186} INFO - Started process (PID=1319) to work on /home/airflow/.local/lib/python3.12/site-packages/airflow/example_dags/example_python_operator.py
[2024-11-05T10:47:10.237+0000] {processor.py:914} INFO - Processing file /home/airflow/.local/lib/python3.12/site-packages/airflow/example_dags/example_python_operator.py for tasks to queue
[2024-11-05T10:47:10.239+0000] {logging_mixin.py:190} INFO - [2024-11-05T10:47:10.239+0000] {dagbag.py:588} INFO - Filling up the DagBag from /home/airflow/.local/lib/python3.12/site-packages/airflow/example_dags/example_python_operator.py
[2024-11-05T10:47:10.258+0000] {processor.py:925} INFO - DAG(s) 'example_python_operator' retrieved from /home/airflow/.local/lib/python3.12/site-packages/airflow/example_dags/example_python_operator.py
[2024-11-05T10:47:10.279+0000] {logging_mixin.py:190} INFO - [2024-11-05T10:47:10.279+0000] {dag.py:3239} INFO - Sync 1 DAGs
[2024-11-05T10:47:10.294+0000] {logging_mixin.py:190} INFO - [2024-11-05T10:47:10.293+0000] {dag.py:4180} INFO - Setting next_dagrun for example_python_operator to None, run_after=None
[2024-11-05T10:47:10.314+0000] {processor.py:208} INFO - Processing /home/airflow/.local/lib/python3.12/site-packages/airflow/example_dags/example_python_operator.py took 0.084 seconds
[2024-11-05T10:47:40.501+0000] {processor.py:186} INFO - Started process (PID=1382) to work on /home/airflow/.local/lib/python3.12/site-packages/airflow/example_dags/example_python_operator.py
[2024-11-05T10:47:40.502+0000] {processor.py:914} INFO - Processing file /home/airflow/.local/lib/python3.12/site-packages/airflow/example_dags/example_python_operator.py for tasks to queue
[2024-11-05T10:47:40.506+0000] {logging_mixin.py:190} INFO - [2024-11-05T10:47:40.505+0000] {dagbag.py:588} INFO - Filling up the DagBag from /home/airflow/.local/lib/python3.12/site-packages/airflow/example_dags/example_python_operator.py
[2024-11-05T10:47:40.531+0000] {processor.py:925} INFO - DAG(s) 'example_python_operator' retrieved from /home/airflow/.local/lib/python3.12/site-packages/airflow/example_dags/example_python_operator.py
[2024-11-05T10:47:40.555+0000] {logging_mixin.py:190} INFO - [2024-11-05T10:47:40.555+0000] {dag.py:3239} INFO - Sync 1 DAGs
[2024-11-05T10:47:40.573+0000] {logging_mixin.py:190} INFO - [2024-11-05T10:47:40.573+0000] {dag.py:4180} INFO - Setting next_dagrun for example_python_operator to None, run_after=None
[2024-11-05T10:47:40.597+0000] {processor.py:208} INFO - Processing /home/airflow/.local/lib/python3.12/site-packages/airflow/example_dags/example_python_operator.py took 0.103 seconds
[2024-11-05T10:48:10.982+0000] {processor.py:186} INFO - Started process (PID=1444) to work on /home/airflow/.local/lib/python3.12/site-packages/airflow/example_dags/example_python_operator.py
[2024-11-05T10:48:10.983+0000] {processor.py:914} INFO - Processing file /home/airflow/.local/lib/python3.12/site-packages/airflow/example_dags/example_python_operator.py for tasks to queue
[2024-11-05T10:48:10.986+0000] {logging_mixin.py:190} INFO - [2024-11-05T10:48:10.986+0000] {dagbag.py:588} INFO - Filling up the DagBag from /home/airflow/.local/lib/python3.12/site-packages/airflow/example_dags/example_python_operator.py
[2024-11-05T10:48:11.022+0000] {processor.py:925} INFO - DAG(s) 'example_python_operator' retrieved from /home/airflow/.local/lib/python3.12/site-packages/airflow/example_dags/example_python_operator.py
[2024-11-05T10:48:11.066+0000] {logging_mixin.py:190} INFO - [2024-11-05T10:48:11.066+0000] {dag.py:3239} INFO - Sync 1 DAGs
[2024-11-05T10:48:11.088+0000] {logging_mixin.py:190} INFO - [2024-11-05T10:48:11.088+0000] {dag.py:4180} INFO - Setting next_dagrun for example_python_operator to None, run_after=None
[2024-11-05T10:48:11.134+0000] {processor.py:208} INFO - Processing /home/airflow/.local/lib/python3.12/site-packages/airflow/example_dags/example_python_operator.py took 0.162 seconds
[2024-11-05T10:48:41.756+0000] {processor.py:186} INFO - Started process (PID=1507) to work on /home/airflow/.local/lib/python3.12/site-packages/airflow/example_dags/example_python_operator.py
[2024-11-05T10:48:41.757+0000] {processor.py:914} INFO - Processing file /home/airflow/.local/lib/python3.12/site-packages/airflow/example_dags/example_python_operator.py for tasks to queue
[2024-11-05T10:48:41.760+0000] {logging_mixin.py:190} INFO - [2024-11-05T10:48:41.759+0000] {dagbag.py:588} INFO - Filling up the DagBag from /home/airflow/.local/lib/python3.12/site-packages/airflow/example_dags/example_python_operator.py
[2024-11-05T10:48:41.789+0000] {processor.py:925} INFO - DAG(s) 'example_python_operator' retrieved from /home/airflow/.local/lib/python3.12/site-packages/airflow/example_dags/example_python_operator.py
[2024-11-05T10:48:41.823+0000] {logging_mixin.py:190} INFO - [2024-11-05T10:48:41.823+0000] {dag.py:3239} INFO - Sync 1 DAGs
[2024-11-05T10:48:41.844+0000] {logging_mixin.py:190} INFO - [2024-11-05T10:48:41.844+0000] {dag.py:4180} INFO - Setting next_dagrun for example_python_operator to None, run_after=None
[2024-11-05T10:48:41.874+0000] {processor.py:208} INFO - Processing /home/airflow/.local/lib/python3.12/site-packages/airflow/example_dags/example_python_operator.py took 0.124 seconds
[2024-11-05T10:49:12.491+0000] {processor.py:186} INFO - Started process (PID=1569) to work on /home/airflow/.local/lib/python3.12/site-packages/airflow/example_dags/example_python_operator.py
[2024-11-05T10:49:12.493+0000] {processor.py:914} INFO - Processing file /home/airflow/.local/lib/python3.12/site-packages/airflow/example_dags/example_python_operator.py for tasks to queue
[2024-11-05T10:49:12.496+0000] {logging_mixin.py:190} INFO - [2024-11-05T10:49:12.496+0000] {dagbag.py:588} INFO - Filling up the DagBag from /home/airflow/.local/lib/python3.12/site-packages/airflow/example_dags/example_python_operator.py
[2024-11-05T10:49:12.517+0000] {processor.py:925} INFO - DAG(s) 'example_python_operator' retrieved from /home/airflow/.local/lib/python3.12/site-packages/airflow/example_dags/example_python_operator.py
[2024-11-05T10:49:12.557+0000] {logging_mixin.py:190} INFO - [2024-11-05T10:49:12.556+0000] {dag.py:3239} INFO - Sync 1 DAGs
[2024-11-05T10:49:12.587+0000] {logging_mixin.py:190} INFO - [2024-11-05T10:49:12.586+0000] {dag.py:4180} INFO - Setting next_dagrun for example_python_operator to None, run_after=None
[2024-11-05T10:49:12.613+0000] {processor.py:208} INFO - Processing /home/airflow/.local/lib/python3.12/site-packages/airflow/example_dags/example_python_operator.py took 0.129 seconds
[2024-11-05T10:49:43.460+0000] {processor.py:186} INFO - Started process (PID=1632) to work on /home/airflow/.local/lib/python3.12/site-packages/airflow/example_dags/example_python_operator.py
[2024-11-05T10:49:43.461+0000] {processor.py:914} INFO - Processing file /home/airflow/.local/lib/python3.12/site-packages/airflow/example_dags/example_python_operator.py for tasks to queue
[2024-11-05T10:49:43.464+0000] {logging_mixin.py:190} INFO - [2024-11-05T10:49:43.463+0000] {dagbag.py:588} INFO - Filling up the DagBag from /home/airflow/.local/lib/python3.12/site-packages/airflow/example_dags/example_python_operator.py
[2024-11-05T10:49:43.491+0000] {processor.py:925} INFO - DAG(s) 'example_python_operator' retrieved from /home/airflow/.local/lib/python3.12/site-packages/airflow/example_dags/example_python_operator.py
[2024-11-05T10:49:43.514+0000] {logging_mixin.py:190} INFO - [2024-11-05T10:49:43.513+0000] {dag.py:3239} INFO - Sync 1 DAGs
[2024-11-05T10:49:43.530+0000] {logging_mixin.py:190} INFO - [2024-11-05T10:49:43.530+0000] {dag.py:4180} INFO - Setting next_dagrun for example_python_operator to None, run_after=None
[2024-11-05T10:49:43.565+0000] {processor.py:208} INFO - Processing /home/airflow/.local/lib/python3.12/site-packages/airflow/example_dags/example_python_operator.py took 0.114 seconds
[2024-11-05T10:50:13.633+0000] {processor.py:186} INFO - Started process (PID=1695) to work on /home/airflow/.local/lib/python3.12/site-packages/airflow/example_dags/example_python_operator.py
[2024-11-05T10:50:13.634+0000] {processor.py:914} INFO - Processing file /home/airflow/.local/lib/python3.12/site-packages/airflow/example_dags/example_python_operator.py for tasks to queue
[2024-11-05T10:50:13.638+0000] {logging_mixin.py:190} INFO - [2024-11-05T10:50:13.637+0000] {dagbag.py:588} INFO - Filling up the DagBag from /home/airflow/.local/lib/python3.12/site-packages/airflow/example_dags/example_python_operator.py
[2024-11-05T10:50:13.673+0000] {processor.py:925} INFO - DAG(s) 'example_python_operator' retrieved from /home/airflow/.local/lib/python3.12/site-packages/airflow/example_dags/example_python_operator.py
[2024-11-05T10:50:13.714+0000] {logging_mixin.py:190} INFO - [2024-11-05T10:50:13.714+0000] {dag.py:3239} INFO - Sync 1 DAGs
[2024-11-05T10:50:13.742+0000] {logging_mixin.py:190} INFO - [2024-11-05T10:50:13.742+0000] {dag.py:4180} INFO - Setting next_dagrun for example_python_operator to None, run_after=None
[2024-11-05T10:50:13.781+0000] {processor.py:208} INFO - Processing /home/airflow/.local/lib/python3.12/site-packages/airflow/example_dags/example_python_operator.py took 0.159 seconds
[2024-11-05T10:50:43.840+0000] {processor.py:186} INFO - Started process (PID=1757) to work on /home/airflow/.local/lib/python3.12/site-packages/airflow/example_dags/example_python_operator.py
[2024-11-05T10:50:43.842+0000] {processor.py:914} INFO - Processing file /home/airflow/.local/lib/python3.12/site-packages/airflow/example_dags/example_python_operator.py for tasks to queue
[2024-11-05T10:50:43.844+0000] {logging_mixin.py:190} INFO - [2024-11-05T10:50:43.844+0000] {dagbag.py:588} INFO - Filling up the DagBag from /home/airflow/.local/lib/python3.12/site-packages/airflow/example_dags/example_python_operator.py
[2024-11-05T10:50:43.868+0000] {processor.py:925} INFO - DAG(s) 'example_python_operator' retrieved from /home/airflow/.local/lib/python3.12/site-packages/airflow/example_dags/example_python_operator.py
[2024-11-05T10:50:43.900+0000] {logging_mixin.py:190} INFO - [2024-11-05T10:50:43.900+0000] {dag.py:3239} INFO - Sync 1 DAGs
[2024-11-05T10:50:43.927+0000] {logging_mixin.py:190} INFO - [2024-11-05T10:50:43.927+0000] {dag.py:4180} INFO - Setting next_dagrun for example_python_operator to None, run_after=None
[2024-11-05T10:50:43.951+0000] {processor.py:208} INFO - Processing /home/airflow/.local/lib/python3.12/site-packages/airflow/example_dags/example_python_operator.py took 0.118 seconds
[2024-11-05T10:51:14.308+0000] {processor.py:186} INFO - Started process (PID=1820) to work on /home/airflow/.local/lib/python3.12/site-packages/airflow/example_dags/example_python_operator.py
[2024-11-05T10:51:14.312+0000] {processor.py:914} INFO - Processing file /home/airflow/.local/lib/python3.12/site-packages/airflow/example_dags/example_python_operator.py for tasks to queue
[2024-11-05T10:51:14.315+0000] {logging_mixin.py:190} INFO - [2024-11-05T10:51:14.314+0000] {dagbag.py:588} INFO - Filling up the DagBag from /home/airflow/.local/lib/python3.12/site-packages/airflow/example_dags/example_python_operator.py
[2024-11-05T10:51:14.346+0000] {processor.py:925} INFO - DAG(s) 'example_python_operator' retrieved from /home/airflow/.local/lib/python3.12/site-packages/airflow/example_dags/example_python_operator.py
[2024-11-05T10:51:14.390+0000] {logging_mixin.py:190} INFO - [2024-11-05T10:51:14.389+0000] {dag.py:3239} INFO - Sync 1 DAGs
[2024-11-05T10:51:14.425+0000] {logging_mixin.py:190} INFO - [2024-11-05T10:51:14.424+0000] {dag.py:4180} INFO - Setting next_dagrun for example_python_operator to None, run_after=None
[2024-11-05T10:51:14.462+0000] {processor.py:208} INFO - Processing /home/airflow/.local/lib/python3.12/site-packages/airflow/example_dags/example_python_operator.py took 0.163 seconds
[2024-11-05T10:51:44.780+0000] {processor.py:186} INFO - Started process (PID=1883) to work on /home/airflow/.local/lib/python3.12/site-packages/airflow/example_dags/example_python_operator.py
[2024-11-05T10:51:44.782+0000] {processor.py:914} INFO - Processing file /home/airflow/.local/lib/python3.12/site-packages/airflow/example_dags/example_python_operator.py for tasks to queue
[2024-11-05T10:51:44.786+0000] {logging_mixin.py:190} INFO - [2024-11-05T10:51:44.785+0000] {dagbag.py:588} INFO - Filling up the DagBag from /home/airflow/.local/lib/python3.12/site-packages/airflow/example_dags/example_python_operator.py
[2024-11-05T10:51:44.821+0000] {processor.py:925} INFO - DAG(s) 'example_python_operator' retrieved from /home/airflow/.local/lib/python3.12/site-packages/airflow/example_dags/example_python_operator.py
[2024-11-05T10:51:44.871+0000] {logging_mixin.py:190} INFO - [2024-11-05T10:51:44.870+0000] {dag.py:3239} INFO - Sync 1 DAGs
[2024-11-05T10:51:44.899+0000] {logging_mixin.py:190} INFO - [2024-11-05T10:51:44.898+0000] {dag.py:4180} INFO - Setting next_dagrun for example_python_operator to None, run_after=None
[2024-11-05T10:51:44.937+0000] {processor.py:208} INFO - Processing /home/airflow/.local/lib/python3.12/site-packages/airflow/example_dags/example_python_operator.py took 0.178 seconds
[2024-11-05T10:52:15.032+0000] {processor.py:186} INFO - Started process (PID=1947) to work on /home/airflow/.local/lib/python3.12/site-packages/airflow/example_dags/example_python_operator.py
[2024-11-05T10:52:15.034+0000] {processor.py:914} INFO - Processing file /home/airflow/.local/lib/python3.12/site-packages/airflow/example_dags/example_python_operator.py for tasks to queue
[2024-11-05T10:52:15.041+0000] {logging_mixin.py:190} INFO - [2024-11-05T10:52:15.040+0000] {dagbag.py:588} INFO - Filling up the DagBag from /home/airflow/.local/lib/python3.12/site-packages/airflow/example_dags/example_python_operator.py
[2024-11-05T10:52:15.085+0000] {processor.py:925} INFO - DAG(s) 'example_python_operator' retrieved from /home/airflow/.local/lib/python3.12/site-packages/airflow/example_dags/example_python_operator.py
[2024-11-05T10:52:15.140+0000] {logging_mixin.py:190} INFO - [2024-11-05T10:52:15.139+0000] {dag.py:3239} INFO - Sync 1 DAGs
[2024-11-05T10:52:15.179+0000] {logging_mixin.py:190} INFO - [2024-11-05T10:52:15.178+0000] {dag.py:4180} INFO - Setting next_dagrun for example_python_operator to None, run_after=None
[2024-11-05T10:52:15.220+0000] {processor.py:208} INFO - Processing /home/airflow/.local/lib/python3.12/site-packages/airflow/example_dags/example_python_operator.py took 0.199 seconds
[2024-11-05T10:52:45.574+0000] {processor.py:186} INFO - Started process (PID=2010) to work on /home/airflow/.local/lib/python3.12/site-packages/airflow/example_dags/example_python_operator.py
[2024-11-05T10:52:45.575+0000] {processor.py:914} INFO - Processing file /home/airflow/.local/lib/python3.12/site-packages/airflow/example_dags/example_python_operator.py for tasks to queue
[2024-11-05T10:52:45.579+0000] {logging_mixin.py:190} INFO - [2024-11-05T10:52:45.578+0000] {dagbag.py:588} INFO - Filling up the DagBag from /home/airflow/.local/lib/python3.12/site-packages/airflow/example_dags/example_python_operator.py
[2024-11-05T10:52:45.609+0000] {processor.py:925} INFO - DAG(s) 'example_python_operator' retrieved from /home/airflow/.local/lib/python3.12/site-packages/airflow/example_dags/example_python_operator.py
[2024-11-05T10:52:45.639+0000] {logging_mixin.py:190} INFO - [2024-11-05T10:52:45.639+0000] {dag.py:3239} INFO - Sync 1 DAGs
[2024-11-05T10:52:45.660+0000] {logging_mixin.py:190} INFO - [2024-11-05T10:52:45.660+0000] {dag.py:4180} INFO - Setting next_dagrun for example_python_operator to None, run_after=None
[2024-11-05T10:52:45.684+0000] {processor.py:208} INFO - Processing /home/airflow/.local/lib/python3.12/site-packages/airflow/example_dags/example_python_operator.py took 0.116 seconds
[2024-11-05T10:53:15.838+0000] {processor.py:186} INFO - Started process (PID=2073) to work on /home/airflow/.local/lib/python3.12/site-packages/airflow/example_dags/example_python_operator.py
[2024-11-05T10:53:15.839+0000] {processor.py:914} INFO - Processing file /home/airflow/.local/lib/python3.12/site-packages/airflow/example_dags/example_python_operator.py for tasks to queue
[2024-11-05T10:53:15.843+0000] {logging_mixin.py:190} INFO - [2024-11-05T10:53:15.843+0000] {dagbag.py:588} INFO - Filling up the DagBag from /home/airflow/.local/lib/python3.12/site-packages/airflow/example_dags/example_python_operator.py
[2024-11-05T10:53:15.870+0000] {processor.py:925} INFO - DAG(s) 'example_python_operator' retrieved from /home/airflow/.local/lib/python3.12/site-packages/airflow/example_dags/example_python_operator.py
[2024-11-05T10:53:15.902+0000] {logging_mixin.py:190} INFO - [2024-11-05T10:53:15.902+0000] {dag.py:3239} INFO - Sync 1 DAGs
[2024-11-05T10:53:15.921+0000] {logging_mixin.py:190} INFO - [2024-11-05T10:53:15.921+0000] {dag.py:4180} INFO - Setting next_dagrun for example_python_operator to None, run_after=None
[2024-11-05T10:53:15.945+0000] {processor.py:208} INFO - Processing /home/airflow/.local/lib/python3.12/site-packages/airflow/example_dags/example_python_operator.py took 0.117 seconds
[2024-11-05T10:53:46.465+0000] {processor.py:186} INFO - Started process (PID=2136) to work on /home/airflow/.local/lib/python3.12/site-packages/airflow/example_dags/example_python_operator.py
[2024-11-05T10:53:46.466+0000] {processor.py:914} INFO - Processing file /home/airflow/.local/lib/python3.12/site-packages/airflow/example_dags/example_python_operator.py for tasks to queue
[2024-11-05T10:53:46.469+0000] {logging_mixin.py:190} INFO - [2024-11-05T10:53:46.468+0000] {dagbag.py:588} INFO - Filling up the DagBag from /home/airflow/.local/lib/python3.12/site-packages/airflow/example_dags/example_python_operator.py
[2024-11-05T10:53:46.494+0000] {processor.py:925} INFO - DAG(s) 'example_python_operator' retrieved from /home/airflow/.local/lib/python3.12/site-packages/airflow/example_dags/example_python_operator.py
[2024-11-05T10:53:46.526+0000] {logging_mixin.py:190} INFO - [2024-11-05T10:53:46.526+0000] {dag.py:3239} INFO - Sync 1 DAGs
[2024-11-05T10:53:46.548+0000] {logging_mixin.py:190} INFO - [2024-11-05T10:53:46.547+0000] {dag.py:4180} INFO - Setting next_dagrun for example_python_operator to None, run_after=None
[2024-11-05T10:53:46.573+0000] {processor.py:208} INFO - Processing /home/airflow/.local/lib/python3.12/site-packages/airflow/example_dags/example_python_operator.py took 0.115 seconds
[2024-11-05T10:54:16.625+0000] {processor.py:186} INFO - Started process (PID=2199) to work on /home/airflow/.local/lib/python3.12/site-packages/airflow/example_dags/example_python_operator.py
[2024-11-05T10:54:16.626+0000] {processor.py:914} INFO - Processing file /home/airflow/.local/lib/python3.12/site-packages/airflow/example_dags/example_python_operator.py for tasks to queue
[2024-11-05T10:54:16.628+0000] {logging_mixin.py:190} INFO - [2024-11-05T10:54:16.628+0000] {dagbag.py:588} INFO - Filling up the DagBag from /home/airflow/.local/lib/python3.12/site-packages/airflow/example_dags/example_python_operator.py
[2024-11-05T10:54:16.652+0000] {processor.py:925} INFO - DAG(s) 'example_python_operator' retrieved from /home/airflow/.local/lib/python3.12/site-packages/airflow/example_dags/example_python_operator.py
[2024-11-05T10:54:16.676+0000] {logging_mixin.py:190} INFO - [2024-11-05T10:54:16.676+0000] {dag.py:3239} INFO - Sync 1 DAGs
[2024-11-05T10:54:16.693+0000] {logging_mixin.py:190} INFO - [2024-11-05T10:54:16.693+0000] {dag.py:4180} INFO - Setting next_dagrun for example_python_operator to None, run_after=None
[2024-11-05T10:54:16.717+0000] {processor.py:208} INFO - Processing /home/airflow/.local/lib/python3.12/site-packages/airflow/example_dags/example_python_operator.py took 0.098 seconds
