[2024-11-05T10:37:07.788+0000] {processor.py:186} INFO - Started process (PID=81) to work on /home/airflow/.local/lib/python3.12/site-packages/airflow/example_dags/example_latest_only_with_trigger.py
[2024-11-05T10:37:07.789+0000] {processor.py:914} INFO - Processing file /home/airflow/.local/lib/python3.12/site-packages/airflow/example_dags/example_latest_only_with_trigger.py for tasks to queue
[2024-11-05T10:37:07.792+0000] {logging_mixin.py:190} INFO - [2024-11-05T10:37:07.791+0000] {dagbag.py:588} INFO - Filling up the DagBag from /home/airflow/.local/lib/python3.12/site-packages/airflow/example_dags/example_latest_only_with_trigger.py
[2024-11-05T10:37:07.800+0000] {processor.py:925} INFO - DAG(s) 'latest_only_with_trigger' retrieved from /home/airflow/.local/lib/python3.12/site-packages/airflow/example_dags/example_latest_only_with_trigger.py
[2024-11-05T10:37:07.976+0000] {logging_mixin.py:190} INFO - [2024-11-05T10:37:07.975+0000] {override.py:1900} INFO - Created Permission View: can delete on DAG:latest_only_with_trigger
[2024-11-05T10:37:07.987+0000] {logging_mixin.py:190} INFO - [2024-11-05T10:37:07.987+0000] {override.py:1900} INFO - Created Permission View: can read on DAG:latest_only_with_trigger
[2024-11-05T10:37:07.997+0000] {logging_mixin.py:190} INFO - [2024-11-05T10:37:07.996+0000] {override.py:1900} INFO - Created Permission View: can edit on DAG:latest_only_with_trigger
[2024-11-05T10:37:08.005+0000] {logging_mixin.py:190} INFO - [2024-11-05T10:37:08.005+0000] {override.py:1900} INFO - Created Permission View: can delete on DAG Run:latest_only_with_trigger
[2024-11-05T10:37:08.013+0000] {logging_mixin.py:190} INFO - [2024-11-05T10:37:08.013+0000] {override.py:1900} INFO - Created Permission View: can create on DAG Run:latest_only_with_trigger
[2024-11-05T10:37:08.024+0000] {logging_mixin.py:190} INFO - [2024-11-05T10:37:08.023+0000] {override.py:1900} INFO - Created Permission View: can read on DAG Run:latest_only_with_trigger
[2024-11-05T10:37:08.032+0000] {logging_mixin.py:190} INFO - [2024-11-05T10:37:08.031+0000] {override.py:1900} INFO - Created Permission View: menu access on DAG Run:latest_only_with_trigger
[2024-11-05T10:37:08.032+0000] {logging_mixin.py:190} INFO - [2024-11-05T10:37:08.032+0000] {dag.py:3239} INFO - Sync 1 DAGs
[2024-11-05T10:37:08.047+0000] {logging_mixin.py:190} INFO - [2024-11-05T10:37:08.047+0000] {dag.py:3262} INFO - Creating ORM DAG for latest_only_with_trigger
[2024-11-05T10:37:08.058+0000] {logging_mixin.py:190} INFO - [2024-11-05T10:37:08.058+0000] {dag.py:4180} INFO - Setting next_dagrun for latest_only_with_trigger to 2024-11-05 04:00:00+00:00, run_after=2024-11-05 08:00:00+00:00
[2024-11-05T10:37:08.075+0000] {processor.py:208} INFO - Processing /home/airflow/.local/lib/python3.12/site-packages/airflow/example_dags/example_latest_only_with_trigger.py took 0.296 seconds
[2024-11-05T10:37:38.938+0000] {processor.py:186} INFO - Started process (PID=143) to work on /home/airflow/.local/lib/python3.12/site-packages/airflow/example_dags/example_latest_only_with_trigger.py
[2024-11-05T10:37:38.944+0000] {processor.py:914} INFO - Processing file /home/airflow/.local/lib/python3.12/site-packages/airflow/example_dags/example_latest_only_with_trigger.py for tasks to queue
[2024-11-05T10:37:38.947+0000] {logging_mixin.py:190} INFO - [2024-11-05T10:37:38.947+0000] {dagbag.py:588} INFO - Filling up the DagBag from /home/airflow/.local/lib/python3.12/site-packages/airflow/example_dags/example_latest_only_with_trigger.py
[2024-11-05T10:37:38.957+0000] {processor.py:925} INFO - DAG(s) 'latest_only_with_trigger' retrieved from /home/airflow/.local/lib/python3.12/site-packages/airflow/example_dags/example_latest_only_with_trigger.py
[2024-11-05T10:37:38.981+0000] {logging_mixin.py:190} INFO - [2024-11-05T10:37:38.981+0000] {dag.py:3239} INFO - Sync 1 DAGs
[2024-11-05T10:37:39.007+0000] {logging_mixin.py:190} INFO - [2024-11-05T10:37:39.007+0000] {dag.py:4180} INFO - Setting next_dagrun for latest_only_with_trigger to 2024-11-05 04:00:00+00:00, run_after=2024-11-05 08:00:00+00:00
[2024-11-05T10:37:39.029+0000] {processor.py:208} INFO - Processing /home/airflow/.local/lib/python3.12/site-packages/airflow/example_dags/example_latest_only_with_trigger.py took 0.099 seconds
[2024-11-05T10:38:09.159+0000] {processor.py:186} INFO - Started process (PID=206) to work on /home/airflow/.local/lib/python3.12/site-packages/airflow/example_dags/example_latest_only_with_trigger.py
[2024-11-05T10:38:09.160+0000] {processor.py:914} INFO - Processing file /home/airflow/.local/lib/python3.12/site-packages/airflow/example_dags/example_latest_only_with_trigger.py for tasks to queue
[2024-11-05T10:38:09.163+0000] {logging_mixin.py:190} INFO - [2024-11-05T10:38:09.162+0000] {dagbag.py:588} INFO - Filling up the DagBag from /home/airflow/.local/lib/python3.12/site-packages/airflow/example_dags/example_latest_only_with_trigger.py
[2024-11-05T10:38:09.172+0000] {processor.py:925} INFO - DAG(s) 'latest_only_with_trigger' retrieved from /home/airflow/.local/lib/python3.12/site-packages/airflow/example_dags/example_latest_only_with_trigger.py
[2024-11-05T10:38:09.201+0000] {logging_mixin.py:190} INFO - [2024-11-05T10:38:09.201+0000] {dag.py:3239} INFO - Sync 1 DAGs
[2024-11-05T10:38:09.229+0000] {logging_mixin.py:190} INFO - [2024-11-05T10:38:09.228+0000] {dag.py:4180} INFO - Setting next_dagrun for latest_only_with_trigger to 2024-11-05 04:00:00+00:00, run_after=2024-11-05 08:00:00+00:00
[2024-11-05T10:38:09.249+0000] {processor.py:208} INFO - Processing /home/airflow/.local/lib/python3.12/site-packages/airflow/example_dags/example_latest_only_with_trigger.py took 0.096 seconds
[2024-11-05T10:38:39.746+0000] {processor.py:186} INFO - Started process (PID=269) to work on /home/airflow/.local/lib/python3.12/site-packages/airflow/example_dags/example_latest_only_with_trigger.py
[2024-11-05T10:38:39.748+0000] {processor.py:914} INFO - Processing file /home/airflow/.local/lib/python3.12/site-packages/airflow/example_dags/example_latest_only_with_trigger.py for tasks to queue
[2024-11-05T10:38:39.750+0000] {logging_mixin.py:190} INFO - [2024-11-05T10:38:39.750+0000] {dagbag.py:588} INFO - Filling up the DagBag from /home/airflow/.local/lib/python3.12/site-packages/airflow/example_dags/example_latest_only_with_trigger.py
[2024-11-05T10:38:39.758+0000] {processor.py:925} INFO - DAG(s) 'latest_only_with_trigger' retrieved from /home/airflow/.local/lib/python3.12/site-packages/airflow/example_dags/example_latest_only_with_trigger.py
[2024-11-05T10:38:39.783+0000] {logging_mixin.py:190} INFO - [2024-11-05T10:38:39.783+0000] {dag.py:3239} INFO - Sync 1 DAGs
[2024-11-05T10:38:39.809+0000] {logging_mixin.py:190} INFO - [2024-11-05T10:38:39.809+0000] {dag.py:4180} INFO - Setting next_dagrun for latest_only_with_trigger to 2024-11-05 04:00:00+00:00, run_after=2024-11-05 08:00:00+00:00
[2024-11-05T10:38:39.833+0000] {processor.py:208} INFO - Processing /home/airflow/.local/lib/python3.12/site-packages/airflow/example_dags/example_latest_only_with_trigger.py took 0.094 seconds
[2024-11-05T10:39:10.815+0000] {processor.py:186} INFO - Started process (PID=331) to work on /home/airflow/.local/lib/python3.12/site-packages/airflow/example_dags/example_latest_only_with_trigger.py
[2024-11-05T10:39:10.817+0000] {processor.py:914} INFO - Processing file /home/airflow/.local/lib/python3.12/site-packages/airflow/example_dags/example_latest_only_with_trigger.py for tasks to queue
[2024-11-05T10:39:10.821+0000] {logging_mixin.py:190} INFO - [2024-11-05T10:39:10.820+0000] {dagbag.py:588} INFO - Filling up the DagBag from /home/airflow/.local/lib/python3.12/site-packages/airflow/example_dags/example_latest_only_with_trigger.py
[2024-11-05T10:39:10.845+0000] {processor.py:925} INFO - DAG(s) 'latest_only_with_trigger' retrieved from /home/airflow/.local/lib/python3.12/site-packages/airflow/example_dags/example_latest_only_with_trigger.py
[2024-11-05T10:39:10.877+0000] {logging_mixin.py:190} INFO - [2024-11-05T10:39:10.877+0000] {dag.py:3239} INFO - Sync 1 DAGs
[2024-11-05T10:39:10.918+0000] {logging_mixin.py:190} INFO - [2024-11-05T10:39:10.917+0000] {dag.py:4180} INFO - Setting next_dagrun for latest_only_with_trigger to 2024-11-05 04:00:00+00:00, run_after=2024-11-05 08:00:00+00:00
[2024-11-05T10:39:10.947+0000] {processor.py:208} INFO - Processing /home/airflow/.local/lib/python3.12/site-packages/airflow/example_dags/example_latest_only_with_trigger.py took 0.141 seconds
[2024-11-05T10:39:41.566+0000] {processor.py:186} INFO - Started process (PID=393) to work on /home/airflow/.local/lib/python3.12/site-packages/airflow/example_dags/example_latest_only_with_trigger.py
[2024-11-05T10:39:41.567+0000] {processor.py:914} INFO - Processing file /home/airflow/.local/lib/python3.12/site-packages/airflow/example_dags/example_latest_only_with_trigger.py for tasks to queue
[2024-11-05T10:39:41.571+0000] {logging_mixin.py:190} INFO - [2024-11-05T10:39:41.570+0000] {dagbag.py:588} INFO - Filling up the DagBag from /home/airflow/.local/lib/python3.12/site-packages/airflow/example_dags/example_latest_only_with_trigger.py
[2024-11-05T10:39:41.585+0000] {processor.py:925} INFO - DAG(s) 'latest_only_with_trigger' retrieved from /home/airflow/.local/lib/python3.12/site-packages/airflow/example_dags/example_latest_only_with_trigger.py
[2024-11-05T10:39:41.623+0000] {logging_mixin.py:190} INFO - [2024-11-05T10:39:41.623+0000] {dag.py:3239} INFO - Sync 1 DAGs
[2024-11-05T10:39:41.655+0000] {logging_mixin.py:190} INFO - [2024-11-05T10:39:41.655+0000] {dag.py:4180} INFO - Setting next_dagrun for latest_only_with_trigger to 2024-11-05 04:00:00+00:00, run_after=2024-11-05 08:00:00+00:00
[2024-11-05T10:39:41.680+0000] {processor.py:208} INFO - Processing /home/airflow/.local/lib/python3.12/site-packages/airflow/example_dags/example_latest_only_with_trigger.py took 0.126 seconds
[2024-11-05T10:40:11.853+0000] {processor.py:186} INFO - Started process (PID=456) to work on /home/airflow/.local/lib/python3.12/site-packages/airflow/example_dags/example_latest_only_with_trigger.py
[2024-11-05T10:40:11.854+0000] {processor.py:914} INFO - Processing file /home/airflow/.local/lib/python3.12/site-packages/airflow/example_dags/example_latest_only_with_trigger.py for tasks to queue
[2024-11-05T10:40:11.857+0000] {logging_mixin.py:190} INFO - [2024-11-05T10:40:11.856+0000] {dagbag.py:588} INFO - Filling up the DagBag from /home/airflow/.local/lib/python3.12/site-packages/airflow/example_dags/example_latest_only_with_trigger.py
[2024-11-05T10:40:11.866+0000] {processor.py:925} INFO - DAG(s) 'latest_only_with_trigger' retrieved from /home/airflow/.local/lib/python3.12/site-packages/airflow/example_dags/example_latest_only_with_trigger.py
[2024-11-05T10:40:11.892+0000] {logging_mixin.py:190} INFO - [2024-11-05T10:40:11.892+0000] {dag.py:3239} INFO - Sync 1 DAGs
[2024-11-05T10:40:11.918+0000] {logging_mixin.py:190} INFO - [2024-11-05T10:40:11.918+0000] {dag.py:4180} INFO - Setting next_dagrun for latest_only_with_trigger to 2024-11-05 04:00:00+00:00, run_after=2024-11-05 08:00:00+00:00
[2024-11-05T10:40:11.938+0000] {processor.py:208} INFO - Processing /home/airflow/.local/lib/python3.12/site-packages/airflow/example_dags/example_latest_only_with_trigger.py took 0.092 seconds
[2024-11-05T10:40:42.348+0000] {processor.py:186} INFO - Started process (PID=519) to work on /home/airflow/.local/lib/python3.12/site-packages/airflow/example_dags/example_latest_only_with_trigger.py
[2024-11-05T10:40:42.349+0000] {processor.py:914} INFO - Processing file /home/airflow/.local/lib/python3.12/site-packages/airflow/example_dags/example_latest_only_with_trigger.py for tasks to queue
[2024-11-05T10:40:42.352+0000] {logging_mixin.py:190} INFO - [2024-11-05T10:40:42.351+0000] {dagbag.py:588} INFO - Filling up the DagBag from /home/airflow/.local/lib/python3.12/site-packages/airflow/example_dags/example_latest_only_with_trigger.py
[2024-11-05T10:40:42.361+0000] {processor.py:925} INFO - DAG(s) 'latest_only_with_trigger' retrieved from /home/airflow/.local/lib/python3.12/site-packages/airflow/example_dags/example_latest_only_with_trigger.py
[2024-11-05T10:40:42.382+0000] {logging_mixin.py:190} INFO - [2024-11-05T10:40:42.381+0000] {dag.py:3239} INFO - Sync 1 DAGs
[2024-11-05T10:40:42.411+0000] {logging_mixin.py:190} INFO - [2024-11-05T10:40:42.411+0000] {dag.py:4180} INFO - Setting next_dagrun for latest_only_with_trigger to 2024-11-05 04:00:00+00:00, run_after=2024-11-05 08:00:00+00:00
[2024-11-05T10:40:42.434+0000] {processor.py:208} INFO - Processing /home/airflow/.local/lib/python3.12/site-packages/airflow/example_dags/example_latest_only_with_trigger.py took 0.093 seconds
[2024-11-05T10:41:12.592+0000] {processor.py:186} INFO - Started process (PID=582) to work on /home/airflow/.local/lib/python3.12/site-packages/airflow/example_dags/example_latest_only_with_trigger.py
[2024-11-05T10:41:12.594+0000] {processor.py:914} INFO - Processing file /home/airflow/.local/lib/python3.12/site-packages/airflow/example_dags/example_latest_only_with_trigger.py for tasks to queue
[2024-11-05T10:41:12.597+0000] {logging_mixin.py:190} INFO - [2024-11-05T10:41:12.597+0000] {dagbag.py:588} INFO - Filling up the DagBag from /home/airflow/.local/lib/python3.12/site-packages/airflow/example_dags/example_latest_only_with_trigger.py
[2024-11-05T10:41:12.608+0000] {processor.py:925} INFO - DAG(s) 'latest_only_with_trigger' retrieved from /home/airflow/.local/lib/python3.12/site-packages/airflow/example_dags/example_latest_only_with_trigger.py
[2024-11-05T10:41:12.631+0000] {logging_mixin.py:190} INFO - [2024-11-05T10:41:12.631+0000] {dag.py:3239} INFO - Sync 1 DAGs
[2024-11-05T10:41:12.658+0000] {logging_mixin.py:190} INFO - [2024-11-05T10:41:12.658+0000] {dag.py:4180} INFO - Setting next_dagrun for latest_only_with_trigger to 2024-11-05 04:00:00+00:00, run_after=2024-11-05 08:00:00+00:00
[2024-11-05T10:41:12.679+0000] {processor.py:208} INFO - Processing /home/airflow/.local/lib/python3.12/site-packages/airflow/example_dags/example_latest_only_with_trigger.py took 0.093 seconds
[2024-11-05T10:41:42.810+0000] {processor.py:186} INFO - Started process (PID=645) to work on /home/airflow/.local/lib/python3.12/site-packages/airflow/example_dags/example_latest_only_with_trigger.py
[2024-11-05T10:41:42.811+0000] {processor.py:914} INFO - Processing file /home/airflow/.local/lib/python3.12/site-packages/airflow/example_dags/example_latest_only_with_trigger.py for tasks to queue
[2024-11-05T10:41:42.815+0000] {logging_mixin.py:190} INFO - [2024-11-05T10:41:42.815+0000] {dagbag.py:588} INFO - Filling up the DagBag from /home/airflow/.local/lib/python3.12/site-packages/airflow/example_dags/example_latest_only_with_trigger.py
[2024-11-05T10:41:42.827+0000] {processor.py:925} INFO - DAG(s) 'latest_only_with_trigger' retrieved from /home/airflow/.local/lib/python3.12/site-packages/airflow/example_dags/example_latest_only_with_trigger.py
[2024-11-05T10:41:42.850+0000] {logging_mixin.py:190} INFO - [2024-11-05T10:41:42.850+0000] {dag.py:3239} INFO - Sync 1 DAGs
[2024-11-05T10:41:42.884+0000] {logging_mixin.py:190} INFO - [2024-11-05T10:41:42.883+0000] {dag.py:4180} INFO - Setting next_dagrun for latest_only_with_trigger to 2024-11-05 04:00:00+00:00, run_after=2024-11-05 08:00:00+00:00
[2024-11-05T10:41:42.908+0000] {processor.py:208} INFO - Processing /home/airflow/.local/lib/python3.12/site-packages/airflow/example_dags/example_latest_only_with_trigger.py took 0.106 seconds
[2024-11-05T10:42:13.381+0000] {processor.py:186} INFO - Started process (PID=708) to work on /home/airflow/.local/lib/python3.12/site-packages/airflow/example_dags/example_latest_only_with_trigger.py
[2024-11-05T10:42:13.383+0000] {processor.py:914} INFO - Processing file /home/airflow/.local/lib/python3.12/site-packages/airflow/example_dags/example_latest_only_with_trigger.py for tasks to queue
[2024-11-05T10:42:13.385+0000] {logging_mixin.py:190} INFO - [2024-11-05T10:42:13.385+0000] {dagbag.py:588} INFO - Filling up the DagBag from /home/airflow/.local/lib/python3.12/site-packages/airflow/example_dags/example_latest_only_with_trigger.py
[2024-11-05T10:42:13.395+0000] {processor.py:925} INFO - DAG(s) 'latest_only_with_trigger' retrieved from /home/airflow/.local/lib/python3.12/site-packages/airflow/example_dags/example_latest_only_with_trigger.py
[2024-11-05T10:42:13.420+0000] {logging_mixin.py:190} INFO - [2024-11-05T10:42:13.419+0000] {dag.py:3239} INFO - Sync 1 DAGs
[2024-11-05T10:42:13.444+0000] {logging_mixin.py:190} INFO - [2024-11-05T10:42:13.444+0000] {dag.py:4180} INFO - Setting next_dagrun for latest_only_with_trigger to 2024-11-05 04:00:00+00:00, run_after=2024-11-05 08:00:00+00:00
[2024-11-05T10:42:13.464+0000] {processor.py:208} INFO - Processing /home/airflow/.local/lib/python3.12/site-packages/airflow/example_dags/example_latest_only_with_trigger.py took 0.089 seconds
[2024-11-05T10:42:43.853+0000] {processor.py:186} INFO - Started process (PID=770) to work on /home/airflow/.local/lib/python3.12/site-packages/airflow/example_dags/example_latest_only_with_trigger.py
[2024-11-05T10:42:43.854+0000] {processor.py:914} INFO - Processing file /home/airflow/.local/lib/python3.12/site-packages/airflow/example_dags/example_latest_only_with_trigger.py for tasks to queue
[2024-11-05T10:42:43.856+0000] {logging_mixin.py:190} INFO - [2024-11-05T10:42:43.856+0000] {dagbag.py:588} INFO - Filling up the DagBag from /home/airflow/.local/lib/python3.12/site-packages/airflow/example_dags/example_latest_only_with_trigger.py
[2024-11-05T10:42:43.864+0000] {processor.py:925} INFO - DAG(s) 'latest_only_with_trigger' retrieved from /home/airflow/.local/lib/python3.12/site-packages/airflow/example_dags/example_latest_only_with_trigger.py
[2024-11-05T10:42:43.887+0000] {logging_mixin.py:190} INFO - [2024-11-05T10:42:43.887+0000] {dag.py:3239} INFO - Sync 1 DAGs
[2024-11-05T10:42:43.916+0000] {logging_mixin.py:190} INFO - [2024-11-05T10:42:43.915+0000] {dag.py:4180} INFO - Setting next_dagrun for latest_only_with_trigger to 2024-11-05 04:00:00+00:00, run_after=2024-11-05 08:00:00+00:00
[2024-11-05T10:42:43.939+0000] {processor.py:208} INFO - Processing /home/airflow/.local/lib/python3.12/site-packages/airflow/example_dags/example_latest_only_with_trigger.py took 0.092 seconds
[2024-11-05T10:43:14.628+0000] {processor.py:186} INFO - Started process (PID=833) to work on /home/airflow/.local/lib/python3.12/site-packages/airflow/example_dags/example_latest_only_with_trigger.py
[2024-11-05T10:43:14.630+0000] {processor.py:914} INFO - Processing file /home/airflow/.local/lib/python3.12/site-packages/airflow/example_dags/example_latest_only_with_trigger.py for tasks to queue
[2024-11-05T10:43:14.635+0000] {logging_mixin.py:190} INFO - [2024-11-05T10:43:14.633+0000] {dagbag.py:588} INFO - Filling up the DagBag from /home/airflow/.local/lib/python3.12/site-packages/airflow/example_dags/example_latest_only_with_trigger.py
[2024-11-05T10:43:14.647+0000] {processor.py:925} INFO - DAG(s) 'latest_only_with_trigger' retrieved from /home/airflow/.local/lib/python3.12/site-packages/airflow/example_dags/example_latest_only_with_trigger.py
[2024-11-05T10:43:14.681+0000] {logging_mixin.py:190} INFO - [2024-11-05T10:43:14.681+0000] {dag.py:3239} INFO - Sync 1 DAGs
[2024-11-05T10:43:14.718+0000] {logging_mixin.py:190} INFO - [2024-11-05T10:43:14.717+0000] {dag.py:4180} INFO - Setting next_dagrun for latest_only_with_trigger to 2024-11-05 04:00:00+00:00, run_after=2024-11-05 08:00:00+00:00
[2024-11-05T10:43:14.747+0000] {processor.py:208} INFO - Processing /home/airflow/.local/lib/python3.12/site-packages/airflow/example_dags/example_latest_only_with_trigger.py took 0.128 seconds
[2024-11-05T10:43:44.818+0000] {processor.py:186} INFO - Started process (PID=897) to work on /home/airflow/.local/lib/python3.12/site-packages/airflow/example_dags/example_latest_only_with_trigger.py
[2024-11-05T10:43:44.819+0000] {processor.py:914} INFO - Processing file /home/airflow/.local/lib/python3.12/site-packages/airflow/example_dags/example_latest_only_with_trigger.py for tasks to queue
[2024-11-05T10:43:44.821+0000] {logging_mixin.py:190} INFO - [2024-11-05T10:43:44.821+0000] {dagbag.py:588} INFO - Filling up the DagBag from /home/airflow/.local/lib/python3.12/site-packages/airflow/example_dags/example_latest_only_with_trigger.py
[2024-11-05T10:43:44.829+0000] {processor.py:925} INFO - DAG(s) 'latest_only_with_trigger' retrieved from /home/airflow/.local/lib/python3.12/site-packages/airflow/example_dags/example_latest_only_with_trigger.py
[2024-11-05T10:43:44.851+0000] {logging_mixin.py:190} INFO - [2024-11-05T10:43:44.850+0000] {dag.py:3239} INFO - Sync 1 DAGs
[2024-11-05T10:43:44.887+0000] {logging_mixin.py:190} INFO - [2024-11-05T10:43:44.886+0000] {dag.py:4180} INFO - Setting next_dagrun for latest_only_with_trigger to 2024-11-05 04:00:00+00:00, run_after=2024-11-05 08:00:00+00:00
[2024-11-05T10:43:44.915+0000] {processor.py:208} INFO - Processing /home/airflow/.local/lib/python3.12/site-packages/airflow/example_dags/example_latest_only_with_trigger.py took 0.105 seconds
[2024-11-05T10:44:15.581+0000] {processor.py:186} INFO - Started process (PID=961) to work on /home/airflow/.local/lib/python3.12/site-packages/airflow/example_dags/example_latest_only_with_trigger.py
[2024-11-05T10:44:15.582+0000] {processor.py:914} INFO - Processing file /home/airflow/.local/lib/python3.12/site-packages/airflow/example_dags/example_latest_only_with_trigger.py for tasks to queue
[2024-11-05T10:44:15.585+0000] {logging_mixin.py:190} INFO - [2024-11-05T10:44:15.584+0000] {dagbag.py:588} INFO - Filling up the DagBag from /home/airflow/.local/lib/python3.12/site-packages/airflow/example_dags/example_latest_only_with_trigger.py
[2024-11-05T10:44:15.592+0000] {processor.py:925} INFO - DAG(s) 'latest_only_with_trigger' retrieved from /home/airflow/.local/lib/python3.12/site-packages/airflow/example_dags/example_latest_only_with_trigger.py
[2024-11-05T10:44:15.614+0000] {logging_mixin.py:190} INFO - [2024-11-05T10:44:15.613+0000] {dag.py:3239} INFO - Sync 1 DAGs
[2024-11-05T10:44:15.645+0000] {logging_mixin.py:190} INFO - [2024-11-05T10:44:15.645+0000] {dag.py:4180} INFO - Setting next_dagrun for latest_only_with_trigger to 2024-11-05 04:00:00+00:00, run_after=2024-11-05 08:00:00+00:00
[2024-11-05T10:44:15.676+0000] {processor.py:208} INFO - Processing /home/airflow/.local/lib/python3.12/site-packages/airflow/example_dags/example_latest_only_with_trigger.py took 0.101 seconds
[2024-11-05T10:44:45.886+0000] {processor.py:186} INFO - Started process (PID=1023) to work on /home/airflow/.local/lib/python3.12/site-packages/airflow/example_dags/example_latest_only_with_trigger.py
[2024-11-05T10:44:45.888+0000] {processor.py:914} INFO - Processing file /home/airflow/.local/lib/python3.12/site-packages/airflow/example_dags/example_latest_only_with_trigger.py for tasks to queue
[2024-11-05T10:44:45.890+0000] {logging_mixin.py:190} INFO - [2024-11-05T10:44:45.890+0000] {dagbag.py:588} INFO - Filling up the DagBag from /home/airflow/.local/lib/python3.12/site-packages/airflow/example_dags/example_latest_only_with_trigger.py
[2024-11-05T10:44:45.899+0000] {processor.py:925} INFO - DAG(s) 'latest_only_with_trigger' retrieved from /home/airflow/.local/lib/python3.12/site-packages/airflow/example_dags/example_latest_only_with_trigger.py
[2024-11-05T10:44:45.920+0000] {logging_mixin.py:190} INFO - [2024-11-05T10:44:45.920+0000] {dag.py:3239} INFO - Sync 1 DAGs
[2024-11-05T10:44:45.947+0000] {logging_mixin.py:190} INFO - [2024-11-05T10:44:45.947+0000] {dag.py:4180} INFO - Setting next_dagrun for latest_only_with_trigger to 2024-11-05 04:00:00+00:00, run_after=2024-11-05 08:00:00+00:00
[2024-11-05T10:44:45.970+0000] {processor.py:208} INFO - Processing /home/airflow/.local/lib/python3.12/site-packages/airflow/example_dags/example_latest_only_with_trigger.py took 0.091 seconds
[2024-11-05T10:45:16.147+0000] {processor.py:186} INFO - Started process (PID=1086) to work on /home/airflow/.local/lib/python3.12/site-packages/airflow/example_dags/example_latest_only_with_trigger.py
[2024-11-05T10:45:16.148+0000] {processor.py:914} INFO - Processing file /home/airflow/.local/lib/python3.12/site-packages/airflow/example_dags/example_latest_only_with_trigger.py for tasks to queue
[2024-11-05T10:45:16.150+0000] {logging_mixin.py:190} INFO - [2024-11-05T10:45:16.150+0000] {dagbag.py:588} INFO - Filling up the DagBag from /home/airflow/.local/lib/python3.12/site-packages/airflow/example_dags/example_latest_only_with_trigger.py
[2024-11-05T10:45:16.158+0000] {processor.py:925} INFO - DAG(s) 'latest_only_with_trigger' retrieved from /home/airflow/.local/lib/python3.12/site-packages/airflow/example_dags/example_latest_only_with_trigger.py
[2024-11-05T10:45:16.183+0000] {logging_mixin.py:190} INFO - [2024-11-05T10:45:16.182+0000] {dag.py:3239} INFO - Sync 1 DAGs
[2024-11-05T10:45:16.216+0000] {logging_mixin.py:190} INFO - [2024-11-05T10:45:16.216+0000] {dag.py:4180} INFO - Setting next_dagrun for latest_only_with_trigger to 2024-11-05 04:00:00+00:00, run_after=2024-11-05 08:00:00+00:00
[2024-11-05T10:45:16.240+0000] {processor.py:208} INFO - Processing /home/airflow/.local/lib/python3.12/site-packages/airflow/example_dags/example_latest_only_with_trigger.py took 0.100 seconds
[2024-11-05T10:45:46.373+0000] {processor.py:186} INFO - Started process (PID=1149) to work on /home/airflow/.local/lib/python3.12/site-packages/airflow/example_dags/example_latest_only_with_trigger.py
[2024-11-05T10:45:46.374+0000] {processor.py:914} INFO - Processing file /home/airflow/.local/lib/python3.12/site-packages/airflow/example_dags/example_latest_only_with_trigger.py for tasks to queue
[2024-11-05T10:45:46.376+0000] {logging_mixin.py:190} INFO - [2024-11-05T10:45:46.376+0000] {dagbag.py:588} INFO - Filling up the DagBag from /home/airflow/.local/lib/python3.12/site-packages/airflow/example_dags/example_latest_only_with_trigger.py
[2024-11-05T10:45:46.383+0000] {processor.py:925} INFO - DAG(s) 'latest_only_with_trigger' retrieved from /home/airflow/.local/lib/python3.12/site-packages/airflow/example_dags/example_latest_only_with_trigger.py
[2024-11-05T10:45:46.402+0000] {logging_mixin.py:190} INFO - [2024-11-05T10:45:46.402+0000] {dag.py:3239} INFO - Sync 1 DAGs
[2024-11-05T10:45:46.426+0000] {logging_mixin.py:190} INFO - [2024-11-05T10:45:46.425+0000] {dag.py:4180} INFO - Setting next_dagrun for latest_only_with_trigger to 2024-11-05 04:00:00+00:00, run_after=2024-11-05 08:00:00+00:00
[2024-11-05T10:45:46.445+0000] {processor.py:208} INFO - Processing /home/airflow/.local/lib/python3.12/site-packages/airflow/example_dags/example_latest_only_with_trigger.py took 0.078 seconds
[2024-11-05T10:46:17.236+0000] {processor.py:186} INFO - Started process (PID=1212) to work on /home/airflow/.local/lib/python3.12/site-packages/airflow/example_dags/example_latest_only_with_trigger.py
[2024-11-05T10:46:17.237+0000] {processor.py:914} INFO - Processing file /home/airflow/.local/lib/python3.12/site-packages/airflow/example_dags/example_latest_only_with_trigger.py for tasks to queue
[2024-11-05T10:46:17.240+0000] {logging_mixin.py:190} INFO - [2024-11-05T10:46:17.240+0000] {dagbag.py:588} INFO - Filling up the DagBag from /home/airflow/.local/lib/python3.12/site-packages/airflow/example_dags/example_latest_only_with_trigger.py
[2024-11-05T10:46:17.249+0000] {processor.py:925} INFO - DAG(s) 'latest_only_with_trigger' retrieved from /home/airflow/.local/lib/python3.12/site-packages/airflow/example_dags/example_latest_only_with_trigger.py
[2024-11-05T10:46:17.277+0000] {logging_mixin.py:190} INFO - [2024-11-05T10:46:17.276+0000] {dag.py:3239} INFO - Sync 1 DAGs
[2024-11-05T10:46:17.320+0000] {logging_mixin.py:190} INFO - [2024-11-05T10:46:17.319+0000] {dag.py:4180} INFO - Setting next_dagrun for latest_only_with_trigger to 2024-11-05 04:00:00+00:00, run_after=2024-11-05 08:00:00+00:00
[2024-11-05T10:46:17.342+0000] {processor.py:208} INFO - Processing /home/airflow/.local/lib/python3.12/site-packages/airflow/example_dags/example_latest_only_with_trigger.py took 0.113 seconds
[2024-11-05T10:46:48.245+0000] {processor.py:186} INFO - Started process (PID=1274) to work on /home/airflow/.local/lib/python3.12/site-packages/airflow/example_dags/example_latest_only_with_trigger.py
[2024-11-05T10:46:48.247+0000] {processor.py:914} INFO - Processing file /home/airflow/.local/lib/python3.12/site-packages/airflow/example_dags/example_latest_only_with_trigger.py for tasks to queue
[2024-11-05T10:46:48.249+0000] {logging_mixin.py:190} INFO - [2024-11-05T10:46:48.249+0000] {dagbag.py:588} INFO - Filling up the DagBag from /home/airflow/.local/lib/python3.12/site-packages/airflow/example_dags/example_latest_only_with_trigger.py
[2024-11-05T10:46:48.260+0000] {processor.py:925} INFO - DAG(s) 'latest_only_with_trigger' retrieved from /home/airflow/.local/lib/python3.12/site-packages/airflow/example_dags/example_latest_only_with_trigger.py
[2024-11-05T10:46:48.286+0000] {logging_mixin.py:190} INFO - [2024-11-05T10:46:48.286+0000] {dag.py:3239} INFO - Sync 1 DAGs
[2024-11-05T10:46:48.313+0000] {logging_mixin.py:190} INFO - [2024-11-05T10:46:48.313+0000] {dag.py:4180} INFO - Setting next_dagrun for latest_only_with_trigger to 2024-11-05 04:00:00+00:00, run_after=2024-11-05 08:00:00+00:00
[2024-11-05T10:46:48.340+0000] {processor.py:208} INFO - Processing /home/airflow/.local/lib/python3.12/site-packages/airflow/example_dags/example_latest_only_with_trigger.py took 0.115 seconds
[2024-11-05T10:47:18.673+0000] {processor.py:186} INFO - Started process (PID=1337) to work on /home/airflow/.local/lib/python3.12/site-packages/airflow/example_dags/example_latest_only_with_trigger.py
[2024-11-05T10:47:18.674+0000] {processor.py:914} INFO - Processing file /home/airflow/.local/lib/python3.12/site-packages/airflow/example_dags/example_latest_only_with_trigger.py for tasks to queue
[2024-11-05T10:47:18.677+0000] {logging_mixin.py:190} INFO - [2024-11-05T10:47:18.676+0000] {dagbag.py:588} INFO - Filling up the DagBag from /home/airflow/.local/lib/python3.12/site-packages/airflow/example_dags/example_latest_only_with_trigger.py
[2024-11-05T10:47:18.685+0000] {processor.py:925} INFO - DAG(s) 'latest_only_with_trigger' retrieved from /home/airflow/.local/lib/python3.12/site-packages/airflow/example_dags/example_latest_only_with_trigger.py
[2024-11-05T10:47:18.704+0000] {logging_mixin.py:190} INFO - [2024-11-05T10:47:18.704+0000] {dag.py:3239} INFO - Sync 1 DAGs
[2024-11-05T10:47:18.733+0000] {logging_mixin.py:190} INFO - [2024-11-05T10:47:18.733+0000] {dag.py:4180} INFO - Setting next_dagrun for latest_only_with_trigger to 2024-11-05 04:00:00+00:00, run_after=2024-11-05 08:00:00+00:00
[2024-11-05T10:47:18.754+0000] {processor.py:208} INFO - Processing /home/airflow/.local/lib/python3.12/site-packages/airflow/example_dags/example_latest_only_with_trigger.py took 0.086 seconds
[2024-11-05T10:47:49.019+0000] {processor.py:186} INFO - Started process (PID=1400) to work on /home/airflow/.local/lib/python3.12/site-packages/airflow/example_dags/example_latest_only_with_trigger.py
[2024-11-05T10:47:49.021+0000] {processor.py:914} INFO - Processing file /home/airflow/.local/lib/python3.12/site-packages/airflow/example_dags/example_latest_only_with_trigger.py for tasks to queue
[2024-11-05T10:47:49.025+0000] {logging_mixin.py:190} INFO - [2024-11-05T10:47:49.024+0000] {dagbag.py:588} INFO - Filling up the DagBag from /home/airflow/.local/lib/python3.12/site-packages/airflow/example_dags/example_latest_only_with_trigger.py
[2024-11-05T10:47:49.042+0000] {processor.py:925} INFO - DAG(s) 'latest_only_with_trigger' retrieved from /home/airflow/.local/lib/python3.12/site-packages/airflow/example_dags/example_latest_only_with_trigger.py
[2024-11-05T10:47:49.095+0000] {logging_mixin.py:190} INFO - [2024-11-05T10:47:49.095+0000] {dag.py:3239} INFO - Sync 1 DAGs
[2024-11-05T10:47:49.138+0000] {logging_mixin.py:190} INFO - [2024-11-05T10:47:49.137+0000] {dag.py:4180} INFO - Setting next_dagrun for latest_only_with_trigger to 2024-11-05 04:00:00+00:00, run_after=2024-11-05 08:00:00+00:00
[2024-11-05T10:47:49.167+0000] {processor.py:208} INFO - Processing /home/airflow/.local/lib/python3.12/site-packages/airflow/example_dags/example_latest_only_with_trigger.py took 0.156 seconds
[2024-11-05T10:48:20.066+0000] {processor.py:186} INFO - Started process (PID=1462) to work on /home/airflow/.local/lib/python3.12/site-packages/airflow/example_dags/example_latest_only_with_trigger.py
[2024-11-05T10:48:20.066+0000] {processor.py:914} INFO - Processing file /home/airflow/.local/lib/python3.12/site-packages/airflow/example_dags/example_latest_only_with_trigger.py for tasks to queue
[2024-11-05T10:48:20.069+0000] {logging_mixin.py:190} INFO - [2024-11-05T10:48:20.068+0000] {dagbag.py:588} INFO - Filling up the DagBag from /home/airflow/.local/lib/python3.12/site-packages/airflow/example_dags/example_latest_only_with_trigger.py
[2024-11-05T10:48:20.076+0000] {processor.py:925} INFO - DAG(s) 'latest_only_with_trigger' retrieved from /home/airflow/.local/lib/python3.12/site-packages/airflow/example_dags/example_latest_only_with_trigger.py
[2024-11-05T10:48:20.095+0000] {logging_mixin.py:190} INFO - [2024-11-05T10:48:20.094+0000] {dag.py:3239} INFO - Sync 1 DAGs
[2024-11-05T10:48:20.118+0000] {logging_mixin.py:190} INFO - [2024-11-05T10:48:20.118+0000] {dag.py:4180} INFO - Setting next_dagrun for latest_only_with_trigger to 2024-11-05 04:00:00+00:00, run_after=2024-11-05 08:00:00+00:00
[2024-11-05T10:48:20.136+0000] {processor.py:208} INFO - Processing /home/airflow/.local/lib/python3.12/site-packages/airflow/example_dags/example_latest_only_with_trigger.py took 0.076 seconds
[2024-11-05T10:48:51.225+0000] {processor.py:186} INFO - Started process (PID=1525) to work on /home/airflow/.local/lib/python3.12/site-packages/airflow/example_dags/example_latest_only_with_trigger.py
[2024-11-05T10:48:51.226+0000] {processor.py:914} INFO - Processing file /home/airflow/.local/lib/python3.12/site-packages/airflow/example_dags/example_latest_only_with_trigger.py for tasks to queue
[2024-11-05T10:48:51.230+0000] {logging_mixin.py:190} INFO - [2024-11-05T10:48:51.229+0000] {dagbag.py:588} INFO - Filling up the DagBag from /home/airflow/.local/lib/python3.12/site-packages/airflow/example_dags/example_latest_only_with_trigger.py
[2024-11-05T10:48:51.242+0000] {processor.py:925} INFO - DAG(s) 'latest_only_with_trigger' retrieved from /home/airflow/.local/lib/python3.12/site-packages/airflow/example_dags/example_latest_only_with_trigger.py
[2024-11-05T10:48:51.281+0000] {logging_mixin.py:190} INFO - [2024-11-05T10:48:51.280+0000] {dag.py:3239} INFO - Sync 1 DAGs
[2024-11-05T10:48:51.332+0000] {logging_mixin.py:190} INFO - [2024-11-05T10:48:51.332+0000] {dag.py:4180} INFO - Setting next_dagrun for latest_only_with_trigger to 2024-11-05 04:00:00+00:00, run_after=2024-11-05 08:00:00+00:00
[2024-11-05T10:48:51.368+0000] {processor.py:208} INFO - Processing /home/airflow/.local/lib/python3.12/site-packages/airflow/example_dags/example_latest_only_with_trigger.py took 0.149 seconds
[2024-11-05T10:49:21.881+0000] {processor.py:186} INFO - Started process (PID=1587) to work on /home/airflow/.local/lib/python3.12/site-packages/airflow/example_dags/example_latest_only_with_trigger.py
[2024-11-05T10:49:21.883+0000] {processor.py:914} INFO - Processing file /home/airflow/.local/lib/python3.12/site-packages/airflow/example_dags/example_latest_only_with_trigger.py for tasks to queue
[2024-11-05T10:49:21.885+0000] {logging_mixin.py:190} INFO - [2024-11-05T10:49:21.885+0000] {dagbag.py:588} INFO - Filling up the DagBag from /home/airflow/.local/lib/python3.12/site-packages/airflow/example_dags/example_latest_only_with_trigger.py
[2024-11-05T10:49:21.894+0000] {processor.py:925} INFO - DAG(s) 'latest_only_with_trigger' retrieved from /home/airflow/.local/lib/python3.12/site-packages/airflow/example_dags/example_latest_only_with_trigger.py
[2024-11-05T10:49:21.923+0000] {logging_mixin.py:190} INFO - [2024-11-05T10:49:21.923+0000] {dag.py:3239} INFO - Sync 1 DAGs
[2024-11-05T10:49:21.958+0000] {logging_mixin.py:190} INFO - [2024-11-05T10:49:21.958+0000] {dag.py:4180} INFO - Setting next_dagrun for latest_only_with_trigger to 2024-11-05 04:00:00+00:00, run_after=2024-11-05 08:00:00+00:00
[2024-11-05T10:49:21.981+0000] {processor.py:208} INFO - Processing /home/airflow/.local/lib/python3.12/site-packages/airflow/example_dags/example_latest_only_with_trigger.py took 0.107 seconds
[2024-11-05T10:49:52.490+0000] {processor.py:186} INFO - Started process (PID=1650) to work on /home/airflow/.local/lib/python3.12/site-packages/airflow/example_dags/example_latest_only_with_trigger.py
[2024-11-05T10:49:52.491+0000] {processor.py:914} INFO - Processing file /home/airflow/.local/lib/python3.12/site-packages/airflow/example_dags/example_latest_only_with_trigger.py for tasks to queue
[2024-11-05T10:49:52.493+0000] {logging_mixin.py:190} INFO - [2024-11-05T10:49:52.493+0000] {dagbag.py:588} INFO - Filling up the DagBag from /home/airflow/.local/lib/python3.12/site-packages/airflow/example_dags/example_latest_only_with_trigger.py
[2024-11-05T10:49:52.500+0000] {processor.py:925} INFO - DAG(s) 'latest_only_with_trigger' retrieved from /home/airflow/.local/lib/python3.12/site-packages/airflow/example_dags/example_latest_only_with_trigger.py
[2024-11-05T10:49:52.524+0000] {logging_mixin.py:190} INFO - [2024-11-05T10:49:52.524+0000] {dag.py:3239} INFO - Sync 1 DAGs
[2024-11-05T10:49:52.552+0000] {logging_mixin.py:190} INFO - [2024-11-05T10:49:52.551+0000] {dag.py:4180} INFO - Setting next_dagrun for latest_only_with_trigger to 2024-11-05 04:00:00+00:00, run_after=2024-11-05 08:00:00+00:00
[2024-11-05T10:49:52.576+0000] {processor.py:208} INFO - Processing /home/airflow/.local/lib/python3.12/site-packages/airflow/example_dags/example_latest_only_with_trigger.py took 0.095 seconds
[2024-11-05T10:50:22.805+0000] {processor.py:186} INFO - Started process (PID=1713) to work on /home/airflow/.local/lib/python3.12/site-packages/airflow/example_dags/example_latest_only_with_trigger.py
[2024-11-05T10:50:22.806+0000] {processor.py:914} INFO - Processing file /home/airflow/.local/lib/python3.12/site-packages/airflow/example_dags/example_latest_only_with_trigger.py for tasks to queue
[2024-11-05T10:50:22.810+0000] {logging_mixin.py:190} INFO - [2024-11-05T10:50:22.810+0000] {dagbag.py:588} INFO - Filling up the DagBag from /home/airflow/.local/lib/python3.12/site-packages/airflow/example_dags/example_latest_only_with_trigger.py
[2024-11-05T10:50:22.818+0000] {processor.py:925} INFO - DAG(s) 'latest_only_with_trigger' retrieved from /home/airflow/.local/lib/python3.12/site-packages/airflow/example_dags/example_latest_only_with_trigger.py
[2024-11-05T10:50:22.838+0000] {logging_mixin.py:190} INFO - [2024-11-05T10:50:22.838+0000] {dag.py:3239} INFO - Sync 1 DAGs
[2024-11-05T10:50:22.863+0000] {logging_mixin.py:190} INFO - [2024-11-05T10:50:22.863+0000] {dag.py:4180} INFO - Setting next_dagrun for latest_only_with_trigger to 2024-11-05 04:00:00+00:00, run_after=2024-11-05 08:00:00+00:00
[2024-11-05T10:50:22.882+0000] {processor.py:208} INFO - Processing /home/airflow/.local/lib/python3.12/site-packages/airflow/example_dags/example_latest_only_with_trigger.py took 0.084 seconds
[2024-11-05T10:50:53.467+0000] {processor.py:186} INFO - Started process (PID=1775) to work on /home/airflow/.local/lib/python3.12/site-packages/airflow/example_dags/example_latest_only_with_trigger.py
[2024-11-05T10:50:53.468+0000] {processor.py:914} INFO - Processing file /home/airflow/.local/lib/python3.12/site-packages/airflow/example_dags/example_latest_only_with_trigger.py for tasks to queue
[2024-11-05T10:50:53.471+0000] {logging_mixin.py:190} INFO - [2024-11-05T10:50:53.470+0000] {dagbag.py:588} INFO - Filling up the DagBag from /home/airflow/.local/lib/python3.12/site-packages/airflow/example_dags/example_latest_only_with_trigger.py
[2024-11-05T10:50:53.481+0000] {processor.py:925} INFO - DAG(s) 'latest_only_with_trigger' retrieved from /home/airflow/.local/lib/python3.12/site-packages/airflow/example_dags/example_latest_only_with_trigger.py
[2024-11-05T10:50:53.507+0000] {logging_mixin.py:190} INFO - [2024-11-05T10:50:53.507+0000] {dag.py:3239} INFO - Sync 1 DAGs
[2024-11-05T10:50:53.533+0000] {logging_mixin.py:190} INFO - [2024-11-05T10:50:53.533+0000] {dag.py:4180} INFO - Setting next_dagrun for latest_only_with_trigger to 2024-11-05 04:00:00+00:00, run_after=2024-11-05 08:00:00+00:00
[2024-11-05T10:50:53.555+0000] {processor.py:208} INFO - Processing /home/airflow/.local/lib/python3.12/site-packages/airflow/example_dags/example_latest_only_with_trigger.py took 0.096 seconds
[2024-11-05T10:51:24.195+0000] {processor.py:186} INFO - Started process (PID=1838) to work on /home/airflow/.local/lib/python3.12/site-packages/airflow/example_dags/example_latest_only_with_trigger.py
[2024-11-05T10:51:24.197+0000] {processor.py:914} INFO - Processing file /home/airflow/.local/lib/python3.12/site-packages/airflow/example_dags/example_latest_only_with_trigger.py for tasks to queue
[2024-11-05T10:51:24.200+0000] {logging_mixin.py:190} INFO - [2024-11-05T10:51:24.199+0000] {dagbag.py:588} INFO - Filling up the DagBag from /home/airflow/.local/lib/python3.12/site-packages/airflow/example_dags/example_latest_only_with_trigger.py
[2024-11-05T10:51:24.211+0000] {processor.py:925} INFO - DAG(s) 'latest_only_with_trigger' retrieved from /home/airflow/.local/lib/python3.12/site-packages/airflow/example_dags/example_latest_only_with_trigger.py
[2024-11-05T10:51:24.241+0000] {logging_mixin.py:190} INFO - [2024-11-05T10:51:24.240+0000] {dag.py:3239} INFO - Sync 1 DAGs
[2024-11-05T10:51:24.278+0000] {logging_mixin.py:190} INFO - [2024-11-05T10:51:24.278+0000] {dag.py:4180} INFO - Setting next_dagrun for latest_only_with_trigger to 2024-11-05 04:00:00+00:00, run_after=2024-11-05 08:00:00+00:00
[2024-11-05T10:51:24.306+0000] {processor.py:208} INFO - Processing /home/airflow/.local/lib/python3.12/site-packages/airflow/example_dags/example_latest_only_with_trigger.py took 0.119 seconds
[2024-11-05T10:51:55.067+0000] {processor.py:186} INFO - Started process (PID=1901) to work on /home/airflow/.local/lib/python3.12/site-packages/airflow/example_dags/example_latest_only_with_trigger.py
[2024-11-05T10:51:55.068+0000] {processor.py:914} INFO - Processing file /home/airflow/.local/lib/python3.12/site-packages/airflow/example_dags/example_latest_only_with_trigger.py for tasks to queue
[2024-11-05T10:51:55.071+0000] {logging_mixin.py:190} INFO - [2024-11-05T10:51:55.071+0000] {dagbag.py:588} INFO - Filling up the DagBag from /home/airflow/.local/lib/python3.12/site-packages/airflow/example_dags/example_latest_only_with_trigger.py
[2024-11-05T10:51:55.079+0000] {processor.py:925} INFO - DAG(s) 'latest_only_with_trigger' retrieved from /home/airflow/.local/lib/python3.12/site-packages/airflow/example_dags/example_latest_only_with_trigger.py
[2024-11-05T10:51:55.101+0000] {logging_mixin.py:190} INFO - [2024-11-05T10:51:55.101+0000] {dag.py:3239} INFO - Sync 1 DAGs
[2024-11-05T10:51:55.131+0000] {logging_mixin.py:190} INFO - [2024-11-05T10:51:55.131+0000] {dag.py:4180} INFO - Setting next_dagrun for latest_only_with_trigger to 2024-11-05 04:00:00+00:00, run_after=2024-11-05 08:00:00+00:00
[2024-11-05T10:51:55.151+0000] {processor.py:208} INFO - Processing /home/airflow/.local/lib/python3.12/site-packages/airflow/example_dags/example_latest_only_with_trigger.py took 0.092 seconds
[2024-11-05T10:52:25.347+0000] {processor.py:186} INFO - Started process (PID=1965) to work on /home/airflow/.local/lib/python3.12/site-packages/airflow/example_dags/example_latest_only_with_trigger.py
[2024-11-05T10:52:25.348+0000] {processor.py:914} INFO - Processing file /home/airflow/.local/lib/python3.12/site-packages/airflow/example_dags/example_latest_only_with_trigger.py for tasks to queue
[2024-11-05T10:52:25.351+0000] {logging_mixin.py:190} INFO - [2024-11-05T10:52:25.350+0000] {dagbag.py:588} INFO - Filling up the DagBag from /home/airflow/.local/lib/python3.12/site-packages/airflow/example_dags/example_latest_only_with_trigger.py
[2024-11-05T10:52:25.358+0000] {processor.py:925} INFO - DAG(s) 'latest_only_with_trigger' retrieved from /home/airflow/.local/lib/python3.12/site-packages/airflow/example_dags/example_latest_only_with_trigger.py
[2024-11-05T10:52:25.384+0000] {logging_mixin.py:190} INFO - [2024-11-05T10:52:25.384+0000] {dag.py:3239} INFO - Sync 1 DAGs
[2024-11-05T10:52:25.423+0000] {logging_mixin.py:190} INFO - [2024-11-05T10:52:25.423+0000] {dag.py:4180} INFO - Setting next_dagrun for latest_only_with_trigger to 2024-11-05 04:00:00+00:00, run_after=2024-11-05 08:00:00+00:00
[2024-11-05T10:52:25.451+0000] {processor.py:208} INFO - Processing /home/airflow/.local/lib/python3.12/site-packages/airflow/example_dags/example_latest_only_with_trigger.py took 0.110 seconds
[2024-11-05T10:52:55.888+0000] {processor.py:186} INFO - Started process (PID=2028) to work on /home/airflow/.local/lib/python3.12/site-packages/airflow/example_dags/example_latest_only_with_trigger.py
[2024-11-05T10:52:55.889+0000] {processor.py:914} INFO - Processing file /home/airflow/.local/lib/python3.12/site-packages/airflow/example_dags/example_latest_only_with_trigger.py for tasks to queue
[2024-11-05T10:52:55.891+0000] {logging_mixin.py:190} INFO - [2024-11-05T10:52:55.891+0000] {dagbag.py:588} INFO - Filling up the DagBag from /home/airflow/.local/lib/python3.12/site-packages/airflow/example_dags/example_latest_only_with_trigger.py
[2024-11-05T10:52:55.898+0000] {processor.py:925} INFO - DAG(s) 'latest_only_with_trigger' retrieved from /home/airflow/.local/lib/python3.12/site-packages/airflow/example_dags/example_latest_only_with_trigger.py
[2024-11-05T10:52:55.919+0000] {logging_mixin.py:190} INFO - [2024-11-05T10:52:55.918+0000] {dag.py:3239} INFO - Sync 1 DAGs
[2024-11-05T10:52:55.943+0000] {logging_mixin.py:190} INFO - [2024-11-05T10:52:55.943+0000] {dag.py:4180} INFO - Setting next_dagrun for latest_only_with_trigger to 2024-11-05 04:00:00+00:00, run_after=2024-11-05 08:00:00+00:00
[2024-11-05T10:52:55.966+0000] {processor.py:208} INFO - Processing /home/airflow/.local/lib/python3.12/site-packages/airflow/example_dags/example_latest_only_with_trigger.py took 0.084 seconds
[2024-11-05T10:53:26.296+0000] {processor.py:186} INFO - Started process (PID=2091) to work on /home/airflow/.local/lib/python3.12/site-packages/airflow/example_dags/example_latest_only_with_trigger.py
[2024-11-05T10:53:26.297+0000] {processor.py:914} INFO - Processing file /home/airflow/.local/lib/python3.12/site-packages/airflow/example_dags/example_latest_only_with_trigger.py for tasks to queue
[2024-11-05T10:53:26.299+0000] {logging_mixin.py:190} INFO - [2024-11-05T10:53:26.299+0000] {dagbag.py:588} INFO - Filling up the DagBag from /home/airflow/.local/lib/python3.12/site-packages/airflow/example_dags/example_latest_only_with_trigger.py
[2024-11-05T10:53:26.311+0000] {processor.py:925} INFO - DAG(s) 'latest_only_with_trigger' retrieved from /home/airflow/.local/lib/python3.12/site-packages/airflow/example_dags/example_latest_only_with_trigger.py
[2024-11-05T10:53:26.344+0000] {logging_mixin.py:190} INFO - [2024-11-05T10:53:26.343+0000] {dag.py:3239} INFO - Sync 1 DAGs
[2024-11-05T10:53:26.404+0000] {logging_mixin.py:190} INFO - [2024-11-05T10:53:26.403+0000] {dag.py:4180} INFO - Setting next_dagrun for latest_only_with_trigger to 2024-11-05 04:00:00+00:00, run_after=2024-11-05 08:00:00+00:00
[2024-11-05T10:53:26.433+0000] {processor.py:208} INFO - Processing /home/airflow/.local/lib/python3.12/site-packages/airflow/example_dags/example_latest_only_with_trigger.py took 0.144 seconds
[2024-11-05T10:53:56.605+0000] {processor.py:186} INFO - Started process (PID=2154) to work on /home/airflow/.local/lib/python3.12/site-packages/airflow/example_dags/example_latest_only_with_trigger.py
[2024-11-05T10:53:56.606+0000] {processor.py:914} INFO - Processing file /home/airflow/.local/lib/python3.12/site-packages/airflow/example_dags/example_latest_only_with_trigger.py for tasks to queue
[2024-11-05T10:53:56.608+0000] {logging_mixin.py:190} INFO - [2024-11-05T10:53:56.608+0000] {dagbag.py:588} INFO - Filling up the DagBag from /home/airflow/.local/lib/python3.12/site-packages/airflow/example_dags/example_latest_only_with_trigger.py
[2024-11-05T10:53:56.616+0000] {processor.py:925} INFO - DAG(s) 'latest_only_with_trigger' retrieved from /home/airflow/.local/lib/python3.12/site-packages/airflow/example_dags/example_latest_only_with_trigger.py
[2024-11-05T10:53:56.636+0000] {logging_mixin.py:190} INFO - [2024-11-05T10:53:56.635+0000] {dag.py:3239} INFO - Sync 1 DAGs
[2024-11-05T10:53:56.660+0000] {logging_mixin.py:190} INFO - [2024-11-05T10:53:56.659+0000] {dag.py:4180} INFO - Setting next_dagrun for latest_only_with_trigger to 2024-11-05 04:00:00+00:00, run_after=2024-11-05 08:00:00+00:00
[2024-11-05T10:53:56.679+0000] {processor.py:208} INFO - Processing /home/airflow/.local/lib/python3.12/site-packages/airflow/example_dags/example_latest_only_with_trigger.py took 0.080 seconds
[2024-11-05T10:54:26.786+0000] {processor.py:186} INFO - Started process (PID=2217) to work on /home/airflow/.local/lib/python3.12/site-packages/airflow/example_dags/example_latest_only_with_trigger.py
[2024-11-05T10:54:26.788+0000] {processor.py:914} INFO - Processing file /home/airflow/.local/lib/python3.12/site-packages/airflow/example_dags/example_latest_only_with_trigger.py for tasks to queue
[2024-11-05T10:54:26.790+0000] {logging_mixin.py:190} INFO - [2024-11-05T10:54:26.790+0000] {dagbag.py:588} INFO - Filling up the DagBag from /home/airflow/.local/lib/python3.12/site-packages/airflow/example_dags/example_latest_only_with_trigger.py
[2024-11-05T10:54:26.799+0000] {processor.py:925} INFO - DAG(s) 'latest_only_with_trigger' retrieved from /home/airflow/.local/lib/python3.12/site-packages/airflow/example_dags/example_latest_only_with_trigger.py
[2024-11-05T10:54:26.819+0000] {logging_mixin.py:190} INFO - [2024-11-05T10:54:26.819+0000] {dag.py:3239} INFO - Sync 1 DAGs
[2024-11-05T10:54:26.852+0000] {logging_mixin.py:190} INFO - [2024-11-05T10:54:26.852+0000] {dag.py:4180} INFO - Setting next_dagrun for latest_only_with_trigger to 2024-11-05 04:00:00+00:00, run_after=2024-11-05 08:00:00+00:00
[2024-11-05T10:54:26.874+0000] {processor.py:208} INFO - Processing /home/airflow/.local/lib/python3.12/site-packages/airflow/example_dags/example_latest_only_with_trigger.py took 0.096 seconds
