[2024-11-05T10:37:06.629+0000] {processor.py:186} INFO - Started process (PID=75) to work on /home/airflow/.local/lib/python3.12/site-packages/airflow/example_dags/example_latest_only.py
[2024-11-05T10:37:06.630+0000] {processor.py:914} INFO - Processing file /home/airflow/.local/lib/python3.12/site-packages/airflow/example_dags/example_latest_only.py for tasks to queue
[2024-11-05T10:37:06.634+0000] {logging_mixin.py:190} INFO - [2024-11-05T10:37:06.633+0000] {dagbag.py:588} INFO - Filling up the DagBag from /home/airflow/.local/lib/python3.12/site-packages/airflow/example_dags/example_latest_only.py
[2024-11-05T10:37:06.647+0000] {processor.py:925} INFO - DAG(s) 'latest_only' retrieved from /home/airflow/.local/lib/python3.12/site-packages/airflow/example_dags/example_latest_only.py
[2024-11-05T10:37:06.852+0000] {logging_mixin.py:190} INFO - [2024-11-05T10:37:06.851+0000] {override.py:1900} INFO - Created Permission View: can delete on DAG:latest_only
[2024-11-05T10:37:06.869+0000] {logging_mixin.py:190} INFO - [2024-11-05T10:37:06.869+0000] {override.py:1900} INFO - Created Permission View: can read on DAG:latest_only
[2024-11-05T10:37:06.884+0000] {logging_mixin.py:190} INFO - [2024-11-05T10:37:06.883+0000] {override.py:1900} INFO - Created Permission View: can edit on DAG:latest_only
[2024-11-05T10:37:06.897+0000] {logging_mixin.py:190} INFO - [2024-11-05T10:37:06.896+0000] {override.py:1900} INFO - Created Permission View: can delete on DAG Run:latest_only
[2024-11-05T10:37:06.911+0000] {logging_mixin.py:190} INFO - [2024-11-05T10:37:06.911+0000] {override.py:1900} INFO - Created Permission View: can create on DAG Run:latest_only
[2024-11-05T10:37:06.925+0000] {logging_mixin.py:190} INFO - [2024-11-05T10:37:06.924+0000] {override.py:1900} INFO - Created Permission View: can read on DAG Run:latest_only
[2024-11-05T10:37:06.935+0000] {logging_mixin.py:190} INFO - [2024-11-05T10:37:06.935+0000] {override.py:1900} INFO - Created Permission View: menu access on DAG Run:latest_only
[2024-11-05T10:37:06.936+0000] {logging_mixin.py:190} INFO - [2024-11-05T10:37:06.936+0000] {dag.py:3239} INFO - Sync 1 DAGs
[2024-11-05T10:37:06.960+0000] {logging_mixin.py:190} INFO - [2024-11-05T10:37:06.960+0000] {dag.py:3262} INFO - Creating ORM DAG for latest_only
[2024-11-05T10:37:06.979+0000] {logging_mixin.py:190} INFO - [2024-11-05T10:37:06.979+0000] {dag.py:4180} INFO - Setting next_dagrun for latest_only to 2024-11-05 04:00:00+00:00, run_after=2024-11-05 08:00:00+00:00
[2024-11-05T10:37:07.006+0000] {processor.py:208} INFO - Processing /home/airflow/.local/lib/python3.12/site-packages/airflow/example_dags/example_latest_only.py took 0.385 seconds
[2024-11-05T10:37:37.486+0000] {processor.py:186} INFO - Started process (PID=137) to work on /home/airflow/.local/lib/python3.12/site-packages/airflow/example_dags/example_latest_only.py
[2024-11-05T10:37:37.487+0000] {processor.py:914} INFO - Processing file /home/airflow/.local/lib/python3.12/site-packages/airflow/example_dags/example_latest_only.py for tasks to queue
[2024-11-05T10:37:37.490+0000] {logging_mixin.py:190} INFO - [2024-11-05T10:37:37.489+0000] {dagbag.py:588} INFO - Filling up the DagBag from /home/airflow/.local/lib/python3.12/site-packages/airflow/example_dags/example_latest_only.py
[2024-11-05T10:37:37.497+0000] {processor.py:925} INFO - DAG(s) 'latest_only' retrieved from /home/airflow/.local/lib/python3.12/site-packages/airflow/example_dags/example_latest_only.py
[2024-11-05T10:37:37.516+0000] {logging_mixin.py:190} INFO - [2024-11-05T10:37:37.516+0000] {dag.py:3239} INFO - Sync 1 DAGs
[2024-11-05T10:37:37.540+0000] {logging_mixin.py:190} INFO - [2024-11-05T10:37:37.540+0000] {dag.py:4180} INFO - Setting next_dagrun for latest_only to 2024-11-05 04:00:00+00:00, run_after=2024-11-05 08:00:00+00:00
[2024-11-05T10:37:37.558+0000] {processor.py:208} INFO - Processing /home/airflow/.local/lib/python3.12/site-packages/airflow/example_dags/example_latest_only.py took 0.078 seconds
[2024-11-05T10:38:07.775+0000] {processor.py:186} INFO - Started process (PID=200) to work on /home/airflow/.local/lib/python3.12/site-packages/airflow/example_dags/example_latest_only.py
[2024-11-05T10:38:07.776+0000] {processor.py:914} INFO - Processing file /home/airflow/.local/lib/python3.12/site-packages/airflow/example_dags/example_latest_only.py for tasks to queue
[2024-11-05T10:38:07.779+0000] {logging_mixin.py:190} INFO - [2024-11-05T10:38:07.778+0000] {dagbag.py:588} INFO - Filling up the DagBag from /home/airflow/.local/lib/python3.12/site-packages/airflow/example_dags/example_latest_only.py
[2024-11-05T10:38:07.788+0000] {processor.py:925} INFO - DAG(s) 'latest_only' retrieved from /home/airflow/.local/lib/python3.12/site-packages/airflow/example_dags/example_latest_only.py
[2024-11-05T10:38:07.812+0000] {logging_mixin.py:190} INFO - [2024-11-05T10:38:07.812+0000] {dag.py:3239} INFO - Sync 1 DAGs
[2024-11-05T10:38:07.845+0000] {logging_mixin.py:190} INFO - [2024-11-05T10:38:07.845+0000] {dag.py:4180} INFO - Setting next_dagrun for latest_only to 2024-11-05 04:00:00+00:00, run_after=2024-11-05 08:00:00+00:00
[2024-11-05T10:38:07.871+0000] {processor.py:208} INFO - Processing /home/airflow/.local/lib/python3.12/site-packages/airflow/example_dags/example_latest_only.py took 0.102 seconds
[2024-11-05T10:38:38.111+0000] {processor.py:186} INFO - Started process (PID=263) to work on /home/airflow/.local/lib/python3.12/site-packages/airflow/example_dags/example_latest_only.py
[2024-11-05T10:38:38.113+0000] {processor.py:914} INFO - Processing file /home/airflow/.local/lib/python3.12/site-packages/airflow/example_dags/example_latest_only.py for tasks to queue
[2024-11-05T10:38:38.115+0000] {logging_mixin.py:190} INFO - [2024-11-05T10:38:38.114+0000] {dagbag.py:588} INFO - Filling up the DagBag from /home/airflow/.local/lib/python3.12/site-packages/airflow/example_dags/example_latest_only.py
[2024-11-05T10:38:38.122+0000] {processor.py:925} INFO - DAG(s) 'latest_only' retrieved from /home/airflow/.local/lib/python3.12/site-packages/airflow/example_dags/example_latest_only.py
[2024-11-05T10:38:38.141+0000] {logging_mixin.py:190} INFO - [2024-11-05T10:38:38.141+0000] {dag.py:3239} INFO - Sync 1 DAGs
[2024-11-05T10:38:38.167+0000] {logging_mixin.py:190} INFO - [2024-11-05T10:38:38.167+0000] {dag.py:4180} INFO - Setting next_dagrun for latest_only to 2024-11-05 04:00:00+00:00, run_after=2024-11-05 08:00:00+00:00
[2024-11-05T10:38:38.190+0000] {processor.py:208} INFO - Processing /home/airflow/.local/lib/python3.12/site-packages/airflow/example_dags/example_latest_only.py took 0.085 seconds
[2024-11-05T10:39:08.301+0000] {processor.py:186} INFO - Started process (PID=325) to work on /home/airflow/.local/lib/python3.12/site-packages/airflow/example_dags/example_latest_only.py
[2024-11-05T10:39:08.303+0000] {processor.py:914} INFO - Processing file /home/airflow/.local/lib/python3.12/site-packages/airflow/example_dags/example_latest_only.py for tasks to queue
[2024-11-05T10:39:08.305+0000] {logging_mixin.py:190} INFO - [2024-11-05T10:39:08.305+0000] {dagbag.py:588} INFO - Filling up the DagBag from /home/airflow/.local/lib/python3.12/site-packages/airflow/example_dags/example_latest_only.py
[2024-11-05T10:39:08.313+0000] {processor.py:925} INFO - DAG(s) 'latest_only' retrieved from /home/airflow/.local/lib/python3.12/site-packages/airflow/example_dags/example_latest_only.py
[2024-11-05T10:39:08.332+0000] {logging_mixin.py:190} INFO - [2024-11-05T10:39:08.331+0000] {dag.py:3239} INFO - Sync 1 DAGs
[2024-11-05T10:39:08.355+0000] {logging_mixin.py:190} INFO - [2024-11-05T10:39:08.354+0000] {dag.py:4180} INFO - Setting next_dagrun for latest_only to 2024-11-05 04:00:00+00:00, run_after=2024-11-05 08:00:00+00:00
[2024-11-05T10:39:08.373+0000] {processor.py:208} INFO - Processing /home/airflow/.local/lib/python3.12/site-packages/airflow/example_dags/example_latest_only.py took 0.078 seconds
[2024-11-05T10:39:39.256+0000] {processor.py:186} INFO - Started process (PID=387) to work on /home/airflow/.local/lib/python3.12/site-packages/airflow/example_dags/example_latest_only.py
[2024-11-05T10:39:39.257+0000] {processor.py:914} INFO - Processing file /home/airflow/.local/lib/python3.12/site-packages/airflow/example_dags/example_latest_only.py for tasks to queue
[2024-11-05T10:39:39.259+0000] {logging_mixin.py:190} INFO - [2024-11-05T10:39:39.258+0000] {dagbag.py:588} INFO - Filling up the DagBag from /home/airflow/.local/lib/python3.12/site-packages/airflow/example_dags/example_latest_only.py
[2024-11-05T10:39:39.266+0000] {processor.py:925} INFO - DAG(s) 'latest_only' retrieved from /home/airflow/.local/lib/python3.12/site-packages/airflow/example_dags/example_latest_only.py
[2024-11-05T10:39:39.286+0000] {logging_mixin.py:190} INFO - [2024-11-05T10:39:39.286+0000] {dag.py:3239} INFO - Sync 1 DAGs
[2024-11-05T10:39:39.311+0000] {logging_mixin.py:190} INFO - [2024-11-05T10:39:39.310+0000] {dag.py:4180} INFO - Setting next_dagrun for latest_only to 2024-11-05 04:00:00+00:00, run_after=2024-11-05 08:00:00+00:00
[2024-11-05T10:39:39.333+0000] {processor.py:208} INFO - Processing /home/airflow/.local/lib/python3.12/site-packages/airflow/example_dags/example_latest_only.py took 0.083 seconds
[2024-11-05T10:40:09.456+0000] {processor.py:186} INFO - Started process (PID=450) to work on /home/airflow/.local/lib/python3.12/site-packages/airflow/example_dags/example_latest_only.py
[2024-11-05T10:40:09.458+0000] {processor.py:914} INFO - Processing file /home/airflow/.local/lib/python3.12/site-packages/airflow/example_dags/example_latest_only.py for tasks to queue
[2024-11-05T10:40:09.460+0000] {logging_mixin.py:190} INFO - [2024-11-05T10:40:09.459+0000] {dagbag.py:588} INFO - Filling up the DagBag from /home/airflow/.local/lib/python3.12/site-packages/airflow/example_dags/example_latest_only.py
[2024-11-05T10:40:09.467+0000] {processor.py:925} INFO - DAG(s) 'latest_only' retrieved from /home/airflow/.local/lib/python3.12/site-packages/airflow/example_dags/example_latest_only.py
[2024-11-05T10:40:09.488+0000] {logging_mixin.py:190} INFO - [2024-11-05T10:40:09.488+0000] {dag.py:3239} INFO - Sync 1 DAGs
[2024-11-05T10:40:09.524+0000] {logging_mixin.py:190} INFO - [2024-11-05T10:40:09.523+0000] {dag.py:4180} INFO - Setting next_dagrun for latest_only to 2024-11-05 04:00:00+00:00, run_after=2024-11-05 08:00:00+00:00
[2024-11-05T10:40:09.547+0000] {processor.py:208} INFO - Processing /home/airflow/.local/lib/python3.12/site-packages/airflow/example_dags/example_latest_only.py took 0.098 seconds
[2024-11-05T10:40:39.846+0000] {processor.py:186} INFO - Started process (PID=513) to work on /home/airflow/.local/lib/python3.12/site-packages/airflow/example_dags/example_latest_only.py
[2024-11-05T10:40:39.847+0000] {processor.py:914} INFO - Processing file /home/airflow/.local/lib/python3.12/site-packages/airflow/example_dags/example_latest_only.py for tasks to queue
[2024-11-05T10:40:39.849+0000] {logging_mixin.py:190} INFO - [2024-11-05T10:40:39.848+0000] {dagbag.py:588} INFO - Filling up the DagBag from /home/airflow/.local/lib/python3.12/site-packages/airflow/example_dags/example_latest_only.py
[2024-11-05T10:40:39.856+0000] {processor.py:925} INFO - DAG(s) 'latest_only' retrieved from /home/airflow/.local/lib/python3.12/site-packages/airflow/example_dags/example_latest_only.py
[2024-11-05T10:40:39.878+0000] {logging_mixin.py:190} INFO - [2024-11-05T10:40:39.877+0000] {dag.py:3239} INFO - Sync 1 DAGs
[2024-11-05T10:40:39.910+0000] {logging_mixin.py:190} INFO - [2024-11-05T10:40:39.910+0000] {dag.py:4180} INFO - Setting next_dagrun for latest_only to 2024-11-05 04:00:00+00:00, run_after=2024-11-05 08:00:00+00:00
[2024-11-05T10:40:39.936+0000] {processor.py:208} INFO - Processing /home/airflow/.local/lib/python3.12/site-packages/airflow/example_dags/example_latest_only.py took 0.095 seconds
[2024-11-05T10:41:10.007+0000] {processor.py:186} INFO - Started process (PID=575) to work on /home/airflow/.local/lib/python3.12/site-packages/airflow/example_dags/example_latest_only.py
[2024-11-05T10:41:10.009+0000] {processor.py:914} INFO - Processing file /home/airflow/.local/lib/python3.12/site-packages/airflow/example_dags/example_latest_only.py for tasks to queue
[2024-11-05T10:41:10.011+0000] {logging_mixin.py:190} INFO - [2024-11-05T10:41:10.010+0000] {dagbag.py:588} INFO - Filling up the DagBag from /home/airflow/.local/lib/python3.12/site-packages/airflow/example_dags/example_latest_only.py
[2024-11-05T10:41:10.018+0000] {processor.py:925} INFO - DAG(s) 'latest_only' retrieved from /home/airflow/.local/lib/python3.12/site-packages/airflow/example_dags/example_latest_only.py
[2024-11-05T10:41:10.037+0000] {logging_mixin.py:190} INFO - [2024-11-05T10:41:10.036+0000] {dag.py:3239} INFO - Sync 1 DAGs
[2024-11-05T10:41:10.061+0000] {logging_mixin.py:190} INFO - [2024-11-05T10:41:10.061+0000] {dag.py:4180} INFO - Setting next_dagrun for latest_only to 2024-11-05 04:00:00+00:00, run_after=2024-11-05 08:00:00+00:00
[2024-11-05T10:41:10.079+0000] {processor.py:208} INFO - Processing /home/airflow/.local/lib/python3.12/site-packages/airflow/example_dags/example_latest_only.py took 0.078 seconds
[2024-11-05T10:41:40.413+0000] {processor.py:186} INFO - Started process (PID=638) to work on /home/airflow/.local/lib/python3.12/site-packages/airflow/example_dags/example_latest_only.py
[2024-11-05T10:41:40.414+0000] {processor.py:914} INFO - Processing file /home/airflow/.local/lib/python3.12/site-packages/airflow/example_dags/example_latest_only.py for tasks to queue
[2024-11-05T10:41:40.417+0000] {logging_mixin.py:190} INFO - [2024-11-05T10:41:40.417+0000] {dagbag.py:588} INFO - Filling up the DagBag from /home/airflow/.local/lib/python3.12/site-packages/airflow/example_dags/example_latest_only.py
[2024-11-05T10:41:40.426+0000] {processor.py:925} INFO - DAG(s) 'latest_only' retrieved from /home/airflow/.local/lib/python3.12/site-packages/airflow/example_dags/example_latest_only.py
[2024-11-05T10:41:40.447+0000] {logging_mixin.py:190} INFO - [2024-11-05T10:41:40.446+0000] {dag.py:3239} INFO - Sync 1 DAGs
[2024-11-05T10:41:40.481+0000] {logging_mixin.py:190} INFO - [2024-11-05T10:41:40.481+0000] {dag.py:4180} INFO - Setting next_dagrun for latest_only to 2024-11-05 04:00:00+00:00, run_after=2024-11-05 08:00:00+00:00
[2024-11-05T10:41:40.505+0000] {processor.py:208} INFO - Processing /home/airflow/.local/lib/python3.12/site-packages/airflow/example_dags/example_latest_only.py took 0.100 seconds
[2024-11-05T10:42:11.035+0000] {processor.py:186} INFO - Started process (PID=701) to work on /home/airflow/.local/lib/python3.12/site-packages/airflow/example_dags/example_latest_only.py
[2024-11-05T10:42:11.036+0000] {processor.py:914} INFO - Processing file /home/airflow/.local/lib/python3.12/site-packages/airflow/example_dags/example_latest_only.py for tasks to queue
[2024-11-05T10:42:11.039+0000] {logging_mixin.py:190} INFO - [2024-11-05T10:42:11.038+0000] {dagbag.py:588} INFO - Filling up the DagBag from /home/airflow/.local/lib/python3.12/site-packages/airflow/example_dags/example_latest_only.py
[2024-11-05T10:42:11.047+0000] {processor.py:925} INFO - DAG(s) 'latest_only' retrieved from /home/airflow/.local/lib/python3.12/site-packages/airflow/example_dags/example_latest_only.py
[2024-11-05T10:42:11.068+0000] {logging_mixin.py:190} INFO - [2024-11-05T10:42:11.068+0000] {dag.py:3239} INFO - Sync 1 DAGs
[2024-11-05T10:42:11.092+0000] {logging_mixin.py:190} INFO - [2024-11-05T10:42:11.092+0000] {dag.py:4180} INFO - Setting next_dagrun for latest_only to 2024-11-05 04:00:00+00:00, run_after=2024-11-05 08:00:00+00:00
[2024-11-05T10:42:11.111+0000] {processor.py:208} INFO - Processing /home/airflow/.local/lib/python3.12/site-packages/airflow/example_dags/example_latest_only.py took 0.083 seconds
[2024-11-05T10:42:41.263+0000] {processor.py:186} INFO - Started process (PID=763) to work on /home/airflow/.local/lib/python3.12/site-packages/airflow/example_dags/example_latest_only.py
[2024-11-05T10:42:41.263+0000] {processor.py:914} INFO - Processing file /home/airflow/.local/lib/python3.12/site-packages/airflow/example_dags/example_latest_only.py for tasks to queue
[2024-11-05T10:42:41.267+0000] {logging_mixin.py:190} INFO - [2024-11-05T10:42:41.266+0000] {dagbag.py:588} INFO - Filling up the DagBag from /home/airflow/.local/lib/python3.12/site-packages/airflow/example_dags/example_latest_only.py
[2024-11-05T10:42:41.275+0000] {processor.py:925} INFO - DAG(s) 'latest_only' retrieved from /home/airflow/.local/lib/python3.12/site-packages/airflow/example_dags/example_latest_only.py
[2024-11-05T10:42:41.296+0000] {logging_mixin.py:190} INFO - [2024-11-05T10:42:41.296+0000] {dag.py:3239} INFO - Sync 1 DAGs
[2024-11-05T10:42:41.322+0000] {logging_mixin.py:190} INFO - [2024-11-05T10:42:41.322+0000] {dag.py:4180} INFO - Setting next_dagrun for latest_only to 2024-11-05 04:00:00+00:00, run_after=2024-11-05 08:00:00+00:00
[2024-11-05T10:42:41.344+0000] {processor.py:208} INFO - Processing /home/airflow/.local/lib/python3.12/site-packages/airflow/example_dags/example_latest_only.py took 0.088 seconds
[2024-11-05T10:43:11.829+0000] {processor.py:186} INFO - Started process (PID=826) to work on /home/airflow/.local/lib/python3.12/site-packages/airflow/example_dags/example_latest_only.py
[2024-11-05T10:43:11.831+0000] {processor.py:914} INFO - Processing file /home/airflow/.local/lib/python3.12/site-packages/airflow/example_dags/example_latest_only.py for tasks to queue
[2024-11-05T10:43:11.835+0000] {logging_mixin.py:190} INFO - [2024-11-05T10:43:11.834+0000] {dagbag.py:588} INFO - Filling up the DagBag from /home/airflow/.local/lib/python3.12/site-packages/airflow/example_dags/example_latest_only.py
[2024-11-05T10:43:11.846+0000] {processor.py:925} INFO - DAG(s) 'latest_only' retrieved from /home/airflow/.local/lib/python3.12/site-packages/airflow/example_dags/example_latest_only.py
[2024-11-05T10:43:11.887+0000] {logging_mixin.py:190} INFO - [2024-11-05T10:43:11.886+0000] {dag.py:3239} INFO - Sync 1 DAGs
[2024-11-05T10:43:11.952+0000] {logging_mixin.py:190} INFO - [2024-11-05T10:43:11.951+0000] {dag.py:4180} INFO - Setting next_dagrun for latest_only to 2024-11-05 04:00:00+00:00, run_after=2024-11-05 08:00:00+00:00
[2024-11-05T10:43:12.033+0000] {processor.py:208} INFO - Processing /home/airflow/.local/lib/python3.12/site-packages/airflow/example_dags/example_latest_only.py took 0.213 seconds
[2024-11-05T10:43:42.981+0000] {processor.py:186} INFO - Started process (PID=890) to work on /home/airflow/.local/lib/python3.12/site-packages/airflow/example_dags/example_latest_only.py
[2024-11-05T10:43:42.983+0000] {processor.py:914} INFO - Processing file /home/airflow/.local/lib/python3.12/site-packages/airflow/example_dags/example_latest_only.py for tasks to queue
[2024-11-05T10:43:42.987+0000] {logging_mixin.py:190} INFO - [2024-11-05T10:43:42.986+0000] {dagbag.py:588} INFO - Filling up the DagBag from /home/airflow/.local/lib/python3.12/site-packages/airflow/example_dags/example_latest_only.py
[2024-11-05T10:43:42.995+0000] {processor.py:925} INFO - DAG(s) 'latest_only' retrieved from /home/airflow/.local/lib/python3.12/site-packages/airflow/example_dags/example_latest_only.py
[2024-11-05T10:43:43.018+0000] {logging_mixin.py:190} INFO - [2024-11-05T10:43:43.017+0000] {dag.py:3239} INFO - Sync 1 DAGs
[2024-11-05T10:43:43.049+0000] {logging_mixin.py:190} INFO - [2024-11-05T10:43:43.049+0000] {dag.py:4180} INFO - Setting next_dagrun for latest_only to 2024-11-05 04:00:00+00:00, run_after=2024-11-05 08:00:00+00:00
[2024-11-05T10:43:43.076+0000] {processor.py:208} INFO - Processing /home/airflow/.local/lib/python3.12/site-packages/airflow/example_dags/example_latest_only.py took 0.104 seconds
[2024-11-05T10:44:14.023+0000] {processor.py:186} INFO - Started process (PID=954) to work on /home/airflow/.local/lib/python3.12/site-packages/airflow/example_dags/example_latest_only.py
[2024-11-05T10:44:14.024+0000] {processor.py:914} INFO - Processing file /home/airflow/.local/lib/python3.12/site-packages/airflow/example_dags/example_latest_only.py for tasks to queue
[2024-11-05T10:44:14.027+0000] {logging_mixin.py:190} INFO - [2024-11-05T10:44:14.027+0000] {dagbag.py:588} INFO - Filling up the DagBag from /home/airflow/.local/lib/python3.12/site-packages/airflow/example_dags/example_latest_only.py
[2024-11-05T10:44:14.038+0000] {processor.py:925} INFO - DAG(s) 'latest_only' retrieved from /home/airflow/.local/lib/python3.12/site-packages/airflow/example_dags/example_latest_only.py
[2024-11-05T10:44:14.064+0000] {logging_mixin.py:190} INFO - [2024-11-05T10:44:14.064+0000] {dag.py:3239} INFO - Sync 1 DAGs
[2024-11-05T10:44:14.106+0000] {logging_mixin.py:190} INFO - [2024-11-05T10:44:14.106+0000] {dag.py:4180} INFO - Setting next_dagrun for latest_only to 2024-11-05 04:00:00+00:00, run_after=2024-11-05 08:00:00+00:00
[2024-11-05T10:44:14.137+0000] {processor.py:208} INFO - Processing /home/airflow/.local/lib/python3.12/site-packages/airflow/example_dags/example_latest_only.py took 0.121 seconds
[2024-11-05T10:44:44.504+0000] {processor.py:186} INFO - Started process (PID=1017) to work on /home/airflow/.local/lib/python3.12/site-packages/airflow/example_dags/example_latest_only.py
[2024-11-05T10:44:44.506+0000] {processor.py:914} INFO - Processing file /home/airflow/.local/lib/python3.12/site-packages/airflow/example_dags/example_latest_only.py for tasks to queue
[2024-11-05T10:44:44.510+0000] {logging_mixin.py:190} INFO - [2024-11-05T10:44:44.510+0000] {dagbag.py:588} INFO - Filling up the DagBag from /home/airflow/.local/lib/python3.12/site-packages/airflow/example_dags/example_latest_only.py
[2024-11-05T10:44:44.518+0000] {processor.py:925} INFO - DAG(s) 'latest_only' retrieved from /home/airflow/.local/lib/python3.12/site-packages/airflow/example_dags/example_latest_only.py
[2024-11-05T10:44:44.543+0000] {logging_mixin.py:190} INFO - [2024-11-05T10:44:44.542+0000] {dag.py:3239} INFO - Sync 1 DAGs
[2024-11-05T10:44:44.570+0000] {logging_mixin.py:190} INFO - [2024-11-05T10:44:44.570+0000] {dag.py:4180} INFO - Setting next_dagrun for latest_only to 2024-11-05 04:00:00+00:00, run_after=2024-11-05 08:00:00+00:00
[2024-11-05T10:44:44.594+0000] {processor.py:208} INFO - Processing /home/airflow/.local/lib/python3.12/site-packages/airflow/example_dags/example_latest_only.py took 0.096 seconds
[2024-11-05T10:45:14.731+0000] {processor.py:186} INFO - Started process (PID=1080) to work on /home/airflow/.local/lib/python3.12/site-packages/airflow/example_dags/example_latest_only.py
[2024-11-05T10:45:14.732+0000] {processor.py:914} INFO - Processing file /home/airflow/.local/lib/python3.12/site-packages/airflow/example_dags/example_latest_only.py for tasks to queue
[2024-11-05T10:45:14.736+0000] {logging_mixin.py:190} INFO - [2024-11-05T10:45:14.735+0000] {dagbag.py:588} INFO - Filling up the DagBag from /home/airflow/.local/lib/python3.12/site-packages/airflow/example_dags/example_latest_only.py
[2024-11-05T10:45:14.745+0000] {processor.py:925} INFO - DAG(s) 'latest_only' retrieved from /home/airflow/.local/lib/python3.12/site-packages/airflow/example_dags/example_latest_only.py
[2024-11-05T10:45:14.769+0000] {logging_mixin.py:190} INFO - [2024-11-05T10:45:14.769+0000] {dag.py:3239} INFO - Sync 1 DAGs
[2024-11-05T10:45:14.803+0000] {logging_mixin.py:190} INFO - [2024-11-05T10:45:14.803+0000] {dag.py:4180} INFO - Setting next_dagrun for latest_only to 2024-11-05 04:00:00+00:00, run_after=2024-11-05 08:00:00+00:00
[2024-11-05T10:45:14.829+0000] {processor.py:208} INFO - Processing /home/airflow/.local/lib/python3.12/site-packages/airflow/example_dags/example_latest_only.py took 0.106 seconds
[2024-11-05T10:45:45.003+0000] {processor.py:186} INFO - Started process (PID=1143) to work on /home/airflow/.local/lib/python3.12/site-packages/airflow/example_dags/example_latest_only.py
[2024-11-05T10:45:45.004+0000] {processor.py:914} INFO - Processing file /home/airflow/.local/lib/python3.12/site-packages/airflow/example_dags/example_latest_only.py for tasks to queue
[2024-11-05T10:45:45.007+0000] {logging_mixin.py:190} INFO - [2024-11-05T10:45:45.007+0000] {dagbag.py:588} INFO - Filling up the DagBag from /home/airflow/.local/lib/python3.12/site-packages/airflow/example_dags/example_latest_only.py
[2024-11-05T10:45:45.015+0000] {processor.py:925} INFO - DAG(s) 'latest_only' retrieved from /home/airflow/.local/lib/python3.12/site-packages/airflow/example_dags/example_latest_only.py
[2024-11-05T10:45:45.036+0000] {logging_mixin.py:190} INFO - [2024-11-05T10:45:45.036+0000] {dag.py:3239} INFO - Sync 1 DAGs
[2024-11-05T10:45:45.071+0000] {logging_mixin.py:190} INFO - [2024-11-05T10:45:45.070+0000] {dag.py:4180} INFO - Setting next_dagrun for latest_only to 2024-11-05 04:00:00+00:00, run_after=2024-11-05 08:00:00+00:00
[2024-11-05T10:45:45.095+0000] {processor.py:208} INFO - Processing /home/airflow/.local/lib/python3.12/site-packages/airflow/example_dags/example_latest_only.py took 0.098 seconds
[2024-11-05T10:46:15.802+0000] {processor.py:186} INFO - Started process (PID=1206) to work on /home/airflow/.local/lib/python3.12/site-packages/airflow/example_dags/example_latest_only.py
[2024-11-05T10:46:15.804+0000] {processor.py:914} INFO - Processing file /home/airflow/.local/lib/python3.12/site-packages/airflow/example_dags/example_latest_only.py for tasks to queue
[2024-11-05T10:46:15.807+0000] {logging_mixin.py:190} INFO - [2024-11-05T10:46:15.807+0000] {dagbag.py:588} INFO - Filling up the DagBag from /home/airflow/.local/lib/python3.12/site-packages/airflow/example_dags/example_latest_only.py
[2024-11-05T10:46:15.817+0000] {processor.py:925} INFO - DAG(s) 'latest_only' retrieved from /home/airflow/.local/lib/python3.12/site-packages/airflow/example_dags/example_latest_only.py
[2024-11-05T10:46:15.844+0000] {logging_mixin.py:190} INFO - [2024-11-05T10:46:15.843+0000] {dag.py:3239} INFO - Sync 1 DAGs
[2024-11-05T10:46:15.887+0000] {logging_mixin.py:190} INFO - [2024-11-05T10:46:15.887+0000] {dag.py:4180} INFO - Setting next_dagrun for latest_only to 2024-11-05 04:00:00+00:00, run_after=2024-11-05 08:00:00+00:00
[2024-11-05T10:46:15.918+0000] {processor.py:208} INFO - Processing /home/airflow/.local/lib/python3.12/site-packages/airflow/example_dags/example_latest_only.py took 0.123 seconds
[2024-11-05T10:46:46.745+0000] {processor.py:186} INFO - Started process (PID=1268) to work on /home/airflow/.local/lib/python3.12/site-packages/airflow/example_dags/example_latest_only.py
[2024-11-05T10:46:46.747+0000] {processor.py:914} INFO - Processing file /home/airflow/.local/lib/python3.12/site-packages/airflow/example_dags/example_latest_only.py for tasks to queue
[2024-11-05T10:46:46.750+0000] {logging_mixin.py:190} INFO - [2024-11-05T10:46:46.749+0000] {dagbag.py:588} INFO - Filling up the DagBag from /home/airflow/.local/lib/python3.12/site-packages/airflow/example_dags/example_latest_only.py
[2024-11-05T10:46:46.758+0000] {processor.py:925} INFO - DAG(s) 'latest_only' retrieved from /home/airflow/.local/lib/python3.12/site-packages/airflow/example_dags/example_latest_only.py
[2024-11-05T10:46:46.781+0000] {logging_mixin.py:190} INFO - [2024-11-05T10:46:46.780+0000] {dag.py:3239} INFO - Sync 1 DAGs
[2024-11-05T10:46:46.811+0000] {logging_mixin.py:190} INFO - [2024-11-05T10:46:46.811+0000] {dag.py:4180} INFO - Setting next_dagrun for latest_only to 2024-11-05 04:00:00+00:00, run_after=2024-11-05 08:00:00+00:00
[2024-11-05T10:46:46.838+0000] {processor.py:208} INFO - Processing /home/airflow/.local/lib/python3.12/site-packages/airflow/example_dags/example_latest_only.py took 0.101 seconds
[2024-11-05T10:47:17.208+0000] {processor.py:186} INFO - Started process (PID=1331) to work on /home/airflow/.local/lib/python3.12/site-packages/airflow/example_dags/example_latest_only.py
[2024-11-05T10:47:17.209+0000] {processor.py:914} INFO - Processing file /home/airflow/.local/lib/python3.12/site-packages/airflow/example_dags/example_latest_only.py for tasks to queue
[2024-11-05T10:47:17.213+0000] {logging_mixin.py:190} INFO - [2024-11-05T10:47:17.212+0000] {dagbag.py:588} INFO - Filling up the DagBag from /home/airflow/.local/lib/python3.12/site-packages/airflow/example_dags/example_latest_only.py
[2024-11-05T10:47:17.224+0000] {processor.py:925} INFO - DAG(s) 'latest_only' retrieved from /home/airflow/.local/lib/python3.12/site-packages/airflow/example_dags/example_latest_only.py
[2024-11-05T10:47:17.250+0000] {logging_mixin.py:190} INFO - [2024-11-05T10:47:17.250+0000] {dag.py:3239} INFO - Sync 1 DAGs
[2024-11-05T10:47:17.288+0000] {logging_mixin.py:190} INFO - [2024-11-05T10:47:17.288+0000] {dag.py:4180} INFO - Setting next_dagrun for latest_only to 2024-11-05 04:00:00+00:00, run_after=2024-11-05 08:00:00+00:00
[2024-11-05T10:47:17.315+0000] {processor.py:208} INFO - Processing /home/airflow/.local/lib/python3.12/site-packages/airflow/example_dags/example_latest_only.py took 0.115 seconds
[2024-11-05T10:47:47.403+0000] {processor.py:186} INFO - Started process (PID=1394) to work on /home/airflow/.local/lib/python3.12/site-packages/airflow/example_dags/example_latest_only.py
[2024-11-05T10:47:47.404+0000] {processor.py:914} INFO - Processing file /home/airflow/.local/lib/python3.12/site-packages/airflow/example_dags/example_latest_only.py for tasks to queue
[2024-11-05T10:47:47.406+0000] {logging_mixin.py:190} INFO - [2024-11-05T10:47:47.406+0000] {dagbag.py:588} INFO - Filling up the DagBag from /home/airflow/.local/lib/python3.12/site-packages/airflow/example_dags/example_latest_only.py
[2024-11-05T10:47:47.414+0000] {processor.py:925} INFO - DAG(s) 'latest_only' retrieved from /home/airflow/.local/lib/python3.12/site-packages/airflow/example_dags/example_latest_only.py
[2024-11-05T10:47:47.438+0000] {logging_mixin.py:190} INFO - [2024-11-05T10:47:47.437+0000] {dag.py:3239} INFO - Sync 1 DAGs
[2024-11-05T10:47:47.481+0000] {logging_mixin.py:190} INFO - [2024-11-05T10:47:47.481+0000] {dag.py:4180} INFO - Setting next_dagrun for latest_only to 2024-11-05 04:00:00+00:00, run_after=2024-11-05 08:00:00+00:00
[2024-11-05T10:47:47.510+0000] {processor.py:208} INFO - Processing /home/airflow/.local/lib/python3.12/site-packages/airflow/example_dags/example_latest_only.py took 0.116 seconds
[2024-11-05T10:48:17.694+0000] {processor.py:186} INFO - Started process (PID=1456) to work on /home/airflow/.local/lib/python3.12/site-packages/airflow/example_dags/example_latest_only.py
[2024-11-05T10:48:17.695+0000] {processor.py:914} INFO - Processing file /home/airflow/.local/lib/python3.12/site-packages/airflow/example_dags/example_latest_only.py for tasks to queue
[2024-11-05T10:48:17.698+0000] {logging_mixin.py:190} INFO - [2024-11-05T10:48:17.697+0000] {dagbag.py:588} INFO - Filling up the DagBag from /home/airflow/.local/lib/python3.12/site-packages/airflow/example_dags/example_latest_only.py
[2024-11-05T10:48:17.706+0000] {processor.py:925} INFO - DAG(s) 'latest_only' retrieved from /home/airflow/.local/lib/python3.12/site-packages/airflow/example_dags/example_latest_only.py
[2024-11-05T10:48:17.729+0000] {logging_mixin.py:190} INFO - [2024-11-05T10:48:17.729+0000] {dag.py:3239} INFO - Sync 1 DAGs
[2024-11-05T10:48:17.756+0000] {logging_mixin.py:190} INFO - [2024-11-05T10:48:17.756+0000] {dag.py:4180} INFO - Setting next_dagrun for latest_only to 2024-11-05 04:00:00+00:00, run_after=2024-11-05 08:00:00+00:00
[2024-11-05T10:48:17.778+0000] {processor.py:208} INFO - Processing /home/airflow/.local/lib/python3.12/site-packages/airflow/example_dags/example_latest_only.py took 0.089 seconds
[2024-11-05T10:48:48.674+0000] {processor.py:186} INFO - Started process (PID=1519) to work on /home/airflow/.local/lib/python3.12/site-packages/airflow/example_dags/example_latest_only.py
[2024-11-05T10:48:48.676+0000] {processor.py:914} INFO - Processing file /home/airflow/.local/lib/python3.12/site-packages/airflow/example_dags/example_latest_only.py for tasks to queue
[2024-11-05T10:48:48.679+0000] {logging_mixin.py:190} INFO - [2024-11-05T10:48:48.679+0000] {dagbag.py:588} INFO - Filling up the DagBag from /home/airflow/.local/lib/python3.12/site-packages/airflow/example_dags/example_latest_only.py
[2024-11-05T10:48:48.691+0000] {processor.py:925} INFO - DAG(s) 'latest_only' retrieved from /home/airflow/.local/lib/python3.12/site-packages/airflow/example_dags/example_latest_only.py
[2024-11-05T10:48:48.715+0000] {logging_mixin.py:190} INFO - [2024-11-05T10:48:48.715+0000] {dag.py:3239} INFO - Sync 1 DAGs
[2024-11-05T10:48:48.758+0000] {logging_mixin.py:190} INFO - [2024-11-05T10:48:48.757+0000] {dag.py:4180} INFO - Setting next_dagrun for latest_only to 2024-11-05 04:00:00+00:00, run_after=2024-11-05 08:00:00+00:00
[2024-11-05T10:48:48.796+0000] {processor.py:208} INFO - Processing /home/airflow/.local/lib/python3.12/site-packages/airflow/example_dags/example_latest_only.py took 0.132 seconds
[2024-11-05T10:49:19.337+0000] {processor.py:186} INFO - Started process (PID=1581) to work on /home/airflow/.local/lib/python3.12/site-packages/airflow/example_dags/example_latest_only.py
[2024-11-05T10:49:19.338+0000] {processor.py:914} INFO - Processing file /home/airflow/.local/lib/python3.12/site-packages/airflow/example_dags/example_latest_only.py for tasks to queue
[2024-11-05T10:49:19.341+0000] {logging_mixin.py:190} INFO - [2024-11-05T10:49:19.341+0000] {dagbag.py:588} INFO - Filling up the DagBag from /home/airflow/.local/lib/python3.12/site-packages/airflow/example_dags/example_latest_only.py
[2024-11-05T10:49:19.357+0000] {processor.py:925} INFO - DAG(s) 'latest_only' retrieved from /home/airflow/.local/lib/python3.12/site-packages/airflow/example_dags/example_latest_only.py
[2024-11-05T10:49:19.385+0000] {logging_mixin.py:190} INFO - [2024-11-05T10:49:19.384+0000] {dag.py:3239} INFO - Sync 1 DAGs
[2024-11-05T10:49:19.436+0000] {logging_mixin.py:190} INFO - [2024-11-05T10:49:19.436+0000] {dag.py:4180} INFO - Setting next_dagrun for latest_only to 2024-11-05 04:00:00+00:00, run_after=2024-11-05 08:00:00+00:00
[2024-11-05T10:49:19.470+0000] {processor.py:208} INFO - Processing /home/airflow/.local/lib/python3.12/site-packages/airflow/example_dags/example_latest_only.py took 0.140 seconds
[2024-11-05T10:49:49.853+0000] {processor.py:186} INFO - Started process (PID=1644) to work on /home/airflow/.local/lib/python3.12/site-packages/airflow/example_dags/example_latest_only.py
[2024-11-05T10:49:49.857+0000] {processor.py:914} INFO - Processing file /home/airflow/.local/lib/python3.12/site-packages/airflow/example_dags/example_latest_only.py for tasks to queue
[2024-11-05T10:49:49.863+0000] {logging_mixin.py:190} INFO - [2024-11-05T10:49:49.862+0000] {dagbag.py:588} INFO - Filling up the DagBag from /home/airflow/.local/lib/python3.12/site-packages/airflow/example_dags/example_latest_only.py
[2024-11-05T10:49:49.888+0000] {processor.py:925} INFO - DAG(s) 'latest_only' retrieved from /home/airflow/.local/lib/python3.12/site-packages/airflow/example_dags/example_latest_only.py
[2024-11-05T10:49:49.947+0000] {logging_mixin.py:190} INFO - [2024-11-05T10:49:49.946+0000] {dag.py:3239} INFO - Sync 1 DAGs
[2024-11-05T10:49:50.016+0000] {logging_mixin.py:190} INFO - [2024-11-05T10:49:50.015+0000] {dag.py:4180} INFO - Setting next_dagrun for latest_only to 2024-11-05 04:00:00+00:00, run_after=2024-11-05 08:00:00+00:00
[2024-11-05T10:49:50.084+0000] {processor.py:208} INFO - Processing /home/airflow/.local/lib/python3.12/site-packages/airflow/example_dags/example_latest_only.py took 0.240 seconds
[2024-11-05T10:50:20.283+0000] {processor.py:186} INFO - Started process (PID=1707) to work on /home/airflow/.local/lib/python3.12/site-packages/airflow/example_dags/example_latest_only.py
[2024-11-05T10:50:20.286+0000] {processor.py:914} INFO - Processing file /home/airflow/.local/lib/python3.12/site-packages/airflow/example_dags/example_latest_only.py for tasks to queue
[2024-11-05T10:50:20.289+0000] {logging_mixin.py:190} INFO - [2024-11-05T10:50:20.289+0000] {dagbag.py:588} INFO - Filling up the DagBag from /home/airflow/.local/lib/python3.12/site-packages/airflow/example_dags/example_latest_only.py
[2024-11-05T10:50:20.306+0000] {processor.py:925} INFO - DAG(s) 'latest_only' retrieved from /home/airflow/.local/lib/python3.12/site-packages/airflow/example_dags/example_latest_only.py
[2024-11-05T10:50:20.350+0000] {logging_mixin.py:190} INFO - [2024-11-05T10:50:20.349+0000] {dag.py:3239} INFO - Sync 1 DAGs
[2024-11-05T10:50:20.404+0000] {logging_mixin.py:190} INFO - [2024-11-05T10:50:20.403+0000] {dag.py:4180} INFO - Setting next_dagrun for latest_only to 2024-11-05 04:00:00+00:00, run_after=2024-11-05 08:00:00+00:00
[2024-11-05T10:50:20.440+0000] {processor.py:208} INFO - Processing /home/airflow/.local/lib/python3.12/site-packages/airflow/example_dags/example_latest_only.py took 0.168 seconds
[2024-11-05T10:50:50.945+0000] {processor.py:186} INFO - Started process (PID=1769) to work on /home/airflow/.local/lib/python3.12/site-packages/airflow/example_dags/example_latest_only.py
[2024-11-05T10:50:50.947+0000] {processor.py:914} INFO - Processing file /home/airflow/.local/lib/python3.12/site-packages/airflow/example_dags/example_latest_only.py for tasks to queue
[2024-11-05T10:50:50.951+0000] {logging_mixin.py:190} INFO - [2024-11-05T10:50:50.951+0000] {dagbag.py:588} INFO - Filling up the DagBag from /home/airflow/.local/lib/python3.12/site-packages/airflow/example_dags/example_latest_only.py
[2024-11-05T10:50:50.964+0000] {processor.py:925} INFO - DAG(s) 'latest_only' retrieved from /home/airflow/.local/lib/python3.12/site-packages/airflow/example_dags/example_latest_only.py
[2024-11-05T10:50:51.001+0000] {logging_mixin.py:190} INFO - [2024-11-05T10:50:51.001+0000] {dag.py:3239} INFO - Sync 1 DAGs
[2024-11-05T10:50:51.052+0000] {logging_mixin.py:190} INFO - [2024-11-05T10:50:51.051+0000] {dag.py:4180} INFO - Setting next_dagrun for latest_only to 2024-11-05 04:00:00+00:00, run_after=2024-11-05 08:00:00+00:00
[2024-11-05T10:50:51.086+0000] {processor.py:208} INFO - Processing /home/airflow/.local/lib/python3.12/site-packages/airflow/example_dags/example_latest_only.py took 0.156 seconds
[2024-11-05T10:51:21.568+0000] {processor.py:186} INFO - Started process (PID=1832) to work on /home/airflow/.local/lib/python3.12/site-packages/airflow/example_dags/example_latest_only.py
[2024-11-05T10:51:21.571+0000] {processor.py:914} INFO - Processing file /home/airflow/.local/lib/python3.12/site-packages/airflow/example_dags/example_latest_only.py for tasks to queue
[2024-11-05T10:51:21.578+0000] {logging_mixin.py:190} INFO - [2024-11-05T10:51:21.577+0000] {dagbag.py:588} INFO - Filling up the DagBag from /home/airflow/.local/lib/python3.12/site-packages/airflow/example_dags/example_latest_only.py
[2024-11-05T10:51:21.588+0000] {processor.py:925} INFO - DAG(s) 'latest_only' retrieved from /home/airflow/.local/lib/python3.12/site-packages/airflow/example_dags/example_latest_only.py
[2024-11-05T10:51:21.627+0000] {logging_mixin.py:190} INFO - [2024-11-05T10:51:21.626+0000] {dag.py:3239} INFO - Sync 1 DAGs
[2024-11-05T10:51:21.691+0000] {logging_mixin.py:190} INFO - [2024-11-05T10:51:21.691+0000] {dag.py:4180} INFO - Setting next_dagrun for latest_only to 2024-11-05 04:00:00+00:00, run_after=2024-11-05 08:00:00+00:00
[2024-11-05T10:51:21.731+0000] {processor.py:208} INFO - Processing /home/airflow/.local/lib/python3.12/site-packages/airflow/example_dags/example_latest_only.py took 0.177 seconds
[2024-11-05T10:51:52.535+0000] {processor.py:186} INFO - Started process (PID=1895) to work on /home/airflow/.local/lib/python3.12/site-packages/airflow/example_dags/example_latest_only.py
[2024-11-05T10:51:52.537+0000] {processor.py:914} INFO - Processing file /home/airflow/.local/lib/python3.12/site-packages/airflow/example_dags/example_latest_only.py for tasks to queue
[2024-11-05T10:51:52.541+0000] {logging_mixin.py:190} INFO - [2024-11-05T10:51:52.541+0000] {dagbag.py:588} INFO - Filling up the DagBag from /home/airflow/.local/lib/python3.12/site-packages/airflow/example_dags/example_latest_only.py
[2024-11-05T10:51:52.553+0000] {processor.py:925} INFO - DAG(s) 'latest_only' retrieved from /home/airflow/.local/lib/python3.12/site-packages/airflow/example_dags/example_latest_only.py
[2024-11-05T10:51:52.584+0000] {logging_mixin.py:190} INFO - [2024-11-05T10:51:52.583+0000] {dag.py:3239} INFO - Sync 1 DAGs
[2024-11-05T10:51:52.626+0000] {logging_mixin.py:190} INFO - [2024-11-05T10:51:52.626+0000] {dag.py:4180} INFO - Setting next_dagrun for latest_only to 2024-11-05 04:00:00+00:00, run_after=2024-11-05 08:00:00+00:00
[2024-11-05T10:51:52.658+0000] {processor.py:208} INFO - Processing /home/airflow/.local/lib/python3.12/site-packages/airflow/example_dags/example_latest_only.py took 0.131 seconds
[2024-11-05T10:52:22.741+0000] {processor.py:186} INFO - Started process (PID=1959) to work on /home/airflow/.local/lib/python3.12/site-packages/airflow/example_dags/example_latest_only.py
[2024-11-05T10:52:22.743+0000] {processor.py:914} INFO - Processing file /home/airflow/.local/lib/python3.12/site-packages/airflow/example_dags/example_latest_only.py for tasks to queue
[2024-11-05T10:52:22.749+0000] {logging_mixin.py:190} INFO - [2024-11-05T10:52:22.748+0000] {dagbag.py:588} INFO - Filling up the DagBag from /home/airflow/.local/lib/python3.12/site-packages/airflow/example_dags/example_latest_only.py
[2024-11-05T10:52:22.760+0000] {processor.py:925} INFO - DAG(s) 'latest_only' retrieved from /home/airflow/.local/lib/python3.12/site-packages/airflow/example_dags/example_latest_only.py
[2024-11-05T10:52:22.799+0000] {logging_mixin.py:190} INFO - [2024-11-05T10:52:22.798+0000] {dag.py:3239} INFO - Sync 1 DAGs
[2024-11-05T10:52:22.845+0000] {logging_mixin.py:190} INFO - [2024-11-05T10:52:22.845+0000] {dag.py:4180} INFO - Setting next_dagrun for latest_only to 2024-11-05 04:00:00+00:00, run_after=2024-11-05 08:00:00+00:00
[2024-11-05T10:52:22.887+0000] {processor.py:208} INFO - Processing /home/airflow/.local/lib/python3.12/site-packages/airflow/example_dags/example_latest_only.py took 0.158 seconds
[2024-11-05T10:52:53.426+0000] {processor.py:186} INFO - Started process (PID=2022) to work on /home/airflow/.local/lib/python3.12/site-packages/airflow/example_dags/example_latest_only.py
[2024-11-05T10:52:53.428+0000] {processor.py:914} INFO - Processing file /home/airflow/.local/lib/python3.12/site-packages/airflow/example_dags/example_latest_only.py for tasks to queue
[2024-11-05T10:52:53.432+0000] {logging_mixin.py:190} INFO - [2024-11-05T10:52:53.432+0000] {dagbag.py:588} INFO - Filling up the DagBag from /home/airflow/.local/lib/python3.12/site-packages/airflow/example_dags/example_latest_only.py
[2024-11-05T10:52:53.441+0000] {processor.py:925} INFO - DAG(s) 'latest_only' retrieved from /home/airflow/.local/lib/python3.12/site-packages/airflow/example_dags/example_latest_only.py
[2024-11-05T10:52:53.466+0000] {logging_mixin.py:190} INFO - [2024-11-05T10:52:53.466+0000] {dag.py:3239} INFO - Sync 1 DAGs
[2024-11-05T10:52:53.498+0000] {logging_mixin.py:190} INFO - [2024-11-05T10:52:53.498+0000] {dag.py:4180} INFO - Setting next_dagrun for latest_only to 2024-11-05 04:00:00+00:00, run_after=2024-11-05 08:00:00+00:00
[2024-11-05T10:52:53.533+0000] {processor.py:208} INFO - Processing /home/airflow/.local/lib/python3.12/site-packages/airflow/example_dags/example_latest_only.py took 0.113 seconds
[2024-11-05T10:53:23.714+0000] {processor.py:186} INFO - Started process (PID=2085) to work on /home/airflow/.local/lib/python3.12/site-packages/airflow/example_dags/example_latest_only.py
[2024-11-05T10:53:23.716+0000] {processor.py:914} INFO - Processing file /home/airflow/.local/lib/python3.12/site-packages/airflow/example_dags/example_latest_only.py for tasks to queue
[2024-11-05T10:53:23.720+0000] {logging_mixin.py:190} INFO - [2024-11-05T10:53:23.719+0000] {dagbag.py:588} INFO - Filling up the DagBag from /home/airflow/.local/lib/python3.12/site-packages/airflow/example_dags/example_latest_only.py
[2024-11-05T10:53:23.742+0000] {processor.py:925} INFO - DAG(s) 'latest_only' retrieved from /home/airflow/.local/lib/python3.12/site-packages/airflow/example_dags/example_latest_only.py
[2024-11-05T10:53:23.801+0000] {logging_mixin.py:190} INFO - [2024-11-05T10:53:23.801+0000] {dag.py:3239} INFO - Sync 1 DAGs
[2024-11-05T10:53:23.875+0000] {logging_mixin.py:190} INFO - [2024-11-05T10:53:23.875+0000] {dag.py:4180} INFO - Setting next_dagrun for latest_only to 2024-11-05 04:00:00+00:00, run_after=2024-11-05 08:00:00+00:00
[2024-11-05T10:53:23.929+0000] {processor.py:208} INFO - Processing /home/airflow/.local/lib/python3.12/site-packages/airflow/example_dags/example_latest_only.py took 0.231 seconds
[2024-11-05T10:53:54.100+0000] {processor.py:186} INFO - Started process (PID=2148) to work on /home/airflow/.local/lib/python3.12/site-packages/airflow/example_dags/example_latest_only.py
[2024-11-05T10:53:54.102+0000] {processor.py:914} INFO - Processing file /home/airflow/.local/lib/python3.12/site-packages/airflow/example_dags/example_latest_only.py for tasks to queue
[2024-11-05T10:53:54.105+0000] {logging_mixin.py:190} INFO - [2024-11-05T10:53:54.105+0000] {dagbag.py:588} INFO - Filling up the DagBag from /home/airflow/.local/lib/python3.12/site-packages/airflow/example_dags/example_latest_only.py
[2024-11-05T10:53:54.117+0000] {processor.py:925} INFO - DAG(s) 'latest_only' retrieved from /home/airflow/.local/lib/python3.12/site-packages/airflow/example_dags/example_latest_only.py
[2024-11-05T10:53:54.153+0000] {logging_mixin.py:190} INFO - [2024-11-05T10:53:54.152+0000] {dag.py:3239} INFO - Sync 1 DAGs
[2024-11-05T10:53:54.208+0000] {logging_mixin.py:190} INFO - [2024-11-05T10:53:54.208+0000] {dag.py:4180} INFO - Setting next_dagrun for latest_only to 2024-11-05 04:00:00+00:00, run_after=2024-11-05 08:00:00+00:00
[2024-11-05T10:53:54.252+0000] {processor.py:208} INFO - Processing /home/airflow/.local/lib/python3.12/site-packages/airflow/example_dags/example_latest_only.py took 0.162 seconds
[2024-11-05T10:54:24.407+0000] {processor.py:186} INFO - Started process (PID=2211) to work on /home/airflow/.local/lib/python3.12/site-packages/airflow/example_dags/example_latest_only.py
[2024-11-05T10:54:24.409+0000] {processor.py:914} INFO - Processing file /home/airflow/.local/lib/python3.12/site-packages/airflow/example_dags/example_latest_only.py for tasks to queue
[2024-11-05T10:54:24.411+0000] {logging_mixin.py:190} INFO - [2024-11-05T10:54:24.411+0000] {dagbag.py:588} INFO - Filling up the DagBag from /home/airflow/.local/lib/python3.12/site-packages/airflow/example_dags/example_latest_only.py
[2024-11-05T10:54:24.418+0000] {processor.py:925} INFO - DAG(s) 'latest_only' retrieved from /home/airflow/.local/lib/python3.12/site-packages/airflow/example_dags/example_latest_only.py
[2024-11-05T10:54:24.443+0000] {logging_mixin.py:190} INFO - [2024-11-05T10:54:24.442+0000] {dag.py:3239} INFO - Sync 1 DAGs
[2024-11-05T10:54:24.476+0000] {logging_mixin.py:190} INFO - [2024-11-05T10:54:24.476+0000] {dag.py:4180} INFO - Setting next_dagrun for latest_only to 2024-11-05 04:00:00+00:00, run_after=2024-11-05 08:00:00+00:00
[2024-11-05T10:54:24.500+0000] {processor.py:208} INFO - Processing /home/airflow/.local/lib/python3.12/site-packages/airflow/example_dags/example_latest_only.py took 0.099 seconds
