[2024-11-05T10:37:07.115+0000] {processor.py:186} INFO - Started process (PID=78) to work on /home/airflow/.local/lib/python3.12/site-packages/airflow/example_dags/tutorial_objectstorage.py
[2024-11-05T10:37:07.117+0000] {processor.py:914} INFO - Processing file /home/airflow/.local/lib/python3.12/site-packages/airflow/example_dags/tutorial_objectstorage.py for tasks to queue
[2024-11-05T10:37:07.120+0000] {logging_mixin.py:190} INFO - [2024-11-05T10:37:07.119+0000] {dagbag.py:588} INFO - Filling up the DagBag from /home/airflow/.local/lib/python3.12/site-packages/airflow/example_dags/tutorial_objectstorage.py
[2024-11-05T10:37:07.135+0000] {processor.py:925} INFO - DAG(s) 'tutorial_objectstorage' retrieved from /home/airflow/.local/lib/python3.12/site-packages/airflow/example_dags/tutorial_objectstorage.py
[2024-11-05T10:37:07.323+0000] {logging_mixin.py:190} INFO - [2024-11-05T10:37:07.323+0000] {override.py:1900} INFO - Created Permission View: can delete on DAG:tutorial_objectstorage
[2024-11-05T10:37:07.337+0000] {logging_mixin.py:190} INFO - [2024-11-05T10:37:07.336+0000] {override.py:1900} INFO - Created Permission View: can read on DAG:tutorial_objectstorage
[2024-11-05T10:37:07.346+0000] {logging_mixin.py:190} INFO - [2024-11-05T10:37:07.345+0000] {override.py:1900} INFO - Created Permission View: can edit on DAG:tutorial_objectstorage
[2024-11-05T10:37:07.356+0000] {logging_mixin.py:190} INFO - [2024-11-05T10:37:07.355+0000] {override.py:1900} INFO - Created Permission View: can delete on DAG Run:tutorial_objectstorage
[2024-11-05T10:37:07.367+0000] {logging_mixin.py:190} INFO - [2024-11-05T10:37:07.366+0000] {override.py:1900} INFO - Created Permission View: can create on DAG Run:tutorial_objectstorage
[2024-11-05T10:37:07.378+0000] {logging_mixin.py:190} INFO - [2024-11-05T10:37:07.378+0000] {override.py:1900} INFO - Created Permission View: can read on DAG Run:tutorial_objectstorage
[2024-11-05T10:37:07.390+0000] {logging_mixin.py:190} INFO - [2024-11-05T10:37:07.390+0000] {override.py:1900} INFO - Created Permission View: menu access on DAG Run:tutorial_objectstorage
[2024-11-05T10:37:07.391+0000] {logging_mixin.py:190} INFO - [2024-11-05T10:37:07.390+0000] {dag.py:3239} INFO - Sync 1 DAGs
[2024-11-05T10:37:07.412+0000] {logging_mixin.py:190} INFO - [2024-11-05T10:37:07.411+0000] {dag.py:3262} INFO - Creating ORM DAG for tutorial_objectstorage
[2024-11-05T10:37:07.413+0000] {logging_mixin.py:190} INFO - [2024-11-05T10:37:07.412+0000] {dag.py:4180} INFO - Setting next_dagrun for tutorial_objectstorage to None, run_after=None
[2024-11-05T10:37:07.438+0000] {processor.py:208} INFO - Processing /home/airflow/.local/lib/python3.12/site-packages/airflow/example_dags/tutorial_objectstorage.py took 0.332 seconds
[2024-11-05T10:37:37.698+0000] {processor.py:186} INFO - Started process (PID=140) to work on /home/airflow/.local/lib/python3.12/site-packages/airflow/example_dags/tutorial_objectstorage.py
[2024-11-05T10:37:37.699+0000] {processor.py:914} INFO - Processing file /home/airflow/.local/lib/python3.12/site-packages/airflow/example_dags/tutorial_objectstorage.py for tasks to queue
[2024-11-05T10:37:37.702+0000] {logging_mixin.py:190} INFO - [2024-11-05T10:37:37.701+0000] {dagbag.py:588} INFO - Filling up the DagBag from /home/airflow/.local/lib/python3.12/site-packages/airflow/example_dags/tutorial_objectstorage.py
[2024-11-05T10:37:37.712+0000] {processor.py:925} INFO - DAG(s) 'tutorial_objectstorage' retrieved from /home/airflow/.local/lib/python3.12/site-packages/airflow/example_dags/tutorial_objectstorage.py
[2024-11-05T10:37:37.729+0000] {logging_mixin.py:190} INFO - [2024-11-05T10:37:37.729+0000] {dag.py:3239} INFO - Sync 1 DAGs
[2024-11-05T10:37:37.744+0000] {logging_mixin.py:190} INFO - [2024-11-05T10:37:37.744+0000] {dag.py:4180} INFO - Setting next_dagrun for tutorial_objectstorage to None, run_after=None
[2024-11-05T10:37:37.764+0000] {processor.py:208} INFO - Processing /home/airflow/.local/lib/python3.12/site-packages/airflow/example_dags/tutorial_objectstorage.py took 0.071 seconds
[2024-11-05T10:38:08.037+0000] {processor.py:186} INFO - Started process (PID=203) to work on /home/airflow/.local/lib/python3.12/site-packages/airflow/example_dags/tutorial_objectstorage.py
[2024-11-05T10:38:08.038+0000] {processor.py:914} INFO - Processing file /home/airflow/.local/lib/python3.12/site-packages/airflow/example_dags/tutorial_objectstorage.py for tasks to queue
[2024-11-05T10:38:08.041+0000] {logging_mixin.py:190} INFO - [2024-11-05T10:38:08.040+0000] {dagbag.py:588} INFO - Filling up the DagBag from /home/airflow/.local/lib/python3.12/site-packages/airflow/example_dags/tutorial_objectstorage.py
[2024-11-05T10:38:08.050+0000] {processor.py:925} INFO - DAG(s) 'tutorial_objectstorage' retrieved from /home/airflow/.local/lib/python3.12/site-packages/airflow/example_dags/tutorial_objectstorage.py
[2024-11-05T10:38:08.069+0000] {logging_mixin.py:190} INFO - [2024-11-05T10:38:08.068+0000] {dag.py:3239} INFO - Sync 1 DAGs
[2024-11-05T10:38:08.084+0000] {logging_mixin.py:190} INFO - [2024-11-05T10:38:08.083+0000] {dag.py:4180} INFO - Setting next_dagrun for tutorial_objectstorage to None, run_after=None
[2024-11-05T10:38:08.103+0000] {processor.py:208} INFO - Processing /home/airflow/.local/lib/python3.12/site-packages/airflow/example_dags/tutorial_objectstorage.py took 0.072 seconds
[2024-11-05T10:38:38.408+0000] {processor.py:186} INFO - Started process (PID=266) to work on /home/airflow/.local/lib/python3.12/site-packages/airflow/example_dags/tutorial_objectstorage.py
[2024-11-05T10:38:38.410+0000] {processor.py:914} INFO - Processing file /home/airflow/.local/lib/python3.12/site-packages/airflow/example_dags/tutorial_objectstorage.py for tasks to queue
[2024-11-05T10:38:38.414+0000] {logging_mixin.py:190} INFO - [2024-11-05T10:38:38.413+0000] {dagbag.py:588} INFO - Filling up the DagBag from /home/airflow/.local/lib/python3.12/site-packages/airflow/example_dags/tutorial_objectstorage.py
[2024-11-05T10:38:38.430+0000] {processor.py:925} INFO - DAG(s) 'tutorial_objectstorage' retrieved from /home/airflow/.local/lib/python3.12/site-packages/airflow/example_dags/tutorial_objectstorage.py
[2024-11-05T10:38:38.459+0000] {logging_mixin.py:190} INFO - [2024-11-05T10:38:38.459+0000] {dag.py:3239} INFO - Sync 1 DAGs
[2024-11-05T10:38:38.488+0000] {logging_mixin.py:190} INFO - [2024-11-05T10:38:38.487+0000] {dag.py:4180} INFO - Setting next_dagrun for tutorial_objectstorage to None, run_after=None
[2024-11-05T10:38:38.517+0000] {processor.py:208} INFO - Processing /home/airflow/.local/lib/python3.12/site-packages/airflow/example_dags/tutorial_objectstorage.py took 0.126 seconds
[2024-11-05T10:39:08.600+0000] {processor.py:186} INFO - Started process (PID=328) to work on /home/airflow/.local/lib/python3.12/site-packages/airflow/example_dags/tutorial_objectstorage.py
[2024-11-05T10:39:08.601+0000] {processor.py:914} INFO - Processing file /home/airflow/.local/lib/python3.12/site-packages/airflow/example_dags/tutorial_objectstorage.py for tasks to queue
[2024-11-05T10:39:08.603+0000] {logging_mixin.py:190} INFO - [2024-11-05T10:39:08.602+0000] {dagbag.py:588} INFO - Filling up the DagBag from /home/airflow/.local/lib/python3.12/site-packages/airflow/example_dags/tutorial_objectstorage.py
[2024-11-05T10:39:08.611+0000] {processor.py:925} INFO - DAG(s) 'tutorial_objectstorage' retrieved from /home/airflow/.local/lib/python3.12/site-packages/airflow/example_dags/tutorial_objectstorage.py
[2024-11-05T10:39:08.629+0000] {logging_mixin.py:190} INFO - [2024-11-05T10:39:08.629+0000] {dag.py:3239} INFO - Sync 1 DAGs
[2024-11-05T10:39:08.643+0000] {logging_mixin.py:190} INFO - [2024-11-05T10:39:08.643+0000] {dag.py:4180} INFO - Setting next_dagrun for tutorial_objectstorage to None, run_after=None
[2024-11-05T10:39:08.661+0000] {processor.py:208} INFO - Processing /home/airflow/.local/lib/python3.12/site-packages/airflow/example_dags/tutorial_objectstorage.py took 0.068 seconds
[2024-11-05T10:39:39.455+0000] {processor.py:186} INFO - Started process (PID=390) to work on /home/airflow/.local/lib/python3.12/site-packages/airflow/example_dags/tutorial_objectstorage.py
[2024-11-05T10:39:39.456+0000] {processor.py:914} INFO - Processing file /home/airflow/.local/lib/python3.12/site-packages/airflow/example_dags/tutorial_objectstorage.py for tasks to queue
[2024-11-05T10:39:39.458+0000] {logging_mixin.py:190} INFO - [2024-11-05T10:39:39.458+0000] {dagbag.py:588} INFO - Filling up the DagBag from /home/airflow/.local/lib/python3.12/site-packages/airflow/example_dags/tutorial_objectstorage.py
[2024-11-05T10:39:39.466+0000] {processor.py:925} INFO - DAG(s) 'tutorial_objectstorage' retrieved from /home/airflow/.local/lib/python3.12/site-packages/airflow/example_dags/tutorial_objectstorage.py
[2024-11-05T10:39:39.484+0000] {logging_mixin.py:190} INFO - [2024-11-05T10:39:39.484+0000] {dag.py:3239} INFO - Sync 1 DAGs
[2024-11-05T10:39:39.498+0000] {logging_mixin.py:190} INFO - [2024-11-05T10:39:39.498+0000] {dag.py:4180} INFO - Setting next_dagrun for tutorial_objectstorage to None, run_after=None
[2024-11-05T10:39:39.516+0000] {processor.py:208} INFO - Processing /home/airflow/.local/lib/python3.12/site-packages/airflow/example_dags/tutorial_objectstorage.py took 0.066 seconds
[2024-11-05T10:40:09.697+0000] {processor.py:186} INFO - Started process (PID=453) to work on /home/airflow/.local/lib/python3.12/site-packages/airflow/example_dags/tutorial_objectstorage.py
[2024-11-05T10:40:09.698+0000] {processor.py:914} INFO - Processing file /home/airflow/.local/lib/python3.12/site-packages/airflow/example_dags/tutorial_objectstorage.py for tasks to queue
[2024-11-05T10:40:09.701+0000] {logging_mixin.py:190} INFO - [2024-11-05T10:40:09.700+0000] {dagbag.py:588} INFO - Filling up the DagBag from /home/airflow/.local/lib/python3.12/site-packages/airflow/example_dags/tutorial_objectstorage.py
[2024-11-05T10:40:09.709+0000] {processor.py:925} INFO - DAG(s) 'tutorial_objectstorage' retrieved from /home/airflow/.local/lib/python3.12/site-packages/airflow/example_dags/tutorial_objectstorage.py
[2024-11-05T10:40:09.728+0000] {logging_mixin.py:190} INFO - [2024-11-05T10:40:09.728+0000] {dag.py:3239} INFO - Sync 1 DAGs
[2024-11-05T10:40:09.742+0000] {logging_mixin.py:190} INFO - [2024-11-05T10:40:09.742+0000] {dag.py:4180} INFO - Setting next_dagrun for tutorial_objectstorage to None, run_after=None
[2024-11-05T10:40:09.763+0000] {processor.py:208} INFO - Processing /home/airflow/.local/lib/python3.12/site-packages/airflow/example_dags/tutorial_objectstorage.py took 0.071 seconds
[2024-11-05T10:40:40.189+0000] {processor.py:186} INFO - Started process (PID=516) to work on /home/airflow/.local/lib/python3.12/site-packages/airflow/example_dags/tutorial_objectstorage.py
[2024-11-05T10:40:40.190+0000] {processor.py:914} INFO - Processing file /home/airflow/.local/lib/python3.12/site-packages/airflow/example_dags/tutorial_objectstorage.py for tasks to queue
[2024-11-05T10:40:40.192+0000] {logging_mixin.py:190} INFO - [2024-11-05T10:40:40.192+0000] {dagbag.py:588} INFO - Filling up the DagBag from /home/airflow/.local/lib/python3.12/site-packages/airflow/example_dags/tutorial_objectstorage.py
[2024-11-05T10:40:40.200+0000] {processor.py:925} INFO - DAG(s) 'tutorial_objectstorage' retrieved from /home/airflow/.local/lib/python3.12/site-packages/airflow/example_dags/tutorial_objectstorage.py
[2024-11-05T10:40:40.218+0000] {logging_mixin.py:190} INFO - [2024-11-05T10:40:40.217+0000] {dag.py:3239} INFO - Sync 1 DAGs
[2024-11-05T10:40:40.233+0000] {logging_mixin.py:190} INFO - [2024-11-05T10:40:40.232+0000] {dag.py:4180} INFO - Setting next_dagrun for tutorial_objectstorage to None, run_after=None
[2024-11-05T10:40:40.252+0000] {processor.py:208} INFO - Processing /home/airflow/.local/lib/python3.12/site-packages/airflow/example_dags/tutorial_objectstorage.py took 0.070 seconds
[2024-11-05T10:41:10.317+0000] {processor.py:186} INFO - Started process (PID=579) to work on /home/airflow/.local/lib/python3.12/site-packages/airflow/example_dags/tutorial_objectstorage.py
[2024-11-05T10:41:10.318+0000] {processor.py:914} INFO - Processing file /home/airflow/.local/lib/python3.12/site-packages/airflow/example_dags/tutorial_objectstorage.py for tasks to queue
[2024-11-05T10:41:10.320+0000] {logging_mixin.py:190} INFO - [2024-11-05T10:41:10.320+0000] {dagbag.py:588} INFO - Filling up the DagBag from /home/airflow/.local/lib/python3.12/site-packages/airflow/example_dags/tutorial_objectstorage.py
[2024-11-05T10:41:10.329+0000] {processor.py:925} INFO - DAG(s) 'tutorial_objectstorage' retrieved from /home/airflow/.local/lib/python3.12/site-packages/airflow/example_dags/tutorial_objectstorage.py
[2024-11-05T10:41:10.349+0000] {logging_mixin.py:190} INFO - [2024-11-05T10:41:10.349+0000] {dag.py:3239} INFO - Sync 1 DAGs
[2024-11-05T10:41:10.367+0000] {logging_mixin.py:190} INFO - [2024-11-05T10:41:10.366+0000] {dag.py:4180} INFO - Setting next_dagrun for tutorial_objectstorage to None, run_after=None
[2024-11-05T10:41:10.395+0000] {processor.py:208} INFO - Processing /home/airflow/.local/lib/python3.12/site-packages/airflow/example_dags/tutorial_objectstorage.py took 0.083 seconds
[2024-11-05T10:41:40.562+0000] {processor.py:186} INFO - Started process (PID=641) to work on /home/airflow/.local/lib/python3.12/site-packages/airflow/example_dags/tutorial_objectstorage.py
[2024-11-05T10:41:40.563+0000] {processor.py:914} INFO - Processing file /home/airflow/.local/lib/python3.12/site-packages/airflow/example_dags/tutorial_objectstorage.py for tasks to queue
[2024-11-05T10:41:40.566+0000] {logging_mixin.py:190} INFO - [2024-11-05T10:41:40.566+0000] {dagbag.py:588} INFO - Filling up the DagBag from /home/airflow/.local/lib/python3.12/site-packages/airflow/example_dags/tutorial_objectstorage.py
[2024-11-05T10:41:40.576+0000] {processor.py:925} INFO - DAG(s) 'tutorial_objectstorage' retrieved from /home/airflow/.local/lib/python3.12/site-packages/airflow/example_dags/tutorial_objectstorage.py
[2024-11-05T10:41:40.598+0000] {logging_mixin.py:190} INFO - [2024-11-05T10:41:40.598+0000] {dag.py:3239} INFO - Sync 1 DAGs
[2024-11-05T10:41:40.615+0000] {logging_mixin.py:190} INFO - [2024-11-05T10:41:40.614+0000] {dag.py:4180} INFO - Setting next_dagrun for tutorial_objectstorage to None, run_after=None
[2024-11-05T10:41:40.640+0000] {processor.py:208} INFO - Processing /home/airflow/.local/lib/python3.12/site-packages/airflow/example_dags/tutorial_objectstorage.py took 0.084 seconds
[2024-11-05T10:42:11.235+0000] {processor.py:186} INFO - Started process (PID=704) to work on /home/airflow/.local/lib/python3.12/site-packages/airflow/example_dags/tutorial_objectstorage.py
[2024-11-05T10:42:11.236+0000] {processor.py:914} INFO - Processing file /home/airflow/.local/lib/python3.12/site-packages/airflow/example_dags/tutorial_objectstorage.py for tasks to queue
[2024-11-05T10:42:11.238+0000] {logging_mixin.py:190} INFO - [2024-11-05T10:42:11.238+0000] {dagbag.py:588} INFO - Filling up the DagBag from /home/airflow/.local/lib/python3.12/site-packages/airflow/example_dags/tutorial_objectstorage.py
[2024-11-05T10:42:11.250+0000] {processor.py:925} INFO - DAG(s) 'tutorial_objectstorage' retrieved from /home/airflow/.local/lib/python3.12/site-packages/airflow/example_dags/tutorial_objectstorage.py
[2024-11-05T10:42:11.271+0000] {logging_mixin.py:190} INFO - [2024-11-05T10:42:11.271+0000] {dag.py:3239} INFO - Sync 1 DAGs
[2024-11-05T10:42:11.289+0000] {logging_mixin.py:190} INFO - [2024-11-05T10:42:11.288+0000] {dag.py:4180} INFO - Setting next_dagrun for tutorial_objectstorage to None, run_after=None
[2024-11-05T10:42:11.312+0000] {processor.py:208} INFO - Processing /home/airflow/.local/lib/python3.12/site-packages/airflow/example_dags/tutorial_objectstorage.py took 0.083 seconds
[2024-11-05T10:42:41.474+0000] {processor.py:186} INFO - Started process (PID=766) to work on /home/airflow/.local/lib/python3.12/site-packages/airflow/example_dags/tutorial_objectstorage.py
[2024-11-05T10:42:41.475+0000] {processor.py:914} INFO - Processing file /home/airflow/.local/lib/python3.12/site-packages/airflow/example_dags/tutorial_objectstorage.py for tasks to queue
[2024-11-05T10:42:41.478+0000] {logging_mixin.py:190} INFO - [2024-11-05T10:42:41.477+0000] {dagbag.py:588} INFO - Filling up the DagBag from /home/airflow/.local/lib/python3.12/site-packages/airflow/example_dags/tutorial_objectstorage.py
[2024-11-05T10:42:41.489+0000] {processor.py:925} INFO - DAG(s) 'tutorial_objectstorage' retrieved from /home/airflow/.local/lib/python3.12/site-packages/airflow/example_dags/tutorial_objectstorage.py
[2024-11-05T10:42:41.512+0000] {logging_mixin.py:190} INFO - [2024-11-05T10:42:41.512+0000] {dag.py:3239} INFO - Sync 1 DAGs
[2024-11-05T10:42:41.531+0000] {logging_mixin.py:190} INFO - [2024-11-05T10:42:41.531+0000] {dag.py:4180} INFO - Setting next_dagrun for tutorial_objectstorage to None, run_after=None
[2024-11-05T10:42:41.553+0000] {processor.py:208} INFO - Processing /home/airflow/.local/lib/python3.12/site-packages/airflow/example_dags/tutorial_objectstorage.py took 0.087 seconds
[2024-11-05T10:43:12.259+0000] {processor.py:186} INFO - Started process (PID=829) to work on /home/airflow/.local/lib/python3.12/site-packages/airflow/example_dags/tutorial_objectstorage.py
[2024-11-05T10:43:12.260+0000] {processor.py:914} INFO - Processing file /home/airflow/.local/lib/python3.12/site-packages/airflow/example_dags/tutorial_objectstorage.py for tasks to queue
[2024-11-05T10:43:12.264+0000] {logging_mixin.py:190} INFO - [2024-11-05T10:43:12.264+0000] {dagbag.py:588} INFO - Filling up the DagBag from /home/airflow/.local/lib/python3.12/site-packages/airflow/example_dags/tutorial_objectstorage.py
[2024-11-05T10:43:12.281+0000] {processor.py:925} INFO - DAG(s) 'tutorial_objectstorage' retrieved from /home/airflow/.local/lib/python3.12/site-packages/airflow/example_dags/tutorial_objectstorage.py
[2024-11-05T10:43:12.314+0000] {logging_mixin.py:190} INFO - [2024-11-05T10:43:12.313+0000] {dag.py:3239} INFO - Sync 1 DAGs
[2024-11-05T10:43:12.340+0000] {logging_mixin.py:190} INFO - [2024-11-05T10:43:12.340+0000] {dag.py:4180} INFO - Setting next_dagrun for tutorial_objectstorage to None, run_after=None
[2024-11-05T10:43:12.376+0000] {processor.py:208} INFO - Processing /home/airflow/.local/lib/python3.12/site-packages/airflow/example_dags/tutorial_objectstorage.py took 0.127 seconds
[2024-11-05T10:43:43.208+0000] {processor.py:186} INFO - Started process (PID=893) to work on /home/airflow/.local/lib/python3.12/site-packages/airflow/example_dags/tutorial_objectstorage.py
[2024-11-05T10:43:43.209+0000] {processor.py:914} INFO - Processing file /home/airflow/.local/lib/python3.12/site-packages/airflow/example_dags/tutorial_objectstorage.py for tasks to queue
[2024-11-05T10:43:43.211+0000] {logging_mixin.py:190} INFO - [2024-11-05T10:43:43.211+0000] {dagbag.py:588} INFO - Filling up the DagBag from /home/airflow/.local/lib/python3.12/site-packages/airflow/example_dags/tutorial_objectstorage.py
[2024-11-05T10:43:43.222+0000] {processor.py:925} INFO - DAG(s) 'tutorial_objectstorage' retrieved from /home/airflow/.local/lib/python3.12/site-packages/airflow/example_dags/tutorial_objectstorage.py
[2024-11-05T10:43:43.241+0000] {logging_mixin.py:190} INFO - [2024-11-05T10:43:43.240+0000] {dag.py:3239} INFO - Sync 1 DAGs
[2024-11-05T10:43:43.257+0000] {logging_mixin.py:190} INFO - [2024-11-05T10:43:43.256+0000] {dag.py:4180} INFO - Setting next_dagrun for tutorial_objectstorage to None, run_after=None
[2024-11-05T10:43:43.275+0000] {processor.py:208} INFO - Processing /home/airflow/.local/lib/python3.12/site-packages/airflow/example_dags/tutorial_objectstorage.py took 0.074 seconds
[2024-11-05T10:44:14.278+0000] {processor.py:186} INFO - Started process (PID=957) to work on /home/airflow/.local/lib/python3.12/site-packages/airflow/example_dags/tutorial_objectstorage.py
[2024-11-05T10:44:14.279+0000] {processor.py:914} INFO - Processing file /home/airflow/.local/lib/python3.12/site-packages/airflow/example_dags/tutorial_objectstorage.py for tasks to queue
[2024-11-05T10:44:14.282+0000] {logging_mixin.py:190} INFO - [2024-11-05T10:44:14.282+0000] {dagbag.py:588} INFO - Filling up the DagBag from /home/airflow/.local/lib/python3.12/site-packages/airflow/example_dags/tutorial_objectstorage.py
[2024-11-05T10:44:14.291+0000] {processor.py:925} INFO - DAG(s) 'tutorial_objectstorage' retrieved from /home/airflow/.local/lib/python3.12/site-packages/airflow/example_dags/tutorial_objectstorage.py
[2024-11-05T10:44:14.312+0000] {logging_mixin.py:190} INFO - [2024-11-05T10:44:14.312+0000] {dag.py:3239} INFO - Sync 1 DAGs
[2024-11-05T10:44:14.334+0000] {logging_mixin.py:190} INFO - [2024-11-05T10:44:14.334+0000] {dag.py:4180} INFO - Setting next_dagrun for tutorial_objectstorage to None, run_after=None
[2024-11-05T10:44:14.361+0000] {processor.py:208} INFO - Processing /home/airflow/.local/lib/python3.12/site-packages/airflow/example_dags/tutorial_objectstorage.py took 0.089 seconds
[2024-11-05T10:44:44.644+0000] {processor.py:186} INFO - Started process (PID=1020) to work on /home/airflow/.local/lib/python3.12/site-packages/airflow/example_dags/tutorial_objectstorage.py
[2024-11-05T10:44:44.645+0000] {processor.py:914} INFO - Processing file /home/airflow/.local/lib/python3.12/site-packages/airflow/example_dags/tutorial_objectstorage.py for tasks to queue
[2024-11-05T10:44:44.648+0000] {logging_mixin.py:190} INFO - [2024-11-05T10:44:44.648+0000] {dagbag.py:588} INFO - Filling up the DagBag from /home/airflow/.local/lib/python3.12/site-packages/airflow/example_dags/tutorial_objectstorage.py
[2024-11-05T10:44:44.660+0000] {processor.py:925} INFO - DAG(s) 'tutorial_objectstorage' retrieved from /home/airflow/.local/lib/python3.12/site-packages/airflow/example_dags/tutorial_objectstorage.py
[2024-11-05T10:44:44.684+0000] {logging_mixin.py:190} INFO - [2024-11-05T10:44:44.684+0000] {dag.py:3239} INFO - Sync 1 DAGs
[2024-11-05T10:44:44.702+0000] {logging_mixin.py:190} INFO - [2024-11-05T10:44:44.702+0000] {dag.py:4180} INFO - Setting next_dagrun for tutorial_objectstorage to None, run_after=None
[2024-11-05T10:44:44.722+0000] {processor.py:208} INFO - Processing /home/airflow/.local/lib/python3.12/site-packages/airflow/example_dags/tutorial_objectstorage.py took 0.084 seconds
[2024-11-05T10:45:14.964+0000] {processor.py:186} INFO - Started process (PID=1083) to work on /home/airflow/.local/lib/python3.12/site-packages/airflow/example_dags/tutorial_objectstorage.py
[2024-11-05T10:45:14.965+0000] {processor.py:914} INFO - Processing file /home/airflow/.local/lib/python3.12/site-packages/airflow/example_dags/tutorial_objectstorage.py for tasks to queue
[2024-11-05T10:45:14.967+0000] {logging_mixin.py:190} INFO - [2024-11-05T10:45:14.967+0000] {dagbag.py:588} INFO - Filling up the DagBag from /home/airflow/.local/lib/python3.12/site-packages/airflow/example_dags/tutorial_objectstorage.py
[2024-11-05T10:45:14.978+0000] {processor.py:925} INFO - DAG(s) 'tutorial_objectstorage' retrieved from /home/airflow/.local/lib/python3.12/site-packages/airflow/example_dags/tutorial_objectstorage.py
[2024-11-05T10:45:14.995+0000] {logging_mixin.py:190} INFO - [2024-11-05T10:45:14.995+0000] {dag.py:3239} INFO - Sync 1 DAGs
[2024-11-05T10:45:15.010+0000] {logging_mixin.py:190} INFO - [2024-11-05T10:45:15.009+0000] {dag.py:4180} INFO - Setting next_dagrun for tutorial_objectstorage to None, run_after=None
[2024-11-05T10:45:15.028+0000] {processor.py:208} INFO - Processing /home/airflow/.local/lib/python3.12/site-packages/airflow/example_dags/tutorial_objectstorage.py took 0.069 seconds
[2024-11-05T10:45:45.224+0000] {processor.py:186} INFO - Started process (PID=1146) to work on /home/airflow/.local/lib/python3.12/site-packages/airflow/example_dags/tutorial_objectstorage.py
[2024-11-05T10:45:45.225+0000] {processor.py:914} INFO - Processing file /home/airflow/.local/lib/python3.12/site-packages/airflow/example_dags/tutorial_objectstorage.py for tasks to queue
[2024-11-05T10:45:45.228+0000] {logging_mixin.py:190} INFO - [2024-11-05T10:45:45.227+0000] {dagbag.py:588} INFO - Filling up the DagBag from /home/airflow/.local/lib/python3.12/site-packages/airflow/example_dags/tutorial_objectstorage.py
[2024-11-05T10:45:45.239+0000] {processor.py:925} INFO - DAG(s) 'tutorial_objectstorage' retrieved from /home/airflow/.local/lib/python3.12/site-packages/airflow/example_dags/tutorial_objectstorage.py
[2024-11-05T10:45:45.261+0000] {logging_mixin.py:190} INFO - [2024-11-05T10:45:45.261+0000] {dag.py:3239} INFO - Sync 1 DAGs
[2024-11-05T10:45:45.279+0000] {logging_mixin.py:190} INFO - [2024-11-05T10:45:45.279+0000] {dag.py:4180} INFO - Setting next_dagrun for tutorial_objectstorage to None, run_after=None
[2024-11-05T10:45:45.300+0000] {processor.py:208} INFO - Processing /home/airflow/.local/lib/python3.12/site-packages/airflow/example_dags/tutorial_objectstorage.py took 0.083 seconds
[2024-11-05T10:46:16.064+0000] {processor.py:186} INFO - Started process (PID=1209) to work on /home/airflow/.local/lib/python3.12/site-packages/airflow/example_dags/tutorial_objectstorage.py
[2024-11-05T10:46:16.066+0000] {processor.py:914} INFO - Processing file /home/airflow/.local/lib/python3.12/site-packages/airflow/example_dags/tutorial_objectstorage.py for tasks to queue
[2024-11-05T10:46:16.068+0000] {logging_mixin.py:190} INFO - [2024-11-05T10:46:16.068+0000] {dagbag.py:588} INFO - Filling up the DagBag from /home/airflow/.local/lib/python3.12/site-packages/airflow/example_dags/tutorial_objectstorage.py
[2024-11-05T10:46:16.079+0000] {processor.py:925} INFO - DAG(s) 'tutorial_objectstorage' retrieved from /home/airflow/.local/lib/python3.12/site-packages/airflow/example_dags/tutorial_objectstorage.py
[2024-11-05T10:46:16.100+0000] {logging_mixin.py:190} INFO - [2024-11-05T10:46:16.100+0000] {dag.py:3239} INFO - Sync 1 DAGs
[2024-11-05T10:46:16.118+0000] {logging_mixin.py:190} INFO - [2024-11-05T10:46:16.118+0000] {dag.py:4180} INFO - Setting next_dagrun for tutorial_objectstorage to None, run_after=None
[2024-11-05T10:46:16.142+0000] {processor.py:208} INFO - Processing /home/airflow/.local/lib/python3.12/site-packages/airflow/example_dags/tutorial_objectstorage.py took 0.085 seconds
[2024-11-05T10:46:46.919+0000] {processor.py:186} INFO - Started process (PID=1271) to work on /home/airflow/.local/lib/python3.12/site-packages/airflow/example_dags/tutorial_objectstorage.py
[2024-11-05T10:46:46.920+0000] {processor.py:914} INFO - Processing file /home/airflow/.local/lib/python3.12/site-packages/airflow/example_dags/tutorial_objectstorage.py for tasks to queue
[2024-11-05T10:46:46.922+0000] {logging_mixin.py:190} INFO - [2024-11-05T10:46:46.922+0000] {dagbag.py:588} INFO - Filling up the DagBag from /home/airflow/.local/lib/python3.12/site-packages/airflow/example_dags/tutorial_objectstorage.py
[2024-11-05T10:46:46.932+0000] {processor.py:925} INFO - DAG(s) 'tutorial_objectstorage' retrieved from /home/airflow/.local/lib/python3.12/site-packages/airflow/example_dags/tutorial_objectstorage.py
[2024-11-05T10:46:46.953+0000] {logging_mixin.py:190} INFO - [2024-11-05T10:46:46.953+0000] {dag.py:3239} INFO - Sync 1 DAGs
[2024-11-05T10:46:46.981+0000] {logging_mixin.py:190} INFO - [2024-11-05T10:46:46.981+0000] {dag.py:4180} INFO - Setting next_dagrun for tutorial_objectstorage to None, run_after=None
[2024-11-05T10:46:47.006+0000] {processor.py:208} INFO - Processing /home/airflow/.local/lib/python3.12/site-packages/airflow/example_dags/tutorial_objectstorage.py took 0.096 seconds
[2024-11-05T10:47:17.469+0000] {processor.py:186} INFO - Started process (PID=1334) to work on /home/airflow/.local/lib/python3.12/site-packages/airflow/example_dags/tutorial_objectstorage.py
[2024-11-05T10:47:17.470+0000] {processor.py:914} INFO - Processing file /home/airflow/.local/lib/python3.12/site-packages/airflow/example_dags/tutorial_objectstorage.py for tasks to queue
[2024-11-05T10:47:17.472+0000] {logging_mixin.py:190} INFO - [2024-11-05T10:47:17.472+0000] {dagbag.py:588} INFO - Filling up the DagBag from /home/airflow/.local/lib/python3.12/site-packages/airflow/example_dags/tutorial_objectstorage.py
[2024-11-05T10:47:17.482+0000] {processor.py:925} INFO - DAG(s) 'tutorial_objectstorage' retrieved from /home/airflow/.local/lib/python3.12/site-packages/airflow/example_dags/tutorial_objectstorage.py
[2024-11-05T10:47:17.502+0000] {logging_mixin.py:190} INFO - [2024-11-05T10:47:17.502+0000] {dag.py:3239} INFO - Sync 1 DAGs
[2024-11-05T10:47:17.517+0000] {logging_mixin.py:190} INFO - [2024-11-05T10:47:17.517+0000] {dag.py:4180} INFO - Setting next_dagrun for tutorial_objectstorage to None, run_after=None
[2024-11-05T10:47:17.538+0000] {processor.py:208} INFO - Processing /home/airflow/.local/lib/python3.12/site-packages/airflow/example_dags/tutorial_objectstorage.py took 0.075 seconds
[2024-11-05T10:47:47.665+0000] {processor.py:186} INFO - Started process (PID=1397) to work on /home/airflow/.local/lib/python3.12/site-packages/airflow/example_dags/tutorial_objectstorage.py
[2024-11-05T10:47:47.667+0000] {processor.py:914} INFO - Processing file /home/airflow/.local/lib/python3.12/site-packages/airflow/example_dags/tutorial_objectstorage.py for tasks to queue
[2024-11-05T10:47:47.670+0000] {logging_mixin.py:190} INFO - [2024-11-05T10:47:47.670+0000] {dagbag.py:588} INFO - Filling up the DagBag from /home/airflow/.local/lib/python3.12/site-packages/airflow/example_dags/tutorial_objectstorage.py
[2024-11-05T10:47:47.682+0000] {processor.py:925} INFO - DAG(s) 'tutorial_objectstorage' retrieved from /home/airflow/.local/lib/python3.12/site-packages/airflow/example_dags/tutorial_objectstorage.py
[2024-11-05T10:47:47.706+0000] {logging_mixin.py:190} INFO - [2024-11-05T10:47:47.706+0000] {dag.py:3239} INFO - Sync 1 DAGs
[2024-11-05T10:47:47.724+0000] {logging_mixin.py:190} INFO - [2024-11-05T10:47:47.724+0000] {dag.py:4180} INFO - Setting next_dagrun for tutorial_objectstorage to None, run_after=None
[2024-11-05T10:47:47.750+0000] {processor.py:208} INFO - Processing /home/airflow/.local/lib/python3.12/site-packages/airflow/example_dags/tutorial_objectstorage.py took 0.095 seconds
[2024-11-05T10:48:17.899+0000] {processor.py:186} INFO - Started process (PID=1459) to work on /home/airflow/.local/lib/python3.12/site-packages/airflow/example_dags/tutorial_objectstorage.py
[2024-11-05T10:48:17.900+0000] {processor.py:914} INFO - Processing file /home/airflow/.local/lib/python3.12/site-packages/airflow/example_dags/tutorial_objectstorage.py for tasks to queue
[2024-11-05T10:48:17.902+0000] {logging_mixin.py:190} INFO - [2024-11-05T10:48:17.902+0000] {dagbag.py:588} INFO - Filling up the DagBag from /home/airflow/.local/lib/python3.12/site-packages/airflow/example_dags/tutorial_objectstorage.py
[2024-11-05T10:48:17.910+0000] {processor.py:925} INFO - DAG(s) 'tutorial_objectstorage' retrieved from /home/airflow/.local/lib/python3.12/site-packages/airflow/example_dags/tutorial_objectstorage.py
[2024-11-05T10:48:17.930+0000] {logging_mixin.py:190} INFO - [2024-11-05T10:48:17.929+0000] {dag.py:3239} INFO - Sync 1 DAGs
[2024-11-05T10:48:17.944+0000] {logging_mixin.py:190} INFO - [2024-11-05T10:48:17.944+0000] {dag.py:4180} INFO - Setting next_dagrun for tutorial_objectstorage to None, run_after=None
[2024-11-05T10:48:17.962+0000] {processor.py:208} INFO - Processing /home/airflow/.local/lib/python3.12/site-packages/airflow/example_dags/tutorial_objectstorage.py took 0.068 seconds
[2024-11-05T10:48:48.865+0000] {processor.py:186} INFO - Started process (PID=1522) to work on /home/airflow/.local/lib/python3.12/site-packages/airflow/example_dags/tutorial_objectstorage.py
[2024-11-05T10:48:48.866+0000] {processor.py:914} INFO - Processing file /home/airflow/.local/lib/python3.12/site-packages/airflow/example_dags/tutorial_objectstorage.py for tasks to queue
[2024-11-05T10:48:48.869+0000] {logging_mixin.py:190} INFO - [2024-11-05T10:48:48.869+0000] {dagbag.py:588} INFO - Filling up the DagBag from /home/airflow/.local/lib/python3.12/site-packages/airflow/example_dags/tutorial_objectstorage.py
[2024-11-05T10:48:48.883+0000] {processor.py:925} INFO - DAG(s) 'tutorial_objectstorage' retrieved from /home/airflow/.local/lib/python3.12/site-packages/airflow/example_dags/tutorial_objectstorage.py
[2024-11-05T10:48:48.915+0000] {logging_mixin.py:190} INFO - [2024-11-05T10:48:48.915+0000] {dag.py:3239} INFO - Sync 1 DAGs
[2024-11-05T10:48:48.940+0000] {logging_mixin.py:190} INFO - [2024-11-05T10:48:48.939+0000] {dag.py:4180} INFO - Setting next_dagrun for tutorial_objectstorage to None, run_after=None
[2024-11-05T10:48:48.997+0000] {processor.py:208} INFO - Processing /home/airflow/.local/lib/python3.12/site-packages/airflow/example_dags/tutorial_objectstorage.py took 0.141 seconds
[2024-11-05T10:49:19.659+0000] {processor.py:186} INFO - Started process (PID=1584) to work on /home/airflow/.local/lib/python3.12/site-packages/airflow/example_dags/tutorial_objectstorage.py
[2024-11-05T10:49:19.660+0000] {processor.py:914} INFO - Processing file /home/airflow/.local/lib/python3.12/site-packages/airflow/example_dags/tutorial_objectstorage.py for tasks to queue
[2024-11-05T10:49:19.664+0000] {logging_mixin.py:190} INFO - [2024-11-05T10:49:19.663+0000] {dagbag.py:588} INFO - Filling up the DagBag from /home/airflow/.local/lib/python3.12/site-packages/airflow/example_dags/tutorial_objectstorage.py
[2024-11-05T10:49:19.679+0000] {processor.py:925} INFO - DAG(s) 'tutorial_objectstorage' retrieved from /home/airflow/.local/lib/python3.12/site-packages/airflow/example_dags/tutorial_objectstorage.py
[2024-11-05T10:49:19.715+0000] {logging_mixin.py:190} INFO - [2024-11-05T10:49:19.715+0000] {dag.py:3239} INFO - Sync 1 DAGs
[2024-11-05T10:49:19.745+0000] {logging_mixin.py:190} INFO - [2024-11-05T10:49:19.744+0000] {dag.py:4180} INFO - Setting next_dagrun for tutorial_objectstorage to None, run_after=None
[2024-11-05T10:49:19.790+0000] {processor.py:208} INFO - Processing /home/airflow/.local/lib/python3.12/site-packages/airflow/example_dags/tutorial_objectstorage.py took 0.142 seconds
[2024-11-05T10:49:50.325+0000] {processor.py:186} INFO - Started process (PID=1647) to work on /home/airflow/.local/lib/python3.12/site-packages/airflow/example_dags/tutorial_objectstorage.py
[2024-11-05T10:49:50.326+0000] {processor.py:914} INFO - Processing file /home/airflow/.local/lib/python3.12/site-packages/airflow/example_dags/tutorial_objectstorage.py for tasks to queue
[2024-11-05T10:49:50.331+0000] {logging_mixin.py:190} INFO - [2024-11-05T10:49:50.330+0000] {dagbag.py:588} INFO - Filling up the DagBag from /home/airflow/.local/lib/python3.12/site-packages/airflow/example_dags/tutorial_objectstorage.py
[2024-11-05T10:49:50.352+0000] {processor.py:925} INFO - DAG(s) 'tutorial_objectstorage' retrieved from /home/airflow/.local/lib/python3.12/site-packages/airflow/example_dags/tutorial_objectstorage.py
[2024-11-05T10:49:50.402+0000] {logging_mixin.py:190} INFO - [2024-11-05T10:49:50.401+0000] {dag.py:3239} INFO - Sync 1 DAGs
[2024-11-05T10:49:50.431+0000] {logging_mixin.py:190} INFO - [2024-11-05T10:49:50.431+0000] {dag.py:4180} INFO - Setting next_dagrun for tutorial_objectstorage to None, run_after=None
[2024-11-05T10:49:50.466+0000] {processor.py:208} INFO - Processing /home/airflow/.local/lib/python3.12/site-packages/airflow/example_dags/tutorial_objectstorage.py took 0.152 seconds
[2024-11-05T10:50:20.640+0000] {processor.py:186} INFO - Started process (PID=1710) to work on /home/airflow/.local/lib/python3.12/site-packages/airflow/example_dags/tutorial_objectstorage.py
[2024-11-05T10:50:20.641+0000] {processor.py:914} INFO - Processing file /home/airflow/.local/lib/python3.12/site-packages/airflow/example_dags/tutorial_objectstorage.py for tasks to queue
[2024-11-05T10:50:20.643+0000] {logging_mixin.py:190} INFO - [2024-11-05T10:50:20.643+0000] {dagbag.py:588} INFO - Filling up the DagBag from /home/airflow/.local/lib/python3.12/site-packages/airflow/example_dags/tutorial_objectstorage.py
[2024-11-05T10:50:20.652+0000] {processor.py:925} INFO - DAG(s) 'tutorial_objectstorage' retrieved from /home/airflow/.local/lib/python3.12/site-packages/airflow/example_dags/tutorial_objectstorage.py
[2024-11-05T10:50:20.670+0000] {logging_mixin.py:190} INFO - [2024-11-05T10:50:20.670+0000] {dag.py:3239} INFO - Sync 1 DAGs
[2024-11-05T10:50:20.685+0000] {logging_mixin.py:190} INFO - [2024-11-05T10:50:20.685+0000] {dag.py:4180} INFO - Setting next_dagrun for tutorial_objectstorage to None, run_after=None
[2024-11-05T10:50:20.706+0000] {processor.py:208} INFO - Processing /home/airflow/.local/lib/python3.12/site-packages/airflow/example_dags/tutorial_objectstorage.py took 0.072 seconds
[2024-11-05T10:50:51.313+0000] {processor.py:186} INFO - Started process (PID=1772) to work on /home/airflow/.local/lib/python3.12/site-packages/airflow/example_dags/tutorial_objectstorage.py
[2024-11-05T10:50:51.316+0000] {processor.py:914} INFO - Processing file /home/airflow/.local/lib/python3.12/site-packages/airflow/example_dags/tutorial_objectstorage.py for tasks to queue
[2024-11-05T10:50:51.320+0000] {logging_mixin.py:190} INFO - [2024-11-05T10:50:51.319+0000] {dagbag.py:588} INFO - Filling up the DagBag from /home/airflow/.local/lib/python3.12/site-packages/airflow/example_dags/tutorial_objectstorage.py
[2024-11-05T10:50:51.337+0000] {processor.py:925} INFO - DAG(s) 'tutorial_objectstorage' retrieved from /home/airflow/.local/lib/python3.12/site-packages/airflow/example_dags/tutorial_objectstorage.py
[2024-11-05T10:50:51.370+0000] {logging_mixin.py:190} INFO - [2024-11-05T10:50:51.370+0000] {dag.py:3239} INFO - Sync 1 DAGs
[2024-11-05T10:50:51.400+0000] {logging_mixin.py:190} INFO - [2024-11-05T10:50:51.399+0000] {dag.py:4180} INFO - Setting next_dagrun for tutorial_objectstorage to None, run_after=None
[2024-11-05T10:50:51.434+0000] {processor.py:208} INFO - Processing /home/airflow/.local/lib/python3.12/site-packages/airflow/example_dags/tutorial_objectstorage.py took 0.135 seconds
[2024-11-05T10:51:21.943+0000] {processor.py:186} INFO - Started process (PID=1835) to work on /home/airflow/.local/lib/python3.12/site-packages/airflow/example_dags/tutorial_objectstorage.py
[2024-11-05T10:51:21.944+0000] {processor.py:914} INFO - Processing file /home/airflow/.local/lib/python3.12/site-packages/airflow/example_dags/tutorial_objectstorage.py for tasks to queue
[2024-11-05T10:51:21.946+0000] {logging_mixin.py:190} INFO - [2024-11-05T10:51:21.946+0000] {dagbag.py:588} INFO - Filling up the DagBag from /home/airflow/.local/lib/python3.12/site-packages/airflow/example_dags/tutorial_objectstorage.py
[2024-11-05T10:51:21.956+0000] {processor.py:925} INFO - DAG(s) 'tutorial_objectstorage' retrieved from /home/airflow/.local/lib/python3.12/site-packages/airflow/example_dags/tutorial_objectstorage.py
[2024-11-05T10:51:21.977+0000] {logging_mixin.py:190} INFO - [2024-11-05T10:51:21.977+0000] {dag.py:3239} INFO - Sync 1 DAGs
[2024-11-05T10:51:21.994+0000] {logging_mixin.py:190} INFO - [2024-11-05T10:51:21.994+0000] {dag.py:4180} INFO - Setting next_dagrun for tutorial_objectstorage to None, run_after=None
[2024-11-05T10:51:22.018+0000] {processor.py:208} INFO - Processing /home/airflow/.local/lib/python3.12/site-packages/airflow/example_dags/tutorial_objectstorage.py took 0.082 seconds
[2024-11-05T10:51:52.700+0000] {processor.py:186} INFO - Started process (PID=1898) to work on /home/airflow/.local/lib/python3.12/site-packages/airflow/example_dags/tutorial_objectstorage.py
[2024-11-05T10:51:52.701+0000] {processor.py:914} INFO - Processing file /home/airflow/.local/lib/python3.12/site-packages/airflow/example_dags/tutorial_objectstorage.py for tasks to queue
[2024-11-05T10:51:52.705+0000] {logging_mixin.py:190} INFO - [2024-11-05T10:51:52.704+0000] {dagbag.py:588} INFO - Filling up the DagBag from /home/airflow/.local/lib/python3.12/site-packages/airflow/example_dags/tutorial_objectstorage.py
[2024-11-05T10:51:52.720+0000] {processor.py:925} INFO - DAG(s) 'tutorial_objectstorage' retrieved from /home/airflow/.local/lib/python3.12/site-packages/airflow/example_dags/tutorial_objectstorage.py
[2024-11-05T10:51:52.754+0000] {logging_mixin.py:190} INFO - [2024-11-05T10:51:52.753+0000] {dag.py:3239} INFO - Sync 1 DAGs
[2024-11-05T10:51:52.781+0000] {logging_mixin.py:190} INFO - [2024-11-05T10:51:52.780+0000] {dag.py:4180} INFO - Setting next_dagrun for tutorial_objectstorage to None, run_after=None
[2024-11-05T10:51:52.804+0000] {processor.py:208} INFO - Processing /home/airflow/.local/lib/python3.12/site-packages/airflow/example_dags/tutorial_objectstorage.py took 0.113 seconds
[2024-11-05T10:52:22.982+0000] {processor.py:186} INFO - Started process (PID=1962) to work on /home/airflow/.local/lib/python3.12/site-packages/airflow/example_dags/tutorial_objectstorage.py
[2024-11-05T10:52:22.984+0000] {processor.py:914} INFO - Processing file /home/airflow/.local/lib/python3.12/site-packages/airflow/example_dags/tutorial_objectstorage.py for tasks to queue
[2024-11-05T10:52:22.988+0000] {logging_mixin.py:190} INFO - [2024-11-05T10:52:22.987+0000] {dagbag.py:588} INFO - Filling up the DagBag from /home/airflow/.local/lib/python3.12/site-packages/airflow/example_dags/tutorial_objectstorage.py
[2024-11-05T10:52:23.007+0000] {processor.py:925} INFO - DAG(s) 'tutorial_objectstorage' retrieved from /home/airflow/.local/lib/python3.12/site-packages/airflow/example_dags/tutorial_objectstorage.py
[2024-11-05T10:52:23.038+0000] {logging_mixin.py:190} INFO - [2024-11-05T10:52:23.038+0000] {dag.py:3239} INFO - Sync 1 DAGs
[2024-11-05T10:52:23.068+0000] {logging_mixin.py:190} INFO - [2024-11-05T10:52:23.068+0000] {dag.py:4180} INFO - Setting next_dagrun for tutorial_objectstorage to None, run_after=None
[2024-11-05T10:52:23.108+0000] {processor.py:208} INFO - Processing /home/airflow/.local/lib/python3.12/site-packages/airflow/example_dags/tutorial_objectstorage.py took 0.138 seconds
[2024-11-05T10:52:53.626+0000] {processor.py:186} INFO - Started process (PID=2025) to work on /home/airflow/.local/lib/python3.12/site-packages/airflow/example_dags/tutorial_objectstorage.py
[2024-11-05T10:52:53.628+0000] {processor.py:914} INFO - Processing file /home/airflow/.local/lib/python3.12/site-packages/airflow/example_dags/tutorial_objectstorage.py for tasks to queue
[2024-11-05T10:52:53.631+0000] {logging_mixin.py:190} INFO - [2024-11-05T10:52:53.630+0000] {dagbag.py:588} INFO - Filling up the DagBag from /home/airflow/.local/lib/python3.12/site-packages/airflow/example_dags/tutorial_objectstorage.py
[2024-11-05T10:52:53.648+0000] {processor.py:925} INFO - DAG(s) 'tutorial_objectstorage' retrieved from /home/airflow/.local/lib/python3.12/site-packages/airflow/example_dags/tutorial_objectstorage.py
[2024-11-05T10:52:53.679+0000] {logging_mixin.py:190} INFO - [2024-11-05T10:52:53.678+0000] {dag.py:3239} INFO - Sync 1 DAGs
[2024-11-05T10:52:53.702+0000] {logging_mixin.py:190} INFO - [2024-11-05T10:52:53.701+0000] {dag.py:4180} INFO - Setting next_dagrun for tutorial_objectstorage to None, run_after=None
[2024-11-05T10:52:53.730+0000] {processor.py:208} INFO - Processing /home/airflow/.local/lib/python3.12/site-packages/airflow/example_dags/tutorial_objectstorage.py took 0.116 seconds
[2024-11-05T10:53:24.121+0000] {processor.py:186} INFO - Started process (PID=2088) to work on /home/airflow/.local/lib/python3.12/site-packages/airflow/example_dags/tutorial_objectstorage.py
[2024-11-05T10:53:24.122+0000] {processor.py:914} INFO - Processing file /home/airflow/.local/lib/python3.12/site-packages/airflow/example_dags/tutorial_objectstorage.py for tasks to queue
[2024-11-05T10:53:24.125+0000] {logging_mixin.py:190} INFO - [2024-11-05T10:53:24.125+0000] {dagbag.py:588} INFO - Filling up the DagBag from /home/airflow/.local/lib/python3.12/site-packages/airflow/example_dags/tutorial_objectstorage.py
[2024-11-05T10:53:24.141+0000] {processor.py:925} INFO - DAG(s) 'tutorial_objectstorage' retrieved from /home/airflow/.local/lib/python3.12/site-packages/airflow/example_dags/tutorial_objectstorage.py
[2024-11-05T10:53:24.172+0000] {logging_mixin.py:190} INFO - [2024-11-05T10:53:24.171+0000] {dag.py:3239} INFO - Sync 1 DAGs
[2024-11-05T10:53:24.205+0000] {logging_mixin.py:190} INFO - [2024-11-05T10:53:24.205+0000] {dag.py:4180} INFO - Setting next_dagrun for tutorial_objectstorage to None, run_after=None
[2024-11-05T10:53:24.232+0000] {processor.py:208} INFO - Processing /home/airflow/.local/lib/python3.12/site-packages/airflow/example_dags/tutorial_objectstorage.py took 0.122 seconds
[2024-11-05T10:53:54.452+0000] {processor.py:186} INFO - Started process (PID=2151) to work on /home/airflow/.local/lib/python3.12/site-packages/airflow/example_dags/tutorial_objectstorage.py
[2024-11-05T10:53:54.453+0000] {processor.py:914} INFO - Processing file /home/airflow/.local/lib/python3.12/site-packages/airflow/example_dags/tutorial_objectstorage.py for tasks to queue
[2024-11-05T10:53:54.457+0000] {logging_mixin.py:190} INFO - [2024-11-05T10:53:54.456+0000] {dagbag.py:588} INFO - Filling up the DagBag from /home/airflow/.local/lib/python3.12/site-packages/airflow/example_dags/tutorial_objectstorage.py
[2024-11-05T10:53:54.473+0000] {processor.py:925} INFO - DAG(s) 'tutorial_objectstorage' retrieved from /home/airflow/.local/lib/python3.12/site-packages/airflow/example_dags/tutorial_objectstorage.py
[2024-11-05T10:53:54.509+0000] {logging_mixin.py:190} INFO - [2024-11-05T10:53:54.509+0000] {dag.py:3239} INFO - Sync 1 DAGs
[2024-11-05T10:53:54.530+0000] {logging_mixin.py:190} INFO - [2024-11-05T10:53:54.530+0000] {dag.py:4180} INFO - Setting next_dagrun for tutorial_objectstorage to None, run_after=None
[2024-11-05T10:53:54.557+0000] {processor.py:208} INFO - Processing /home/airflow/.local/lib/python3.12/site-packages/airflow/example_dags/tutorial_objectstorage.py took 0.112 seconds
[2024-11-05T10:54:24.624+0000] {processor.py:186} INFO - Started process (PID=2214) to work on /home/airflow/.local/lib/python3.12/site-packages/airflow/example_dags/tutorial_objectstorage.py
[2024-11-05T10:54:24.625+0000] {processor.py:914} INFO - Processing file /home/airflow/.local/lib/python3.12/site-packages/airflow/example_dags/tutorial_objectstorage.py for tasks to queue
[2024-11-05T10:54:24.628+0000] {logging_mixin.py:190} INFO - [2024-11-05T10:54:24.627+0000] {dagbag.py:588} INFO - Filling up the DagBag from /home/airflow/.local/lib/python3.12/site-packages/airflow/example_dags/tutorial_objectstorage.py
[2024-11-05T10:54:24.637+0000] {processor.py:925} INFO - DAG(s) 'tutorial_objectstorage' retrieved from /home/airflow/.local/lib/python3.12/site-packages/airflow/example_dags/tutorial_objectstorage.py
[2024-11-05T10:54:24.656+0000] {logging_mixin.py:190} INFO - [2024-11-05T10:54:24.656+0000] {dag.py:3239} INFO - Sync 1 DAGs
[2024-11-05T10:54:24.671+0000] {logging_mixin.py:190} INFO - [2024-11-05T10:54:24.670+0000] {dag.py:4180} INFO - Setting next_dagrun for tutorial_objectstorage to None, run_after=None
[2024-11-05T10:54:24.689+0000] {processor.py:208} INFO - Processing /home/airflow/.local/lib/python3.12/site-packages/airflow/example_dags/tutorial_objectstorage.py took 0.071 seconds
