[2024-11-05T10:37:09.063+0000] {processor.py:186} INFO - Started process (PID=88) to work on /home/airflow/.local/lib/python3.12/site-packages/airflow/example_dags/tutorial.py
[2024-11-05T10:37:09.064+0000] {processor.py:914} INFO - Processing file /home/airflow/.local/lib/python3.12/site-packages/airflow/example_dags/tutorial.py for tasks to queue
[2024-11-05T10:37:09.067+0000] {logging_mixin.py:190} INFO - [2024-11-05T10:37:09.066+0000] {dagbag.py:588} INFO - Filling up the DagBag from /home/airflow/.local/lib/python3.12/site-packages/airflow/example_dags/tutorial.py
[2024-11-05T10:37:09.077+0000] {processor.py:925} INFO - DAG(s) 'tutorial' retrieved from /home/airflow/.local/lib/python3.12/site-packages/airflow/example_dags/tutorial.py
[2024-11-05T10:37:09.291+0000] {logging_mixin.py:190} INFO - [2024-11-05T10:37:09.290+0000] {override.py:1900} INFO - Created Permission View: can delete on DAG:tutorial
[2024-11-05T10:37:09.309+0000] {logging_mixin.py:190} INFO - [2024-11-05T10:37:09.308+0000] {override.py:1900} INFO - Created Permission View: can read on DAG:tutorial
[2024-11-05T10:37:09.321+0000] {logging_mixin.py:190} INFO - [2024-11-05T10:37:09.320+0000] {override.py:1900} INFO - Created Permission View: can edit on DAG:tutorial
[2024-11-05T10:37:09.332+0000] {logging_mixin.py:190} INFO - [2024-11-05T10:37:09.331+0000] {override.py:1900} INFO - Created Permission View: can delete on DAG Run:tutorial
[2024-11-05T10:37:09.340+0000] {logging_mixin.py:190} INFO - [2024-11-05T10:37:09.339+0000] {override.py:1900} INFO - Created Permission View: can create on DAG Run:tutorial
[2024-11-05T10:37:09.350+0000] {logging_mixin.py:190} INFO - [2024-11-05T10:37:09.350+0000] {override.py:1900} INFO - Created Permission View: can read on DAG Run:tutorial
[2024-11-05T10:37:09.360+0000] {logging_mixin.py:190} INFO - [2024-11-05T10:37:09.360+0000] {override.py:1900} INFO - Created Permission View: menu access on DAG Run:tutorial
[2024-11-05T10:37:09.361+0000] {logging_mixin.py:190} INFO - [2024-11-05T10:37:09.361+0000] {dag.py:3239} INFO - Sync 1 DAGs
[2024-11-05T10:37:09.376+0000] {logging_mixin.py:190} INFO - [2024-11-05T10:37:09.375+0000] {dag.py:3262} INFO - Creating ORM DAG for tutorial
[2024-11-05T10:37:09.386+0000] {logging_mixin.py:190} INFO - [2024-11-05T10:37:09.386+0000] {dag.py:4180} INFO - Setting next_dagrun for tutorial to 2024-11-04 00:00:00+00:00, run_after=2024-11-05 00:00:00+00:00
[2024-11-05T10:37:09.406+0000] {processor.py:208} INFO - Processing /home/airflow/.local/lib/python3.12/site-packages/airflow/example_dags/tutorial.py took 0.349 seconds
[2024-11-05T10:37:39.446+0000] {processor.py:186} INFO - Started process (PID=150) to work on /home/airflow/.local/lib/python3.12/site-packages/airflow/example_dags/tutorial.py
[2024-11-05T10:37:39.447+0000] {processor.py:914} INFO - Processing file /home/airflow/.local/lib/python3.12/site-packages/airflow/example_dags/tutorial.py for tasks to queue
[2024-11-05T10:37:39.450+0000] {logging_mixin.py:190} INFO - [2024-11-05T10:37:39.449+0000] {dagbag.py:588} INFO - Filling up the DagBag from /home/airflow/.local/lib/python3.12/site-packages/airflow/example_dags/tutorial.py
[2024-11-05T10:37:39.459+0000] {processor.py:925} INFO - DAG(s) 'tutorial' retrieved from /home/airflow/.local/lib/python3.12/site-packages/airflow/example_dags/tutorial.py
[2024-11-05T10:37:39.482+0000] {logging_mixin.py:190} INFO - [2024-11-05T10:37:39.482+0000] {dag.py:3239} INFO - Sync 1 DAGs
[2024-11-05T10:37:39.512+0000] {logging_mixin.py:190} INFO - [2024-11-05T10:37:39.512+0000] {dag.py:4180} INFO - Setting next_dagrun for tutorial to 2024-11-04 00:00:00+00:00, run_after=2024-11-05 00:00:00+00:00
[2024-11-05T10:37:39.540+0000] {processor.py:208} INFO - Processing /home/airflow/.local/lib/python3.12/site-packages/airflow/example_dags/tutorial.py took 0.100 seconds
[2024-11-05T10:38:09.617+0000] {processor.py:186} INFO - Started process (PID=213) to work on /home/airflow/.local/lib/python3.12/site-packages/airflow/example_dags/tutorial.py
[2024-11-05T10:38:09.617+0000] {processor.py:914} INFO - Processing file /home/airflow/.local/lib/python3.12/site-packages/airflow/example_dags/tutorial.py for tasks to queue
[2024-11-05T10:38:09.620+0000] {logging_mixin.py:190} INFO - [2024-11-05T10:38:09.619+0000] {dagbag.py:588} INFO - Filling up the DagBag from /home/airflow/.local/lib/python3.12/site-packages/airflow/example_dags/tutorial.py
[2024-11-05T10:38:09.629+0000] {processor.py:925} INFO - DAG(s) 'tutorial' retrieved from /home/airflow/.local/lib/python3.12/site-packages/airflow/example_dags/tutorial.py
[2024-11-05T10:38:09.652+0000] {logging_mixin.py:190} INFO - [2024-11-05T10:38:09.652+0000] {dag.py:3239} INFO - Sync 1 DAGs
[2024-11-05T10:38:09.687+0000] {logging_mixin.py:190} INFO - [2024-11-05T10:38:09.686+0000] {dag.py:4180} INFO - Setting next_dagrun for tutorial to 2024-11-04 00:00:00+00:00, run_after=2024-11-05 00:00:00+00:00
[2024-11-05T10:38:09.712+0000] {processor.py:208} INFO - Processing /home/airflow/.local/lib/python3.12/site-packages/airflow/example_dags/tutorial.py took 0.102 seconds
[2024-11-05T10:38:40.182+0000] {processor.py:186} INFO - Started process (PID=275) to work on /home/airflow/.local/lib/python3.12/site-packages/airflow/example_dags/tutorial.py
[2024-11-05T10:38:40.183+0000] {processor.py:914} INFO - Processing file /home/airflow/.local/lib/python3.12/site-packages/airflow/example_dags/tutorial.py for tasks to queue
[2024-11-05T10:38:40.185+0000] {logging_mixin.py:190} INFO - [2024-11-05T10:38:40.185+0000] {dagbag.py:588} INFO - Filling up the DagBag from /home/airflow/.local/lib/python3.12/site-packages/airflow/example_dags/tutorial.py
[2024-11-05T10:38:40.193+0000] {processor.py:925} INFO - DAG(s) 'tutorial' retrieved from /home/airflow/.local/lib/python3.12/site-packages/airflow/example_dags/tutorial.py
[2024-11-05T10:38:40.212+0000] {logging_mixin.py:190} INFO - [2024-11-05T10:38:40.212+0000] {dag.py:3239} INFO - Sync 1 DAGs
[2024-11-05T10:38:40.236+0000] {logging_mixin.py:190} INFO - [2024-11-05T10:38:40.236+0000] {dag.py:4180} INFO - Setting next_dagrun for tutorial to 2024-11-04 00:00:00+00:00, run_after=2024-11-05 00:00:00+00:00
[2024-11-05T10:38:40.257+0000] {processor.py:208} INFO - Processing /home/airflow/.local/lib/python3.12/site-packages/airflow/example_dags/tutorial.py took 0.081 seconds
[2024-11-05T10:39:11.537+0000] {processor.py:186} INFO - Started process (PID=338) to work on /home/airflow/.local/lib/python3.12/site-packages/airflow/example_dags/tutorial.py
[2024-11-05T10:39:11.538+0000] {processor.py:914} INFO - Processing file /home/airflow/.local/lib/python3.12/site-packages/airflow/example_dags/tutorial.py for tasks to queue
[2024-11-05T10:39:11.543+0000] {logging_mixin.py:190} INFO - [2024-11-05T10:39:11.542+0000] {dagbag.py:588} INFO - Filling up the DagBag from /home/airflow/.local/lib/python3.12/site-packages/airflow/example_dags/tutorial.py
[2024-11-05T10:39:11.563+0000] {processor.py:925} INFO - DAG(s) 'tutorial' retrieved from /home/airflow/.local/lib/python3.12/site-packages/airflow/example_dags/tutorial.py
[2024-11-05T10:39:11.598+0000] {logging_mixin.py:190} INFO - [2024-11-05T10:39:11.597+0000] {dag.py:3239} INFO - Sync 1 DAGs
[2024-11-05T10:39:11.646+0000] {logging_mixin.py:190} INFO - [2024-11-05T10:39:11.645+0000] {dag.py:4180} INFO - Setting next_dagrun for tutorial to 2024-11-04 00:00:00+00:00, run_after=2024-11-05 00:00:00+00:00
[2024-11-05T10:39:11.674+0000] {processor.py:208} INFO - Processing /home/airflow/.local/lib/python3.12/site-packages/airflow/example_dags/tutorial.py took 0.146 seconds
[2024-11-05T10:39:42.071+0000] {processor.py:186} INFO - Started process (PID=400) to work on /home/airflow/.local/lib/python3.12/site-packages/airflow/example_dags/tutorial.py
[2024-11-05T10:39:42.071+0000] {processor.py:914} INFO - Processing file /home/airflow/.local/lib/python3.12/site-packages/airflow/example_dags/tutorial.py for tasks to queue
[2024-11-05T10:39:42.074+0000] {logging_mixin.py:190} INFO - [2024-11-05T10:39:42.074+0000] {dagbag.py:588} INFO - Filling up the DagBag from /home/airflow/.local/lib/python3.12/site-packages/airflow/example_dags/tutorial.py
[2024-11-05T10:39:42.082+0000] {processor.py:925} INFO - DAG(s) 'tutorial' retrieved from /home/airflow/.local/lib/python3.12/site-packages/airflow/example_dags/tutorial.py
[2024-11-05T10:39:42.107+0000] {logging_mixin.py:190} INFO - [2024-11-05T10:39:42.106+0000] {dag.py:3239} INFO - Sync 1 DAGs
[2024-11-05T10:39:42.131+0000] {logging_mixin.py:190} INFO - [2024-11-05T10:39:42.131+0000] {dag.py:4180} INFO - Setting next_dagrun for tutorial to 2024-11-04 00:00:00+00:00, run_after=2024-11-05 00:00:00+00:00
[2024-11-05T10:39:42.155+0000] {processor.py:208} INFO - Processing /home/airflow/.local/lib/python3.12/site-packages/airflow/example_dags/tutorial.py took 0.090 seconds
[2024-11-05T10:40:12.292+0000] {processor.py:186} INFO - Started process (PID=463) to work on /home/airflow/.local/lib/python3.12/site-packages/airflow/example_dags/tutorial.py
[2024-11-05T10:40:12.293+0000] {processor.py:914} INFO - Processing file /home/airflow/.local/lib/python3.12/site-packages/airflow/example_dags/tutorial.py for tasks to queue
[2024-11-05T10:40:12.296+0000] {logging_mixin.py:190} INFO - [2024-11-05T10:40:12.296+0000] {dagbag.py:588} INFO - Filling up the DagBag from /home/airflow/.local/lib/python3.12/site-packages/airflow/example_dags/tutorial.py
[2024-11-05T10:40:12.308+0000] {processor.py:925} INFO - DAG(s) 'tutorial' retrieved from /home/airflow/.local/lib/python3.12/site-packages/airflow/example_dags/tutorial.py
[2024-11-05T10:40:12.333+0000] {logging_mixin.py:190} INFO - [2024-11-05T10:40:12.333+0000] {dag.py:3239} INFO - Sync 1 DAGs
[2024-11-05T10:40:12.360+0000] {logging_mixin.py:190} INFO - [2024-11-05T10:40:12.359+0000] {dag.py:4180} INFO - Setting next_dagrun for tutorial to 2024-11-04 00:00:00+00:00, run_after=2024-11-05 00:00:00+00:00
[2024-11-05T10:40:12.383+0000] {processor.py:208} INFO - Processing /home/airflow/.local/lib/python3.12/site-packages/airflow/example_dags/tutorial.py took 0.097 seconds
[2024-11-05T10:40:42.725+0000] {processor.py:186} INFO - Started process (PID=526) to work on /home/airflow/.local/lib/python3.12/site-packages/airflow/example_dags/tutorial.py
[2024-11-05T10:40:42.726+0000] {processor.py:914} INFO - Processing file /home/airflow/.local/lib/python3.12/site-packages/airflow/example_dags/tutorial.py for tasks to queue
[2024-11-05T10:40:42.728+0000] {logging_mixin.py:190} INFO - [2024-11-05T10:40:42.728+0000] {dagbag.py:588} INFO - Filling up the DagBag from /home/airflow/.local/lib/python3.12/site-packages/airflow/example_dags/tutorial.py
[2024-11-05T10:40:42.738+0000] {processor.py:925} INFO - DAG(s) 'tutorial' retrieved from /home/airflow/.local/lib/python3.12/site-packages/airflow/example_dags/tutorial.py
[2024-11-05T10:40:42.759+0000] {logging_mixin.py:190} INFO - [2024-11-05T10:40:42.758+0000] {dag.py:3239} INFO - Sync 1 DAGs
[2024-11-05T10:40:42.785+0000] {logging_mixin.py:190} INFO - [2024-11-05T10:40:42.784+0000] {dag.py:4180} INFO - Setting next_dagrun for tutorial to 2024-11-04 00:00:00+00:00, run_after=2024-11-05 00:00:00+00:00
[2024-11-05T10:40:42.805+0000] {processor.py:208} INFO - Processing /home/airflow/.local/lib/python3.12/site-packages/airflow/example_dags/tutorial.py took 0.085 seconds
[2024-11-05T10:41:12.943+0000] {processor.py:186} INFO - Started process (PID=588) to work on /home/airflow/.local/lib/python3.12/site-packages/airflow/example_dags/tutorial.py
[2024-11-05T10:41:12.944+0000] {processor.py:914} INFO - Processing file /home/airflow/.local/lib/python3.12/site-packages/airflow/example_dags/tutorial.py for tasks to queue
[2024-11-05T10:41:12.947+0000] {logging_mixin.py:190} INFO - [2024-11-05T10:41:12.947+0000] {dagbag.py:588} INFO - Filling up the DagBag from /home/airflow/.local/lib/python3.12/site-packages/airflow/example_dags/tutorial.py
[2024-11-05T10:41:12.957+0000] {processor.py:925} INFO - DAG(s) 'tutorial' retrieved from /home/airflow/.local/lib/python3.12/site-packages/airflow/example_dags/tutorial.py
[2024-11-05T10:41:12.978+0000] {logging_mixin.py:190} INFO - [2024-11-05T10:41:12.977+0000] {dag.py:3239} INFO - Sync 1 DAGs
[2024-11-05T10:41:13.005+0000] {logging_mixin.py:190} INFO - [2024-11-05T10:41:13.005+0000] {dag.py:4180} INFO - Setting next_dagrun for tutorial to 2024-11-04 00:00:00+00:00, run_after=2024-11-05 00:00:00+00:00
[2024-11-05T10:41:13.025+0000] {processor.py:208} INFO - Processing /home/airflow/.local/lib/python3.12/site-packages/airflow/example_dags/tutorial.py took 0.089 seconds
[2024-11-05T10:41:43.168+0000] {processor.py:186} INFO - Started process (PID=651) to work on /home/airflow/.local/lib/python3.12/site-packages/airflow/example_dags/tutorial.py
[2024-11-05T10:41:43.169+0000] {processor.py:914} INFO - Processing file /home/airflow/.local/lib/python3.12/site-packages/airflow/example_dags/tutorial.py for tasks to queue
[2024-11-05T10:41:43.171+0000] {logging_mixin.py:190} INFO - [2024-11-05T10:41:43.171+0000] {dagbag.py:588} INFO - Filling up the DagBag from /home/airflow/.local/lib/python3.12/site-packages/airflow/example_dags/tutorial.py
[2024-11-05T10:41:43.180+0000] {processor.py:925} INFO - DAG(s) 'tutorial' retrieved from /home/airflow/.local/lib/python3.12/site-packages/airflow/example_dags/tutorial.py
[2024-11-05T10:41:43.206+0000] {logging_mixin.py:190} INFO - [2024-11-05T10:41:43.206+0000] {dag.py:3239} INFO - Sync 1 DAGs
[2024-11-05T10:41:43.238+0000] {logging_mixin.py:190} INFO - [2024-11-05T10:41:43.237+0000] {dag.py:4180} INFO - Setting next_dagrun for tutorial to 2024-11-04 00:00:00+00:00, run_after=2024-11-05 00:00:00+00:00
[2024-11-05T10:41:43.260+0000] {processor.py:208} INFO - Processing /home/airflow/.local/lib/python3.12/site-packages/airflow/example_dags/tutorial.py took 0.098 seconds
[2024-11-05T10:42:13.794+0000] {processor.py:186} INFO - Started process (PID=714) to work on /home/airflow/.local/lib/python3.12/site-packages/airflow/example_dags/tutorial.py
[2024-11-05T10:42:13.795+0000] {processor.py:914} INFO - Processing file /home/airflow/.local/lib/python3.12/site-packages/airflow/example_dags/tutorial.py for tasks to queue
[2024-11-05T10:42:13.798+0000] {logging_mixin.py:190} INFO - [2024-11-05T10:42:13.797+0000] {dagbag.py:588} INFO - Filling up the DagBag from /home/airflow/.local/lib/python3.12/site-packages/airflow/example_dags/tutorial.py
[2024-11-05T10:42:13.806+0000] {processor.py:925} INFO - DAG(s) 'tutorial' retrieved from /home/airflow/.local/lib/python3.12/site-packages/airflow/example_dags/tutorial.py
[2024-11-05T10:42:13.828+0000] {logging_mixin.py:190} INFO - [2024-11-05T10:42:13.827+0000] {dag.py:3239} INFO - Sync 1 DAGs
[2024-11-05T10:42:13.855+0000] {logging_mixin.py:190} INFO - [2024-11-05T10:42:13.855+0000] {dag.py:4180} INFO - Setting next_dagrun for tutorial to 2024-11-04 00:00:00+00:00, run_after=2024-11-05 00:00:00+00:00
[2024-11-05T10:42:13.877+0000] {processor.py:208} INFO - Processing /home/airflow/.local/lib/python3.12/site-packages/airflow/example_dags/tutorial.py took 0.089 seconds
[2024-11-05T10:42:44.287+0000] {processor.py:186} INFO - Started process (PID=777) to work on /home/airflow/.local/lib/python3.12/site-packages/airflow/example_dags/tutorial.py
[2024-11-05T10:42:44.287+0000] {processor.py:914} INFO - Processing file /home/airflow/.local/lib/python3.12/site-packages/airflow/example_dags/tutorial.py for tasks to queue
[2024-11-05T10:42:44.290+0000] {logging_mixin.py:190} INFO - [2024-11-05T10:42:44.289+0000] {dagbag.py:588} INFO - Filling up the DagBag from /home/airflow/.local/lib/python3.12/site-packages/airflow/example_dags/tutorial.py
[2024-11-05T10:42:44.299+0000] {processor.py:925} INFO - DAG(s) 'tutorial' retrieved from /home/airflow/.local/lib/python3.12/site-packages/airflow/example_dags/tutorial.py
[2024-11-05T10:42:44.322+0000] {logging_mixin.py:190} INFO - [2024-11-05T10:42:44.321+0000] {dag.py:3239} INFO - Sync 1 DAGs
[2024-11-05T10:42:44.348+0000] {logging_mixin.py:190} INFO - [2024-11-05T10:42:44.348+0000] {dag.py:4180} INFO - Setting next_dagrun for tutorial to 2024-11-04 00:00:00+00:00, run_after=2024-11-05 00:00:00+00:00
[2024-11-05T10:42:44.368+0000] {processor.py:208} INFO - Processing /home/airflow/.local/lib/python3.12/site-packages/airflow/example_dags/tutorial.py took 0.088 seconds
[2024-11-05T10:43:15.232+0000] {processor.py:186} INFO - Started process (PID=840) to work on /home/airflow/.local/lib/python3.12/site-packages/airflow/example_dags/tutorial.py
[2024-11-05T10:43:15.234+0000] {processor.py:914} INFO - Processing file /home/airflow/.local/lib/python3.12/site-packages/airflow/example_dags/tutorial.py for tasks to queue
[2024-11-05T10:43:15.237+0000] {logging_mixin.py:190} INFO - [2024-11-05T10:43:15.237+0000] {dagbag.py:588} INFO - Filling up the DagBag from /home/airflow/.local/lib/python3.12/site-packages/airflow/example_dags/tutorial.py
[2024-11-05T10:43:15.248+0000] {processor.py:925} INFO - DAG(s) 'tutorial' retrieved from /home/airflow/.local/lib/python3.12/site-packages/airflow/example_dags/tutorial.py
[2024-11-05T10:43:15.272+0000] {logging_mixin.py:190} INFO - [2024-11-05T10:43:15.272+0000] {dag.py:3239} INFO - Sync 1 DAGs
[2024-11-05T10:43:15.306+0000] {logging_mixin.py:190} INFO - [2024-11-05T10:43:15.306+0000] {dag.py:4180} INFO - Setting next_dagrun for tutorial to 2024-11-04 00:00:00+00:00, run_after=2024-11-05 00:00:00+00:00
[2024-11-05T10:43:15.337+0000] {processor.py:208} INFO - Processing /home/airflow/.local/lib/python3.12/site-packages/airflow/example_dags/tutorial.py took 0.113 seconds
[2024-11-05T10:43:45.651+0000] {processor.py:186} INFO - Started process (PID=904) to work on /home/airflow/.local/lib/python3.12/site-packages/airflow/example_dags/tutorial.py
[2024-11-05T10:43:45.654+0000] {processor.py:914} INFO - Processing file /home/airflow/.local/lib/python3.12/site-packages/airflow/example_dags/tutorial.py for tasks to queue
[2024-11-05T10:43:45.657+0000] {logging_mixin.py:190} INFO - [2024-11-05T10:43:45.657+0000] {dagbag.py:588} INFO - Filling up the DagBag from /home/airflow/.local/lib/python3.12/site-packages/airflow/example_dags/tutorial.py
[2024-11-05T10:43:45.670+0000] {processor.py:925} INFO - DAG(s) 'tutorial' retrieved from /home/airflow/.local/lib/python3.12/site-packages/airflow/example_dags/tutorial.py
[2024-11-05T10:43:45.701+0000] {logging_mixin.py:190} INFO - [2024-11-05T10:43:45.700+0000] {dag.py:3239} INFO - Sync 1 DAGs
[2024-11-05T10:43:45.751+0000] {logging_mixin.py:190} INFO - [2024-11-05T10:43:45.751+0000] {dag.py:4180} INFO - Setting next_dagrun for tutorial to 2024-11-04 00:00:00+00:00, run_after=2024-11-05 00:00:00+00:00
[2024-11-05T10:43:45.786+0000] {processor.py:208} INFO - Processing /home/airflow/.local/lib/python3.12/site-packages/airflow/example_dags/tutorial.py took 0.144 seconds
[2024-11-05T10:44:16.240+0000] {processor.py:186} INFO - Started process (PID=968) to work on /home/airflow/.local/lib/python3.12/site-packages/airflow/example_dags/tutorial.py
[2024-11-05T10:44:16.241+0000] {processor.py:914} INFO - Processing file /home/airflow/.local/lib/python3.12/site-packages/airflow/example_dags/tutorial.py for tasks to queue
[2024-11-05T10:44:16.243+0000] {logging_mixin.py:190} INFO - [2024-11-05T10:44:16.243+0000] {dagbag.py:588} INFO - Filling up the DagBag from /home/airflow/.local/lib/python3.12/site-packages/airflow/example_dags/tutorial.py
[2024-11-05T10:44:16.253+0000] {processor.py:925} INFO - DAG(s) 'tutorial' retrieved from /home/airflow/.local/lib/python3.12/site-packages/airflow/example_dags/tutorial.py
[2024-11-05T10:44:16.276+0000] {logging_mixin.py:190} INFO - [2024-11-05T10:44:16.275+0000] {dag.py:3239} INFO - Sync 1 DAGs
[2024-11-05T10:44:16.310+0000] {logging_mixin.py:190} INFO - [2024-11-05T10:44:16.309+0000] {dag.py:4180} INFO - Setting next_dagrun for tutorial to 2024-11-04 00:00:00+00:00, run_after=2024-11-05 00:00:00+00:00
[2024-11-05T10:44:16.331+0000] {processor.py:208} INFO - Processing /home/airflow/.local/lib/python3.12/site-packages/airflow/example_dags/tutorial.py took 0.099 seconds
[2024-11-05T10:44:46.686+0000] {processor.py:186} INFO - Started process (PID=1031) to work on /home/airflow/.local/lib/python3.12/site-packages/airflow/example_dags/tutorial.py
[2024-11-05T10:44:46.687+0000] {processor.py:914} INFO - Processing file /home/airflow/.local/lib/python3.12/site-packages/airflow/example_dags/tutorial.py for tasks to queue
[2024-11-05T10:44:46.690+0000] {logging_mixin.py:190} INFO - [2024-11-05T10:44:46.690+0000] {dagbag.py:588} INFO - Filling up the DagBag from /home/airflow/.local/lib/python3.12/site-packages/airflow/example_dags/tutorial.py
[2024-11-05T10:44:46.700+0000] {processor.py:925} INFO - DAG(s) 'tutorial' retrieved from /home/airflow/.local/lib/python3.12/site-packages/airflow/example_dags/tutorial.py
[2024-11-05T10:44:46.727+0000] {logging_mixin.py:190} INFO - [2024-11-05T10:44:46.727+0000] {dag.py:3239} INFO - Sync 1 DAGs
[2024-11-05T10:44:46.762+0000] {logging_mixin.py:190} INFO - [2024-11-05T10:44:46.762+0000] {dag.py:4180} INFO - Setting next_dagrun for tutorial to 2024-11-04 00:00:00+00:00, run_after=2024-11-05 00:00:00+00:00
[2024-11-05T10:44:46.787+0000] {processor.py:208} INFO - Processing /home/airflow/.local/lib/python3.12/site-packages/airflow/example_dags/tutorial.py took 0.109 seconds
[2024-11-05T10:45:17.918+0000] {processor.py:186} INFO - Started process (PID=1094) to work on /home/airflow/.local/lib/python3.12/site-packages/airflow/example_dags/tutorial.py
[2024-11-05T10:45:17.919+0000] {processor.py:914} INFO - Processing file /home/airflow/.local/lib/python3.12/site-packages/airflow/example_dags/tutorial.py for tasks to queue
[2024-11-05T10:45:17.923+0000] {logging_mixin.py:190} INFO - [2024-11-05T10:45:17.922+0000] {dagbag.py:588} INFO - Filling up the DagBag from /home/airflow/.local/lib/python3.12/site-packages/airflow/example_dags/tutorial.py
[2024-11-05T10:45:17.935+0000] {processor.py:925} INFO - DAG(s) 'tutorial' retrieved from /home/airflow/.local/lib/python3.12/site-packages/airflow/example_dags/tutorial.py
[2024-11-05T10:45:17.965+0000] {logging_mixin.py:190} INFO - [2024-11-05T10:45:17.965+0000] {dag.py:3239} INFO - Sync 1 DAGs
[2024-11-05T10:45:18.001+0000] {logging_mixin.py:190} INFO - [2024-11-05T10:45:18.000+0000] {dag.py:4180} INFO - Setting next_dagrun for tutorial to 2024-11-04 00:00:00+00:00, run_after=2024-11-05 00:00:00+00:00
[2024-11-05T10:45:18.026+0000] {processor.py:208} INFO - Processing /home/airflow/.local/lib/python3.12/site-packages/airflow/example_dags/tutorial.py took 0.117 seconds
[2024-11-05T10:45:48.332+0000] {processor.py:186} INFO - Started process (PID=1157) to work on /home/airflow/.local/lib/python3.12/site-packages/airflow/example_dags/tutorial.py
[2024-11-05T10:45:48.334+0000] {processor.py:914} INFO - Processing file /home/airflow/.local/lib/python3.12/site-packages/airflow/example_dags/tutorial.py for tasks to queue
[2024-11-05T10:45:48.336+0000] {logging_mixin.py:190} INFO - [2024-11-05T10:45:48.336+0000] {dagbag.py:588} INFO - Filling up the DagBag from /home/airflow/.local/lib/python3.12/site-packages/airflow/example_dags/tutorial.py
[2024-11-05T10:45:48.349+0000] {processor.py:925} INFO - DAG(s) 'tutorial' retrieved from /home/airflow/.local/lib/python3.12/site-packages/airflow/example_dags/tutorial.py
[2024-11-05T10:45:48.377+0000] {logging_mixin.py:190} INFO - [2024-11-05T10:45:48.376+0000] {dag.py:3239} INFO - Sync 1 DAGs
[2024-11-05T10:45:48.416+0000] {logging_mixin.py:190} INFO - [2024-11-05T10:45:48.416+0000] {dag.py:4180} INFO - Setting next_dagrun for tutorial to 2024-11-04 00:00:00+00:00, run_after=2024-11-05 00:00:00+00:00
[2024-11-05T10:45:48.441+0000] {processor.py:208} INFO - Processing /home/airflow/.local/lib/python3.12/site-packages/airflow/example_dags/tutorial.py took 0.116 seconds
[2024-11-05T10:46:19.368+0000] {processor.py:186} INFO - Started process (PID=1220) to work on /home/airflow/.local/lib/python3.12/site-packages/airflow/example_dags/tutorial.py
[2024-11-05T10:46:19.369+0000] {processor.py:914} INFO - Processing file /home/airflow/.local/lib/python3.12/site-packages/airflow/example_dags/tutorial.py for tasks to queue
[2024-11-05T10:46:19.373+0000] {logging_mixin.py:190} INFO - [2024-11-05T10:46:19.373+0000] {dagbag.py:588} INFO - Filling up the DagBag from /home/airflow/.local/lib/python3.12/site-packages/airflow/example_dags/tutorial.py
[2024-11-05T10:46:19.386+0000] {processor.py:925} INFO - DAG(s) 'tutorial' retrieved from /home/airflow/.local/lib/python3.12/site-packages/airflow/example_dags/tutorial.py
[2024-11-05T10:46:19.422+0000] {logging_mixin.py:190} INFO - [2024-11-05T10:46:19.422+0000] {dag.py:3239} INFO - Sync 1 DAGs
[2024-11-05T10:46:19.468+0000] {logging_mixin.py:190} INFO - [2024-11-05T10:46:19.468+0000] {dag.py:4180} INFO - Setting next_dagrun for tutorial to 2024-11-04 00:00:00+00:00, run_after=2024-11-05 00:00:00+00:00
[2024-11-05T10:46:19.499+0000] {processor.py:208} INFO - Processing /home/airflow/.local/lib/python3.12/site-packages/airflow/example_dags/tutorial.py took 0.140 seconds
[2024-11-05T10:46:50.156+0000] {processor.py:186} INFO - Started process (PID=1282) to work on /home/airflow/.local/lib/python3.12/site-packages/airflow/example_dags/tutorial.py
[2024-11-05T10:46:50.158+0000] {processor.py:914} INFO - Processing file /home/airflow/.local/lib/python3.12/site-packages/airflow/example_dags/tutorial.py for tasks to queue
[2024-11-05T10:46:50.161+0000] {logging_mixin.py:190} INFO - [2024-11-05T10:46:50.160+0000] {dagbag.py:588} INFO - Filling up the DagBag from /home/airflow/.local/lib/python3.12/site-packages/airflow/example_dags/tutorial.py
[2024-11-05T10:46:50.172+0000] {processor.py:925} INFO - DAG(s) 'tutorial' retrieved from /home/airflow/.local/lib/python3.12/site-packages/airflow/example_dags/tutorial.py
[2024-11-05T10:46:50.200+0000] {logging_mixin.py:190} INFO - [2024-11-05T10:46:50.199+0000] {dag.py:3239} INFO - Sync 1 DAGs
[2024-11-05T10:46:50.226+0000] {logging_mixin.py:190} INFO - [2024-11-05T10:46:50.225+0000] {dag.py:4180} INFO - Setting next_dagrun for tutorial to 2024-11-04 00:00:00+00:00, run_after=2024-11-05 00:00:00+00:00
[2024-11-05T10:46:50.254+0000] {processor.py:208} INFO - Processing /home/airflow/.local/lib/python3.12/site-packages/airflow/example_dags/tutorial.py took 0.103 seconds
[2024-11-05T10:47:21.468+0000] {processor.py:186} INFO - Started process (PID=1345) to work on /home/airflow/.local/lib/python3.12/site-packages/airflow/example_dags/tutorial.py
[2024-11-05T10:47:21.470+0000] {processor.py:914} INFO - Processing file /home/airflow/.local/lib/python3.12/site-packages/airflow/example_dags/tutorial.py for tasks to queue
[2024-11-05T10:47:21.473+0000] {logging_mixin.py:190} INFO - [2024-11-05T10:47:21.472+0000] {dagbag.py:588} INFO - Filling up the DagBag from /home/airflow/.local/lib/python3.12/site-packages/airflow/example_dags/tutorial.py
[2024-11-05T10:47:21.486+0000] {processor.py:925} INFO - DAG(s) 'tutorial' retrieved from /home/airflow/.local/lib/python3.12/site-packages/airflow/example_dags/tutorial.py
[2024-11-05T10:47:21.518+0000] {logging_mixin.py:190} INFO - [2024-11-05T10:47:21.518+0000] {dag.py:3239} INFO - Sync 1 DAGs
[2024-11-05T10:47:21.554+0000] {logging_mixin.py:190} INFO - [2024-11-05T10:47:21.554+0000] {dag.py:4180} INFO - Setting next_dagrun for tutorial to 2024-11-04 00:00:00+00:00, run_after=2024-11-05 00:00:00+00:00
[2024-11-05T10:47:21.587+0000] {processor.py:208} INFO - Processing /home/airflow/.local/lib/python3.12/site-packages/airflow/example_dags/tutorial.py took 0.128 seconds
[2024-11-05T10:47:52.268+0000] {processor.py:186} INFO - Started process (PID=1408) to work on /home/airflow/.local/lib/python3.12/site-packages/airflow/example_dags/tutorial.py
[2024-11-05T10:47:52.269+0000] {processor.py:914} INFO - Processing file /home/airflow/.local/lib/python3.12/site-packages/airflow/example_dags/tutorial.py for tasks to queue
[2024-11-05T10:47:52.273+0000] {logging_mixin.py:190} INFO - [2024-11-05T10:47:52.271+0000] {dagbag.py:588} INFO - Filling up the DagBag from /home/airflow/.local/lib/python3.12/site-packages/airflow/example_dags/tutorial.py
[2024-11-05T10:47:52.281+0000] {processor.py:925} INFO - DAG(s) 'tutorial' retrieved from /home/airflow/.local/lib/python3.12/site-packages/airflow/example_dags/tutorial.py
[2024-11-05T10:47:52.307+0000] {logging_mixin.py:190} INFO - [2024-11-05T10:47:52.307+0000] {dag.py:3239} INFO - Sync 1 DAGs
[2024-11-05T10:47:52.343+0000] {logging_mixin.py:190} INFO - [2024-11-05T10:47:52.342+0000] {dag.py:4180} INFO - Setting next_dagrun for tutorial to 2024-11-04 00:00:00+00:00, run_after=2024-11-05 00:00:00+00:00
[2024-11-05T10:47:52.365+0000] {processor.py:208} INFO - Processing /home/airflow/.local/lib/python3.12/site-packages/airflow/example_dags/tutorial.py took 0.105 seconds
[2024-11-05T10:48:23.506+0000] {processor.py:186} INFO - Started process (PID=1470) to work on /home/airflow/.local/lib/python3.12/site-packages/airflow/example_dags/tutorial.py
[2024-11-05T10:48:23.509+0000] {processor.py:914} INFO - Processing file /home/airflow/.local/lib/python3.12/site-packages/airflow/example_dags/tutorial.py for tasks to queue
[2024-11-05T10:48:23.512+0000] {logging_mixin.py:190} INFO - [2024-11-05T10:48:23.512+0000] {dagbag.py:588} INFO - Filling up the DagBag from /home/airflow/.local/lib/python3.12/site-packages/airflow/example_dags/tutorial.py
[2024-11-05T10:48:23.524+0000] {processor.py:925} INFO - DAG(s) 'tutorial' retrieved from /home/airflow/.local/lib/python3.12/site-packages/airflow/example_dags/tutorial.py
[2024-11-05T10:48:23.553+0000] {logging_mixin.py:190} INFO - [2024-11-05T10:48:23.553+0000] {dag.py:3239} INFO - Sync 1 DAGs
[2024-11-05T10:48:23.598+0000] {logging_mixin.py:190} INFO - [2024-11-05T10:48:23.597+0000] {dag.py:4180} INFO - Setting next_dagrun for tutorial to 2024-11-04 00:00:00+00:00, run_after=2024-11-05 00:00:00+00:00
[2024-11-05T10:48:23.626+0000] {processor.py:208} INFO - Processing /home/airflow/.local/lib/python3.12/site-packages/airflow/example_dags/tutorial.py took 0.129 seconds
[2024-11-05T10:48:54.044+0000] {processor.py:186} INFO - Started process (PID=1533) to work on /home/airflow/.local/lib/python3.12/site-packages/airflow/example_dags/tutorial.py
[2024-11-05T10:48:54.046+0000] {processor.py:914} INFO - Processing file /home/airflow/.local/lib/python3.12/site-packages/airflow/example_dags/tutorial.py for tasks to queue
[2024-11-05T10:48:54.049+0000] {logging_mixin.py:190} INFO - [2024-11-05T10:48:54.049+0000] {dagbag.py:588} INFO - Filling up the DagBag from /home/airflow/.local/lib/python3.12/site-packages/airflow/example_dags/tutorial.py
[2024-11-05T10:48:54.066+0000] {processor.py:925} INFO - DAG(s) 'tutorial' retrieved from /home/airflow/.local/lib/python3.12/site-packages/airflow/example_dags/tutorial.py
[2024-11-05T10:48:54.100+0000] {logging_mixin.py:190} INFO - [2024-11-05T10:48:54.100+0000] {dag.py:3239} INFO - Sync 1 DAGs
[2024-11-05T10:48:54.156+0000] {logging_mixin.py:190} INFO - [2024-11-05T10:48:54.155+0000] {dag.py:4180} INFO - Setting next_dagrun for tutorial to 2024-11-04 00:00:00+00:00, run_after=2024-11-05 00:00:00+00:00
[2024-11-05T10:48:54.191+0000] {processor.py:208} INFO - Processing /home/airflow/.local/lib/python3.12/site-packages/airflow/example_dags/tutorial.py took 0.156 seconds
[2024-11-05T10:49:24.714+0000] {processor.py:186} INFO - Started process (PID=1594) to work on /home/airflow/.local/lib/python3.12/site-packages/airflow/example_dags/tutorial.py
[2024-11-05T10:49:24.715+0000] {processor.py:914} INFO - Processing file /home/airflow/.local/lib/python3.12/site-packages/airflow/example_dags/tutorial.py for tasks to queue
[2024-11-05T10:49:24.718+0000] {logging_mixin.py:190} INFO - [2024-11-05T10:49:24.718+0000] {dagbag.py:588} INFO - Filling up the DagBag from /home/airflow/.local/lib/python3.12/site-packages/airflow/example_dags/tutorial.py
[2024-11-05T10:49:24.731+0000] {processor.py:925} INFO - DAG(s) 'tutorial' retrieved from /home/airflow/.local/lib/python3.12/site-packages/airflow/example_dags/tutorial.py
[2024-11-05T10:49:24.777+0000] {logging_mixin.py:190} INFO - [2024-11-05T10:49:24.777+0000] {dag.py:3239} INFO - Sync 1 DAGs
[2024-11-05T10:49:24.825+0000] {logging_mixin.py:190} INFO - [2024-11-05T10:49:24.824+0000] {dag.py:4180} INFO - Setting next_dagrun for tutorial to 2024-11-04 00:00:00+00:00, run_after=2024-11-05 00:00:00+00:00
[2024-11-05T10:49:24.853+0000] {processor.py:208} INFO - Processing /home/airflow/.local/lib/python3.12/site-packages/airflow/example_dags/tutorial.py took 0.148 seconds
[2024-11-05T10:49:55.217+0000] {processor.py:186} INFO - Started process (PID=1657) to work on /home/airflow/.local/lib/python3.12/site-packages/airflow/example_dags/tutorial.py
[2024-11-05T10:49:55.218+0000] {processor.py:914} INFO - Processing file /home/airflow/.local/lib/python3.12/site-packages/airflow/example_dags/tutorial.py for tasks to queue
[2024-11-05T10:49:55.221+0000] {logging_mixin.py:190} INFO - [2024-11-05T10:49:55.220+0000] {dagbag.py:588} INFO - Filling up the DagBag from /home/airflow/.local/lib/python3.12/site-packages/airflow/example_dags/tutorial.py
[2024-11-05T10:49:55.232+0000] {processor.py:925} INFO - DAG(s) 'tutorial' retrieved from /home/airflow/.local/lib/python3.12/site-packages/airflow/example_dags/tutorial.py
[2024-11-05T10:49:55.261+0000] {logging_mixin.py:190} INFO - [2024-11-05T10:49:55.261+0000] {dag.py:3239} INFO - Sync 1 DAGs
[2024-11-05T10:49:55.295+0000] {logging_mixin.py:190} INFO - [2024-11-05T10:49:55.294+0000] {dag.py:4180} INFO - Setting next_dagrun for tutorial to 2024-11-04 00:00:00+00:00, run_after=2024-11-05 00:00:00+00:00
[2024-11-05T10:49:55.324+0000] {processor.py:208} INFO - Processing /home/airflow/.local/lib/python3.12/site-packages/airflow/example_dags/tutorial.py took 0.117 seconds
[2024-11-05T10:50:25.492+0000] {processor.py:186} INFO - Started process (PID=1720) to work on /home/airflow/.local/lib/python3.12/site-packages/airflow/example_dags/tutorial.py
[2024-11-05T10:50:25.493+0000] {processor.py:914} INFO - Processing file /home/airflow/.local/lib/python3.12/site-packages/airflow/example_dags/tutorial.py for tasks to queue
[2024-11-05T10:50:25.496+0000] {logging_mixin.py:190} INFO - [2024-11-05T10:50:25.496+0000] {dagbag.py:588} INFO - Filling up the DagBag from /home/airflow/.local/lib/python3.12/site-packages/airflow/example_dags/tutorial.py
[2024-11-05T10:50:25.507+0000] {processor.py:925} INFO - DAG(s) 'tutorial' retrieved from /home/airflow/.local/lib/python3.12/site-packages/airflow/example_dags/tutorial.py
[2024-11-05T10:50:25.537+0000] {logging_mixin.py:190} INFO - [2024-11-05T10:50:25.536+0000] {dag.py:3239} INFO - Sync 1 DAGs
[2024-11-05T10:50:25.574+0000] {logging_mixin.py:190} INFO - [2024-11-05T10:50:25.574+0000] {dag.py:4180} INFO - Setting next_dagrun for tutorial to 2024-11-04 00:00:00+00:00, run_after=2024-11-05 00:00:00+00:00
[2024-11-05T10:50:25.605+0000] {processor.py:208} INFO - Processing /home/airflow/.local/lib/python3.12/site-packages/airflow/example_dags/tutorial.py took 0.121 seconds
[2024-11-05T10:50:56.021+0000] {processor.py:186} INFO - Started process (PID=1782) to work on /home/airflow/.local/lib/python3.12/site-packages/airflow/example_dags/tutorial.py
[2024-11-05T10:50:56.022+0000] {processor.py:914} INFO - Processing file /home/airflow/.local/lib/python3.12/site-packages/airflow/example_dags/tutorial.py for tasks to queue
[2024-11-05T10:50:56.025+0000] {logging_mixin.py:190} INFO - [2024-11-05T10:50:56.024+0000] {dagbag.py:588} INFO - Filling up the DagBag from /home/airflow/.local/lib/python3.12/site-packages/airflow/example_dags/tutorial.py
[2024-11-05T10:50:56.034+0000] {processor.py:925} INFO - DAG(s) 'tutorial' retrieved from /home/airflow/.local/lib/python3.12/site-packages/airflow/example_dags/tutorial.py
[2024-11-05T10:50:56.056+0000] {logging_mixin.py:190} INFO - [2024-11-05T10:50:56.056+0000] {dag.py:3239} INFO - Sync 1 DAGs
[2024-11-05T10:50:56.082+0000] {logging_mixin.py:190} INFO - [2024-11-05T10:50:56.082+0000] {dag.py:4180} INFO - Setting next_dagrun for tutorial to 2024-11-04 00:00:00+00:00, run_after=2024-11-05 00:00:00+00:00
[2024-11-05T10:50:56.106+0000] {processor.py:208} INFO - Processing /home/airflow/.local/lib/python3.12/site-packages/airflow/example_dags/tutorial.py took 0.092 seconds
[2024-11-05T10:51:26.993+0000] {processor.py:186} INFO - Started process (PID=1845) to work on /home/airflow/.local/lib/python3.12/site-packages/airflow/example_dags/tutorial.py
[2024-11-05T10:51:26.994+0000] {processor.py:914} INFO - Processing file /home/airflow/.local/lib/python3.12/site-packages/airflow/example_dags/tutorial.py for tasks to queue
[2024-11-05T10:51:27.001+0000] {logging_mixin.py:190} INFO - [2024-11-05T10:51:27.000+0000] {dagbag.py:588} INFO - Filling up the DagBag from /home/airflow/.local/lib/python3.12/site-packages/airflow/example_dags/tutorial.py
[2024-11-05T10:51:27.018+0000] {processor.py:925} INFO - DAG(s) 'tutorial' retrieved from /home/airflow/.local/lib/python3.12/site-packages/airflow/example_dags/tutorial.py
[2024-11-05T10:51:27.044+0000] {logging_mixin.py:190} INFO - [2024-11-05T10:51:27.043+0000] {dag.py:3239} INFO - Sync 1 DAGs
[2024-11-05T10:51:27.091+0000] {logging_mixin.py:190} INFO - [2024-11-05T10:51:27.091+0000] {dag.py:4180} INFO - Setting next_dagrun for tutorial to 2024-11-04 00:00:00+00:00, run_after=2024-11-05 00:00:00+00:00
[2024-11-05T10:51:27.141+0000] {processor.py:208} INFO - Processing /home/airflow/.local/lib/python3.12/site-packages/airflow/example_dags/tutorial.py took 0.159 seconds
[2024-11-05T10:51:57.711+0000] {processor.py:186} INFO - Started process (PID=1908) to work on /home/airflow/.local/lib/python3.12/site-packages/airflow/example_dags/tutorial.py
[2024-11-05T10:51:57.714+0000] {processor.py:914} INFO - Processing file /home/airflow/.local/lib/python3.12/site-packages/airflow/example_dags/tutorial.py for tasks to queue
[2024-11-05T10:51:57.720+0000] {logging_mixin.py:190} INFO - [2024-11-05T10:51:57.719+0000] {dagbag.py:588} INFO - Filling up the DagBag from /home/airflow/.local/lib/python3.12/site-packages/airflow/example_dags/tutorial.py
[2024-11-05T10:51:57.735+0000] {processor.py:925} INFO - DAG(s) 'tutorial' retrieved from /home/airflow/.local/lib/python3.12/site-packages/airflow/example_dags/tutorial.py
[2024-11-05T10:51:57.796+0000] {logging_mixin.py:190} INFO - [2024-11-05T10:51:57.795+0000] {dag.py:3239} INFO - Sync 1 DAGs
[2024-11-05T10:51:57.840+0000] {logging_mixin.py:190} INFO - [2024-11-05T10:51:57.840+0000] {dag.py:4180} INFO - Setting next_dagrun for tutorial to 2024-11-04 00:00:00+00:00, run_after=2024-11-05 00:00:00+00:00
[2024-11-05T10:51:57.880+0000] {processor.py:208} INFO - Processing /home/airflow/.local/lib/python3.12/site-packages/airflow/example_dags/tutorial.py took 0.180 seconds
[2024-11-05T10:52:28.048+0000] {processor.py:186} INFO - Started process (PID=1972) to work on /home/airflow/.local/lib/python3.12/site-packages/airflow/example_dags/tutorial.py
[2024-11-05T10:52:28.050+0000] {processor.py:914} INFO - Processing file /home/airflow/.local/lib/python3.12/site-packages/airflow/example_dags/tutorial.py for tasks to queue
[2024-11-05T10:52:28.056+0000] {logging_mixin.py:190} INFO - [2024-11-05T10:52:28.056+0000] {dagbag.py:588} INFO - Filling up the DagBag from /home/airflow/.local/lib/python3.12/site-packages/airflow/example_dags/tutorial.py
[2024-11-05T10:52:28.072+0000] {processor.py:925} INFO - DAG(s) 'tutorial' retrieved from /home/airflow/.local/lib/python3.12/site-packages/airflow/example_dags/tutorial.py
[2024-11-05T10:52:28.146+0000] {logging_mixin.py:190} INFO - [2024-11-05T10:52:28.145+0000] {dag.py:3239} INFO - Sync 1 DAGs
[2024-11-05T10:52:28.214+0000] {logging_mixin.py:190} INFO - [2024-11-05T10:52:28.213+0000] {dag.py:4180} INFO - Setting next_dagrun for tutorial to 2024-11-04 00:00:00+00:00, run_after=2024-11-05 00:00:00+00:00
[2024-11-05T10:52:28.272+0000] {processor.py:208} INFO - Processing /home/airflow/.local/lib/python3.12/site-packages/airflow/example_dags/tutorial.py took 0.236 seconds
[2024-11-05T10:52:59.329+0000] {processor.py:186} INFO - Started process (PID=2035) to work on /home/airflow/.local/lib/python3.12/site-packages/airflow/example_dags/tutorial.py
[2024-11-05T10:52:59.330+0000] {processor.py:914} INFO - Processing file /home/airflow/.local/lib/python3.12/site-packages/airflow/example_dags/tutorial.py for tasks to queue
[2024-11-05T10:52:59.332+0000] {logging_mixin.py:190} INFO - [2024-11-05T10:52:59.332+0000] {dagbag.py:588} INFO - Filling up the DagBag from /home/airflow/.local/lib/python3.12/site-packages/airflow/example_dags/tutorial.py
[2024-11-05T10:52:59.340+0000] {processor.py:925} INFO - DAG(s) 'tutorial' retrieved from /home/airflow/.local/lib/python3.12/site-packages/airflow/example_dags/tutorial.py
[2024-11-05T10:52:59.362+0000] {logging_mixin.py:190} INFO - [2024-11-05T10:52:59.362+0000] {dag.py:3239} INFO - Sync 1 DAGs
[2024-11-05T10:52:59.392+0000] {logging_mixin.py:190} INFO - [2024-11-05T10:52:59.391+0000] {dag.py:4180} INFO - Setting next_dagrun for tutorial to 2024-11-04 00:00:00+00:00, run_after=2024-11-05 00:00:00+00:00
[2024-11-05T10:52:59.415+0000] {processor.py:208} INFO - Processing /home/airflow/.local/lib/python3.12/site-packages/airflow/example_dags/tutorial.py took 0.093 seconds
[2024-11-05T10:53:29.898+0000] {processor.py:186} INFO - Started process (PID=2098) to work on /home/airflow/.local/lib/python3.12/site-packages/airflow/example_dags/tutorial.py
[2024-11-05T10:53:29.899+0000] {processor.py:914} INFO - Processing file /home/airflow/.local/lib/python3.12/site-packages/airflow/example_dags/tutorial.py for tasks to queue
[2024-11-05T10:53:29.903+0000] {logging_mixin.py:190} INFO - [2024-11-05T10:53:29.902+0000] {dagbag.py:588} INFO - Filling up the DagBag from /home/airflow/.local/lib/python3.12/site-packages/airflow/example_dags/tutorial.py
[2024-11-05T10:53:29.912+0000] {processor.py:925} INFO - DAG(s) 'tutorial' retrieved from /home/airflow/.local/lib/python3.12/site-packages/airflow/example_dags/tutorial.py
[2024-11-05T10:53:29.940+0000] {logging_mixin.py:190} INFO - [2024-11-05T10:53:29.939+0000] {dag.py:3239} INFO - Sync 1 DAGs
[2024-11-05T10:53:29.989+0000] {logging_mixin.py:190} INFO - [2024-11-05T10:53:29.988+0000] {dag.py:4180} INFO - Setting next_dagrun for tutorial to 2024-11-04 00:00:00+00:00, run_after=2024-11-05 00:00:00+00:00
[2024-11-05T10:53:30.023+0000] {processor.py:208} INFO - Processing /home/airflow/.local/lib/python3.12/site-packages/airflow/example_dags/tutorial.py took 0.133 seconds
[2024-11-05T10:54:00.098+0000] {processor.py:186} INFO - Started process (PID=2161) to work on /home/airflow/.local/lib/python3.12/site-packages/airflow/example_dags/tutorial.py
[2024-11-05T10:54:00.099+0000] {processor.py:914} INFO - Processing file /home/airflow/.local/lib/python3.12/site-packages/airflow/example_dags/tutorial.py for tasks to queue
[2024-11-05T10:54:00.103+0000] {logging_mixin.py:190} INFO - [2024-11-05T10:54:00.102+0000] {dagbag.py:588} INFO - Filling up the DagBag from /home/airflow/.local/lib/python3.12/site-packages/airflow/example_dags/tutorial.py
[2024-11-05T10:54:00.114+0000] {processor.py:925} INFO - DAG(s) 'tutorial' retrieved from /home/airflow/.local/lib/python3.12/site-packages/airflow/example_dags/tutorial.py
[2024-11-05T10:54:00.139+0000] {logging_mixin.py:190} INFO - [2024-11-05T10:54:00.139+0000] {dag.py:3239} INFO - Sync 1 DAGs
[2024-11-05T10:54:00.170+0000] {logging_mixin.py:190} INFO - [2024-11-05T10:54:00.169+0000] {dag.py:4180} INFO - Setting next_dagrun for tutorial to 2024-11-04 00:00:00+00:00, run_after=2024-11-05 00:00:00+00:00
[2024-11-05T10:54:00.193+0000] {processor.py:208} INFO - Processing /home/airflow/.local/lib/python3.12/site-packages/airflow/example_dags/tutorial.py took 0.103 seconds
