[2024-11-05T10:37:12.365+0000] {processor.py:186} INFO - Started process (PID=99) to work on /home/airflow/.local/lib/python3.12/site-packages/airflow/example_dags/tutorial_dag.py
[2024-11-05T10:37:12.366+0000] {processor.py:914} INFO - Processing file /home/airflow/.local/lib/python3.12/site-packages/airflow/example_dags/tutorial_dag.py for tasks to queue
[2024-11-05T10:37:12.370+0000] {logging_mixin.py:190} INFO - [2024-11-05T10:37:12.370+0000] {dagbag.py:588} INFO - Filling up the DagBag from /home/airflow/.local/lib/python3.12/site-packages/airflow/example_dags/tutorial_dag.py
[2024-11-05T10:37:12.381+0000] {processor.py:925} INFO - DAG(s) 'tutorial_dag' retrieved from /home/airflow/.local/lib/python3.12/site-packages/airflow/example_dags/tutorial_dag.py
[2024-11-05T10:37:12.544+0000] {logging_mixin.py:190} INFO - [2024-11-05T10:37:12.544+0000] {override.py:1900} INFO - Created Permission View: can delete on DAG:tutorial_dag
[2024-11-05T10:37:12.560+0000] {logging_mixin.py:190} INFO - [2024-11-05T10:37:12.560+0000] {override.py:1900} INFO - Created Permission View: can read on DAG:tutorial_dag
[2024-11-05T10:37:12.571+0000] {logging_mixin.py:190} INFO - [2024-11-05T10:37:12.570+0000] {override.py:1900} INFO - Created Permission View: can edit on DAG:tutorial_dag
[2024-11-05T10:37:12.581+0000] {logging_mixin.py:190} INFO - [2024-11-05T10:37:12.580+0000] {override.py:1900} INFO - Created Permission View: can delete on DAG Run:tutorial_dag
[2024-11-05T10:37:12.594+0000] {logging_mixin.py:190} INFO - [2024-11-05T10:37:12.593+0000] {override.py:1900} INFO - Created Permission View: can create on DAG Run:tutorial_dag
[2024-11-05T10:37:12.605+0000] {logging_mixin.py:190} INFO - [2024-11-05T10:37:12.604+0000] {override.py:1900} INFO - Created Permission View: can read on DAG Run:tutorial_dag
[2024-11-05T10:37:12.615+0000] {logging_mixin.py:190} INFO - [2024-11-05T10:37:12.614+0000] {override.py:1900} INFO - Created Permission View: menu access on DAG Run:tutorial_dag
[2024-11-05T10:37:12.616+0000] {logging_mixin.py:190} INFO - [2024-11-05T10:37:12.615+0000] {dag.py:3239} INFO - Sync 1 DAGs
[2024-11-05T10:37:12.638+0000] {logging_mixin.py:190} INFO - [2024-11-05T10:37:12.638+0000] {dag.py:3262} INFO - Creating ORM DAG for tutorial_dag
[2024-11-05T10:37:12.640+0000] {logging_mixin.py:190} INFO - [2024-11-05T10:37:12.639+0000] {dag.py:4180} INFO - Setting next_dagrun for tutorial_dag to None, run_after=None
[2024-11-05T10:37:12.666+0000] {processor.py:208} INFO - Processing /home/airflow/.local/lib/python3.12/site-packages/airflow/example_dags/tutorial_dag.py took 0.309 seconds
[2024-11-05T10:37:43.210+0000] {processor.py:186} INFO - Started process (PID=161) to work on /home/airflow/.local/lib/python3.12/site-packages/airflow/example_dags/tutorial_dag.py
[2024-11-05T10:37:43.211+0000] {processor.py:914} INFO - Processing file /home/airflow/.local/lib/python3.12/site-packages/airflow/example_dags/tutorial_dag.py for tasks to queue
[2024-11-05T10:37:43.214+0000] {logging_mixin.py:190} INFO - [2024-11-05T10:37:43.214+0000] {dagbag.py:588} INFO - Filling up the DagBag from /home/airflow/.local/lib/python3.12/site-packages/airflow/example_dags/tutorial_dag.py
[2024-11-05T10:37:43.224+0000] {processor.py:925} INFO - DAG(s) 'tutorial_dag' retrieved from /home/airflow/.local/lib/python3.12/site-packages/airflow/example_dags/tutorial_dag.py
[2024-11-05T10:37:43.282+0000] {logging_mixin.py:190} INFO - [2024-11-05T10:37:43.282+0000] {dag.py:3239} INFO - Sync 1 DAGs
[2024-11-05T10:37:43.312+0000] {logging_mixin.py:190} INFO - [2024-11-05T10:37:43.312+0000] {dag.py:4180} INFO - Setting next_dagrun for tutorial_dag to None, run_after=None
[2024-11-05T10:37:43.350+0000] {processor.py:208} INFO - Processing /home/airflow/.local/lib/python3.12/site-packages/airflow/example_dags/tutorial_dag.py took 0.146 seconds
[2024-11-05T10:38:13.395+0000] {processor.py:186} INFO - Started process (PID=223) to work on /home/airflow/.local/lib/python3.12/site-packages/airflow/example_dags/tutorial_dag.py
[2024-11-05T10:38:13.396+0000] {processor.py:914} INFO - Processing file /home/airflow/.local/lib/python3.12/site-packages/airflow/example_dags/tutorial_dag.py for tasks to queue
[2024-11-05T10:38:13.398+0000] {logging_mixin.py:190} INFO - [2024-11-05T10:38:13.397+0000] {dagbag.py:588} INFO - Filling up the DagBag from /home/airflow/.local/lib/python3.12/site-packages/airflow/example_dags/tutorial_dag.py
[2024-11-05T10:38:13.405+0000] {processor.py:925} INFO - DAG(s) 'tutorial_dag' retrieved from /home/airflow/.local/lib/python3.12/site-packages/airflow/example_dags/tutorial_dag.py
[2024-11-05T10:38:13.423+0000] {logging_mixin.py:190} INFO - [2024-11-05T10:38:13.423+0000] {dag.py:3239} INFO - Sync 1 DAGs
[2024-11-05T10:38:13.437+0000] {logging_mixin.py:190} INFO - [2024-11-05T10:38:13.437+0000] {dag.py:4180} INFO - Setting next_dagrun for tutorial_dag to None, run_after=None
[2024-11-05T10:38:13.455+0000] {processor.py:208} INFO - Processing /home/airflow/.local/lib/python3.12/site-packages/airflow/example_dags/tutorial_dag.py took 0.066 seconds
[2024-11-05T10:38:43.962+0000] {processor.py:186} INFO - Started process (PID=286) to work on /home/airflow/.local/lib/python3.12/site-packages/airflow/example_dags/tutorial_dag.py
[2024-11-05T10:38:43.963+0000] {processor.py:914} INFO - Processing file /home/airflow/.local/lib/python3.12/site-packages/airflow/example_dags/tutorial_dag.py for tasks to queue
[2024-11-05T10:38:43.966+0000] {logging_mixin.py:190} INFO - [2024-11-05T10:38:43.966+0000] {dagbag.py:588} INFO - Filling up the DagBag from /home/airflow/.local/lib/python3.12/site-packages/airflow/example_dags/tutorial_dag.py
[2024-11-05T10:38:43.974+0000] {processor.py:925} INFO - DAG(s) 'tutorial_dag' retrieved from /home/airflow/.local/lib/python3.12/site-packages/airflow/example_dags/tutorial_dag.py
[2024-11-05T10:38:44.000+0000] {logging_mixin.py:190} INFO - [2024-11-05T10:38:44.000+0000] {dag.py:3239} INFO - Sync 1 DAGs
[2024-11-05T10:38:44.021+0000] {logging_mixin.py:190} INFO - [2024-11-05T10:38:44.020+0000] {dag.py:4180} INFO - Setting next_dagrun for tutorial_dag to None, run_after=None
[2024-11-05T10:38:44.045+0000] {processor.py:208} INFO - Processing /home/airflow/.local/lib/python3.12/site-packages/airflow/example_dags/tutorial_dag.py took 0.091 seconds
[2024-11-05T10:39:14.523+0000] {processor.py:186} INFO - Started process (PID=348) to work on /home/airflow/.local/lib/python3.12/site-packages/airflow/example_dags/tutorial_dag.py
[2024-11-05T10:39:14.524+0000] {processor.py:914} INFO - Processing file /home/airflow/.local/lib/python3.12/site-packages/airflow/example_dags/tutorial_dag.py for tasks to queue
[2024-11-05T10:39:14.527+0000] {logging_mixin.py:190} INFO - [2024-11-05T10:39:14.526+0000] {dagbag.py:588} INFO - Filling up the DagBag from /home/airflow/.local/lib/python3.12/site-packages/airflow/example_dags/tutorial_dag.py
[2024-11-05T10:39:14.535+0000] {processor.py:925} INFO - DAG(s) 'tutorial_dag' retrieved from /home/airflow/.local/lib/python3.12/site-packages/airflow/example_dags/tutorial_dag.py
[2024-11-05T10:39:14.559+0000] {logging_mixin.py:190} INFO - [2024-11-05T10:39:14.559+0000] {dag.py:3239} INFO - Sync 1 DAGs
[2024-11-05T10:39:14.582+0000] {logging_mixin.py:190} INFO - [2024-11-05T10:39:14.581+0000] {dag.py:4180} INFO - Setting next_dagrun for tutorial_dag to None, run_after=None
[2024-11-05T10:39:14.615+0000] {processor.py:208} INFO - Processing /home/airflow/.local/lib/python3.12/site-packages/airflow/example_dags/tutorial_dag.py took 0.097 seconds
[2024-11-05T10:39:44.665+0000] {processor.py:186} INFO - Started process (PID=409) to work on /home/airflow/.local/lib/python3.12/site-packages/airflow/example_dags/tutorial_dag.py
[2024-11-05T10:39:44.666+0000] {processor.py:914} INFO - Processing file /home/airflow/.local/lib/python3.12/site-packages/airflow/example_dags/tutorial_dag.py for tasks to queue
[2024-11-05T10:39:44.669+0000] {logging_mixin.py:190} INFO - [2024-11-05T10:39:44.668+0000] {dagbag.py:588} INFO - Filling up the DagBag from /home/airflow/.local/lib/python3.12/site-packages/airflow/example_dags/tutorial_dag.py
[2024-11-05T10:39:44.679+0000] {processor.py:925} INFO - DAG(s) 'tutorial_dag' retrieved from /home/airflow/.local/lib/python3.12/site-packages/airflow/example_dags/tutorial_dag.py
[2024-11-05T10:39:44.709+0000] {logging_mixin.py:190} INFO - [2024-11-05T10:39:44.708+0000] {dag.py:3239} INFO - Sync 1 DAGs
[2024-11-05T10:39:44.733+0000] {logging_mixin.py:190} INFO - [2024-11-05T10:39:44.732+0000] {dag.py:4180} INFO - Setting next_dagrun for tutorial_dag to None, run_after=None
[2024-11-05T10:39:44.761+0000] {processor.py:208} INFO - Processing /home/airflow/.local/lib/python3.12/site-packages/airflow/example_dags/tutorial_dag.py took 0.104 seconds
[2024-11-05T10:40:14.943+0000] {processor.py:186} INFO - Started process (PID=471) to work on /home/airflow/.local/lib/python3.12/site-packages/airflow/example_dags/tutorial_dag.py
[2024-11-05T10:40:14.944+0000] {processor.py:914} INFO - Processing file /home/airflow/.local/lib/python3.12/site-packages/airflow/example_dags/tutorial_dag.py for tasks to queue
[2024-11-05T10:40:14.947+0000] {logging_mixin.py:190} INFO - [2024-11-05T10:40:14.946+0000] {dagbag.py:588} INFO - Filling up the DagBag from /home/airflow/.local/lib/python3.12/site-packages/airflow/example_dags/tutorial_dag.py
[2024-11-05T10:40:14.953+0000] {processor.py:925} INFO - DAG(s) 'tutorial_dag' retrieved from /home/airflow/.local/lib/python3.12/site-packages/airflow/example_dags/tutorial_dag.py
[2024-11-05T10:40:14.972+0000] {logging_mixin.py:190} INFO - [2024-11-05T10:40:14.972+0000] {dag.py:3239} INFO - Sync 1 DAGs
[2024-11-05T10:40:14.986+0000] {logging_mixin.py:190} INFO - [2024-11-05T10:40:14.986+0000] {dag.py:4180} INFO - Setting next_dagrun for tutorial_dag to None, run_after=None
[2024-11-05T10:40:15.007+0000] {processor.py:208} INFO - Processing /home/airflow/.local/lib/python3.12/site-packages/airflow/example_dags/tutorial_dag.py took 0.071 seconds
[2024-11-05T10:40:45.312+0000] {processor.py:186} INFO - Started process (PID=535) to work on /home/airflow/.local/lib/python3.12/site-packages/airflow/example_dags/tutorial_dag.py
[2024-11-05T10:40:45.313+0000] {processor.py:914} INFO - Processing file /home/airflow/.local/lib/python3.12/site-packages/airflow/example_dags/tutorial_dag.py for tasks to queue
[2024-11-05T10:40:45.315+0000] {logging_mixin.py:190} INFO - [2024-11-05T10:40:45.315+0000] {dagbag.py:588} INFO - Filling up the DagBag from /home/airflow/.local/lib/python3.12/site-packages/airflow/example_dags/tutorial_dag.py
[2024-11-05T10:40:45.323+0000] {processor.py:925} INFO - DAG(s) 'tutorial_dag' retrieved from /home/airflow/.local/lib/python3.12/site-packages/airflow/example_dags/tutorial_dag.py
[2024-11-05T10:40:45.343+0000] {logging_mixin.py:190} INFO - [2024-11-05T10:40:45.342+0000] {dag.py:3239} INFO - Sync 1 DAGs
[2024-11-05T10:40:45.364+0000] {logging_mixin.py:190} INFO - [2024-11-05T10:40:45.363+0000] {dag.py:4180} INFO - Setting next_dagrun for tutorial_dag to None, run_after=None
[2024-11-05T10:40:45.397+0000] {processor.py:208} INFO - Processing /home/airflow/.local/lib/python3.12/site-packages/airflow/example_dags/tutorial_dag.py took 0.091 seconds
[2024-11-05T10:41:15.681+0000] {processor.py:186} INFO - Started process (PID=598) to work on /home/airflow/.local/lib/python3.12/site-packages/airflow/example_dags/tutorial_dag.py
[2024-11-05T10:41:15.683+0000] {processor.py:914} INFO - Processing file /home/airflow/.local/lib/python3.12/site-packages/airflow/example_dags/tutorial_dag.py for tasks to queue
[2024-11-05T10:41:15.685+0000] {logging_mixin.py:190} INFO - [2024-11-05T10:41:15.685+0000] {dagbag.py:588} INFO - Filling up the DagBag from /home/airflow/.local/lib/python3.12/site-packages/airflow/example_dags/tutorial_dag.py
[2024-11-05T10:41:15.696+0000] {processor.py:925} INFO - DAG(s) 'tutorial_dag' retrieved from /home/airflow/.local/lib/python3.12/site-packages/airflow/example_dags/tutorial_dag.py
[2024-11-05T10:41:15.724+0000] {logging_mixin.py:190} INFO - [2024-11-05T10:41:15.724+0000] {dag.py:3239} INFO - Sync 1 DAGs
[2024-11-05T10:41:15.741+0000] {logging_mixin.py:190} INFO - [2024-11-05T10:41:15.740+0000] {dag.py:4180} INFO - Setting next_dagrun for tutorial_dag to None, run_after=None
[2024-11-05T10:41:15.763+0000] {processor.py:208} INFO - Processing /home/airflow/.local/lib/python3.12/site-packages/airflow/example_dags/tutorial_dag.py took 0.091 seconds
[2024-11-05T10:41:45.842+0000] {processor.py:186} INFO - Started process (PID=661) to work on /home/airflow/.local/lib/python3.12/site-packages/airflow/example_dags/tutorial_dag.py
[2024-11-05T10:41:45.843+0000] {processor.py:914} INFO - Processing file /home/airflow/.local/lib/python3.12/site-packages/airflow/example_dags/tutorial_dag.py for tasks to queue
[2024-11-05T10:41:45.845+0000] {logging_mixin.py:190} INFO - [2024-11-05T10:41:45.845+0000] {dagbag.py:588} INFO - Filling up the DagBag from /home/airflow/.local/lib/python3.12/site-packages/airflow/example_dags/tutorial_dag.py
[2024-11-05T10:41:45.855+0000] {processor.py:925} INFO - DAG(s) 'tutorial_dag' retrieved from /home/airflow/.local/lib/python3.12/site-packages/airflow/example_dags/tutorial_dag.py
[2024-11-05T10:41:45.893+0000] {logging_mixin.py:190} INFO - [2024-11-05T10:41:45.892+0000] {dag.py:3239} INFO - Sync 1 DAGs
[2024-11-05T10:41:45.918+0000] {logging_mixin.py:190} INFO - [2024-11-05T10:41:45.918+0000] {dag.py:4180} INFO - Setting next_dagrun for tutorial_dag to None, run_after=None
[2024-11-05T10:41:45.944+0000] {processor.py:208} INFO - Processing /home/airflow/.local/lib/python3.12/site-packages/airflow/example_dags/tutorial_dag.py took 0.108 seconds
[2024-11-05T10:42:16.581+0000] {processor.py:186} INFO - Started process (PID=724) to work on /home/airflow/.local/lib/python3.12/site-packages/airflow/example_dags/tutorial_dag.py
[2024-11-05T10:42:16.582+0000] {processor.py:914} INFO - Processing file /home/airflow/.local/lib/python3.12/site-packages/airflow/example_dags/tutorial_dag.py for tasks to queue
[2024-11-05T10:42:16.585+0000] {logging_mixin.py:190} INFO - [2024-11-05T10:42:16.584+0000] {dagbag.py:588} INFO - Filling up the DagBag from /home/airflow/.local/lib/python3.12/site-packages/airflow/example_dags/tutorial_dag.py
[2024-11-05T10:42:16.593+0000] {processor.py:925} INFO - DAG(s) 'tutorial_dag' retrieved from /home/airflow/.local/lib/python3.12/site-packages/airflow/example_dags/tutorial_dag.py
[2024-11-05T10:42:16.618+0000] {logging_mixin.py:190} INFO - [2024-11-05T10:42:16.618+0000] {dag.py:3239} INFO - Sync 1 DAGs
[2024-11-05T10:42:16.642+0000] {logging_mixin.py:190} INFO - [2024-11-05T10:42:16.641+0000] {dag.py:4180} INFO - Setting next_dagrun for tutorial_dag to None, run_after=None
[2024-11-05T10:42:16.674+0000] {processor.py:208} INFO - Processing /home/airflow/.local/lib/python3.12/site-packages/airflow/example_dags/tutorial_dag.py took 0.100 seconds
[2024-11-05T10:42:46.888+0000] {processor.py:186} INFO - Started process (PID=786) to work on /home/airflow/.local/lib/python3.12/site-packages/airflow/example_dags/tutorial_dag.py
[2024-11-05T10:42:46.888+0000] {processor.py:914} INFO - Processing file /home/airflow/.local/lib/python3.12/site-packages/airflow/example_dags/tutorial_dag.py for tasks to queue
[2024-11-05T10:42:46.891+0000] {logging_mixin.py:190} INFO - [2024-11-05T10:42:46.890+0000] {dagbag.py:588} INFO - Filling up the DagBag from /home/airflow/.local/lib/python3.12/site-packages/airflow/example_dags/tutorial_dag.py
[2024-11-05T10:42:46.899+0000] {processor.py:925} INFO - DAG(s) 'tutorial_dag' retrieved from /home/airflow/.local/lib/python3.12/site-packages/airflow/example_dags/tutorial_dag.py
[2024-11-05T10:42:46.926+0000] {logging_mixin.py:190} INFO - [2024-11-05T10:42:46.926+0000] {dag.py:3239} INFO - Sync 1 DAGs
[2024-11-05T10:42:46.943+0000] {logging_mixin.py:190} INFO - [2024-11-05T10:42:46.943+0000] {dag.py:4180} INFO - Setting next_dagrun for tutorial_dag to None, run_after=None
[2024-11-05T10:42:46.971+0000] {processor.py:208} INFO - Processing /home/airflow/.local/lib/python3.12/site-packages/airflow/example_dags/tutorial_dag.py took 0.089 seconds
[2024-11-05T10:43:17.914+0000] {processor.py:186} INFO - Started process (PID=849) to work on /home/airflow/.local/lib/python3.12/site-packages/airflow/example_dags/tutorial_dag.py
[2024-11-05T10:43:17.915+0000] {processor.py:914} INFO - Processing file /home/airflow/.local/lib/python3.12/site-packages/airflow/example_dags/tutorial_dag.py for tasks to queue
[2024-11-05T10:43:17.918+0000] {logging_mixin.py:190} INFO - [2024-11-05T10:43:17.917+0000] {dagbag.py:588} INFO - Filling up the DagBag from /home/airflow/.local/lib/python3.12/site-packages/airflow/example_dags/tutorial_dag.py
[2024-11-05T10:43:17.926+0000] {processor.py:925} INFO - DAG(s) 'tutorial_dag' retrieved from /home/airflow/.local/lib/python3.12/site-packages/airflow/example_dags/tutorial_dag.py
[2024-11-05T10:43:17.951+0000] {logging_mixin.py:190} INFO - [2024-11-05T10:43:17.950+0000] {dag.py:3239} INFO - Sync 1 DAGs
[2024-11-05T10:43:17.969+0000] {logging_mixin.py:190} INFO - [2024-11-05T10:43:17.969+0000] {dag.py:4180} INFO - Setting next_dagrun for tutorial_dag to None, run_after=None
[2024-11-05T10:43:17.994+0000] {processor.py:208} INFO - Processing /home/airflow/.local/lib/python3.12/site-packages/airflow/example_dags/tutorial_dag.py took 0.089 seconds
[2024-11-05T10:43:48.436+0000] {processor.py:186} INFO - Started process (PID=913) to work on /home/airflow/.local/lib/python3.12/site-packages/airflow/example_dags/tutorial_dag.py
[2024-11-05T10:43:48.438+0000] {processor.py:914} INFO - Processing file /home/airflow/.local/lib/python3.12/site-packages/airflow/example_dags/tutorial_dag.py for tasks to queue
[2024-11-05T10:43:48.441+0000] {logging_mixin.py:190} INFO - [2024-11-05T10:43:48.441+0000] {dagbag.py:588} INFO - Filling up the DagBag from /home/airflow/.local/lib/python3.12/site-packages/airflow/example_dags/tutorial_dag.py
[2024-11-05T10:43:48.452+0000] {processor.py:925} INFO - DAG(s) 'tutorial_dag' retrieved from /home/airflow/.local/lib/python3.12/site-packages/airflow/example_dags/tutorial_dag.py
[2024-11-05T10:43:48.486+0000] {logging_mixin.py:190} INFO - [2024-11-05T10:43:48.486+0000] {dag.py:3239} INFO - Sync 1 DAGs
[2024-11-05T10:43:48.512+0000] {logging_mixin.py:190} INFO - [2024-11-05T10:43:48.512+0000] {dag.py:4180} INFO - Setting next_dagrun for tutorial_dag to None, run_after=None
[2024-11-05T10:43:48.593+0000] {processor.py:208} INFO - Processing /home/airflow/.local/lib/python3.12/site-packages/airflow/example_dags/tutorial_dag.py took 0.166 seconds
[2024-11-05T10:44:18.776+0000] {processor.py:186} INFO - Started process (PID=977) to work on /home/airflow/.local/lib/python3.12/site-packages/airflow/example_dags/tutorial_dag.py
[2024-11-05T10:44:18.777+0000] {processor.py:914} INFO - Processing file /home/airflow/.local/lib/python3.12/site-packages/airflow/example_dags/tutorial_dag.py for tasks to queue
[2024-11-05T10:44:18.779+0000] {logging_mixin.py:190} INFO - [2024-11-05T10:44:18.779+0000] {dagbag.py:588} INFO - Filling up the DagBag from /home/airflow/.local/lib/python3.12/site-packages/airflow/example_dags/tutorial_dag.py
[2024-11-05T10:44:18.788+0000] {processor.py:925} INFO - DAG(s) 'tutorial_dag' retrieved from /home/airflow/.local/lib/python3.12/site-packages/airflow/example_dags/tutorial_dag.py
[2024-11-05T10:44:18.808+0000] {logging_mixin.py:190} INFO - [2024-11-05T10:44:18.808+0000] {dag.py:3239} INFO - Sync 1 DAGs
[2024-11-05T10:44:18.823+0000] {logging_mixin.py:190} INFO - [2024-11-05T10:44:18.823+0000] {dag.py:4180} INFO - Setting next_dagrun for tutorial_dag to None, run_after=None
[2024-11-05T10:44:18.844+0000] {processor.py:208} INFO - Processing /home/airflow/.local/lib/python3.12/site-packages/airflow/example_dags/tutorial_dag.py took 0.074 seconds
[2024-11-05T10:44:49.261+0000] {processor.py:186} INFO - Started process (PID=1040) to work on /home/airflow/.local/lib/python3.12/site-packages/airflow/example_dags/tutorial_dag.py
[2024-11-05T10:44:49.262+0000] {processor.py:914} INFO - Processing file /home/airflow/.local/lib/python3.12/site-packages/airflow/example_dags/tutorial_dag.py for tasks to queue
[2024-11-05T10:44:49.264+0000] {logging_mixin.py:190} INFO - [2024-11-05T10:44:49.264+0000] {dagbag.py:588} INFO - Filling up the DagBag from /home/airflow/.local/lib/python3.12/site-packages/airflow/example_dags/tutorial_dag.py
[2024-11-05T10:44:49.272+0000] {processor.py:925} INFO - DAG(s) 'tutorial_dag' retrieved from /home/airflow/.local/lib/python3.12/site-packages/airflow/example_dags/tutorial_dag.py
[2024-11-05T10:44:49.296+0000] {logging_mixin.py:190} INFO - [2024-11-05T10:44:49.296+0000] {dag.py:3239} INFO - Sync 1 DAGs
[2024-11-05T10:44:49.317+0000] {logging_mixin.py:190} INFO - [2024-11-05T10:44:49.317+0000] {dag.py:4180} INFO - Setting next_dagrun for tutorial_dag to None, run_after=None
[2024-11-05T10:44:49.344+0000] {processor.py:208} INFO - Processing /home/airflow/.local/lib/python3.12/site-packages/airflow/example_dags/tutorial_dag.py took 0.089 seconds
[2024-11-05T10:45:19.455+0000] {processor.py:186} INFO - Started process (PID=1103) to work on /home/airflow/.local/lib/python3.12/site-packages/airflow/example_dags/tutorial_dag.py
[2024-11-05T10:45:19.456+0000] {processor.py:914} INFO - Processing file /home/airflow/.local/lib/python3.12/site-packages/airflow/example_dags/tutorial_dag.py for tasks to queue
[2024-11-05T10:45:19.459+0000] {logging_mixin.py:190} INFO - [2024-11-05T10:45:19.458+0000] {dagbag.py:588} INFO - Filling up the DagBag from /home/airflow/.local/lib/python3.12/site-packages/airflow/example_dags/tutorial_dag.py
[2024-11-05T10:45:19.470+0000] {processor.py:925} INFO - DAG(s) 'tutorial_dag' retrieved from /home/airflow/.local/lib/python3.12/site-packages/airflow/example_dags/tutorial_dag.py
[2024-11-05T10:45:19.498+0000] {logging_mixin.py:190} INFO - [2024-11-05T10:45:19.498+0000] {dag.py:3239} INFO - Sync 1 DAGs
[2024-11-05T10:45:19.516+0000] {logging_mixin.py:190} INFO - [2024-11-05T10:45:19.516+0000] {dag.py:4180} INFO - Setting next_dagrun for tutorial_dag to None, run_after=None
[2024-11-05T10:45:19.545+0000] {processor.py:208} INFO - Processing /home/airflow/.local/lib/python3.12/site-packages/airflow/example_dags/tutorial_dag.py took 0.097 seconds
[2024-11-05T10:45:49.886+0000] {processor.py:186} INFO - Started process (PID=1166) to work on /home/airflow/.local/lib/python3.12/site-packages/airflow/example_dags/tutorial_dag.py
[2024-11-05T10:45:49.887+0000] {processor.py:914} INFO - Processing file /home/airflow/.local/lib/python3.12/site-packages/airflow/example_dags/tutorial_dag.py for tasks to queue
[2024-11-05T10:45:49.890+0000] {logging_mixin.py:190} INFO - [2024-11-05T10:45:49.889+0000] {dagbag.py:588} INFO - Filling up the DagBag from /home/airflow/.local/lib/python3.12/site-packages/airflow/example_dags/tutorial_dag.py
[2024-11-05T10:45:49.897+0000] {processor.py:925} INFO - DAG(s) 'tutorial_dag' retrieved from /home/airflow/.local/lib/python3.12/site-packages/airflow/example_dags/tutorial_dag.py
[2024-11-05T10:45:49.924+0000] {logging_mixin.py:190} INFO - [2024-11-05T10:45:49.923+0000] {dag.py:3239} INFO - Sync 1 DAGs
[2024-11-05T10:45:49.944+0000] {logging_mixin.py:190} INFO - [2024-11-05T10:45:49.944+0000] {dag.py:4180} INFO - Setting next_dagrun for tutorial_dag to None, run_after=None
[2024-11-05T10:45:49.970+0000] {processor.py:208} INFO - Processing /home/airflow/.local/lib/python3.12/site-packages/airflow/example_dags/tutorial_dag.py took 0.089 seconds
[2024-11-05T10:46:20.387+0000] {processor.py:186} INFO - Started process (PID=1229) to work on /home/airflow/.local/lib/python3.12/site-packages/airflow/example_dags/tutorial_dag.py
[2024-11-05T10:46:20.388+0000] {processor.py:914} INFO - Processing file /home/airflow/.local/lib/python3.12/site-packages/airflow/example_dags/tutorial_dag.py for tasks to queue
[2024-11-05T10:46:20.392+0000] {logging_mixin.py:190} INFO - [2024-11-05T10:46:20.391+0000] {dagbag.py:588} INFO - Filling up the DagBag from /home/airflow/.local/lib/python3.12/site-packages/airflow/example_dags/tutorial_dag.py
[2024-11-05T10:46:20.404+0000] {processor.py:925} INFO - DAG(s) 'tutorial_dag' retrieved from /home/airflow/.local/lib/python3.12/site-packages/airflow/example_dags/tutorial_dag.py
[2024-11-05T10:46:20.437+0000] {logging_mixin.py:190} INFO - [2024-11-05T10:46:20.437+0000] {dag.py:3239} INFO - Sync 1 DAGs
[2024-11-05T10:46:20.473+0000] {logging_mixin.py:190} INFO - [2024-11-05T10:46:20.472+0000] {dag.py:4180} INFO - Setting next_dagrun for tutorial_dag to None, run_after=None
[2024-11-05T10:46:20.516+0000] {processor.py:208} INFO - Processing /home/airflow/.local/lib/python3.12/site-packages/airflow/example_dags/tutorial_dag.py took 0.140 seconds
[2024-11-05T10:46:50.826+0000] {processor.py:186} INFO - Started process (PID=1291) to work on /home/airflow/.local/lib/python3.12/site-packages/airflow/example_dags/tutorial_dag.py
[2024-11-05T10:46:50.827+0000] {processor.py:914} INFO - Processing file /home/airflow/.local/lib/python3.12/site-packages/airflow/example_dags/tutorial_dag.py for tasks to queue
[2024-11-05T10:46:50.829+0000] {logging_mixin.py:190} INFO - [2024-11-05T10:46:50.829+0000] {dagbag.py:588} INFO - Filling up the DagBag from /home/airflow/.local/lib/python3.12/site-packages/airflow/example_dags/tutorial_dag.py
[2024-11-05T10:46:50.838+0000] {processor.py:925} INFO - DAG(s) 'tutorial_dag' retrieved from /home/airflow/.local/lib/python3.12/site-packages/airflow/example_dags/tutorial_dag.py
[2024-11-05T10:46:50.861+0000] {logging_mixin.py:190} INFO - [2024-11-05T10:46:50.860+0000] {dag.py:3239} INFO - Sync 1 DAGs
[2024-11-05T10:46:50.886+0000] {logging_mixin.py:190} INFO - [2024-11-05T10:46:50.886+0000] {dag.py:4180} INFO - Setting next_dagrun for tutorial_dag to None, run_after=None
[2024-11-05T10:46:50.914+0000] {processor.py:208} INFO - Processing /home/airflow/.local/lib/python3.12/site-packages/airflow/example_dags/tutorial_dag.py took 0.094 seconds
[2024-11-05T10:47:22.583+0000] {processor.py:186} INFO - Started process (PID=1354) to work on /home/airflow/.local/lib/python3.12/site-packages/airflow/example_dags/tutorial_dag.py
[2024-11-05T10:47:22.587+0000] {processor.py:914} INFO - Processing file /home/airflow/.local/lib/python3.12/site-packages/airflow/example_dags/tutorial_dag.py for tasks to queue
[2024-11-05T10:47:22.591+0000] {logging_mixin.py:190} INFO - [2024-11-05T10:47:22.589+0000] {dagbag.py:588} INFO - Filling up the DagBag from /home/airflow/.local/lib/python3.12/site-packages/airflow/example_dags/tutorial_dag.py
[2024-11-05T10:47:22.608+0000] {processor.py:925} INFO - DAG(s) 'tutorial_dag' retrieved from /home/airflow/.local/lib/python3.12/site-packages/airflow/example_dags/tutorial_dag.py
[2024-11-05T10:47:22.647+0000] {logging_mixin.py:190} INFO - [2024-11-05T10:47:22.647+0000] {dag.py:3239} INFO - Sync 1 DAGs
[2024-11-05T10:47:22.678+0000] {logging_mixin.py:190} INFO - [2024-11-05T10:47:22.677+0000] {dag.py:4180} INFO - Setting next_dagrun for tutorial_dag to None, run_after=None
[2024-11-05T10:47:22.707+0000] {processor.py:208} INFO - Processing /home/airflow/.local/lib/python3.12/site-packages/airflow/example_dags/tutorial_dag.py took 0.135 seconds
[2024-11-05T10:47:52.961+0000] {processor.py:186} INFO - Started process (PID=1417) to work on /home/airflow/.local/lib/python3.12/site-packages/airflow/example_dags/tutorial_dag.py
[2024-11-05T10:47:52.962+0000] {processor.py:914} INFO - Processing file /home/airflow/.local/lib/python3.12/site-packages/airflow/example_dags/tutorial_dag.py for tasks to queue
[2024-11-05T10:47:52.964+0000] {logging_mixin.py:190} INFO - [2024-11-05T10:47:52.964+0000] {dagbag.py:588} INFO - Filling up the DagBag from /home/airflow/.local/lib/python3.12/site-packages/airflow/example_dags/tutorial_dag.py
[2024-11-05T10:47:52.972+0000] {processor.py:925} INFO - DAG(s) 'tutorial_dag' retrieved from /home/airflow/.local/lib/python3.12/site-packages/airflow/example_dags/tutorial_dag.py
[2024-11-05T10:47:52.991+0000] {logging_mixin.py:190} INFO - [2024-11-05T10:47:52.990+0000] {dag.py:3239} INFO - Sync 1 DAGs
[2024-11-05T10:47:53.005+0000] {logging_mixin.py:190} INFO - [2024-11-05T10:47:53.005+0000] {dag.py:4180} INFO - Setting next_dagrun for tutorial_dag to None, run_after=None
[2024-11-05T10:47:53.024+0000] {processor.py:208} INFO - Processing /home/airflow/.local/lib/python3.12/site-packages/airflow/example_dags/tutorial_dag.py took 0.070 seconds
[2024-11-05T10:48:24.556+0000] {processor.py:186} INFO - Started process (PID=1479) to work on /home/airflow/.local/lib/python3.12/site-packages/airflow/example_dags/tutorial_dag.py
[2024-11-05T10:48:24.557+0000] {processor.py:914} INFO - Processing file /home/airflow/.local/lib/python3.12/site-packages/airflow/example_dags/tutorial_dag.py for tasks to queue
[2024-11-05T10:48:24.561+0000] {logging_mixin.py:190} INFO - [2024-11-05T10:48:24.560+0000] {dagbag.py:588} INFO - Filling up the DagBag from /home/airflow/.local/lib/python3.12/site-packages/airflow/example_dags/tutorial_dag.py
[2024-11-05T10:48:24.572+0000] {processor.py:925} INFO - DAG(s) 'tutorial_dag' retrieved from /home/airflow/.local/lib/python3.12/site-packages/airflow/example_dags/tutorial_dag.py
[2024-11-05T10:48:24.602+0000] {logging_mixin.py:190} INFO - [2024-11-05T10:48:24.601+0000] {dag.py:3239} INFO - Sync 1 DAGs
[2024-11-05T10:48:24.627+0000] {logging_mixin.py:190} INFO - [2024-11-05T10:48:24.627+0000] {dag.py:4180} INFO - Setting next_dagrun for tutorial_dag to None, run_after=None
[2024-11-05T10:48:24.660+0000] {processor.py:208} INFO - Processing /home/airflow/.local/lib/python3.12/site-packages/airflow/example_dags/tutorial_dag.py took 0.115 seconds
[2024-11-05T10:48:55.148+0000] {processor.py:186} INFO - Started process (PID=1542) to work on /home/airflow/.local/lib/python3.12/site-packages/airflow/example_dags/tutorial_dag.py
[2024-11-05T10:48:55.149+0000] {processor.py:914} INFO - Processing file /home/airflow/.local/lib/python3.12/site-packages/airflow/example_dags/tutorial_dag.py for tasks to queue
[2024-11-05T10:48:55.153+0000] {logging_mixin.py:190} INFO - [2024-11-05T10:48:55.152+0000] {dagbag.py:588} INFO - Filling up the DagBag from /home/airflow/.local/lib/python3.12/site-packages/airflow/example_dags/tutorial_dag.py
[2024-11-05T10:48:55.163+0000] {processor.py:925} INFO - DAG(s) 'tutorial_dag' retrieved from /home/airflow/.local/lib/python3.12/site-packages/airflow/example_dags/tutorial_dag.py
[2024-11-05T10:48:55.187+0000] {logging_mixin.py:190} INFO - [2024-11-05T10:48:55.187+0000] {dag.py:3239} INFO - Sync 1 DAGs
[2024-11-05T10:48:55.208+0000] {logging_mixin.py:190} INFO - [2024-11-05T10:48:55.207+0000] {dag.py:4180} INFO - Setting next_dagrun for tutorial_dag to None, run_after=None
[2024-11-05T10:48:55.232+0000] {processor.py:208} INFO - Processing /home/airflow/.local/lib/python3.12/site-packages/airflow/example_dags/tutorial_dag.py took 0.093 seconds
[2024-11-05T10:49:26.296+0000] {processor.py:186} INFO - Started process (PID=1604) to work on /home/airflow/.local/lib/python3.12/site-packages/airflow/example_dags/tutorial_dag.py
[2024-11-05T10:49:26.298+0000] {processor.py:914} INFO - Processing file /home/airflow/.local/lib/python3.12/site-packages/airflow/example_dags/tutorial_dag.py for tasks to queue
[2024-11-05T10:49:26.302+0000] {logging_mixin.py:190} INFO - [2024-11-05T10:49:26.302+0000] {dagbag.py:588} INFO - Filling up the DagBag from /home/airflow/.local/lib/python3.12/site-packages/airflow/example_dags/tutorial_dag.py
[2024-11-05T10:49:26.324+0000] {processor.py:925} INFO - DAG(s) 'tutorial_dag' retrieved from /home/airflow/.local/lib/python3.12/site-packages/airflow/example_dags/tutorial_dag.py
[2024-11-05T10:49:26.362+0000] {logging_mixin.py:190} INFO - [2024-11-05T10:49:26.362+0000] {dag.py:3239} INFO - Sync 1 DAGs
[2024-11-05T10:49:26.394+0000] {logging_mixin.py:190} INFO - [2024-11-05T10:49:26.393+0000] {dag.py:4180} INFO - Setting next_dagrun for tutorial_dag to None, run_after=None
[2024-11-05T10:49:26.421+0000] {processor.py:208} INFO - Processing /home/airflow/.local/lib/python3.12/site-packages/airflow/example_dags/tutorial_dag.py took 0.134 seconds
[2024-11-05T10:49:56.606+0000] {processor.py:186} INFO - Started process (PID=1667) to work on /home/airflow/.local/lib/python3.12/site-packages/airflow/example_dags/tutorial_dag.py
[2024-11-05T10:49:56.607+0000] {processor.py:914} INFO - Processing file /home/airflow/.local/lib/python3.12/site-packages/airflow/example_dags/tutorial_dag.py for tasks to queue
[2024-11-05T10:49:56.609+0000] {logging_mixin.py:190} INFO - [2024-11-05T10:49:56.609+0000] {dagbag.py:588} INFO - Filling up the DagBag from /home/airflow/.local/lib/python3.12/site-packages/airflow/example_dags/tutorial_dag.py
[2024-11-05T10:49:56.616+0000] {processor.py:925} INFO - DAG(s) 'tutorial_dag' retrieved from /home/airflow/.local/lib/python3.12/site-packages/airflow/example_dags/tutorial_dag.py
[2024-11-05T10:49:56.636+0000] {logging_mixin.py:190} INFO - [2024-11-05T10:49:56.636+0000] {dag.py:3239} INFO - Sync 1 DAGs
[2024-11-05T10:49:56.651+0000] {logging_mixin.py:190} INFO - [2024-11-05T10:49:56.651+0000] {dag.py:4180} INFO - Setting next_dagrun for tutorial_dag to None, run_after=None
[2024-11-05T10:49:56.672+0000] {processor.py:208} INFO - Processing /home/airflow/.local/lib/python3.12/site-packages/airflow/example_dags/tutorial_dag.py took 0.073 seconds
[2024-11-05T10:50:27.778+0000] {processor.py:186} INFO - Started process (PID=1730) to work on /home/airflow/.local/lib/python3.12/site-packages/airflow/example_dags/tutorial_dag.py
[2024-11-05T10:50:27.780+0000] {processor.py:914} INFO - Processing file /home/airflow/.local/lib/python3.12/site-packages/airflow/example_dags/tutorial_dag.py for tasks to queue
[2024-11-05T10:50:27.783+0000] {logging_mixin.py:190} INFO - [2024-11-05T10:50:27.783+0000] {dagbag.py:588} INFO - Filling up the DagBag from /home/airflow/.local/lib/python3.12/site-packages/airflow/example_dags/tutorial_dag.py
[2024-11-05T10:50:27.799+0000] {processor.py:925} INFO - DAG(s) 'tutorial_dag' retrieved from /home/airflow/.local/lib/python3.12/site-packages/airflow/example_dags/tutorial_dag.py
[2024-11-05T10:50:27.834+0000] {logging_mixin.py:190} INFO - [2024-11-05T10:50:27.833+0000] {dag.py:3239} INFO - Sync 1 DAGs
[2024-11-05T10:50:27.866+0000] {logging_mixin.py:190} INFO - [2024-11-05T10:50:27.865+0000] {dag.py:4180} INFO - Setting next_dagrun for tutorial_dag to None, run_after=None
[2024-11-05T10:50:27.899+0000] {processor.py:208} INFO - Processing /home/airflow/.local/lib/python3.12/site-packages/airflow/example_dags/tutorial_dag.py took 0.130 seconds
[2024-11-05T10:50:58.759+0000] {processor.py:186} INFO - Started process (PID=1792) to work on /home/airflow/.local/lib/python3.12/site-packages/airflow/example_dags/tutorial_dag.py
[2024-11-05T10:50:58.760+0000] {processor.py:914} INFO - Processing file /home/airflow/.local/lib/python3.12/site-packages/airflow/example_dags/tutorial_dag.py for tasks to queue
[2024-11-05T10:50:58.762+0000] {logging_mixin.py:190} INFO - [2024-11-05T10:50:58.762+0000] {dagbag.py:588} INFO - Filling up the DagBag from /home/airflow/.local/lib/python3.12/site-packages/airflow/example_dags/tutorial_dag.py
[2024-11-05T10:50:58.770+0000] {processor.py:925} INFO - DAG(s) 'tutorial_dag' retrieved from /home/airflow/.local/lib/python3.12/site-packages/airflow/example_dags/tutorial_dag.py
[2024-11-05T10:50:58.793+0000] {logging_mixin.py:190} INFO - [2024-11-05T10:50:58.792+0000] {dag.py:3239} INFO - Sync 1 DAGs
[2024-11-05T10:50:58.811+0000] {logging_mixin.py:190} INFO - [2024-11-05T10:50:58.810+0000] {dag.py:4180} INFO - Setting next_dagrun for tutorial_dag to None, run_after=None
[2024-11-05T10:50:58.834+0000] {processor.py:208} INFO - Processing /home/airflow/.local/lib/python3.12/site-packages/airflow/example_dags/tutorial_dag.py took 0.081 seconds
[2024-11-05T10:51:28.931+0000] {processor.py:186} INFO - Started process (PID=1854) to work on /home/airflow/.local/lib/python3.12/site-packages/airflow/example_dags/tutorial_dag.py
[2024-11-05T10:51:28.932+0000] {processor.py:914} INFO - Processing file /home/airflow/.local/lib/python3.12/site-packages/airflow/example_dags/tutorial_dag.py for tasks to queue
[2024-11-05T10:51:28.935+0000] {logging_mixin.py:190} INFO - [2024-11-05T10:51:28.935+0000] {dagbag.py:588} INFO - Filling up the DagBag from /home/airflow/.local/lib/python3.12/site-packages/airflow/example_dags/tutorial_dag.py
[2024-11-05T10:51:28.946+0000] {processor.py:925} INFO - DAG(s) 'tutorial_dag' retrieved from /home/airflow/.local/lib/python3.12/site-packages/airflow/example_dags/tutorial_dag.py
[2024-11-05T10:51:28.976+0000] {logging_mixin.py:190} INFO - [2024-11-05T10:51:28.976+0000] {dag.py:3239} INFO - Sync 1 DAGs
[2024-11-05T10:51:29.001+0000] {logging_mixin.py:190} INFO - [2024-11-05T10:51:29.001+0000] {dag.py:4180} INFO - Setting next_dagrun for tutorial_dag to None, run_after=None
[2024-11-05T10:51:29.032+0000] {processor.py:208} INFO - Processing /home/airflow/.local/lib/python3.12/site-packages/airflow/example_dags/tutorial_dag.py took 0.110 seconds
[2024-11-05T10:51:59.911+0000] {processor.py:186} INFO - Started process (PID=1917) to work on /home/airflow/.local/lib/python3.12/site-packages/airflow/example_dags/tutorial_dag.py
[2024-11-05T10:51:59.913+0000] {processor.py:914} INFO - Processing file /home/airflow/.local/lib/python3.12/site-packages/airflow/example_dags/tutorial_dag.py for tasks to queue
[2024-11-05T10:51:59.923+0000] {logging_mixin.py:190} INFO - [2024-11-05T10:51:59.922+0000] {dagbag.py:588} INFO - Filling up the DagBag from /home/airflow/.local/lib/python3.12/site-packages/airflow/example_dags/tutorial_dag.py
[2024-11-05T10:51:59.937+0000] {processor.py:925} INFO - DAG(s) 'tutorial_dag' retrieved from /home/airflow/.local/lib/python3.12/site-packages/airflow/example_dags/tutorial_dag.py
[2024-11-05T10:52:00.052+0000] {logging_mixin.py:190} INFO - [2024-11-05T10:52:00.048+0000] {dag.py:3239} INFO - Sync 1 DAGs
[2024-11-05T10:52:00.148+0000] {logging_mixin.py:190} INFO - [2024-11-05T10:52:00.147+0000] {dag.py:4180} INFO - Setting next_dagrun for tutorial_dag to None, run_after=None
[2024-11-05T10:52:00.207+0000] {processor.py:208} INFO - Processing /home/airflow/.local/lib/python3.12/site-packages/airflow/example_dags/tutorial_dag.py took 0.304 seconds
[2024-11-05T10:52:30.670+0000] {processor.py:186} INFO - Started process (PID=1987) to work on /home/airflow/.local/lib/python3.12/site-packages/airflow/example_dags/tutorial_dag.py
[2024-11-05T10:52:30.671+0000] {processor.py:914} INFO - Processing file /home/airflow/.local/lib/python3.12/site-packages/airflow/example_dags/tutorial_dag.py for tasks to queue
[2024-11-05T10:52:30.675+0000] {logging_mixin.py:190} INFO - [2024-11-05T10:52:30.674+0000] {dagbag.py:588} INFO - Filling up the DagBag from /home/airflow/.local/lib/python3.12/site-packages/airflow/example_dags/tutorial_dag.py
[2024-11-05T10:52:30.688+0000] {processor.py:925} INFO - DAG(s) 'tutorial_dag' retrieved from /home/airflow/.local/lib/python3.12/site-packages/airflow/example_dags/tutorial_dag.py
[2024-11-05T10:52:30.730+0000] {logging_mixin.py:190} INFO - [2024-11-05T10:52:30.730+0000] {dag.py:3239} INFO - Sync 1 DAGs
[2024-11-05T10:52:30.764+0000] {logging_mixin.py:190} INFO - [2024-11-05T10:52:30.764+0000] {dag.py:4180} INFO - Setting next_dagrun for tutorial_dag to None, run_after=None
[2024-11-05T10:52:30.799+0000] {processor.py:208} INFO - Processing /home/airflow/.local/lib/python3.12/site-packages/airflow/example_dags/tutorial_dag.py took 0.138 seconds
[2024-11-05T10:53:00.965+0000] {processor.py:186} INFO - Started process (PID=2050) to work on /home/airflow/.local/lib/python3.12/site-packages/airflow/example_dags/tutorial_dag.py
[2024-11-05T10:53:00.967+0000] {processor.py:914} INFO - Processing file /home/airflow/.local/lib/python3.12/site-packages/airflow/example_dags/tutorial_dag.py for tasks to queue
[2024-11-05T10:53:00.971+0000] {logging_mixin.py:190} INFO - [2024-11-05T10:53:00.971+0000] {dagbag.py:588} INFO - Filling up the DagBag from /home/airflow/.local/lib/python3.12/site-packages/airflow/example_dags/tutorial_dag.py
[2024-11-05T10:53:00.987+0000] {processor.py:925} INFO - DAG(s) 'tutorial_dag' retrieved from /home/airflow/.local/lib/python3.12/site-packages/airflow/example_dags/tutorial_dag.py
[2024-11-05T10:53:01.029+0000] {logging_mixin.py:190} INFO - [2024-11-05T10:53:01.029+0000] {dag.py:3239} INFO - Sync 1 DAGs
[2024-11-05T10:53:01.058+0000] {logging_mixin.py:190} INFO - [2024-11-05T10:53:01.057+0000] {dag.py:4180} INFO - Setting next_dagrun for tutorial_dag to None, run_after=None
[2024-11-05T10:53:01.088+0000] {processor.py:208} INFO - Processing /home/airflow/.local/lib/python3.12/site-packages/airflow/example_dags/tutorial_dag.py took 0.134 seconds
[2024-11-05T10:53:31.909+0000] {processor.py:186} INFO - Started process (PID=2113) to work on /home/airflow/.local/lib/python3.12/site-packages/airflow/example_dags/tutorial_dag.py
[2024-11-05T10:53:31.910+0000] {processor.py:914} INFO - Processing file /home/airflow/.local/lib/python3.12/site-packages/airflow/example_dags/tutorial_dag.py for tasks to queue
[2024-11-05T10:53:31.912+0000] {logging_mixin.py:190} INFO - [2024-11-05T10:53:31.912+0000] {dagbag.py:588} INFO - Filling up the DagBag from /home/airflow/.local/lib/python3.12/site-packages/airflow/example_dags/tutorial_dag.py
[2024-11-05T10:53:31.923+0000] {processor.py:925} INFO - DAG(s) 'tutorial_dag' retrieved from /home/airflow/.local/lib/python3.12/site-packages/airflow/example_dags/tutorial_dag.py
[2024-11-05T10:53:31.956+0000] {logging_mixin.py:190} INFO - [2024-11-05T10:53:31.956+0000] {dag.py:3239} INFO - Sync 1 DAGs
[2024-11-05T10:53:31.983+0000] {logging_mixin.py:190} INFO - [2024-11-05T10:53:31.983+0000] {dag.py:4180} INFO - Setting next_dagrun for tutorial_dag to None, run_after=None
[2024-11-05T10:53:32.006+0000] {processor.py:208} INFO - Processing /home/airflow/.local/lib/python3.12/site-packages/airflow/example_dags/tutorial_dag.py took 0.105 seconds
[2024-11-05T10:54:02.181+0000] {processor.py:186} INFO - Started process (PID=2176) to work on /home/airflow/.local/lib/python3.12/site-packages/airflow/example_dags/tutorial_dag.py
[2024-11-05T10:54:02.182+0000] {processor.py:914} INFO - Processing file /home/airflow/.local/lib/python3.12/site-packages/airflow/example_dags/tutorial_dag.py for tasks to queue
[2024-11-05T10:54:02.185+0000] {logging_mixin.py:190} INFO - [2024-11-05T10:54:02.184+0000] {dagbag.py:588} INFO - Filling up the DagBag from /home/airflow/.local/lib/python3.12/site-packages/airflow/example_dags/tutorial_dag.py
[2024-11-05T10:54:02.193+0000] {processor.py:925} INFO - DAG(s) 'tutorial_dag' retrieved from /home/airflow/.local/lib/python3.12/site-packages/airflow/example_dags/tutorial_dag.py
[2024-11-05T10:54:02.225+0000] {logging_mixin.py:190} INFO - [2024-11-05T10:54:02.225+0000] {dag.py:3239} INFO - Sync 1 DAGs
[2024-11-05T10:54:02.245+0000] {logging_mixin.py:190} INFO - [2024-11-05T10:54:02.245+0000] {dag.py:4180} INFO - Setting next_dagrun for tutorial_dag to None, run_after=None
[2024-11-05T10:54:02.274+0000] {processor.py:208} INFO - Processing /home/airflow/.local/lib/python3.12/site-packages/airflow/example_dags/tutorial_dag.py took 0.100 seconds
