[2024-11-06T12:24:17.114+0000] {local_task_job_runner.py:123} INFO - ::group::Pre task execution logs
[2024-11-06T12:24:17.136+0000] {taskinstance.py:2612} INFO - Dependencies all met for dep_context=non-requeueable deps ti=<TaskInstance: dbt_project_with_ge_dag.dbt_deps manual__2024-11-06T12:22:14.741260+00:00 [queued]>
[2024-11-06T12:24:17.147+0000] {taskinstance.py:2612} INFO - Dependencies all met for dep_context=requeueable deps ti=<TaskInstance: dbt_project_with_ge_dag.dbt_deps manual__2024-11-06T12:22:14.741260+00:00 [queued]>
[2024-11-06T12:24:17.147+0000] {taskinstance.py:2865} INFO - Starting attempt 1 of 3
[2024-11-06T12:24:17.164+0000] {taskinstance.py:2888} INFO - Executing <Task(BashOperator): dbt_deps> on 2024-11-06 12:22:14.741260+00:00
[2024-11-06T12:24:17.175+0000] {warnings.py:112} WARNING - /home/***/.local/lib/python3.12/site-packages/***/task/task_runner/standard_task_runner.py:70: DeprecationWarning: This process (pid=2450) is multi-threaded, use of fork() may lead to deadlocks in the child.
  pid = os.fork()

[2024-11-06T12:24:17.177+0000] {standard_task_runner.py:72} INFO - Started process 2451 to run task
[2024-11-06T12:24:17.178+0000] {standard_task_runner.py:104} INFO - Running: ['***', 'tasks', 'run', 'dbt_project_with_ge_dag', 'dbt_deps', 'manual__2024-11-06T12:22:14.741260+00:00', '--job-id', '186', '--raw', '--subdir', 'DAGS_FOLDER/dbt_project_dag.py', '--cfg-path', '/tmp/tmpahmemc1w']
[2024-11-06T12:24:17.179+0000] {standard_task_runner.py:105} INFO - Job 186: Subtask dbt_deps
[2024-11-06T12:24:17.232+0000] {task_command.py:467} INFO - Running <TaskInstance: dbt_project_with_ge_dag.dbt_deps manual__2024-11-06T12:22:14.741260+00:00 [running]> on host 9ecf534049e3
[2024-11-06T12:24:17.339+0000] {taskinstance.py:3131} INFO - Exporting env vars: AIRFLOW_CTX_DAG_OWNER='***' AIRFLOW_CTX_DAG_ID='dbt_project_with_ge_dag' AIRFLOW_CTX_TASK_ID='dbt_deps' AIRFLOW_CTX_EXECUTION_DATE='2024-11-06T12:22:14.741260+00:00' AIRFLOW_CTX_TRY_NUMBER='1' AIRFLOW_CTX_DAG_RUN_ID='manual__2024-11-06T12:22:14.741260+00:00'
[2024-11-06T12:24:17.340+0000] {taskinstance.py:731} INFO - ::endgroup::
[2024-11-06T12:24:17.358+0000] {subprocess.py:63} INFO - Tmp dir root location: /tmp
[2024-11-06T12:24:17.359+0000] {subprocess.py:75} INFO - Running command: ['/usr/bin/bash', '-c', 'cd /opt/dbt && dbt deps']
[2024-11-06T12:24:17.375+0000] {subprocess.py:86} INFO - Output:
[2024-11-06T12:24:20.669+0000] {subprocess.py:93} INFO - [0m12:24:20  Running with dbt=1.8.2
[2024-11-06T12:24:21.371+0000] {subprocess.py:93} INFO - [0m12:24:21  Installing dbt-labs/dbt_utils
[2024-11-06T12:24:21.900+0000] {subprocess.py:93} INFO - [0m12:24:21  Installed from version 1.0.0
[2024-11-06T12:24:21.901+0000] {subprocess.py:93} INFO - [0m12:24:21  Updated version available: 1.3.0
[2024-11-06T12:24:21.902+0000] {subprocess.py:93} INFO - [0m12:24:21
[2024-11-06T12:24:21.904+0000] {subprocess.py:93} INFO - [0m12:24:21  Updates available for packages: ['dbt-labs/dbt_utils']
[2024-11-06T12:24:21.905+0000] {subprocess.py:93} INFO - Update your versions in packages.yml, then run dbt deps
[2024-11-06T12:24:22.981+0000] {subprocess.py:97} INFO - Command exited with return code 0
[2024-11-06T12:24:23.018+0000] {taskinstance.py:340} INFO - ::group::Post task execution logs
[2024-11-06T12:24:23.018+0000] {taskinstance.py:352} INFO - Marking task as SUCCESS. dag_id=dbt_project_with_ge_dag, task_id=dbt_deps, run_id=manual__2024-11-06T12:22:14.741260+00:00, execution_date=20241106T122214, start_date=20241106T122417, end_date=20241106T122423
[2024-11-06T12:24:23.058+0000] {local_task_job_runner.py:266} INFO - Task exited with return code 0
[2024-11-06T12:24:23.089+0000] {taskinstance.py:3900} INFO - 1 downstream tasks scheduled from follow-on schedule check
[2024-11-06T12:24:23.091+0000] {local_task_job_runner.py:245} INFO - ::endgroup::
