[2024-11-07T11:30:09.584+0000] {local_task_job_runner.py:123} INFO - ::group::Pre task execution logs
[2024-11-07T11:30:09.605+0000] {taskinstance.py:2612} INFO - Dependencies all met for dep_context=non-requeueable deps ti=<TaskInstance: dbt_project_dag.dbt_deps scheduled__2024-11-06T00:00:00+00:00 [queued]>
[2024-11-07T11:30:09.618+0000] {taskinstance.py:2612} INFO - Dependencies all met for dep_context=requeueable deps ti=<TaskInstance: dbt_project_dag.dbt_deps scheduled__2024-11-06T00:00:00+00:00 [queued]>
[2024-11-07T11:30:09.618+0000] {taskinstance.py:2865} INFO - Starting attempt 1 of 3
[2024-11-07T11:30:09.637+0000] {taskinstance.py:2888} INFO - Executing <Task(BashOperator): dbt_deps> on 2024-11-06 00:00:00+00:00
[2024-11-07T11:30:09.644+0000] {warnings.py:112} WARNING - /home/***/.local/lib/python3.12/site-packages/***/task/task_runner/standard_task_runner.py:70: DeprecationWarning: This process (pid=58) is multi-threaded, use of fork() may lead to deadlocks in the child.
  pid = os.fork()

[2024-11-07T11:30:09.646+0000] {standard_task_runner.py:72} INFO - Started process 59 to run task
[2024-11-07T11:30:09.647+0000] {standard_task_runner.py:104} INFO - Running: ['***', 'tasks', 'run', 'dbt_project_dag', 'dbt_deps', 'scheduled__2024-11-06T00:00:00+00:00', '--job-id', '210', '--raw', '--subdir', 'DAGS_FOLDER/dbt_project_dag.py', '--cfg-path', '/tmp/tmph52z4y76']
[2024-11-07T11:30:09.648+0000] {standard_task_runner.py:105} INFO - Job 210: Subtask dbt_deps
[2024-11-07T11:30:09.708+0000] {task_command.py:467} INFO - Running <TaskInstance: dbt_project_dag.dbt_deps scheduled__2024-11-06T00:00:00+00:00 [running]> on host 18e24c545bae
[2024-11-07T11:30:09.842+0000] {taskinstance.py:3131} INFO - Exporting env vars: AIRFLOW_CTX_DAG_OWNER='***' AIRFLOW_CTX_DAG_ID='dbt_project_dag' AIRFLOW_CTX_TASK_ID='dbt_deps' AIRFLOW_CTX_EXECUTION_DATE='2024-11-06T00:00:00+00:00' AIRFLOW_CTX_TRY_NUMBER='1' AIRFLOW_CTX_DAG_RUN_ID='scheduled__2024-11-06T00:00:00+00:00'
[2024-11-07T11:30:09.843+0000] {taskinstance.py:731} INFO - ::endgroup::
[2024-11-07T11:30:09.888+0000] {subprocess.py:63} INFO - Tmp dir root location: /tmp
[2024-11-07T11:30:09.889+0000] {subprocess.py:75} INFO - Running command: ['/usr/bin/bash', '-c', 'cd /opt/dbt && dbt deps']
[2024-11-07T11:30:09.905+0000] {subprocess.py:86} INFO - Output:
[2024-11-07T11:30:17.858+0000] {subprocess.py:93} INFO - [0m11:30:17  Running with dbt=1.8.2
[2024-11-07T11:30:18.935+0000] {subprocess.py:93} INFO - [0m11:30:18  Installing dbt-labs/dbt_utils
[2024-11-07T11:30:19.649+0000] {subprocess.py:93} INFO - [0m11:30:19  Installed from version 1.0.0
[2024-11-07T11:30:19.653+0000] {subprocess.py:93} INFO - [0m11:30:19  Updated version available: 1.3.0
[2024-11-07T11:30:19.656+0000] {subprocess.py:93} INFO - [0m11:30:19
[2024-11-07T11:30:19.659+0000] {subprocess.py:93} INFO - [0m11:30:19  Updates available for packages: ['dbt-labs/dbt_utils']
[2024-11-07T11:30:19.659+0000] {subprocess.py:93} INFO - Update your versions in packages.yml, then run dbt deps
[2024-11-07T11:30:20.987+0000] {subprocess.py:97} INFO - Command exited with return code 0
[2024-11-07T11:30:21.021+0000] {taskinstance.py:340} INFO - ::group::Post task execution logs
[2024-11-07T11:30:21.022+0000] {taskinstance.py:352} INFO - Marking task as SUCCESS. dag_id=dbt_project_dag, task_id=dbt_deps, run_id=scheduled__2024-11-06T00:00:00+00:00, execution_date=20241106T000000, start_date=20241107T113009, end_date=20241107T113021
[2024-11-07T11:30:21.065+0000] {local_task_job_runner.py:266} INFO - Task exited with return code 0
[2024-11-07T11:30:21.097+0000] {taskinstance.py:3900} INFO - 1 downstream tasks scheduled from follow-on schedule check
[2024-11-07T11:30:21.099+0000] {local_task_job_runner.py:245} INFO - ::endgroup::
