[2024-11-06T12:42:58.782+0000] {local_task_job_runner.py:123} INFO - ::group::Pre task execution logs
[2024-11-06T12:42:58.833+0000] {taskinstance.py:2612} INFO - Dependencies all met for dep_context=non-requeueable deps ti=<TaskInstance: dbt_project_with_ge_dag.dbt_run manual__2024-11-06T12:41:54.041214+00:00 [queued]>
[2024-11-06T12:42:58.855+0000] {taskinstance.py:2612} INFO - Dependencies all met for dep_context=requeueable deps ti=<TaskInstance: dbt_project_with_ge_dag.dbt_run manual__2024-11-06T12:41:54.041214+00:00 [queued]>
[2024-11-06T12:42:58.856+0000] {taskinstance.py:2865} INFO - Starting attempt 1 of 3
[2024-11-06T12:42:58.887+0000] {taskinstance.py:2888} INFO - Executing <Task(BashOperator): dbt_run> on 2024-11-06 12:41:54.041214+00:00
[2024-11-06T12:42:58.895+0000] {warnings.py:112} WARNING - /home/***/.local/lib/python3.12/site-packages/***/task/task_runner/standard_task_runner.py:70: DeprecationWarning: This process (pid=2809) is multi-threaded, use of fork() may lead to deadlocks in the child.
  pid = os.fork()

[2024-11-06T12:42:58.899+0000] {standard_task_runner.py:72} INFO - Started process 2810 to run task
[2024-11-06T12:42:58.899+0000] {standard_task_runner.py:104} INFO - Running: ['***', 'tasks', 'run', 'dbt_project_with_ge_dag', 'dbt_run', 'manual__2024-11-06T12:41:54.041214+00:00', '--job-id', '194', '--raw', '--subdir', 'DAGS_FOLDER/dbt_project_dag.py', '--cfg-path', '/tmp/tmpj6e65zgt']
[2024-11-06T12:42:58.901+0000] {standard_task_runner.py:105} INFO - Job 194: Subtask dbt_run
[2024-11-06T12:42:58.990+0000] {task_command.py:467} INFO - Running <TaskInstance: dbt_project_with_ge_dag.dbt_run manual__2024-11-06T12:41:54.041214+00:00 [running]> on host 9ecf534049e3
[2024-11-06T12:42:59.163+0000] {taskinstance.py:3131} INFO - Exporting env vars: AIRFLOW_CTX_DAG_OWNER='***' AIRFLOW_CTX_DAG_ID='dbt_project_with_ge_dag' AIRFLOW_CTX_TASK_ID='dbt_run' AIRFLOW_CTX_EXECUTION_DATE='2024-11-06T12:41:54.041214+00:00' AIRFLOW_CTX_TRY_NUMBER='1' AIRFLOW_CTX_DAG_RUN_ID='manual__2024-11-06T12:41:54.041214+00:00'
[2024-11-06T12:42:59.165+0000] {taskinstance.py:731} INFO - ::endgroup::
[2024-11-06T12:42:59.201+0000] {subprocess.py:63} INFO - Tmp dir root location: /tmp
[2024-11-06T12:42:59.205+0000] {subprocess.py:75} INFO - Running command: ['/usr/bin/bash', '-c', 'cd /opt/dbt && dbt run']
[2024-11-06T12:42:59.222+0000] {subprocess.py:86} INFO - Output:
[2024-11-06T12:43:02.378+0000] {subprocess.py:93} INFO - [0m12:43:02  Running with dbt=1.8.2
[2024-11-06T12:43:02.762+0000] {subprocess.py:93} INFO - [0m12:43:02  Registered adapter: postgres=1.8.2
[2024-11-06T12:43:03.335+0000] {subprocess.py:93} INFO - [0m12:43:03  Found 8 models, 15 seeds, 42 data tests, 541 macros
[2024-11-06T12:43:03.339+0000] {subprocess.py:93} INFO - [0m12:43:03
[2024-11-06T12:43:03.563+0000] {subprocess.py:93} INFO - [0m12:43:03  Concurrency: 12 threads (target='postgres')
[2024-11-06T12:43:03.564+0000] {subprocess.py:93} INFO - [0m12:43:03
[2024-11-06T12:43:03.580+0000] {subprocess.py:93} INFO - [0m12:43:03  1 of 8 START sql table model marts.dim_address ................................. [RUN]
[2024-11-06T12:43:03.582+0000] {subprocess.py:93} INFO - [0m12:43:03  2 of 8 START sql table model marts.dim_credit_card ............................. [RUN]
[2024-11-06T12:43:03.584+0000] {subprocess.py:93} INFO - [0m12:43:03  3 of 8 START sql table model marts.dim_customer ................................ [RUN]
[2024-11-06T12:43:03.589+0000] {subprocess.py:93} INFO - [0m12:43:03  4 of 8 START sql table model marts.dim_date .................................... [RUN]
[2024-11-06T12:43:03.591+0000] {subprocess.py:93} INFO - [0m12:43:03  5 of 8 START sql table model marts.dim_order_status ............................ [RUN]
[2024-11-06T12:43:03.594+0000] {subprocess.py:93} INFO - [0m12:43:03  6 of 8 START sql table model marts.dim_product ................................. [RUN]
[2024-11-06T12:43:03.597+0000] {subprocess.py:93} INFO - [0m12:43:03  7 of 8 START sql table model marts.fct_sales ................................... [RUN]
[2024-11-06T12:43:04.285+0000] {subprocess.py:93} INFO - [0m12:43:04  1 of 8 OK created sql table model marts.dim_address ............................ [[32mSELECT 1675[0m in 0.69s]
[2024-11-06T12:43:04.291+0000] {subprocess.py:93} INFO - [0m12:43:04  2 of 8 OK created sql table model marts.dim_credit_card ........................ [[32mSELECT 1316[0m in 0.68s]
[2024-11-06T12:43:04.292+0000] {subprocess.py:93} INFO - [0m12:43:04  4 of 8 OK created sql table model marts.dim_date ............................... [[32mSELECT 731[0m in 0.68s]
[2024-11-06T12:43:04.296+0000] {subprocess.py:93} INFO - [0m12:43:04  6 of 8 OK created sql table model marts.dim_product ............................ [[32mSELECT 504[0m in 0.67s]
[2024-11-06T12:43:04.311+0000] {subprocess.py:93} INFO - [0m12:43:04  7 of 8 OK created sql table model marts.fct_sales .............................. [[32mSELECT 5675[0m in 0.69s]
[2024-11-06T12:43:04.317+0000] {subprocess.py:93} INFO - [0m12:43:04  3 of 8 OK created sql table model marts.dim_customer ........................... [[32mSELECT 19820[0m in 0.72s]
[2024-11-06T12:43:04.326+0000] {subprocess.py:93} INFO - [0m12:43:04  5 of 8 OK created sql table model marts.dim_order_status ....................... [[32mSELECT 1[0m in 0.71s]
[2024-11-06T12:43:04.330+0000] {subprocess.py:93} INFO - [0m12:43:04  8 of 8 START sql table model marts.obt_sales ................................... [RUN]
[2024-11-06T12:43:06.252+0000] {subprocess.py:93} INFO - [0m12:43:06  8 of 8 OK created sql table model marts.obt_sales .............................. [[32mSELECT 5675[0m in 1.92s]
[2024-11-06T12:43:06.314+0000] {subprocess.py:93} INFO - [0m12:43:06
[2024-11-06T12:43:06.324+0000] {subprocess.py:93} INFO - [0m12:43:06  Finished running 8 table models in 0 hours 0 minutes and 2.97 seconds (2.97s).
[2024-11-06T12:43:06.466+0000] {subprocess.py:93} INFO - [0m12:43:06
[2024-11-06T12:43:06.469+0000] {subprocess.py:93} INFO - [0m12:43:06  [32mCompleted successfully[0m
[2024-11-06T12:43:06.470+0000] {subprocess.py:93} INFO - [0m12:43:06
[2024-11-06T12:43:06.472+0000] {subprocess.py:93} INFO - [0m12:43:06  Done. PASS=8 WARN=0 ERROR=0 SKIP=0 TOTAL=8
[2024-11-06T12:43:08.209+0000] {subprocess.py:97} INFO - Command exited with return code 0
[2024-11-06T12:43:08.268+0000] {taskinstance.py:340} INFO - ::group::Post task execution logs
[2024-11-06T12:43:08.269+0000] {taskinstance.py:352} INFO - Marking task as SUCCESS. dag_id=dbt_project_with_ge_dag, task_id=dbt_run, run_id=manual__2024-11-06T12:41:54.041214+00:00, execution_date=20241106T124154, start_date=20241106T124258, end_date=20241106T124308
[2024-11-06T12:43:08.320+0000] {local_task_job_runner.py:266} INFO - Task exited with return code 0
[2024-11-06T12:43:08.370+0000] {taskinstance.py:3900} INFO - 1 downstream tasks scheduled from follow-on schedule check
[2024-11-06T12:43:08.373+0000] {local_task_job_runner.py:245} INFO - ::endgroup::
