[2024-11-05T13:15:16.720+0000] {local_task_job_runner.py:123} INFO - ::group::Pre task execution logs
[2024-11-05T13:15:16.779+0000] {taskinstance.py:2612} INFO - Dependencies all met for dep_context=non-requeueable deps ti=<TaskInstance: dbt_project_dag.dbt_deps scheduled__2024-11-04T00:00:00+00:00 [queued]>
[2024-11-05T13:15:16.795+0000] {taskinstance.py:2612} INFO - Dependencies all met for dep_context=requeueable deps ti=<TaskInstance: dbt_project_dag.dbt_deps scheduled__2024-11-04T00:00:00+00:00 [queued]>
[2024-11-05T13:15:16.796+0000] {taskinstance.py:2865} INFO - Starting attempt 1 of 2
[2024-11-05T13:15:16.820+0000] {taskinstance.py:2888} INFO - Executing <Task(BashOperator): dbt_deps> on 2024-11-04 00:00:00+00:00
[2024-11-05T13:15:16.829+0000] {warnings.py:112} WARNING - /home/***/.local/lib/python3.12/site-packages/***/task/task_runner/standard_task_runner.py:70: DeprecationWarning: This process (pid=779) is multi-threaded, use of fork() may lead to deadlocks in the child.
  pid = os.fork()

[2024-11-05T13:15:16.832+0000] {standard_task_runner.py:72} INFO - Started process 781 to run task
[2024-11-05T13:15:16.832+0000] {standard_task_runner.py:104} INFO - Running: ['***', 'tasks', 'run', 'dbt_project_dag', 'dbt_deps', 'scheduled__2024-11-04T00:00:00+00:00', '--job-id', '75', '--raw', '--subdir', 'DAGS_FOLDER/dbt_orchestration.py', '--cfg-path', '/tmp/tmpma97lfs7']
[2024-11-05T13:15:16.834+0000] {standard_task_runner.py:105} INFO - Job 75: Subtask dbt_deps
[2024-11-05T13:15:16.914+0000] {task_command.py:467} INFO - Running <TaskInstance: dbt_project_dag.dbt_deps scheduled__2024-11-04T00:00:00+00:00 [running]> on host e36b82c08833
[2024-11-05T13:15:17.049+0000] {taskinstance.py:3131} INFO - Exporting env vars: AIRFLOW_CTX_DAG_OWNER='***' AIRFLOW_CTX_DAG_ID='dbt_project_dag' AIRFLOW_CTX_TASK_ID='dbt_deps' AIRFLOW_CTX_EXECUTION_DATE='2024-11-04T00:00:00+00:00' AIRFLOW_CTX_TRY_NUMBER='1' AIRFLOW_CTX_DAG_RUN_ID='scheduled__2024-11-04T00:00:00+00:00'
[2024-11-05T13:15:17.050+0000] {taskinstance.py:731} INFO - ::endgroup::
[2024-11-05T13:15:17.075+0000] {subprocess.py:63} INFO - Tmp dir root location: /tmp
[2024-11-05T13:15:17.076+0000] {subprocess.py:75} INFO - Running command: ['/usr/bin/bash', '-c', 'cd /opt/dbt && dbt deps']
[2024-11-05T13:15:17.089+0000] {subprocess.py:86} INFO - Output:
[2024-11-05T13:15:20.974+0000] {subprocess.py:93} INFO - [0m13:15:20  Running with dbt=1.8.2
[2024-11-05T13:15:21.751+0000] {subprocess.py:93} INFO - [0m13:15:21  Installing dbt-labs/dbt_utils
[2024-11-05T13:15:22.328+0000] {subprocess.py:93} INFO - [0m13:15:22  Installed from version 1.0.0
[2024-11-05T13:15:22.329+0000] {subprocess.py:93} INFO - [0m13:15:22  Updated version available: 1.3.0
[2024-11-05T13:15:22.331+0000] {subprocess.py:93} INFO - [0m13:15:22
[2024-11-05T13:15:22.331+0000] {subprocess.py:93} INFO - [0m13:15:22  Updates available for packages: ['dbt-labs/dbt_utils']
[2024-11-05T13:15:22.332+0000] {subprocess.py:93} INFO - Update your versions in packages.yml, then run dbt deps
[2024-11-05T13:15:23.549+0000] {subprocess.py:97} INFO - Command exited with return code 0
[2024-11-05T13:15:23.591+0000] {taskinstance.py:340} INFO - ::group::Post task execution logs
[2024-11-05T13:15:23.592+0000] {taskinstance.py:352} INFO - Marking task as SUCCESS. dag_id=dbt_project_dag, task_id=dbt_deps, run_id=scheduled__2024-11-04T00:00:00+00:00, execution_date=20241104T000000, start_date=20241105T131516, end_date=20241105T131523
[2024-11-05T13:15:23.642+0000] {local_task_job_runner.py:266} INFO - Task exited with return code 0
[2024-11-05T13:15:23.695+0000] {taskinstance.py:3900} INFO - 1 downstream tasks scheduled from follow-on schedule check
[2024-11-05T13:15:23.697+0000] {local_task_job_runner.py:245} INFO - ::endgroup::
[2024-11-05T13:23:32.770+0000] {local_task_job_runner.py:123} INFO - ::group::Pre task execution logs
[2024-11-05T13:23:32.799+0000] {taskinstance.py:2612} INFO - Dependencies all met for dep_context=non-requeueable deps ti=<TaskInstance: dbt_project_dag.dbt_deps scheduled__2024-11-04T00:00:00+00:00 [queued]>
[2024-11-05T13:23:32.813+0000] {taskinstance.py:2612} INFO - Dependencies all met for dep_context=requeueable deps ti=<TaskInstance: dbt_project_dag.dbt_deps scheduled__2024-11-04T00:00:00+00:00 [queued]>
[2024-11-05T13:23:32.814+0000] {taskinstance.py:2865} INFO - Starting attempt 1 of 2
[2024-11-05T13:23:32.835+0000] {taskinstance.py:2888} INFO - Executing <Task(BashOperator): dbt_deps> on 2024-11-04 00:00:00+00:00
[2024-11-05T13:23:32.843+0000] {warnings.py:112} WARNING - /home/***/.local/lib/python3.12/site-packages/***/task/task_runner/standard_task_runner.py:70: DeprecationWarning: This process (pid=997) is multi-threaded, use of fork() may lead to deadlocks in the child.
  pid = os.fork()

[2024-11-05T13:23:32.846+0000] {standard_task_runner.py:72} INFO - Started process 998 to run task
[2024-11-05T13:23:32.846+0000] {standard_task_runner.py:104} INFO - Running: ['***', 'tasks', 'run', 'dbt_project_dag', 'dbt_deps', 'scheduled__2024-11-04T00:00:00+00:00', '--job-id', '85', '--raw', '--subdir', 'DAGS_FOLDER/dbt_project_dag.py', '--cfg-path', '/tmp/tmpjey4w0ui']
[2024-11-05T13:23:32.849+0000] {standard_task_runner.py:105} INFO - Job 85: Subtask dbt_deps
[2024-11-05T13:23:32.918+0000] {task_command.py:467} INFO - Running <TaskInstance: dbt_project_dag.dbt_deps scheduled__2024-11-04T00:00:00+00:00 [running]> on host e36b82c08833
[2024-11-05T13:23:33.037+0000] {taskinstance.py:3131} INFO - Exporting env vars: AIRFLOW_CTX_DAG_OWNER='***' AIRFLOW_CTX_DAG_ID='dbt_project_dag' AIRFLOW_CTX_TASK_ID='dbt_deps' AIRFLOW_CTX_EXECUTION_DATE='2024-11-04T00:00:00+00:00' AIRFLOW_CTX_TRY_NUMBER='1' AIRFLOW_CTX_DAG_RUN_ID='scheduled__2024-11-04T00:00:00+00:00'
[2024-11-05T13:23:33.038+0000] {taskinstance.py:731} INFO - ::endgroup::
[2024-11-05T13:23:33.059+0000] {subprocess.py:63} INFO - Tmp dir root location: /tmp
[2024-11-05T13:23:33.059+0000] {subprocess.py:75} INFO - Running command: ['/usr/bin/bash', '-c', 'cd /opt/dbt && dbt deps']
[2024-11-05T13:23:33.069+0000] {subprocess.py:86} INFO - Output:
[2024-11-05T13:23:36.434+0000] {subprocess.py:93} INFO - [0m13:23:36  Running with dbt=1.8.2
[2024-11-05T13:23:37.436+0000] {subprocess.py:93} INFO - [0m13:23:37  Installing dbt-labs/dbt_utils
[2024-11-05T13:23:38.362+0000] {subprocess.py:93} INFO - [0m13:23:38  Installed from version 1.0.0
[2024-11-05T13:23:38.370+0000] {subprocess.py:93} INFO - [0m13:23:38  Updated version available: 1.3.0
[2024-11-05T13:23:38.376+0000] {subprocess.py:93} INFO - [0m13:23:38
[2024-11-05T13:23:38.376+0000] {subprocess.py:93} INFO - [0m13:23:38  Updates available for packages: ['dbt-labs/dbt_utils']
[2024-11-05T13:23:38.382+0000] {subprocess.py:93} INFO - Update your versions in packages.yml, then run dbt deps
[2024-11-05T13:23:40.618+0000] {subprocess.py:97} INFO - Command exited with return code 0
[2024-11-05T13:23:40.673+0000] {taskinstance.py:340} INFO - ::group::Post task execution logs
[2024-11-05T13:23:40.674+0000] {taskinstance.py:352} INFO - Marking task as SUCCESS. dag_id=dbt_project_dag, task_id=dbt_deps, run_id=scheduled__2024-11-04T00:00:00+00:00, execution_date=20241104T000000, start_date=20241105T132332, end_date=20241105T132340
[2024-11-05T13:23:40.722+0000] {local_task_job_runner.py:266} INFO - Task exited with return code 0
[2024-11-05T13:23:40.783+0000] {taskinstance.py:3900} INFO - 1 downstream tasks scheduled from follow-on schedule check
[2024-11-05T13:23:40.786+0000] {local_task_job_runner.py:245} INFO - ::endgroup::
[2024-11-05T13:40:54.495+0000] {local_task_job_runner.py:123} INFO - ::group::Pre task execution logs
[2024-11-05T13:40:54.523+0000] {taskinstance.py:2612} INFO - Dependencies all met for dep_context=non-requeueable deps ti=<TaskInstance: dbt_project_dag.dbt_deps scheduled__2024-11-04T00:00:00+00:00 [queued]>
[2024-11-05T13:40:54.535+0000] {taskinstance.py:2612} INFO - Dependencies all met for dep_context=requeueable deps ti=<TaskInstance: dbt_project_dag.dbt_deps scheduled__2024-11-04T00:00:00+00:00 [queued]>
[2024-11-05T13:40:54.535+0000] {taskinstance.py:2865} INFO - Starting attempt 1 of 3
[2024-11-05T13:40:54.553+0000] {taskinstance.py:2888} INFO - Executing <Task(BashOperator): dbt_deps> on 2024-11-04 00:00:00+00:00
[2024-11-05T13:40:54.560+0000] {warnings.py:112} WARNING - /home/***/.local/lib/python3.12/site-packages/***/task/task_runner/standard_task_runner.py:70: DeprecationWarning: This process (pid=229) is multi-threaded, use of fork() may lead to deadlocks in the child.
  pid = os.fork()

[2024-11-05T13:40:54.561+0000] {standard_task_runner.py:72} INFO - Started process 230 to run task
[2024-11-05T13:40:54.561+0000] {standard_task_runner.py:104} INFO - Running: ['***', 'tasks', 'run', 'dbt_project_dag', 'dbt_deps', 'scheduled__2024-11-04T00:00:00+00:00', '--job-id', '96', '--raw', '--subdir', 'DAGS_FOLDER/dbt_project_dag.py', '--cfg-path', '/tmp/tmpy8l5o2hy']
[2024-11-05T13:40:54.564+0000] {standard_task_runner.py:105} INFO - Job 96: Subtask dbt_deps
[2024-11-05T13:40:54.618+0000] {task_command.py:467} INFO - Running <TaskInstance: dbt_project_dag.dbt_deps scheduled__2024-11-04T00:00:00+00:00 [running]> on host bbd20199defe
[2024-11-05T13:40:54.716+0000] {taskinstance.py:3131} INFO - Exporting env vars: AIRFLOW_CTX_DAG_OWNER='***' AIRFLOW_CTX_DAG_ID='dbt_project_dag' AIRFLOW_CTX_TASK_ID='dbt_deps' AIRFLOW_CTX_EXECUTION_DATE='2024-11-04T00:00:00+00:00' AIRFLOW_CTX_TRY_NUMBER='1' AIRFLOW_CTX_DAG_RUN_ID='scheduled__2024-11-04T00:00:00+00:00'
[2024-11-05T13:40:54.717+0000] {taskinstance.py:731} INFO - ::endgroup::
[2024-11-05T13:40:54.735+0000] {subprocess.py:63} INFO - Tmp dir root location: /tmp
[2024-11-05T13:40:54.736+0000] {subprocess.py:75} INFO - Running command: ['/usr/bin/bash', '-c', 'cd /opt/dbt && dbt deps']
[2024-11-05T13:40:54.749+0000] {subprocess.py:86} INFO - Output:
[2024-11-05T13:40:57.739+0000] {subprocess.py:93} INFO - [0m13:40:57  Running with dbt=1.8.2
[2024-11-05T13:40:58.737+0000] {subprocess.py:93} INFO - [0m13:40:58  Installing dbt-labs/dbt_utils
[2024-11-05T13:40:59.819+0000] {subprocess.py:93} INFO - [0m13:40:59  Installed from version 1.0.0
[2024-11-05T13:40:59.819+0000] {subprocess.py:93} INFO - [0m13:40:59  Updated version available: 1.3.0
[2024-11-05T13:40:59.821+0000] {subprocess.py:93} INFO - [0m13:40:59
[2024-11-05T13:40:59.821+0000] {subprocess.py:93} INFO - [0m13:40:59  Updates available for packages: ['dbt-labs/dbt_utils']
[2024-11-05T13:40:59.822+0000] {subprocess.py:93} INFO - Update your versions in packages.yml, then run dbt deps
[2024-11-05T13:41:00.797+0000] {subprocess.py:97} INFO - Command exited with return code 0
[2024-11-05T13:41:00.832+0000] {taskinstance.py:340} INFO - ::group::Post task execution logs
[2024-11-05T13:41:00.832+0000] {taskinstance.py:352} INFO - Marking task as SUCCESS. dag_id=dbt_project_dag, task_id=dbt_deps, run_id=scheduled__2024-11-04T00:00:00+00:00, execution_date=20241104T000000, start_date=20241105T134054, end_date=20241105T134100
[2024-11-05T13:41:00.876+0000] {local_task_job_runner.py:266} INFO - Task exited with return code 0
[2024-11-05T13:41:00.908+0000] {taskinstance.py:3900} INFO - 1 downstream tasks scheduled from follow-on schedule check
[2024-11-05T13:41:00.910+0000] {local_task_job_runner.py:245} INFO - ::endgroup::
