[2024-11-06T12:03:20.373+0000] {local_task_job_runner.py:123} INFO - ::group::Pre task execution logs
[2024-11-06T12:03:20.414+0000] {taskinstance.py:2612} INFO - Dependencies all met for dep_context=non-requeueable deps ti=<TaskInstance: dbt_project_with_ge_dag.dbt_run scheduled__2024-11-05T00:00:00+00:00 [queued]>
[2024-11-06T12:03:20.433+0000] {taskinstance.py:2612} INFO - Dependencies all met for dep_context=requeueable deps ti=<TaskInstance: dbt_project_with_ge_dag.dbt_run scheduled__2024-11-05T00:00:00+00:00 [queued]>
[2024-11-06T12:03:20.434+0000] {taskinstance.py:2865} INFO - Starting attempt 1 of 3
[2024-11-06T12:03:20.466+0000] {taskinstance.py:2888} INFO - Executing <Task(BashOperator): dbt_run> on 2024-11-05 00:00:00+00:00
[2024-11-06T12:03:20.475+0000] {warnings.py:112} WARNING - /home/***/.local/lib/python3.12/site-packages/***/task/task_runner/standard_task_runner.py:70: DeprecationWarning: This process (pid=1814) is multi-threaded, use of fork() may lead to deadlocks in the child.
  pid = os.fork()

[2024-11-06T12:03:20.478+0000] {standard_task_runner.py:72} INFO - Started process 1815 to run task
[2024-11-06T12:03:20.478+0000] {standard_task_runner.py:104} INFO - Running: ['***', 'tasks', 'run', 'dbt_project_with_ge_dag', 'dbt_run', 'scheduled__2024-11-05T00:00:00+00:00', '--job-id', '164', '--raw', '--subdir', 'DAGS_FOLDER/dbt_project_dag.py', '--cfg-path', '/tmp/tmpkybdizde']
[2024-11-06T12:03:20.481+0000] {standard_task_runner.py:105} INFO - Job 164: Subtask dbt_run
[2024-11-06T12:03:20.607+0000] {task_command.py:467} INFO - Running <TaskInstance: dbt_project_with_ge_dag.dbt_run scheduled__2024-11-05T00:00:00+00:00 [running]> on host 9ecf534049e3
[2024-11-06T12:03:20.792+0000] {taskinstance.py:3131} INFO - Exporting env vars: AIRFLOW_CTX_DAG_OWNER='***' AIRFLOW_CTX_DAG_ID='dbt_project_with_ge_dag' AIRFLOW_CTX_TASK_ID='dbt_run' AIRFLOW_CTX_EXECUTION_DATE='2024-11-05T00:00:00+00:00' AIRFLOW_CTX_TRY_NUMBER='1' AIRFLOW_CTX_DAG_RUN_ID='scheduled__2024-11-05T00:00:00+00:00'
[2024-11-06T12:03:20.793+0000] {taskinstance.py:731} INFO - ::endgroup::
[2024-11-06T12:03:20.853+0000] {subprocess.py:63} INFO - Tmp dir root location: /tmp
[2024-11-06T12:03:20.855+0000] {subprocess.py:75} INFO - Running command: ['/usr/bin/bash', '-c', 'cd /opt/dbt && dbt run']
[2024-11-06T12:03:20.870+0000] {subprocess.py:86} INFO - Output:
[2024-11-06T12:03:26.783+0000] {subprocess.py:93} INFO - [0m12:03:26  Running with dbt=1.8.2
[2024-11-06T12:03:27.593+0000] {subprocess.py:93} INFO - [0m12:03:27  Registered adapter: postgres=1.8.2
[2024-11-06T12:03:28.697+0000] {subprocess.py:93} INFO - [0m12:03:28  Found 8 models, 15 seeds, 42 data tests, 541 macros
[2024-11-06T12:03:28.704+0000] {subprocess.py:93} INFO - [0m12:03:28
[2024-11-06T12:03:29.101+0000] {subprocess.py:93} INFO - [0m12:03:29  Concurrency: 12 threads (target='postgres')
[2024-11-06T12:03:29.104+0000] {subprocess.py:93} INFO - [0m12:03:29
[2024-11-06T12:03:29.129+0000] {subprocess.py:93} INFO - [0m12:03:29  1 of 8 START sql table model marts.dim_address ................................. [RUN]
[2024-11-06T12:03:29.137+0000] {subprocess.py:93} INFO - [0m12:03:29  2 of 8 START sql table model marts.dim_credit_card ............................. [RUN]
[2024-11-06T12:03:29.149+0000] {subprocess.py:93} INFO - [0m12:03:29  3 of 8 START sql table model marts.dim_customer ................................ [RUN]
[2024-11-06T12:03:29.223+0000] {subprocess.py:93} INFO - [0m12:03:29  7 of 8 START sql table model marts.fct_sales ................................... [RUN]
[2024-11-06T12:03:29.227+0000] {subprocess.py:93} INFO - [0m12:03:29  4 of 8 START sql table model marts.dim_date .................................... [RUN]
[2024-11-06T12:03:29.229+0000] {subprocess.py:93} INFO - [0m12:03:29  5 of 8 START sql table model marts.dim_order_status ............................ [RUN]
[2024-11-06T12:03:29.230+0000] {subprocess.py:93} INFO - [0m12:03:29  6 of 8 START sql table model marts.dim_product ................................. [RUN]
[2024-11-06T12:03:30.228+0000] {subprocess.py:93} INFO - [0m12:03:30  5 of 8 OK created sql table model marts.dim_order_status ....................... [[32mSELECT 1[0m in 0.96s]
[2024-11-06T12:03:30.229+0000] {subprocess.py:93} INFO - [0m12:03:30  4 of 8 OK created sql table model marts.dim_date ............................... [[32mSELECT 731[0m in 0.98s]
[2024-11-06T12:03:30.235+0000] {subprocess.py:93} INFO - [0m12:03:30  3 of 8 OK created sql table model marts.dim_customer ........................... [[32mSELECT 19820[0m in 1.09s]
[2024-11-06T12:03:30.248+0000] {subprocess.py:93} INFO - [0m12:03:30  6 of 8 OK created sql table model marts.dim_product ............................ [[32mSELECT 504[0m in 0.99s]
[2024-11-06T12:03:30.252+0000] {subprocess.py:93} INFO - [0m12:03:30  1 of 8 OK created sql table model marts.dim_address ............................ [[32mSELECT 1675[0m in 1.11s]
[2024-11-06T12:03:30.264+0000] {subprocess.py:93} INFO - [0m12:03:30  2 of 8 OK created sql table model marts.dim_credit_card ........................ [[32mSELECT 1316[0m in 1.09s]
[2024-11-06T12:03:30.274+0000] {subprocess.py:93} INFO - [0m12:03:30  7 of 8 OK created sql table model marts.fct_sales .............................. [[32mSELECT 5675[0m in 0.94s]
[2024-11-06T12:03:30.278+0000] {subprocess.py:93} INFO - [0m12:03:30  8 of 8 START sql table model marts.obt_sales ................................... [RUN]
[2024-11-06T12:03:32.708+0000] {subprocess.py:93} INFO - [0m12:03:32  8 of 8 OK created sql table model marts.obt_sales .............................. [[32mSELECT 5675[0m in 2.43s]
[2024-11-06T12:03:32.733+0000] {subprocess.py:93} INFO - [0m12:03:32
[2024-11-06T12:03:32.734+0000] {subprocess.py:93} INFO - [0m12:03:32  Finished running 8 table models in 0 hours 0 minutes and 4.03 seconds (4.03s).
[2024-11-06T12:03:32.831+0000] {subprocess.py:93} INFO - [0m12:03:32
[2024-11-06T12:03:32.832+0000] {subprocess.py:93} INFO - [0m12:03:32  [32mCompleted successfully[0m
[2024-11-06T12:03:32.833+0000] {subprocess.py:93} INFO - [0m12:03:32
[2024-11-06T12:03:32.834+0000] {subprocess.py:93} INFO - [0m12:03:32  Done. PASS=8 WARN=0 ERROR=0 SKIP=0 TOTAL=8
[2024-11-06T12:03:34.406+0000] {subprocess.py:97} INFO - Command exited with return code 0
[2024-11-06T12:03:34.564+0000] {taskinstance.py:340} INFO - ::group::Post task execution logs
[2024-11-06T12:03:34.568+0000] {taskinstance.py:352} INFO - Marking task as SUCCESS. dag_id=dbt_project_with_ge_dag, task_id=dbt_run, run_id=scheduled__2024-11-05T00:00:00+00:00, execution_date=20241105T000000, start_date=20241106T120320, end_date=20241106T120334
[2024-11-06T12:03:34.625+0000] {local_task_job_runner.py:266} INFO - Task exited with return code 0
[2024-11-06T12:03:34.688+0000] {taskinstance.py:3900} INFO - 1 downstream tasks scheduled from follow-on schedule check
[2024-11-06T12:03:34.694+0000] {local_task_job_runner.py:245} INFO - ::endgroup::
[2024-11-06T12:08:47.410+0000] {local_task_job_runner.py:123} INFO - ::group::Pre task execution logs
[2024-11-06T12:08:47.440+0000] {taskinstance.py:2612} INFO - Dependencies all met for dep_context=non-requeueable deps ti=<TaskInstance: dbt_project_with_ge_dag.dbt_run scheduled__2024-11-05T00:00:00+00:00 [queued]>
[2024-11-06T12:08:47.455+0000] {taskinstance.py:2612} INFO - Dependencies all met for dep_context=requeueable deps ti=<TaskInstance: dbt_project_with_ge_dag.dbt_run scheduled__2024-11-05T00:00:00+00:00 [queued]>
[2024-11-06T12:08:47.455+0000] {taskinstance.py:2865} INFO - Starting attempt 1 of 3
[2024-11-06T12:08:47.476+0000] {taskinstance.py:2888} INFO - Executing <Task(BashOperator): dbt_run> on 2024-11-05 00:00:00+00:00
[2024-11-06T12:08:47.483+0000] {warnings.py:112} WARNING - /home/***/.local/lib/python3.12/site-packages/***/task/task_runner/standard_task_runner.py:70: DeprecationWarning: This process (pid=2088) is multi-threaded, use of fork() may lead to deadlocks in the child.
  pid = os.fork()

[2024-11-06T12:08:47.485+0000] {standard_task_runner.py:72} INFO - Started process 2089 to run task
[2024-11-06T12:08:47.490+0000] {standard_task_runner.py:104} INFO - Running: ['***', 'tasks', 'run', 'dbt_project_with_ge_dag', 'dbt_run', 'scheduled__2024-11-05T00:00:00+00:00', '--job-id', '176', '--raw', '--subdir', 'DAGS_FOLDER/dbt_project_dag.py', '--cfg-path', '/tmp/tmptquikei4']
[2024-11-06T12:08:47.491+0000] {standard_task_runner.py:105} INFO - Job 176: Subtask dbt_run
[2024-11-06T12:08:47.550+0000] {task_command.py:467} INFO - Running <TaskInstance: dbt_project_with_ge_dag.dbt_run scheduled__2024-11-05T00:00:00+00:00 [running]> on host 9ecf534049e3
[2024-11-06T12:08:47.663+0000] {taskinstance.py:3131} INFO - Exporting env vars: AIRFLOW_CTX_DAG_OWNER='***' AIRFLOW_CTX_DAG_ID='dbt_project_with_ge_dag' AIRFLOW_CTX_TASK_ID='dbt_run' AIRFLOW_CTX_EXECUTION_DATE='2024-11-05T00:00:00+00:00' AIRFLOW_CTX_TRY_NUMBER='1' AIRFLOW_CTX_DAG_RUN_ID='scheduled__2024-11-05T00:00:00+00:00'
[2024-11-06T12:08:47.664+0000] {taskinstance.py:731} INFO - ::endgroup::
[2024-11-06T12:08:47.683+0000] {subprocess.py:63} INFO - Tmp dir root location: /tmp
[2024-11-06T12:08:47.684+0000] {subprocess.py:75} INFO - Running command: ['/usr/bin/bash', '-c', 'cd /opt/dbt && dbt run']
[2024-11-06T12:08:47.697+0000] {subprocess.py:86} INFO - Output:
[2024-11-06T12:08:51.002+0000] {subprocess.py:93} INFO - [0m12:08:51  Running with dbt=1.8.2
[2024-11-06T12:08:51.377+0000] {subprocess.py:93} INFO - [0m12:08:51  Registered adapter: postgres=1.8.2
[2024-11-06T12:08:51.974+0000] {subprocess.py:93} INFO - [0m12:08:51  Found 8 models, 15 seeds, 42 data tests, 541 macros
[2024-11-06T12:08:51.979+0000] {subprocess.py:93} INFO - [0m12:08:51
[2024-11-06T12:08:52.221+0000] {subprocess.py:93} INFO - [0m12:08:52  Concurrency: 12 threads (target='postgres')
[2024-11-06T12:08:52.222+0000] {subprocess.py:93} INFO - [0m12:08:52
[2024-11-06T12:08:52.239+0000] {subprocess.py:93} INFO - [0m12:08:52  1 of 8 START sql table model marts.dim_address ................................. [RUN]
[2024-11-06T12:08:52.240+0000] {subprocess.py:93} INFO - [0m12:08:52  2 of 8 START sql table model marts.dim_credit_card ............................. [RUN]
[2024-11-06T12:08:52.241+0000] {subprocess.py:93} INFO - [0m12:08:52  3 of 8 START sql table model marts.dim_customer ................................ [RUN]
[2024-11-06T12:08:52.243+0000] {subprocess.py:93} INFO - [0m12:08:52  4 of 8 START sql table model marts.dim_date .................................... [RUN]
[2024-11-06T12:08:52.246+0000] {subprocess.py:93} INFO - [0m12:08:52  5 of 8 START sql table model marts.dim_order_status ............................ [RUN]
[2024-11-06T12:08:52.248+0000] {subprocess.py:93} INFO - [0m12:08:52  6 of 8 START sql table model marts.dim_product ................................. [RUN]
[2024-11-06T12:08:52.251+0000] {subprocess.py:93} INFO - [0m12:08:52  7 of 8 START sql table model marts.fct_sales ................................... [RUN]
[2024-11-06T12:08:52.882+0000] {subprocess.py:93} INFO - [0m12:08:52  5 of 8 OK created sql table model marts.dim_order_status ....................... [[32mSELECT 1[0m in 0.63s]
[2024-11-06T12:08:52.884+0000] {subprocess.py:93} INFO - [0m12:08:52  1 of 8 OK created sql table model marts.dim_address ............................ [[32mSELECT 1675[0m in 0.63s]
[2024-11-06T12:08:52.888+0000] {subprocess.py:93} INFO - [0m12:08:52  4 of 8 OK created sql table model marts.dim_date ............................... [[32mSELECT 731[0m in 0.63s]
[2024-11-06T12:08:52.892+0000] {subprocess.py:93} INFO - [0m12:08:52  6 of 8 OK created sql table model marts.dim_product ............................ [[32mSELECT 504[0m in 0.63s]
[2024-11-06T12:08:52.897+0000] {subprocess.py:93} INFO - [0m12:08:52  2 of 8 OK created sql table model marts.dim_credit_card ........................ [[32mSELECT 1316[0m in 0.65s]
[2024-11-06T12:08:52.907+0000] {subprocess.py:93} INFO - [0m12:08:52  7 of 8 OK created sql table model marts.fct_sales .............................. [[32mSELECT 5675[0m in 0.65s]
[2024-11-06T12:08:52.908+0000] {subprocess.py:93} INFO - [0m12:08:52  3 of 8 OK created sql table model marts.dim_customer ........................... [[32mSELECT 19820[0m in 0.66s]
[2024-11-06T12:08:52.913+0000] {subprocess.py:93} INFO - [0m12:08:52  8 of 8 START sql table model marts.obt_sales ................................... [RUN]
[2024-11-06T12:08:54.227+0000] {subprocess.py:93} INFO - [0m12:08:54  8 of 8 OK created sql table model marts.obt_sales .............................. [[32mSELECT 5675[0m in 1.31s]
[2024-11-06T12:08:54.251+0000] {subprocess.py:93} INFO - [0m12:08:54
[2024-11-06T12:08:54.251+0000] {subprocess.py:93} INFO - [0m12:08:54  Finished running 8 table models in 0 hours 0 minutes and 2.27 seconds (2.27s).
[2024-11-06T12:08:54.337+0000] {subprocess.py:93} INFO - [0m12:08:54
[2024-11-06T12:08:54.338+0000] {subprocess.py:93} INFO - [0m12:08:54  [32mCompleted successfully[0m
[2024-11-06T12:08:54.339+0000] {subprocess.py:93} INFO - [0m12:08:54
[2024-11-06T12:08:54.340+0000] {subprocess.py:93} INFO - [0m12:08:54  Done. PASS=8 WARN=0 ERROR=0 SKIP=0 TOTAL=8
[2024-11-06T12:08:55.990+0000] {subprocess.py:97} INFO - Command exited with return code 0
[2024-11-06T12:08:56.021+0000] {taskinstance.py:340} INFO - ::group::Post task execution logs
[2024-11-06T12:08:56.022+0000] {taskinstance.py:352} INFO - Marking task as SUCCESS. dag_id=dbt_project_with_ge_dag, task_id=dbt_run, run_id=scheduled__2024-11-05T00:00:00+00:00, execution_date=20241105T000000, start_date=20241106T120847, end_date=20241106T120856
[2024-11-06T12:08:56.077+0000] {local_task_job_runner.py:266} INFO - Task exited with return code 0
[2024-11-06T12:08:56.106+0000] {taskinstance.py:3900} INFO - 1 downstream tasks scheduled from follow-on schedule check
[2024-11-06T12:08:56.107+0000] {local_task_job_runner.py:245} INFO - ::endgroup::
[2024-11-06T12:23:20.035+0000] {local_task_job_runner.py:123} INFO - ::group::Pre task execution logs
[2024-11-06T12:23:20.069+0000] {taskinstance.py:2612} INFO - Dependencies all met for dep_context=non-requeueable deps ti=<TaskInstance: dbt_project_with_ge_dag.dbt_run scheduled__2024-11-05T00:00:00+00:00 [queued]>
[2024-11-06T12:23:20.080+0000] {taskinstance.py:2612} INFO - Dependencies all met for dep_context=requeueable deps ti=<TaskInstance: dbt_project_with_ge_dag.dbt_run scheduled__2024-11-05T00:00:00+00:00 [queued]>
[2024-11-06T12:23:20.080+0000] {taskinstance.py:2865} INFO - Starting attempt 1 of 3
[2024-11-06T12:23:20.100+0000] {taskinstance.py:2888} INFO - Executing <Task(BashOperator): dbt_run> on 2024-11-05 00:00:00+00:00
[2024-11-06T12:23:20.109+0000] {warnings.py:112} WARNING - /home/***/.local/lib/python3.12/site-packages/***/task/task_runner/standard_task_runner.py:70: DeprecationWarning: This process (pid=2366) is multi-threaded, use of fork() may lead to deadlocks in the child.
  pid = os.fork()

[2024-11-06T12:23:20.111+0000] {standard_task_runner.py:72} INFO - Started process 2367 to run task
[2024-11-06T12:23:20.113+0000] {standard_task_runner.py:104} INFO - Running: ['***', 'tasks', 'run', 'dbt_project_with_ge_dag', 'dbt_run', 'scheduled__2024-11-05T00:00:00+00:00', '--job-id', '182', '--raw', '--subdir', 'DAGS_FOLDER/dbt_project_dag.py', '--cfg-path', '/tmp/tmpemz0tt07']
[2024-11-06T12:23:20.114+0000] {standard_task_runner.py:105} INFO - Job 182: Subtask dbt_run
[2024-11-06T12:23:20.169+0000] {task_command.py:467} INFO - Running <TaskInstance: dbt_project_with_ge_dag.dbt_run scheduled__2024-11-05T00:00:00+00:00 [running]> on host 9ecf534049e3
[2024-11-06T12:23:20.278+0000] {taskinstance.py:3131} INFO - Exporting env vars: AIRFLOW_CTX_DAG_OWNER='***' AIRFLOW_CTX_DAG_ID='dbt_project_with_ge_dag' AIRFLOW_CTX_TASK_ID='dbt_run' AIRFLOW_CTX_EXECUTION_DATE='2024-11-05T00:00:00+00:00' AIRFLOW_CTX_TRY_NUMBER='1' AIRFLOW_CTX_DAG_RUN_ID='scheduled__2024-11-05T00:00:00+00:00'
[2024-11-06T12:23:20.280+0000] {taskinstance.py:731} INFO - ::endgroup::
[2024-11-06T12:23:20.306+0000] {subprocess.py:63} INFO - Tmp dir root location: /tmp
[2024-11-06T12:23:20.307+0000] {subprocess.py:75} INFO - Running command: ['/usr/bin/bash', '-c', 'cd /opt/dbt && dbt run']
[2024-11-06T12:23:20.322+0000] {subprocess.py:86} INFO - Output:
[2024-11-06T12:23:23.761+0000] {subprocess.py:93} INFO - [0m12:23:23  Running with dbt=1.8.2
[2024-11-06T12:23:24.172+0000] {subprocess.py:93} INFO - [0m12:23:24  Registered adapter: postgres=1.8.2
[2024-11-06T12:23:24.861+0000] {subprocess.py:93} INFO - [0m12:23:24  Found 8 models, 15 seeds, 42 data tests, 541 macros
[2024-11-06T12:23:24.866+0000] {subprocess.py:93} INFO - [0m12:23:24
[2024-11-06T12:23:25.177+0000] {subprocess.py:93} INFO - [0m12:23:25  Concurrency: 12 threads (target='postgres')
[2024-11-06T12:23:25.178+0000] {subprocess.py:93} INFO - [0m12:23:25
[2024-11-06T12:23:25.200+0000] {subprocess.py:93} INFO - [0m12:23:25  1 of 8 START sql table model marts.dim_address ................................. [RUN]
[2024-11-06T12:23:25.201+0000] {subprocess.py:93} INFO - [0m12:23:25  2 of 8 START sql table model marts.dim_credit_card ............................. [RUN]
[2024-11-06T12:23:25.206+0000] {subprocess.py:93} INFO - [0m12:23:25  3 of 8 START sql table model marts.dim_customer ................................ [RUN]
[2024-11-06T12:23:25.207+0000] {subprocess.py:93} INFO - [0m12:23:25  4 of 8 START sql table model marts.dim_date .................................... [RUN]
[2024-11-06T12:23:25.208+0000] {subprocess.py:93} INFO - [0m12:23:25  5 of 8 START sql table model marts.dim_order_status ............................ [RUN]
[2024-11-06T12:23:25.209+0000] {subprocess.py:93} INFO - [0m12:23:25  6 of 8 START sql table model marts.dim_product ................................. [RUN]
[2024-11-06T12:23:25.211+0000] {subprocess.py:93} INFO - [0m12:23:25  7 of 8 START sql table model marts.fct_sales ................................... [RUN]
[2024-11-06T12:23:25.960+0000] {subprocess.py:93} INFO - [0m12:23:25  1 of 8 OK created sql table model marts.dim_address ............................ [[32mSELECT 1675[0m in 0.74s]
[2024-11-06T12:23:25.961+0000] {subprocess.py:93} INFO - [0m12:23:25  2 of 8 OK created sql table model marts.dim_credit_card ........................ [[32mSELECT 1316[0m in 0.75s]
[2024-11-06T12:23:25.967+0000] {subprocess.py:93} INFO - [0m12:23:25  4 of 8 OK created sql table model marts.dim_date ............................... [[32mSELECT 731[0m in 0.75s]
[2024-11-06T12:23:25.973+0000] {subprocess.py:93} INFO - [0m12:23:25  5 of 8 OK created sql table model marts.dim_order_status ....................... [[32mSELECT 1[0m in 0.74s]
[2024-11-06T12:23:25.985+0000] {subprocess.py:93} INFO - [0m12:23:25  6 of 8 OK created sql table model marts.dim_product ............................ [[32mSELECT 504[0m in 0.74s]
[2024-11-06T12:23:25.991+0000] {subprocess.py:93} INFO - [0m12:23:25  3 of 8 OK created sql table model marts.dim_customer ........................... [[32mSELECT 19820[0m in 0.77s]
[2024-11-06T12:23:25.992+0000] {subprocess.py:93} INFO - [0m12:23:25  7 of 8 OK created sql table model marts.fct_sales .............................. [[32mSELECT 5675[0m in 0.74s]
[2024-11-06T12:23:25.997+0000] {subprocess.py:93} INFO - [0m12:23:25  8 of 8 START sql table model marts.obt_sales ................................... [RUN]
[2024-11-06T12:23:27.696+0000] {subprocess.py:93} INFO - [0m12:23:27  8 of 8 OK created sql table model marts.obt_sales .............................. [[32mSELECT 5675[0m in 1.70s]
[2024-11-06T12:23:27.726+0000] {subprocess.py:93} INFO - [0m12:23:27
[2024-11-06T12:23:27.727+0000] {subprocess.py:93} INFO - [0m12:23:27  Finished running 8 table models in 0 hours 0 minutes and 2.86 seconds (2.86s).
[2024-11-06T12:23:27.840+0000] {subprocess.py:93} INFO - [0m12:23:27
[2024-11-06T12:23:27.841+0000] {subprocess.py:93} INFO - [0m12:23:27  [32mCompleted successfully[0m
[2024-11-06T12:23:27.842+0000] {subprocess.py:93} INFO - [0m12:23:27
[2024-11-06T12:23:27.845+0000] {subprocess.py:93} INFO - [0m12:23:27  Done. PASS=8 WARN=0 ERROR=0 SKIP=0 TOTAL=8
[2024-11-06T12:23:29.241+0000] {subprocess.py:97} INFO - Command exited with return code 0
[2024-11-06T12:23:29.282+0000] {taskinstance.py:340} INFO - ::group::Post task execution logs
[2024-11-06T12:23:29.283+0000] {taskinstance.py:352} INFO - Marking task as SUCCESS. dag_id=dbt_project_with_ge_dag, task_id=dbt_run, run_id=scheduled__2024-11-05T00:00:00+00:00, execution_date=20241105T000000, start_date=20241106T122320, end_date=20241106T122329
[2024-11-06T12:23:29.347+0000] {local_task_job_runner.py:266} INFO - Task exited with return code 0
[2024-11-06T12:23:29.378+0000] {taskinstance.py:3900} INFO - 1 downstream tasks scheduled from follow-on schedule check
[2024-11-06T12:23:29.380+0000] {local_task_job_runner.py:245} INFO - ::endgroup::
[2024-11-06T12:44:48.393+0000] {local_task_job_runner.py:123} INFO - ::group::Pre task execution logs
[2024-11-06T12:44:48.427+0000] {taskinstance.py:2612} INFO - Dependencies all met for dep_context=non-requeueable deps ti=<TaskInstance: dbt_project_with_ge_dag.dbt_run scheduled__2024-11-05T00:00:00+00:00 [queued]>
[2024-11-06T12:44:48.454+0000] {taskinstance.py:2612} INFO - Dependencies all met for dep_context=requeueable deps ti=<TaskInstance: dbt_project_with_ge_dag.dbt_run scheduled__2024-11-05T00:00:00+00:00 [queued]>
[2024-11-06T12:44:48.455+0000] {taskinstance.py:2865} INFO - Starting attempt 1 of 3
[2024-11-06T12:44:48.484+0000] {taskinstance.py:2888} INFO - Executing <Task(BashOperator): dbt_run> on 2024-11-05 00:00:00+00:00
[2024-11-06T12:44:48.493+0000] {warnings.py:112} WARNING - /home/***/.local/lib/python3.12/site-packages/***/task/task_runner/standard_task_runner.py:70: DeprecationWarning: This process (pid=2933) is multi-threaded, use of fork() may lead to deadlocks in the child.
  pid = os.fork()

[2024-11-06T12:44:48.497+0000] {standard_task_runner.py:72} INFO - Started process 2934 to run task
[2024-11-06T12:44:48.500+0000] {standard_task_runner.py:104} INFO - Running: ['***', 'tasks', 'run', 'dbt_project_with_ge_dag', 'dbt_run', 'scheduled__2024-11-05T00:00:00+00:00', '--job-id', '199', '--raw', '--subdir', 'DAGS_FOLDER/dbt_project_dag.py', '--cfg-path', '/tmp/tmpsufwen2n']
[2024-11-06T12:44:48.501+0000] {standard_task_runner.py:105} INFO - Job 199: Subtask dbt_run
[2024-11-06T12:44:48.607+0000] {task_command.py:467} INFO - Running <TaskInstance: dbt_project_with_ge_dag.dbt_run scheduled__2024-11-05T00:00:00+00:00 [running]> on host 9ecf534049e3
[2024-11-06T12:44:48.774+0000] {taskinstance.py:3131} INFO - Exporting env vars: AIRFLOW_CTX_DAG_OWNER='***' AIRFLOW_CTX_DAG_ID='dbt_project_with_ge_dag' AIRFLOW_CTX_TASK_ID='dbt_run' AIRFLOW_CTX_EXECUTION_DATE='2024-11-05T00:00:00+00:00' AIRFLOW_CTX_TRY_NUMBER='1' AIRFLOW_CTX_DAG_RUN_ID='scheduled__2024-11-05T00:00:00+00:00'
[2024-11-06T12:44:48.775+0000] {taskinstance.py:731} INFO - ::endgroup::
[2024-11-06T12:44:48.797+0000] {subprocess.py:63} INFO - Tmp dir root location: /tmp
[2024-11-06T12:44:48.798+0000] {subprocess.py:75} INFO - Running command: ['/usr/bin/bash', '-c', 'cd /opt/dbt && dbt run']
[2024-11-06T12:44:48.811+0000] {subprocess.py:86} INFO - Output:
[2024-11-06T12:44:54.805+0000] {subprocess.py:93} INFO - [0m12:44:54  Running with dbt=1.8.2
[2024-11-06T12:44:55.483+0000] {subprocess.py:93} INFO - [0m12:44:55  Registered adapter: postgres=1.8.2
[2024-11-06T12:44:56.772+0000] {subprocess.py:93} INFO - [0m12:44:56  Found 8 models, 15 seeds, 42 data tests, 541 macros
[2024-11-06T12:44:56.783+0000] {subprocess.py:93} INFO - [0m12:44:56
[2024-11-06T12:44:57.507+0000] {subprocess.py:93} INFO - [0m12:44:57  Concurrency: 12 threads (target='postgres')
[2024-11-06T12:44:57.517+0000] {subprocess.py:93} INFO - [0m12:44:57
[2024-11-06T12:44:57.625+0000] {subprocess.py:93} INFO - [0m12:44:57  1 of 8 START sql table model marts.dim_address ................................. [RUN]
[2024-11-06T12:44:57.637+0000] {subprocess.py:93} INFO - [0m12:44:57  2 of 8 START sql table model marts.dim_credit_card ............................. [RUN]
[2024-11-06T12:44:57.656+0000] {subprocess.py:93} INFO - [0m12:44:57  3 of 8 START sql table model marts.dim_customer ................................ [RUN]
[2024-11-06T12:44:57.681+0000] {subprocess.py:93} INFO - [0m12:44:57  5 of 8 START sql table model marts.dim_order_status ............................ [RUN]
[2024-11-06T12:44:57.691+0000] {subprocess.py:93} INFO - [0m12:44:57  7 of 8 START sql table model marts.fct_sales ................................... [RUN]
[2024-11-06T12:44:57.710+0000] {subprocess.py:93} INFO - [0m12:44:57  6 of 8 START sql table model marts.dim_product ................................. [RUN]
[2024-11-06T12:44:57.726+0000] {subprocess.py:93} INFO - [0m12:44:57  4 of 8 START sql table model marts.dim_date .................................... [RUN]
[2024-11-06T12:44:58.745+0000] {subprocess.py:93} INFO - [0m12:44:58  4 of 8 OK created sql table model marts.dim_date ............................... [[32mSELECT 731[0m in 0.97s]
[2024-11-06T12:44:58.747+0000] {subprocess.py:93} INFO - [0m12:44:58  2 of 8 OK created sql table model marts.dim_credit_card ........................ [[32mSELECT 1316[0m in 1.03s]
[2024-11-06T12:44:58.750+0000] {subprocess.py:93} INFO - [0m12:44:58  5 of 8 OK created sql table model marts.dim_order_status ....................... [[32mSELECT 1[0m in 1.05s]
[2024-11-06T12:44:58.754+0000] {subprocess.py:93} INFO - [0m12:44:58  6 of 8 OK created sql table model marts.dim_product ............................ [[32mSELECT 504[0m in 1.03s]
[2024-11-06T12:44:58.755+0000] {subprocess.py:93} INFO - [0m12:44:58  1 of 8 OK created sql table model marts.dim_address ............................ [[32mSELECT 1675[0m in 1.10s]
[2024-11-06T12:44:58.771+0000] {subprocess.py:93} INFO - [0m12:44:58  3 of 8 OK created sql table model marts.dim_customer ........................... [[32mSELECT 19820[0m in 1.10s]
[2024-11-06T12:44:58.772+0000] {subprocess.py:93} INFO - [0m12:44:58  7 of 8 OK created sql table model marts.fct_sales .............................. [[32mSELECT 5675[0m in 1.02s]
[2024-11-06T12:44:58.779+0000] {subprocess.py:93} INFO - [0m12:44:58  8 of 8 START sql table model marts.obt_sales ................................... [RUN]
[2024-11-06T12:45:00.167+0000] {subprocess.py:93} INFO - [0m12:45:00  8 of 8 OK created sql table model marts.obt_sales .............................. [[32mSELECT 5675[0m in 1.39s]
[2024-11-06T12:45:00.189+0000] {subprocess.py:93} INFO - [0m12:45:00
[2024-11-06T12:45:00.190+0000] {subprocess.py:93} INFO - [0m12:45:00  Finished running 8 table models in 0 hours 0 minutes and 3.41 seconds (3.41s).
[2024-11-06T12:45:00.259+0000] {subprocess.py:93} INFO - [0m12:45:00
[2024-11-06T12:45:00.260+0000] {subprocess.py:93} INFO - [0m12:45:00  [32mCompleted successfully[0m
[2024-11-06T12:45:00.261+0000] {subprocess.py:93} INFO - [0m12:45:00
[2024-11-06T12:45:00.262+0000] {subprocess.py:93} INFO - [0m12:45:00  Done. PASS=8 WARN=0 ERROR=0 SKIP=0 TOTAL=8
[2024-11-06T12:45:01.272+0000] {subprocess.py:97} INFO - Command exited with return code 0
[2024-11-06T12:45:01.305+0000] {taskinstance.py:340} INFO - ::group::Post task execution logs
[2024-11-06T12:45:01.305+0000] {taskinstance.py:352} INFO - Marking task as SUCCESS. dag_id=dbt_project_with_ge_dag, task_id=dbt_run, run_id=scheduled__2024-11-05T00:00:00+00:00, execution_date=20241105T000000, start_date=20241106T124448, end_date=20241106T124501
[2024-11-06T12:45:01.352+0000] {local_task_job_runner.py:266} INFO - Task exited with return code 0
[2024-11-06T12:45:01.384+0000] {taskinstance.py:3900} INFO - 1 downstream tasks scheduled from follow-on schedule check
[2024-11-06T12:45:01.386+0000] {local_task_job_runner.py:245} INFO - ::endgroup::
