[2024-11-05T13:40:14.648+0000] {local_task_job_runner.py:123} INFO - ::group::Pre task execution logs
[2024-11-05T13:40:14.667+0000] {taskinstance.py:2612} INFO - Dependencies all met for dep_context=non-requeueable deps ti=<TaskInstance: dbt_project_dag.dbt_run manual__2024-11-05T13:39:05.506696+00:00 [queued]>
[2024-11-05T13:40:14.677+0000] {taskinstance.py:2612} INFO - Dependencies all met for dep_context=requeueable deps ti=<TaskInstance: dbt_project_dag.dbt_run manual__2024-11-05T13:39:05.506696+00:00 [queued]>
[2024-11-05T13:40:14.677+0000] {taskinstance.py:2865} INFO - Starting attempt 1 of 3
[2024-11-05T13:40:14.693+0000] {taskinstance.py:2888} INFO - Executing <Task(BashOperator): dbt_run> on 2024-11-05 13:39:05.506696+00:00
[2024-11-05T13:40:14.700+0000] {warnings.py:112} WARNING - /home/***/.local/lib/python3.12/site-packages/***/task/task_runner/standard_task_runner.py:70: DeprecationWarning: This process (pid=142) is multi-threaded, use of fork() may lead to deadlocks in the child.
  pid = os.fork()

[2024-11-05T13:40:14.701+0000] {standard_task_runner.py:72} INFO - Started process 143 to run task
[2024-11-05T13:40:14.701+0000] {standard_task_runner.py:104} INFO - Running: ['***', 'tasks', 'run', 'dbt_project_dag', 'dbt_run', 'manual__2024-11-05T13:39:05.506696+00:00', '--job-id', '93', '--raw', '--subdir', 'DAGS_FOLDER/dbt_project_dag.py', '--cfg-path', '/tmp/tmpr5qfoopr']
[2024-11-05T13:40:14.702+0000] {standard_task_runner.py:105} INFO - Job 93: Subtask dbt_run
[2024-11-05T13:40:14.750+0000] {task_command.py:467} INFO - Running <TaskInstance: dbt_project_dag.dbt_run manual__2024-11-05T13:39:05.506696+00:00 [running]> on host bbd20199defe
[2024-11-05T13:40:14.840+0000] {taskinstance.py:3131} INFO - Exporting env vars: AIRFLOW_CTX_DAG_OWNER='***' AIRFLOW_CTX_DAG_ID='dbt_project_dag' AIRFLOW_CTX_TASK_ID='dbt_run' AIRFLOW_CTX_EXECUTION_DATE='2024-11-05T13:39:05.506696+00:00' AIRFLOW_CTX_TRY_NUMBER='1' AIRFLOW_CTX_DAG_RUN_ID='manual__2024-11-05T13:39:05.506696+00:00'
[2024-11-05T13:40:14.841+0000] {taskinstance.py:731} INFO - ::endgroup::
[2024-11-05T13:40:14.867+0000] {subprocess.py:63} INFO - Tmp dir root location: /tmp
[2024-11-05T13:40:14.868+0000] {subprocess.py:75} INFO - Running command: ['/usr/bin/bash', '-c', 'cd /opt/dbt && dbt run ']
[2024-11-05T13:40:14.881+0000] {subprocess.py:86} INFO - Output:
[2024-11-05T13:40:17.950+0000] {subprocess.py:93} INFO - [0m13:40:17  Running with dbt=1.8.2
[2024-11-05T13:40:18.429+0000] {subprocess.py:93} INFO - [0m13:40:18  Registered adapter: postgres=1.8.2
[2024-11-05T13:40:19.063+0000] {subprocess.py:93} INFO - [0m13:40:19  Found 8 models, 15 seeds, 42 data tests, 541 macros
[2024-11-05T13:40:19.070+0000] {subprocess.py:93} INFO - [0m13:40:19
[2024-11-05T13:40:19.291+0000] {subprocess.py:93} INFO - [0m13:40:19  Concurrency: 12 threads (target='postgres')
[2024-11-05T13:40:19.292+0000] {subprocess.py:93} INFO - [0m13:40:19
[2024-11-05T13:40:19.310+0000] {subprocess.py:93} INFO - [0m13:40:19  1 of 8 START sql table model marts.dim_address ................................. [RUN]
[2024-11-05T13:40:19.312+0000] {subprocess.py:93} INFO - [0m13:40:19  2 of 8 START sql table model marts.dim_credit_card ............................. [RUN]
[2024-11-05T13:40:19.316+0000] {subprocess.py:93} INFO - [0m13:40:19  3 of 8 START sql table model marts.dim_customer ................................ [RUN]
[2024-11-05T13:40:19.319+0000] {subprocess.py:93} INFO - [0m13:40:19  4 of 8 START sql table model marts.dim_date .................................... [RUN]
[2024-11-05T13:40:19.320+0000] {subprocess.py:93} INFO - [0m13:40:19  5 of 8 START sql table model marts.dim_order_status ............................ [RUN]
[2024-11-05T13:40:19.323+0000] {subprocess.py:93} INFO - [0m13:40:19  6 of 8 START sql table model marts.dim_product ................................. [RUN]
[2024-11-05T13:40:19.324+0000] {subprocess.py:93} INFO - [0m13:40:19  7 of 8 START sql table model marts.fct_sales ................................... [RUN]
[2024-11-05T13:40:20.037+0000] {subprocess.py:93} INFO - [0m13:40:20  5 of 8 OK created sql table model marts.dim_order_status ....................... [[32mSELECT 1[0m in 0.70s]
[2024-11-05T13:40:20.040+0000] {subprocess.py:93} INFO - [0m13:40:20  4 of 8 OK created sql table model marts.dim_date ............................... [[32mSELECT 731[0m in 0.71s]
[2024-11-05T13:40:20.042+0000] {subprocess.py:93} INFO - [0m13:40:20  1 of 8 OK created sql table model marts.dim_address ............................ [[32mSELECT 1675[0m in 0.72s]
[2024-11-05T13:40:20.043+0000] {subprocess.py:93} INFO - [0m13:40:20  6 of 8 OK created sql table model marts.dim_product ............................ [[32mSELECT 504[0m in 0.70s]
[2024-11-05T13:40:20.044+0000] {subprocess.py:93} INFO - [0m13:40:20  2 of 8 OK created sql table model marts.dim_credit_card ........................ [[32mSELECT 1316[0m in 0.71s]
[2024-11-05T13:40:20.048+0000] {subprocess.py:93} INFO - [0m13:40:20  3 of 8 OK created sql table model marts.dim_customer ........................... [[32mSELECT 19820[0m in 0.72s]
[2024-11-05T13:40:20.052+0000] {subprocess.py:93} INFO - [0m13:40:20  7 of 8 OK created sql table model marts.fct_sales .............................. [[32mSELECT 5675[0m in 0.69s]
[2024-11-05T13:40:20.060+0000] {subprocess.py:93} INFO - [0m13:40:20  8 of 8 START sql table model marts.obt_sales ................................... [RUN]
[2024-11-05T13:40:22.370+0000] {subprocess.py:93} INFO - [0m13:40:22  8 of 8 OK created sql table model marts.obt_sales .............................. [[32mSELECT 5675[0m in 2.30s]
[2024-11-05T13:40:22.427+0000] {subprocess.py:93} INFO - [0m13:40:22
[2024-11-05T13:40:22.430+0000] {subprocess.py:93} INFO - [0m13:40:22  Finished running 8 table models in 0 hours 0 minutes and 3.36 seconds (3.36s).
[2024-11-05T13:40:22.532+0000] {subprocess.py:93} INFO - [0m13:40:22
[2024-11-05T13:40:22.532+0000] {subprocess.py:93} INFO - [0m13:40:22  [32mCompleted successfully[0m
[2024-11-05T13:40:22.533+0000] {subprocess.py:93} INFO - [0m13:40:22
[2024-11-05T13:40:22.534+0000] {subprocess.py:93} INFO - [0m13:40:22  Done. PASS=8 WARN=0 ERROR=0 SKIP=0 TOTAL=8
[2024-11-05T13:40:24.261+0000] {subprocess.py:97} INFO - Command exited with return code 0
[2024-11-05T13:40:24.323+0000] {taskinstance.py:340} INFO - ::group::Post task execution logs
[2024-11-05T13:40:24.324+0000] {taskinstance.py:352} INFO - Marking task as SUCCESS. dag_id=dbt_project_dag, task_id=dbt_run, run_id=manual__2024-11-05T13:39:05.506696+00:00, execution_date=20241105T133905, start_date=20241105T134014, end_date=20241105T134024
[2024-11-05T13:40:24.391+0000] {local_task_job_runner.py:266} INFO - Task exited with return code 0
[2024-11-05T13:40:24.453+0000] {taskinstance.py:3900} INFO - 1 downstream tasks scheduled from follow-on schedule check
[2024-11-05T13:40:24.459+0000] {local_task_job_runner.py:245} INFO - ::endgroup::
