[2024-11-05T13:52:59.354+0000] {local_task_job_runner.py:123} INFO - ::group::Pre task execution logs
[2024-11-05T13:52:59.388+0000] {taskinstance.py:2612} INFO - Dependencies all met for dep_context=non-requeueable deps ti=<TaskInstance: dbt_docs_serve_dag.dbt_docs_serve manual__2024-11-05T13:52:57.773855+00:00 [queued]>
[2024-11-05T13:52:59.404+0000] {taskinstance.py:2612} INFO - Dependencies all met for dep_context=requeueable deps ti=<TaskInstance: dbt_docs_serve_dag.dbt_docs_serve manual__2024-11-05T13:52:57.773855+00:00 [queued]>
[2024-11-05T13:52:59.405+0000] {taskinstance.py:2865} INFO - Starting attempt 1 of 2
[2024-11-05T13:52:59.441+0000] {taskinstance.py:2888} INFO - Executing <Task(BashOperator): dbt_docs_serve> on 2024-11-05 13:52:57.773855+00:00
[2024-11-05T13:52:59.463+0000] {warnings.py:112} WARNING - /home/***/.local/lib/python3.12/site-packages/***/task/task_runner/standard_task_runner.py:70: DeprecationWarning: This process (pid=545) is multi-threaded, use of fork() may lead to deadlocks in the child.
  pid = os.fork()

[2024-11-05T13:52:59.465+0000] {standard_task_runner.py:72} INFO - Started process 546 to run task
[2024-11-05T13:52:59.469+0000] {standard_task_runner.py:104} INFO - Running: ['***', 'tasks', 'run', 'dbt_docs_serve_dag', 'dbt_docs_serve', 'manual__2024-11-05T13:52:57.773855+00:00', '--job-id', '112', '--raw', '--subdir', 'DAGS_FOLDER/dbt_docs_serve_dag.py', '--cfg-path', '/tmp/tmp_f6zw5bo']
[2024-11-05T13:52:59.473+0000] {standard_task_runner.py:105} INFO - Job 112: Subtask dbt_docs_serve
[2024-11-05T13:52:59.602+0000] {task_command.py:467} INFO - Running <TaskInstance: dbt_docs_serve_dag.dbt_docs_serve manual__2024-11-05T13:52:57.773855+00:00 [running]> on host bbd20199defe
[2024-11-05T13:52:59.913+0000] {taskinstance.py:3131} INFO - Exporting env vars: AIRFLOW_CTX_DAG_OWNER='***' AIRFLOW_CTX_DAG_ID='dbt_docs_serve_dag' AIRFLOW_CTX_TASK_ID='dbt_docs_serve' AIRFLOW_CTX_EXECUTION_DATE='2024-11-05T13:52:57.773855+00:00' AIRFLOW_CTX_TRY_NUMBER='1' AIRFLOW_CTX_DAG_RUN_ID='manual__2024-11-05T13:52:57.773855+00:00'
[2024-11-05T13:52:59.914+0000] {taskinstance.py:731} INFO - ::endgroup::
[2024-11-05T13:52:59.961+0000] {subprocess.py:63} INFO - Tmp dir root location: /tmp
[2024-11-05T13:52:59.963+0000] {subprocess.py:75} INFO - Running command: ['/usr/bin/bash', '-c', 'cd /opt/dbt && nohup dbt docs serve --port 8001 &']
[2024-11-05T13:52:59.983+0000] {subprocess.py:86} INFO - Output:
[2024-11-05T13:53:04.720+0000] {subprocess.py:93} INFO - [0m13:53:04  Running with dbt=1.8.2
[2024-11-05T13:53:05.184+0000] {subprocess.py:93} INFO - Serving docs at 8001
[2024-11-05T13:53:05.185+0000] {subprocess.py:93} INFO - To access from your browser, navigate to: http://localhost:8001
[2024-11-05T13:53:05.186+0000] {subprocess.py:93} INFO - 
[2024-11-05T13:53:05.187+0000] {subprocess.py:93} INFO - 
[2024-11-05T13:53:05.187+0000] {subprocess.py:93} INFO - 
[2024-11-05T13:53:05.188+0000] {subprocess.py:93} INFO - Press Ctrl+C to exit.
