[2024-11-06T12:24:24.660+0000] {local_task_job_runner.py:123} INFO - ::group::Pre task execution logs
[2024-11-06T12:24:24.680+0000] {taskinstance.py:2612} INFO - Dependencies all met for dep_context=non-requeueable deps ti=<TaskInstance: dbt_project_with_ge_dag.dbt_seed manual__2024-11-06T12:22:14.741260+00:00 [queued]>
[2024-11-06T12:24:24.693+0000] {taskinstance.py:2612} INFO - Dependencies all met for dep_context=requeueable deps ti=<TaskInstance: dbt_project_with_ge_dag.dbt_seed manual__2024-11-06T12:22:14.741260+00:00 [queued]>
[2024-11-06T12:24:24.693+0000] {taskinstance.py:2865} INFO - Starting attempt 1 of 3
[2024-11-06T12:24:24.710+0000] {taskinstance.py:2888} INFO - Executing <Task(BashOperator): dbt_seed> on 2024-11-06 12:22:14.741260+00:00
[2024-11-06T12:24:24.716+0000] {warnings.py:112} WARNING - /home/***/.local/lib/python3.12/site-packages/***/task/task_runner/standard_task_runner.py:70: DeprecationWarning: This process (pid=2455) is multi-threaded, use of fork() may lead to deadlocks in the child.
  pid = os.fork()

[2024-11-06T12:24:24.717+0000] {standard_task_runner.py:72} INFO - Started process 2456 to run task
[2024-11-06T12:24:24.718+0000] {standard_task_runner.py:104} INFO - Running: ['***', 'tasks', 'run', 'dbt_project_with_ge_dag', 'dbt_seed', 'manual__2024-11-06T12:22:14.741260+00:00', '--job-id', '187', '--raw', '--subdir', 'DAGS_FOLDER/dbt_project_dag.py', '--cfg-path', '/tmp/tmplqov6rjv']
[2024-11-06T12:24:24.720+0000] {standard_task_runner.py:105} INFO - Job 187: Subtask dbt_seed
[2024-11-06T12:24:24.776+0000] {task_command.py:467} INFO - Running <TaskInstance: dbt_project_with_ge_dag.dbt_seed manual__2024-11-06T12:22:14.741260+00:00 [running]> on host 9ecf534049e3
[2024-11-06T12:24:24.876+0000] {taskinstance.py:3131} INFO - Exporting env vars: AIRFLOW_CTX_DAG_OWNER='***' AIRFLOW_CTX_DAG_ID='dbt_project_with_ge_dag' AIRFLOW_CTX_TASK_ID='dbt_seed' AIRFLOW_CTX_EXECUTION_DATE='2024-11-06T12:22:14.741260+00:00' AIRFLOW_CTX_TRY_NUMBER='1' AIRFLOW_CTX_DAG_RUN_ID='manual__2024-11-06T12:22:14.741260+00:00'
[2024-11-06T12:24:24.877+0000] {taskinstance.py:731} INFO - ::endgroup::
[2024-11-06T12:24:24.895+0000] {subprocess.py:63} INFO - Tmp dir root location: /tmp
[2024-11-06T12:24:24.896+0000] {subprocess.py:75} INFO - Running command: ['/usr/bin/bash', '-c', 'cd /opt/dbt && dbt seed']
[2024-11-06T12:24:24.906+0000] {subprocess.py:86} INFO - Output:
[2024-11-06T12:24:28.302+0000] {subprocess.py:93} INFO - [0m12:24:28  Running with dbt=1.8.2
[2024-11-06T12:24:28.761+0000] {subprocess.py:93} INFO - [0m12:24:28  Registered adapter: postgres=1.8.2
[2024-11-06T12:24:29.349+0000] {subprocess.py:93} INFO - [0m12:24:29  Found 8 models, 15 seeds, 42 data tests, 541 macros
[2024-11-06T12:24:29.355+0000] {subprocess.py:93} INFO - [0m12:24:29
[2024-11-06T12:24:29.636+0000] {subprocess.py:93} INFO - [0m12:24:29  Concurrency: 12 threads (target='postgres')
[2024-11-06T12:24:29.637+0000] {subprocess.py:93} INFO - [0m12:24:29
[2024-11-06T12:24:29.654+0000] {subprocess.py:93} INFO - [0m12:24:29  1 of 15 START seed file person.address ......................................... [RUN]
[2024-11-06T12:24:29.658+0000] {subprocess.py:93} INFO - [0m12:24:29  2 of 15 START seed file person.countryregion ................................... [RUN]
[2024-11-06T12:24:29.667+0000] {subprocess.py:93} INFO - [0m12:24:29  3 of 15 START seed file sales.creditcard ....................................... [RUN]
[2024-11-06T12:24:29.672+0000] {subprocess.py:93} INFO - [0m12:24:29  4 of 15 START seed file sales.customer ......................................... [RUN]
[2024-11-06T12:24:29.673+0000] {subprocess.py:93} INFO - [0m12:24:29  5 of 15 START seed file date.date .............................................. [RUN]
[2024-11-06T12:24:29.674+0000] {subprocess.py:93} INFO - [0m12:24:29  6 of 15 START seed file person.person .......................................... [RUN]
[2024-11-06T12:24:29.675+0000] {subprocess.py:93} INFO - [0m12:24:29  7 of 15 START seed file production.product ..................................... [RUN]
[2024-11-06T12:24:29.677+0000] {subprocess.py:93} INFO - [0m12:24:29  8 of 15 START seed file production.productcategory ............................. [RUN]
[2024-11-06T12:24:29.678+0000] {subprocess.py:93} INFO - [0m12:24:29  9 of 15 START seed file production.productsubcategory .......................... [RUN]
[2024-11-06T12:24:29.679+0000] {subprocess.py:93} INFO - [0m12:24:29  10 of 15 START seed file sales.salesorderdetail ................................ [RUN]
[2024-11-06T12:24:29.681+0000] {subprocess.py:93} INFO - [0m12:24:29  11 of 15 START seed file sales.salesorderheader ................................ [RUN]
[2024-11-06T12:24:29.682+0000] {subprocess.py:93} INFO - [0m12:24:29  12 of 15 START seed file sales.salesorderheadersalesreason ..................... [RUN]
[2024-11-06T12:24:35.688+0000] {subprocess.py:93} INFO - [0m12:24:35  9 of 15 OK loaded seed file production.productsubcategory ...................... [[32mINSERT 37[0m in 5.48s]
[2024-11-06T12:24:36.776+0000] {subprocess.py:93} INFO - [0m12:24:36  8 of 15 OK loaded seed file production.productcategory ......................... [[32mINSERT 4[0m in 6.55s]
[2024-11-06T12:24:36.827+0000] {subprocess.py:93} INFO - [0m12:24:36  2 of 15 OK loaded seed file person.countryregion ............................... [[32mINSERT 238[0m in 6.81s]
[2024-11-06T12:24:37.005+0000] {subprocess.py:93} INFO - [0m12:24:37  13 of 15 START seed file sales.salesreason ..................................... [RUN]
[2024-11-06T12:24:37.926+0000] {subprocess.py:93} INFO - [0m12:24:37  15 of 15 START seed file sales.store ........................................... [RUN]
[2024-11-06T12:24:38.007+0000] {subprocess.py:93} INFO - [0m12:24:38  14 of 15 START seed file person.stateprovince .................................. [RUN]
[2024-11-06T12:24:43.165+0000] {subprocess.py:93} INFO - [0m12:24:43  7 of 15 OK loaded seed file production.product ................................. [[32mINSERT 504[0m in 13.31s]
[2024-11-06T12:24:43.775+0000] {subprocess.py:93} INFO - [0m12:24:43  12 of 15 OK loaded seed file sales.salesorderheadersalesreason ................. [[32mINSERT 1710[0m in 12.80s]
[2024-11-06T12:24:44.311+0000] {subprocess.py:93} INFO - [0m12:24:44  5 of 15 OK loaded seed file date.date .......................................... [[32mINSERT 731[0m in 13.75s]
[2024-11-06T12:24:47.814+0000] {subprocess.py:93} INFO - [0m12:24:47  13 of 15 OK loaded seed file sales.salesreason ................................. [[32mINSERT 10[0m in 9.97s]
[2024-11-06T12:24:48.325+0000] {subprocess.py:93} INFO - [0m12:24:48  14 of 15 OK loaded seed file person.stateprovince .............................. [[32mINSERT 181[0m in 9.69s]
[2024-11-06T12:24:49.497+0000] {subprocess.py:93} INFO - [0m12:24:49  1 of 15 OK loaded seed file person.address ..................................... [[32mINSERT 1675[0m in 19.70s]
[2024-11-06T12:24:49.959+0000] {subprocess.py:93} INFO - [0m12:24:49  15 of 15 OK loaded seed file sales.store ....................................... [[32mINSERT 701[0m in 11.26s]
[2024-11-06T12:24:53.635+0000] {subprocess.py:93} INFO - [0m12:24:53  6 of 15 OK loaded seed file person.person ...................................... [[32mINSERT 2057[0m in 23.93s]
[2024-11-06T12:24:59.799+0000] {subprocess.py:93} INFO - [0m12:24:59  11 of 15 OK loaded seed file sales.salesorderheader ............................ [[32mINSERT 1566[0m in 30.02s]
[2024-11-06T12:25:06.510+0000] {subprocess.py:93} INFO - [0m12:25:06  10 of 15 OK loaded seed file sales.salesorderdetail ............................ [[32mINSERT 5716[0m in 36.81s]
[2024-11-06T12:25:12.319+0000] {subprocess.py:93} INFO - [0m12:25:12  4 of 15 OK loaded seed file sales.customer ..................................... [[32mINSERT 19820[0m in 42.63s]
[2024-11-06T12:25:17.357+0000] {subprocess.py:93} INFO - [0m12:25:17  3 of 15 OK loaded seed file sales.creditcard ................................... [[32mINSERT 19118[0m in 47.68s]
[2024-11-06T12:25:17.390+0000] {subprocess.py:93} INFO - [0m12:25:17
[2024-11-06T12:25:17.391+0000] {subprocess.py:93} INFO - [0m12:25:17  Finished running 15 seeds in 0 hours 0 minutes and 48.03 seconds (48.03s).
[2024-11-06T12:25:17.480+0000] {subprocess.py:93} INFO - [0m12:25:17
[2024-11-06T12:25:17.481+0000] {subprocess.py:93} INFO - [0m12:25:17  [32mCompleted successfully[0m
[2024-11-06T12:25:17.482+0000] {subprocess.py:93} INFO - [0m12:25:17
[2024-11-06T12:25:17.483+0000] {subprocess.py:93} INFO - [0m12:25:17  Done. PASS=15 WARN=0 ERROR=0 SKIP=0 TOTAL=15
[2024-11-06T12:25:19.314+0000] {subprocess.py:97} INFO - Command exited with return code 0
[2024-11-06T12:25:19.362+0000] {taskinstance.py:340} INFO - ::group::Post task execution logs
[2024-11-06T12:25:19.362+0000] {taskinstance.py:352} INFO - Marking task as SUCCESS. dag_id=dbt_project_with_ge_dag, task_id=dbt_seed, run_id=manual__2024-11-06T12:22:14.741260+00:00, execution_date=20241106T122214, start_date=20241106T122424, end_date=20241106T122519
[2024-11-06T12:25:19.435+0000] {local_task_job_runner.py:266} INFO - Task exited with return code 0
[2024-11-06T12:25:19.501+0000] {taskinstance.py:3900} INFO - 1 downstream tasks scheduled from follow-on schedule check
[2024-11-06T12:25:19.507+0000] {local_task_job_runner.py:245} INFO - ::endgroup::
