[2024-11-05T13:42:08.549+0000] {local_task_job_runner.py:123} INFO - ::group::Pre task execution logs
[2024-11-05T13:42:08.574+0000] {taskinstance.py:2612} INFO - Dependencies all met for dep_context=non-requeueable deps ti=<TaskInstance: dbt_project_dag.dbt_docs_generate scheduled__2024-11-04T00:00:00+00:00 [queued]>
[2024-11-05T13:42:08.589+0000] {taskinstance.py:2612} INFO - Dependencies all met for dep_context=requeueable deps ti=<TaskInstance: dbt_project_dag.dbt_docs_generate scheduled__2024-11-04T00:00:00+00:00 [queued]>
[2024-11-05T13:42:08.589+0000] {taskinstance.py:2865} INFO - Starting attempt 1 of 3
[2024-11-05T13:42:08.610+0000] {taskinstance.py:2888} INFO - Executing <Task(BashOperator): dbt_docs_generate> on 2024-11-04 00:00:00+00:00
[2024-11-05T13:42:08.619+0000] {warnings.py:112} WARNING - /home/***/.local/lib/python3.12/site-packages/***/task/task_runner/standard_task_runner.py:70: DeprecationWarning: This process (pid=331) is multi-threaded, use of fork() may lead to deadlocks in the child.
  pid = os.fork()

[2024-11-05T13:42:08.621+0000] {standard_task_runner.py:72} INFO - Started process 332 to run task
[2024-11-05T13:42:08.621+0000] {standard_task_runner.py:104} INFO - Running: ['***', 'tasks', 'run', 'dbt_project_dag', 'dbt_docs_generate', 'scheduled__2024-11-04T00:00:00+00:00', '--job-id', '100', '--raw', '--subdir', 'DAGS_FOLDER/dbt_project_dag.py', '--cfg-path', '/tmp/tmpcoybjdki']
[2024-11-05T13:42:08.622+0000] {standard_task_runner.py:105} INFO - Job 100: Subtask dbt_docs_generate
[2024-11-05T13:42:08.688+0000] {task_command.py:467} INFO - Running <TaskInstance: dbt_project_dag.dbt_docs_generate scheduled__2024-11-04T00:00:00+00:00 [running]> on host bbd20199defe
[2024-11-05T13:42:08.815+0000] {taskinstance.py:3131} INFO - Exporting env vars: AIRFLOW_CTX_DAG_OWNER='***' AIRFLOW_CTX_DAG_ID='dbt_project_dag' AIRFLOW_CTX_TASK_ID='dbt_docs_generate' AIRFLOW_CTX_EXECUTION_DATE='2024-11-04T00:00:00+00:00' AIRFLOW_CTX_TRY_NUMBER='1' AIRFLOW_CTX_DAG_RUN_ID='scheduled__2024-11-04T00:00:00+00:00'
[2024-11-05T13:42:08.815+0000] {taskinstance.py:731} INFO - ::endgroup::
[2024-11-05T13:42:08.836+0000] {subprocess.py:63} INFO - Tmp dir root location: /tmp
[2024-11-05T13:42:08.837+0000] {subprocess.py:75} INFO - Running command: ['/usr/bin/bash', '-c', 'cd /opt/dbt && dbt docs generate ']
[2024-11-05T13:42:08.850+0000] {subprocess.py:86} INFO - Output:
[2024-11-05T13:42:12.111+0000] {subprocess.py:93} INFO - [0m13:42:12  Running with dbt=1.8.2
[2024-11-05T13:42:12.471+0000] {subprocess.py:93} INFO - [0m13:42:12  Registered adapter: postgres=1.8.2
[2024-11-05T13:42:12.904+0000] {subprocess.py:93} INFO - [0m13:42:12  Found 8 models, 15 seeds, 42 data tests, 541 macros
[2024-11-05T13:42:12.914+0000] {subprocess.py:93} INFO - [0m13:42:12
[2024-11-05T13:42:13.106+0000] {subprocess.py:93} INFO - [0m13:42:13  Concurrency: 12 threads (target='postgres')
[2024-11-05T13:42:13.107+0000] {subprocess.py:93} INFO - [0m13:42:13
[2024-11-05T13:42:14.851+0000] {subprocess.py:93} INFO - [0m13:42:14  Building catalog
[2024-11-05T13:42:15.070+0000] {subprocess.py:93} INFO - [0m13:42:15  Catalog written to /opt/dbt/target/catalog.json
[2024-11-05T13:42:17.067+0000] {subprocess.py:97} INFO - Command exited with return code 0
[2024-11-05T13:42:17.097+0000] {taskinstance.py:340} INFO - ::group::Post task execution logs
[2024-11-05T13:42:17.097+0000] {taskinstance.py:352} INFO - Marking task as SUCCESS. dag_id=dbt_project_dag, task_id=dbt_docs_generate, run_id=scheduled__2024-11-04T00:00:00+00:00, execution_date=20241104T000000, start_date=20241105T134208, end_date=20241105T134217
[2024-11-05T13:42:17.136+0000] {local_task_job_runner.py:266} INFO - Task exited with return code 0
[2024-11-05T13:42:17.153+0000] {taskinstance.py:3900} INFO - 0 downstream tasks scheduled from follow-on schedule check
[2024-11-05T13:42:17.154+0000] {local_task_job_runner.py:245} INFO - ::endgroup::
