[2024-11-07T11:31:05.744+0000] {local_task_job_runner.py:123} INFO - ::group::Pre task execution logs
[2024-11-07T11:31:05.764+0000] {taskinstance.py:2612} INFO - Dependencies all met for dep_context=non-requeueable deps ti=<TaskInstance: dbt_project_dag.dbt_run scheduled__2024-11-06T00:00:00+00:00 [queued]>
[2024-11-07T11:31:05.774+0000] {taskinstance.py:2612} INFO - Dependencies all met for dep_context=requeueable deps ti=<TaskInstance: dbt_project_dag.dbt_run scheduled__2024-11-06T00:00:00+00:00 [queued]>
[2024-11-07T11:31:05.775+0000] {taskinstance.py:2865} INFO - Starting attempt 1 of 3
[2024-11-07T11:31:05.790+0000] {taskinstance.py:2888} INFO - Executing <Task(BashOperator): dbt_run> on 2024-11-06 00:00:00+00:00
[2024-11-07T11:31:05.797+0000] {warnings.py:112} WARNING - /home/***/.local/lib/python3.12/site-packages/***/task/task_runner/standard_task_runner.py:70: DeprecationWarning: This process (pid=106) is multi-threaded, use of fork() may lead to deadlocks in the child.
  pid = os.fork()

[2024-11-07T11:31:05.798+0000] {standard_task_runner.py:72} INFO - Started process 107 to run task
[2024-11-07T11:31:05.799+0000] {standard_task_runner.py:104} INFO - Running: ['***', 'tasks', 'run', 'dbt_project_dag', 'dbt_run', 'scheduled__2024-11-06T00:00:00+00:00', '--job-id', '212', '--raw', '--subdir', 'DAGS_FOLDER/dbt_project_dag.py', '--cfg-path', '/tmp/tmp_x8219v3']
[2024-11-07T11:31:05.800+0000] {standard_task_runner.py:105} INFO - Job 212: Subtask dbt_run
[2024-11-07T11:31:05.850+0000] {task_command.py:467} INFO - Running <TaskInstance: dbt_project_dag.dbt_run scheduled__2024-11-06T00:00:00+00:00 [running]> on host 18e24c545bae
[2024-11-07T11:31:05.950+0000] {taskinstance.py:3131} INFO - Exporting env vars: AIRFLOW_CTX_DAG_OWNER='***' AIRFLOW_CTX_DAG_ID='dbt_project_dag' AIRFLOW_CTX_TASK_ID='dbt_run' AIRFLOW_CTX_EXECUTION_DATE='2024-11-06T00:00:00+00:00' AIRFLOW_CTX_TRY_NUMBER='1' AIRFLOW_CTX_DAG_RUN_ID='scheduled__2024-11-06T00:00:00+00:00'
[2024-11-07T11:31:05.951+0000] {taskinstance.py:731} INFO - ::endgroup::
[2024-11-07T11:31:05.967+0000] {subprocess.py:63} INFO - Tmp dir root location: /tmp
[2024-11-07T11:31:05.968+0000] {subprocess.py:75} INFO - Running command: ['/usr/bin/bash', '-c', 'cd /opt/dbt && dbt run']
[2024-11-07T11:31:05.980+0000] {subprocess.py:86} INFO - Output:
[2024-11-07T11:31:08.780+0000] {subprocess.py:93} INFO - [0m11:31:08  Running with dbt=1.8.2
[2024-11-07T11:31:09.116+0000] {subprocess.py:93} INFO - [0m11:31:09  Registered adapter: postgres=1.8.2
[2024-11-07T11:31:09.606+0000] {subprocess.py:93} INFO - [0m11:31:09  Found 8 models, 15 seeds, 42 data tests, 541 macros
[2024-11-07T11:31:09.611+0000] {subprocess.py:93} INFO - [0m11:31:09
[2024-11-07T11:31:09.808+0000] {subprocess.py:93} INFO - [0m11:31:09  Concurrency: 12 threads (target='postgres')
[2024-11-07T11:31:09.809+0000] {subprocess.py:93} INFO - [0m11:31:09
[2024-11-07T11:31:09.822+0000] {subprocess.py:93} INFO - [0m11:31:09  1 of 8 START sql table model marts.dim_address ................................. [RUN]
[2024-11-07T11:31:09.824+0000] {subprocess.py:93} INFO - [0m11:31:09  2 of 8 START sql table model marts.dim_credit_card ............................. [RUN]
[2024-11-07T11:31:09.827+0000] {subprocess.py:93} INFO - [0m11:31:09  3 of 8 START sql table model marts.dim_customer ................................ [RUN]
[2024-11-07T11:31:09.828+0000] {subprocess.py:93} INFO - [0m11:31:09  4 of 8 START sql table model marts.dim_date .................................... [RUN]
[2024-11-07T11:31:09.828+0000] {subprocess.py:93} INFO - [0m11:31:09  5 of 8 START sql table model marts.dim_order_status ............................ [RUN]
[2024-11-07T11:31:09.831+0000] {subprocess.py:93} INFO - [0m11:31:09  6 of 8 START sql table model marts.dim_product ................................. [RUN]
[2024-11-07T11:31:09.832+0000] {subprocess.py:93} INFO - [0m11:31:09  7 of 8 START sql table model marts.fct_sales ................................... [RUN]
[2024-11-07T11:31:10.433+0000] {subprocess.py:93} INFO - [0m11:31:10  6 of 8 OK created sql table model marts.dim_product ............................ [[32mSELECT 504[0m in 0.58s]
[2024-11-07T11:31:10.444+0000] {subprocess.py:93} INFO - [0m11:31:10  2 of 8 OK created sql table model marts.dim_credit_card ........................ [[32mSELECT 1316[0m in 0.60s]
[2024-11-07T11:31:10.445+0000] {subprocess.py:93} INFO - [0m11:31:10  1 of 8 OK created sql table model marts.dim_address ............................ [[32mSELECT 1675[0m in 0.61s]
[2024-11-07T11:31:10.446+0000] {subprocess.py:93} INFO - [0m11:31:10  7 of 8 OK created sql table model marts.fct_sales .............................. [[32mSELECT 5675[0m in 0.60s]
[2024-11-07T11:31:10.447+0000] {subprocess.py:93} INFO - [0m11:31:10  5 of 8 OK created sql table model marts.dim_order_status ....................... [[32mSELECT 1[0m in 0.61s]
[2024-11-07T11:31:10.448+0000] {subprocess.py:93} INFO - [0m11:31:10  4 of 8 OK created sql table model marts.dim_date ............................... [[32mSELECT 731[0m in 0.61s]
[2024-11-07T11:31:10.450+0000] {subprocess.py:93} INFO - [0m11:31:10  3 of 8 OK created sql table model marts.dim_customer ........................... [[32mSELECT 19820[0m in 0.61s]
[2024-11-07T11:31:10.458+0000] {subprocess.py:93} INFO - [0m11:31:10  8 of 8 START sql table model marts.obt_sales ................................... [RUN]
[2024-11-07T11:31:12.058+0000] {subprocess.py:93} INFO - [0m11:31:12  8 of 8 OK created sql table model marts.obt_sales .............................. [[32mSELECT 5675[0m in 1.60s]
[2024-11-07T11:31:12.079+0000] {subprocess.py:93} INFO - [0m11:31:12
[2024-11-07T11:31:12.080+0000] {subprocess.py:93} INFO - [0m11:31:12  Finished running 8 table models in 0 hours 0 minutes and 2.47 seconds (2.47s).
[2024-11-07T11:31:12.139+0000] {subprocess.py:93} INFO - [0m11:31:12
[2024-11-07T11:31:12.140+0000] {subprocess.py:93} INFO - [0m11:31:12  [32mCompleted successfully[0m
[2024-11-07T11:31:12.141+0000] {subprocess.py:93} INFO - [0m11:31:12
[2024-11-07T11:31:12.141+0000] {subprocess.py:93} INFO - [0m11:31:12  Done. PASS=8 WARN=0 ERROR=0 SKIP=0 TOTAL=8
[2024-11-07T11:31:13.314+0000] {subprocess.py:97} INFO - Command exited with return code 0
[2024-11-07T11:31:13.339+0000] {taskinstance.py:340} INFO - ::group::Post task execution logs
[2024-11-07T11:31:13.340+0000] {taskinstance.py:352} INFO - Marking task as SUCCESS. dag_id=dbt_project_dag, task_id=dbt_run, run_id=scheduled__2024-11-06T00:00:00+00:00, execution_date=20241106T000000, start_date=20241107T113105, end_date=20241107T113113
[2024-11-07T11:31:13.388+0000] {local_task_job_runner.py:266} INFO - Task exited with return code 0
[2024-11-07T11:31:13.416+0000] {taskinstance.py:3900} INFO - 1 downstream tasks scheduled from follow-on schedule check
[2024-11-07T11:31:13.418+0000] {local_task_job_runner.py:245} INFO - ::endgroup::
