[2024-11-05T13:20:11.123+0000] {local_task_job_runner.py:123} INFO - ::group::Pre task execution logs
[2024-11-05T13:20:11.160+0000] {taskinstance.py:2612} INFO - Dependencies all met for dep_context=non-requeueable deps ti=<TaskInstance: dbt_project_dag.dbt_seed manual__2024-11-05T13:20:01.996135+00:00 [queued]>
[2024-11-05T13:20:11.179+0000] {taskinstance.py:2612} INFO - Dependencies all met for dep_context=requeueable deps ti=<TaskInstance: dbt_project_dag.dbt_seed manual__2024-11-05T13:20:01.996135+00:00 [queued]>
[2024-11-05T13:20:11.180+0000] {taskinstance.py:2865} INFO - Starting attempt 1 of 2
[2024-11-05T13:20:11.203+0000] {taskinstance.py:2888} INFO - Executing <Task(BashOperator): dbt_seed> on 2024-11-05 13:20:01.996135+00:00
[2024-11-05T13:20:11.211+0000] {warnings.py:112} WARNING - /home/***/.local/lib/python3.12/site-packages/***/task/task_runner/standard_task_runner.py:70: DeprecationWarning: This process (pid=925) is multi-threaded, use of fork() may lead to deadlocks in the child.
  pid = os.fork()

[2024-11-05T13:20:11.213+0000] {standard_task_runner.py:72} INFO - Started process 926 to run task
[2024-11-05T13:20:11.214+0000] {standard_task_runner.py:104} INFO - Running: ['***', 'tasks', 'run', 'dbt_project_dag', 'dbt_seed', 'manual__2024-11-05T13:20:01.996135+00:00', '--job-id', '82', '--raw', '--subdir', 'DAGS_FOLDER/dbt_project_dag.py', '--cfg-path', '/tmp/tmp73iqb5qy']
[2024-11-05T13:20:11.216+0000] {standard_task_runner.py:105} INFO - Job 82: Subtask dbt_seed
[2024-11-05T13:20:11.292+0000] {task_command.py:467} INFO - Running <TaskInstance: dbt_project_dag.dbt_seed manual__2024-11-05T13:20:01.996135+00:00 [running]> on host e36b82c08833
[2024-11-05T13:20:11.488+0000] {taskinstance.py:3131} INFO - Exporting env vars: AIRFLOW_CTX_DAG_OWNER='***' AIRFLOW_CTX_DAG_ID='dbt_project_dag' AIRFLOW_CTX_TASK_ID='dbt_seed' AIRFLOW_CTX_EXECUTION_DATE='2024-11-05T13:20:01.996135+00:00' AIRFLOW_CTX_TRY_NUMBER='1' AIRFLOW_CTX_DAG_RUN_ID='manual__2024-11-05T13:20:01.996135+00:00'
[2024-11-05T13:20:11.494+0000] {taskinstance.py:731} INFO - ::endgroup::
[2024-11-05T13:20:11.552+0000] {subprocess.py:63} INFO - Tmp dir root location: /tmp
[2024-11-05T13:20:11.555+0000] {subprocess.py:75} INFO - Running command: ['/usr/bin/bash', '-c', 'cd /opt/dbt && dbt seed']
[2024-11-05T13:20:11.578+0000] {subprocess.py:86} INFO - Output:
[2024-11-05T13:20:15.032+0000] {subprocess.py:93} INFO - [0m13:20:15  Running with dbt=1.8.2
[2024-11-05T13:20:15.379+0000] {subprocess.py:93} INFO - [0m13:20:15  Registered adapter: postgres=1.8.2
[2024-11-05T13:20:15.838+0000] {subprocess.py:93} INFO - [0m13:20:15  Found 8 models, 15 seeds, 42 data tests, 541 macros
[2024-11-05T13:20:15.844+0000] {subprocess.py:93} INFO - [0m13:20:15
[2024-11-05T13:20:16.049+0000] {subprocess.py:93} INFO - [0m13:20:16  Concurrency: 12 threads (target='postgres')
[2024-11-05T13:20:16.050+0000] {subprocess.py:93} INFO - [0m13:20:16
[2024-11-05T13:20:16.064+0000] {subprocess.py:93} INFO - [0m13:20:16  1 of 15 START seed file person.address ......................................... [RUN]
[2024-11-05T13:20:16.066+0000] {subprocess.py:93} INFO - [0m13:20:16  2 of 15 START seed file person.countryregion ................................... [RUN]
[2024-11-05T13:20:16.068+0000] {subprocess.py:93} INFO - [0m13:20:16  3 of 15 START seed file sales.creditcard ....................................... [RUN]
[2024-11-05T13:20:16.070+0000] {subprocess.py:93} INFO - [0m13:20:16  4 of 15 START seed file sales.customer ......................................... [RUN]
[2024-11-05T13:20:16.073+0000] {subprocess.py:93} INFO - [0m13:20:16  5 of 15 START seed file date.date .............................................. [RUN]
[2024-11-05T13:20:16.076+0000] {subprocess.py:93} INFO - [0m13:20:16  6 of 15 START seed file person.person .......................................... [RUN]
[2024-11-05T13:20:16.077+0000] {subprocess.py:93} INFO - [0m13:20:16  7 of 15 START seed file production.product ..................................... [RUN]
[2024-11-05T13:20:16.079+0000] {subprocess.py:93} INFO - [0m13:20:16  8 of 15 START seed file production.productcategory ............................. [RUN]
[2024-11-05T13:20:16.080+0000] {subprocess.py:93} INFO - [0m13:20:16  9 of 15 START seed file production.productsubcategory .......................... [RUN]
[2024-11-05T13:20:16.082+0000] {subprocess.py:93} INFO - [0m13:20:16  10 of 15 START seed file sales.salesorderdetail ................................ [RUN]
[2024-11-05T13:20:16.083+0000] {subprocess.py:93} INFO - [0m13:20:16  11 of 15 START seed file sales.salesorderheader ................................ [RUN]
[2024-11-05T13:20:16.084+0000] {subprocess.py:93} INFO - [0m13:20:16  12 of 15 START seed file sales.salesorderheadersalesreason ..................... [RUN]
[2024-11-05T13:20:22.683+0000] {subprocess.py:93} INFO - [0m13:20:22  2 of 15 OK loaded seed file person.countryregion ............................... [[32mINSERT 238[0m in 6.04s]
[2024-11-05T13:20:23.636+0000] {subprocess.py:93} INFO - [0m13:20:23  8 of 15 OK loaded seed file production.productcategory ......................... [[32mINSERT 4[0m in 7.04s]
[2024-11-05T13:20:23.836+0000] {subprocess.py:93} INFO - [0m13:20:23  9 of 15 OK loaded seed file production.productsubcategory ...................... [[32mINSERT 37[0m in 7.37s]
[2024-11-05T13:20:24.336+0000] {subprocess.py:93} INFO - [0m13:20:24  13 of 15 START seed file sales.salesreason ..................................... [RUN]
[2024-11-05T13:20:25.240+0000] {subprocess.py:93} INFO - [0m13:20:25  14 of 15 START seed file person.stateprovince .................................. [RUN]
[2024-11-05T13:20:26.389+0000] {subprocess.py:93} INFO - [0m13:20:26  15 of 15 START seed file sales.store ........................................... [RUN]
[2024-11-05T13:20:29.011+0000] {subprocess.py:93} INFO - [0m13:20:29  5 of 15 OK loaded seed file date.date .......................................... [[32mINSERT 731[0m in 12.49s]
[2024-11-05T13:20:31.053+0000] {subprocess.py:93} INFO - [0m13:20:31  12 of 15 OK loaded seed file sales.salesorderheadersalesreason ................. [[32mINSERT 1710[0m in 13.98s]
[2024-11-05T13:20:32.885+0000] {subprocess.py:93} INFO - [0m13:20:32  7 of 15 OK loaded seed file production.product ................................. [[32mINSERT 504[0m in 16.22s]
[2024-11-05T13:20:33.634+0000] {subprocess.py:93} INFO - [0m13:20:33  1 of 15 OK loaded seed file person.address ..................................... [[32mINSERT 1675[0m in 17.11s]
[2024-11-05T13:20:35.679+0000] {subprocess.py:93} INFO - [0m13:20:35  13 of 15 OK loaded seed file sales.salesreason ................................. [[32mINSERT 10[0m in 10.42s]
[2024-11-05T13:20:36.951+0000] {subprocess.py:93} INFO - [0m13:20:36  14 of 15 OK loaded seed file person.stateprovince .............................. [[32mINSERT 181[0m in 10.63s]
[2024-11-05T13:20:37.145+0000] {subprocess.py:93} INFO - [0m13:20:37  6 of 15 OK loaded seed file person.person ...................................... [[32mINSERT 2057[0m in 20.75s]
[2024-11-05T13:20:37.262+0000] {subprocess.py:93} INFO - [0m13:20:37  15 of 15 OK loaded seed file sales.store ....................................... [[32mINSERT 701[0m in 9.85s]
[2024-11-05T13:20:41.730+0000] {subprocess.py:93} INFO - [0m13:20:41  11 of 15 OK loaded seed file sales.salesorderheader ............................ [[32mINSERT 1566[0m in 25.63s]
[2024-11-05T13:20:46.016+0000] {subprocess.py:93} INFO - [0m13:20:46  10 of 15 OK loaded seed file sales.salesorderdetail ............................ [[32mINSERT 5716[0m in 29.92s]
[2024-11-05T13:20:52.609+0000] {subprocess.py:93} INFO - [0m13:20:52  4 of 15 OK loaded seed file sales.customer ..................................... [[32mINSERT 19820[0m in 36.52s]
[2024-11-05T13:20:56.204+0000] {subprocess.py:93} INFO - [0m13:20:56  3 of 15 OK loaded seed file sales.creditcard ................................... [[32mINSERT 19118[0m in 40.13s]
[2024-11-05T13:20:56.224+0000] {subprocess.py:93} INFO - [0m13:20:56
[2024-11-05T13:20:56.225+0000] {subprocess.py:93} INFO - [0m13:20:56  Finished running 15 seeds in 0 hours 0 minutes and 40.38 seconds (40.38s).
[2024-11-05T13:20:56.294+0000] {subprocess.py:93} INFO - [0m13:20:56
[2024-11-05T13:20:56.295+0000] {subprocess.py:93} INFO - [0m13:20:56  [32mCompleted successfully[0m
[2024-11-05T13:20:56.296+0000] {subprocess.py:93} INFO - [0m13:20:56
[2024-11-05T13:20:56.298+0000] {subprocess.py:93} INFO - [0m13:20:56  Done. PASS=15 WARN=0 ERROR=0 SKIP=0 TOTAL=15
[2024-11-05T13:20:57.908+0000] {subprocess.py:97} INFO - Command exited with return code 0
[2024-11-05T13:20:57.937+0000] {taskinstance.py:340} INFO - ::group::Post task execution logs
[2024-11-05T13:20:57.937+0000] {taskinstance.py:352} INFO - Marking task as SUCCESS. dag_id=dbt_project_dag, task_id=dbt_seed, run_id=manual__2024-11-05T13:20:01.996135+00:00, execution_date=20241105T132001, start_date=20241105T132011, end_date=20241105T132057
[2024-11-05T13:20:57.988+0000] {local_task_job_runner.py:266} INFO - Task exited with return code 0
[2024-11-05T13:20:58.021+0000] {taskinstance.py:3900} INFO - 1 downstream tasks scheduled from follow-on schedule check
[2024-11-05T13:20:58.023+0000] {local_task_job_runner.py:245} INFO - ::endgroup::
