[2024-11-06T12:43:19.911+0000] {local_task_job_runner.py:123} INFO - ::group::Pre task execution logs
[2024-11-06T12:43:19.934+0000] {taskinstance.py:2612} INFO - Dependencies all met for dep_context=non-requeueable deps ti=<TaskInstance: dbt_project_with_ge_dag.dbt_docs_generate manual__2024-11-06T12:41:54.041214+00:00 [queued]>
[2024-11-06T12:43:19.948+0000] {taskinstance.py:2612} INFO - Dependencies all met for dep_context=requeueable deps ti=<TaskInstance: dbt_project_with_ge_dag.dbt_docs_generate manual__2024-11-06T12:41:54.041214+00:00 [queued]>
[2024-11-06T12:43:19.949+0000] {taskinstance.py:2865} INFO - Starting attempt 1 of 3
[2024-11-06T12:43:19.964+0000] {taskinstance.py:2888} INFO - Executing <Task(BashOperator): dbt_docs_generate> on 2024-11-06 12:41:54.041214+00:00
[2024-11-06T12:43:19.972+0000] {warnings.py:112} WARNING - /home/***/.local/lib/python3.12/site-packages/***/task/task_runner/standard_task_runner.py:70: DeprecationWarning: This process (pid=2857) is multi-threaded, use of fork() may lead to deadlocks in the child.
  pid = os.fork()

[2024-11-06T12:43:19.974+0000] {standard_task_runner.py:72} INFO - Started process 2858 to run task
[2024-11-06T12:43:19.975+0000] {standard_task_runner.py:104} INFO - Running: ['***', 'tasks', 'run', 'dbt_project_with_ge_dag', 'dbt_docs_generate', 'manual__2024-11-06T12:41:54.041214+00:00', '--job-id', '196', '--raw', '--subdir', 'DAGS_FOLDER/dbt_project_dag.py', '--cfg-path', '/tmp/tmp5jl02a1n']
[2024-11-06T12:43:19.976+0000] {standard_task_runner.py:105} INFO - Job 196: Subtask dbt_docs_generate
[2024-11-06T12:43:20.035+0000] {task_command.py:467} INFO - Running <TaskInstance: dbt_project_with_ge_dag.dbt_docs_generate manual__2024-11-06T12:41:54.041214+00:00 [running]> on host 9ecf534049e3
[2024-11-06T12:43:20.133+0000] {taskinstance.py:3131} INFO - Exporting env vars: AIRFLOW_CTX_DAG_OWNER='***' AIRFLOW_CTX_DAG_ID='dbt_project_with_ge_dag' AIRFLOW_CTX_TASK_ID='dbt_docs_generate' AIRFLOW_CTX_EXECUTION_DATE='2024-11-06T12:41:54.041214+00:00' AIRFLOW_CTX_TRY_NUMBER='1' AIRFLOW_CTX_DAG_RUN_ID='manual__2024-11-06T12:41:54.041214+00:00'
[2024-11-06T12:43:20.134+0000] {taskinstance.py:731} INFO - ::endgroup::
[2024-11-06T12:43:20.160+0000] {subprocess.py:63} INFO - Tmp dir root location: /tmp
[2024-11-06T12:43:20.161+0000] {subprocess.py:75} INFO - Running command: ['/usr/bin/bash', '-c', 'cd /opt/dbt && dbt docs generate']
[2024-11-06T12:43:20.173+0000] {subprocess.py:86} INFO - Output:
[2024-11-06T12:43:23.207+0000] {subprocess.py:93} INFO - [0m12:43:23  Running with dbt=1.8.2
[2024-11-06T12:43:23.553+0000] {subprocess.py:93} INFO - [0m12:43:23  Registered adapter: postgres=1.8.2
[2024-11-06T12:43:23.905+0000] {subprocess.py:93} INFO - [0m12:43:23  Found 8 models, 15 seeds, 42 data tests, 541 macros
[2024-11-06T12:43:23.911+0000] {subprocess.py:93} INFO - [0m12:43:23
[2024-11-06T12:43:24.101+0000] {subprocess.py:93} INFO - [0m12:43:24  Concurrency: 12 threads (target='postgres')
[2024-11-06T12:43:24.103+0000] {subprocess.py:93} INFO - [0m12:43:24
[2024-11-06T12:43:25.439+0000] {subprocess.py:93} INFO - [0m12:43:25  Building catalog
[2024-11-06T12:43:25.623+0000] {subprocess.py:93} INFO - [0m12:43:25  Catalog written to /opt/dbt/target/catalog.json
[2024-11-06T12:43:26.841+0000] {subprocess.py:97} INFO - Command exited with return code 0
[2024-11-06T12:43:26.872+0000] {taskinstance.py:340} INFO - ::group::Post task execution logs
[2024-11-06T12:43:26.873+0000] {taskinstance.py:352} INFO - Marking task as SUCCESS. dag_id=dbt_project_with_ge_dag, task_id=dbt_docs_generate, run_id=manual__2024-11-06T12:41:54.041214+00:00, execution_date=20241106T124154, start_date=20241106T124319, end_date=20241106T124326
[2024-11-06T12:43:26.934+0000] {local_task_job_runner.py:266} INFO - Task exited with return code 0
[2024-11-06T12:43:26.951+0000] {taskinstance.py:3900} INFO - 0 downstream tasks scheduled from follow-on schedule check
[2024-11-06T12:43:26.952+0000] {local_task_job_runner.py:245} INFO - ::endgroup::
