[2024-11-06T12:25:20.388+0000] {local_task_job_runner.py:123} INFO - ::group::Pre task execution logs
[2024-11-06T12:25:20.425+0000] {taskinstance.py:2612} INFO - Dependencies all met for dep_context=non-requeueable deps ti=<TaskInstance: dbt_project_with_ge_dag.dbt_run manual__2024-11-06T12:22:14.741260+00:00 [queued]>
[2024-11-06T12:25:20.441+0000] {taskinstance.py:2612} INFO - Dependencies all met for dep_context=requeueable deps ti=<TaskInstance: dbt_project_with_ge_dag.dbt_run manual__2024-11-06T12:22:14.741260+00:00 [queued]>
[2024-11-06T12:25:20.441+0000] {taskinstance.py:2865} INFO - Starting attempt 1 of 3
[2024-11-06T12:25:20.468+0000] {taskinstance.py:2888} INFO - Executing <Task(BashOperator): dbt_run> on 2024-11-06 12:22:14.741260+00:00
[2024-11-06T12:25:20.475+0000] {warnings.py:112} WARNING - /home/***/.local/lib/python3.12/site-packages/***/task/task_runner/standard_task_runner.py:70: DeprecationWarning: This process (pid=2499) is multi-threaded, use of fork() may lead to deadlocks in the child.
  pid = os.fork()

[2024-11-06T12:25:20.477+0000] {standard_task_runner.py:72} INFO - Started process 2500 to run task
[2024-11-06T12:25:20.478+0000] {standard_task_runner.py:104} INFO - Running: ['***', 'tasks', 'run', 'dbt_project_with_ge_dag', 'dbt_run', 'manual__2024-11-06T12:22:14.741260+00:00', '--job-id', '188', '--raw', '--subdir', 'DAGS_FOLDER/dbt_project_dag.py', '--cfg-path', '/tmp/tmptchq4tj2']
[2024-11-06T12:25:20.480+0000] {standard_task_runner.py:105} INFO - Job 188: Subtask dbt_run
[2024-11-06T12:25:20.548+0000] {task_command.py:467} INFO - Running <TaskInstance: dbt_project_with_ge_dag.dbt_run manual__2024-11-06T12:22:14.741260+00:00 [running]> on host 9ecf534049e3
[2024-11-06T12:25:20.665+0000] {taskinstance.py:3131} INFO - Exporting env vars: AIRFLOW_CTX_DAG_OWNER='***' AIRFLOW_CTX_DAG_ID='dbt_project_with_ge_dag' AIRFLOW_CTX_TASK_ID='dbt_run' AIRFLOW_CTX_EXECUTION_DATE='2024-11-06T12:22:14.741260+00:00' AIRFLOW_CTX_TRY_NUMBER='1' AIRFLOW_CTX_DAG_RUN_ID='manual__2024-11-06T12:22:14.741260+00:00'
[2024-11-06T12:25:20.667+0000] {taskinstance.py:731} INFO - ::endgroup::
[2024-11-06T12:25:20.692+0000] {subprocess.py:63} INFO - Tmp dir root location: /tmp
[2024-11-06T12:25:20.693+0000] {subprocess.py:75} INFO - Running command: ['/usr/bin/bash', '-c', 'cd /opt/dbt && dbt run']
[2024-11-06T12:25:20.707+0000] {subprocess.py:86} INFO - Output:
[2024-11-06T12:25:24.449+0000] {subprocess.py:93} INFO - [0m12:25:24  Running with dbt=1.8.2
[2024-11-06T12:25:24.860+0000] {subprocess.py:93} INFO - [0m12:25:24  Registered adapter: postgres=1.8.2
[2024-11-06T12:25:25.516+0000] {subprocess.py:93} INFO - [0m12:25:25  Found 8 models, 15 seeds, 42 data tests, 541 macros
[2024-11-06T12:25:25.522+0000] {subprocess.py:93} INFO - [0m12:25:25
[2024-11-06T12:25:25.777+0000] {subprocess.py:93} INFO - [0m12:25:25  Concurrency: 12 threads (target='postgres')
[2024-11-06T12:25:25.780+0000] {subprocess.py:93} INFO - [0m12:25:25
[2024-11-06T12:25:25.798+0000] {subprocess.py:93} INFO - [0m12:25:25  1 of 8 START sql table model marts.dim_address ................................. [RUN]
[2024-11-06T12:25:25.802+0000] {subprocess.py:93} INFO - [0m12:25:25  2 of 8 START sql table model marts.dim_credit_card ............................. [RUN]
[2024-11-06T12:25:25.803+0000] {subprocess.py:93} INFO - [0m12:25:25  3 of 8 START sql table model marts.dim_customer ................................ [RUN]
[2024-11-06T12:25:25.805+0000] {subprocess.py:93} INFO - [0m12:25:25  4 of 8 START sql table model marts.dim_date .................................... [RUN]
[2024-11-06T12:25:25.807+0000] {subprocess.py:93} INFO - [0m12:25:25  5 of 8 START sql table model marts.dim_order_status ............................ [RUN]
[2024-11-06T12:25:25.809+0000] {subprocess.py:93} INFO - [0m12:25:25  6 of 8 START sql table model marts.dim_product ................................. [RUN]
[2024-11-06T12:25:25.811+0000] {subprocess.py:93} INFO - [0m12:25:25  7 of 8 START sql table model marts.fct_sales ................................... [RUN]
[2024-11-06T12:25:26.549+0000] {subprocess.py:93} INFO - [0m12:25:26  1 of 8 OK created sql table model marts.dim_address ............................ [[32mSELECT 1675[0m in 0.72s]
[2024-11-06T12:25:26.555+0000] {subprocess.py:93} INFO - [0m12:25:26  4 of 8 OK created sql table model marts.dim_date ............................... [[32mSELECT 731[0m in 0.74s]
[2024-11-06T12:25:26.561+0000] {subprocess.py:93} INFO - [0m12:25:26  6 of 8 OK created sql table model marts.dim_product ............................ [[32mSELECT 504[0m in 0.73s]
[2024-11-06T12:25:26.563+0000] {subprocess.py:93} INFO - [0m12:25:26  3 of 8 OK created sql table model marts.dim_customer ........................... [[32mSELECT 19820[0m in 0.74s]
[2024-11-06T12:25:26.569+0000] {subprocess.py:93} INFO - [0m12:25:26  5 of 8 OK created sql table model marts.dim_order_status ....................... [[32mSELECT 1[0m in 0.74s]
[2024-11-06T12:25:26.571+0000] {subprocess.py:93} INFO - [0m12:25:26  2 of 8 OK created sql table model marts.dim_credit_card ........................ [[32mSELECT 1316[0m in 0.75s]
[2024-11-06T12:25:26.576+0000] {subprocess.py:93} INFO - [0m12:25:26  7 of 8 OK created sql table model marts.fct_sales .............................. [[32mSELECT 5675[0m in 0.75s]
[2024-11-06T12:25:26.584+0000] {subprocess.py:93} INFO - [0m12:25:26  8 of 8 START sql table model marts.obt_sales ................................... [RUN]
[2024-11-06T12:25:28.097+0000] {subprocess.py:93} INFO - [0m12:25:28  8 of 8 OK created sql table model marts.obt_sales .............................. [[32mSELECT 5675[0m in 1.51s]
[2024-11-06T12:25:28.120+0000] {subprocess.py:93} INFO - [0m12:25:28
[2024-11-06T12:25:28.121+0000] {subprocess.py:93} INFO - [0m12:25:28  Finished running 8 table models in 0 hours 0 minutes and 2.60 seconds (2.60s).
[2024-11-06T12:25:28.200+0000] {subprocess.py:93} INFO - [0m12:25:28
[2024-11-06T12:25:28.200+0000] {subprocess.py:93} INFO - [0m12:25:28  [32mCompleted successfully[0m
[2024-11-06T12:25:28.201+0000] {subprocess.py:93} INFO - [0m12:25:28
[2024-11-06T12:25:28.202+0000] {subprocess.py:93} INFO - [0m12:25:28  Done. PASS=8 WARN=0 ERROR=0 SKIP=0 TOTAL=8
[2024-11-06T12:25:29.630+0000] {subprocess.py:97} INFO - Command exited with return code 0
[2024-11-06T12:25:29.661+0000] {taskinstance.py:340} INFO - ::group::Post task execution logs
[2024-11-06T12:25:29.662+0000] {taskinstance.py:352} INFO - Marking task as SUCCESS. dag_id=dbt_project_with_ge_dag, task_id=dbt_run, run_id=manual__2024-11-06T12:22:14.741260+00:00, execution_date=20241106T122214, start_date=20241106T122520, end_date=20241106T122529
[2024-11-06T12:25:29.713+0000] {local_task_job_runner.py:266} INFO - Task exited with return code 0
[2024-11-06T12:25:29.742+0000] {taskinstance.py:3900} INFO - 1 downstream tasks scheduled from follow-on schedule check
[2024-11-06T12:25:29.744+0000] {local_task_job_runner.py:245} INFO - ::endgroup::
