[2024-11-06T12:06:02.052+0000] {local_task_job_runner.py:123} INFO - ::group::Pre task execution logs
[2024-11-06T12:06:02.090+0000] {taskinstance.py:2612} INFO - Dependencies all met for dep_context=non-requeueable deps ti=<TaskInstance: dbt_project_with_ge_dag.dbt_seed manual__2024-11-06T12:05:53.813585+00:00 [queued]>
[2024-11-06T12:06:02.106+0000] {taskinstance.py:2612} INFO - Dependencies all met for dep_context=requeueable deps ti=<TaskInstance: dbt_project_with_ge_dag.dbt_seed manual__2024-11-06T12:05:53.813585+00:00 [queued]>
[2024-11-06T12:06:02.107+0000] {taskinstance.py:2865} INFO - Starting attempt 1 of 3
[2024-11-06T12:06:02.133+0000] {taskinstance.py:2888} INFO - Executing <Task(BashOperator): dbt_seed> on 2024-11-06 12:05:53.813585+00:00
[2024-11-06T12:06:02.145+0000] {warnings.py:112} WARNING - /home/***/.local/lib/python3.12/site-packages/***/task/task_runner/standard_task_runner.py:70: DeprecationWarning: This process (pid=1920) is multi-threaded, use of fork() may lead to deadlocks in the child.
  pid = os.fork()

[2024-11-06T12:06:02.146+0000] {standard_task_runner.py:72} INFO - Started process 1921 to run task
[2024-11-06T12:06:02.150+0000] {standard_task_runner.py:104} INFO - Running: ['***', 'tasks', 'run', 'dbt_project_with_ge_dag', 'dbt_seed', 'manual__2024-11-06T12:05:53.813585+00:00', '--job-id', '169', '--raw', '--subdir', 'DAGS_FOLDER/dbt_project_dag.py', '--cfg-path', '/tmp/tmpw3hf10l1']
[2024-11-06T12:06:02.152+0000] {standard_task_runner.py:105} INFO - Job 169: Subtask dbt_seed
[2024-11-06T12:06:02.276+0000] {task_command.py:467} INFO - Running <TaskInstance: dbt_project_with_ge_dag.dbt_seed manual__2024-11-06T12:05:53.813585+00:00 [running]> on host 9ecf534049e3
[2024-11-06T12:06:02.391+0000] {taskinstance.py:3131} INFO - Exporting env vars: AIRFLOW_CTX_DAG_OWNER='***' AIRFLOW_CTX_DAG_ID='dbt_project_with_ge_dag' AIRFLOW_CTX_TASK_ID='dbt_seed' AIRFLOW_CTX_EXECUTION_DATE='2024-11-06T12:05:53.813585+00:00' AIRFLOW_CTX_TRY_NUMBER='1' AIRFLOW_CTX_DAG_RUN_ID='manual__2024-11-06T12:05:53.813585+00:00'
[2024-11-06T12:06:02.392+0000] {taskinstance.py:731} INFO - ::endgroup::
[2024-11-06T12:06:02.409+0000] {subprocess.py:63} INFO - Tmp dir root location: /tmp
[2024-11-06T12:06:02.410+0000] {subprocess.py:75} INFO - Running command: ['/usr/bin/bash', '-c', 'cd /opt/dbt && dbt seed']
[2024-11-06T12:06:02.420+0000] {subprocess.py:86} INFO - Output:
[2024-11-06T12:06:05.717+0000] {subprocess.py:93} INFO - [0m12:06:05  Running with dbt=1.8.2
[2024-11-06T12:06:06.084+0000] {subprocess.py:93} INFO - [0m12:06:06  Registered adapter: postgres=1.8.2
[2024-11-06T12:06:06.807+0000] {subprocess.py:93} INFO - [0m12:06:06  Found 8 models, 15 seeds, 42 data tests, 541 macros
[2024-11-06T12:06:06.829+0000] {subprocess.py:93} INFO - [0m12:06:06
[2024-11-06T12:06:07.264+0000] {subprocess.py:93} INFO - [0m12:06:07  Concurrency: 12 threads (target='postgres')
[2024-11-06T12:06:07.267+0000] {subprocess.py:93} INFO - [0m12:06:07
[2024-11-06T12:06:07.287+0000] {subprocess.py:93} INFO - [0m12:06:07  1 of 15 START seed file person.address ......................................... [RUN]
[2024-11-06T12:06:07.289+0000] {subprocess.py:93} INFO - [0m12:06:07  2 of 15 START seed file person.countryregion ................................... [RUN]
[2024-11-06T12:06:07.298+0000] {subprocess.py:93} INFO - [0m12:06:07  3 of 15 START seed file sales.creditcard ....................................... [RUN]
[2024-11-06T12:06:07.305+0000] {subprocess.py:93} INFO - [0m12:06:07  4 of 15 START seed file sales.customer ......................................... [RUN]
[2024-11-06T12:06:07.308+0000] {subprocess.py:93} INFO - [0m12:06:07  5 of 15 START seed file date.date .............................................. [RUN]
[2024-11-06T12:06:07.309+0000] {subprocess.py:93} INFO - [0m12:06:07  6 of 15 START seed file person.person .......................................... [RUN]
[2024-11-06T12:06:07.312+0000] {subprocess.py:93} INFO - [0m12:06:07  7 of 15 START seed file production.product ..................................... [RUN]
[2024-11-06T12:06:07.315+0000] {subprocess.py:93} INFO - [0m12:06:07  8 of 15 START seed file production.productcategory ............................. [RUN]
[2024-11-06T12:06:07.317+0000] {subprocess.py:93} INFO - [0m12:06:07  9 of 15 START seed file production.productsubcategory .......................... [RUN]
[2024-11-06T12:06:07.320+0000] {subprocess.py:93} INFO - [0m12:06:07  10 of 15 START seed file sales.salesorderdetail ................................ [RUN]
[2024-11-06T12:06:07.321+0000] {subprocess.py:93} INFO - [0m12:06:07  11 of 15 START seed file sales.salesorderheader ................................ [RUN]
[2024-11-06T12:06:07.323+0000] {subprocess.py:93} INFO - [0m12:06:07  12 of 15 START seed file sales.salesorderheadersalesreason ..................... [RUN]
[2024-11-06T12:06:13.003+0000] {subprocess.py:93} INFO - [0m12:06:13  2 of 15 OK loaded seed file person.countryregion ............................... [[32mINSERT 238[0m in 5.15s]
[2024-11-06T12:06:13.545+0000] {subprocess.py:93} INFO - [0m12:06:13  8 of 15 OK loaded seed file production.productcategory ......................... [[32mINSERT 4[0m in 5.89s]
[2024-11-06T12:06:13.814+0000] {subprocess.py:93} INFO - [0m12:06:13  9 of 15 OK loaded seed file production.productsubcategory ...................... [[32mINSERT 37[0m in 6.26s]
[2024-11-06T12:06:13.925+0000] {subprocess.py:93} INFO - [0m12:06:13  13 of 15 START seed file sales.salesreason ..................................... [RUN]
[2024-11-06T12:06:14.396+0000] {subprocess.py:93} INFO - [0m12:06:14  14 of 15 START seed file person.stateprovince .................................. [RUN]
[2024-11-06T12:06:14.878+0000] {subprocess.py:93} INFO - [0m12:06:14  15 of 15 START seed file sales.store ........................................... [RUN]
[2024-11-06T12:06:20.796+0000] {subprocess.py:93} INFO - [0m12:06:20  12 of 15 OK loaded seed file sales.salesorderheadersalesreason ................. [[32mINSERT 1710[0m in 13.24s]
[2024-11-06T12:06:21.586+0000] {subprocess.py:93} INFO - [0m12:06:21  5 of 15 OK loaded seed file date.date .......................................... [[32mINSERT 731[0m in 13.96s]
[2024-11-06T12:06:22.869+0000] {subprocess.py:93} INFO - [0m12:06:22  13 of 15 OK loaded seed file sales.salesreason ................................. [[32mINSERT 10[0m in 8.49s]
[2024-11-06T12:06:23.784+0000] {subprocess.py:93} INFO - [0m12:06:23  14 of 15 OK loaded seed file person.stateprovince .............................. [[32mINSERT 181[0m in 9.18s]
[2024-11-06T12:06:26.330+0000] {subprocess.py:93} INFO - [0m12:06:26  1 of 15 OK loaded seed file person.address ..................................... [[32mINSERT 1675[0m in 18.95s]
[2024-11-06T12:06:26.935+0000] {subprocess.py:93} INFO - [0m12:06:26  15 of 15 OK loaded seed file sales.store ....................................... [[32mINSERT 701[0m in 11.13s]
[2024-11-06T12:06:27.350+0000] {subprocess.py:93} INFO - [0m12:06:27  7 of 15 OK loaded seed file production.product ................................. [[32mINSERT 504[0m in 20.02s]
[2024-11-06T12:06:32.165+0000] {subprocess.py:93} INFO - [0m12:06:32  6 of 15 OK loaded seed file person.person ...................................... [[32mINSERT 2057[0m in 24.67s]
[2024-11-06T12:06:37.201+0000] {subprocess.py:93} INFO - [0m12:06:37  11 of 15 OK loaded seed file sales.salesorderheader ............................ [[32mINSERT 1566[0m in 29.83s]
[2024-11-06T12:06:43.567+0000] {subprocess.py:93} INFO - [0m12:06:43  10 of 15 OK loaded seed file sales.salesorderdetail ............................ [[32mINSERT 5716[0m in 36.22s]
[2024-11-06T12:06:50.260+0000] {subprocess.py:93} INFO - [0m12:06:50  4 of 15 OK loaded seed file sales.customer ..................................... [[32mINSERT 19820[0m in 42.93s]
[2024-11-06T12:06:53.804+0000] {subprocess.py:93} INFO - [0m12:06:53  3 of 15 OK loaded seed file sales.creditcard ................................... [[32mINSERT 19118[0m in 46.48s]
[2024-11-06T12:06:53.870+0000] {subprocess.py:93} INFO - [0m12:06:53
[2024-11-06T12:06:53.871+0000] {subprocess.py:93} INFO - [0m12:06:53  Finished running 15 seeds in 0 hours 0 minutes and 47.04 seconds (47.04s).
[2024-11-06T12:06:53.998+0000] {subprocess.py:93} INFO - [0m12:06:53
[2024-11-06T12:06:53.999+0000] {subprocess.py:93} INFO - [0m12:06:53  [32mCompleted successfully[0m
[2024-11-06T12:06:54.000+0000] {subprocess.py:93} INFO - [0m12:06:54
[2024-11-06T12:06:54.001+0000] {subprocess.py:93} INFO - [0m12:06:54  Done. PASS=15 WARN=0 ERROR=0 SKIP=0 TOTAL=15
[2024-11-06T12:06:55.425+0000] {subprocess.py:97} INFO - Command exited with return code 0
[2024-11-06T12:06:55.458+0000] {taskinstance.py:340} INFO - ::group::Post task execution logs
[2024-11-06T12:06:55.459+0000] {taskinstance.py:352} INFO - Marking task as SUCCESS. dag_id=dbt_project_with_ge_dag, task_id=dbt_seed, run_id=manual__2024-11-06T12:05:53.813585+00:00, execution_date=20241106T120553, start_date=20241106T120602, end_date=20241106T120655
[2024-11-06T12:06:55.508+0000] {local_task_job_runner.py:266} INFO - Task exited with return code 0
[2024-11-06T12:06:55.538+0000] {taskinstance.py:3900} INFO - 1 downstream tasks scheduled from follow-on schedule check
[2024-11-06T12:06:55.540+0000] {local_task_job_runner.py:245} INFO - ::endgroup::
